#
# There is insufficient memory for the Java Runtime Environment to continue.
# Native memory allocation (mmap) failed to map 161480704 bytes for G1 virtual space
# Possible reasons:
#   The system is out of physical RAM or swap space
#   The process is running with CompressedOops enabled, and the Java Heap may be blocking the growth of the native heap
# Possible solutions:
#   Reduce memory load on the system
#   Increase physical memory or swap space
#   Check if swap backing store is full
#   Decrease Java heap size (-Xmx/-Xms)
#   Decrease number of Java threads
#   Decrease Java thread stack sizes (-Xss)
#   Set larger code cache with -XX:ReservedCodeCacheSize=
#   JVM is running with Unscaled Compressed Oops mode in which the Java heap is
#     placed in the first 4GB address space. The Java Heap base address is the
#     maximum limit for the native heap growth. Please use -XX:HeapBaseMinAddress
#     to set the Java Heap base and to place the Java Heap above 4GB virtual address.
# This output file may be truncated or incomplete.
#
#  Out of Memory Error (os_windows.cpp:3769), pid=22832, tid=14500
#
# JRE version: OpenJDK Runtime Environment (17.0.6) (build 17.0.6+0-b2043.56-10027231)
# Java VM: OpenJDK 64-Bit Server VM (17.0.6+0-b2043.56-10027231, mixed mode, tiered, compressed oops, compressed class ptrs, g1 gc, windows-amd64)
# No core dump will be written. Minidumps are not enabled by default on client versions of Windows
#

---------------  S U M M A R Y ------------

Command Line: --add-opens=java.base/java.util=ALL-UNNAMED --add-opens=java.base/java.lang=ALL-UNNAMED --add-opens=java.base/java.lang.invoke=ALL-UNNAMED --add-opens=java.prefs/java.util.prefs=ALL-UNNAMED --add-opens=java.base/java.nio.charset=ALL-UNNAMED --add-opens=java.base/java.net=ALL-UNNAMED --add-opens=java.base/java.util.concurrent.atomic=ALL-UNNAMED -Xmx2048m -Dfile.encoding=UTF-8 -Duser.country=KR -Duser.language=ko -Duser.variant org.gradle.launcher.daemon.bootstrap.GradleDaemon 8.0

Host: Intel(R) Core(TM) i7-7700HQ CPU @ 2.80GHz, 8 cores, 7G,  Windows 10 , 64 bit Build 19041 (10.0.19041.3636)
Time: Wed Dec 13 06:39:10 2023  Windows 10 , 64 bit Build 19041 (10.0.19041.3636) elapsed time: 11.386646 seconds (0d 0h 0m 11s)

---------------  T H R E A D  ---------------

Current thread (0x0000021c1a454840):  VMThread "VM Thread" [stack: 0x00000032f7000000,0x00000032f7100000] [id=14500]

Stack: [0x00000032f7000000,0x00000032f7100000]
Native frames: (J=compiled Java code, j=interpreted, Vv=VM code, C=native code)
V  [jvm.dll+0x683c9a]
V  [jvm.dll+0x8427a4]
V  [jvm.dll+0x843f9e]
V  [jvm.dll+0x844603]
V  [jvm.dll+0x249b75]
V  [jvm.dll+0x680b69]
V  [jvm.dll+0x67505a]
V  [jvm.dll+0x309acb]
V  [jvm.dll+0x310f86]
V  [jvm.dll+0x3608ee]
V  [jvm.dll+0x360b1f]
V  [jvm.dll+0x2dfbf8]
V  [jvm.dll+0x2ddec4]
V  [jvm.dll+0x2dd4cc]
V  [jvm.dll+0x321f3b]
V  [jvm.dll+0x848ccb]
V  [jvm.dll+0x849a04]
V  [jvm.dll+0x849f1d]
V  [jvm.dll+0x84a2f4]
V  [jvm.dll+0x84a3c0]
V  [jvm.dll+0x7f274a]
V  [jvm.dll+0x682ad5]
C  [ucrtbase.dll+0x21bb2]
C  [KERNEL32.DLL+0x17344]
C  [ntdll.dll+0x526b1]

VM_Operation (0x00000032f88f6640): G1CollectForAllocation, mode: safepoint, requested by thread 0x0000021c1da405d0


---------------  P R O C E S S  ---------------

Threads class SMR info:
_java_thread_list=0x0000021c22917f80, length=126, elements={
0x0000021c7fd9aff0, 0x0000021c1a477620, 0x0000021c1b000680, 0x0000021c1a47c4c0,
0x0000021c1b024000, 0x0000021c1b024cd0, 0x0000021c1b02aaa0, 0x0000021c1b02b690,
0x0000021c1b02c040, 0x0000021c1b02d120, 0x0000021c1b1cd040, 0x0000021c1b1cd510,
0x0000021c1da3fc30, 0x0000021c1da40f70, 0x0000021c1da40100, 0x0000021c1d59b8c0,
0x0000021c1da41440, 0x0000021c1da3edc0, 0x0000021c1da40aa0, 0x0000021c1da405d0,
0x0000021c1da41910, 0x0000021c1da3e420, 0x0000021c1da41de0, 0x0000021c1da3e8f0,
0x0000021c1da3f290, 0x0000021c1da3f760, 0x0000021c206cdb00, 0x0000021c206cf310,
0x0000021c206cfcb0, 0x0000021c206cdfd0, 0x0000021c206d5350, 0x0000021c206d14c0,
0x0000021c206d1e60, 0x0000021c206ce4a0, 0x0000021c206d2330, 0x0000021c206ce970,
0x0000021c206d2cd0, 0x0000021c206cee40, 0x0000021c206d0ff0, 0x0000021c206d44e0,
0x0000021c206d3b40, 0x0000021c206d0180, 0x0000021c206d1990, 0x0000021c206d2800,
0x0000021c206d0650, 0x0000021c206d31a0, 0x0000021c206d3670, 0x0000021c206d49b0,
0x0000021c206d4e80, 0x0000021c1ee627f0, 0x0000021c1ee5e960, 0x0000021c1ee5d150,
0x0000021c1ee63660, 0x0000021c1ee5fca0, 0x0000021c1ee62cc0, 0x0000021c1ee644d0,
0x0000021c1ee5dfc0, 0x0000021c1ee61e50, 0x0000021c1ee5d620, 0x0000021c1ee60170,
0x0000021c1ee5f300, 0x0000021c1ee63190, 0x0000021c1ee60b10, 0x0000021c1ee614b0,
0x0000021c1ee5e490, 0x0000021c1ee5f7d0, 0x0000021c1ee5daf0, 0x0000021c1ee5ee30,
0x0000021c1ee60640, 0x0000021c1ee60fe0, 0x0000021c1ee61980, 0x0000021c1ee62320,
0x0000021c1ee63b30, 0x0000021c1ee64000, 0x0000021c1ee649a0, 0x0000021c1ec4b9c0,
0x0000021c1ec4b020, 0x0000021c1ec4c830, 0x0000021c1ec4c360, 0x0000021c1ec4b4f0,
0x0000021c1ec4e9e0, 0x0000021c1ec4be90, 0x0000021c1ec4cd00, 0x0000021c1ec4d1d0,
0x0000021c1ec4db70, 0x0000021c1ec4d6a0, 0x0000021c1ec4e040, 0x0000021c1ec4e510,
0x0000021c1e7393a0, 0x0000021c1e73e570, 0x0000021c1e73abb0, 0x0000021c1e738060,
0x0000021c1e73dbd0, 0x0000021c1e73ef10, 0x0000021c1e73e0a0, 0x0000021c1e73f8b0,
0x0000021c1e73cd60, 0x0000021c1e73bef0, 0x0000021c1e738530, 0x0000021c1e73c3c0,
0x0000021c1e73ba20, 0x0000021c1e73ea40, 0x0000021c1e73b550, 0x0000021c1e738a00,
0x0000021c1e73f3e0, 0x0000021c1e73d700, 0x0000021c1e738ed0, 0x0000021c1e739870,
0x0000021c1e73b080, 0x0000021c1e739d40, 0x0000021c1e73c890, 0x0000021c1e73d230,
0x0000021c1e73a210, 0x0000021c1e73a6e0, 0x0000021c1ee694c0, 0x0000021c1ee67310,
0x0000021c1ee6bb40, 0x0000021c1ee68650, 0x0000021c1ee6a800, 0x0000021c1ee6dcf0,
0x0000021c1ee69990, 0x0000021c1ee66970, 0x0000021c1ee6e1c0, 0x0000021c1ee6acd0,
0x0000021c1ee6d820, 0x0000021c1ee66e40
}

Java Threads: ( => current thread )
  0x0000021c7fd9aff0 JavaThread "main" [_thread_blocked, id=13064, stack(0x00000032f6a00000,0x00000032f6b00000)]
  0x0000021c1a477620 JavaThread "Reference Handler" daemon [_thread_blocked, id=20668, stack(0x00000032f7100000,0x00000032f7200000)]
  0x0000021c1b000680 JavaThread "Finalizer" daemon [_thread_blocked, id=20224, stack(0x00000032f7200000,0x00000032f7300000)]
  0x0000021c1a47c4c0 JavaThread "Signal Dispatcher" daemon [_thread_blocked, id=10560, stack(0x00000032f7300000,0x00000032f7400000)]
  0x0000021c1b024000 JavaThread "Attach Listener" daemon [_thread_blocked, id=15720, stack(0x00000032f7400000,0x00000032f7500000)]
  0x0000021c1b024cd0 JavaThread "Service Thread" daemon [_thread_blocked, id=23036, stack(0x00000032f7500000,0x00000032f7600000)]
  0x0000021c1b02aaa0 JavaThread "Monitor Deflation Thread" daemon [_thread_blocked, id=24816, stack(0x00000032f7600000,0x00000032f7700000)]
  0x0000021c1b02b690 JavaThread "C2 CompilerThread0" daemon [_thread_in_native, id=29328, stack(0x00000032f7700000,0x00000032f7800000)]
  0x0000021c1b02c040 JavaThread "C1 CompilerThread0" daemon [_thread_blocked, id=18120, stack(0x00000032f7800000,0x00000032f7900000)]
  0x0000021c1b02d120 JavaThread "Sweeper thread" daemon [_thread_blocked, id=18888, stack(0x00000032f7900000,0x00000032f7a00000)]
  0x0000021c1b1cd040 JavaThread "Common-Cleaner" daemon [_thread_blocked, id=15664, stack(0x00000032f7a00000,0x00000032f7b00000)]
  0x0000021c1b1cd510 JavaThread "Notification Thread" daemon [_thread_blocked, id=24500, stack(0x00000032f7b00000,0x00000032f7c00000)]
  0x0000021c1da3fc30 JavaThread "Daemon health stats" [_thread_blocked, id=21492, stack(0x00000032f8300000,0x00000032f8400000)]
  0x0000021c1da40f70 JavaThread "Incoming local TCP Connector on port 8810" [_thread_in_native, id=26980, stack(0x00000032f7d00000,0x00000032f7e00000)]
  0x0000021c1da40100 JavaThread "Daemon periodic checks" [_thread_blocked, id=10128, stack(0x00000032f8200000,0x00000032f8300000)]
  0x0000021c1d59b8c0 JavaThread "C2 CompilerThread1" daemon [_thread_blocked, id=23172, stack(0x00000032f8400000,0x00000032f8500000)]
  0x0000021c1da41440 JavaThread "Daemon" [_thread_blocked, id=3488, stack(0x00000032f8500000,0x00000032f8600000)]
  0x0000021c1da3edc0 JavaThread "Handler for socket connection from /127.0.0.1:8810 to /127.0.0.1:8811" [_thread_in_native, id=26128, stack(0x00000032f8600000,0x00000032f8700000)]
  0x0000021c1da40aa0 JavaThread "Cancel handler" [_thread_blocked, id=21048, stack(0x00000032f8700000,0x00000032f8800000)]
  0x0000021c1da405d0 JavaThread "Daemon worker" [_thread_blocked, id=24376, stack(0x00000032f8800000,0x00000032f8900000)]
  0x0000021c1da41910 JavaThread "Asynchronous log dispatcher for DefaultDaemonConnection: socket connection from /127.0.0.1:8810 to /127.0.0.1:8811" [_thread_blocked, id=12644, stack(0x00000032f8900000,0x00000032f8a00000)]
  0x0000021c1da3e420 JavaThread "Stdin handler" [_thread_blocked, id=22840, stack(0x00000032f8a00000,0x00000032f8b00000)]
  0x0000021c1da41de0 JavaThread "Daemon client event forwarder" [_thread_blocked, id=2728, stack(0x00000032f8b00000,0x00000032f8c00000)]
  0x0000021c1da3e8f0 JavaThread "Cache worker for journal cache (C:\Users\jupi0\.gradle\caches\journal-1)" [_thread_blocked, id=29436, stack(0x00000032f9000000,0x00000032f9100000)]
  0x0000021c1da3f290 JavaThread "File lock request listener" [_thread_in_native, id=10956, stack(0x00000032f9100000,0x00000032f9200000)]
  0x0000021c1da3f760 JavaThread "Cache worker for file hash cache (C:\Users\jupi0\.gradle\caches\8.0\fileHashes)" [_thread_blocked, id=2196, stack(0x00000032f9200000,0x00000032f9300000)]
  0x0000021c206cdb00 JavaThread "File watcher server" daemon [_thread_in_native, id=10520, stack(0x00000032f9400000,0x00000032f9500000)]
  0x0000021c206cf310 JavaThread "File watcher consumer" daemon [_thread_blocked, id=15748, stack(0x00000032f9500000,0x00000032f9600000)]
  0x0000021c206cfcb0 JavaThread "Cache worker for checksums cache (C:\Users\jupi0\AndroidStudioProjects\Capstone_2\.gradle\8.0\checksums)" [_thread_blocked, id=20884, stack(0x00000032f9600000,0x00000032f9700000)]
  0x0000021c206cdfd0 JavaThread "Cache worker for cache directory md-rule (C:\Users\jupi0\.gradle\caches\8.0\md-rule)" [_thread_blocked, id=7696, stack(0x00000032f9700000,0x00000032f9800000)]
  0x0000021c206d5350 JavaThread "Cache worker for file content cache (C:\Users\jupi0\.gradle\caches\8.0\fileContent)" [_thread_blocked, id=12844, stack(0x00000032f9800000,0x00000032f9900000)]
  0x0000021c206d14c0 JavaThread "Cache worker for file hash cache (C:\Users\jupi0\AndroidStudioProjects\Capstone_2\.gradle\8.0\fileHashes)" [_thread_blocked, id=26876, stack(0x00000032f9900000,0x00000032f9a00000)]
  0x0000021c206d1e60 JavaThread "Cache worker for cache directory md-supplier (C:\Users\jupi0\.gradle\caches\8.0\md-supplier)" [_thread_blocked, id=16092, stack(0x00000032f9a00000,0x00000032f9b00000)]
  0x0000021c206ce4a0 JavaThread "Cache worker for execution history cache (C:\Users\jupi0\.gradle\caches\8.0\executionHistory)" [_thread_blocked, id=8932, stack(0x00000032f9300000,0x00000032f9400000)]
  0x0000021c206d2330 JavaThread "jar transforms" [_thread_blocked, id=27728, stack(0x00000032f9b00000,0x00000032f9c00000)]
  0x0000021c206ce970 JavaThread "jar transforms Thread 2" [_thread_blocked, id=26804, stack(0x00000032f9c00000,0x00000032f9d00000)]
  0x0000021c206d2cd0 JavaThread "jar transforms Thread 3" [_thread_blocked, id=18968, stack(0x00000032f9f00000,0x00000032fa000000)]
  0x0000021c206cee40 JavaThread "jar transforms Thread 4" [_thread_blocked, id=8560, stack(0x00000032fa000000,0x00000032fa100000)]
  0x0000021c206d0ff0 JavaThread "Cache worker for dependencies-accessors (C:\Users\jupi0\AndroidStudioProjects\Capstone_2\.gradle\8.0\dependencies-accessors)" [_thread_blocked, id=4864, stack(0x00000032fa100000,0x00000032fa200000)]
  0x0000021c206d44e0 JavaThread "jar transforms Thread 5" [_thread_blocked, id=2824, stack(0x00000032fa200000,0x00000032fa300000)]
  0x0000021c206d3b40 JavaThread "Cache worker for Build Output Cleanup Cache (C:\Users\jupi0\AndroidStudioProjects\Capstone_2\.gradle\buildOutputCleanup)" [_thread_blocked, id=14308, stack(0x00000032fa300000,0x00000032fa400000)]
  0x0000021c206d0180 JavaThread "Unconstrained build operations" [_thread_blocked, id=9300, stack(0x00000032fa400000,0x00000032fa500000)]
  0x0000021c206d1990 JavaThread "Unconstrained build operations Thread 2" [_thread_blocked, id=13556, stack(0x00000032fa500000,0x00000032fa600000)]
  0x0000021c206d2800 JavaThread "Unconstrained build operations Thread 3" [_thread_blocked, id=16592, stack(0x00000032fa600000,0x00000032fa700000)]
  0x0000021c206d0650 JavaThread "Unconstrained build operations Thread 4" [_thread_blocked, id=27056, stack(0x00000032fa700000,0x00000032fa800000)]
  0x0000021c206d31a0 JavaThread "Unconstrained build operations Thread 5" [_thread_blocked, id=19288, stack(0x00000032fa800000,0x00000032fa900000)]
  0x0000021c206d3670 JavaThread "Unconstrained build operations Thread 6" [_thread_blocked, id=2860, stack(0x00000032fa900000,0x00000032faa00000)]
  0x0000021c206d49b0 JavaThread "Unconstrained build operations Thread 7" [_thread_blocked, id=25248, stack(0x00000032faa00000,0x00000032fab00000)]
  0x0000021c206d4e80 JavaThread "Unconstrained build operations Thread 8" [_thread_blocked, id=20340, stack(0x00000032fab00000,0x00000032fac00000)]
  0x0000021c1ee627f0 JavaThread "Unconstrained build operations Thread 9" [_thread_blocked, id=16972, stack(0x00000032fac00000,0x00000032fad00000)]
  0x0000021c1ee5e960 JavaThread "Unconstrained build operations Thread 10" [_thread_blocked, id=12284, stack(0x00000032fad00000,0x00000032fae00000)]
  0x0000021c1ee5d150 JavaThread "Unconstrained build operations Thread 11" [_thread_blocked, id=3920, stack(0x00000032fae00000,0x00000032faf00000)]
  0x0000021c1ee63660 JavaThread "Unconstrained build operations Thread 12" [_thread_blocked, id=27772, stack(0x00000032faf00000,0x00000032fb000000)]
  0x0000021c1ee5fca0 JavaThread "Unconstrained build operations Thread 13" [_thread_blocked, id=22412, stack(0x00000032fb000000,0x00000032fb100000)]
  0x0000021c1ee62cc0 JavaThread "Unconstrained build operations Thread 14" [_thread_blocked, id=28536, stack(0x00000032fb100000,0x00000032fb200000)]
  0x0000021c1ee644d0 JavaThread "Unconstrained build operations Thread 15" [_thread_blocked, id=10200, stack(0x00000032fb200000,0x00000032fb300000)]
  0x0000021c1ee5dfc0 JavaThread "Unconstrained build operations Thread 16" [_thread_blocked, id=24908, stack(0x00000032fb300000,0x00000032fb400000)]
  0x0000021c1ee61e50 JavaThread "Unconstrained build operations Thread 17" [_thread_blocked, id=26944, stack(0x00000032fb400000,0x00000032fb500000)]
  0x0000021c1ee5d620 JavaThread "Unconstrained build operations Thread 18" [_thread_blocked, id=14944, stack(0x00000032fb500000,0x00000032fb600000)]
  0x0000021c1ee60170 JavaThread "Unconstrained build operations Thread 19" [_thread_blocked, id=16012, stack(0x00000032fb600000,0x00000032fb700000)]
  0x0000021c1ee5f300 JavaThread "Unconstrained build operations Thread 20" [_thread_blocked, id=2588, stack(0x00000032fb700000,0x00000032fb800000)]
  0x0000021c1ee63190 JavaThread "Unconstrained build operations Thread 21" [_thread_blocked, id=11424, stack(0x00000032fb800000,0x00000032fb900000)]
  0x0000021c1ee60b10 JavaThread "Unconstrained build operations Thread 22" [_thread_blocked, id=7528, stack(0x00000032fb900000,0x00000032fba00000)]
  0x0000021c1ee614b0 JavaThread "Unconstrained build operations Thread 23" [_thread_blocked, id=23052, stack(0x00000032fba00000,0x00000032fbb00000)]
  0x0000021c1ee5e490 JavaThread "Unconstrained build operations Thread 24" [_thread_blocked, id=24192, stack(0x00000032fbb00000,0x00000032fbc00000)]
  0x0000021c1ee5f7d0 JavaThread "Unconstrained build operations Thread 25" [_thread_blocked, id=21600, stack(0x00000032fbc00000,0x00000032fbd00000)]
  0x0000021c1ee5daf0 JavaThread "Unconstrained build operations Thread 26" [_thread_blocked, id=18340, stack(0x00000032fbd00000,0x00000032fbe00000)]
  0x0000021c1ee5ee30 JavaThread "Unconstrained build operations Thread 27" [_thread_blocked, id=26652, stack(0x00000032fbe00000,0x00000032fbf00000)]
  0x0000021c1ee60640 JavaThread "Unconstrained build operations Thread 28" [_thread_blocked, id=1200, stack(0x00000032fbf00000,0x00000032fc000000)]
  0x0000021c1ee60fe0 JavaThread "Unconstrained build operations Thread 29" [_thread_blocked, id=24704, stack(0x00000032fc000000,0x00000032fc100000)]
  0x0000021c1ee61980 JavaThread "Unconstrained build operations Thread 30" [_thread_blocked, id=26332, stack(0x00000032fc100000,0x00000032fc200000)]
  0x0000021c1ee62320 JavaThread "Unconstrained build operations Thread 31" [_thread_blocked, id=3500, stack(0x00000032fc200000,0x00000032fc300000)]
  0x0000021c1ee63b30 JavaThread "Unconstrained build operations Thread 32" [_thread_blocked, id=13948, stack(0x00000032fc300000,0x00000032fc400000)]
  0x0000021c1ee64000 JavaThread "Unconstrained build operations Thread 33" [_thread_blocked, id=10948, stack(0x00000032fc400000,0x00000032fc500000)]
  0x0000021c1ee649a0 JavaThread "Unconstrained build operations Thread 34" [_thread_blocked, id=22960, stack(0x00000032fc500000,0x00000032fc600000)]
  0x0000021c1ec4b9c0 JavaThread "Unconstrained build operations Thread 35" [_thread_blocked, id=18124, stack(0x00000032fc600000,0x00000032fc700000)]
  0x0000021c1ec4b020 JavaThread "Unconstrained build operations Thread 36" [_thread_blocked, id=23072, stack(0x00000032fc700000,0x00000032fc800000)]
  0x0000021c1ec4c830 JavaThread "Unconstrained build operations Thread 37" [_thread_blocked, id=21016, stack(0x00000032fc800000,0x00000032fc900000)]
  0x0000021c1ec4c360 JavaThread "Unconstrained build operations Thread 38" [_thread_blocked, id=10752, stack(0x00000032fc900000,0x00000032fca00000)]
  0x0000021c1ec4b4f0 JavaThread "Unconstrained build operations Thread 39" [_thread_blocked, id=4268, stack(0x00000032fca00000,0x00000032fcb00000)]
  0x0000021c1ec4e9e0 JavaThread "Unconstrained build operations Thread 40" [_thread_blocked, id=28800, stack(0x00000032fcb00000,0x00000032fcc00000)]
  0x0000021c1ec4be90 JavaThread "Unconstrained build operations Thread 41" [_thread_blocked, id=28860, stack(0x00000032fcc00000,0x00000032fcd00000)]
  0x0000021c1ec4cd00 JavaThread "Unconstrained build operations Thread 42" [_thread_blocked, id=19652, stack(0x00000032fcd00000,0x00000032fce00000)]
  0x0000021c1ec4d1d0 JavaThread "Unconstrained build operations Thread 43" [_thread_blocked, id=28864, stack(0x00000032fce00000,0x00000032fcf00000)]
  0x0000021c1ec4db70 JavaThread "Unconstrained build operations Thread 44" [_thread_blocked, id=25008, stack(0x00000032fcf00000,0x00000032fd000000)]
  0x0000021c1ec4d6a0 JavaThread "Unconstrained build operations Thread 45" [_thread_blocked, id=25616, stack(0x00000032fd000000,0x00000032fd100000)]
  0x0000021c1ec4e040 JavaThread "Unconstrained build operations Thread 46" [_thread_blocked, id=14028, stack(0x00000032fd100000,0x00000032fd200000)]
  0x0000021c1ec4e510 JavaThread "Unconstrained build operations Thread 47" [_thread_blocked, id=21404, stack(0x00000032fd200000,0x00000032fd300000)]
  0x0000021c1e7393a0 JavaThread "Unconstrained build operations Thread 48" [_thread_blocked, id=3844, stack(0x00000032fd300000,0x00000032fd400000)]
  0x0000021c1e73e570 JavaThread "Unconstrained build operations Thread 49" [_thread_blocked, id=8520, stack(0x00000032fd400000,0x00000032fd500000)]
  0x0000021c1e73abb0 JavaThread "Unconstrained build operations Thread 50" [_thread_blocked, id=27200, stack(0x00000032fd500000,0x00000032fd600000)]
  0x0000021c1e738060 JavaThread "Unconstrained build operations Thread 51" [_thread_blocked, id=13524, stack(0x00000032fd600000,0x00000032fd700000)]
  0x0000021c1e73dbd0 JavaThread "Unconstrained build operations Thread 52" [_thread_blocked, id=13860, stack(0x00000032fd700000,0x00000032fd800000)]
  0x0000021c1e73ef10 JavaThread "Unconstrained build operations Thread 53" [_thread_blocked, id=11420, stack(0x00000032fd800000,0x00000032fd900000)]
  0x0000021c1e73e0a0 JavaThread "Unconstrained build operations Thread 54" [_thread_blocked, id=22556, stack(0x00000032fd900000,0x00000032fda00000)]
  0x0000021c1e73f8b0 JavaThread "Unconstrained build operations Thread 55" [_thread_blocked, id=18064, stack(0x00000032fda00000,0x00000032fdb00000)]
  0x0000021c1e73cd60 JavaThread "Unconstrained build operations Thread 56" [_thread_blocked, id=18444, stack(0x00000032fdb00000,0x00000032fdc00000)]
  0x0000021c1e73bef0 JavaThread "Unconstrained build operations Thread 57" [_thread_blocked, id=12576, stack(0x00000032fdc00000,0x00000032fdd00000)]
  0x0000021c1e738530 JavaThread "Unconstrained build operations Thread 58" [_thread_blocked, id=18384, stack(0x00000032fdd00000,0x00000032fde00000)]
  0x0000021c1e73c3c0 JavaThread "Unconstrained build operations Thread 59" [_thread_blocked, id=12508, stack(0x00000032fde00000,0x00000032fdf00000)]
  0x0000021c1e73ba20 JavaThread "Unconstrained build operations Thread 60" [_thread_blocked, id=8588, stack(0x00000032fdf00000,0x00000032fe000000)]
  0x0000021c1e73ea40 JavaThread "Unconstrained build operations Thread 61" [_thread_blocked, id=7228, stack(0x00000032fe000000,0x00000032fe100000)]
  0x0000021c1e73b550 JavaThread "Unconstrained build operations Thread 62" [_thread_blocked, id=13308, stack(0x00000032fe100000,0x00000032fe200000)]
  0x0000021c1e738a00 JavaThread "Unconstrained build operations Thread 63" [_thread_blocked, id=27264, stack(0x00000032fe200000,0x00000032fe300000)]
  0x0000021c1e73f3e0 JavaThread "Unconstrained build operations Thread 64" [_thread_blocked, id=10716, stack(0x00000032fe300000,0x00000032fe400000)]
  0x0000021c1e73d700 JavaThread "Unconstrained build operations Thread 65" [_thread_blocked, id=5516, stack(0x00000032fe400000,0x00000032fe500000)]
  0x0000021c1e738ed0 JavaThread "Unconstrained build operations Thread 66" [_thread_blocked, id=26896, stack(0x00000032fe500000,0x00000032fe600000)]
  0x0000021c1e739870 JavaThread "Unconstrained build operations Thread 67" [_thread_blocked, id=27612, stack(0x00000032fe600000,0x00000032fe700000)]
  0x0000021c1e73b080 JavaThread "Unconstrained build operations Thread 68" [_thread_blocked, id=25484, stack(0x00000032fe700000,0x00000032fe800000)]
  0x0000021c1e739d40 JavaThread "Unconstrained build operations Thread 69" [_thread_blocked, id=24972, stack(0x00000032fe800000,0x00000032fe900000)]
  0x0000021c1e73c890 JavaThread "Unconstrained build operations Thread 70" [_thread_blocked, id=22892, stack(0x00000032fe900000,0x00000032fea00000)]
  0x0000021c1e73d230 JavaThread "Unconstrained build operations Thread 71" [_thread_blocked, id=17256, stack(0x00000032fea00000,0x00000032feb00000)]
  0x0000021c1e73a210 JavaThread "Unconstrained build operations Thread 72" [_thread_blocked, id=268, stack(0x00000032feb00000,0x00000032fec00000)]
  0x0000021c1e73a6e0 JavaThread "Unconstrained build operations Thread 73" [_thread_blocked, id=16004, stack(0x00000032fec00000,0x00000032fed00000)]
  0x0000021c1ee694c0 JavaThread "Unconstrained build operations Thread 74" [_thread_blocked, id=9320, stack(0x00000032fed00000,0x00000032fee00000)]
  0x0000021c1ee67310 JavaThread "Unconstrained build operations Thread 75" [_thread_blocked, id=1660, stack(0x00000032fee00000,0x00000032fef00000)]
  0x0000021c1ee6bb40 JavaThread "Unconstrained build operations Thread 76" [_thread_blocked, id=3080, stack(0x00000032fef00000,0x00000032ff000000)]
  0x0000021c1ee68650 JavaThread "Unconstrained build operations Thread 77" [_thread_blocked, id=3528, stack(0x00000032ff000000,0x00000032ff100000)]
  0x0000021c1ee6a800 JavaThread "Unconstrained build operations Thread 78" [_thread_blocked, id=27076, stack(0x00000032ff100000,0x00000032ff200000)]
  0x0000021c1ee6dcf0 JavaThread "Unconstrained build operations Thread 79" [_thread_blocked, id=13612, stack(0x00000032ff200000,0x00000032ff300000)]
  0x0000021c1ee69990 JavaThread "Unconstrained build operations Thread 80" [_thread_blocked, id=15284, stack(0x00000032ff300000,0x00000032ff400000)]
  0x0000021c1ee66970 JavaThread "jar transforms Thread 6" [_thread_blocked, id=22588, stack(0x00000032ff400000,0x00000032ff500000)]
  0x0000021c1ee6e1c0 JavaThread "jar transforms Thread 7" [_thread_blocked, id=26392, stack(0x00000032ff500000,0x00000032ff600000)]
  0x0000021c1ee6acd0 JavaThread "jar transforms Thread 8" [_thread_blocked, id=11992, stack(0x00000032ff600000,0x00000032ff700000)]
  0x0000021c1ee6d820 JavaThread "build event listener" [_thread_blocked, id=26752, stack(0x00000032ff700000,0x00000032ff800000)]
  0x0000021c1ee66e40 JavaThread "Memory manager" [_thread_blocked, id=18252, stack(0x00000032ff800000,0x00000032ff900000)]

Other Threads:
=>0x0000021c1a454840 VMThread "VM Thread" [stack: 0x00000032f7000000,0x00000032f7100000] [id=14500]
  0x0000021c7fe1c8e0 WatcherThread [stack: 0x00000032f7c00000,0x00000032f7d00000] [id=20788]
  0x0000021c7fdfb0d0 GCTaskThread "GC Thread#0" [stack: 0x00000032f6b00000,0x00000032f6c00000] [id=17828]
  0x0000021c1c1afc50 GCTaskThread "GC Thread#1" [stack: 0x00000032f7e00000,0x00000032f7f00000] [id=23364]
  0x0000021c1b91e320 GCTaskThread "GC Thread#2" [stack: 0x00000032f7f00000,0x00000032f8000000] [id=8996]
  0x0000021c1bf103b0 GCTaskThread "GC Thread#3" [stack: 0x00000032f8000000,0x00000032f8100000] [id=26776]
  0x0000021c1c44d510 GCTaskThread "GC Thread#4" [stack: 0x00000032f8100000,0x00000032f8200000] [id=24968]
  0x0000021c1b4bc2e0 GCTaskThread "GC Thread#5" [stack: 0x00000032f8c00000,0x00000032f8d00000] [id=15188]
  0x0000021c1b4bc590 GCTaskThread "GC Thread#6" [stack: 0x00000032f8d00000,0x00000032f8e00000] [id=11004]
  0x0000021c1d8ac0e0 GCTaskThread "GC Thread#7" [stack: 0x00000032f8e00000,0x00000032f8f00000] [id=16124]
  0x0000021c7fe0bf20 ConcurrentGCThread "G1 Main Marker" [stack: 0x00000032f6c00000,0x00000032f6d00000] [id=13952]
  0x0000021c7fe0cfe0 ConcurrentGCThread "G1 Conc#0" [stack: 0x00000032f6d00000,0x00000032f6e00000] [id=4500]
  0x0000021c1d469e20 ConcurrentGCThread "G1 Conc#1" [stack: 0x00000032f8f00000,0x00000032f9000000] [id=25780]
  0x0000021c7fe652e0 ConcurrentGCThread "G1 Refine#0" [stack: 0x00000032f6e00000,0x00000032f6f00000] [id=7848]
  0x0000021c1ddba1c0 ConcurrentGCThread "G1 Refine#1" [stack: 0x00000032f9e00000,0x00000032f9f00000] [id=20828]
  0x0000021c1ee7c0a0 ConcurrentGCThread "G1 Refine#2" [stack: 0x00000032ff900000,0x00000032ffa00000] [id=26312]
  0x0000021c7fe65c10 ConcurrentGCThread "G1 Service" [stack: 0x00000032f6f00000,0x00000032f7000000] [id=25356]

Threads with active compile tasks:
C2 CompilerThread0    11446 6849       4       org.gradle.internal.instantiation.generator.AbstractClassGenerator::inspectType (560 bytes)

VM state: at safepoint (normal execution)

VM Mutex/Monitor currently owned by a thread:  ([mutex/lock_event])
[0x0000021c7fd96f10] Threads_lock - owner thread: 0x0000021c1a454840
[0x0000021c7fd962b0] Heap_lock - owner thread: 0x0000021c1da405d0

Heap address: 0x0000000080000000, size: 2048 MB, Compressed Oops mode: 32-bit

CDS archive(s) not mapped
Compressed class space mapped at: 0x0000000100000000-0x0000000140000000, reserved size: 1073741824
Narrow klass base: 0x0000000000000000, Narrow klass shift: 3, Narrow klass range: 0x140000000

GC Precious Log:
 CPUs: 8 total, 8 available
 Memory: 8084M
 Large Page Support: Disabled
 NUMA Support: Disabled
 Compressed Oops: Enabled (32-bit)
 Heap Region Size: 1M
 Heap Min Capacity: 8M
 Heap Initial Capacity: 128M
 Heap Max Capacity: 2G
 Pre-touch: Disabled
 Parallel Workers: 8
 Concurrent Workers: 2
 Concurrent Refinement Workers: 8
 Periodic GC: Disabled

Heap:
 garbage-first heap   total 131072K, used 60121K [0x0000000080000000, 0x0000000100000000)
  region size 1024K, 1 young (1024K), 1 survivors (1024K)
 Metaspace       used 70362K, committed 70912K, reserved 1114112K
  class space    used 9399K, committed 9664K, reserved 1048576K

Heap Regions: E=young(eden), S=young(survivor), O=old, HS=humongous(starts), HC=humongous(continues), CS=collection set, F=free, OA=open archive, CA=closed archive, TAMS=top-at-mark-start (previous, next)
|   0|0x0000000080000000, 0x0000000080100000, 0x0000000080100000|100%|HS|  |TAMS 0x0000000080100000, 0x0000000080000000| Complete 
|   1|0x0000000080100000, 0x0000000080200000, 0x0000000080200000|100%|HC|  |TAMS 0x0000000080200000, 0x0000000080100000| Complete 
|   2|0x0000000080200000, 0x0000000080300000, 0x0000000080300000|100%|HC|  |TAMS 0x0000000080300000, 0x0000000080200000| Complete 
|   3|0x0000000080300000, 0x0000000080400000, 0x0000000080400000|100%|HC|  |TAMS 0x0000000080400000, 0x0000000080300000| Complete 
|   4|0x0000000080400000, 0x0000000080500000, 0x0000000080500000|100%| O|  |TAMS 0x0000000080500000, 0x0000000080400000| Untracked 
|   5|0x0000000080500000, 0x0000000080600000, 0x0000000080600000|100%| O|  |TAMS 0x0000000080600000, 0x0000000080500000| Untracked 
|   6|0x0000000080600000, 0x0000000080700000, 0x0000000080700000|100%| O|  |TAMS 0x0000000080700000, 0x0000000080600000| Untracked 
|   7|0x0000000080700000, 0x0000000080800000, 0x0000000080800000|100%| O|  |TAMS 0x0000000080800000, 0x0000000080700000| Untracked 
|   8|0x0000000080800000, 0x0000000080900000, 0x0000000080900000|100%| O|  |TAMS 0x0000000080900000, 0x0000000080800000| Untracked 
|   9|0x0000000080900000, 0x0000000080a00000, 0x0000000080a00000|100%| O|  |TAMS 0x0000000080a00000, 0x0000000080900000| Untracked 
|  10|0x0000000080a00000, 0x0000000080b00000, 0x0000000080b00000|100%| O|  |TAMS 0x0000000080b00000, 0x0000000080a00000| Untracked 
|  11|0x0000000080b00000, 0x0000000080c00000, 0x0000000080c00000|100%| O|  |TAMS 0x0000000080c00000, 0x0000000080b00000| Untracked 
|  12|0x0000000080c00000, 0x0000000080d00000, 0x0000000080d00000|100%| O|  |TAMS 0x0000000080d00000, 0x0000000080c00000| Untracked 
|  13|0x0000000080d00000, 0x0000000080e00000, 0x0000000080e00000|100%| O|  |TAMS 0x0000000080e00000, 0x0000000080d00000| Untracked 
|  14|0x0000000080e00000, 0x0000000080f00000, 0x0000000080f00000|100%| O|  |TAMS 0x0000000080f00000, 0x0000000080e00000| Untracked 
|  15|0x0000000080f00000, 0x0000000081000000, 0x0000000081000000|100%| O|  |TAMS 0x0000000081000000, 0x0000000080f00000| Untracked 
|  16|0x0000000081000000, 0x0000000081100000, 0x0000000081100000|100%| O|  |TAMS 0x0000000081100000, 0x0000000081000000| Untracked 
|  17|0x0000000081100000, 0x0000000081200000, 0x0000000081200000|100%| O|  |TAMS 0x0000000081200000, 0x0000000081100000| Untracked 
|  18|0x0000000081200000, 0x0000000081300000, 0x0000000081300000|100%| O|  |TAMS 0x0000000081300000, 0x0000000081200000| Untracked 
|  19|0x0000000081300000, 0x0000000081400000, 0x0000000081400000|100%| O|  |TAMS 0x0000000081400000, 0x0000000081300000| Untracked 
|  20|0x0000000081400000, 0x0000000081500000, 0x0000000081500000|100%| O|  |TAMS 0x0000000081500000, 0x0000000081400000| Untracked 
|  21|0x0000000081500000, 0x0000000081600000, 0x0000000081600000|100%| O|  |TAMS 0x0000000081600000, 0x0000000081500000| Untracked 
|  22|0x0000000081600000, 0x0000000081700000, 0x0000000081700000|100%| O|  |TAMS 0x0000000081700000, 0x0000000081600000| Untracked 
|  23|0x0000000081700000, 0x0000000081800000, 0x0000000081800000|100%| O|  |TAMS 0x0000000081800000, 0x0000000081700000| Untracked 
|  24|0x0000000081800000, 0x0000000081900000, 0x0000000081900000|100%| O|  |TAMS 0x0000000081900000, 0x0000000081800000| Untracked 
|  25|0x0000000081900000, 0x0000000081a00000, 0x0000000081a00000|100%|HS|  |TAMS 0x0000000081a00000, 0x0000000081900000| Complete 
|  26|0x0000000081a00000, 0x0000000081b00000, 0x0000000081b00000|100%| O|  |TAMS 0x0000000081b00000, 0x0000000081a00000| Untracked 
|  27|0x0000000081b00000, 0x0000000081c00000, 0x0000000081c00000|100%| O|  |TAMS 0x0000000081c00000, 0x0000000081b00000| Untracked 
|  28|0x0000000081c00000, 0x0000000081d00000, 0x0000000081d00000|100%| O|  |TAMS 0x0000000081d00000, 0x0000000081c00000| Untracked 
|  29|0x0000000081d00000, 0x0000000081e00000, 0x0000000081e00000|100%| O|  |TAMS 0x0000000081e00000, 0x0000000081d00000| Untracked 
|  30|0x0000000081e00000, 0x0000000081f00000, 0x0000000081f00000|100%| O|  |TAMS 0x0000000081f00000, 0x0000000081e00000| Untracked 
|  31|0x0000000081f00000, 0x0000000082000000, 0x0000000082000000|100%| O|  |TAMS 0x0000000082000000, 0x0000000081f00000| Untracked 
|  32|0x0000000082000000, 0x0000000082100000, 0x0000000082100000|100%| O|  |TAMS 0x0000000082100000, 0x0000000082000000| Untracked 
|  33|0x0000000082100000, 0x0000000082200000, 0x0000000082200000|100%|HS|  |TAMS 0x0000000082200000, 0x0000000082100000| Complete 
|  34|0x0000000082200000, 0x0000000082300000, 0x0000000082300000|100%|HS|  |TAMS 0x0000000082300000, 0x0000000082200000| Complete 
|  35|0x0000000082300000, 0x0000000082400000, 0x0000000082400000|100%| O|  |TAMS 0x0000000082400000, 0x0000000082300000| Untracked 
|  36|0x0000000082400000, 0x0000000082500000, 0x0000000082500000|100%| O|  |TAMS 0x0000000082500000, 0x0000000082400000| Untracked 
|  37|0x0000000082500000, 0x0000000082600000, 0x0000000082600000|100%| O|  |TAMS 0x0000000082600000, 0x0000000082500000| Untracked 
|  38|0x0000000082600000, 0x0000000082700000, 0x0000000082700000|100%| O|  |TAMS 0x0000000082700000, 0x0000000082600000| Untracked 
|  39|0x0000000082700000, 0x0000000082800000, 0x0000000082800000|100%| O|  |TAMS 0x0000000082800000, 0x0000000082700000| Untracked 
|  40|0x0000000082800000, 0x0000000082900000, 0x0000000082900000|100%| O|  |TAMS 0x0000000082900000, 0x0000000082800000| Untracked 
|  41|0x0000000082900000, 0x0000000082a00000, 0x0000000082a00000|100%| O|  |TAMS 0x0000000082a00000, 0x0000000082900000| Untracked 
|  42|0x0000000082a00000, 0x0000000082a00000, 0x0000000082b00000|  0%| F|  |TAMS 0x0000000082a00000, 0x0000000082a00000| Untracked 
|  43|0x0000000082b00000, 0x0000000082c00000, 0x0000000082c00000|100%| O|  |TAMS 0x0000000082c00000, 0x0000000082b00000| Untracked 
|  44|0x0000000082c00000, 0x0000000082d00000, 0x0000000082d00000|100%| O|  |TAMS 0x0000000082d00000, 0x0000000082c00000| Untracked 
|  45|0x0000000082d00000, 0x0000000082e00000, 0x0000000082e00000|100%| O|  |TAMS 0x0000000082e00000, 0x0000000082d00000| Untracked 
|  46|0x0000000082e00000, 0x0000000082f00000, 0x0000000082f00000|100%| O|  |TAMS 0x0000000082f00000, 0x0000000082e00000| Untracked 
|  47|0x0000000082f00000, 0x0000000083000000, 0x0000000083000000|100%| O|  |TAMS 0x0000000083000000, 0x0000000082f00000| Untracked 
|  48|0x0000000083000000, 0x0000000083100000, 0x0000000083100000|100%| O|  |TAMS 0x0000000083100000, 0x0000000083000000| Untracked 
|  49|0x0000000083100000, 0x0000000083200000, 0x0000000083200000|100%| O|  |TAMS 0x0000000083200000, 0x0000000083100000| Untracked 
|  50|0x0000000083200000, 0x0000000083300000, 0x0000000083300000|100%| O|  |TAMS 0x0000000083265000, 0x0000000083200000| Untracked 
|  51|0x0000000083300000, 0x0000000083400000, 0x0000000083400000|100%| O|  |TAMS 0x0000000083400000, 0x0000000083300000| Untracked 
|  52|0x0000000083400000, 0x0000000083500000, 0x0000000083500000|100%| O|  |TAMS 0x0000000083400000, 0x0000000083400000| Untracked 
|  53|0x0000000083500000, 0x0000000083600000, 0x0000000083600000|100%| O|  |TAMS 0x0000000083600000, 0x0000000083500000| Untracked 
|  54|0x0000000083600000, 0x0000000083700000, 0x0000000083700000|100%| O|  |TAMS 0x0000000083700000, 0x0000000083600000| Untracked 
|  55|0x0000000083700000, 0x0000000083800000, 0x0000000083800000|100%| O|  |TAMS 0x0000000083800000, 0x0000000083700000| Untracked 
|  56|0x0000000083800000, 0x0000000083900000, 0x0000000083900000|100%| O|  |TAMS 0x0000000083800000, 0x0000000083800000| Untracked 
|  57|0x0000000083900000, 0x0000000083a00000, 0x0000000083a00000|100%| O|  |TAMS 0x0000000083a00000, 0x0000000083900000| Untracked 
|  58|0x0000000083a00000, 0x0000000083b00000, 0x0000000083b00000|100%| O|  |TAMS 0x0000000083a00000, 0x0000000083a00000| Untracked 
|  59|0x0000000083b00000, 0x0000000083b32000, 0x0000000083c00000| 19%| O|  |TAMS 0x0000000083b00000, 0x0000000083b00000| Untracked 
|  60|0x0000000083c00000, 0x0000000083c00000, 0x0000000083d00000|  0%| F|  |TAMS 0x0000000083c00000, 0x0000000083c00000| Untracked 
|  61|0x0000000083d00000, 0x0000000083d00000, 0x0000000083e00000|  0%| F|  |TAMS 0x0000000083d00000, 0x0000000083d00000| Untracked 
|  62|0x0000000083e00000, 0x0000000083e00000, 0x0000000083f00000|  0%| F|  |TAMS 0x0000000083e00000, 0x0000000083e00000| Untracked 
|  63|0x0000000083f00000, 0x0000000083f00000, 0x0000000084000000|  0%| F|  |TAMS 0x0000000083f00000, 0x0000000083f00000| Untracked 
|  64|0x0000000084000000, 0x0000000084000000, 0x0000000084100000|  0%| F|  |TAMS 0x0000000084000000, 0x0000000084000000| Untracked 
|  65|0x0000000084100000, 0x0000000084100000, 0x0000000084200000|  0%| F|  |TAMS 0x0000000084100000, 0x0000000084100000| Untracked 
|  66|0x0000000084200000, 0x0000000084200000, 0x0000000084300000|  0%| F|  |TAMS 0x0000000084200000, 0x0000000084200000| Untracked 
|  67|0x0000000084300000, 0x0000000084300000, 0x0000000084400000|  0%| F|  |TAMS 0x0000000084300000, 0x0000000084300000| Untracked 
|  68|0x0000000084400000, 0x0000000084400000, 0x0000000084500000|  0%| F|  |TAMS 0x0000000084400000, 0x0000000084400000| Untracked 
|  69|0x0000000084500000, 0x0000000084500000, 0x0000000084600000|  0%| F|  |TAMS 0x0000000084500000, 0x0000000084500000| Untracked 
|  70|0x0000000084600000, 0x0000000084600000, 0x0000000084700000|  0%| F|  |TAMS 0x0000000084600000, 0x0000000084600000| Untracked 
|  71|0x0000000084700000, 0x0000000084700000, 0x0000000084800000|  0%| F|  |TAMS 0x0000000084700000, 0x0000000084700000| Untracked 
|  72|0x0000000084800000, 0x0000000084800000, 0x0000000084900000|  0%| F|  |TAMS 0x0000000084800000, 0x0000000084800000| Untracked 
|  73|0x0000000084900000, 0x0000000084900000, 0x0000000084a00000|  0%| F|  |TAMS 0x0000000084900000, 0x0000000084900000| Untracked 
|  74|0x0000000084a00000, 0x0000000084a00000, 0x0000000084b00000|  0%| F|  |TAMS 0x0000000084a00000, 0x0000000084a00000| Untracked 
|  75|0x0000000084b00000, 0x0000000084b00000, 0x0000000084c00000|  0%| F|  |TAMS 0x0000000084b00000, 0x0000000084b00000| Untracked 
|  76|0x0000000084c00000, 0x0000000084c00000, 0x0000000084d00000|  0%| F|  |TAMS 0x0000000084c00000, 0x0000000084c00000| Untracked 
|  77|0x0000000084d00000, 0x0000000084d00000, 0x0000000084e00000|  0%| F|  |TAMS 0x0000000084d00000, 0x0000000084d00000| Untracked 
|  78|0x0000000084e00000, 0x0000000084e00000, 0x0000000084f00000|  0%| F|  |TAMS 0x0000000084e00000, 0x0000000084e00000| Untracked 
|  79|0x0000000084f00000, 0x0000000084f00000, 0x0000000085000000|  0%| F|  |TAMS 0x0000000084f00000, 0x0000000084f00000| Untracked 
|  80|0x0000000085000000, 0x0000000085000000, 0x0000000085100000|  0%| F|  |TAMS 0x0000000085000000, 0x0000000085000000| Untracked 
|  81|0x0000000085100000, 0x0000000085100000, 0x0000000085200000|  0%| F|  |TAMS 0x0000000085100000, 0x0000000085100000| Untracked 
|  82|0x0000000085200000, 0x0000000085200000, 0x0000000085300000|  0%| F|  |TAMS 0x0000000085200000, 0x0000000085200000| Untracked 
|  83|0x0000000085300000, 0x0000000085300000, 0x0000000085400000|  0%| F|  |TAMS 0x0000000085300000, 0x0000000085300000| Untracked 
|  84|0x0000000085400000, 0x0000000085400000, 0x0000000085500000|  0%| F|  |TAMS 0x0000000085400000, 0x0000000085400000| Untracked 
|  85|0x0000000085500000, 0x0000000085500000, 0x0000000085600000|  0%| F|  |TAMS 0x0000000085500000, 0x0000000085500000| Untracked 
|  86|0x0000000085600000, 0x0000000085600000, 0x0000000085700000|  0%| F|  |TAMS 0x0000000085600000, 0x0000000085600000| Untracked 
|  87|0x0000000085700000, 0x0000000085700000, 0x0000000085800000|  0%| F|  |TAMS 0x0000000085700000, 0x0000000085700000| Untracked 
|  88|0x0000000085800000, 0x0000000085800000, 0x0000000085900000|  0%| F|  |TAMS 0x0000000085800000, 0x0000000085800000| Untracked 
|  89|0x0000000085900000, 0x0000000085900000, 0x0000000085a00000|  0%| F|  |TAMS 0x0000000085900000, 0x0000000085900000| Untracked 
|  90|0x0000000085a00000, 0x0000000085a00000, 0x0000000085b00000|  0%| F|  |TAMS 0x0000000085a00000, 0x0000000085a00000| Untracked 
|  91|0x0000000085b00000, 0x0000000085b00000, 0x0000000085c00000|  0%| F|  |TAMS 0x0000000085b00000, 0x0000000085b00000| Untracked 
|  92|0x0000000085c00000, 0x0000000085c00000, 0x0000000085d00000|  0%| F|  |TAMS 0x0000000085c00000, 0x0000000085c00000| Untracked 
|  93|0x0000000085d00000, 0x0000000085d00000, 0x0000000085e00000|  0%| F|  |TAMS 0x0000000085d00000, 0x0000000085d00000| Untracked 
|  94|0x0000000085e00000, 0x0000000085e00000, 0x0000000085f00000|  0%| F|  |TAMS 0x0000000085e00000, 0x0000000085e00000| Untracked 
|  95|0x0000000085f00000, 0x0000000085f00000, 0x0000000086000000|  0%| F|  |TAMS 0x0000000085f00000, 0x0000000085f00000| Untracked 
|  96|0x0000000086000000, 0x0000000086000000, 0x0000000086100000|  0%| F|  |TAMS 0x0000000086000000, 0x0000000086000000| Untracked 
|  97|0x0000000086100000, 0x0000000086100000, 0x0000000086200000|  0%| F|  |TAMS 0x0000000086100000, 0x0000000086100000| Untracked 
|  98|0x0000000086200000, 0x0000000086200000, 0x0000000086300000|  0%| F|  |TAMS 0x0000000086200000, 0x0000000086200000| Untracked 
|  99|0x0000000086300000, 0x0000000086300000, 0x0000000086400000|  0%| F|  |TAMS 0x0000000086300000, 0x0000000086300000| Untracked 
| 100|0x0000000086400000, 0x0000000086400000, 0x0000000086500000|  0%| F|  |TAMS 0x0000000086400000, 0x0000000086400000| Untracked 
| 101|0x0000000086500000, 0x0000000086500000, 0x0000000086600000|  0%| F|  |TAMS 0x0000000086500000, 0x0000000086500000| Untracked 
| 102|0x0000000086600000, 0x0000000086600000, 0x0000000086700000|  0%| F|  |TAMS 0x0000000086600000, 0x0000000086600000| Untracked 
| 103|0x0000000086700000, 0x00000000867844c0, 0x0000000086800000| 51%| S|CS|TAMS 0x0000000086700000, 0x0000000086700000| Complete 
| 104|0x0000000086800000, 0x0000000086800000, 0x0000000086900000|  0%| F|  |TAMS 0x0000000086800000, 0x0000000086800000| Untracked 
| 105|0x0000000086900000, 0x0000000086900000, 0x0000000086a00000|  0%| F|  |TAMS 0x0000000086900000, 0x0000000086900000| Untracked 
| 106|0x0000000086a00000, 0x0000000086a00000, 0x0000000086b00000|  0%| F|  |TAMS 0x0000000086a00000, 0x0000000086a00000| Untracked 
| 107|0x0000000086b00000, 0x0000000086b00000, 0x0000000086c00000|  0%| F|  |TAMS 0x0000000086b00000, 0x0000000086b00000| Untracked 
| 108|0x0000000086c00000, 0x0000000086c00000, 0x0000000086d00000|  0%| F|  |TAMS 0x0000000086c00000, 0x0000000086c00000| Untracked 
| 109|0x0000000086d00000, 0x0000000086d00000, 0x0000000086e00000|  0%| F|  |TAMS 0x0000000086d00000, 0x0000000086d00000| Untracked 
| 110|0x0000000086e00000, 0x0000000086e00000, 0x0000000086f00000|  0%| F|  |TAMS 0x0000000086e00000, 0x0000000086e00000| Untracked 
| 111|0x0000000086f00000, 0x0000000086f00000, 0x0000000087000000|  0%| F|  |TAMS 0x0000000086f00000, 0x0000000086f00000| Untracked 
| 112|0x0000000087000000, 0x0000000087000000, 0x0000000087100000|  0%| F|  |TAMS 0x0000000087000000, 0x0000000087000000| Untracked 
| 113|0x0000000087100000, 0x0000000087100000, 0x0000000087200000|  0%| F|  |TAMS 0x0000000087100000, 0x0000000087100000| Untracked 
| 114|0x0000000087200000, 0x0000000087200000, 0x0000000087300000|  0%| F|  |TAMS 0x0000000087200000, 0x0000000087200000| Untracked 
| 115|0x0000000087300000, 0x0000000087300000, 0x0000000087400000|  0%| F|  |TAMS 0x0000000087300000, 0x0000000087300000| Untracked 
| 116|0x0000000087400000, 0x0000000087400000, 0x0000000087500000|  0%| F|  |TAMS 0x0000000087400000, 0x0000000087400000| Untracked 
| 117|0x0000000087500000, 0x0000000087500000, 0x0000000087600000|  0%| F|  |TAMS 0x0000000087500000, 0x0000000087500000| Untracked 
| 118|0x0000000087600000, 0x0000000087600000, 0x0000000087700000|  0%| F|  |TAMS 0x0000000087600000, 0x0000000087600000| Untracked 
| 119|0x0000000087700000, 0x0000000087700000, 0x0000000087800000|  0%| F|  |TAMS 0x0000000087700000, 0x0000000087700000| Untracked 
| 120|0x0000000087800000, 0x0000000087800000, 0x0000000087900000|  0%| F|  |TAMS 0x0000000087800000, 0x0000000087800000| Untracked 
| 121|0x0000000087900000, 0x0000000087900000, 0x0000000087a00000|  0%| F|  |TAMS 0x0000000087900000, 0x0000000087900000| Untracked 
| 122|0x0000000087a00000, 0x0000000087a00000, 0x0000000087b00000|  0%| F|  |TAMS 0x0000000087a00000, 0x0000000087a00000| Untracked 
| 123|0x0000000087b00000, 0x0000000087b00000, 0x0000000087c00000|  0%| F|  |TAMS 0x0000000087b00000, 0x0000000087b00000| Untracked 
| 124|0x0000000087c00000, 0x0000000087c00000, 0x0000000087d00000|  0%| F|  |TAMS 0x0000000087c00000, 0x0000000087c00000| Untracked 
| 125|0x0000000087d00000, 0x0000000087d00000, 0x0000000087e00000|  0%| F|  |TAMS 0x0000000087d00000, 0x0000000087d00000| Untracked 
| 126|0x0000000087e00000, 0x0000000087e00000, 0x0000000087f00000|  0%| F|  |TAMS 0x0000000087e00000, 0x0000000087e00000| Untracked 
| 127|0x0000000087f00000, 0x0000000087f00000, 0x0000000088000000|  0%| F|  |TAMS 0x0000000087f00000, 0x0000000087f00000| Untracked 

Card table byte_map: [0x0000021c13170000,0x0000021c13570000] _byte_map_base: 0x0000021c12d70000

Marking Bits (Prev, Next): (CMBitMap*) 0x0000021c7fdfb5f0, (CMBitMap*) 0x0000021c7fdfb630
 Prev Bits: [0x0000021c13970000, 0x0000021c15970000)
 Next Bits: [0x0000021c15970000, 0x0000021c17970000)

Polling page: 0x0000021c7fe70000

Metaspace:

Usage:
  Non-class:     59.53 MB used.
      Class:      9.18 MB used.
       Both:     68.71 MB used.

Virtual space:
  Non-class space:       64.00 MB reserved,      59.81 MB ( 93%) committed,  8 nodes.
      Class space:        1.00 GB reserved,       9.44 MB ( <1%) committed,  1 nodes.
             Both:        1.06 GB reserved,      69.25 MB (  6%) committed. 

Chunk freelists:
   Non-Class:  3.34 MB
       Class:  2.55 MB
        Both:  5.89 MB

MaxMetaspaceSize: unlimited
CompressedClassSpaceSize: 1.00 GB
Initial GC threshold: 21.00 MB
Current GC threshold: 111.88 MB
CDS: off
MetaspaceReclaimPolicy: balanced
 - commit_granule_bytes: 65536.
 - commit_granule_words: 8192.
 - virtual_space_node_default_size: 1048576.
 - enlarge_chunks_in_place: 1.
 - new_chunks_are_fully_committed: 0.
 - uncommit_free_chunks: 1.
 - use_allocation_guard: 0.
 - handle_deallocations: 1.


Internal statistics:

num_allocs_failed_limit: 6.
num_arena_births: 624.
num_arena_deaths: 0.
num_vsnodes_births: 9.
num_vsnodes_deaths: 0.
num_space_committed: 1108.
num_space_uncommitted: 0.
num_chunks_returned_to_freelist: 6.
num_chunks_taken_from_freelist: 2960.
num_chunk_merges: 6.
num_chunk_splits: 1995.
num_chunks_enlarged: 1382.
num_purges: 0.
num_inconsistent_stats: 0.

CodeHeap 'non-profiled nmethods': size=120000Kb used=3849Kb max_used=3849Kb free=116150Kb
 bounds [0x0000021c0aed0000, 0x0000021c0b2a0000, 0x0000021c12400000]
CodeHeap 'profiled nmethods': size=120000Kb used=11901Kb max_used=11901Kb free=108098Kb
 bounds [0x0000021c03400000, 0x0000021c03fa0000, 0x0000021c0a930000]
CodeHeap 'non-nmethods': size=5760Kb used=2357Kb max_used=2440Kb free=3403Kb
 bounds [0x0000021c0a930000, 0x0000021c0aba0000, 0x0000021c0aed0000]
 total_blobs=7023 nmethods=6139 adapters=796
 compilation: enabled
              stopped_count=0, restarted_count=0
 full_count=0

Compilation events (20 events):
Event: 11.298 Thread 0x0000021c1b02c040 6977       3       org.gradle.tooling.internal.provider.runner.PluginApplicationTracker$$Lambda$528/0x00000001005f6b28::apply (14 bytes)
Event: 11.298 Thread 0x0000021c1b02c040 nmethod 6977 0x0000021c03f9d410 code [0x0000021c03f9d5c0, 0x0000021c03f9d868]
Event: 11.306 Thread 0x0000021c1b02c040 6978       1       org.gradle.api.internal.provider.DefaultProperty::getType (5 bytes)
Event: 11.306 Thread 0x0000021c1b02c040 nmethod 6978 0x0000021c0b291b90 code [0x0000021c0b291d20, 0x0000021c0b291df8]
Event: 11.313 Thread 0x0000021c1d59b8c0 6979       4       java.util.concurrent.ConcurrentHashMap::remove (8 bytes)
Event: 11.314 Thread 0x0000021c1d59b8c0 nmethod 6979 0x0000021c0b291e90 code [0x0000021c0b292020, 0x0000021c0b2920c8]
Event: 11.325 Thread 0x0000021c1b02c040 6980       3       org.gradle.api.internal.tasks.DefaultTaskContainer_Decorated::getEventRegister (39 bytes)
Event: 11.325 Thread 0x0000021c1b02c040 nmethod 6980 0x0000021c03f9d990 code [0x0000021c03f9db60, 0x0000021c03f9df18]
Event: 11.334 Thread 0x0000021c1b02c040 6981       3       kotlin.collections.CollectionsKt__CollectionsKt::emptyList (7 bytes)
Event: 11.334 Thread 0x0000021c1b02c040 nmethod 6981 0x0000021c03443910 code [0x0000021c03443aa0, 0x0000021c03443b98]
Event: 11.334 Thread 0x0000021c1b02c040 6982       3       org.gradle.configuration.internal.DefaultUserCodeApplicationContext::current (11 bytes)
Event: 11.334 Thread 0x0000021c1b02c040 nmethod 6982 0x0000021c03f9e010 code [0x0000021c03f9e1c0, 0x0000021c03f9e488]
Event: 11.340 Thread 0x0000021c1b02c040 6983       3       java.lang.StringBuilder::append (6 bytes)
Event: 11.340 Thread 0x0000021c1b02c040 nmethod 6983 0x0000021c03f9e590 code [0x0000021c03f9e740, 0x0000021c03f9e8e8]
Event: 11.356 Thread 0x0000021c1b02c040 6984       3       org.gradle.api.internal.DefaultCollectionCallbackActionDecorator::decorate (51 bytes)
Event: 11.356 Thread 0x0000021c1b02c040 nmethod 6984 0x0000021c03f9e990 code [0x0000021c03f9ebc0, 0x0000021c03f9f668]
Event: 11.361 Thread 0x0000021c1b02c040 6985       1       org.gradle.internal.ImmutableActionSet$SetWithManyActions::isEmpty (2 bytes)
Event: 11.361 Thread 0x0000021c1b02c040 nmethod 6985 0x0000021c0b292190 code [0x0000021c0b292320, 0x0000021c0b2923f8]
Event: 11.376 Thread 0x0000021c1b02c040 6986       1       com.android.build.api.artifact.impl.TypedStorageProvider::access$getPropertyAllocator$p (5 bytes)
Event: 11.376 Thread 0x0000021c1b02c040 nmethod 6986 0x0000021c0b292490 code [0x0000021c0b292620, 0x0000021c0b2926d8]

GC Heap History (20 events):
Event: 9.493 GC heap after
{Heap after GC invocations=21 (full 0):
 garbage-first heap   total 86016K, used 48542K [0x0000000080000000, 0x0000000100000000)
  region size 1024K, 2 young (2048K), 2 survivors (2048K)
 Metaspace       used 60867K, committed 61440K, reserved 1105920K
  class space    used 8083K, committed 8320K, reserved 1048576K
}
Event: 9.682 GC heap before
{Heap before GC invocations=22 (full 0):
 garbage-first heap   total 89088K, used 69022K [0x0000000080000000, 0x0000000100000000)
  region size 1024K, 18 young (18432K), 2 survivors (2048K)
 Metaspace       used 62845K, committed 63360K, reserved 1105920K
  class space    used 8330K, committed 8576K, reserved 1048576K
}
Event: 9.686 GC heap after
{Heap after GC invocations=23 (full 0):
 garbage-first heap   total 89088K, used 55727K [0x0000000080000000, 0x0000000100000000)
  region size 1024K, 3 young (3072K), 3 survivors (3072K)
 Metaspace       used 62845K, committed 63360K, reserved 1105920K
  class space    used 8330K, committed 8576K, reserved 1048576K
}
Event: 9.688 GC heap before
{Heap before GC invocations=23 (full 0):
 garbage-first heap   total 89088K, used 56751K [0x0000000080000000, 0x0000000100000000)
  region size 1024K, 4 young (4096K), 3 survivors (3072K)
 Metaspace       used 62845K, committed 63360K, reserved 1105920K
  class space    used 8330K, committed 8576K, reserved 1048576K
}
Event: 9.693 GC heap after
{Heap after GC invocations=24 (full 0):
 garbage-first heap   total 107520K, used 56548K [0x0000000080000000, 0x0000000100000000)
  region size 1024K, 1 young (1024K), 1 survivors (1024K)
 Metaspace       used 62845K, committed 63360K, reserved 1105920K
  class space    used 8330K, committed 8576K, reserved 1048576K
}
Event: 9.718 GC heap before
{Heap before GC invocations=24 (full 0):
 garbage-first heap   total 107520K, used 57572K [0x0000000080000000, 0x0000000100000000)
  region size 1024K, 3 young (3072K), 1 survivors (1024K)
 Metaspace       used 62858K, committed 63360K, reserved 1105920K
  class space    used 8330K, committed 8576K, reserved 1048576K
}
Event: 9.720 GC heap after
{Heap after GC invocations=25 (full 0):
 garbage-first heap   total 107520K, used 57536K [0x0000000080000000, 0x0000000100000000)
  region size 1024K, 2 young (2048K), 2 survivors (2048K)
 Metaspace       used 62858K, committed 63360K, reserved 1105920K
  class space    used 8330K, committed 8576K, reserved 1048576K
}
Event: 10.083 GC heap before
{Heap before GC invocations=26 (full 0):
 garbage-first heap   total 107520K, used 78016K [0x0000000080000000, 0x0000000100000000)
  region size 1024K, 20 young (20480K), 2 survivors (2048K)
 Metaspace       used 64617K, committed 65152K, reserved 1105920K
  class space    used 8559K, committed 8768K, reserved 1048576K
}
Event: 10.086 GC heap after
{Heap after GC invocations=27 (full 0):
 garbage-first heap   total 107520K, used 58673K [0x0000000080000000, 0x0000000100000000)
  region size 1024K, 2 young (2048K), 2 survivors (2048K)
 Metaspace       used 64617K, committed 65152K, reserved 1105920K
  class space    used 8559K, committed 8768K, reserved 1048576K
}
Event: 10.414 GC heap before
{Heap before GC invocations=27 (full 0):
 garbage-first heap   total 107520K, used 78129K [0x0000000080000000, 0x0000000100000000)
  region size 1024K, 21 young (21504K), 2 survivors (2048K)
 Metaspace       used 66424K, committed 66944K, reserved 1114112K
  class space    used 8778K, committed 9024K, reserved 1048576K
}
Event: 10.420 GC heap after
{Heap after GC invocations=28 (full 0):
 garbage-first heap   total 107520K, used 59714K [0x0000000080000000, 0x0000000100000000)
  region size 1024K, 2 young (2048K), 2 survivors (2048K)
 Metaspace       used 66424K, committed 66944K, reserved 1114112K
  class space    used 8778K, committed 9024K, reserved 1048576K
}
Event: 10.722 GC heap before
{Heap before GC invocations=29 (full 0):
 garbage-first heap   total 107520K, used 77122K [0x0000000080000000, 0x0000000100000000)
  region size 1024K, 22 young (22528K), 2 survivors (2048K)
 Metaspace       used 66967K, committed 67520K, reserved 1114112K
  class space    used 8875K, committed 9088K, reserved 1048576K
}
Event: 10.726 GC heap after
{Heap after GC invocations=30 (full 0):
 garbage-first heap   total 107520K, used 58661K [0x0000000080000000, 0x0000000100000000)
  region size 1024K, 3 young (3072K), 3 survivors (3072K)
 Metaspace       used 66967K, committed 67520K, reserved 1114112K
  class space    used 8875K, committed 9088K, reserved 1048576K
}
Event: 10.738 GC heap before
{Heap before GC invocations=30 (full 0):
 garbage-first heap   total 107520K, used 60709K [0x0000000080000000, 0x0000000100000000)
  region size 1024K, 5 young (5120K), 3 survivors (3072K)
 Metaspace       used 66969K, committed 67520K, reserved 1114112K
  class space    used 8875K, committed 9088K, reserved 1048576K
}
Event: 10.741 GC heap after
{Heap after GC invocations=31 (full 0):
 garbage-first heap   total 107520K, used 58258K [0x0000000080000000, 0x0000000100000000)
  region size 1024K, 1 young (1024K), 1 survivors (1024K)
 Metaspace       used 66969K, committed 67520K, reserved 1114112K
  class space    used 8875K, committed 9088K, reserved 1048576K
}
Event: 10.960 GC heap before
{Heap before GC invocations=31 (full 0):
 garbage-first heap   total 107520K, used 80786K [0x0000000080000000, 0x0000000100000000)
  region size 1024K, 23 young (23552K), 1 survivors (1024K)
 Metaspace       used 67794K, committed 68352K, reserved 1114112K
  class space    used 8974K, committed 9216K, reserved 1048576K
}
Event: 10.963 GC heap after
{Heap after GC invocations=32 (full 0):
 garbage-first heap   total 107520K, used 60071K [0x0000000080000000, 0x0000000100000000)
  region size 1024K, 3 young (3072K), 3 survivors (3072K)
 Metaspace       used 67794K, committed 68352K, reserved 1114112K
  class space    used 8974K, committed 9216K, reserved 1048576K
}
Event: 11.350 GC heap before
{Heap before GC invocations=33 (full 0):
 garbage-first heap   total 107520K, used 81575K [0x0000000080000000, 0x0000000100000000)
  region size 1024K, 25 young (25600K), 3 survivors (3072K)
 Metaspace       used 70211K, committed 70720K, reserved 1114112K
  class space    used 9368K, committed 9600K, reserved 1048576K
}
Event: 11.354 GC heap after
{Heap after GC invocations=34 (full 0):
 garbage-first heap   total 107520K, used 60098K [0x0000000080000000, 0x0000000100000000)
  region size 1024K, 4 young (4096K), 4 survivors (4096K)
 Metaspace       used 70211K, committed 70720K, reserved 1114112K
  class space    used 9368K, committed 9600K, reserved 1048576K
}
Event: 11.379 GC heap before
{Heap before GC invocations=34 (full 0):
 garbage-first heap   total 107520K, used 61122K [0x0000000080000000, 0x0000000100000000)
  region size 1024K, 5 young (5120K), 4 survivors (4096K)
 Metaspace       used 70362K, committed 70912K, reserved 1114112K
  class space    used 9399K, committed 9664K, reserved 1048576K
}

Dll operation events (2 events):
Event: 0.016 Loaded shared library C:\Program Files\Android\Android Studio\jbr\bin\java.dll
Event: 1.534 Loaded shared library C:\Program Files\Android\Android Studio\jbr\bin\verify.dll

Deoptimization events (20 events):
Event: 11.172 Thread 0x0000021c1da405d0 Uncommon trap: trap_request=0xffffff45 fr.pc=0x0000021c0afa4c1c relative=0x000000000000055c
Event: 11.172 Thread 0x0000021c1da405d0 Uncommon trap: reason=unstable_if action=reinterpret pc=0x0000021c0afa4c1c method=java.lang.AbstractStringBuilder.appendChars(Ljava/lang/String;II)V @ 11 c2
Event: 11.172 Thread 0x0000021c1da405d0 DEOPT PACKING pc=0x0000021c0afa4c1c sp=0x00000032f88f79a0
Event: 11.172 Thread 0x0000021c1da405d0 DEOPT UNPACKING pc=0x0000021c0a9869a3 sp=0x00000032f88f78d0 mode 2
Event: 11.172 Thread 0x0000021c1da405d0 Uncommon trap: trap_request=0xffffff45 fr.pc=0x0000021c0afa4314 relative=0x0000000000000174
Event: 11.172 Thread 0x0000021c1da405d0 Uncommon trap: reason=unstable_if action=reinterpret pc=0x0000021c0afa4314 method=java.lang.AbstractStringBuilder.appendChars(Ljava/lang/String;II)V @ 11 c2
Event: 11.172 Thread 0x0000021c1da405d0 DEOPT PACKING pc=0x0000021c0afa4314 sp=0x00000032f88f7910
Event: 11.172 Thread 0x0000021c1da405d0 DEOPT UNPACKING pc=0x0000021c0a9869a3 sp=0x00000032f88f78c0 mode 2
Event: 11.172 Thread 0x0000021c1da405d0 Uncommon trap: trap_request=0xffffff45 fr.pc=0x0000021c0af226d0 relative=0x0000000000000510
Event: 11.172 Thread 0x0000021c1da405d0 Uncommon trap: reason=unstable_if action=reinterpret pc=0x0000021c0af226d0 method=java.lang.AbstractStringBuilder.putStringAt(ILjava/lang/String;II)V @ 8 c2
Event: 11.172 Thread 0x0000021c1da405d0 DEOPT PACKING pc=0x0000021c0af226d0 sp=0x00000032f88f79f0
Event: 11.172 Thread 0x0000021c1da405d0 DEOPT UNPACKING pc=0x0000021c0a9869a3 sp=0x00000032f88f78d0 mode 2
Event: 11.172 Thread 0x0000021c1da405d0 Uncommon trap: trap_request=0xffffff45 fr.pc=0x0000021c0af0a294 relative=0x0000000000000114
Event: 11.173 Thread 0x0000021c1da405d0 Uncommon trap: reason=unstable_if action=reinterpret pc=0x0000021c0af0a294 method=java.lang.String.getBytes([BIIBI)V @ 6 c2
Event: 11.173 Thread 0x0000021c1da405d0 DEOPT PACKING pc=0x0000021c0af0a294 sp=0x00000032f88f7870
Event: 11.173 Thread 0x0000021c1da405d0 DEOPT UNPACKING pc=0x0000021c0a9869a3 sp=0x00000032f88f7838 mode 2
Event: 11.173 Thread 0x0000021c1da405d0 Uncommon trap: trap_request=0xffffff45 fr.pc=0x0000021c0af09dd4 relative=0x0000000000000134
Event: 11.173 Thread 0x0000021c1da405d0 Uncommon trap: reason=unstable_if action=reinterpret pc=0x0000021c0af09dd4 method=java.lang.AbstractStringBuilder.putStringAt(ILjava/lang/String;II)V @ 8 c2
Event: 11.173 Thread 0x0000021c1da405d0 DEOPT PACKING pc=0x0000021c0af09dd4 sp=0x00000032f88f7970
Event: 11.173 Thread 0x0000021c1da405d0 DEOPT UNPACKING pc=0x0000021c0a9869a3 sp=0x00000032f88f78b8 mode 2

Classes unloaded (0 events):
No events

Classes redefined (0 events):
No events

Internal exceptions (20 events):
Event: 10.823 Thread 0x0000021c1da405d0 Exception <a 'java/lang/ClassNotFoundException'{0x0000000085b92d38}: com/android/builder/core/AbstractBuildTypeCustomizer> (0x0000000085b92d38) 
thrown [s\src\hotspot\share\classfile\systemDictionary.cpp, line 256]
Event: 10.824 Thread 0x0000021c1da405d0 Exception <a 'java/lang/ClassNotFoundException'{0x0000000085bbdc40}: com/android/build/gradle/internal/dsl/BuildTypeCustomizer> (0x0000000085bbdc40) 
thrown [s\src\hotspot\share\classfile\systemDictionary.cpp, line 256]
Event: 10.827 Thread 0x0000021c1da405d0 Exception <a 'java/lang/ClassNotFoundException'{0x0000000085a48690}: com/android/build/gradle/internal/dsl/BuildType$AgpDecoratedCustomizer> (0x0000000085a48690) 
thrown [s\src\hotspot\share\classfile\systemDictionary.cpp, line 256]
Event: 10.829 Thread 0x0000021c1da405d0 Exception <a 'java/lang/ClassNotFoundException'{0x0000000085a9c098}: com/android/build/gradle/internal/dsl/BuildType$AgpDecorated_DecoratedCustomizer> (0x0000000085a9c098) 
thrown [s\src\hotspot\share\classfile\systemDictionary.cpp, line 256]
Event: 10.834 Thread 0x0000021c1da405d0 Exception <a 'java/lang/ClassNotFoundException'{0x000000008597a3c0}: build_aw6dihgurze96e6abws8imlr3$_run_closure1$_closure4BeanInfo> (0x000000008597a3c0) 
thrown [s\src\hotspot\share\classfile\systemDictionary.cpp, line 256]
Event: 10.834 Thread 0x0000021c1da405d0 Exception <a 'java/lang/ClassNotFoundException'{0x0000000085985100}: build_aw6dihgurze96e6abws8imlr3$_run_closure1$_closure4Customizer> (0x0000000085985100) 
thrown [s\src\hotspot\share\classfile\systemDictionary.cpp, line 256]
Event: 10.836 Thread 0x0000021c1da405d0 Exception <a 'java/lang/ClassNotFoundException'{0x00000000859a9448}: build_aw6dihgurze96e6abws8imlr3$_run_closure1BeanInfo> (0x00000000859a9448) 
thrown [s\src\hotspot\share\classfile\systemDictionary.cpp, line 256]
Event: 10.837 Thread 0x0000021c1da405d0 Exception <a 'java/lang/ClassNotFoundException'{0x00000000859b4870}: build_aw6dihgurze96e6abws8imlr3$_run_closure1Customizer> (0x00000000859b4870) 
thrown [s\src\hotspot\share\classfile\systemDictionary.cpp, line 256]
Event: 10.841 Thread 0x0000021c1da405d0 Exception <a 'java/lang/ClassNotFoundException'{0x00000000859f1f68}: org/gradle/api/JavaVersionBeanInfo> (0x00000000859f1f68) 
thrown [s\src\hotspot\share\classfile\systemDictionary.cpp, line 256]
Event: 10.842 Thread 0x0000021c1da405d0 Exception <a 'java/lang/ClassNotFoundException'{0x00000000858086e0}: org/gradle/api/JavaVersionCustomizer> (0x00000000858086e0) 
thrown [s\src\hotspot\share\classfile\systemDictionary.cpp, line 256]
Event: 10.844 Thread 0x0000021c1da405d0 Exception <a 'java/lang/ClassNotFoundException'{0x000000008584d1b0}: com/android/build/gradle/internal/CompileOptions$AgpDecorated_DecoratedBeanInfo> (0x000000008584d1b0) 
thrown [s\src\hotspot\share\classfile\systemDictionary.cpp, line 256]
Event: 10.845 Thread 0x0000021c1da405d0 Exception <a 'java/lang/ClassNotFoundException'{0x000000008585a810}: com/android/build/gradle/internal/CompileOptions$AgpDecoratedBeanInfo> (0x000000008585a810) 
thrown [s\src\hotspot\share\classfile\systemDictionary.cpp, line 256]
Event: 10.845 Thread 0x0000021c1da405d0 Exception <a 'java/lang/ClassNotFoundException'{0x0000000085867c78}: com/android/build/gradle/internal/CompileOptionsBeanInfo> (0x0000000085867c78) 
thrown [s\src\hotspot\share\classfile\systemDictionary.cpp, line 256]
Event: 10.846 Thread 0x0000021c1da405d0 Exception <a 'java/lang/ClassNotFoundException'{0x00000000858753b8}: com/android/build/gradle/internal/CompileOptionsCustomizer> (0x00000000858753b8) 
thrown [s\src\hotspot\share\classfile\systemDictionary.cpp, line 256]
Event: 10.846 Thread 0x0000021c1da405d0 Exception <a 'java/lang/ClassNotFoundException'{0x000000008588dd28}: com/android/build/gradle/internal/CompileOptions$AgpDecoratedCustomizer> (0x000000008588dd28) 
thrown [s\src\hotspot\share\classfile\systemDictionary.cpp, line 256]
Event: 10.847 Thread 0x0000021c1da405d0 Exception <a 'java/lang/ClassNotFoundException'{0x000000008589eba8}: com/android/build/gradle/internal/CompileOptions$AgpDecorated_DecoratedCustomizer> (0x000000008589eba8) 
thrown [s\src\hotspot\share\classfile\systemDictionary.cpp, line 256]
Event: 10.853 Thread 0x0000021c1da405d0 Exception <a 'java/lang/ClassNotFoundException'{0x0000000085719678}: org/gradle/api/internal/artifacts/dsl/dependencies/DefaultDependencyHandler_DecoratedBeanInfo> (0x0000000085719678) 
thrown [s\src\hotspot\share\classfile\systemDictionary.cpp, line 256]
Event: 10.854 Thread 0x0000021c1da405d0 Exception <a 'java/lang/ClassNotFoundException'{0x0000000085733600}: org/gradle/api/internal/artifacts/dsl/dependencies/DefaultDependencyHandlerBeanInfo> (0x0000000085733600) 
thrown [s\src\hotspot\share\classfile\systemDictionary.cpp, line 256]
Event: 10.855 Thread 0x0000021c1da405d0 Exception <a 'java/lang/ClassNotFoundException'{0x000000008574d548}: org/gradle/api/internal/artifacts/dsl/dependencies/DefaultDependencyHandlerCustomizer> (0x000000008574d548) 
thrown [s\src\hotspot\share\classfile\systemDictionary.cpp, line 256]
Event: 10.857 Thread 0x0000021c1da405d0 Exception <a 'java/lang/ClassNotFoundException'{0x000000008578ed30}: org/gradle/api/internal/artifacts/dsl/dependencies/DefaultDependencyHandler_DecoratedCustomizer> (0x000000008578ed30) 
thrown [s\src\hotspot\share\classfile\systemDictionary.cpp, line 256]

VM Operations (20 events):
Event: 10.420 Executing VM operation: G1CollectForAllocation done
Event: 10.475 Executing VM operation: G1Concurrent
Event: 10.479 Executing VM operation: G1Concurrent done
Event: 10.504 Executing VM operation: G1Concurrent
Event: 10.504 Executing VM operation: G1Concurrent done
Event: 10.722 Executing VM operation: G1CollectForAllocation
Event: 10.726 Executing VM operation: G1CollectForAllocation done
Event: 10.738 Executing VM operation: G1CollectForAllocation
Event: 10.741 Executing VM operation: G1CollectForAllocation done
Event: 10.888 Executing VM operation: HandshakeAllThreads
Event: 10.888 Executing VM operation: HandshakeAllThreads done
Event: 10.959 Executing VM operation: G1CollectForAllocation
Event: 10.963 Executing VM operation: G1CollectForAllocation done
Event: 11.000 Executing VM operation: G1Concurrent
Event: 11.003 Executing VM operation: G1Concurrent done
Event: 11.020 Executing VM operation: G1Concurrent
Event: 11.020 Executing VM operation: G1Concurrent done
Event: 11.350 Executing VM operation: G1CollectForAllocation
Event: 11.354 Executing VM operation: G1CollectForAllocation done
Event: 11.379 Executing VM operation: G1CollectForAllocation

Events (20 events):
Event: 10.190 loading class java/security/KeyStore$1 done
Event: 10.364 loading class javax/xml/stream/XMLStreamException
Event: 10.364 loading class javax/xml/stream/XMLStreamException done
Event: 10.388 loading class sun/reflect/annotation/AnnotationInvocationHandler$1
Event: 10.388 loading class sun/reflect/annotation/AnnotationInvocationHandler$1 done
Event: 10.578 loading class org/xml/sax/Locator
Event: 10.578 loading class org/xml/sax/Locator done
Event: 10.579 loading class org/xml/sax/SAXParseException
Event: 10.580 loading class org/xml/sax/SAXParseException done
Event: 10.580 loading class org/xml/sax/Attributes
Event: 10.580 loading class org/xml/sax/Attributes done
Event: 10.751 loading class java/beans/IntrospectionException
Event: 10.751 loading class java/beans/IntrospectionException done
Event: 11.091 loading class sun/reflect/generics/repository/FieldRepository
Event: 11.091 loading class sun/reflect/generics/repository/FieldRepository done
Event: 11.102 loading class jdk/internal/vm/annotation/ForceInline
Event: 11.102 loading class jdk/internal/vm/annotation/ForceInline done
Event: 11.173 loading class java/util/regex/Pattern$Caret
Event: 11.173 loading class java/util/regex/Pattern$Caret done
Event: 11.376 Thread 0x0000021c1f142020 Thread exited: 0x0000021c1f142020


Dynamic libraries:
0x00007ff6399f0000 - 0x00007ff6399fa000 	C:\Program Files\Android\Android Studio\jbr\bin\java.exe
0x00007ffb18890000 - 0x00007ffb18a88000 	C:\WINDOWS\SYSTEM32\ntdll.dll
0x00007ffb17aa0000 - 0x00007ffb17b5d000 	C:\WINDOWS\System32\KERNEL32.DLL
0x00007ffb16430000 - 0x00007ffb16726000 	C:\WINDOWS\System32\KERNELBASE.dll
0x00007ffb16330000 - 0x00007ffb16430000 	C:\WINDOWS\System32\ucrtbase.dll
0x00007ffaef3d0000 - 0x00007ffaef3e7000 	C:\Program Files\Android\Android Studio\jbr\bin\jli.dll
0x00007ffb0e9c0000 - 0x00007ffb0e9db000 	C:\Program Files\Android\Android Studio\jbr\bin\VCRUNTIME140.dll
0x00007ffb18240000 - 0x00007ffb183de000 	C:\WINDOWS\System32\USER32.dll
0x00007ffb16300000 - 0x00007ffb16322000 	C:\WINDOWS\System32\win32u.dll
0x00007ffb18400000 - 0x00007ffb1842c000 	C:\WINDOWS\System32\GDI32.dll
0x00007ffb161e0000 - 0x00007ffb162fa000 	C:\WINDOWS\System32\gdi32full.dll
0x00007ffb15fe0000 - 0x00007ffb1607d000 	C:\WINDOWS\System32\msvcp_win.dll
0x00007ffafb390000 - 0x00007ffafb62a000 	C:\WINDOWS\WinSxS\amd64_microsoft.windows.common-controls_6595b64144ccf1df_6.0.19041.3636_none_60b6a03d71f818d5\COMCTL32.dll
0x00007ffb184e0000 - 0x00007ffb1857e000 	C:\WINDOWS\System32\msvcrt.dll
0x00007ffb18160000 - 0x00007ffb18190000 	C:\WINDOWS\System32\IMM32.DLL
0x00007ffb10970000 - 0x00007ffb1097c000 	C:\Program Files\Android\Android Studio\jbr\bin\vcruntime140_1.dll
0x00007ffb05310000 - 0x00007ffb0539d000 	C:\Program Files\Android\Android Studio\jbr\bin\msvcp140.dll
0x00007ffac4fb0000 - 0x00007ffac5c1e000 	C:\Program Files\Android\Android Studio\jbr\bin\server\jvm.dll
0x00007ffb18430000 - 0x00007ffb184df000 	C:\WINDOWS\System32\ADVAPI32.dll
0x00007ffb18190000 - 0x00007ffb1822c000 	C:\WINDOWS\System32\sechost.dll
0x00007ffb185e0000 - 0x00007ffb18706000 	C:\WINDOWS\System32\RPCRT4.dll
0x00007ffb109c0000 - 0x00007ffb109c9000 	C:\WINDOWS\SYSTEM32\WSOCK32.dll
0x00007ffafbb70000 - 0x00007ffafbb97000 	C:\WINDOWS\SYSTEM32\WINMM.dll
0x00007ffb18710000 - 0x00007ffb1877b000 	C:\WINDOWS\System32\WS2_32.dll
0x00007ffb0e040000 - 0x00007ffb0e04a000 	C:\WINDOWS\SYSTEM32\VERSION.dll
0x00007ffb14780000 - 0x00007ffb14792000 	C:\WINDOWS\SYSTEM32\kernel.appcore.dll
0x00007ffb082b0000 - 0x00007ffb082ba000 	C:\Program Files\Android\Android Studio\jbr\bin\jimage.dll
0x00007ffb13d00000 - 0x00007ffb13ee4000 	C:\WINDOWS\SYSTEM32\DBGHELP.DLL
0x00007ffb0d180000 - 0x00007ffb0d1b4000 	C:\WINDOWS\SYSTEM32\dbgcore.DLL
0x00007ffb16830000 - 0x00007ffb168b2000 	C:\WINDOWS\System32\bcryptPrimitives.dll
0x00007ffaf4460000 - 0x00007ffaf4485000 	C:\Program Files\Android\Android Studio\jbr\bin\java.dll
0x00007ffaf9990000 - 0x00007ffaf99a8000 	C:\Program Files\Android\Android Studio\jbr\bin\zip.dll
0x00007ffb168f0000 - 0x00007ffb17034000 	C:\WINDOWS\System32\SHELL32.dll
0x00007ffb13f10000 - 0x00007ffb146ab000 	C:\WINDOWS\SYSTEM32\windows.storage.dll
0x00007ffb17740000 - 0x00007ffb17a94000 	C:\WINDOWS\System32\combase.dll
0x00007ffb158e0000 - 0x00007ffb1590d000 	C:\WINDOWS\SYSTEM32\Wldp.dll
0x00007ffb17b60000 - 0x00007ffb17c0d000 	C:\WINDOWS\System32\SHCORE.dll
0x00007ffb17040000 - 0x00007ffb17095000 	C:\WINDOWS\System32\shlwapi.dll
0x00007ffb15ea0000 - 0x00007ffb15ec5000 	C:\WINDOWS\SYSTEM32\profapi.dll
0x00007ffaf42e0000 - 0x00007ffaf42f9000 	C:\Program Files\Android\Android Studio\jbr\bin\net.dll
0x00007ffb0bf40000 - 0x00007ffb0c04a000 	C:\WINDOWS\SYSTEM32\WINHTTP.dll
0x00007ffb15640000 - 0x00007ffb156aa000 	C:\WINDOWS\system32\mswsock.dll
0x00007ffaf3be0000 - 0x00007ffaf3bf6000 	C:\Program Files\Android\Android Studio\jbr\bin\nio.dll
0x00007ffb081f0000 - 0x00007ffb08200000 	C:\Program Files\Android\Android Studio\jbr\bin\verify.dll
0x00007ffaf99b0000 - 0x00007ffaf99d7000 	C:\Users\jupi0\.gradle\native\68d5fa5c4cc2d200863cafc0d521ce42e7d3e7ee720ec0a83991735586a16f82\windows-amd64\native-platform.dll
0x00007ffaeb8d0000 - 0x00007ffaeba14000 	C:\Users\jupi0\.gradle\native\e376f236ea51e6404a007f0833ffe2c6e607c4080706a723a18a27aeea778392\windows-amd64\native-platform-file-events.dll
0x00007ffb03310000 - 0x00007ffb03319000 	C:\Program Files\Android\Android Studio\jbr\bin\management.dll
0x00007ffafd5f0000 - 0x00007ffafd5fb000 	C:\Program Files\Android\Android Studio\jbr\bin\management_ext.dll
0x00007ffb17c10000 - 0x00007ffb17c18000 	C:\WINDOWS\System32\PSAPI.DLL
0x00007ffb15830000 - 0x00007ffb15848000 	C:\WINDOWS\SYSTEM32\CRYPTSP.dll
0x00007ffb14f30000 - 0x00007ffb14f64000 	C:\WINDOWS\system32\rsaenh.dll
0x00007ffb168c0000 - 0x00007ffb168e7000 	C:\WINDOWS\System32\bcrypt.dll
0x00007ffb15e60000 - 0x00007ffb15e8e000 	C:\WINDOWS\SYSTEM32\USERENV.dll
0x00007ffb15850000 - 0x00007ffb1585c000 	C:\WINDOWS\SYSTEM32\CRYPTBASE.dll
0x00007ffb15330000 - 0x00007ffb1536b000 	C:\WINDOWS\SYSTEM32\IPHLPAPI.DLL
0x00007ffb18230000 - 0x00007ffb18238000 	C:\WINDOWS\System32\NSI.dll
0x00007ffb0b960000 - 0x00007ffb0b977000 	C:\WINDOWS\SYSTEM32\dhcpcsvc6.DLL
0x00007ffb0dcb0000 - 0x00007ffb0dccd000 	C:\WINDOWS\SYSTEM32\dhcpcsvc.DLL
0x00007ffb15370000 - 0x00007ffb1543a000 	C:\WINDOWS\SYSTEM32\DNSAPI.dll
0x00007ffafd050000 - 0x00007ffafd057000 	C:\WINDOWS\system32\wshunix.dll

dbghelp: loaded successfully - version: 4.0.5 - missing functions: none
symbol engine: initialized successfully - sym options: 0x614 - pdb path: .;C:\Program Files\Android\Android Studio\jbr\bin;C:\WINDOWS\SYSTEM32;C:\WINDOWS\WinSxS\amd64_microsoft.windows.common-controls_6595b64144ccf1df_6.0.19041.3636_none_60b6a03d71f818d5;C:\Program Files\Android\Android Studio\jbr\bin\server;C:\Users\jupi0\.gradle\native\68d5fa5c4cc2d200863cafc0d521ce42e7d3e7ee720ec0a83991735586a16f82\windows-amd64;C:\Users\jupi0\.gradle\native\e376f236ea51e6404a007f0833ffe2c6e607c4080706a723a18a27aeea778392\windows-amd64

VM Arguments:
jvm_args: --add-opens=java.base/java.util=ALL-UNNAMED --add-opens=java.base/java.lang=ALL-UNNAMED --add-opens=java.base/java.lang.invoke=ALL-UNNAMED --add-opens=java.prefs/java.util.prefs=ALL-UNNAMED --add-opens=java.base/java.nio.charset=ALL-UNNAMED --add-opens=java.base/java.net=ALL-UNNAMED --add-opens=java.base/java.util.concurrent.atomic=ALL-UNNAMED -Xmx2048m -Dfile.encoding=UTF-8 -Duser.country=KR -Duser.language=ko -Duser.variant 
java_command: org.gradle.launcher.daemon.bootstrap.GradleDaemon 8.0
java_class_path (initial): C:\Users\jupi0\.gradle\wrapper\dists\gradle-8.0-bin\ca5e32bp14vu59qr306oxotwh\gradle-8.0\lib\gradle-launcher-8.0.jar
Launcher Type: SUN_STANDARD

[Global flags]
     intx CICompilerCount                          = 4                                         {product} {ergonomic}
     uint ConcGCThreads                            = 2                                         {product} {ergonomic}
     uint G1ConcRefinementThreads                  = 8                                         {product} {ergonomic}
   size_t G1HeapRegionSize                         = 1048576                                   {product} {ergonomic}
    uintx GCDrainStackTargetSize                   = 64                                        {product} {ergonomic}
   size_t InitialHeapSize                          = 134217728                                 {product} {ergonomic}
   size_t MarkStackSize                            = 4194304                                   {product} {ergonomic}
   size_t MaxHeapSize                              = 2147483648                                {product} {command line}
   size_t MaxNewSize                               = 1287651328                                {product} {ergonomic}
   size_t MinHeapDeltaBytes                        = 1048576                                   {product} {ergonomic}
   size_t MinHeapSize                              = 8388608                                   {product} {ergonomic}
    uintx NonNMethodCodeHeapSize                   = 5839372                                {pd product} {ergonomic}
    uintx NonProfiledCodeHeapSize                  = 122909434                              {pd product} {ergonomic}
    uintx ProfiledCodeHeapSize                     = 122909434                              {pd product} {ergonomic}
    uintx ReservedCodeCacheSize                    = 251658240                              {pd product} {ergonomic}
     bool SegmentedCodeCache                       = true                                      {product} {ergonomic}
   size_t SoftMaxHeapSize                          = 2147483648                             {manageable} {ergonomic}
     bool UseCompressedClassPointers               = true                           {product lp64_product} {ergonomic}
     bool UseCompressedOops                        = true                           {product lp64_product} {ergonomic}
     bool UseG1GC                                  = true                                      {product} {ergonomic}
     bool UseLargePagesIndividualAllocation        = false                                  {pd product} {ergonomic}

Logging:
Log output configuration:
 #0: stdout all=warning uptime,level,tags
 #1: stderr all=off uptime,level,tags

Environment Variables:
JAVA_HOME=C:\Program Files\Java\jdk1.8.0_161
PATH=C:\Program Files\Common Files\Oracle\Java\javapath;C:\Program Files (x86)\Intel\iCLS Client\;C:\Program Files\Intel\iCLS Client\;C:\ProgramData\Oracle\Java\javapath;C:\WINDOWS\system32;C:\WINDOWS;C:\WINDOWS\System32\Wbem;C:\WINDOWS\System32\WindowsPowerShell\v1.0\;C:\Program Files (x86)\Windows Live\Shared;C:\Program Files\Java\jdk1.8.0_161\bin;;C:\Program Files (x86)\Common Files\Teruten\DSFilter;C:\WINDOWS\System32\OpenSSH\;C:\Program Files (x86)\Intel\Intel(R) Management Engine Components\DAL;C:\Program Files\Intel\Intel(R) Management Engine Components\DAL;C:\Program Files (x86)\Intel\Intel(R) Management Engine Components\IPT;C:\Program Files\Intel\Intel(R) Management Engine Components\IPT;C:\Program Files (x86)\NVIDIA Corporation\PhysX\Common;C:\WINDOWS\system32;C:\WINDOWS;C:\WINDOWS\System32\Wbem;C:\WINDOWS\System32\WindowsPowerShell\v1.0\;C:\WINDOWS\System32\OpenSSH\;C:\Program Files\NVIDIA Corporation\NVIDIA NvDLISR;C:\Users\jupi0\AppData\Local\Programs\Python\Python38\Scripts\;C:\Users\jupi0\AppData\Local\Programs\Python\Python38\;C:\Users\jupi0\AppData\Local\Programs\Python\Python36\Scripts\;C:\Users\jupi0\AppData\Local\Programs\Python\Python36\;C:\Python36;C:\Users\jupi0\AppData\Local\Microsoft\WindowsApps;C:\Program Files\Bandizip\;;C:\Users\jupi0\AppData\Local\Programs\Microsoft VS Code\bin;C:\Program Files\JetBrains\PyCharm Community Edition 2023.2.1\bin;
USERNAME=jupi0
OS=Windows_NT
PROCESSOR_IDENTIFIER=Intel64 Family 6 Model 158 Stepping 9, GenuineIntel
TMP=C:\Users\jupi0\AppData\Local\Temp
TEMP=C:\Users\jupi0\AppData\Local\Temp


JNI global refs:
JNI global refs: 26, weak refs: 0

JNI global refs memory usage: 843, weak refs: 209


---------------  S Y S T E M  ---------------

OS:
 Windows 10 , 64 bit Build 19041 (10.0.19041.3636)
OS uptime: 14 days 22:00 hours
Hyper-V role detected

CPU: total 8 (initial active 8) (4 cores per cpu, 2 threads per core) family 6 model 158 stepping 9 microcode 0xb4, cx8, cmov, fxsr, ht, mmx, 3dnowpref, sse, sse2, sse3, ssse3, sse4.1, sse4.2, popcnt, lzcnt, tsc, tscinvbit, avx, avx2, aes, erms, clmul, bmi1, bmi2, adx, fma, vzeroupper, clflush, clflushopt, hv

Memory: 4k page, system-wide physical 8084M (537M free)
TotalPageFile size 30858M (AvailPageFile size 111M)
current process WorkingSet (physical memory assigned to process): 321M, peak: 321M
current process commit charge ("private bytes"): 380M, peak: 533M

vm_info: OpenJDK 64-Bit Server VM (17.0.6+0-b2043.56-10027231) for windows-amd64 JRE (17.0.6+0-b2043.56-10027231), built on Apr 28 2023 00:43:19 by "androidbuild" with MS VC++ 16.10 / 16.11 (VS2019)

END.
