#
# There is insufficient memory for the Java Runtime Environment to continue.
# Native memory allocation (mmap) failed to map 17825792 bytes for G1 virtual space
# Possible reasons:
#   The system is out of physical RAM or swap space
#   The process is running with CompressedOops enabled, and the Java Heap may be blocking the growth of the native heap
# Possible solutions:
#   Reduce memory load on the system
#   Increase physical memory or swap space
#   Check if swap backing store is full
#   Decrease Java heap size (-Xmx/-Xms)
#   Decrease number of Java threads
#   Decrease Java thread stack sizes (-Xss)
#   Set larger code cache with -XX:ReservedCodeCacheSize=
#   JVM is running with Unscaled Compressed Oops mode in which the Java heap is
#     placed in the first 4GB address space. The Java Heap base address is the
#     maximum limit for the native heap growth. Please use -XX:HeapBaseMinAddress
#     to set the Java Heap base and to place the Java Heap above 4GB virtual address.
# This output file may be truncated or incomplete.
#
#  Out of Memory Error (os_windows.cpp:3769), pid=5760, tid=13980
#
# JRE version: OpenJDK Runtime Environment (17.0.6) (build 17.0.6+0-b2043.56-10027231)
# Java VM: OpenJDK 64-Bit Server VM (17.0.6+0-b2043.56-10027231, mixed mode, tiered, compressed oops, compressed class ptrs, g1 gc, windows-amd64)
# No core dump will be written. Minidumps are not enabled by default on client versions of Windows
#

---------------  S U M M A R Y ------------

Command Line: --add-opens=java.base/java.util=ALL-UNNAMED --add-opens=java.base/java.lang=ALL-UNNAMED --add-opens=java.base/java.lang.invoke=ALL-UNNAMED --add-opens=java.prefs/java.util.prefs=ALL-UNNAMED --add-opens=java.base/java.nio.charset=ALL-UNNAMED --add-opens=java.base/java.net=ALL-UNNAMED --add-opens=java.base/java.util.concurrent.atomic=ALL-UNNAMED -Xmx2048m -Dfile.encoding=UTF-8 -Duser.country=KR -Duser.language=ko -Duser.variant org.gradle.launcher.daemon.bootstrap.GradleDaemon 8.0

Host: Intel(R) Core(TM) i7-7700HQ CPU @ 2.80GHz, 8 cores, 7G,  Windows 10 , 64 bit Build 19041 (10.0.19041.3636)
Time: Wed Dec 13 06:27:40 2023  Windows 10 , 64 bit Build 19041 (10.0.19041.3636) elapsed time: 17.153407 seconds (0d 0h 0m 17s)

---------------  T H R E A D  ---------------

Current thread (0x00000127ac804c70):  VMThread "VM Thread" [stack: 0x0000001123300000,0x0000001123400000] [id=13980]

Stack: [0x0000001123300000,0x0000001123400000]
Native frames: (J=compiled Java code, j=interpreted, Vv=VM code, C=native code)
V  [jvm.dll+0x683c9a]
V  [jvm.dll+0x8427a4]
V  [jvm.dll+0x843f9e]
V  [jvm.dll+0x844603]
V  [jvm.dll+0x249b75]
V  [jvm.dll+0x680b69]
V  [jvm.dll+0x67505a]
V  [jvm.dll+0x309acb]
V  [jvm.dll+0x310f86]
V  [jvm.dll+0x3608ee]
V  [jvm.dll+0x360b1f]
V  [jvm.dll+0x2dfbf8]
V  [jvm.dll+0x2e2ce6]
V  [jvm.dll+0x2ed478]
V  [jvm.dll+0x322150]
V  [jvm.dll+0x848ccb]
V  [jvm.dll+0x849a04]
V  [jvm.dll+0x849f1d]
V  [jvm.dll+0x84a2f4]
V  [jvm.dll+0x84a3c0]
V  [jvm.dll+0x7f274a]
V  [jvm.dll+0x682ad5]
C  [ucrtbase.dll+0x21bb2]
C  [KERNEL32.DLL+0x17344]
C  [ntdll.dll+0x526b1]

VM_Operation (0x0000001122fff480): G1Concurrent, mode: safepoint, requested by thread 0x00000127929fb070


---------------  P R O C E S S  ---------------

Threads class SMR info:
_java_thread_list=0x00000127b52f3260, length=144, elements={
0x000001279081e7b0, 0x00000127ad401550, 0x00000127ad402410, 0x00000127ac82d860,
0x00000127ac82e220, 0x00000127ac82eae0, 0x00000127ad42b910, 0x00000127ad42c5b0,
0x00000127ad42cf60, 0x00000127ad42e040, 0x00000127ad5b07f0, 0x00000127ad5b20e0,
0x00000127aeddca00, 0x00000127b06bbad0, 0x00000127aeea10f0, 0x00000127ae85f820,
0x00000127af87e050, 0x00000127af87e520, 0x00000127b093f020, 0x00000127b093f4f0,
0x00000127ae8a94e0, 0x00000127af98e230, 0x00000127afc6c030, 0x00000127afdb1c40,
0x00000127afdb2110, 0x00000127afdb25e0, 0x00000127afdb0dd0, 0x00000127afdb12a0,
0x00000127afdb1770, 0x00000127b03a70b0, 0x00000127b03aa5a0, 0x00000127b03abdb0,
0x00000127b03aaf40, 0x00000127b03ac750, 0x00000127b03ada90, 0x00000127b03a7580,
0x00000127b03acc20, 0x00000127b03a7a50, 0x00000127b03a9260, 0x00000127b03ac280,
0x00000127b03ad0f0, 0x00000127b03a7f20, 0x00000127b03a83f0, 0x00000127b03a8d90,
0x00000127b03a9730, 0x00000127b03a9c00, 0x00000127b03aa0d0, 0x00000127b03aaa70,
0x00000127b03ab8e0, 0x00000127b0f0cd60, 0x00000127b0f08060, 0x00000127b0f0ba20,
0x00000127b0f0ea40, 0x00000127b0f0a210, 0x00000127b0f0abb0, 0x00000127b0f0b550,
0x00000127b0f0ef10, 0x00000127b0f0e0a0, 0x00000127b0f0bef0, 0x00000127b0f0dbd0,
0x00000127b0f093a0, 0x00000127b0f0a6e0, 0x00000127b0f08a00, 0x00000127b0f0f3e0,
0x00000127b0f0d700, 0x00000127b0f0c3c0, 0x00000127b0f0c890, 0x00000127b0f0e570,
0x00000127b0f08ed0, 0x00000127b0f09870, 0x00000127b0f0d230, 0x00000127b0f0f8b0,
0x00000127b0f08530, 0x00000127b0f09d40, 0x00000127b0f0b080, 0x00000127ada3a900,
0x00000127ada390f0, 0x00000127ada3c110, 0x00000127ada3d920, 0x00000127ada39a90,
0x00000127ada3b770, 0x00000127ada3c5e0, 0x00000127ada3fad0, 0x00000127ada3ddf0,
0x00000127ada3add0, 0x00000127ada3cab0, 0x00000127ada3f600, 0x00000127ada3b2a0,
0x00000127ada3cf80, 0x00000127ada3ec60, 0x00000127ada3bc40, 0x00000127ada3d450,
0x00000127ada3e2c0, 0x00000127ada3ffa0, 0x00000127ada3e790, 0x00000127ada3f130,
0x00000127ada40470, 0x00000127ada40940, 0x00000127ada395c0, 0x00000127ada39f60,
0x00000127ada3a430, 0x00000127b2bdaca0, 0x00000127b2bdc4b0, 0x00000127b2bdbfe0,
0x00000127b2bdc980, 0x00000127b2bdf9a0, 0x00000127b2bde660, 0x00000127b2bd9e30,
0x00000127b2bdfe70, 0x00000127b2bda7d0, 0x00000127b2be1680, 0x00000127b2be0340,
0x00000127b2bdce50, 0x00000127b2bdf000, 0x00000127b2be0810, 0x00000127b2bdd7f0,
0x00000127b2bdd320, 0x00000127b2be0ce0, 0x00000127b2bddcc0, 0x00000127b2bdb640,
0x00000127b2be11b0, 0x00000127b2bda300, 0x00000127b2bdb170, 0x00000127b2bdbb10,
0x00000127b2bdeb30, 0x00000127b2bdf4d0, 0x00000127b2e528a0, 0x00000127b2e51f00,
0x00000127b2e4fd50, 0x00000127b2e52d70, 0x00000127b2e4f880, 0x00000127b2e50220,
0x00000127b2e4f3b0, 0x00000127b2e53240, 0x00000127b2e523d0, 0x00000127b05303b0,
0x00000127b052f070, 0x00000127b052fa10, 0x00000127b0530880, 0x00000127b052fee0,
0x00000127b052f540, 0x00000127aef99c70, 0x00000127b51dbf00, 0x00000127b51db560
}

Java Threads: ( => current thread )
  0x000001279081e7b0 JavaThread "main" [_thread_blocked, id=28100, stack(0x0000001122d00000,0x0000001122e00000)]
  0x00000127ad401550 JavaThread "Reference Handler" daemon [_thread_blocked, id=7788, stack(0x0000001123400000,0x0000001123500000)]
  0x00000127ad402410 JavaThread "Finalizer" daemon [_thread_blocked, id=2656, stack(0x0000001123500000,0x0000001123600000)]
  0x00000127ac82d860 JavaThread "Signal Dispatcher" daemon [_thread_blocked, id=29592, stack(0x0000001123600000,0x0000001123700000)]
  0x00000127ac82e220 JavaThread "Attach Listener" daemon [_thread_blocked, id=27492, stack(0x0000001123700000,0x0000001123800000)]
  0x00000127ac82eae0 JavaThread "Service Thread" daemon [_thread_blocked, id=28620, stack(0x0000001123800000,0x0000001123900000)]
  0x00000127ad42b910 JavaThread "Monitor Deflation Thread" daemon [_thread_blocked, id=17592, stack(0x0000001123900000,0x0000001123a00000)]
  0x00000127ad42c5b0 JavaThread "C2 CompilerThread0" daemon [_thread_blocked, id=992, stack(0x0000001123a00000,0x0000001123b00000)]
  0x00000127ad42cf60 JavaThread "C1 CompilerThread0" daemon [_thread_blocked, id=18180, stack(0x0000001123b00000,0x0000001123c00000)]
  0x00000127ad42e040 JavaThread "Sweeper thread" daemon [_thread_blocked, id=17968, stack(0x0000001123c00000,0x0000001123d00000)]
  0x00000127ad5b07f0 JavaThread "Common-Cleaner" daemon [_thread_blocked, id=3324, stack(0x0000001123d00000,0x0000001123e00000)]
  0x00000127ad5b20e0 JavaThread "Notification Thread" daemon [_thread_blocked, id=8456, stack(0x0000001123e00000,0x0000001123f00000)]
  0x00000127aeddca00 JavaThread "Daemon health stats" [_thread_blocked, id=17356, stack(0x0000001124500000,0x0000001124600000)]
  0x00000127b06bbad0 JavaThread "Incoming local TCP Connector on port 8702" [_thread_in_native, id=11572, stack(0x0000001124000000,0x0000001124100000)]
  0x00000127aeea10f0 JavaThread "C2 CompilerThread1" daemon [_thread_blocked, id=2268, stack(0x0000001124600000,0x0000001124700000)]
  0x00000127ae85f820 JavaThread "Daemon periodic checks" [_thread_blocked, id=9884, stack(0x0000001124700000,0x0000001124800000)]
  0x00000127af87e050 JavaThread "Daemon" [_thread_blocked, id=18988, stack(0x0000001124800000,0x0000001124900000)]
  0x00000127af87e520 JavaThread "Handler for socket connection from /127.0.0.1:8702 to /127.0.0.1:8703" [_thread_in_native, id=15996, stack(0x0000001124900000,0x0000001124a00000)]
  0x00000127b093f020 JavaThread "Cancel handler" [_thread_blocked, id=28244, stack(0x0000001124a00000,0x0000001124b00000)]
  0x00000127b093f4f0 JavaThread "Daemon worker" [_thread_blocked, id=18712, stack(0x0000001124b00000,0x0000001124c00000)]
  0x00000127ae8a94e0 JavaThread "Asynchronous log dispatcher for DefaultDaemonConnection: socket connection from /127.0.0.1:8702 to /127.0.0.1:8703" [_thread_blocked, id=29608, stack(0x0000001124c00000,0x0000001124d00000)]
  0x00000127af98e230 JavaThread "Stdin handler" [_thread_blocked, id=6104, stack(0x0000001124d00000,0x0000001124e00000)]
  0x00000127afc6c030 JavaThread "Daemon client event forwarder" [_thread_blocked, id=17432, stack(0x0000001124e00000,0x0000001124f00000)]
  0x00000127afdb1c40 JavaThread "Cache worker for journal cache (C:\Users\jupi0\.gradle\caches\journal-1)" [_thread_blocked, id=26788, stack(0x0000001125300000,0x0000001125400000)]
  0x00000127afdb2110 JavaThread "File lock request listener" [_thread_in_native, id=24228, stack(0x0000001125400000,0x0000001125500000)]
  0x00000127afdb25e0 JavaThread "Cache worker for file hash cache (C:\Users\jupi0\.gradle\caches\8.0\fileHashes)" [_thread_blocked, id=6500, stack(0x0000001125500000,0x0000001125600000)]
  0x00000127afdb0dd0 JavaThread "File watcher server" daemon [_thread_blocked, id=13200, stack(0x0000001125600000,0x0000001125700000)]
  0x00000127afdb12a0 JavaThread "File watcher consumer" daemon [_thread_blocked, id=23428, stack(0x0000001125700000,0x0000001125800000)]
  0x00000127afdb1770 JavaThread "Cache worker for checksums cache (C:\Users\jupi0\AndroidStudioProjects\Capstone_2\.gradle\8.0\checksums)" [_thread_blocked, id=7308, stack(0x0000001125800000,0x0000001125900000)]
  0x00000127b03a70b0 JavaThread "Cache worker for cache directory md-rule (C:\Users\jupi0\.gradle\caches\8.0\md-rule)" [_thread_blocked, id=17016, stack(0x0000001125900000,0x0000001125a00000)]
  0x00000127b03aa5a0 JavaThread "Cache worker for file content cache (C:\Users\jupi0\.gradle\caches\8.0\fileContent)" [_thread_blocked, id=9840, stack(0x0000001125a00000,0x0000001125b00000)]
  0x00000127b03abdb0 JavaThread "Cache worker for file hash cache (C:\Users\jupi0\AndroidStudioProjects\Capstone_2\.gradle\8.0\fileHashes)" [_thread_blocked, id=22176, stack(0x0000001125b00000,0x0000001125c00000)]
  0x00000127b03aaf40 JavaThread "Cache worker for cache directory md-supplier (C:\Users\jupi0\.gradle\caches\8.0\md-supplier)" [_thread_blocked, id=24308, stack(0x0000001125c00000,0x0000001125d00000)]
  0x00000127b03ac750 JavaThread "Cache worker for execution history cache (C:\Users\jupi0\.gradle\caches\8.0\executionHistory)" [_thread_blocked, id=17512, stack(0x0000001125d00000,0x0000001125e00000)]
  0x00000127b03ada90 JavaThread "jar transforms" [_thread_blocked, id=29404, stack(0x0000001125e00000,0x0000001125f00000)]
  0x00000127b03a7580 JavaThread "jar transforms Thread 2" [_thread_blocked, id=8424, stack(0x0000001125f00000,0x0000001126000000)]
  0x00000127b03acc20 JavaThread "jar transforms Thread 3" [_thread_blocked, id=21976, stack(0x0000001126100000,0x0000001126200000)]
  0x00000127b03a7a50 JavaThread "jar transforms Thread 4" [_thread_blocked, id=3832, stack(0x0000001126200000,0x0000001126300000)]
  0x00000127b03a9260 JavaThread "Cache worker for dependencies-accessors (C:\Users\jupi0\AndroidStudioProjects\Capstone_2\.gradle\8.0\dependencies-accessors)" [_thread_blocked, id=24140, stack(0x0000001126300000,0x0000001126400000)]
  0x00000127b03ac280 JavaThread "jar transforms Thread 5" [_thread_blocked, id=26868, stack(0x0000001126400000,0x0000001126500000)]
  0x00000127b03ad0f0 JavaThread "Cache worker for Build Output Cleanup Cache (C:\Users\jupi0\AndroidStudioProjects\Capstone_2\.gradle\buildOutputCleanup)" [_thread_blocked, id=16104, stack(0x0000001126500000,0x0000001126600000)]
  0x00000127b03a7f20 JavaThread "Unconstrained build operations" [_thread_blocked, id=21564, stack(0x0000001126600000,0x0000001126700000)]
  0x00000127b03a83f0 JavaThread "Unconstrained build operations Thread 2" [_thread_blocked, id=26812, stack(0x0000001126700000,0x0000001126800000)]
  0x00000127b03a8d90 JavaThread "Unconstrained build operations Thread 3" [_thread_blocked, id=27168, stack(0x0000001126800000,0x0000001126900000)]
  0x00000127b03a9730 JavaThread "Unconstrained build operations Thread 4" [_thread_blocked, id=19100, stack(0x0000001126900000,0x0000001126a00000)]
  0x00000127b03a9c00 JavaThread "Unconstrained build operations Thread 5" [_thread_blocked, id=13752, stack(0x0000001126a00000,0x0000001126b00000)]
  0x00000127b03aa0d0 JavaThread "Unconstrained build operations Thread 6" [_thread_blocked, id=15280, stack(0x0000001126b00000,0x0000001126c00000)]
  0x00000127b03aaa70 JavaThread "Unconstrained build operations Thread 7" [_thread_blocked, id=24408, stack(0x0000001126c00000,0x0000001126d00000)]
  0x00000127b03ab8e0 JavaThread "Unconstrained build operations Thread 8" [_thread_blocked, id=24332, stack(0x0000001126d00000,0x0000001126e00000)]
  0x00000127b0f0cd60 JavaThread "Unconstrained build operations Thread 9" [_thread_blocked, id=27940, stack(0x0000001126e00000,0x0000001126f00000)]
  0x00000127b0f08060 JavaThread "Unconstrained build operations Thread 10" [_thread_blocked, id=25752, stack(0x0000001126f00000,0x0000001127000000)]
  0x00000127b0f0ba20 JavaThread "Unconstrained build operations Thread 11" [_thread_blocked, id=17532, stack(0x0000001127000000,0x0000001127100000)]
  0x00000127b0f0ea40 JavaThread "Unconstrained build operations Thread 12" [_thread_blocked, id=10596, stack(0x0000001127100000,0x0000001127200000)]
  0x00000127b0f0a210 JavaThread "Unconstrained build operations Thread 13" [_thread_blocked, id=10012, stack(0x0000001127200000,0x0000001127300000)]
  0x00000127b0f0abb0 JavaThread "Unconstrained build operations Thread 14" [_thread_blocked, id=15496, stack(0x0000001127300000,0x0000001127400000)]
  0x00000127b0f0b550 JavaThread "Unconstrained build operations Thread 15" [_thread_blocked, id=20528, stack(0x0000001127400000,0x0000001127500000)]
  0x00000127b0f0ef10 JavaThread "Unconstrained build operations Thread 16" [_thread_blocked, id=11528, stack(0x0000001127500000,0x0000001127600000)]
  0x00000127b0f0e0a0 JavaThread "Unconstrained build operations Thread 17" [_thread_blocked, id=13168, stack(0x0000001127600000,0x0000001127700000)]
  0x00000127b0f0bef0 JavaThread "Unconstrained build operations Thread 18" [_thread_blocked, id=22956, stack(0x0000001127700000,0x0000001127800000)]
  0x00000127b0f0dbd0 JavaThread "Unconstrained build operations Thread 19" [_thread_blocked, id=15172, stack(0x0000001127800000,0x0000001127900000)]
  0x00000127b0f093a0 JavaThread "Unconstrained build operations Thread 20" [_thread_blocked, id=11876, stack(0x0000001127900000,0x0000001127a00000)]
  0x00000127b0f0a6e0 JavaThread "Unconstrained build operations Thread 21" [_thread_blocked, id=26292, stack(0x0000001127a00000,0x0000001127b00000)]
  0x00000127b0f08a00 JavaThread "Unconstrained build operations Thread 22" [_thread_blocked, id=24056, stack(0x0000001127b00000,0x0000001127c00000)]
  0x00000127b0f0f3e0 JavaThread "Unconstrained build operations Thread 23" [_thread_blocked, id=22552, stack(0x0000001127c00000,0x0000001127d00000)]
  0x00000127b0f0d700 JavaThread "Unconstrained build operations Thread 24" [_thread_blocked, id=25788, stack(0x0000001127d00000,0x0000001127e00000)]
  0x00000127b0f0c3c0 JavaThread "Unconstrained build operations Thread 25" [_thread_blocked, id=5588, stack(0x0000001127e00000,0x0000001127f00000)]
  0x00000127b0f0c890 JavaThread "Unconstrained build operations Thread 26" [_thread_blocked, id=11056, stack(0x0000001127f00000,0x0000001128000000)]
  0x00000127b0f0e570 JavaThread "Unconstrained build operations Thread 27" [_thread_blocked, id=29216, stack(0x0000001128000000,0x0000001128100000)]
  0x00000127b0f08ed0 JavaThread "Unconstrained build operations Thread 28" [_thread_blocked, id=19000, stack(0x0000001128100000,0x0000001128200000)]
  0x00000127b0f09870 JavaThread "Unconstrained build operations Thread 29" [_thread_blocked, id=6420, stack(0x0000001128200000,0x0000001128300000)]
  0x00000127b0f0d230 JavaThread "Unconstrained build operations Thread 30" [_thread_blocked, id=18128, stack(0x0000001128300000,0x0000001128400000)]
  0x00000127b0f0f8b0 JavaThread "Unconstrained build operations Thread 31" [_thread_blocked, id=6576, stack(0x0000001128400000,0x0000001128500000)]
  0x00000127b0f08530 JavaThread "Unconstrained build operations Thread 32" [_thread_blocked, id=28492, stack(0x0000001128500000,0x0000001128600000)]
  0x00000127b0f09d40 JavaThread "Unconstrained build operations Thread 33" [_thread_blocked, id=28372, stack(0x0000001128600000,0x0000001128700000)]
  0x00000127b0f0b080 JavaThread "Unconstrained build operations Thread 34" [_thread_blocked, id=26588, stack(0x0000001128700000,0x0000001128800000)]
  0x00000127ada3a900 JavaThread "Unconstrained build operations Thread 35" [_thread_blocked, id=3036, stack(0x0000001128800000,0x0000001128900000)]
  0x00000127ada390f0 JavaThread "Unconstrained build operations Thread 36" [_thread_blocked, id=26828, stack(0x0000001128900000,0x0000001128a00000)]
  0x00000127ada3c110 JavaThread "Unconstrained build operations Thread 37" [_thread_blocked, id=18004, stack(0x0000001128a00000,0x0000001128b00000)]
  0x00000127ada3d920 JavaThread "Unconstrained build operations Thread 38" [_thread_blocked, id=19744, stack(0x0000001128b00000,0x0000001128c00000)]
  0x00000127ada39a90 JavaThread "Unconstrained build operations Thread 39" [_thread_blocked, id=28768, stack(0x0000001128c00000,0x0000001128d00000)]
  0x00000127ada3b770 JavaThread "Unconstrained build operations Thread 40" [_thread_blocked, id=25700, stack(0x0000001128d00000,0x0000001128e00000)]
  0x00000127ada3c5e0 JavaThread "Unconstrained build operations Thread 41" [_thread_blocked, id=22812, stack(0x0000001128e00000,0x0000001128f00000)]
  0x00000127ada3fad0 JavaThread "Unconstrained build operations Thread 42" [_thread_blocked, id=19600, stack(0x0000001128f00000,0x0000001129000000)]
  0x00000127ada3ddf0 JavaThread "Unconstrained build operations Thread 43" [_thread_blocked, id=25056, stack(0x0000001129000000,0x0000001129100000)]
  0x00000127ada3add0 JavaThread "Unconstrained build operations Thread 44" [_thread_blocked, id=27996, stack(0x0000001129100000,0x0000001129200000)]
  0x00000127ada3cab0 JavaThread "Unconstrained build operations Thread 45" [_thread_blocked, id=5288, stack(0x0000001129200000,0x0000001129300000)]
  0x00000127ada3f600 JavaThread "Unconstrained build operations Thread 46" [_thread_blocked, id=11884, stack(0x0000001129300000,0x0000001129400000)]
  0x00000127ada3b2a0 JavaThread "Unconstrained build operations Thread 47" [_thread_blocked, id=13796, stack(0x0000001129400000,0x0000001129500000)]
  0x00000127ada3cf80 JavaThread "Unconstrained build operations Thread 48" [_thread_blocked, id=20772, stack(0x0000001129500000,0x0000001129600000)]
  0x00000127ada3ec60 JavaThread "Unconstrained build operations Thread 49" [_thread_blocked, id=12260, stack(0x0000001129600000,0x0000001129700000)]
  0x00000127ada3bc40 JavaThread "Unconstrained build operations Thread 50" [_thread_blocked, id=13828, stack(0x0000001129700000,0x0000001129800000)]
  0x00000127ada3d450 JavaThread "Unconstrained build operations Thread 51" [_thread_blocked, id=16268, stack(0x0000001129800000,0x0000001129900000)]
  0x00000127ada3e2c0 JavaThread "Unconstrained build operations Thread 52" [_thread_blocked, id=19776, stack(0x0000001129900000,0x0000001129a00000)]
  0x00000127ada3ffa0 JavaThread "Unconstrained build operations Thread 53" [_thread_blocked, id=17988, stack(0x0000001129a00000,0x0000001129b00000)]
  0x00000127ada3e790 JavaThread "Unconstrained build operations Thread 54" [_thread_blocked, id=27028, stack(0x0000001129b00000,0x0000001129c00000)]
  0x00000127ada3f130 JavaThread "Unconstrained build operations Thread 55" [_thread_blocked, id=15696, stack(0x0000001129c00000,0x0000001129d00000)]
  0x00000127ada40470 JavaThread "Unconstrained build operations Thread 56" [_thread_blocked, id=17276, stack(0x0000001129d00000,0x0000001129e00000)]
  0x00000127ada40940 JavaThread "Unconstrained build operations Thread 57" [_thread_blocked, id=21528, stack(0x0000001129e00000,0x0000001129f00000)]
  0x00000127ada395c0 JavaThread "Unconstrained build operations Thread 58" [_thread_blocked, id=2368, stack(0x0000001129f00000,0x000000112a000000)]
  0x00000127ada39f60 JavaThread "Unconstrained build operations Thread 59" [_thread_blocked, id=20396, stack(0x000000112a000000,0x000000112a100000)]
  0x00000127ada3a430 JavaThread "Unconstrained build operations Thread 60" [_thread_blocked, id=22080, stack(0x000000112a100000,0x000000112a200000)]
  0x00000127b2bdaca0 JavaThread "Unconstrained build operations Thread 61" [_thread_blocked, id=14628, stack(0x000000112a200000,0x000000112a300000)]
  0x00000127b2bdc4b0 JavaThread "Unconstrained build operations Thread 62" [_thread_blocked, id=27468, stack(0x000000112a300000,0x000000112a400000)]
  0x00000127b2bdbfe0 JavaThread "Unconstrained build operations Thread 63" [_thread_blocked, id=16564, stack(0x000000112a400000,0x000000112a500000)]
  0x00000127b2bdc980 JavaThread "Unconstrained build operations Thread 64" [_thread_blocked, id=17556, stack(0x000000112a500000,0x000000112a600000)]
  0x00000127b2bdf9a0 JavaThread "Unconstrained build operations Thread 65" [_thread_blocked, id=28472, stack(0x000000112a600000,0x000000112a700000)]
  0x00000127b2bde660 JavaThread "Unconstrained build operations Thread 66" [_thread_blocked, id=4288, stack(0x000000112a700000,0x000000112a800000)]
  0x00000127b2bd9e30 JavaThread "Unconstrained build operations Thread 67" [_thread_blocked, id=13660, stack(0x000000112a800000,0x000000112a900000)]
  0x00000127b2bdfe70 JavaThread "Unconstrained build operations Thread 68" [_thread_blocked, id=6784, stack(0x000000112a900000,0x000000112aa00000)]
  0x00000127b2bda7d0 JavaThread "Unconstrained build operations Thread 69" [_thread_blocked, id=29248, stack(0x000000112aa00000,0x000000112ab00000)]
  0x00000127b2be1680 JavaThread "Unconstrained build operations Thread 70" [_thread_blocked, id=28176, stack(0x000000112ab00000,0x000000112ac00000)]
  0x00000127b2be0340 JavaThread "Unconstrained build operations Thread 71" [_thread_blocked, id=7676, stack(0x000000112ac00000,0x000000112ad00000)]
  0x00000127b2bdce50 JavaThread "Unconstrained build operations Thread 72" [_thread_blocked, id=23700, stack(0x000000112ad00000,0x000000112ae00000)]
  0x00000127b2bdf000 JavaThread "Unconstrained build operations Thread 73" [_thread_blocked, id=24300, stack(0x000000112ae00000,0x000000112af00000)]
  0x00000127b2be0810 JavaThread "Unconstrained build operations Thread 74" [_thread_blocked, id=17676, stack(0x000000112af00000,0x000000112b000000)]
  0x00000127b2bdd7f0 JavaThread "Unconstrained build operations Thread 75" [_thread_blocked, id=20584, stack(0x000000112b000000,0x000000112b100000)]
  0x00000127b2bdd320 JavaThread "Unconstrained build operations Thread 76" [_thread_blocked, id=19564, stack(0x000000112b100000,0x000000112b200000)]
  0x00000127b2be0ce0 JavaThread "Unconstrained build operations Thread 77" [_thread_blocked, id=14448, stack(0x000000112b200000,0x000000112b300000)]
  0x00000127b2bddcc0 JavaThread "Unconstrained build operations Thread 78" [_thread_blocked, id=12676, stack(0x000000112b300000,0x000000112b400000)]
  0x00000127b2bdb640 JavaThread "Unconstrained build operations Thread 79" [_thread_blocked, id=15148, stack(0x000000112b400000,0x000000112b500000)]
  0x00000127b2be11b0 JavaThread "Unconstrained build operations Thread 80" [_thread_blocked, id=26196, stack(0x000000112b500000,0x000000112b600000)]
  0x00000127b2bda300 JavaThread "jar transforms Thread 6" [_thread_blocked, id=24040, stack(0x000000112b600000,0x000000112b700000)]
  0x00000127b2bdb170 JavaThread "jar transforms Thread 7" [_thread_blocked, id=18976, stack(0x000000112b700000,0x000000112b800000)]
  0x00000127b2bdbb10 JavaThread "jar transforms Thread 8" [_thread_blocked, id=26952, stack(0x000000112b800000,0x000000112b900000)]
  0x00000127b2bdeb30 JavaThread "build event listener" [_thread_blocked, id=28212, stack(0x000000112b900000,0x000000112ba00000)]
  0x00000127b2bdf4d0 JavaThread "Memory manager" [_thread_blocked, id=3836, stack(0x000000112ba00000,0x000000112bb00000)]
  0x00000127b2e528a0 JavaThread "included builds" [_thread_blocked, id=3100, stack(0x000000112bc00000,0x000000112bd00000)]
  0x00000127b2e51f00 JavaThread "Execution worker" [_thread_blocked, id=7364, stack(0x000000112bd00000,0x000000112be00000)]
  0x00000127b2e4fd50 JavaThread "Execution worker Thread 2" [_thread_blocked, id=15152, stack(0x000000112be00000,0x000000112bf00000)]
  0x00000127b2e52d70 JavaThread "Execution worker Thread 3" [_thread_blocked, id=27592, stack(0x000000112bf00000,0x000000112c000000)]
  0x00000127b2e4f880 JavaThread "Execution worker Thread 4" [_thread_blocked, id=7236, stack(0x000000112c000000,0x000000112c100000)]
  0x00000127b2e50220 JavaThread "Execution worker Thread 5" [_thread_blocked, id=15108, stack(0x000000112c100000,0x000000112c200000)]
  0x00000127b2e4f3b0 JavaThread "Execution worker Thread 6" [_thread_blocked, id=25168, stack(0x000000112c200000,0x000000112c300000)]
  0x00000127b2e53240 JavaThread "Execution worker Thread 7" [_thread_blocked, id=28884, stack(0x000000112c300000,0x000000112c400000)]
  0x00000127b2e523d0 JavaThread "Cache worker for execution history cache (C:\Users\jupi0\AndroidStudioProjects\Capstone_2\.gradle\8.0\executionHistory)" [_thread_blocked, id=14312, stack(0x000000112c400000,0x000000112c500000)]
  0x00000127b05303b0 JavaThread "Cache worker for Java compile cache (C:\Users\jupi0\.gradle\caches\8.0\javaCompile)" [_thread_blocked, id=28344, stack(0x000000112c500000,0x000000112c600000)]
  0x00000127b052f070 JavaThread "Build operations" [_thread_blocked, id=12336, stack(0x000000112c600000,0x000000112c700000)]
  0x00000127b052fa10 JavaThread "Build operations Thread 2" [_thread_blocked, id=22652, stack(0x000000112c700000,0x000000112c800000)]
  0x00000127b0530880 JavaThread "Build operations Thread 3" [_thread_blocked, id=14544, stack(0x000000112c800000,0x000000112c900000)]
  0x00000127b052fee0 JavaThread "Build operations Thread 4" [_thread_blocked, id=11180, stack(0x000000112c900000,0x000000112ca00000)]
  0x00000127b052f540 JavaThread "Build operations Thread 5" [_thread_blocked, id=8540, stack(0x000000112ca00000,0x000000112cb00000)]
  0x00000127aef99c70 JavaThread "Build operations Thread 6" [_thread_blocked, id=16516, stack(0x000000112cb00000,0x000000112cc00000)]
  0x00000127b51dbf00 JavaThread "Build operations Thread 7" [_thread_blocked, id=8200, stack(0x000000112cc00000,0x000000112cd00000)]
  0x00000127b51db560 JavaThread "Build operations Thread 8" [_thread_blocked, id=12256, stack(0x000000112cd00000,0x000000112ce00000)]

Other Threads:
=>0x00000127ac804c70 VMThread "VM Thread" [stack: 0x0000001123300000,0x0000001123400000] [id=13980]
  0x00000127ad5b55d0 WatcherThread [stack: 0x0000001123f00000,0x0000001124000000] [id=7032]
  0x00000127929ea220 GCTaskThread "GC Thread#0" [stack: 0x0000001122e00000,0x0000001122f00000] [id=12484]
  0x00000127ade95910 GCTaskThread "GC Thread#1" [stack: 0x0000001124100000,0x0000001124200000] [id=29612]
  0x00000127ade96120 GCTaskThread "GC Thread#2" [stack: 0x0000001124200000,0x0000001124300000] [id=11392]
  0x00000127ade96680 GCTaskThread "GC Thread#3" [stack: 0x0000001124300000,0x0000001124400000] [id=8728]
  0x00000127ade953b0 GCTaskThread "GC Thread#4" [stack: 0x0000001124400000,0x0000001124500000] [id=544]
  0x00000127ade96930 GCTaskThread "GC Thread#5" [stack: 0x0000001124f00000,0x0000001125000000] [id=9020]
  0x00000127ade96be0 GCTaskThread "GC Thread#6" [stack: 0x0000001125000000,0x0000001125100000] [id=26916]
  0x00000127ade95100 GCTaskThread "GC Thread#7" [stack: 0x0000001125100000,0x0000001125200000] [id=20800]
  0x00000127929fb070 ConcurrentGCThread "G1 Main Marker" [stack: 0x0000001122f00000,0x0000001123000000] [id=14752]
  0x00000127929fc740 ConcurrentGCThread "G1 Conc#0" [stack: 0x0000001123000000,0x0000001123100000] [id=25668]
  0x00000127ade95660 ConcurrentGCThread "G1 Conc#1" [stack: 0x0000001125200000,0x0000001125300000] [id=21840]
  0x0000012792a53f40 ConcurrentGCThread "G1 Refine#0" [stack: 0x0000001123100000,0x0000001123200000] [id=11872]
  0x00000127b05c8850 ConcurrentGCThread "G1 Refine#1" [stack: 0x0000001126000000,0x0000001126100000] [id=10944]
  0x00000127aed7c620 ConcurrentGCThread "G1 Refine#2" [stack: 0x000000112bb00000,0x000000112bc00000] [id=27972]
  0x0000012792a54870 ConcurrentGCThread "G1 Service" [stack: 0x0000001123200000,0x0000001123300000] [id=2820]

Threads with active compile tasks:
C2 CompilerThread0    17224 12777   !   4       org.gradle.cache.internal.LockOnDemandCrossProcessCacheAccess::withFileLock (24 bytes)
C2 CompilerThread1    17224 12776   !   4       org.gradle.cache.internal.DefaultCacheAccess::getFileLock (97 bytes)

VM state: at safepoint (normal execution)

VM Mutex/Monitor currently owned by a thread:  ([mutex/lock_event])
[0x000001279081a600] Threads_lock - owner thread: 0x00000127ac804c70
[0x000001279081b5c0] Heap_lock - owner thread: 0x00000127929fb070

Heap address: 0x0000000080000000, size: 2048 MB, Compressed Oops mode: 32-bit

CDS archive(s) not mapped
Compressed class space mapped at: 0x0000000100000000-0x0000000140000000, reserved size: 1073741824
Narrow klass base: 0x0000000000000000, Narrow klass shift: 3, Narrow klass range: 0x140000000

GC Precious Log:
 CPUs: 8 total, 8 available
 Memory: 8084M
 Large Page Support: Disabled
 NUMA Support: Disabled
 Compressed Oops: Enabled (32-bit)
 Heap Region Size: 1M
 Heap Min Capacity: 8M
 Heap Initial Capacity: 128M
 Heap Max Capacity: 2G
 Pre-touch: Disabled
 Parallel Workers: 8
 Concurrent Workers: 2
 Concurrent Refinement Workers: 8
 Periodic GC: Disabled

Heap:
 garbage-first heap   total 177152K, used 113537K [0x0000000080000000, 0x0000000100000000)
  region size 1024K, 16 young (16384K), 4 survivors (4096K)
 Metaspace       used 96995K, committed 97664K, reserved 1138688K
  class space    used 13117K, committed 13440K, reserved 1048576K

Heap Regions: E=young(eden), S=young(survivor), O=old, HS=humongous(starts), HC=humongous(continues), CS=collection set, F=free, OA=open archive, CA=closed archive, TAMS=top-at-mark-start (previous, next)
|   0|0x0000000080000000, 0x0000000080100000, 0x0000000080100000|100%|HS|  |TAMS 0x0000000080100000, 0x0000000080000000| Complete 
|   1|0x0000000080100000, 0x0000000080200000, 0x0000000080200000|100%|HC|  |TAMS 0x0000000080200000, 0x0000000080100000| Complete 
|   2|0x0000000080200000, 0x0000000080300000, 0x0000000080300000|100%|HC|  |TAMS 0x0000000080300000, 0x0000000080200000| Complete 
|   3|0x0000000080300000, 0x0000000080400000, 0x0000000080400000|100%|HC|  |TAMS 0x0000000080400000, 0x0000000080300000| Complete 
|   4|0x0000000080400000, 0x0000000080500000, 0x0000000080500000|100%| O|  |TAMS 0x0000000080500000, 0x0000000080400000| Untracked 
|   5|0x0000000080500000, 0x0000000080600000, 0x0000000080600000|100%| O|  |TAMS 0x0000000080600000, 0x0000000080500000| Untracked 
|   6|0x0000000080600000, 0x0000000080700000, 0x0000000080700000|100%| O|  |TAMS 0x0000000080700000, 0x0000000080600000| Untracked 
|   7|0x0000000080700000, 0x0000000080800000, 0x0000000080800000|100%| O|  |TAMS 0x0000000080800000, 0x0000000080700000| Untracked 
|   8|0x0000000080800000, 0x0000000080900000, 0x0000000080900000|100%| O|  |TAMS 0x0000000080900000, 0x0000000080800000| Untracked 
|   9|0x0000000080900000, 0x0000000080a00000, 0x0000000080a00000|100%| O|  |TAMS 0x0000000080a00000, 0x0000000080900000| Untracked 
|  10|0x0000000080a00000, 0x0000000080b00000, 0x0000000080b00000|100%| O|  |TAMS 0x0000000080b00000, 0x0000000080a00000| Untracked 
|  11|0x0000000080b00000, 0x0000000080c00000, 0x0000000080c00000|100%| O|  |TAMS 0x0000000080c00000, 0x0000000080b00000| Untracked 
|  12|0x0000000080c00000, 0x0000000080d00000, 0x0000000080d00000|100%| O|  |TAMS 0x0000000080d00000, 0x0000000080c00000| Untracked 
|  13|0x0000000080d00000, 0x0000000080e00000, 0x0000000080e00000|100%| O|  |TAMS 0x0000000080e00000, 0x0000000080d00000| Untracked 
|  14|0x0000000080e00000, 0x0000000080f00000, 0x0000000080f00000|100%| O|  |TAMS 0x0000000080f00000, 0x0000000080e00000| Untracked 
|  15|0x0000000080f00000, 0x0000000081000000, 0x0000000081000000|100%| O|  |TAMS 0x0000000081000000, 0x0000000080f00000| Untracked 
|  16|0x0000000081000000, 0x0000000081100000, 0x0000000081100000|100%| O|  |TAMS 0x0000000081100000, 0x0000000081000000| Untracked 
|  17|0x0000000081100000, 0x0000000081200000, 0x0000000081200000|100%| O|  |TAMS 0x0000000081200000, 0x0000000081100000| Untracked 
|  18|0x0000000081200000, 0x0000000081300000, 0x0000000081300000|100%| O|  |TAMS 0x0000000081300000, 0x0000000081200000| Untracked 
|  19|0x0000000081300000, 0x0000000081400000, 0x0000000081400000|100%| O|  |TAMS 0x0000000081400000, 0x0000000081300000| Updating 
|  20|0x0000000081400000, 0x0000000081500000, 0x0000000081500000|100%| O|  |TAMS 0x0000000081500000, 0x0000000081400000| Untracked 
|  21|0x0000000081500000, 0x0000000081600000, 0x0000000081600000|100%| O|  |TAMS 0x0000000081600000, 0x0000000081500000| Untracked 
|  22|0x0000000081600000, 0x0000000081700000, 0x0000000081700000|100%| O|  |TAMS 0x0000000081700000, 0x0000000081600000| Untracked 
|  23|0x0000000081700000, 0x0000000081800000, 0x0000000081800000|100%| O|  |TAMS 0x0000000081800000, 0x0000000081700000| Untracked 
|  24|0x0000000081800000, 0x0000000081900000, 0x0000000081900000|100%| O|  |TAMS 0x0000000081900000, 0x0000000081800000| Updating 
|  25|0x0000000081900000, 0x0000000081a00000, 0x0000000081a00000|100%| O|  |TAMS 0x0000000081a00000, 0x0000000081900000| Untracked 
|  26|0x0000000081a00000, 0x0000000081b00000, 0x0000000081b00000|100%| O|  |TAMS 0x0000000081b00000, 0x0000000081a00000| Untracked 
|  27|0x0000000081b00000, 0x0000000081c00000, 0x0000000081c00000|100%| O|  |TAMS 0x0000000081c00000, 0x0000000081b00000| Untracked 
|  28|0x0000000081c00000, 0x0000000081d00000, 0x0000000081d00000|100%| O|  |TAMS 0x0000000081d00000, 0x0000000081c00000| Untracked 
|  29|0x0000000081d00000, 0x0000000081e00000, 0x0000000081e00000|100%| O|  |TAMS 0x0000000081e00000, 0x0000000081d00000| Untracked 
|  30|0x0000000081e00000, 0x0000000081f00000, 0x0000000081f00000|100%| O|  |TAMS 0x0000000081f00000, 0x0000000081e00000| Updating 
|  31|0x0000000081f00000, 0x0000000082000000, 0x0000000082000000|100%| O|  |TAMS 0x0000000082000000, 0x0000000081f00000| Untracked 
|  32|0x0000000082000000, 0x0000000082100000, 0x0000000082100000|100%|HS|  |TAMS 0x0000000082100000, 0x0000000082000000| Complete 
|  33|0x0000000082100000, 0x0000000082200000, 0x0000000082200000|100%|HS|  |TAMS 0x0000000082200000, 0x0000000082100000| Complete 
|  34|0x0000000082200000, 0x0000000082300000, 0x0000000082300000|100%| O|  |TAMS 0x0000000082300000, 0x0000000082200000| Untracked 
|  35|0x0000000082300000, 0x0000000082400000, 0x0000000082400000|100%| O|  |TAMS 0x0000000082400000, 0x0000000082300000| Untracked 
|  36|0x0000000082400000, 0x0000000082500000, 0x0000000082500000|100%| O|  |TAMS 0x0000000082500000, 0x0000000082400000| Untracked 
|  37|0x0000000082500000, 0x0000000082600000, 0x0000000082600000|100%| O|  |TAMS 0x0000000082600000, 0x0000000082500000| Untracked 
|  38|0x0000000082600000, 0x0000000082700000, 0x0000000082700000|100%| O|  |TAMS 0x0000000082700000, 0x0000000082600000| Untracked 
|  39|0x0000000082700000, 0x0000000082800000, 0x0000000082800000|100%|HS|  |TAMS 0x0000000082800000, 0x0000000082700000| Complete 
|  40|0x0000000082800000, 0x0000000082900000, 0x0000000082900000|100%| O|  |TAMS 0x0000000082900000, 0x0000000082800000| Updating 
|  41|0x0000000082900000, 0x0000000082a00000, 0x0000000082a00000|100%| O|  |TAMS 0x0000000082a00000, 0x0000000082900000| Untracked 
|  42|0x0000000082a00000, 0x0000000082b00000, 0x0000000082b00000|100%| O|  |TAMS 0x0000000082b00000, 0x0000000082a00000| Untracked 
|  43|0x0000000082b00000, 0x0000000082c00000, 0x0000000082c00000|100%| O|  |TAMS 0x0000000082c00000, 0x0000000082b00000| Untracked 
|  44|0x0000000082c00000, 0x0000000082d00000, 0x0000000082d00000|100%| O|  |TAMS 0x0000000082d00000, 0x0000000082c00000| Untracked 
|  45|0x0000000082d00000, 0x0000000082e00000, 0x0000000082e00000|100%| O|  |TAMS 0x0000000082e00000, 0x0000000082d00000| Untracked 
|  46|0x0000000082e00000, 0x0000000082f00000, 0x0000000082f00000|100%| O|  |TAMS 0x0000000082f00000, 0x0000000082e00000| Untracked 
|  47|0x0000000082f00000, 0x0000000083000000, 0x0000000083000000|100%| O|  |TAMS 0x0000000083000000, 0x0000000082f00000| Untracked 
|  48|0x0000000083000000, 0x0000000083100000, 0x0000000083100000|100%| O|  |TAMS 0x0000000083100000, 0x0000000083000000| Untracked 
|  49|0x0000000083100000, 0x0000000083200000, 0x0000000083200000|100%| O|  |TAMS 0x0000000083200000, 0x0000000083100000| Updating 
|  50|0x0000000083200000, 0x0000000083300000, 0x0000000083300000|100%| O|  |TAMS 0x0000000083300000, 0x0000000083200000| Untracked 
|  51|0x0000000083300000, 0x0000000083400000, 0x0000000083400000|100%| O|  |TAMS 0x0000000083400000, 0x0000000083300000| Untracked 
|  52|0x0000000083400000, 0x0000000083500000, 0x0000000083500000|100%| O|  |TAMS 0x0000000083500000, 0x0000000083400000| Untracked 
|  53|0x0000000083500000, 0x0000000083600000, 0x0000000083600000|100%| O|  |TAMS 0x0000000083600000, 0x0000000083500000| Untracked 
|  54|0x0000000083600000, 0x0000000083700000, 0x0000000083700000|100%| O|  |TAMS 0x0000000083700000, 0x0000000083600000| Untracked 
|  55|0x0000000083700000, 0x0000000083800000, 0x0000000083800000|100%| O|  |TAMS 0x0000000083800000, 0x0000000083700000| Untracked 
|  56|0x0000000083800000, 0x0000000083900000, 0x0000000083900000|100%| O|  |TAMS 0x0000000083900000, 0x0000000083800000| Untracked 
|  57|0x0000000083900000, 0x0000000083a00000, 0x0000000083a00000|100%| O|  |TAMS 0x0000000083a00000, 0x0000000083900000| Untracked 
|  58|0x0000000083a00000, 0x0000000083b00000, 0x0000000083b00000|100%| O|  |TAMS 0x0000000083b00000, 0x0000000083a00000| Untracked 
|  59|0x0000000083b00000, 0x0000000083c00000, 0x0000000083c00000|100%| O|  |TAMS 0x0000000083c00000, 0x0000000083b00000| Untracked 
|  60|0x0000000083c00000, 0x0000000083d00000, 0x0000000083d00000|100%| O|  |TAMS 0x0000000083d00000, 0x0000000083c00000| Untracked 
|  61|0x0000000083d00000, 0x0000000083e00000, 0x0000000083e00000|100%| O|  |TAMS 0x0000000083e00000, 0x0000000083d00000| Untracked 
|  62|0x0000000083e00000, 0x0000000083f00000, 0x0000000083f00000|100%| O|  |TAMS 0x0000000083f00000, 0x0000000083e00000| Untracked 
|  63|0x0000000083f00000, 0x0000000084000000, 0x0000000084000000|100%| O|  |TAMS 0x0000000084000000, 0x0000000083f00000| Untracked 
|  64|0x0000000084000000, 0x0000000084100000, 0x0000000084100000|100%| O|  |TAMS 0x0000000084100000, 0x0000000084000000| Untracked 
|  65|0x0000000084100000, 0x0000000084200000, 0x0000000084200000|100%| O|  |TAMS 0x0000000084200000, 0x0000000084100000| Untracked 
|  66|0x0000000084200000, 0x0000000084300000, 0x0000000084300000|100%| O|  |TAMS 0x0000000084300000, 0x0000000084200000| Untracked 
|  67|0x0000000084300000, 0x0000000084400000, 0x0000000084400000|100%| O|  |TAMS 0x0000000084400000, 0x0000000084300000| Updating 
|  68|0x0000000084400000, 0x0000000084500000, 0x0000000084500000|100%| O|  |TAMS 0x0000000084500000, 0x0000000084400000| Untracked 
|  69|0x0000000084500000, 0x0000000084600000, 0x0000000084600000|100%| O|  |TAMS 0x0000000084600000, 0x0000000084500000| Untracked 
|  70|0x0000000084600000, 0x0000000084700000, 0x0000000084700000|100%| O|  |TAMS 0x0000000084700000, 0x0000000084600000| Untracked 
|  71|0x0000000084700000, 0x0000000084800000, 0x0000000084800000|100%| O|  |TAMS 0x0000000084800000, 0x0000000084700000| Untracked 
|  72|0x0000000084800000, 0x0000000084800000, 0x0000000084900000|  0%| F|  |TAMS 0x0000000084800000, 0x0000000084800000| Untracked 
|  73|0x0000000084900000, 0x0000000084a00000, 0x0000000084a00000|100%| O|  |TAMS 0x0000000084a00000, 0x0000000084900000| Untracked 
|  74|0x0000000084a00000, 0x0000000084b00000, 0x0000000084b00000|100%| O|  |TAMS 0x0000000084b00000, 0x0000000084a00000| Updating 
|  75|0x0000000084b00000, 0x0000000084c00000, 0x0000000084c00000|100%| O|  |TAMS 0x0000000084c00000, 0x0000000084b00000| Updating 
|  76|0x0000000084c00000, 0x0000000084d00000, 0x0000000084d00000|100%| O|  |TAMS 0x0000000084d00000, 0x0000000084c00000| Untracked 
|  77|0x0000000084d00000, 0x0000000084e00000, 0x0000000084e00000|100%| O|  |TAMS 0x0000000084e00000, 0x0000000084d00000| Untracked 
|  78|0x0000000084e00000, 0x0000000084f00000, 0x0000000084f00000|100%| O|  |TAMS 0x0000000084f00000, 0x0000000084e00000| Updating 
|  79|0x0000000084f00000, 0x0000000085000000, 0x0000000085000000|100%| O|  |TAMS 0x0000000085000000, 0x0000000084f00000| Untracked 
|  80|0x0000000085000000, 0x0000000085100000, 0x0000000085100000|100%| O|  |TAMS 0x0000000085100000, 0x0000000085000000| Untracked 
|  81|0x0000000085100000, 0x0000000085200000, 0x0000000085200000|100%| O|  |TAMS 0x0000000085200000, 0x0000000085100000| Untracked 
|  82|0x0000000085200000, 0x0000000085300000, 0x0000000085300000|100%| O|  |TAMS 0x0000000085300000, 0x0000000085200000| Untracked 
|  83|0x0000000085300000, 0x0000000085400000, 0x0000000085400000|100%| O|  |TAMS 0x0000000085400000, 0x0000000085300000| Untracked 
|  84|0x0000000085400000, 0x0000000085500000, 0x0000000085500000|100%| O|  |TAMS 0x0000000085500000, 0x0000000085400000| Untracked 
|  85|0x0000000085500000, 0x0000000085600000, 0x0000000085600000|100%| O|  |TAMS 0x0000000085600000, 0x0000000085500000| Updating 
|  86|0x0000000085600000, 0x0000000085700000, 0x0000000085700000|100%|HS|  |TAMS 0x0000000085700000, 0x0000000085600000| Complete 
|  87|0x0000000085700000, 0x0000000085800000, 0x0000000085800000|100%|HC|  |TAMS 0x0000000085800000, 0x0000000085700000| Complete 
|  88|0x0000000085800000, 0x0000000085900000, 0x0000000085900000|100%| O|  |TAMS 0x0000000085900000, 0x0000000085800000| Updating 
|  89|0x0000000085900000, 0x0000000085a00000, 0x0000000085a00000|100%| O|  |TAMS 0x0000000085a00000, 0x0000000085900000| Updating 
|  90|0x0000000085a00000, 0x0000000085b00000, 0x0000000085b00000|100%| O|  |TAMS 0x0000000085b00000, 0x0000000085a00000| Updating 
|  91|0x0000000085b00000, 0x0000000085c00000, 0x0000000085c00000|100%| O|  |TAMS 0x0000000085c00000, 0x0000000085b00000| Updating 
|  92|0x0000000085c00000, 0x0000000085d00000, 0x0000000085d00000|100%| O|  |TAMS 0x0000000085d00000, 0x0000000085c00000| Updating 
|  93|0x0000000085d00000, 0x0000000085e00000, 0x0000000085e00000|100%| O|  |TAMS 0x0000000085e00000, 0x0000000085d00000| Updating 
|  94|0x0000000085e00000, 0x0000000085f00000, 0x0000000085f00000|100%| O|  |TAMS 0x0000000085f00000, 0x0000000085e00000| Updating 
|  95|0x0000000085f00000, 0x0000000086000000, 0x0000000086000000|100%| O|  |TAMS 0x0000000086000000, 0x0000000085f00000| Untracked 
|  96|0x0000000086000000, 0x0000000086100000, 0x0000000086100000|100%| O|  |TAMS 0x0000000086100000, 0x0000000086000000| Untracked 
|  97|0x0000000086100000, 0x0000000086200000, 0x0000000086200000|100%| O|  |TAMS 0x0000000086200000, 0x0000000086100000| Updating 
|  98|0x0000000086200000, 0x00000000862b4e00, 0x0000000086300000| 70%| O|  |TAMS 0x00000000862b4e00, 0x0000000086200000| Updating 
|  99|0x0000000086300000, 0x0000000086300000, 0x0000000086400000|  0%| F|  |TAMS 0x0000000086300000, 0x0000000086300000| Untracked 
| 100|0x0000000086400000, 0x0000000086400000, 0x0000000086500000|  0%| F|  |TAMS 0x0000000086400000, 0x0000000086400000| Untracked 
| 101|0x0000000086500000, 0x0000000086500000, 0x0000000086600000|  0%| F|  |TAMS 0x0000000086500000, 0x0000000086500000| Untracked 
| 102|0x0000000086600000, 0x0000000086600000, 0x0000000086700000|  0%| F|  |TAMS 0x0000000086600000, 0x0000000086600000| Untracked 
| 103|0x0000000086700000, 0x0000000086700000, 0x0000000086800000|  0%| F|  |TAMS 0x0000000086700000, 0x0000000086700000| Untracked 
| 104|0x0000000086800000, 0x0000000086800000, 0x0000000086900000|  0%| F|  |TAMS 0x0000000086800000, 0x0000000086800000| Untracked 
| 105|0x0000000086900000, 0x0000000086900000, 0x0000000086a00000|  0%| F|  |TAMS 0x0000000086900000, 0x0000000086900000| Untracked 
| 106|0x0000000086a00000, 0x0000000086a00000, 0x0000000086b00000|  0%| F|  |TAMS 0x0000000086a00000, 0x0000000086a00000| Untracked 
| 107|0x0000000086b00000, 0x0000000086b00000, 0x0000000086c00000|  0%| F|  |TAMS 0x0000000086b00000, 0x0000000086b00000| Untracked 
| 108|0x0000000086c00000, 0x0000000086c00000, 0x0000000086d00000|  0%| F|  |TAMS 0x0000000086c00000, 0x0000000086c00000| Untracked 
| 109|0x0000000086d00000, 0x0000000086d00000, 0x0000000086e00000|  0%| F|  |TAMS 0x0000000086d00000, 0x0000000086d00000| Untracked 
| 110|0x0000000086e00000, 0x0000000086e00000, 0x0000000086f00000|  0%| F|  |TAMS 0x0000000086e00000, 0x0000000086e00000| Untracked 
| 111|0x0000000086f00000, 0x0000000086f00000, 0x0000000087000000|  0%| F|  |TAMS 0x0000000086f00000, 0x0000000086f00000| Untracked 
| 112|0x0000000087000000, 0x0000000087000000, 0x0000000087100000|  0%| F|  |TAMS 0x0000000087000000, 0x0000000087000000| Untracked 
| 113|0x0000000087100000, 0x0000000087100000, 0x0000000087200000|  0%| F|  |TAMS 0x0000000087100000, 0x0000000087100000| Untracked 
| 114|0x0000000087200000, 0x0000000087200000, 0x0000000087300000|  0%| F|  |TAMS 0x0000000087200000, 0x0000000087200000| Untracked 
| 115|0x0000000087300000, 0x0000000087300000, 0x0000000087400000|  0%| F|  |TAMS 0x0000000087300000, 0x0000000087300000| Untracked 
| 116|0x0000000087400000, 0x0000000087400000, 0x0000000087500000|  0%| F|  |TAMS 0x0000000087400000, 0x0000000087400000| Untracked 
| 117|0x0000000087500000, 0x0000000087500000, 0x0000000087600000|  0%| F|  |TAMS 0x0000000087500000, 0x0000000087500000| Untracked 
| 118|0x0000000087600000, 0x0000000087600000, 0x0000000087700000|  0%| F|  |TAMS 0x0000000087600000, 0x0000000087600000| Untracked 
| 119|0x0000000087700000, 0x0000000087700000, 0x0000000087800000|  0%| F|  |TAMS 0x0000000087700000, 0x0000000087700000| Untracked 
| 120|0x0000000087800000, 0x0000000087800000, 0x0000000087900000|  0%| F|  |TAMS 0x0000000087800000, 0x0000000087800000| Untracked 
| 121|0x0000000087900000, 0x0000000087900000, 0x0000000087a00000|  0%| F|  |TAMS 0x0000000087900000, 0x0000000087900000| Untracked 
| 122|0x0000000087a00000, 0x0000000087a00000, 0x0000000087b00000|  0%| F|  |TAMS 0x0000000087a00000, 0x0000000087a00000| Untracked 
| 123|0x0000000087b00000, 0x0000000087b00000, 0x0000000087c00000|  0%| F|  |TAMS 0x0000000087b00000, 0x0000000087b00000| Untracked 
| 124|0x0000000087c00000, 0x0000000087c00000, 0x0000000087d00000|  0%| F|  |TAMS 0x0000000087c00000, 0x0000000087c00000| Untracked 
| 125|0x0000000087d00000, 0x0000000087d00000, 0x0000000087e00000|  0%| F|  |TAMS 0x0000000087d00000, 0x0000000087d00000| Untracked 
| 126|0x0000000087e00000, 0x0000000087e2b6b0, 0x0000000087f00000| 16%| S|CS|TAMS 0x0000000087e00000, 0x0000000087e00000| Complete 
| 127|0x0000000087f00000, 0x0000000088000000, 0x0000000088000000|100%| S|CS|TAMS 0x0000000087f00000, 0x0000000087f00000| Complete 
| 128|0x0000000088000000, 0x0000000088100000, 0x0000000088100000|100%| S|CS|TAMS 0x0000000088000000, 0x0000000088000000| Complete 
| 129|0x0000000088100000, 0x0000000088200000, 0x0000000088200000|100%| S|CS|TAMS 0x0000000088100000, 0x0000000088100000| Complete 
| 130|0x0000000088200000, 0x0000000088200000, 0x0000000088300000|  0%| F|  |TAMS 0x0000000088200000, 0x0000000088200000| Untracked 
| 131|0x0000000088300000, 0x0000000088300000, 0x0000000088400000|  0%| F|  |TAMS 0x0000000088300000, 0x0000000088300000| Untracked 
| 132|0x0000000088400000, 0x0000000088400000, 0x0000000088500000|  0%| F|  |TAMS 0x0000000088400000, 0x0000000088400000| Untracked 
| 133|0x0000000088500000, 0x0000000088500000, 0x0000000088600000|  0%| F|  |TAMS 0x0000000088500000, 0x0000000088500000| Untracked 
| 134|0x0000000088600000, 0x0000000088600000, 0x0000000088700000|  0%| F|  |TAMS 0x0000000088600000, 0x0000000088600000| Untracked 
| 135|0x0000000088700000, 0x0000000088700000, 0x0000000088800000|  0%| F|  |TAMS 0x0000000088700000, 0x0000000088700000| Untracked 
| 136|0x0000000088800000, 0x0000000088800000, 0x0000000088900000|  0%| F|  |TAMS 0x0000000088800000, 0x0000000088800000| Untracked 
| 137|0x0000000088900000, 0x0000000088900000, 0x0000000088a00000|  0%| F|  |TAMS 0x0000000088900000, 0x0000000088900000| Untracked 
| 138|0x0000000088a00000, 0x0000000088a00000, 0x0000000088b00000|  0%| F|  |TAMS 0x0000000088a00000, 0x0000000088a00000| Untracked 
| 139|0x0000000088b00000, 0x0000000088b00000, 0x0000000088c00000|  0%| F|  |TAMS 0x0000000088b00000, 0x0000000088b00000| Untracked 
| 140|0x0000000088c00000, 0x0000000088c00000, 0x0000000088d00000|  0%| F|  |TAMS 0x0000000088c00000, 0x0000000088c00000| Untracked 
| 141|0x0000000088d00000, 0x0000000088d00000, 0x0000000088e00000|  0%| F|  |TAMS 0x0000000088d00000, 0x0000000088d00000| Untracked 
| 142|0x0000000088e00000, 0x0000000088e00000, 0x0000000088f00000|  0%| F|  |TAMS 0x0000000088e00000, 0x0000000088e00000| Untracked 
| 143|0x0000000088f00000, 0x0000000088f00000, 0x0000000089000000|  0%| F|  |TAMS 0x0000000088f00000, 0x0000000088f00000| Untracked 
| 144|0x0000000089000000, 0x0000000089000000, 0x0000000089100000|  0%| F|  |TAMS 0x0000000089000000, 0x0000000089000000| Untracked 
| 145|0x0000000089100000, 0x0000000089100000, 0x0000000089200000|  0%| F|  |TAMS 0x0000000089100000, 0x0000000089100000| Untracked 
| 146|0x0000000089200000, 0x0000000089200000, 0x0000000089300000|  0%| F|  |TAMS 0x0000000089200000, 0x0000000089200000| Untracked 
| 147|0x0000000089300000, 0x0000000089300000, 0x0000000089400000|  0%| F|  |TAMS 0x0000000089300000, 0x0000000089300000| Untracked 
| 148|0x0000000089400000, 0x0000000089400000, 0x0000000089500000|  0%| F|  |TAMS 0x0000000089400000, 0x0000000089400000| Untracked 
| 149|0x0000000089500000, 0x0000000089500000, 0x0000000089600000|  0%| F|  |TAMS 0x0000000089500000, 0x0000000089500000| Untracked 
| 150|0x0000000089600000, 0x0000000089600000, 0x0000000089700000|  0%| F|  |TAMS 0x0000000089600000, 0x0000000089600000| Untracked 
| 151|0x0000000089700000, 0x0000000089700000, 0x0000000089800000|  0%| F|  |TAMS 0x0000000089700000, 0x0000000089700000| Untracked 
| 152|0x0000000089800000, 0x0000000089800000, 0x0000000089900000|  0%| F|  |TAMS 0x0000000089800000, 0x0000000089800000| Untracked 
| 153|0x0000000089900000, 0x0000000089900000, 0x0000000089a00000|  0%| F|  |TAMS 0x0000000089900000, 0x0000000089900000| Untracked 
| 154|0x0000000089a00000, 0x0000000089a00000, 0x0000000089b00000|  0%| F|  |TAMS 0x0000000089a00000, 0x0000000089a00000| Untracked 
| 155|0x0000000089b00000, 0x0000000089b00000, 0x0000000089c00000|  0%| F|  |TAMS 0x0000000089b00000, 0x0000000089b00000| Untracked 
| 156|0x0000000089c00000, 0x0000000089c00000, 0x0000000089d00000|  0%| F|  |TAMS 0x0000000089c00000, 0x0000000089c00000| Untracked 
| 157|0x0000000089d00000, 0x0000000089d00000, 0x0000000089e00000|  0%| F|  |TAMS 0x0000000089d00000, 0x0000000089d00000| Untracked 
| 158|0x0000000089e00000, 0x0000000089e00000, 0x0000000089f00000|  0%| F|  |TAMS 0x0000000089e00000, 0x0000000089e00000| Untracked 
| 159|0x0000000089f00000, 0x0000000089f00000, 0x000000008a000000|  0%| F|  |TAMS 0x0000000089f00000, 0x0000000089f00000| Untracked 
| 160|0x000000008a000000, 0x000000008a000000, 0x000000008a100000|  0%| F|  |TAMS 0x000000008a000000, 0x000000008a000000| Untracked 
| 161|0x000000008a100000, 0x000000008a1802d0, 0x000000008a200000| 50%| E|  |TAMS 0x000000008a100000, 0x000000008a100000| Complete 
| 162|0x000000008a200000, 0x000000008a300000, 0x000000008a300000|100%| E|CS|TAMS 0x000000008a200000, 0x000000008a200000| Complete 
| 163|0x000000008a300000, 0x000000008a400000, 0x000000008a400000|100%| E|CS|TAMS 0x000000008a300000, 0x000000008a300000| Complete 
| 164|0x000000008a400000, 0x000000008a500000, 0x000000008a500000|100%| E|CS|TAMS 0x000000008a400000, 0x000000008a400000| Complete 
| 165|0x000000008a500000, 0x000000008a600000, 0x000000008a600000|100%| E|  |TAMS 0x000000008a500000, 0x000000008a500000| Complete 
| 166|0x000000008a600000, 0x000000008a700000, 0x000000008a700000|100%| E|CS|TAMS 0x000000008a600000, 0x000000008a600000| Complete 
| 167|0x000000008a700000, 0x000000008a800000, 0x000000008a800000|100%| E|CS|TAMS 0x000000008a700000, 0x000000008a700000| Complete 
| 168|0x000000008a800000, 0x000000008a900000, 0x000000008a900000|100%| E|CS|TAMS 0x000000008a800000, 0x000000008a800000| Complete 
| 169|0x000000008a900000, 0x000000008aa00000, 0x000000008aa00000|100%| E|CS|TAMS 0x000000008a900000, 0x000000008a900000| Complete 
| 170|0x000000008aa00000, 0x000000008ab00000, 0x000000008ab00000|100%| E|CS|TAMS 0x000000008aa00000, 0x000000008aa00000| Complete 
| 171|0x000000008ab00000, 0x000000008ac00000, 0x000000008ac00000|100%| E|CS|TAMS 0x000000008ab00000, 0x000000008ab00000| Complete 
| 172|0x000000008ac00000, 0x000000008ad00000, 0x000000008ad00000|100%| E|CS|TAMS 0x000000008ac00000, 0x000000008ac00000| Complete 

Card table byte_map: [0x00000127a5590000,0x00000127a5990000] _byte_map_base: 0x00000127a5190000

Marking Bits (Prev, Next): (CMBitMap*) 0x00000127929ea740, (CMBitMap*) 0x00000127929ea780
 Prev Bits: [0x00000127a5d90000, 0x00000127a7d90000)
 Next Bits: [0x00000127a7d90000, 0x00000127a9d90000)

Polling page: 0x0000012792160000

Metaspace:

Usage:
  Non-class:     81.91 MB used.
      Class:     12.81 MB used.
       Both:     94.72 MB used.

Virtual space:
  Non-class space:       88.00 MB reserved,      82.25 MB ( 93%) committed,  11 nodes.
      Class space:        1.00 GB reserved,      13.12 MB (  1%) committed,  1 nodes.
             Both:        1.09 GB reserved,      95.38 MB (  9%) committed. 

Chunk freelists:
   Non-Class:  1.05 MB
       Class:  2.92 MB
        Both:  3.96 MB

MaxMetaspaceSize: unlimited
CompressedClassSpaceSize: 1.00 GB
Initial GC threshold: 21.00 MB
Current GC threshold: 154.19 MB
CDS: off
MetaspaceReclaimPolicy: balanced
 - commit_granule_bytes: 65536.
 - commit_granule_words: 8192.
 - virtual_space_node_default_size: 1048576.
 - enlarge_chunks_in_place: 1.
 - new_chunks_are_fully_committed: 0.
 - uncommit_free_chunks: 1.
 - use_allocation_guard: 0.
 - handle_deallocations: 1.


Internal statistics:

num_allocs_failed_limit: 6.
num_arena_births: 918.
num_arena_deaths: 14.
num_vsnodes_births: 12.
num_vsnodes_deaths: 0.
num_space_committed: 1525.
num_space_uncommitted: 0.
num_chunks_returned_to_freelist: 23.
num_chunks_taken_from_freelist: 4497.
num_chunk_merges: 13.
num_chunk_splits: 2946.
num_chunks_enlarged: 1962.
num_purges: 2.
num_inconsistent_stats: 0.

CodeHeap 'non-profiled nmethods': size=120000Kb used=6040Kb max_used=6040Kb free=113960Kb
 bounds [0x000001279d930000, 0x000001279df20000, 0x00000127a4e60000]
CodeHeap 'profiled nmethods': size=120000Kb used=21473Kb max_used=21473Kb free=98526Kb
 bounds [0x0000012795e60000, 0x0000012797360000, 0x000001279d390000]
CodeHeap 'non-nmethods': size=5760Kb used=2382Kb max_used=2480Kb free=3377Kb
 bounds [0x000001279d390000, 0x000001279d630000, 0x000001279d930000]
 total_blobs=11956 nmethods=11039 adapters=829
 compilation: enabled
              stopped_count=0, restarted_count=0
 full_count=0

Compilation events (20 events):
Event: 17.127 Thread 0x00000127ad42cf60 12767       3       org.gradle.api.internal.tasks.properties.AbstractValidatingProperty::cleanupValue (1 bytes)
Event: 17.127 Thread 0x00000127ad42c5b0 12768       4       org.gradle.internal.resources.AbstractTrackedResourceLock::failIfNotInResourceLockStateChange (23 bytes)
Event: 17.127 Thread 0x00000127ad42cf60 nmethod 12767 0x0000012797356b10 code [0x0000012797356ca0, 0x0000012797356db8]
Event: 17.127 Thread 0x00000127aeea10f0 12769       4       java.io.ObjectOutputStream$HandleTable::lookup (56 bytes)
Event: 17.127 Thread 0x00000127ad42cf60 12770       3       org.gradle.internal.properties.bean.RuntimeBeanNode::checkCycles (26 bytes)
Event: 17.128 Thread 0x00000127ad42cf60 nmethod 12770 0x0000012797356e90 code [0x0000012797357080, 0x00000127973575f8]
Event: 17.128 Thread 0x00000127ad42cf60 12771       3       com.google.common.base.Preconditions::checkState (29 bytes)
Event: 17.128 Thread 0x00000127ad42cf60 nmethod 12771 0x0000012797357810 code [0x00000127973579e0, 0x0000012797357f78]
Event: 17.128 Thread 0x00000127ad42cf60 12772       3       org.gradle.api.internal.provider.Providers$NoValueProvider::calculateValue (5 bytes)
Event: 17.128 Thread 0x00000127ad42cf60 nmethod 12772 0x0000012797358110 code [0x00000127973582a0, 0x00000127973583b8]
Event: 17.128 Thread 0x00000127ad42c5b0 nmethod 12768 0x000001279df15510 code [0x000001279df156a0, 0x000001279df15918]
Event: 17.129 Thread 0x00000127ad42cf60 12773       3       org.gradle.internal.properties.bean.AbstractNestedRuntimeBeanNode$BeanPropertyValue::maybeFinalizeValue (27 bytes)
Event: 17.129 Thread 0x00000127ad42cf60 nmethod 12773 0x0000012797358490 code [0x0000012797358660, 0x0000012797358ae8]
Event: 17.129 Thread 0x00000127ad42cf60 12774       3       org.gradle.internal.properties.bean.AbstractNestedRuntimeBeanNode$BeanPropertyValue::isConfigurable (13 bytes)
Event: 17.129 Thread 0x00000127ad42cf60 nmethod 12774 0x0000012797358c90 code [0x0000012797358e40, 0x0000012797358fa8]
Event: 17.129 Thread 0x00000127ad42cf60 12775       3       org.gradle.api.internal.tasks.properties.AbstractValidatingProperty::prepareValue (10 bytes)
Event: 17.130 Thread 0x00000127ad42cf60 nmethod 12775 0x0000012797359090 code [0x0000012797359240, 0x0000012797359408]
Event: 17.130 Thread 0x00000127aeea10f0 nmethod 12769 0x000001279df15a90 code [0x000001279df15c20, 0x000001279df15e28]
Event: 17.135 Thread 0x00000127aeea10f0 12776   !   4       org.gradle.cache.internal.DefaultCacheAccess::getFileLock (97 bytes)
Event: 17.138 Thread 0x00000127ad42c5b0 12777   !   4       org.gradle.cache.internal.LockOnDemandCrossProcessCacheAccess::withFileLock (24 bytes)

GC Heap History (20 events):
Event: 12.361 GC heap before
{Heap before GC invocations=41 (full 0):
 garbage-first heap   total 128000K, used 101267K [0x0000000080000000, 0x0000000100000000)
  region size 1024K, 38 young (38912K), 6 survivors (6144K)
 Metaspace       used 83694K, committed 84352K, reserved 1122304K
  class space    used 11526K, committed 11840K, reserved 1048576K
}
Event: 12.369 GC heap after
{Heap after GC invocations=42 (full 0):
 garbage-first heap   total 128000K, used 74699K [0x0000000080000000, 0x0000000100000000)
  region size 1024K, 5 young (5120K), 5 survivors (5120K)
 Metaspace       used 83694K, committed 84352K, reserved 1122304K
  class space    used 11526K, committed 11840K, reserved 1048576K
}
Event: 12.730 GC heap before
{Heap before GC invocations=42 (full 0):
 garbage-first heap   total 128000K, used 101323K [0x0000000080000000, 0x0000000100000000)
  region size 1024K, 32 young (32768K), 5 survivors (5120K)
 Metaspace       used 84492K, committed 85056K, reserved 1122304K
  class space    used 11686K, committed 11968K, reserved 1048576K
}
Event: 12.735 GC heap after
{Heap after GC invocations=43 (full 0):
 garbage-first heap   total 128000K, used 77301K [0x0000000080000000, 0x0000000100000000)
  region size 1024K, 3 young (3072K), 3 survivors (3072K)
 Metaspace       used 84492K, committed 85056K, reserved 1122304K
  class space    used 11686K, committed 11968K, reserved 1048576K
}
Event: 13.036 GC heap before
{Heap before GC invocations=44 (full 0):
 garbage-first heap   total 147456K, used 102901K [0x0000000080000000, 0x0000000100000000)
  region size 1024K, 29 young (29696K), 3 survivors (3072K)
 Metaspace       used 84730K, committed 85376K, reserved 1122304K
  class space    used 11699K, committed 12032K, reserved 1048576K
}
Event: 13.042 GC heap after
{Heap after GC invocations=45 (full 0):
 garbage-first heap   total 147456K, used 79390K [0x0000000080000000, 0x0000000100000000)
  region size 1024K, 3 young (3072K), 3 survivors (3072K)
 Metaspace       used 84730K, committed 85376K, reserved 1122304K
  class space    used 11699K, committed 12032K, reserved 1048576K
}
Event: 13.575 GC heap before
{Heap before GC invocations=45 (full 0):
 garbage-first heap   total 147456K, used 117278K [0x0000000080000000, 0x0000000100000000)
  region size 1024K, 41 young (41984K), 3 survivors (3072K)
 Metaspace       used 85321K, committed 86016K, reserved 1130496K
  class space    used 11748K, committed 12096K, reserved 1048576K
}
Event: 13.580 GC heap after
{Heap after GC invocations=46 (full 0):
 garbage-first heap   total 177152K, used 82037K [0x0000000080000000, 0x0000000100000000)
  region size 1024K, 5 young (5120K), 5 survivors (5120K)
 Metaspace       used 85321K, committed 86016K, reserved 1130496K
  class space    used 11748K, committed 12096K, reserved 1048576K
}
Event: 14.851 GC heap before
{Heap before GC invocations=47 (full 0):
 garbage-first heap   total 177152K, used 141429K [0x0000000080000000, 0x0000000100000000)
  region size 1024K, 63 young (64512K), 5 survivors (5120K)
 Metaspace       used 91252K, committed 91904K, reserved 1130496K
  class space    used 12509K, committed 12800K, reserved 1048576K
}
Event: 14.860 GC heap after
{Heap after GC invocations=48 (full 0):
 garbage-first heap   total 177152K, used 87465K [0x0000000080000000, 0x0000000100000000)
  region size 1024K, 8 young (8192K), 8 survivors (8192K)
 Metaspace       used 91252K, committed 91904K, reserved 1130496K
  class space    used 12509K, committed 12800K, reserved 1048576K
}
Event: 14.868 GC heap before
{Heap before GC invocations=48 (full 0):
 garbage-first heap   total 177152K, used 88489K [0x0000000080000000, 0x0000000100000000)
  region size 1024K, 9 young (9216K), 8 survivors (8192K)
 Metaspace       used 91474K, committed 92096K, reserved 1130496K
  class space    used 12522K, committed 12800K, reserved 1048576K
}
Event: 14.875 GC heap after
{Heap after GC invocations=49 (full 0):
 garbage-first heap   total 177152K, used 87915K [0x0000000080000000, 0x0000000100000000)
  region size 1024K, 1 young (1024K), 1 survivors (1024K)
 Metaspace       used 91474K, committed 92096K, reserved 1130496K
  class space    used 12522K, committed 12800K, reserved 1048576K
}
Event: 15.094 GC heap before
{Heap before GC invocations=49 (full 0):
 garbage-first heap   total 177152K, used 99179K [0x0000000080000000, 0x0000000100000000)
  region size 1024K, 13 young (13312K), 1 survivors (1024K)
 Metaspace       used 94010K, committed 94656K, reserved 1138688K
  class space    used 12796K, committed 13120K, reserved 1048576K
}
Event: 15.097 GC heap after
{Heap after GC invocations=50 (full 0):
 garbage-first heap   total 177152K, used 88785K [0x0000000080000000, 0x0000000100000000)
  region size 1024K, 2 young (2048K), 2 survivors (2048K)
 Metaspace       used 94010K, committed 94656K, reserved 1138688K
  class space    used 12796K, committed 13120K, reserved 1048576K
}
Event: 16.275 GC heap before
{Heap before GC invocations=51 (full 0):
 garbage-first heap   total 177152K, used 146129K [0x0000000080000000, 0x0000000100000000)
  region size 1024K, 56 young (57344K), 2 survivors (2048K)
 Metaspace       used 96335K, committed 97024K, reserved 1138688K
  class space    used 13047K, committed 13376K, reserved 1048576K
}
Event: 16.283 GC heap after
{Heap after GC invocations=52 (full 0):
 garbage-first heap   total 177152K, used 100248K [0x0000000080000000, 0x0000000100000000)
  region size 1024K, 7 young (7168K), 7 survivors (7168K)
 Metaspace       used 96335K, committed 97024K, reserved 1138688K
  class space    used 13047K, committed 13376K, reserved 1048576K
}
Event: 16.290 GC heap before
{Heap before GC invocations=52 (full 0):
 garbage-first heap   total 177152K, used 101272K [0x0000000080000000, 0x0000000100000000)
  region size 1024K, 8 young (8192K), 7 survivors (7168K)
 Metaspace       used 96336K, committed 97024K, reserved 1138688K
  class space    used 13047K, committed 13376K, reserved 1048576K
}
Event: 16.296 GC heap after
{Heap after GC invocations=53 (full 0):
 garbage-first heap   total 177152K, used 100965K [0x0000000080000000, 0x0000000100000000)
  region size 1024K, 1 young (1024K), 1 survivors (1024K)
 Metaspace       used 96336K, committed 97024K, reserved 1138688K
  class space    used 13047K, committed 13376K, reserved 1048576K
}
Event: 17.001 GC heap before
{Heap before GC invocations=53 (full 0):
 garbage-first heap   total 177152K, used 142949K [0x0000000080000000, 0x0000000100000000)
  region size 1024K, 43 young (44032K), 1 survivors (1024K)
 Metaspace       used 96970K, committed 97600K, reserved 1138688K
  class space    used 13116K, committed 13440K, reserved 1048576K
}
Event: 17.006 GC heap after
{Heap after GC invocations=54 (full 0):
 garbage-first heap   total 177152K, used 103297K [0x0000000080000000, 0x0000000100000000)
  region size 1024K, 4 young (4096K), 4 survivors (4096K)
 Metaspace       used 96970K, committed 97600K, reserved 1138688K
  class space    used 13116K, committed 13440K, reserved 1048576K
}

Dll operation events (2 events):
Event: 0.017 Loaded shared library C:\Program Files\Android\Android Studio\jbr\bin\java.dll
Event: 0.498 Loaded shared library C:\Program Files\Android\Android Studio\jbr\bin\verify.dll

Deoptimization events (20 events):
Event: 16.980 Thread 0x00000127b2e51f00 Uncommon trap: trap_request=0xffffffd6 fr.pc=0x000001279de20e64 relative=0x00000000000009c4
Event: 16.980 Thread 0x00000127b2e51f00 Uncommon trap: reason=array_check action=maybe_recompile pc=0x000001279de20e64 method=java.util.TimSort.binarySort([Ljava/lang/Object;IIILjava/util/Comparator;)V @ 183 c2
Event: 16.980 Thread 0x00000127b2e51f00 DEOPT PACKING pc=0x000001279de20e64 sp=0x000000112bdfa880
Event: 16.980 Thread 0x00000127b2e51f00 DEOPT UNPACKING pc=0x000001279d3e69a3 sp=0x000000112bdfa828 mode 2
Event: 17.088 Thread 0x00000127b0f0e570 Uncommon trap: trap_request=0xffffffd6 fr.pc=0x000001279df0cbcc relative=0x0000000000001c6c
Event: 17.088 Thread 0x00000127b0f0e570 Uncommon trap: reason=array_check action=maybe_recompile pc=0x000001279df0cbcc method=java.util.TimSort.reverseRange([Ljava/lang/Object;II)V @ 20 c2
Event: 17.088 Thread 0x00000127b0f0e570 DEOPT PACKING pc=0x000001279df0cbcc sp=0x00000011280fcdd0
Event: 17.088 Thread 0x00000127b0f0e570 DEOPT UNPACKING pc=0x000001279d3e69a3 sp=0x00000011280fcc88 mode 2
Event: 17.088 Thread 0x00000127b0f0c3c0 Uncommon trap: trap_request=0xffffffd6 fr.pc=0x000001279df0cbcc relative=0x0000000000001c6c
Event: 17.088 Thread 0x00000127b0f0c3c0 Uncommon trap: reason=array_check action=maybe_recompile pc=0x000001279df0cbcc method=java.util.TimSort.reverseRange([Ljava/lang/Object;II)V @ 20 c2
Event: 17.088 Thread 0x00000127b0f0c3c0 DEOPT PACKING pc=0x000001279df0cbcc sp=0x0000001127efd710
Event: 17.088 Thread 0x00000127b0f0c3c0 DEOPT UNPACKING pc=0x000001279d3e69a3 sp=0x0000001127efd5c8 mode 2
Event: 17.089 Thread 0x00000127b0f0e570 Uncommon trap: trap_request=0xffffffd6 fr.pc=0x000001279df0cbcc relative=0x0000000000001c6c
Event: 17.089 Thread 0x00000127b0f0e570 Uncommon trap: reason=array_check action=maybe_recompile pc=0x000001279df0cbcc method=java.util.TimSort.reverseRange([Ljava/lang/Object;II)V @ 20 c2
Event: 17.089 Thread 0x00000127b0f0e570 DEOPT PACKING pc=0x000001279df0cbcc sp=0x00000011280fddc0
Event: 17.089 Thread 0x00000127b0f0e570 DEOPT UNPACKING pc=0x000001279d3e69a3 sp=0x00000011280fdc78 mode 2
Event: 17.091 Thread 0x00000127b0f0b550 Uncommon trap: trap_request=0xffffffd6 fr.pc=0x000001279df0cbcc relative=0x0000000000001c6c
Event: 17.091 Thread 0x00000127b0f0b550 Uncommon trap: reason=array_check action=maybe_recompile pc=0x000001279df0cbcc method=java.util.TimSort.reverseRange([Ljava/lang/Object;II)V @ 20 c2
Event: 17.091 Thread 0x00000127b0f0b550 DEOPT PACKING pc=0x000001279df0cbcc sp=0x00000011274fc940
Event: 17.091 Thread 0x00000127b0f0b550 DEOPT UNPACKING pc=0x000001279d3e69a3 sp=0x00000011274fc7f8 mode 2

Classes unloaded (7 events):
Event: 13.681 Thread 0x00000127ac804c70 Unloading class 0x0000000100ba1c00 'java/lang/invoke/LambdaForm$DMH+0x0000000100ba1c00'
Event: 13.681 Thread 0x00000127ac804c70 Unloading class 0x0000000100ba1800 'java/lang/invoke/LambdaForm$DMH+0x0000000100ba1800'
Event: 13.681 Thread 0x00000127ac804c70 Unloading class 0x0000000100ba1400 'java/lang/invoke/LambdaForm$DMH+0x0000000100ba1400'
Event: 13.681 Thread 0x00000127ac804c70 Unloading class 0x0000000100ba0800 'java/lang/invoke/LambdaForm$DMH+0x0000000100ba0800'
Event: 13.681 Thread 0x00000127ac804c70 Unloading class 0x0000000100ba0000 'java/lang/invoke/LambdaForm$DMH+0x0000000100ba0000'
Event: 13.681 Thread 0x00000127ac804c70 Unloading class 0x0000000100ba0c00 'java/lang/invoke/LambdaForm$DMH+0x0000000100ba0c00'
Event: 13.681 Thread 0x00000127ac804c70 Unloading class 0x0000000100ba1000 'java/lang/invoke/LambdaForm$DMH+0x0000000100ba1000'

Classes redefined (0 events):
No events

Internal exceptions (20 events):
Event: 16.521 Thread 0x00000127b2e51f00 Exception <a 'sun/nio/fs/WindowsException'{0x000000008a7fc638}> (0x000000008a7fc638) 
thrown [s\src\hotspot\share\prims\jni.cpp, line 517]
Event: 16.523 Thread 0x00000127b2e51f00 Exception <a 'sun/nio/fs/WindowsException'{0x000000008a7fe850}> (0x000000008a7fe850) 
thrown [s\src\hotspot\share\prims\jni.cpp, line 517]
Event: 16.525 Thread 0x00000127b2e51f00 Exception <a 'sun/nio/fs/WindowsException'{0x000000008a61ce90}> (0x000000008a61ce90) 
thrown [s\src\hotspot\share\prims\jni.cpp, line 517]
Event: 16.528 Thread 0x00000127b2e51f00 Exception <a 'sun/nio/fs/WindowsException'{0x000000008a61f090}> (0x000000008a61f090) 
thrown [s\src\hotspot\share\prims\jni.cpp, line 517]
Event: 16.530 Thread 0x00000127b2e51f00 Exception <a 'sun/nio/fs/WindowsException'{0x000000008a6212b0}> (0x000000008a6212b0) 
thrown [s\src\hotspot\share\prims\jni.cpp, line 517]
Event: 16.531 Thread 0x00000127b2e51f00 Exception <a 'sun/nio/fs/WindowsException'{0x000000008a6234d8}> (0x000000008a6234d8) 
thrown [s\src\hotspot\share\prims\jni.cpp, line 517]
Event: 16.533 Thread 0x00000127b2e51f00 Exception <a 'sun/nio/fs/WindowsException'{0x000000008a6256d8}> (0x000000008a6256d8) 
thrown [s\src\hotspot\share\prims\jni.cpp, line 517]
Event: 16.535 Thread 0x00000127b2e51f00 Exception <a 'sun/nio/fs/WindowsException'{0x000000008a6278f8}> (0x000000008a6278f8) 
thrown [s\src\hotspot\share\prims\jni.cpp, line 517]
Event: 16.537 Thread 0x00000127b2e51f00 Exception <a 'sun/nio/fs/WindowsException'{0x000000008a629b20}> (0x000000008a629b20) 
thrown [s\src\hotspot\share\prims\jni.cpp, line 517]
Event: 16.539 Thread 0x00000127b2e51f00 Exception <a 'sun/nio/fs/WindowsException'{0x000000008a62bd20}> (0x000000008a62bd20) 
thrown [s\src\hotspot\share\prims\jni.cpp, line 517]
Event: 16.540 Thread 0x00000127b2e51f00 Exception <a 'sun/nio/fs/WindowsException'{0x000000008a62df18}> (0x000000008a62df18) 
thrown [s\src\hotspot\share\prims\jni.cpp, line 517]
Event: 16.542 Thread 0x00000127b2e51f00 Exception <a 'sun/nio/fs/WindowsException'{0x000000008a630100}> (0x000000008a630100) 
thrown [s\src\hotspot\share\prims\jni.cpp, line 517]
Event: 16.544 Thread 0x00000127b2e51f00 Exception <a 'sun/nio/fs/WindowsException'{0x000000008a6322c8}> (0x000000008a6322c8) 
thrown [s\src\hotspot\share\prims\jni.cpp, line 517]
Event: 16.546 Thread 0x00000127b2e51f00 Exception <a 'sun/nio/fs/WindowsException'{0x000000008a634448}> (0x000000008a634448) 
thrown [s\src\hotspot\share\prims\jni.cpp, line 517]
Event: 16.618 Thread 0x00000127b2e51f00 Implicit null exception at 0x000001279daf4260 to 0x000001279daf42e9
Event: 16.730 Thread 0x00000127afc6c030 Exception <a 'java/lang/NoSuchMethodError'{0x000000008a0701b8}: static Lorg/gradle/internal/build/event/types/DefaultJavaCompileTaskSuccessResult;.<clinit>()V> (0x000000008a0701b8) 
thrown [s\src\hotspot\share\prims\jni.cpp, line 1108]
Event: 16.732 Thread 0x00000127afc6c030 Exception <a 'java/lang/NoSuchMethodError'{0x000000008a09efa8}: static [Ljava/lang/Object;.<clinit>()V> (0x000000008a09efa8) 
thrown [s\src\hotspot\share\prims\jni.cpp, line 1108]
Event: 16.739 Thread 0x00000127b2e51f00 Exception <a 'sun/nio/fs/WindowsException'{0x000000008a0a4670}> (0x000000008a0a4670) 
thrown [s\src\hotspot\share\prims\jni.cpp, line 517]
Event: 16.749 Thread 0x00000127b2e51f00 Implicit null exception at 0x000001279de54c80 to 0x000001279de55398
Event: 16.798 Thread 0x00000127b2e51f00 Exception <a 'sun/nio/fs/WindowsException'{0x0000000089fef130}> (0x0000000089fef130) 
thrown [s\src\hotspot\share\prims\jni.cpp, line 517]

VM Operations (20 events):
Event: 16.241 Executing VM operation: ICBufferFull done
Event: 16.275 Executing VM operation: G1CollectForAllocation
Event: 16.283 Executing VM operation: G1CollectForAllocation done
Event: 16.290 Executing VM operation: G1CollectForAllocation
Event: 16.296 Executing VM operation: G1CollectForAllocation done
Event: 16.355 Executing VM operation: HandshakeAllThreads
Event: 16.356 Executing VM operation: HandshakeAllThreads done
Event: 16.617 Executing VM operation: HandshakeAllThreads
Event: 16.617 Executing VM operation: HandshakeAllThreads done
Event: 16.722 Executing VM operation: HandshakeAllThreads
Event: 16.723 Executing VM operation: HandshakeAllThreads done
Event: 16.724 Executing VM operation: HandshakeAllThreads
Event: 16.724 Executing VM operation: HandshakeAllThreads done
Event: 16.728 Executing VM operation: ICBufferFull
Event: 16.728 Executing VM operation: ICBufferFull done
Event: 16.982 Executing VM operation: ICBufferFull
Event: 16.982 Executing VM operation: ICBufferFull done
Event: 17.001 Executing VM operation: G1CollectForAllocation
Event: 17.011 Executing VM operation: G1CollectForAllocation done
Event: 17.138 Executing VM operation: G1Concurrent

Events (20 events):
Event: 15.555 loading class java/util/ImmutableCollections$Access
Event: 15.556 loading class java/util/ImmutableCollections$Access done
Event: 15.556 loading class java/util/ImmutableCollections$Access$1
Event: 15.556 loading class jdk/internal/access/JavaUtilCollectionAccess
Event: 15.556 loading class jdk/internal/access/JavaUtilCollectionAccess done
Event: 15.556 loading class java/util/ImmutableCollections$Access$1 done
Event: 15.961 loading class java/text/BreakIterator
Event: 15.962 loading class java/text/BreakIterator done
Event: 16.005 loading class java/util/function/ToIntBiFunction
Event: 16.005 loading class java/util/function/ToIntBiFunction done
Event: 16.013 loading class java/nio/channels/Channels$1
Event: 16.013 loading class java/nio/channels/Channels$1 done
Event: 16.382 loading class java/text/MessageFormat
Event: 16.383 loading class java/text/MessageFormat done
Event: 16.384 loading class java/util/EnumMap$Values
Event: 16.385 loading class java/util/EnumMap$Values done
Event: 16.385 loading class java/util/EnumMap$ValueIterator
Event: 16.385 loading class java/util/EnumMap$ValueIterator done
Event: 16.440 loading class java/util/PriorityQueue
Event: 16.440 loading class java/util/PriorityQueue done


Dynamic libraries:
0x00007ff6399f0000 - 0x00007ff6399fa000 	C:\Program Files\Android\Android Studio\jbr\bin\java.exe
0x00007ffb18890000 - 0x00007ffb18a88000 	C:\WINDOWS\SYSTEM32\ntdll.dll
0x00007ffb17aa0000 - 0x00007ffb17b5d000 	C:\WINDOWS\System32\KERNEL32.DLL
0x00007ffb16430000 - 0x00007ffb16726000 	C:\WINDOWS\System32\KERNELBASE.dll
0x00007ffb16330000 - 0x00007ffb16430000 	C:\WINDOWS\System32\ucrtbase.dll
0x00007ffb0e9c0000 - 0x00007ffb0e9db000 	C:\Program Files\Android\Android Studio\jbr\bin\VCRUNTIME140.dll
0x00007ffaef3d0000 - 0x00007ffaef3e7000 	C:\Program Files\Android\Android Studio\jbr\bin\jli.dll
0x00007ffb18240000 - 0x00007ffb183de000 	C:\WINDOWS\System32\USER32.dll
0x00007ffb16300000 - 0x00007ffb16322000 	C:\WINDOWS\System32\win32u.dll
0x00007ffb18400000 - 0x00007ffb1842c000 	C:\WINDOWS\System32\GDI32.dll
0x00007ffb161e0000 - 0x00007ffb162fa000 	C:\WINDOWS\System32\gdi32full.dll
0x00007ffb15fe0000 - 0x00007ffb1607d000 	C:\WINDOWS\System32\msvcp_win.dll
0x00007ffafb390000 - 0x00007ffafb62a000 	C:\WINDOWS\WinSxS\amd64_microsoft.windows.common-controls_6595b64144ccf1df_6.0.19041.3636_none_60b6a03d71f818d5\COMCTL32.dll
0x00007ffb184e0000 - 0x00007ffb1857e000 	C:\WINDOWS\System32\msvcrt.dll
0x00007ffb18160000 - 0x00007ffb18190000 	C:\WINDOWS\System32\IMM32.DLL
0x00007ffb10970000 - 0x00007ffb1097c000 	C:\Program Files\Android\Android Studio\jbr\bin\vcruntime140_1.dll
0x00007ffb05310000 - 0x00007ffb0539d000 	C:\Program Files\Android\Android Studio\jbr\bin\msvcp140.dll
0x00007ffac4fb0000 - 0x00007ffac5c1e000 	C:\Program Files\Android\Android Studio\jbr\bin\server\jvm.dll
0x00007ffb18430000 - 0x00007ffb184df000 	C:\WINDOWS\System32\ADVAPI32.dll
0x00007ffb18190000 - 0x00007ffb1822c000 	C:\WINDOWS\System32\sechost.dll
0x00007ffb185e0000 - 0x00007ffb18706000 	C:\WINDOWS\System32\RPCRT4.dll
0x00007ffb109c0000 - 0x00007ffb109c9000 	C:\WINDOWS\SYSTEM32\WSOCK32.dll
0x00007ffafbb70000 - 0x00007ffafbb97000 	C:\WINDOWS\SYSTEM32\WINMM.dll
0x00007ffb0e040000 - 0x00007ffb0e04a000 	C:\WINDOWS\SYSTEM32\VERSION.dll
0x00007ffb18710000 - 0x00007ffb1877b000 	C:\WINDOWS\System32\WS2_32.dll
0x00007ffb14780000 - 0x00007ffb14792000 	C:\WINDOWS\SYSTEM32\kernel.appcore.dll
0x00007ffb082b0000 - 0x00007ffb082ba000 	C:\Program Files\Android\Android Studio\jbr\bin\jimage.dll
0x00007ffb13d00000 - 0x00007ffb13ee4000 	C:\WINDOWS\SYSTEM32\DBGHELP.DLL
0x00007ffb0d180000 - 0x00007ffb0d1b4000 	C:\WINDOWS\SYSTEM32\dbgcore.DLL
0x00007ffb16830000 - 0x00007ffb168b2000 	C:\WINDOWS\System32\bcryptPrimitives.dll
0x00007ffaf4460000 - 0x00007ffaf4485000 	C:\Program Files\Android\Android Studio\jbr\bin\java.dll
0x00007ffaf9990000 - 0x00007ffaf99a8000 	C:\Program Files\Android\Android Studio\jbr\bin\zip.dll
0x00007ffb168f0000 - 0x00007ffb17034000 	C:\WINDOWS\System32\SHELL32.dll
0x00007ffb13f10000 - 0x00007ffb146ab000 	C:\WINDOWS\SYSTEM32\windows.storage.dll
0x00007ffb17740000 - 0x00007ffb17a94000 	C:\WINDOWS\System32\combase.dll
0x00007ffb158e0000 - 0x00007ffb1590d000 	C:\WINDOWS\SYSTEM32\Wldp.dll
0x00007ffb17b60000 - 0x00007ffb17c0d000 	C:\WINDOWS\System32\SHCORE.dll
0x00007ffb17040000 - 0x00007ffb17095000 	C:\WINDOWS\System32\shlwapi.dll
0x00007ffb15ea0000 - 0x00007ffb15ec5000 	C:\WINDOWS\SYSTEM32\profapi.dll
0x00007ffaf42e0000 - 0x00007ffaf42f9000 	C:\Program Files\Android\Android Studio\jbr\bin\net.dll
0x00007ffb0bf40000 - 0x00007ffb0c04a000 	C:\WINDOWS\SYSTEM32\WINHTTP.dll
0x00007ffb15640000 - 0x00007ffb156aa000 	C:\WINDOWS\system32\mswsock.dll
0x00007ffaf3be0000 - 0x00007ffaf3bf6000 	C:\Program Files\Android\Android Studio\jbr\bin\nio.dll
0x00007ffb081f0000 - 0x00007ffb08200000 	C:\Program Files\Android\Android Studio\jbr\bin\verify.dll
0x00007ffaf99b0000 - 0x00007ffaf99d7000 	C:\Users\jupi0\.gradle\native\68d5fa5c4cc2d200863cafc0d521ce42e7d3e7ee720ec0a83991735586a16f82\windows-amd64\native-platform.dll
0x00007ffaec830000 - 0x00007ffaec974000 	C:\Users\jupi0\.gradle\native\e376f236ea51e6404a007f0833ffe2c6e607c4080706a723a18a27aeea778392\windows-amd64\native-platform-file-events.dll
0x00007ffb03310000 - 0x00007ffb03319000 	C:\Program Files\Android\Android Studio\jbr\bin\management.dll
0x00007ffafd5f0000 - 0x00007ffafd5fb000 	C:\Program Files\Android\Android Studio\jbr\bin\management_ext.dll
0x00007ffb17c10000 - 0x00007ffb17c18000 	C:\WINDOWS\System32\PSAPI.DLL
0x00007ffb15830000 - 0x00007ffb15848000 	C:\WINDOWS\SYSTEM32\CRYPTSP.dll
0x00007ffb14f30000 - 0x00007ffb14f64000 	C:\WINDOWS\system32\rsaenh.dll
0x00007ffb168c0000 - 0x00007ffb168e7000 	C:\WINDOWS\System32\bcrypt.dll
0x00007ffb15e60000 - 0x00007ffb15e8e000 	C:\WINDOWS\SYSTEM32\USERENV.dll
0x00007ffb15850000 - 0x00007ffb1585c000 	C:\WINDOWS\SYSTEM32\CRYPTBASE.dll
0x00007ffb15330000 - 0x00007ffb1536b000 	C:\WINDOWS\SYSTEM32\IPHLPAPI.DLL
0x00007ffb18230000 - 0x00007ffb18238000 	C:\WINDOWS\System32\NSI.dll
0x00007ffb0b960000 - 0x00007ffb0b977000 	C:\WINDOWS\SYSTEM32\dhcpcsvc6.DLL
0x00007ffb0dcb0000 - 0x00007ffb0dccd000 	C:\WINDOWS\SYSTEM32\dhcpcsvc.DLL
0x00007ffb15370000 - 0x00007ffb1543a000 	C:\WINDOWS\SYSTEM32\DNSAPI.dll
0x00007ffafd050000 - 0x00007ffafd057000 	C:\WINDOWS\system32\wshunix.dll

dbghelp: loaded successfully - version: 4.0.5 - missing functions: none
symbol engine: initialized successfully - sym options: 0x614 - pdb path: .;C:\Program Files\Android\Android Studio\jbr\bin;C:\WINDOWS\SYSTEM32;C:\WINDOWS\WinSxS\amd64_microsoft.windows.common-controls_6595b64144ccf1df_6.0.19041.3636_none_60b6a03d71f818d5;C:\Program Files\Android\Android Studio\jbr\bin\server;C:\Users\jupi0\.gradle\native\68d5fa5c4cc2d200863cafc0d521ce42e7d3e7ee720ec0a83991735586a16f82\windows-amd64;C:\Users\jupi0\.gradle\native\e376f236ea51e6404a007f0833ffe2c6e607c4080706a723a18a27aeea778392\windows-amd64

VM Arguments:
jvm_args: --add-opens=java.base/java.util=ALL-UNNAMED --add-opens=java.base/java.lang=ALL-UNNAMED --add-opens=java.base/java.lang.invoke=ALL-UNNAMED --add-opens=java.prefs/java.util.prefs=ALL-UNNAMED --add-opens=java.base/java.nio.charset=ALL-UNNAMED --add-opens=java.base/java.net=ALL-UNNAMED --add-opens=java.base/java.util.concurrent.atomic=ALL-UNNAMED -Xmx2048m -Dfile.encoding=UTF-8 -Duser.country=KR -Duser.language=ko -Duser.variant 
java_command: org.gradle.launcher.daemon.bootstrap.GradleDaemon 8.0
java_class_path (initial): C:\Users\jupi0\.gradle\wrapper\dists\gradle-8.0-bin\ca5e32bp14vu59qr306oxotwh\gradle-8.0\lib\gradle-launcher-8.0.jar
Launcher Type: SUN_STANDARD

[Global flags]
     intx CICompilerCount                          = 4                                         {product} {ergonomic}
     uint ConcGCThreads                            = 2                                         {product} {ergonomic}
     uint G1ConcRefinementThreads                  = 8                                         {product} {ergonomic}
   size_t G1HeapRegionSize                         = 1048576                                   {product} {ergonomic}
    uintx GCDrainStackTargetSize                   = 64                                        {product} {ergonomic}
   size_t InitialHeapSize                          = 134217728                                 {product} {ergonomic}
   size_t MarkStackSize                            = 4194304                                   {product} {ergonomic}
   size_t MaxHeapSize                              = 2147483648                                {product} {command line}
   size_t MaxNewSize                               = 1287651328                                {product} {ergonomic}
   size_t MinHeapDeltaBytes                        = 1048576                                   {product} {ergonomic}
   size_t MinHeapSize                              = 8388608                                   {product} {ergonomic}
    uintx NonNMethodCodeHeapSize                   = 5839372                                {pd product} {ergonomic}
    uintx NonProfiledCodeHeapSize                  = 122909434                              {pd product} {ergonomic}
    uintx ProfiledCodeHeapSize                     = 122909434                              {pd product} {ergonomic}
    uintx ReservedCodeCacheSize                    = 251658240                              {pd product} {ergonomic}
     bool SegmentedCodeCache                       = true                                      {product} {ergonomic}
   size_t SoftMaxHeapSize                          = 2147483648                             {manageable} {ergonomic}
     bool UseCompressedClassPointers               = true                           {product lp64_product} {ergonomic}
     bool UseCompressedOops                        = true                           {product lp64_product} {ergonomic}
     bool UseG1GC                                  = true                                      {product} {ergonomic}
     bool UseLargePagesIndividualAllocation        = false                                  {pd product} {ergonomic}

Logging:
Log output configuration:
 #0: stdout all=warning uptime,level,tags
 #1: stderr all=off uptime,level,tags

Environment Variables:
JAVA_HOME=C:\Program Files\Java\jdk1.8.0_161
PATH=C:\Program Files\Common Files\Oracle\Java\javapath;C:\Program Files (x86)\Intel\iCLS Client\;C:\Program Files\Intel\iCLS Client\;C:\ProgramData\Oracle\Java\javapath;C:\WINDOWS\system32;C:\WINDOWS;C:\WINDOWS\System32\Wbem;C:\WINDOWS\System32\WindowsPowerShell\v1.0\;C:\Program Files (x86)\Windows Live\Shared;C:\Program Files\Java\jdk1.8.0_161\bin;;C:\Program Files (x86)\Common Files\Teruten\DSFilter;C:\WINDOWS\System32\OpenSSH\;C:\Program Files (x86)\Intel\Intel(R) Management Engine Components\DAL;C:\Program Files\Intel\Intel(R) Management Engine Components\DAL;C:\Program Files (x86)\Intel\Intel(R) Management Engine Components\IPT;C:\Program Files\Intel\Intel(R) Management Engine Components\IPT;C:\Program Files (x86)\NVIDIA Corporation\PhysX\Common;C:\WINDOWS\system32;C:\WINDOWS;C:\WINDOWS\System32\Wbem;C:\WINDOWS\System32\WindowsPowerShell\v1.0\;C:\WINDOWS\System32\OpenSSH\;C:\Program Files\NVIDIA Corporation\NVIDIA NvDLISR;C:\Users\jupi0\AppData\Local\Programs\Python\Python38\Scripts\;C:\Users\jupi0\AppData\Local\Programs\Python\Python38\;C:\Users\jupi0\AppData\Local\Programs\Python\Python36\Scripts\;C:\Users\jupi0\AppData\Local\Programs\Python\Python36\;C:\Python36;C:\Users\jupi0\AppData\Local\Microsoft\WindowsApps;C:\Program Files\Bandizip\;;C:\Users\jupi0\AppData\Local\Programs\Microsoft VS Code\bin;C:\Program Files\JetBrains\PyCharm Community Edition 2023.2.1\bin;
USERNAME=jupi0
OS=Windows_NT
PROCESSOR_IDENTIFIER=Intel64 Family 6 Model 158 Stepping 9, GenuineIntel
TMP=C:\Users\jupi0\AppData\Local\Temp
TEMP=C:\Users\jupi0\AppData\Local\Temp


JNI global refs:
JNI global refs: 28, weak refs: 1

JNI global refs memory usage: 843, weak refs: 841


---------------  S Y S T E M  ---------------

OS:
 Windows 10 , 64 bit Build 19041 (10.0.19041.3636)
OS uptime: 14 days 21:48 hours
Hyper-V role detected

CPU: total 8 (initial active 8) (4 cores per cpu, 2 threads per core) family 6 model 158 stepping 9 microcode 0xb4, cx8, cmov, fxsr, ht, mmx, 3dnowpref, sse, sse2, sse3, ssse3, sse4.1, sse4.2, popcnt, lzcnt, tsc, tscinvbit, avx, avx2, aes, erms, clmul, bmi1, bmi2, adx, fma, vzeroupper, clflush, clflushopt, hv

Memory: 4k page, system-wide physical 8084M (276M free)
TotalPageFile size 30858M (AvailPageFile size 9M)
current process WorkingSet (physical memory assigned to process): 407M, peak: 419M
current process commit charge ("private bytes"): 475M, peak: 492M

vm_info: OpenJDK 64-Bit Server VM (17.0.6+0-b2043.56-10027231) for windows-amd64 JRE (17.0.6+0-b2043.56-10027231), built on Apr 28 2023 00:43:19 by "androidbuild" with MS VC++ 16.10 / 16.11 (VS2019)

END.
