#
# There is insufficient memory for the Java Runtime Environment to continue.
# Native memory allocation (mmap) failed to map 23068672 bytes for G1 virtual space
# Possible reasons:
#   The system is out of physical RAM or swap space
#   The process is running with CompressedOops enabled, and the Java Heap may be blocking the growth of the native heap
# Possible solutions:
#   Reduce memory load on the system
#   Increase physical memory or swap space
#   Check if swap backing store is full
#   Decrease Java heap size (-Xmx/-Xms)
#   Decrease number of Java threads
#   Decrease Java thread stack sizes (-Xss)
#   Set larger code cache with -XX:ReservedCodeCacheSize=
#   JVM is running with Unscaled Compressed Oops mode in which the Java heap is
#     placed in the first 4GB address space. The Java Heap base address is the
#     maximum limit for the native heap growth. Please use -XX:HeapBaseMinAddress
#     to set the Java Heap base and to place the Java Heap above 4GB virtual address.
# This output file may be truncated or incomplete.
#
#  Out of Memory Error (os_windows.cpp:3769), pid=23384, tid=6164
#
# JRE version: OpenJDK Runtime Environment (17.0.6) (build 17.0.6+0-b2043.56-10027231)
# Java VM: OpenJDK 64-Bit Server VM (17.0.6+0-b2043.56-10027231, mixed mode, tiered, compressed oops, compressed class ptrs, g1 gc, windows-amd64)
# No core dump will be written. Minidumps are not enabled by default on client versions of Windows
#

---------------  S U M M A R Y ------------

Command Line: --add-opens=java.base/java.util=ALL-UNNAMED --add-opens=java.base/java.lang=ALL-UNNAMED --add-opens=java.base/java.lang.invoke=ALL-UNNAMED --add-opens=java.prefs/java.util.prefs=ALL-UNNAMED --add-opens=java.base/java.nio.charset=ALL-UNNAMED --add-opens=java.base/java.net=ALL-UNNAMED --add-opens=java.base/java.util.concurrent.atomic=ALL-UNNAMED -Xmx2048m -Dfile.encoding=UTF-8 -Duser.country=KR -Duser.language=ko -Duser.variant org.gradle.launcher.daemon.bootstrap.GradleDaemon 8.0

Host: Intel(R) Core(TM) i7-7700HQ CPU @ 2.80GHz, 8 cores, 7G,  Windows 10 , 64 bit Build 19041 (10.0.19041.3636)
Time: Wed Dec 13 13:03:46 2023  Windows 10 , 64 bit Build 19041 (10.0.19041.3636) elapsed time: 13.128423 seconds (0d 0h 0m 13s)

---------------  T H R E A D  ---------------

Current thread (0x00000299ffbcfa30):  VMThread "VM Thread" [stack: 0x000000a564e00000,0x000000a564f00000] [id=6164]

Stack: [0x000000a564e00000,0x000000a564f00000]
Native frames: (J=compiled Java code, j=interpreted, Vv=VM code, C=native code)
V  [jvm.dll+0x683c9a]
V  [jvm.dll+0x8427a4]
V  [jvm.dll+0x843f9e]
V  [jvm.dll+0x844603]
V  [jvm.dll+0x249b75]
V  [jvm.dll+0x680b69]
V  [jvm.dll+0x67505a]
V  [jvm.dll+0x309acb]
V  [jvm.dll+0x310f86]
V  [jvm.dll+0x3608ee]
V  [jvm.dll+0x360b1f]
V  [jvm.dll+0x2dfbf8]
V  [jvm.dll+0x2ddec4]
V  [jvm.dll+0x2dd4cc]
V  [jvm.dll+0x321f3b]
V  [jvm.dll+0x848ccb]
V  [jvm.dll+0x849a04]
V  [jvm.dll+0x849f1d]
V  [jvm.dll+0x84a2f4]
V  [jvm.dll+0x84a3c0]
V  [jvm.dll+0x7f274a]
V  [jvm.dll+0x682ad5]
C  [ucrtbase.dll+0x21bb2]
C  [KERNEL32.DLL+0x17344]
C  [ntdll.dll+0x526b1]

VM_Operation (0x000000a5666f7a30): G1CollectForAllocation, mode: safepoint, requested by thread 0x0000029993d0c890


---------------  P R O C E S S  ---------------

Threads class SMR info:
_java_thread_list=0x0000029999213550, length=126, elements={
0x00000299f8d6b130, 0x00000299ffbd2df0, 0x00000299ffbd4310, 0x0000029993832430,
0x000002999380d390, 0x000002999384a8d0, 0x000002999384ee30, 0x00000299938521d0,
0x0000029993853270, 0x0000029993866ae0, 0x00000299939c1320, 0x00000299939c6c20,
0x0000029993d0bef0, 0x0000029993d0b080, 0x0000029993d0cd60, 0x0000029993d0b550,
0x0000029993d0c3c0, 0x0000029993d0ba20, 0x0000029993d0c890, 0x0000029993d093a0,
0x0000029993d09870, 0x0000029993d09d40, 0x0000029993d0abb0, 0x000002999725a430,
0x0000029997258750, 0x000002999725add0, 0x000002999725a900, 0x00000299972590f0,
0x000002999725cf80, 0x000002999725b2a0, 0x000002999725ec60, 0x00000299972595c0,
0x000002999725f130, 0x000002999725b770, 0x00000299972ff820, 0x0000029997259a90,
0x000002999725e2c0, 0x000002999725f600, 0x0000029997258280, 0x000002999725d920,
0x00000299961a7870, 0x00000299961aad60, 0x00000299961aa890, 0x00000299961ab230,
0x00000299961a9ef0, 0x00000299961a8210, 0x00000299961aa3c0, 0x00000299961a8bb0,
0x00000299961a9080, 0x00000299961a9550, 0x00000299974fc6f0, 0x00000299974ff710,
0x00000299974fa540, 0x00000299974fd560, 0x00000299974fb3b0, 0x00000299974faee0,
0x00000299974ffbe0, 0x00000299974faa10, 0x00000299974fdf00, 0x00000299974fcbc0,
0x00000299974fda30, 0x00000299975000b0, 0x00000299974fed70, 0x0000029997500580,
0x00000299974fbd50, 0x00000299974fe3d0, 0x00000299974fe8a0, 0x00000299974ff240,
0x00000299974fb880, 0x00000299974fd090, 0x00000299974fc220, 0x0000029997500a50,
0x0000029997500f20, 0x00000299975013f0, 0x00000299975018c0, 0x00000299974fa070,
0x0000029997aedf70, 0x0000029997af3140, 0x0000029997aed5d0, 0x0000029997af0f90,
0x0000029997af22d0, 0x0000029997af05f0, 0x0000029997aef780, 0x0000029997af27a0,
0x0000029997aed100, 0x0000029997aee910, 0x0000029997af0ac0, 0x0000029997aee440,
0x0000029997af1e00, 0x0000029997af2c70, 0x0000029997af3610, 0x0000029997aebdc0,
0x0000029997aeede0, 0x0000029997af1930, 0x0000029997aec290, 0x0000029997af0120,
0x0000029997aef2b0, 0x0000029997aedaa0, 0x0000029997aefc50, 0x0000029997aec760,
0x0000029997aecc30, 0x0000029997af1460, 0x000002999945db90, 0x00000299994584f0,
0x0000029999459830, 0x0000029999458020, 0x000002999945ea00, 0x000002999945ab70,
0x000002999945b040, 0x0000029999458e90, 0x000002999945e060, 0x0000029999459d00,
0x000002999945d6c0, 0x000002999945e530, 0x000002999945a6a0, 0x000002999945b510,
0x00000299994589c0, 0x000002999945b9e0, 0x000002999945a1d0, 0x000002999945cd20,
0x000002999945beb0, 0x000002999945eed0, 0x000002999945f3a0, 0x000002999945f870,
0x000002999945d1f0, 0x000002999bb5af20
}

Java Threads: ( => current thread )
  0x00000299f8d6b130 JavaThread "main" [_thread_blocked, id=20656, stack(0x000000a564800000,0x000000a564900000)]
  0x00000299ffbd2df0 JavaThread "Reference Handler" daemon [_thread_blocked, id=8668, stack(0x000000a564f00000,0x000000a565000000)]
  0x00000299ffbd4310 JavaThread "Finalizer" daemon [_thread_blocked, id=19912, stack(0x000000a565000000,0x000000a565100000)]
  0x0000029993832430 JavaThread "Signal Dispatcher" daemon [_thread_blocked, id=5728, stack(0x000000a565100000,0x000000a565200000)]
  0x000002999380d390 JavaThread "Attach Listener" daemon [_thread_blocked, id=21192, stack(0x000000a565200000,0x000000a565300000)]
  0x000002999384a8d0 JavaThread "Service Thread" daemon [_thread_blocked, id=1980, stack(0x000000a565300000,0x000000a565400000)]
  0x000002999384ee30 JavaThread "Monitor Deflation Thread" daemon [_thread_blocked, id=18360, stack(0x000000a565400000,0x000000a565500000)]
  0x00000299938521d0 JavaThread "C2 CompilerThread0" daemon [_thread_in_native, id=10744, stack(0x000000a565500000,0x000000a565600000)]
  0x0000029993853270 JavaThread "C1 CompilerThread0" daemon [_thread_blocked, id=11152, stack(0x000000a565600000,0x000000a565700000)]
  0x0000029993866ae0 JavaThread "Sweeper thread" daemon [_thread_blocked, id=19852, stack(0x000000a565700000,0x000000a565800000)]
  0x00000299939c1320 JavaThread "Common-Cleaner" daemon [_thread_blocked, id=23324, stack(0x000000a565800000,0x000000a565900000)]
  0x00000299939c6c20 JavaThread "Notification Thread" daemon [_thread_blocked, id=2540, stack(0x000000a565900000,0x000000a565a00000)]
  0x0000029993d0bef0 JavaThread "Daemon health stats" [_thread_blocked, id=2240, stack(0x000000a566000000,0x000000a566100000)]
  0x0000029993d0b080 JavaThread "Incoming local TCP Connector on port 11711" [_thread_in_native, id=7992, stack(0x000000a565b00000,0x000000a565c00000)]
  0x0000029993d0cd60 JavaThread "Daemon periodic checks" [_thread_blocked, id=21372, stack(0x000000a566100000,0x000000a566200000)]
  0x0000029993d0b550 JavaThread "Daemon" [_thread_blocked, id=22168, stack(0x000000a566300000,0x000000a566400000)]
  0x0000029993d0c3c0 JavaThread "Handler for socket connection from /127.0.0.1:11711 to /127.0.0.1:11712" [_thread_in_native, id=22948, stack(0x000000a566400000,0x000000a566500000)]
  0x0000029993d0ba20 JavaThread "Cancel handler" [_thread_blocked, id=20148, stack(0x000000a566500000,0x000000a566600000)]
  0x0000029993d0c890 JavaThread "Daemon worker" [_thread_blocked, id=11344, stack(0x000000a566600000,0x000000a566700000)]
  0x0000029993d093a0 JavaThread "Asynchronous log dispatcher for DefaultDaemonConnection: socket connection from /127.0.0.1:11711 to /127.0.0.1:11712" [_thread_blocked, id=436, stack(0x000000a566700000,0x000000a566800000)]
  0x0000029993d09870 JavaThread "Stdin handler" [_thread_blocked, id=12124, stack(0x000000a566800000,0x000000a566900000)]
  0x0000029993d09d40 JavaThread "Daemon client event forwarder" [_thread_blocked, id=5912, stack(0x000000a566900000,0x000000a566a00000)]
  0x0000029993d0abb0 JavaThread "Cache worker for journal cache (C:\Users\jupi0\.gradle\caches\journal-1)" [_thread_blocked, id=8928, stack(0x000000a566e00000,0x000000a566f00000)]
  0x000002999725a430 JavaThread "File lock request listener" [_thread_in_native, id=7072, stack(0x000000a566f00000,0x000000a567000000)]
  0x0000029997258750 JavaThread "Cache worker for file hash cache (C:\Users\jupi0\.gradle\caches\8.0\fileHashes)" [_thread_blocked, id=19516, stack(0x000000a567000000,0x000000a567100000)]
  0x000002999725add0 JavaThread "File watcher server" daemon [_thread_in_native, id=2840, stack(0x000000a567200000,0x000000a567300000)]
  0x000002999725a900 JavaThread "File watcher consumer" daemon [_thread_blocked, id=22456, stack(0x000000a567300000,0x000000a567400000)]
  0x00000299972590f0 JavaThread "Cache worker for checksums cache (C:\Users\jupi0\AndroidStudioProjects\Capstone_2\.gradle\8.0\checksums)" [_thread_blocked, id=13712, stack(0x000000a567400000,0x000000a567500000)]
  0x000002999725cf80 JavaThread "Cache worker for cache directory md-rule (C:\Users\jupi0\.gradle\caches\8.0\md-rule)" [_thread_blocked, id=3488, stack(0x000000a567500000,0x000000a567600000)]
  0x000002999725b2a0 JavaThread "Cache worker for file content cache (C:\Users\jupi0\.gradle\caches\8.0\fileContent)" [_thread_blocked, id=3084, stack(0x000000a567600000,0x000000a567700000)]
  0x000002999725ec60 JavaThread "Cache worker for file hash cache (C:\Users\jupi0\AndroidStudioProjects\Capstone_2\.gradle\8.0\fileHashes)" [_thread_blocked, id=5280, stack(0x000000a567700000,0x000000a567800000)]
  0x00000299972595c0 JavaThread "Cache worker for cache directory md-supplier (C:\Users\jupi0\.gradle\caches\8.0\md-supplier)" [_thread_blocked, id=2888, stack(0x000000a567800000,0x000000a567900000)]
  0x000002999725f130 JavaThread "Cache worker for execution history cache (C:\Users\jupi0\.gradle\caches\8.0\executionHistory)" [_thread_blocked, id=20444, stack(0x000000a567900000,0x000000a567a00000)]
  0x000002999725b770 JavaThread "jar transforms" [_thread_blocked, id=19424, stack(0x000000a566200000,0x000000a566300000)]
  0x00000299972ff820 JavaThread "C2 CompilerThread1" daemon [_thread_blocked, id=4952, stack(0x000000a567100000,0x000000a567200000)]
  0x0000029997259a90 JavaThread "jar transforms Thread 2" [_thread_blocked, id=16400, stack(0x000000a567a00000,0x000000a567b00000)]
  0x000002999725e2c0 JavaThread "jar transforms Thread 3" [_thread_blocked, id=17220, stack(0x000000a567d00000,0x000000a567e00000)]
  0x000002999725f600 JavaThread "jar transforms Thread 4" [_thread_blocked, id=19164, stack(0x000000a567e00000,0x000000a567f00000)]
  0x0000029997258280 JavaThread "Cache worker for dependencies-accessors (C:\Users\jupi0\AndroidStudioProjects\Capstone_2\.gradle\8.0\dependencies-accessors)" [_thread_blocked, id=1620, stack(0x000000a567f00000,0x000000a568000000)]
  0x000002999725d920 JavaThread "jar transforms Thread 5" [_thread_blocked, id=18128, stack(0x000000a568000000,0x000000a568100000)]
  0x00000299961a7870 JavaThread "Cache worker for Build Output Cleanup Cache (C:\Users\jupi0\AndroidStudioProjects\Capstone_2\.gradle\buildOutputCleanup)" [_thread_blocked, id=9480, stack(0x000000a568100000,0x000000a568200000)]
  0x00000299961aad60 JavaThread "Unconstrained build operations" [_thread_blocked, id=20652, stack(0x000000a568200000,0x000000a568300000)]
  0x00000299961aa890 JavaThread "Unconstrained build operations Thread 2" [_thread_blocked, id=13236, stack(0x000000a568300000,0x000000a568400000)]
  0x00000299961ab230 JavaThread "Unconstrained build operations Thread 3" [_thread_blocked, id=11448, stack(0x000000a568400000,0x000000a568500000)]
  0x00000299961a9ef0 JavaThread "Unconstrained build operations Thread 4" [_thread_blocked, id=22040, stack(0x000000a568500000,0x000000a568600000)]
  0x00000299961a8210 JavaThread "Unconstrained build operations Thread 5" [_thread_blocked, id=16184, stack(0x000000a568600000,0x000000a568700000)]
  0x00000299961aa3c0 JavaThread "Unconstrained build operations Thread 6" [_thread_blocked, id=21160, stack(0x000000a568700000,0x000000a568800000)]
  0x00000299961a8bb0 JavaThread "Unconstrained build operations Thread 7" [_thread_blocked, id=18964, stack(0x000000a568800000,0x000000a568900000)]
  0x00000299961a9080 JavaThread "Unconstrained build operations Thread 8" [_thread_blocked, id=19320, stack(0x000000a568900000,0x000000a568a00000)]
  0x00000299961a9550 JavaThread "Unconstrained build operations Thread 9" [_thread_blocked, id=12788, stack(0x000000a568a00000,0x000000a568b00000)]
  0x00000299974fc6f0 JavaThread "Unconstrained build operations Thread 10" [_thread_blocked, id=16712, stack(0x000000a568b00000,0x000000a568c00000)]
  0x00000299974ff710 JavaThread "Unconstrained build operations Thread 11" [_thread_blocked, id=4904, stack(0x000000a568c00000,0x000000a568d00000)]
  0x00000299974fa540 JavaThread "Unconstrained build operations Thread 12" [_thread_blocked, id=3196, stack(0x000000a568d00000,0x000000a568e00000)]
  0x00000299974fd560 JavaThread "Unconstrained build operations Thread 13" [_thread_blocked, id=19308, stack(0x000000a568e00000,0x000000a568f00000)]
  0x00000299974fb3b0 JavaThread "Unconstrained build operations Thread 14" [_thread_blocked, id=1844, stack(0x000000a568f00000,0x000000a569000000)]
  0x00000299974faee0 JavaThread "Unconstrained build operations Thread 15" [_thread_blocked, id=14260, stack(0x000000a569000000,0x000000a569100000)]
  0x00000299974ffbe0 JavaThread "Unconstrained build operations Thread 16" [_thread_blocked, id=4748, stack(0x000000a569100000,0x000000a569200000)]
  0x00000299974faa10 JavaThread "Unconstrained build operations Thread 17" [_thread_blocked, id=12352, stack(0x000000a569200000,0x000000a569300000)]
  0x00000299974fdf00 JavaThread "Unconstrained build operations Thread 18" [_thread_blocked, id=11272, stack(0x000000a569300000,0x000000a569400000)]
  0x00000299974fcbc0 JavaThread "Unconstrained build operations Thread 19" [_thread_blocked, id=23368, stack(0x000000a569400000,0x000000a569500000)]
  0x00000299974fda30 JavaThread "Unconstrained build operations Thread 20" [_thread_blocked, id=3848, stack(0x000000a569500000,0x000000a569600000)]
  0x00000299975000b0 JavaThread "Unconstrained build operations Thread 21" [_thread_blocked, id=21980, stack(0x000000a569600000,0x000000a569700000)]
  0x00000299974fed70 JavaThread "Unconstrained build operations Thread 22" [_thread_blocked, id=21688, stack(0x000000a569700000,0x000000a569800000)]
  0x0000029997500580 JavaThread "Unconstrained build operations Thread 23" [_thread_blocked, id=20880, stack(0x000000a569800000,0x000000a569900000)]
  0x00000299974fbd50 JavaThread "Unconstrained build operations Thread 24" [_thread_blocked, id=5680, stack(0x000000a569900000,0x000000a569a00000)]
  0x00000299974fe3d0 JavaThread "Unconstrained build operations Thread 25" [_thread_blocked, id=20940, stack(0x000000a569a00000,0x000000a569b00000)]
  0x00000299974fe8a0 JavaThread "Unconstrained build operations Thread 26" [_thread_blocked, id=21656, stack(0x000000a569b00000,0x000000a569c00000)]
  0x00000299974ff240 JavaThread "Unconstrained build operations Thread 27" [_thread_blocked, id=22692, stack(0x000000a569c00000,0x000000a569d00000)]
  0x00000299974fb880 JavaThread "Unconstrained build operations Thread 28" [_thread_blocked, id=10256, stack(0x000000a569d00000,0x000000a569e00000)]
  0x00000299974fd090 JavaThread "Unconstrained build operations Thread 29" [_thread_blocked, id=18288, stack(0x000000a569e00000,0x000000a569f00000)]
  0x00000299974fc220 JavaThread "Unconstrained build operations Thread 30" [_thread_blocked, id=3200, stack(0x000000a569f00000,0x000000a56a000000)]
  0x0000029997500a50 JavaThread "Unconstrained build operations Thread 31" [_thread_blocked, id=4892, stack(0x000000a56a000000,0x000000a56a100000)]
  0x0000029997500f20 JavaThread "Unconstrained build operations Thread 32" [_thread_blocked, id=20348, stack(0x000000a56a100000,0x000000a56a200000)]
  0x00000299975013f0 JavaThread "Unconstrained build operations Thread 33" [_thread_blocked, id=5552, stack(0x000000a56a200000,0x000000a56a300000)]
  0x00000299975018c0 JavaThread "Unconstrained build operations Thread 34" [_thread_blocked, id=2508, stack(0x000000a56a300000,0x000000a56a400000)]
  0x00000299974fa070 JavaThread "Unconstrained build operations Thread 35" [_thread_blocked, id=14240, stack(0x000000a56a400000,0x000000a56a500000)]
  0x0000029997aedf70 JavaThread "Unconstrained build operations Thread 36" [_thread_blocked, id=12952, stack(0x000000a56a500000,0x000000a56a600000)]
  0x0000029997af3140 JavaThread "Unconstrained build operations Thread 37" [_thread_blocked, id=1936, stack(0x000000a56a600000,0x000000a56a700000)]
  0x0000029997aed5d0 JavaThread "Unconstrained build operations Thread 38" [_thread_blocked, id=8280, stack(0x000000a56a700000,0x000000a56a800000)]
  0x0000029997af0f90 JavaThread "Unconstrained build operations Thread 39" [_thread_blocked, id=13404, stack(0x000000a56a800000,0x000000a56a900000)]
  0x0000029997af22d0 JavaThread "Unconstrained build operations Thread 40" [_thread_blocked, id=19460, stack(0x000000a56a900000,0x000000a56aa00000)]
  0x0000029997af05f0 JavaThread "Unconstrained build operations Thread 41" [_thread_blocked, id=23272, stack(0x000000a56aa00000,0x000000a56ab00000)]
  0x0000029997aef780 JavaThread "Unconstrained build operations Thread 42" [_thread_blocked, id=8380, stack(0x000000a56ab00000,0x000000a56ac00000)]
  0x0000029997af27a0 JavaThread "Unconstrained build operations Thread 43" [_thread_blocked, id=18412, stack(0x000000a56ac00000,0x000000a56ad00000)]
  0x0000029997aed100 JavaThread "Unconstrained build operations Thread 44" [_thread_blocked, id=2620, stack(0x000000a56ad00000,0x000000a56ae00000)]
  0x0000029997aee910 JavaThread "Unconstrained build operations Thread 45" [_thread_blocked, id=20024, stack(0x000000a56ae00000,0x000000a56af00000)]
  0x0000029997af0ac0 JavaThread "Unconstrained build operations Thread 46" [_thread_blocked, id=18884, stack(0x000000a56af00000,0x000000a56b000000)]
  0x0000029997aee440 JavaThread "Unconstrained build operations Thread 47" [_thread_blocked, id=5416, stack(0x000000a56b000000,0x000000a56b100000)]
  0x0000029997af1e00 JavaThread "Unconstrained build operations Thread 48" [_thread_blocked, id=11796, stack(0x000000a56b100000,0x000000a56b200000)]
  0x0000029997af2c70 JavaThread "Unconstrained build operations Thread 49" [_thread_blocked, id=22844, stack(0x000000a56b200000,0x000000a56b300000)]
  0x0000029997af3610 JavaThread "Unconstrained build operations Thread 50" [_thread_blocked, id=5864, stack(0x000000a56b300000,0x000000a56b400000)]
  0x0000029997aebdc0 JavaThread "Unconstrained build operations Thread 51" [_thread_blocked, id=19496, stack(0x000000a56b400000,0x000000a56b500000)]
  0x0000029997aeede0 JavaThread "Unconstrained build operations Thread 52" [_thread_blocked, id=20140, stack(0x000000a56b500000,0x000000a56b600000)]
  0x0000029997af1930 JavaThread "Unconstrained build operations Thread 53" [_thread_blocked, id=19140, stack(0x000000a56b600000,0x000000a56b700000)]
  0x0000029997aec290 JavaThread "Unconstrained build operations Thread 54" [_thread_blocked, id=15228, stack(0x000000a56b700000,0x000000a56b800000)]
  0x0000029997af0120 JavaThread "Unconstrained build operations Thread 55" [_thread_blocked, id=21732, stack(0x000000a56b800000,0x000000a56b900000)]
  0x0000029997aef2b0 JavaThread "Unconstrained build operations Thread 56" [_thread_blocked, id=19272, stack(0x000000a56b900000,0x000000a56ba00000)]
  0x0000029997aedaa0 JavaThread "Unconstrained build operations Thread 57" [_thread_blocked, id=3580, stack(0x000000a56ba00000,0x000000a56bb00000)]
  0x0000029997aefc50 JavaThread "Unconstrained build operations Thread 58" [_thread_blocked, id=15164, stack(0x000000a56bb00000,0x000000a56bc00000)]
  0x0000029997aec760 JavaThread "Unconstrained build operations Thread 59" [_thread_blocked, id=11168, stack(0x000000a56bc00000,0x000000a56bd00000)]
  0x0000029997aecc30 JavaThread "Unconstrained build operations Thread 60" [_thread_blocked, id=12188, stack(0x000000a56bd00000,0x000000a56be00000)]
  0x0000029997af1460 JavaThread "Unconstrained build operations Thread 61" [_thread_blocked, id=8408, stack(0x000000a56be00000,0x000000a56bf00000)]
  0x000002999945db90 JavaThread "Unconstrained build operations Thread 62" [_thread_blocked, id=2512, stack(0x000000a56bf00000,0x000000a56c000000)]
  0x00000299994584f0 JavaThread "Unconstrained build operations Thread 63" [_thread_blocked, id=20716, stack(0x000000a56c000000,0x000000a56c100000)]
  0x0000029999459830 JavaThread "Unconstrained build operations Thread 64" [_thread_blocked, id=9100, stack(0x000000a56c100000,0x000000a56c200000)]
  0x0000029999458020 JavaThread "Unconstrained build operations Thread 65" [_thread_blocked, id=19856, stack(0x000000a56c200000,0x000000a56c300000)]
  0x000002999945ea00 JavaThread "Unconstrained build operations Thread 66" [_thread_blocked, id=14796, stack(0x000000a56c300000,0x000000a56c400000)]
  0x000002999945ab70 JavaThread "Unconstrained build operations Thread 67" [_thread_blocked, id=6360, stack(0x000000a56c400000,0x000000a56c500000)]
  0x000002999945b040 JavaThread "Unconstrained build operations Thread 68" [_thread_blocked, id=9160, stack(0x000000a56c500000,0x000000a56c600000)]
  0x0000029999458e90 JavaThread "Unconstrained build operations Thread 69" [_thread_blocked, id=19976, stack(0x000000a56c600000,0x000000a56c700000)]
  0x000002999945e060 JavaThread "Unconstrained build operations Thread 70" [_thread_blocked, id=952, stack(0x000000a56c700000,0x000000a56c800000)]
  0x0000029999459d00 JavaThread "Unconstrained build operations Thread 71" [_thread_blocked, id=7376, stack(0x000000a56c800000,0x000000a56c900000)]
  0x000002999945d6c0 JavaThread "Unconstrained build operations Thread 72" [_thread_blocked, id=5852, stack(0x000000a56c900000,0x000000a56ca00000)]
  0x000002999945e530 JavaThread "Unconstrained build operations Thread 73" [_thread_blocked, id=18904, stack(0x000000a56ca00000,0x000000a56cb00000)]
  0x000002999945a6a0 JavaThread "Unconstrained build operations Thread 74" [_thread_blocked, id=11812, stack(0x000000a56cb00000,0x000000a56cc00000)]
  0x000002999945b510 JavaThread "Unconstrained build operations Thread 75" [_thread_blocked, id=22000, stack(0x000000a56cc00000,0x000000a56cd00000)]
  0x00000299994589c0 JavaThread "Unconstrained build operations Thread 76" [_thread_blocked, id=16736, stack(0x000000a56cd00000,0x000000a56ce00000)]
  0x000002999945b9e0 JavaThread "Unconstrained build operations Thread 77" [_thread_blocked, id=13460, stack(0x000000a56ce00000,0x000000a56cf00000)]
  0x000002999945a1d0 JavaThread "Unconstrained build operations Thread 78" [_thread_blocked, id=18184, stack(0x000000a56cf00000,0x000000a56d000000)]
  0x000002999945cd20 JavaThread "Unconstrained build operations Thread 79" [_thread_blocked, id=2432, stack(0x000000a56d000000,0x000000a56d100000)]
  0x000002999945beb0 JavaThread "Unconstrained build operations Thread 80" [_thread_blocked, id=7564, stack(0x000000a56d100000,0x000000a56d200000)]
  0x000002999945eed0 JavaThread "jar transforms Thread 6" [_thread_blocked, id=14020, stack(0x000000a56d200000,0x000000a56d300000)]
  0x000002999945f3a0 JavaThread "jar transforms Thread 7" [_thread_blocked, id=22952, stack(0x000000a56d300000,0x000000a56d400000)]
  0x000002999945f870 JavaThread "jar transforms Thread 8" [_thread_blocked, id=18164, stack(0x000000a56d400000,0x000000a56d500000)]
  0x000002999945d1f0 JavaThread "build event listener" [_thread_blocked, id=7216, stack(0x000000a567b00000,0x000000a567c00000)]
  0x000002999bb5af20 JavaThread "Memory manager" [_thread_blocked, id=5760, stack(0x000000a56d600000,0x000000a56d700000)]

Other Threads:
=>0x00000299ffbcfa30 VMThread "VM Thread" [stack: 0x000000a564e00000,0x000000a564f00000] [id=6164]
  0x00000299939c8100 WatcherThread [stack: 0x000000a565a00000,0x000000a565b00000] [id=22032]
  0x00000299f8dca380 GCTaskThread "GC Thread#0" [stack: 0x000000a564900000,0x000000a564a00000] [id=12240]
  0x0000029994924590 GCTaskThread "GC Thread#1" [stack: 0x000000a565c00000,0x000000a565d00000] [id=21376]
  0x00000299943e3ba0 GCTaskThread "GC Thread#2" [stack: 0x000000a565d00000,0x000000a565e00000] [id=14304]
  0x0000029993d0e5a0 GCTaskThread "GC Thread#3" [stack: 0x000000a565e00000,0x000000a565f00000] [id=18356]
  0x0000029995064a60 GCTaskThread "GC Thread#4" [stack: 0x000000a565f00000,0x000000a566000000] [id=6568]
  0x0000029994e4be40 GCTaskThread "GC Thread#5" [stack: 0x000000a566a00000,0x000000a566b00000] [id=17836]
  0x000002999635d5c0 GCTaskThread "GC Thread#6" [stack: 0x000000a566b00000,0x000000a566c00000] [id=17368]
  0x0000029994845590 GCTaskThread "GC Thread#7" [stack: 0x000000a566c00000,0x000000a566d00000] [id=5936]
  0x00000299f8ddb970 ConcurrentGCThread "G1 Main Marker" [stack: 0x000000a564a00000,0x000000a564b00000] [id=22132]
  0x00000299f8ddc290 ConcurrentGCThread "G1 Conc#0" [stack: 0x000000a564b00000,0x000000a564c00000] [id=3940]
  0x0000029996344fe0 ConcurrentGCThread "G1 Conc#1" [stack: 0x000000a566d00000,0x000000a566e00000] [id=17460]
  0x00000299ffa280e0 ConcurrentGCThread "G1 Refine#0" [stack: 0x000000a564c00000,0x000000a564d00000] [id=20772]
  0x0000029996425920 ConcurrentGCThread "G1 Refine#1" [stack: 0x000000a567c00000,0x000000a567d00000] [id=9828]
  0x00000299ffa28a10 ConcurrentGCThread "G1 Service" [stack: 0x000000a564d00000,0x000000a564e00000] [id=3636]

Threads with active compile tasks:
C2 CompilerThread0    13192 8130       4       org.gradle.internal.instantiation.generator.AbstractClassGenerator::inspectType (560 bytes)
C2 CompilerThread1    13192 8381       4       groovy.lang.MetaClassImpl$1MOPIter::methodNameAction (325 bytes)

VM state: at safepoint (normal execution)

VM Mutex/Monitor currently owned by a thread:  ([mutex/lock_event])
[0x00000299f8d66870] Threads_lock - owner thread: 0x00000299ffbcfa30
[0x00000299f8d670e0] Heap_lock - owner thread: 0x0000029993d0c890

Heap address: 0x0000000080000000, size: 2048 MB, Compressed Oops mode: 32-bit

CDS archive(s) not mapped
Compressed class space mapped at: 0x0000000100000000-0x0000000140000000, reserved size: 1073741824
Narrow klass base: 0x0000000000000000, Narrow klass shift: 3, Narrow klass range: 0x140000000

GC Precious Log:
 CPUs: 8 total, 8 available
 Memory: 8084M
 Large Page Support: Disabled
 NUMA Support: Disabled
 Compressed Oops: Enabled (32-bit)
 Heap Region Size: 1M
 Heap Min Capacity: 8M
 Heap Initial Capacity: 128M
 Heap Max Capacity: 2G
 Pre-touch: Disabled
 Parallel Workers: 8
 Concurrent Workers: 2
 Concurrent Refinement Workers: 8
 Periodic GC: Disabled

Heap:
 garbage-first heap   total 131072K, used 71400K [0x0000000080000000, 0x0000000100000000)
  region size 1024K, 5 young (5120K), 5 survivors (5120K)
 Metaspace       used 81989K, committed 82688K, reserved 1122304K
  class space    used 11182K, committed 11520K, reserved 1048576K

Heap Regions: E=young(eden), S=young(survivor), O=old, HS=humongous(starts), HC=humongous(continues), CS=collection set, F=free, OA=open archive, CA=closed archive, TAMS=top-at-mark-start (previous, next)
|   0|0x0000000080000000, 0x0000000080100000, 0x0000000080100000|100%|HS|  |TAMS 0x0000000080100000, 0x0000000080100000| Complete 
|   1|0x0000000080100000, 0x0000000080200000, 0x0000000080200000|100%|HC|  |TAMS 0x0000000080200000, 0x0000000080200000| Complete 
|   2|0x0000000080200000, 0x0000000080300000, 0x0000000080300000|100%|HC|  |TAMS 0x0000000080300000, 0x0000000080300000| Complete 
|   3|0x0000000080300000, 0x0000000080400000, 0x0000000080400000|100%|HC|  |TAMS 0x0000000080400000, 0x0000000080400000| Complete 
|   4|0x0000000080400000, 0x0000000080500000, 0x0000000080500000|100%| O|  |TAMS 0x0000000080500000, 0x0000000080500000| Untracked 
|   5|0x0000000080500000, 0x0000000080600000, 0x0000000080600000|100%| O|  |TAMS 0x0000000080600000, 0x0000000080600000| Untracked 
|   6|0x0000000080600000, 0x0000000080700000, 0x0000000080700000|100%| O|  |TAMS 0x0000000080700000, 0x0000000080700000| Untracked 
|   7|0x0000000080700000, 0x0000000080800000, 0x0000000080800000|100%| O|  |TAMS 0x0000000080800000, 0x0000000080800000| Untracked 
|   8|0x0000000080800000, 0x0000000080900000, 0x0000000080900000|100%| O|  |TAMS 0x0000000080900000, 0x0000000080900000| Untracked 
|   9|0x0000000080900000, 0x0000000080a00000, 0x0000000080a00000|100%| O|  |TAMS 0x0000000080a00000, 0x0000000080a00000| Untracked 
|  10|0x0000000080a00000, 0x0000000080b00000, 0x0000000080b00000|100%| O|  |TAMS 0x0000000080b00000, 0x0000000080b00000| Untracked 
|  11|0x0000000080b00000, 0x0000000080c00000, 0x0000000080c00000|100%| O|  |TAMS 0x0000000080c00000, 0x0000000080c00000| Untracked 
|  12|0x0000000080c00000, 0x0000000080d00000, 0x0000000080d00000|100%| O|  |TAMS 0x0000000080d00000, 0x0000000080d00000| Untracked 
|  13|0x0000000080d00000, 0x0000000080e00000, 0x0000000080e00000|100%| O|  |TAMS 0x0000000080e00000, 0x0000000080e00000| Untracked 
|  14|0x0000000080e00000, 0x0000000080f00000, 0x0000000080f00000|100%| O|  |TAMS 0x0000000080f00000, 0x0000000080f00000| Untracked 
|  15|0x0000000080f00000, 0x0000000081000000, 0x0000000081000000|100%| O|  |TAMS 0x0000000081000000, 0x0000000081000000| Untracked 
|  16|0x0000000081000000, 0x0000000081100000, 0x0000000081100000|100%| O|  |TAMS 0x0000000081100000, 0x0000000081100000| Untracked 
|  17|0x0000000081100000, 0x0000000081200000, 0x0000000081200000|100%| O|  |TAMS 0x0000000081200000, 0x0000000081200000| Untracked 
|  18|0x0000000081200000, 0x0000000081300000, 0x0000000081300000|100%| O|  |TAMS 0x0000000081300000, 0x0000000081300000| Untracked 
|  19|0x0000000081300000, 0x0000000081400000, 0x0000000081400000|100%| O|  |TAMS 0x0000000081400000, 0x0000000081400000| Untracked 
|  20|0x0000000081400000, 0x0000000081500000, 0x0000000081500000|100%| O|  |TAMS 0x0000000081500000, 0x0000000081500000| Untracked 
|  21|0x0000000081500000, 0x0000000081600000, 0x0000000081600000|100%| O|  |TAMS 0x0000000081600000, 0x0000000081600000| Untracked 
|  22|0x0000000081600000, 0x0000000081700000, 0x0000000081700000|100%| O|  |TAMS 0x0000000081700000, 0x0000000081700000| Untracked 
|  23|0x0000000081700000, 0x0000000081800000, 0x0000000081800000|100%| O|  |TAMS 0x0000000081800000, 0x0000000081800000| Untracked 
|  24|0x0000000081800000, 0x0000000081900000, 0x0000000081900000|100%| O|  |TAMS 0x0000000081900000, 0x0000000081900000| Untracked 
|  25|0x0000000081900000, 0x0000000081a00000, 0x0000000081a00000|100%|HS|  |TAMS 0x0000000081a00000, 0x0000000081a00000| Complete 
|  26|0x0000000081a00000, 0x0000000081b00000, 0x0000000081b00000|100%| O|  |TAMS 0x0000000081b00000, 0x0000000081b00000| Untracked 
|  27|0x0000000081b00000, 0x0000000081c00000, 0x0000000081c00000|100%| O|  |TAMS 0x0000000081c00000, 0x0000000081c00000| Untracked 
|  28|0x0000000081c00000, 0x0000000081d00000, 0x0000000081d00000|100%| O|  |TAMS 0x0000000081d00000, 0x0000000081d00000| Untracked 
|  29|0x0000000081d00000, 0x0000000081e00000, 0x0000000081e00000|100%| O|  |TAMS 0x0000000081e00000, 0x0000000081e00000| Untracked 
|  30|0x0000000081e00000, 0x0000000081f00000, 0x0000000081f00000|100%| O|  |TAMS 0x0000000081f00000, 0x0000000081f00000| Untracked 
|  31|0x0000000081f00000, 0x0000000082000000, 0x0000000082000000|100%| O|  |TAMS 0x0000000082000000, 0x0000000082000000| Untracked 
|  32|0x0000000082000000, 0x0000000082100000, 0x0000000082100000|100%|HS|  |TAMS 0x0000000082100000, 0x0000000082100000| Complete 
|  33|0x0000000082100000, 0x0000000082200000, 0x0000000082200000|100%|HS|  |TAMS 0x0000000082200000, 0x0000000082200000| Complete 
|  34|0x0000000082200000, 0x0000000082300000, 0x0000000082300000|100%| O|  |TAMS 0x0000000082300000, 0x0000000082300000| Untracked 
|  35|0x0000000082300000, 0x0000000082400000, 0x0000000082400000|100%| O|  |TAMS 0x0000000082400000, 0x0000000082400000| Untracked 
|  36|0x0000000082400000, 0x0000000082500000, 0x0000000082500000|100%| O|  |TAMS 0x0000000082500000, 0x0000000082500000| Untracked 
|  37|0x0000000082500000, 0x0000000082600000, 0x0000000082600000|100%| O|  |TAMS 0x0000000082600000, 0x0000000082600000| Untracked 
|  38|0x0000000082600000, 0x0000000082700000, 0x0000000082700000|100%| O|  |TAMS 0x0000000082700000, 0x0000000082700000| Untracked 
|  39|0x0000000082700000, 0x0000000082800000, 0x0000000082800000|100%| O|  |TAMS 0x0000000082800000, 0x0000000082800000| Untracked 
|  40|0x0000000082800000, 0x0000000082900000, 0x0000000082900000|100%| O|  |TAMS 0x0000000082900000, 0x0000000082900000| Untracked 
|  41|0x0000000082900000, 0x0000000082a00000, 0x0000000082a00000|100%| O|  |TAMS 0x0000000082a00000, 0x0000000082a00000| Untracked 
|  42|0x0000000082a00000, 0x0000000082b00000, 0x0000000082b00000|100%| O|  |TAMS 0x0000000082b00000, 0x0000000082b00000| Untracked 
|  43|0x0000000082b00000, 0x0000000082c00000, 0x0000000082c00000|100%| O|  |TAMS 0x0000000082c00000, 0x0000000082c00000| Untracked 
|  44|0x0000000082c00000, 0x0000000082d00000, 0x0000000082d00000|100%| O|  |TAMS 0x0000000082d00000, 0x0000000082d00000| Untracked 
|  45|0x0000000082d00000, 0x0000000082e00000, 0x0000000082e00000|100%| O|  |TAMS 0x0000000082e00000, 0x0000000082e00000| Untracked 
|  46|0x0000000082e00000, 0x0000000082f00000, 0x0000000082f00000|100%| O|  |TAMS 0x0000000082f00000, 0x0000000082f00000| Untracked 
|  47|0x0000000082f00000, 0x0000000083000000, 0x0000000083000000|100%| O|  |TAMS 0x0000000083000000, 0x0000000083000000| Untracked 
|  48|0x0000000083000000, 0x0000000083100000, 0x0000000083100000|100%| O|  |TAMS 0x0000000083100000, 0x0000000083100000| Untracked 
|  49|0x0000000083100000, 0x0000000083200000, 0x0000000083200000|100%| O|  |TAMS 0x0000000083200000, 0x0000000083200000| Untracked 
|  50|0x0000000083200000, 0x0000000083300000, 0x0000000083300000|100%| O|  |TAMS 0x0000000083300000, 0x0000000083300000| Untracked 
|  51|0x0000000083300000, 0x0000000083400000, 0x0000000083400000|100%| O|  |TAMS 0x0000000083400000, 0x0000000083400000| Untracked 
|  52|0x0000000083400000, 0x0000000083500000, 0x0000000083500000|100%| O|  |TAMS 0x0000000083500000, 0x0000000083500000| Untracked 
|  53|0x0000000083500000, 0x0000000083600000, 0x0000000083600000|100%| O|  |TAMS 0x0000000083600000, 0x0000000083600000| Untracked 
|  54|0x0000000083600000, 0x0000000083700000, 0x0000000083700000|100%| O|  |TAMS 0x0000000083600000, 0x0000000083700000| Untracked 
|  55|0x0000000083700000, 0x0000000083800000, 0x0000000083800000|100%| O|  |TAMS 0x0000000083800000, 0x0000000083800000| Untracked 
|  56|0x0000000083800000, 0x0000000083900000, 0x0000000083900000|100%| O|  |TAMS 0x0000000083900000, 0x0000000083900000| Untracked 
|  57|0x0000000083900000, 0x0000000083a00000, 0x0000000083a00000|100%| O|  |TAMS 0x0000000083a00000, 0x0000000083a00000| Untracked 
|  58|0x0000000083a00000, 0x0000000083b00000, 0x0000000083b00000|100%| O|  |TAMS 0x0000000083a47200, 0x0000000083b00000| Untracked 
|  59|0x0000000083b00000, 0x0000000083c00000, 0x0000000083c00000|100%| O|  |TAMS 0x0000000083b00000, 0x0000000083c00000| Untracked 
|  60|0x0000000083c00000, 0x0000000083d00000, 0x0000000083d00000|100%| O|  |TAMS 0x0000000083c00000, 0x0000000083d00000| Untracked 
|  61|0x0000000083d00000, 0x0000000083e00000, 0x0000000083e00000|100%| O|  |TAMS 0x0000000083d00000, 0x0000000083dda400| Untracked 
|  62|0x0000000083e00000, 0x0000000083f00000, 0x0000000083f00000|100%| O|  |TAMS 0x0000000083e00000, 0x0000000083e00000| Untracked 
|  63|0x0000000083f00000, 0x0000000084000000, 0x0000000084000000|100%| O|  |TAMS 0x0000000083f00000, 0x0000000083f00000| Untracked 
|  64|0x0000000084000000, 0x00000000840d5c00, 0x0000000084100000| 83%| O|  |TAMS 0x0000000084000000, 0x0000000084000000| Untracked 
|  65|0x0000000084100000, 0x0000000084100000, 0x0000000084200000|  0%| F|  |TAMS 0x0000000084100000, 0x0000000084100000| Untracked 
|  66|0x0000000084200000, 0x0000000084200000, 0x0000000084300000|  0%| F|  |TAMS 0x0000000084200000, 0x0000000084200000| Untracked 
|  67|0x0000000084300000, 0x0000000084300000, 0x0000000084400000|  0%| F|  |TAMS 0x0000000084300000, 0x0000000084300000| Untracked 
|  68|0x0000000084400000, 0x0000000084400000, 0x0000000084500000|  0%| F|  |TAMS 0x0000000084400000, 0x0000000084400000| Untracked 
|  69|0x0000000084500000, 0x0000000084500000, 0x0000000084600000|  0%| F|  |TAMS 0x0000000084500000, 0x0000000084500000| Untracked 
|  70|0x0000000084600000, 0x0000000084600000, 0x0000000084700000|  0%| F|  |TAMS 0x0000000084600000, 0x0000000084600000| Untracked 
|  71|0x0000000084700000, 0x0000000084700000, 0x0000000084800000|  0%| F|  |TAMS 0x0000000084700000, 0x0000000084700000| Untracked 
|  72|0x0000000084800000, 0x0000000084800000, 0x0000000084900000|  0%| F|  |TAMS 0x0000000084800000, 0x0000000084800000| Untracked 
|  73|0x0000000084900000, 0x0000000084900000, 0x0000000084a00000|  0%| F|  |TAMS 0x0000000084900000, 0x0000000084900000| Untracked 
|  74|0x0000000084a00000, 0x0000000084a00000, 0x0000000084b00000|  0%| F|  |TAMS 0x0000000084a00000, 0x0000000084a00000| Untracked 
|  75|0x0000000084b00000, 0x0000000084b00000, 0x0000000084c00000|  0%| F|  |TAMS 0x0000000084b00000, 0x0000000084b00000| Untracked 
|  76|0x0000000084c00000, 0x0000000084c00000, 0x0000000084d00000|  0%| F|  |TAMS 0x0000000084c00000, 0x0000000084c00000| Untracked 
|  77|0x0000000084d00000, 0x0000000084d00000, 0x0000000084e00000|  0%| F|  |TAMS 0x0000000084d00000, 0x0000000084d00000| Untracked 
|  78|0x0000000084e00000, 0x0000000084e00000, 0x0000000084f00000|  0%| F|  |TAMS 0x0000000084e00000, 0x0000000084e00000| Untracked 
|  79|0x0000000084f00000, 0x0000000084f00000, 0x0000000085000000|  0%| F|  |TAMS 0x0000000084f00000, 0x0000000084f00000| Untracked 
|  80|0x0000000085000000, 0x0000000085000000, 0x0000000085100000|  0%| F|  |TAMS 0x0000000085000000, 0x0000000085000000| Untracked 
|  81|0x0000000085100000, 0x0000000085100000, 0x0000000085200000|  0%| F|  |TAMS 0x0000000085100000, 0x0000000085100000| Untracked 
|  82|0x0000000085200000, 0x0000000085200000, 0x0000000085300000|  0%| F|  |TAMS 0x0000000085200000, 0x0000000085200000| Untracked 
|  83|0x0000000085300000, 0x0000000085300000, 0x0000000085400000|  0%| F|  |TAMS 0x0000000085300000, 0x0000000085300000| Untracked 
|  84|0x0000000085400000, 0x00000000854e4600, 0x0000000085500000| 89%| S|CS|TAMS 0x0000000085400000, 0x0000000085400000| Complete 
|  85|0x0000000085500000, 0x0000000085600000, 0x0000000085600000|100%| S|CS|TAMS 0x0000000085500000, 0x0000000085500000| Complete 
|  86|0x0000000085600000, 0x0000000085700000, 0x0000000085700000|100%| S|CS|TAMS 0x0000000085600000, 0x0000000085600000| Complete 
|  87|0x0000000085700000, 0x0000000085700000, 0x0000000085800000|  0%| F|  |TAMS 0x0000000085700000, 0x0000000085700000| Untracked 
|  88|0x0000000085800000, 0x0000000085800000, 0x0000000085900000|  0%| F|  |TAMS 0x0000000085800000, 0x0000000085800000| Untracked 
|  89|0x0000000085900000, 0x0000000085900000, 0x0000000085a00000|  0%| F|  |TAMS 0x0000000085900000, 0x0000000085900000| Untracked 
|  90|0x0000000085a00000, 0x0000000085b00000, 0x0000000085b00000|100%| S|CS|TAMS 0x0000000085a00000, 0x0000000085a00000| Complete 
|  91|0x0000000085b00000, 0x0000000085c00000, 0x0000000085c00000|100%| S|CS|TAMS 0x0000000085b00000, 0x0000000085b00000| Complete 
|  92|0x0000000085c00000, 0x0000000085c00000, 0x0000000085d00000|  0%| F|  |TAMS 0x0000000085c00000, 0x0000000085c00000| Untracked 
|  93|0x0000000085d00000, 0x0000000085d00000, 0x0000000085e00000|  0%| F|  |TAMS 0x0000000085d00000, 0x0000000085d00000| Untracked 
|  94|0x0000000085e00000, 0x0000000085e00000, 0x0000000085f00000|  0%| F|  |TAMS 0x0000000085e00000, 0x0000000085e00000| Untracked 
|  95|0x0000000085f00000, 0x0000000085f00000, 0x0000000086000000|  0%| F|  |TAMS 0x0000000085f00000, 0x0000000085f00000| Untracked 
|  96|0x0000000086000000, 0x0000000086000000, 0x0000000086100000|  0%| F|  |TAMS 0x0000000086000000, 0x0000000086000000| Untracked 
|  97|0x0000000086100000, 0x0000000086100000, 0x0000000086200000|  0%| F|  |TAMS 0x0000000086100000, 0x0000000086100000| Untracked 
|  98|0x0000000086200000, 0x0000000086200000, 0x0000000086300000|  0%| F|  |TAMS 0x0000000086200000, 0x0000000086200000| Untracked 
|  99|0x0000000086300000, 0x0000000086300000, 0x0000000086400000|  0%| F|  |TAMS 0x0000000086300000, 0x0000000086300000| Untracked 
| 100|0x0000000086400000, 0x0000000086400000, 0x0000000086500000|  0%| F|  |TAMS 0x0000000086400000, 0x0000000086400000| Untracked 
| 101|0x0000000086500000, 0x0000000086500000, 0x0000000086600000|  0%| F|  |TAMS 0x0000000086500000, 0x0000000086500000| Untracked 
| 102|0x0000000086600000, 0x0000000086600000, 0x0000000086700000|  0%| F|  |TAMS 0x0000000086600000, 0x0000000086600000| Untracked 
| 103|0x0000000086700000, 0x0000000086700000, 0x0000000086800000|  0%| F|  |TAMS 0x0000000086700000, 0x0000000086700000| Untracked 
| 104|0x0000000086800000, 0x0000000086800000, 0x0000000086900000|  0%| F|  |TAMS 0x0000000086800000, 0x0000000086800000| Untracked 
| 105|0x0000000086900000, 0x0000000086900000, 0x0000000086a00000|  0%| F|  |TAMS 0x0000000086900000, 0x0000000086900000| Untracked 
| 106|0x0000000086a00000, 0x0000000086a00000, 0x0000000086b00000|  0%| F|  |TAMS 0x0000000086a00000, 0x0000000086a00000| Untracked 
| 107|0x0000000086b00000, 0x0000000086b00000, 0x0000000086c00000|  0%| F|  |TAMS 0x0000000086b00000, 0x0000000086b00000| Untracked 
| 108|0x0000000086c00000, 0x0000000086c00000, 0x0000000086d00000|  0%| F|  |TAMS 0x0000000086c00000, 0x0000000086c00000| Untracked 
| 109|0x0000000086d00000, 0x0000000086d00000, 0x0000000086e00000|  0%| F|  |TAMS 0x0000000086d00000, 0x0000000086d00000| Untracked 
| 110|0x0000000086e00000, 0x0000000086e00000, 0x0000000086f00000|  0%| F|  |TAMS 0x0000000086e00000, 0x0000000086e00000| Untracked 
| 111|0x0000000086f00000, 0x0000000086f00000, 0x0000000087000000|  0%| F|  |TAMS 0x0000000086f00000, 0x0000000086f00000| Untracked 
| 112|0x0000000087000000, 0x0000000087000000, 0x0000000087100000|  0%| F|  |TAMS 0x0000000087000000, 0x0000000087000000| Untracked 
| 113|0x0000000087100000, 0x0000000087100000, 0x0000000087200000|  0%| F|  |TAMS 0x0000000087100000, 0x0000000087100000| Untracked 
| 114|0x0000000087200000, 0x0000000087200000, 0x0000000087300000|  0%| F|  |TAMS 0x0000000087200000, 0x0000000087200000| Untracked 
| 115|0x0000000087300000, 0x0000000087300000, 0x0000000087400000|  0%| F|  |TAMS 0x0000000087300000, 0x0000000087300000| Untracked 
| 116|0x0000000087400000, 0x0000000087400000, 0x0000000087500000|  0%| F|  |TAMS 0x0000000087400000, 0x0000000087400000| Untracked 
| 117|0x0000000087500000, 0x0000000087500000, 0x0000000087600000|  0%| F|  |TAMS 0x0000000087500000, 0x0000000087500000| Untracked 
| 118|0x0000000087600000, 0x0000000087600000, 0x0000000087700000|  0%| F|  |TAMS 0x0000000087600000, 0x0000000087600000| Untracked 
| 119|0x0000000087700000, 0x0000000087700000, 0x0000000087800000|  0%| F|  |TAMS 0x0000000087700000, 0x0000000087700000| Untracked 
| 120|0x0000000087800000, 0x0000000087800000, 0x0000000087900000|  0%| F|  |TAMS 0x0000000087800000, 0x0000000087800000| Untracked 
| 121|0x0000000087900000, 0x0000000087900000, 0x0000000087a00000|  0%| F|  |TAMS 0x0000000087900000, 0x0000000087900000| Untracked 
| 122|0x0000000087a00000, 0x0000000087a00000, 0x0000000087b00000|  0%| F|  |TAMS 0x0000000087a00000, 0x0000000087a00000| Untracked 
| 123|0x0000000087b00000, 0x0000000087b00000, 0x0000000087c00000|  0%| F|  |TAMS 0x0000000087b00000, 0x0000000087b00000| Untracked 
| 124|0x0000000087c00000, 0x0000000087c00000, 0x0000000087d00000|  0%| F|  |TAMS 0x0000000087c00000, 0x0000000087c00000| Untracked 
| 125|0x0000000087d00000, 0x0000000087d00000, 0x0000000087e00000|  0%| F|  |TAMS 0x0000000087d00000, 0x0000000087d00000| Untracked 
| 126|0x0000000087e00000, 0x0000000087e00000, 0x0000000087f00000|  0%| F|  |TAMS 0x0000000087e00000, 0x0000000087e00000| Untracked 
| 127|0x0000000087f00000, 0x0000000087f00000, 0x0000000088000000|  0%| F|  |TAMS 0x0000000087f00000, 0x0000000087f00000| Untracked 

Card table byte_map: [0x00000299fc980000,0x00000299fcd80000] _byte_map_base: 0x00000299fc580000

Marking Bits (Prev, Next): (CMBitMap*) 0x00000299f8dca8a0, (CMBitMap*) 0x00000299f8dca8e0
 Prev Bits: [0x00000299fd180000, 0x00000299ff180000)
 Next Bits: [0x000002998f000000, 0x0000029991000000)

Polling page: 0x00000299f8540000

Metaspace:

Usage:
  Non-class:     69.15 MB used.
      Class:     10.92 MB used.
       Both:     80.07 MB used.

Virtual space:
  Non-class space:       72.00 MB reserved,      69.50 MB ( 97%) committed,  9 nodes.
      Class space:        1.00 GB reserved,      11.25 MB (  1%) committed,  1 nodes.
             Both:        1.07 GB reserved,      80.75 MB (  7%) committed. 

Chunk freelists:
   Non-Class:  2.10 MB
       Class:  831.00 KB
        Both:  2.91 MB

MaxMetaspaceSize: unlimited
CompressedClassSpaceSize: 1.00 GB
Initial GC threshold: 21.00 MB
Current GC threshold: 126.19 MB
CDS: off
MetaspaceReclaimPolicy: balanced
 - commit_granule_bytes: 65536.
 - commit_granule_words: 8192.
 - virtual_space_node_default_size: 1048576.
 - enlarge_chunks_in_place: 1.
 - new_chunks_are_fully_committed: 0.
 - uncommit_free_chunks: 1.
 - use_allocation_guard: 0.
 - handle_deallocations: 1.


Internal statistics:

num_allocs_failed_limit: 6.
num_arena_births: 754.
num_arena_deaths: 0.
num_vsnodes_births: 10.
num_vsnodes_deaths: 0.
num_space_committed: 1292.
num_space_uncommitted: 0.
num_chunks_returned_to_freelist: 6.
num_chunks_taken_from_freelist: 3639.
num_chunk_merges: 6.
num_chunk_splits: 2405.
num_chunks_enlarged: 1622.
num_purges: 0.
num_inconsistent_stats: 0.

CodeHeap 'non-profiled nmethods': size=120000Kb used=4794Kb max_used=4794Kb free=115205Kb
 bounds [0x0000029987ad0000, 0x0000029987f80000, 0x000002998f000000]
CodeHeap 'profiled nmethods': size=120000Kb used=15127Kb max_used=15127Kb free=104872Kb
 bounds [0x0000029980000000, 0x0000029980ed0000, 0x0000029987530000]
CodeHeap 'non-nmethods': size=5760Kb used=2362Kb max_used=2457Kb free=3397Kb
 bounds [0x0000029987530000, 0x00000299877b0000, 0x0000029987ad0000]
 total_blobs=8497 nmethods=7600 adapters=807
 compilation: enabled
              stopped_count=0, restarted_count=0
 full_count=0

Compilation events (20 events):
Event: 13.096 Thread 0x0000029993853270 8424       1       org.codehaus.groovy.runtime.metaclass.NewStaticMetaMethod::isStatic (2 bytes)
Event: 13.096 Thread 0x0000029993853270 nmethod 8424 0x0000029987f7dc10 code [0x0000029987f7dda0, 0x0000029987f7de78]
Event: 13.096 Thread 0x0000029993853270 8423       1       java.beans.Introspector::getTargetDefaultPropertyIndex (5 bytes)
Event: 13.096 Thread 0x0000029993853270 nmethod 8423 0x0000029987f7df10 code [0x0000029987f7e0a0, 0x0000029987f7e178]
Event: 13.097 Thread 0x0000029993853270 8425       2       java.util.LinkedList$ListItr::hasPrevious (13 bytes)
Event: 13.097 Thread 0x0000029993853270 nmethod 8425 0x0000029980ec2910 code [0x0000029980ec2aa0, 0x0000029980ec2bb8]
Event: 13.099 Thread 0x0000029993853270 8426       1       java.beans.GenericBeanInfo::getMethodDescriptors (5 bytes)
Event: 13.099 Thread 0x0000029993853270 nmethod 8426 0x0000029987f7e210 code [0x0000029987f7e3a0, 0x0000029987f7e478]
Event: 13.099 Thread 0x0000029993853270 8427       1       java.beans.GenericBeanInfo::getDefaultEventIndex (5 bytes)
Event: 13.099 Thread 0x0000029993853270 nmethod 8427 0x0000029987f7e510 code [0x0000029987f7e6a0, 0x0000029987f7e778]
Event: 13.099 Thread 0x0000029993853270 8428       1       java.beans.GenericBeanInfo::getDefaultPropertyIndex (5 bytes)
Event: 13.099 Thread 0x0000029993853270 nmethod 8428 0x0000029987f7e810 code [0x0000029987f7e9a0, 0x0000029987f7ea78]
Event: 13.100 Thread 0x0000029993853270 8429       2       jdk.proxy1.$Proxy63::<init> (6 bytes)
Event: 13.100 Thread 0x0000029993853270 nmethod 8429 0x0000029980ec2c90 code [0x0000029980ec2e40, 0x0000029980ec3068]
Event: 13.111 Thread 0x0000029993853270 8431       2       java.util.TimSort::mergeHi (732 bytes)
Event: 13.112 Thread 0x0000029993853270 nmethod 8431 0x0000029980ec3190 code [0x0000029980ec3480, 0x0000029980ec4dd8]
Event: 13.113 Thread 0x0000029993853270 8433       2       java.util.HashMap::keysToArray (81 bytes)
Event: 13.113 Thread 0x0000029993853270 nmethod 8433 0x0000029980ec5510 code [0x0000029980ec56c0, 0x0000029980ec59d8]
Event: 13.113 Thread 0x0000029993853270 8432       2       java.util.Collections$UnmodifiableCollection::isEmpty (10 bytes)
Event: 13.113 Thread 0x0000029993853270 nmethod 8432 0x0000029980ec5b90 code [0x0000029980ec5d20, 0x0000029980ec5e48]

GC Heap History (20 events):
Event: 9.173 GC heap after
{Heap after GC invocations=20 (full 0):
 garbage-first heap   total 86016K, used 47685K [0x0000000080000000, 0x0000000100000000)
  region size 1024K, 2 young (2048K), 2 survivors (2048K)
 Metaspace       used 59248K, committed 59712K, reserved 1105920K
  class space    used 7869K, committed 8064K, reserved 1048576K
}
Event: 9.550 GC heap before
{Heap before GC invocations=21 (full 0):
 garbage-first heap   total 86016K, used 62021K [0x0000000080000000, 0x0000000100000000)
  region size 1024K, 17 young (17408K), 2 survivors (2048K)
 Metaspace       used 62870K, committed 63424K, reserved 1105920K
  class space    used 8334K, committed 8576K, reserved 1048576K
}
Event: 9.554 GC heap after
{Heap after GC invocations=22 (full 0):
 garbage-first heap   total 86016K, used 49522K [0x0000000080000000, 0x0000000100000000)
  region size 1024K, 3 young (3072K), 3 survivors (3072K)
 Metaspace       used 62870K, committed 63424K, reserved 1105920K
  class space    used 8334K, committed 8576K, reserved 1048576K
}
Event: 9.623 GC heap before
{Heap before GC invocations=23 (full 0):
 garbage-first heap   total 106496K, used 60786K [0x0000000080000000, 0x0000000100000000)
  region size 1024K, 12 young (12288K), 3 survivors (3072K)
 Metaspace       used 62876K, committed 63424K, reserved 1105920K
  class space    used 8334K, committed 8576K, reserved 1048576K
}
Event: 9.627 GC heap after
{Heap after GC invocations=24 (full 0):
 garbage-first heap   total 106496K, used 55749K [0x0000000080000000, 0x0000000100000000)
  region size 1024K, 3 young (3072K), 3 survivors (3072K)
 Metaspace       used 62876K, committed 63424K, reserved 1105920K
  class space    used 8334K, committed 8576K, reserved 1048576K
}
Event: 10.003 GC heap before
{Heap before GC invocations=25 (full 0):
 garbage-first heap   total 106496K, used 77253K [0x0000000080000000, 0x0000000100000000)
  region size 1024K, 22 young (22528K), 3 survivors (3072K)
 Metaspace       used 64726K, committed 65152K, reserved 1105920K
  class space    used 8578K, committed 8768K, reserved 1048576K
}
Event: 10.007 GC heap after
{Heap after GC invocations=26 (full 0):
 garbage-first heap   total 128000K, used 52936K [0x0000000080000000, 0x0000000100000000)
  region size 1024K, 2 young (2048K), 2 survivors (2048K)
 Metaspace       used 64726K, committed 65152K, reserved 1105920K
  class space    used 8578K, committed 8768K, reserved 1048576K
}
Event: 10.073 GC heap before
{Heap before GC invocations=26 (full 0):
 garbage-first heap   total 128000K, used 57032K [0x0000000080000000, 0x0000000100000000)
  region size 1024K, 6 young (6144K), 2 survivors (2048K)
 Metaspace       used 65049K, committed 65536K, reserved 1105920K
  class space    used 8620K, committed 8832K, reserved 1048576K
}
Event: 10.076 GC heap after
{Heap after GC invocations=27 (full 0):
 garbage-first heap   total 128000K, used 53134K [0x0000000080000000, 0x0000000100000000)
  region size 1024K, 1 young (1024K), 1 survivors (1024K)
 Metaspace       used 65049K, committed 65536K, reserved 1105920K
  class space    used 8620K, committed 8832K, reserved 1048576K
}
Event: 10.483 GC heap before
{Heap before GC invocations=27 (full 0):
 garbage-first heap   total 128000K, used 86926K [0x0000000080000000, 0x0000000100000000)
  region size 1024K, 34 young (34816K), 1 survivors (1024K)
 Metaspace       used 66979K, committed 67456K, reserved 1114112K
  class space    used 8877K, committed 9088K, reserved 1048576K
}
Event: 10.487 GC heap after
{Heap after GC invocations=28 (full 0):
 garbage-first heap   total 128000K, used 55704K [0x0000000080000000, 0x0000000100000000)
  region size 1024K, 3 young (3072K), 3 survivors (3072K)
 Metaspace       used 66979K, committed 67456K, reserved 1114112K
  class space    used 8877K, committed 9088K, reserved 1048576K
}
Event: 10.832 GC heap before
{Heap before GC invocations=28 (full 0):
 garbage-first heap   total 128000K, used 90520K [0x0000000080000000, 0x0000000100000000)
  region size 1024K, 37 young (37888K), 3 survivors (3072K)
 Metaspace       used 68778K, committed 69312K, reserved 1114112K
  class space    used 9131K, committed 9344K, reserved 1048576K
}
Event: 10.836 GC heap after
{Heap after GC invocations=29 (full 0):
 garbage-first heap   total 128000K, used 58579K [0x0000000080000000, 0x0000000100000000)
  region size 1024K, 3 young (3072K), 3 survivors (3072K)
 Metaspace       used 68778K, committed 69312K, reserved 1114112K
  class space    used 9131K, committed 9344K, reserved 1048576K
}
Event: 11.502 GC heap before
{Heap before GC invocations=29 (full 0):
 garbage-first heap   total 128000K, used 95443K [0x0000000080000000, 0x0000000100000000)
  region size 1024K, 38 young (38912K), 3 survivors (3072K)
 Metaspace       used 73140K, committed 73600K, reserved 1114112K
  class space    used 9908K, committed 10112K, reserved 1048576K
}
Event: 11.506 GC heap after
{Heap after GC invocations=30 (full 0):
 garbage-first heap   total 128000K, used 60693K [0x0000000080000000, 0x0000000100000000)
  region size 1024K, 2 young (2048K), 2 survivors (2048K)
 Metaspace       used 73140K, committed 73600K, reserved 1114112K
  class space    used 9908K, committed 10112K, reserved 1048576K
}
Event: 12.225 GC heap before
{Heap before GC invocations=30 (full 0):
 garbage-first heap   total 128000K, used 97557K [0x0000000080000000, 0x0000000100000000)
  region size 1024K, 38 young (38912K), 2 survivors (2048K)
 Metaspace       used 76430K, committed 76992K, reserved 1122304K
  class space    used 10383K, committed 10624K, reserved 1048576K
}
Event: 12.230 GC heap after
{Heap after GC invocations=31 (full 0):
 garbage-first heap   total 128000K, used 63537K [0x0000000080000000, 0x0000000100000000)
  region size 1024K, 5 young (5120K), 5 survivors (5120K)
 Metaspace       used 76430K, committed 76992K, reserved 1122304K
  class space    used 10383K, committed 10624K, reserved 1048576K
}
Event: 12.826 GC heap before
{Heap before GC invocations=32 (full 0):
 garbage-first heap   total 128000K, used 99377K [0x0000000080000000, 0x0000000100000000)
  region size 1024K, 40 young (40960K), 5 survivors (5120K)
 Metaspace       used 81055K, committed 81664K, reserved 1122304K
  class space    used 11056K, committed 11328K, reserved 1048576K
}
Event: 12.832 GC heap after
{Heap after GC invocations=33 (full 0):
 garbage-first heap   total 128000K, used 66703K [0x0000000080000000, 0x0000000100000000)
  region size 1024K, 4 young (4096K), 4 survivors (4096K)
 Metaspace       used 81055K, committed 81664K, reserved 1122304K
  class space    used 11056K, committed 11328K, reserved 1048576K
}
Event: 13.115 GC heap before
{Heap before GC invocations=33 (full 0):
 garbage-first heap   total 128000K, used 100495K [0x0000000080000000, 0x0000000100000000)
  region size 1024K, 37 young (37888K), 4 survivors (4096K)
 Metaspace       used 81989K, committed 82688K, reserved 1122304K
  class space    used 11182K, committed 11520K, reserved 1048576K
}

Dll operation events (2 events):
Event: 0.031 Loaded shared library C:\Program Files\Android\Android Studio\jbr\bin\java.dll
Event: 0.639 Loaded shared library C:\Program Files\Android\Android Studio\jbr\bin\verify.dll

Deoptimization events (20 events):
Event: 12.940 Thread 0x0000029993d0c890 Uncommon trap: trap_request=0xffffff45 fr.pc=0x0000029987c58cb0 relative=0x0000000000000670
Event: 12.940 Thread 0x0000029993d0c890 Uncommon trap: reason=unstable_if action=reinterpret pc=0x0000029987c58cb0 method=java.util.HashMap$HashIterator.<init>(Ljava/util/HashMap;)V @ 45 c2
Event: 12.940 Thread 0x0000029993d0c890 DEOPT PACKING pc=0x0000029987c58cb0 sp=0x000000a5666fb930
Event: 12.940 Thread 0x0000029993d0c890 DEOPT UNPACKING pc=0x00000299875869a3 sp=0x000000a5666fb7c0 mode 2
Event: 13.004 Thread 0x0000029993d0c890 Uncommon trap: trap_request=0xffffff45 fr.pc=0x0000029987ecd1d4 relative=0x0000000000000214
Event: 13.004 Thread 0x0000029993d0c890 Uncommon trap: reason=unstable_if action=reinterpret pc=0x0000029987ecd1d4 method=org.codehaus.groovy.vmplugin.v8.Java8.checkCanSetAccessible(Ljava/lang/reflect/AccessibleObject;Ljava/lang/Class;)Z @ 42 c2
Event: 13.004 Thread 0x0000029993d0c890 DEOPT PACKING pc=0x0000029987ecd1d4 sp=0x000000a5666f6eb0
Event: 13.004 Thread 0x0000029993d0c890 DEOPT UNPACKING pc=0x00000299875869a3 sp=0x000000a5666f6da8 mode 2
Event: 13.011 Thread 0x0000029993d0c890 Uncommon trap: trap_request=0xffffff45 fr.pc=0x0000029987e72cf4 relative=0x00000000000012b4
Event: 13.011 Thread 0x0000029993d0c890 Uncommon trap: reason=unstable_if action=reinterpret pc=0x0000029987e72cf4 method=java.lang.ClassLoader.checkCerts(Ljava/lang/String;Ljava/security/CodeSource;)V @ 30 c2
Event: 13.011 Thread 0x0000029993d0c890 DEOPT PACKING pc=0x0000029987e72cf4 sp=0x000000a5666f7510
Event: 13.011 Thread 0x0000029993d0c890 DEOPT UNPACKING pc=0x00000299875869a3 sp=0x000000a5666f7488 mode 2
Event: 13.011 Thread 0x0000029993d0c890 Uncommon trap: trap_request=0xffffff45 fr.pc=0x0000029987e79b0c relative=0x0000000000001b6c
Event: 13.011 Thread 0x0000029993d0c890 Uncommon trap: reason=unstable_if action=reinterpret pc=0x0000029987e79b0c method=java.lang.ClassLoader.postDefineClass(Ljava/lang/Class;Ljava/security/ProtectionDomain;)V @ 17 c2
Event: 13.011 Thread 0x0000029993d0c890 DEOPT PACKING pc=0x0000029987e79b0c sp=0x000000a5666f7520
Event: 13.011 Thread 0x0000029993d0c890 DEOPT UNPACKING pc=0x00000299875869a3 sp=0x000000a5666f7510 mode 2
Event: 13.011 Thread 0x0000029993d0c890 Uncommon trap: trap_request=0xffffff45 fr.pc=0x0000029987d6061c relative=0x0000000000000b1c
Event: 13.011 Thread 0x0000029993d0c890 Uncommon trap: reason=unstable_if action=reinterpret pc=0x0000029987d6061c method=java.lang.ClassLoader.loadClass(Ljava/lang/String;Z)Ljava/lang/Class; @ 29 c2
Event: 13.011 Thread 0x0000029993d0c890 DEOPT PACKING pc=0x0000029987d6061c sp=0x000000a5666f35c0
Event: 13.011 Thread 0x0000029993d0c890 DEOPT UNPACKING pc=0x00000299875869a3 sp=0x000000a5666f3588 mode 2

Classes unloaded (0 events):
No events

Classes redefined (0 events):
No events

Internal exceptions (20 events):
Event: 13.086 Thread 0x0000029993d0c890 Exception <a 'java/lang/ClassNotFoundException'{0x00000000861fbe88}: com/android/build/gradle/tasks/ProcessMultiApkApplicationManifestCustomizer> (0x00000000861fbe88) 
thrown [s\src\hotspot\share\classfile\systemDictionary.cpp, line 256]
Event: 13.087 Thread 0x0000029993d0c890 Exception <a 'java/lang/ClassNotFoundException'{0x0000000086020030}: com/android/build/gradle/tasks/ProcessMultiApkApplicationManifest_DecoratedCustomizer> (0x0000000086020030) 
thrown [s\src\hotspot\share\classfile\systemDictionary.cpp, line 256]
Event: 13.091 Thread 0x0000029993d0c890 Exception <a 'java/lang/ClassNotFoundException'{0x00000000860c44d0}: com/android/build/gradle/tasks/ProcessPackagedManifestTask_DecoratedBeanInfo> (0x00000000860c44d0) 
thrown [s\src\hotspot\share\classfile\systemDictionary.cpp, line 256]
Event: 13.092 Thread 0x0000029993d0c890 Exception <a 'java/lang/ClassNotFoundException'{0x00000000860cffa8}: com/android/build/gradle/tasks/ProcessPackagedManifestTaskBeanInfo> (0x00000000860cffa8) 
thrown [s\src\hotspot\share\classfile\systemDictionary.cpp, line 256]
Event: 13.093 Thread 0x0000029993d0c890 Exception <a 'java/lang/ClassNotFoundException'{0x00000000860db7c0}: com/android/build/gradle/tasks/ProcessPackagedManifestTaskCustomizer> (0x00000000860db7c0) 
thrown [s\src\hotspot\share\classfile\systemDictionary.cpp, line 256]
Event: 13.094 Thread 0x0000029993d0c890 Exception <a 'java/lang/ClassNotFoundException'{0x00000000860fe228}: com/android/build/gradle/tasks/ProcessPackagedManifestTask_DecoratedCustomizer> (0x00000000860fe228) 
thrown [s\src\hotspot\share\classfile\systemDictionary.cpp, line 256]
Event: 13.098 Thread 0x0000029993d0c890 Exception <a 'java/lang/ClassNotFoundException'{0x0000000085ff59f8}: com/android/build/gradle/internal/res/LinkApplicationAndroidResourcesTask_DecoratedBeanInfo> (0x0000000085ff59f8) 
thrown [s\src\hotspot\share\classfile\systemDictionary.cpp, line 256]
Event: 13.098 Thread 0x0000029993d0c890 Exception <a 'java/lang/ClassNotFoundException'{0x0000000085e01c70}: com/android/build/gradle/internal/res/LinkApplicationAndroidResourcesTaskBeanInfo> (0x0000000085e01c70) 
thrown [s\src\hotspot\share\classfile\systemDictionary.cpp, line 256]
Event: 13.098 Thread 0x0000029993d0c890 Exception <a 'java/lang/ClassNotFoundException'{0x0000000085e0e3e0}: com/android/build/gradle/tasks/ProcessAndroidResourcesBeanInfo> (0x0000000085e0e3e0) 
thrown [s\src\hotspot\share\classfile\systemDictionary.cpp, line 256]
Event: 13.099 Thread 0x0000029993d0c890 Exception <a 'java/lang/ClassNotFoundException'{0x0000000085e19e28}: com/android/build/gradle/tasks/ProcessAndroidResourcesCustomizer> (0x0000000085e19e28) 
thrown [s\src\hotspot\share\classfile\systemDictionary.cpp, line 256]
Event: 13.099 Thread 0x0000029993d0c890 Exception <a 'java/lang/ClassNotFoundException'{0x0000000085e36750}: com/android/build/gradle/internal/res/LinkApplicationAndroidResourcesTaskCustomizer> (0x0000000085e36750) 
thrown [s\src\hotspot\share\classfile\systemDictionary.cpp, line 256]
Event: 13.101 Thread 0x0000029993d0c890 Exception <a 'java/lang/ClassNotFoundException'{0x0000000085e99528}: com/android/build/gradle/internal/res/LinkApplicationAndroidResourcesTask_DecoratedCustomizer> (0x0000000085e99528) 
thrown [s\src\hotspot\share\classfile\systemDictionary.cpp, line 256]
Event: 13.105 Thread 0x0000029993d0c890 Exception <a 'java/lang/ClassNotFoundException'{0x0000000085dc4f10}: org/gradle/api/tasks/compile/JavaCompile_DecoratedBeanInfo> (0x0000000085dc4f10) 
thrown [s\src\hotspot\share\classfile\systemDictionary.cpp, line 256]
Event: 13.106 Thread 0x0000029993d0c890 Exception <a 'java/lang/ClassNotFoundException'{0x0000000085dd1678}: org/gradle/api/tasks/compile/JavaCompileBeanInfo> (0x0000000085dd1678) 
thrown [s\src\hotspot\share\classfile\systemDictionary.cpp, line 256]
Event: 13.106 Thread 0x0000029993d0c890 Exception <a 'java/lang/ClassNotFoundException'{0x0000000085ddf0f0}: org/gradle/api/tasks/compile/AbstractCompileBeanInfo> (0x0000000085ddf0f0) 
thrown [s\src\hotspot\share\classfile\systemDictionary.cpp, line 256]
Event: 13.107 Thread 0x0000029993d0c890 Exception <a 'java/lang/ClassNotFoundException'{0x0000000085dea470}: org/gradle/api/tasks/SourceTaskBeanInfo> (0x0000000085dea470) 
thrown [s\src\hotspot\share\classfile\systemDictionary.cpp, line 256]
Event: 13.107 Thread 0x0000029993d0c890 Exception <a 'java/lang/ClassNotFoundException'{0x0000000085df5ab8}: org/gradle/api/tasks/SourceTaskCustomizer> (0x0000000085df5ab8) 
thrown [s\src\hotspot\share\classfile\systemDictionary.cpp, line 256]
Event: 13.109 Thread 0x0000029993d0c890 Exception <a 'java/lang/ClassNotFoundException'{0x0000000085c26600}: org/gradle/api/tasks/compile/AbstractCompileCustomizer> (0x0000000085c26600) 
thrown [s\src\hotspot\share\classfile\systemDictionary.cpp, line 256]
Event: 13.110 Thread 0x0000029993d0c890 Exception <a 'java/lang/ClassNotFoundException'{0x0000000085c4b450}: org/gradle/api/tasks/compile/JavaCompileCustomizer> (0x0000000085c4b450) 
thrown [s\src\hotspot\share\classfile\systemDictionary.cpp, line 256]
Event: 13.111 Thread 0x0000029993d0c890 Exception <a 'java/lang/ClassNotFoundException'{0x0000000085c70cc0}: org/gradle/api/tasks/compile/JavaCompile_DecoratedCustomizer> (0x0000000085c70cc0) 
thrown [s\src\hotspot\share\classfile\systemDictionary.cpp, line 256]

VM Operations (20 events):
Event: 12.290 Executing VM operation: G1Concurrent done
Event: 12.307 Executing VM operation: HandshakeAllThreads
Event: 12.307 Executing VM operation: HandshakeAllThreads done
Event: 12.310 Executing VM operation: G1Concurrent
Event: 12.311 Executing VM operation: G1Concurrent done
Event: 12.411 Executing VM operation: HandshakeAllThreads
Event: 12.412 Executing VM operation: HandshakeAllThreads done
Event: 12.588 Executing VM operation: HandshakeAllThreads
Event: 12.588 Executing VM operation: HandshakeAllThreads done
Event: 12.648 Executing VM operation: HandshakeAllThreads
Event: 12.648 Executing VM operation: HandshakeAllThreads done
Event: 12.743 Executing VM operation: HandshakeAllThreads
Event: 12.743 Executing VM operation: HandshakeAllThreads done
Event: 12.825 Executing VM operation: G1CollectForAllocation
Event: 12.832 Executing VM operation: G1CollectForAllocation done
Event: 12.927 Executing VM operation: HandshakeAllThreads
Event: 12.927 Executing VM operation: HandshakeAllThreads done
Event: 12.956 Executing VM operation: HandshakeAllThreads
Event: 12.956 Executing VM operation: HandshakeAllThreads done
Event: 13.115 Executing VM operation: G1CollectForAllocation

Events (20 events):
Event: 12.634 loading class java/util/EnumMap$EntryIterator$Entry
Event: 12.634 loading class java/util/EnumMap$EntryIterator$Entry done
Event: 12.644 loading class jdk/internal/reflect/UnsafeBooleanFieldAccessorImpl
Event: 12.644 loading class jdk/internal/reflect/UnsafeBooleanFieldAccessorImpl done
Event: 12.916 loading class java/util/concurrent/LinkedBlockingDeque$Itr
Event: 12.917 loading class java/util/concurrent/LinkedBlockingDeque$AbstractItr
Event: 12.917 loading class java/util/concurrent/LinkedBlockingDeque$AbstractItr done
Event: 12.917 loading class java/util/concurrent/LinkedBlockingDeque$Itr done
Event: 12.927 loading class java/util/IdentityHashMap$KeyIterator
Event: 12.927 loading class java/util/IdentityHashMap$IdentityHashMapIterator
Event: 12.927 loading class java/util/IdentityHashMap$IdentityHashMapIterator done
Event: 12.927 loading class java/util/IdentityHashMap$KeyIterator done
Event: 13.005 loading class java/lang/ClassBeanInfo
Event: 13.005 loading class java/lang/ClassBeanInfo done
Event: 13.005 loading class java/lang/ClassBeanInfo
Event: 13.005 loading class java/lang/ClassBeanInfo done
Event: 13.005 loading class java/lang/ClassCustomizer
Event: 13.005 loading class java/lang/ClassCustomizer done
Event: 13.005 loading class java/lang/ClassCustomizer
Event: 13.005 loading class java/lang/ClassCustomizer done


Dynamic libraries:
0x00007ff6ca970000 - 0x00007ff6ca97a000 	C:\Program Files\Android\Android Studio\jbr\bin\java.exe
0x00007ffd7e1d0000 - 0x00007ffd7e3c8000 	C:\WINDOWS\SYSTEM32\ntdll.dll
0x00007ffd7de30000 - 0x00007ffd7deed000 	C:\WINDOWS\System32\KERNEL32.DLL
0x00007ffd7bc00000 - 0x00007ffd7bef6000 	C:\WINDOWS\System32\KERNELBASE.dll
0x00007ffd7b940000 - 0x00007ffd7ba40000 	C:\WINDOWS\System32\ucrtbase.dll
0x00007ffd26f50000 - 0x00007ffd26f67000 	C:\Program Files\Android\Android Studio\jbr\bin\jli.dll
0x00007ffd76030000 - 0x00007ffd7604b000 	C:\Program Files\Android\Android Studio\jbr\bin\VCRUNTIME140.dll
0x00007ffd7d610000 - 0x00007ffd7d7ae000 	C:\WINDOWS\System32\USER32.dll
0x00007ffd7c200000 - 0x00007ffd7c222000 	C:\WINDOWS\System32\win32u.dll
0x00007ffd7e030000 - 0x00007ffd7e05c000 	C:\WINDOWS\System32\GDI32.dll
0x00007ffd7bf00000 - 0x00007ffd7c01a000 	C:\WINDOWS\System32\gdi32full.dll
0x00007ffd61c50000 - 0x00007ffd61eea000 	C:\WINDOWS\WinSxS\amd64_microsoft.windows.common-controls_6595b64144ccf1df_6.0.19041.3636_none_60b6a03d71f818d5\COMCTL32.dll
0x00007ffd7bb60000 - 0x00007ffd7bbfd000 	C:\WINDOWS\System32\msvcp_win.dll
0x00007ffd7c2f0000 - 0x00007ffd7c38e000 	C:\WINDOWS\System32\msvcrt.dll
0x00007ffd7c930000 - 0x00007ffd7c960000 	C:\WINDOWS\System32\IMM32.DLL
0x00007ffd76150000 - 0x00007ffd7615c000 	C:\Program Files\Android\Android Studio\jbr\bin\vcruntime140_1.dll
0x00007ffd57660000 - 0x00007ffd576ed000 	C:\Program Files\Android\Android Studio\jbr\bin\msvcp140.dll
0x00007ffd271a0000 - 0x00007ffd27e0e000 	C:\Program Files\Android\Android Studio\jbr\bin\server\jvm.dll
0x00007ffd7dc50000 - 0x00007ffd7dcff000 	C:\WINDOWS\System32\ADVAPI32.dll
0x00007ffd7d230000 - 0x00007ffd7d2cc000 	C:\WINDOWS\System32\sechost.dll
0x00007ffd7dd00000 - 0x00007ffd7de26000 	C:\WINDOWS\System32\RPCRT4.dll
0x00007ffd73fb0000 - 0x00007ffd73fba000 	C:\WINDOWS\SYSTEM32\VERSION.dll
0x00007ffd66420000 - 0x00007ffd66447000 	C:\WINDOWS\SYSTEM32\WINMM.dll
0x00007ffd57480000 - 0x00007ffd57489000 	C:\WINDOWS\SYSTEM32\WSOCK32.dll
0x00007ffd7d5a0000 - 0x00007ffd7d60b000 	C:\WINDOWS\System32\WS2_32.dll
0x00007ffd7a0c0000 - 0x00007ffd7a0d2000 	C:\WINDOWS\SYSTEM32\kernel.appcore.dll
0x00007ffd44b50000 - 0x00007ffd44b5a000 	C:\Program Files\Android\Android Studio\jbr\bin\jimage.dll
0x00007ffd79460000 - 0x00007ffd79644000 	C:\WINDOWS\SYSTEM32\DBGHELP.DLL
0x00007ffd697c0000 - 0x00007ffd697f4000 	C:\WINDOWS\SYSTEM32\dbgcore.DLL
0x00007ffd7b8b0000 - 0x00007ffd7b932000 	C:\WINDOWS\System32\bcryptPrimitives.dll
0x00007ffd29040000 - 0x00007ffd29065000 	C:\Program Files\Android\Android Studio\jbr\bin\java.dll
0x00007ffd403a0000 - 0x00007ffd403b8000 	C:\Program Files\Android\Android Studio\jbr\bin\zip.dll
0x00007ffd7cac0000 - 0x00007ffd7d204000 	C:\WINDOWS\System32\SHELL32.dll
0x00007ffd79910000 - 0x00007ffd7a0ab000 	C:\WINDOWS\SYSTEM32\windows.storage.dll
0x00007ffd7d7b0000 - 0x00007ffd7db04000 	C:\WINDOWS\System32\combase.dll
0x00007ffd7b220000 - 0x00007ffd7b24d000 	C:\WINDOWS\SYSTEM32\Wldp.dll
0x00007ffd7e0e0000 - 0x00007ffd7e18d000 	C:\WINDOWS\System32\SHCORE.dll
0x00007ffd7ca60000 - 0x00007ffd7cab5000 	C:\WINDOWS\System32\shlwapi.dll
0x00007ffd7b7e0000 - 0x00007ffd7b805000 	C:\WINDOWS\SYSTEM32\profapi.dll
0x00007ffd3a940000 - 0x00007ffd3a959000 	C:\Program Files\Android\Android Studio\jbr\bin\net.dll
0x00007ffd73390000 - 0x00007ffd7349a000 	C:\WINDOWS\SYSTEM32\WINHTTP.dll
0x00007ffd7af30000 - 0x00007ffd7af9a000 	C:\WINDOWS\system32\mswsock.dll
0x00007ffd2a360000 - 0x00007ffd2a376000 	C:\Program Files\Android\Android Studio\jbr\bin\nio.dll
0x00007ffd40200000 - 0x00007ffd40210000 	C:\Program Files\Android\Android Studio\jbr\bin\verify.dll
0x00007ffd44b10000 - 0x00007ffd44b37000 	C:\Users\jupi0\.gradle\native\68d5fa5c4cc2d200863cafc0d521ce42e7d3e7ee720ec0a83991735586a16f82\windows-amd64\native-platform.dll
0x00007ffd44230000 - 0x00007ffd44374000 	C:\Users\jupi0\.gradle\native\e376f236ea51e6404a007f0833ffe2c6e607c4080706a723a18a27aeea778392\windows-amd64\native-platform-file-events.dll
0x00007ffd3d060000 - 0x00007ffd3d069000 	C:\Program Files\Android\Android Studio\jbr\bin\management.dll
0x00007ffd3cff0000 - 0x00007ffd3cffb000 	C:\Program Files\Android\Android Studio\jbr\bin\management_ext.dll
0x00007ffd7dc40000 - 0x00007ffd7dc48000 	C:\WINDOWS\System32\PSAPI.DLL
0x00007ffd7b110000 - 0x00007ffd7b128000 	C:\WINDOWS\SYSTEM32\CRYPTSP.dll
0x00007ffd7a870000 - 0x00007ffd7a8a4000 	C:\WINDOWS\system32\rsaenh.dll
0x00007ffd7c070000 - 0x00007ffd7c097000 	C:\WINDOWS\System32\bcrypt.dll
0x00007ffd7b7a0000 - 0x00007ffd7b7ce000 	C:\WINDOWS\SYSTEM32\USERENV.dll
0x00007ffd7b130000 - 0x00007ffd7b13c000 	C:\WINDOWS\SYSTEM32\CRYPTBASE.dll
0x00007ffd7ac40000 - 0x00007ffd7ac7b000 	C:\WINDOWS\SYSTEM32\IPHLPAPI.DLL
0x00007ffd7ca40000 - 0x00007ffd7ca48000 	C:\WINDOWS\System32\NSI.dll
0x00007ffd747f0000 - 0x00007ffd74807000 	C:\WINDOWS\SYSTEM32\dhcpcsvc6.DLL
0x00007ffd74c90000 - 0x00007ffd74cad000 	C:\WINDOWS\SYSTEM32\dhcpcsvc.DLL
0x00007ffd7ac80000 - 0x00007ffd7ad4a000 	C:\WINDOWS\SYSTEM32\DNSAPI.dll
0x00007ffd70cf0000 - 0x00007ffd70cf7000 	C:\WINDOWS\system32\wshunix.dll

dbghelp: loaded successfully - version: 4.0.5 - missing functions: none
symbol engine: initialized successfully - sym options: 0x614 - pdb path: .;C:\Program Files\Android\Android Studio\jbr\bin;C:\WINDOWS\SYSTEM32;C:\WINDOWS\WinSxS\amd64_microsoft.windows.common-controls_6595b64144ccf1df_6.0.19041.3636_none_60b6a03d71f818d5;C:\Program Files\Android\Android Studio\jbr\bin\server;C:\Users\jupi0\.gradle\native\68d5fa5c4cc2d200863cafc0d521ce42e7d3e7ee720ec0a83991735586a16f82\windows-amd64;C:\Users\jupi0\.gradle\native\e376f236ea51e6404a007f0833ffe2c6e607c4080706a723a18a27aeea778392\windows-amd64

VM Arguments:
jvm_args: --add-opens=java.base/java.util=ALL-UNNAMED --add-opens=java.base/java.lang=ALL-UNNAMED --add-opens=java.base/java.lang.invoke=ALL-UNNAMED --add-opens=java.prefs/java.util.prefs=ALL-UNNAMED --add-opens=java.base/java.nio.charset=ALL-UNNAMED --add-opens=java.base/java.net=ALL-UNNAMED --add-opens=java.base/java.util.concurrent.atomic=ALL-UNNAMED -Xmx2048m -Dfile.encoding=UTF-8 -Duser.country=KR -Duser.language=ko -Duser.variant 
java_command: org.gradle.launcher.daemon.bootstrap.GradleDaemon 8.0
java_class_path (initial): C:\Users\jupi0\.gradle\wrapper\dists\gradle-8.0-bin\ca5e32bp14vu59qr306oxotwh\gradle-8.0\lib\gradle-launcher-8.0.jar
Launcher Type: SUN_STANDARD

[Global flags]
     intx CICompilerCount                          = 4                                         {product} {ergonomic}
     uint ConcGCThreads                            = 2                                         {product} {ergonomic}
     uint G1ConcRefinementThreads                  = 8                                         {product} {ergonomic}
   size_t G1HeapRegionSize                         = 1048576                                   {product} {ergonomic}
    uintx GCDrainStackTargetSize                   = 64                                        {product} {ergonomic}
   size_t InitialHeapSize                          = 134217728                                 {product} {ergonomic}
   size_t MarkStackSize                            = 4194304                                   {product} {ergonomic}
   size_t MaxHeapSize                              = 2147483648                                {product} {command line}
   size_t MaxNewSize                               = 1287651328                                {product} {ergonomic}
   size_t MinHeapDeltaBytes                        = 1048576                                   {product} {ergonomic}
   size_t MinHeapSize                              = 8388608                                   {product} {ergonomic}
    uintx NonNMethodCodeHeapSize                   = 5839372                                {pd product} {ergonomic}
    uintx NonProfiledCodeHeapSize                  = 122909434                              {pd product} {ergonomic}
    uintx ProfiledCodeHeapSize                     = 122909434                              {pd product} {ergonomic}
    uintx ReservedCodeCacheSize                    = 251658240                              {pd product} {ergonomic}
     bool SegmentedCodeCache                       = true                                      {product} {ergonomic}
   size_t SoftMaxHeapSize                          = 2147483648                             {manageable} {ergonomic}
     bool UseCompressedClassPointers               = true                           {product lp64_product} {ergonomic}
     bool UseCompressedOops                        = true                           {product lp64_product} {ergonomic}
     bool UseG1GC                                  = true                                      {product} {ergonomic}
     bool UseLargePagesIndividualAllocation        = false                                  {pd product} {ergonomic}

Logging:
Log output configuration:
 #0: stdout all=warning uptime,level,tags
 #1: stderr all=off uptime,level,tags

Environment Variables:
JAVA_HOME=C:\Program Files\Java\jdk1.8.0_161
PATH=C:\Program Files\Common Files\Oracle\Java\javapath;C:\Program Files (x86)\Intel\iCLS Client\;C:\Program Files\Intel\iCLS Client\;C:\ProgramData\Oracle\Java\javapath;C:\WINDOWS\system32;C:\WINDOWS;C:\WINDOWS\System32\Wbem;C:\WINDOWS\System32\WindowsPowerShell\v1.0\;C:\Program Files (x86)\Windows Live\Shared;C:\Program Files\Java\jdk1.8.0_161\bin;;C:\Program Files (x86)\Common Files\Teruten\DSFilter;C:\WINDOWS\System32\OpenSSH\;C:\Program Files (x86)\Intel\Intel(R) Management Engine Components\DAL;C:\Program Files\Intel\Intel(R) Management Engine Components\DAL;C:\Program Files (x86)\Intel\Intel(R) Management Engine Components\IPT;C:\Program Files\Intel\Intel(R) Management Engine Components\IPT;C:\Program Files (x86)\NVIDIA Corporation\PhysX\Common;C:\WINDOWS\system32;C:\WINDOWS;C:\WINDOWS\System32\Wbem;C:\WINDOWS\System32\WindowsPowerShell\v1.0\;C:\WINDOWS\System32\OpenSSH\;C:\Program Files\NVIDIA Corporation\NVIDIA NvDLISR;C:\Users\jupi0\AppData\Local\Programs\Python\Python38\Scripts\;C:\Users\jupi0\AppData\Local\Programs\Python\Python38\;C:\Users\jupi0\AppData\Local\Programs\Python\Python36\Scripts\;C:\Users\jupi0\AppData\Local\Programs\Python\Python36\;C:\Python36;C:\Users\jupi0\AppData\Local\Microsoft\WindowsApps;C:\Program Files\Bandizip\;;C:\Users\jupi0\AppData\Local\Programs\Microsoft VS Code\bin;C:\Program Files\JetBrains\PyCharm Community Edition 2023.2.1\bin;
USERNAME=jupi0
OS=Windows_NT
PROCESSOR_IDENTIFIER=Intel64 Family 6 Model 158 Stepping 9, GenuineIntel
TMP=C:\Users\jupi0\AppData\Local\Temp
TEMP=C:\Users\jupi0\AppData\Local\Temp


JNI global refs:
JNI global refs: 27, weak refs: 11

JNI global refs memory usage: 843, weak refs: 841


---------------  S Y S T E M  ---------------

OS:
 Windows 10 , 64 bit Build 19041 (10.0.19041.3636)
OS uptime: 0 days 6:15 hours
Hyper-V role detected

CPU: total 8 (initial active 8) (4 cores per cpu, 2 threads per core) family 6 model 158 stepping 9 microcode 0xb4, cx8, cmov, fxsr, ht, mmx, 3dnowpref, sse, sse2, sse3, ssse3, sse4.1, sse4.2, popcnt, lzcnt, tsc, tscinvbit, avx, avx2, aes, erms, clmul, bmi1, bmi2, adx, fma, vzeroupper, clflush, clflushopt, hv

Memory: 4k page, system-wide physical 8084M (559M free)
TotalPageFile size 32660M (AvailPageFile size 15M)
current process WorkingSet (physical memory assigned to process): 361M, peak: 366M
current process commit charge ("private bytes"): 400M, peak: 426M

vm_info: OpenJDK 64-Bit Server VM (17.0.6+0-b2043.56-10027231) for windows-amd64 JRE (17.0.6+0-b2043.56-10027231), built on Apr 28 2023 00:43:19 by "androidbuild" with MS VC++ 16.10 / 16.11 (VS2019)

END.
