#
# There is insufficient memory for the Java Runtime Environment to continue.
# Native memory allocation (mmap) failed to map 84934656 bytes for G1 virtual space
# Possible reasons:
#   The system is out of physical RAM or swap space
#   The process is running with CompressedOops enabled, and the Java Heap may be blocking the growth of the native heap
# Possible solutions:
#   Reduce memory load on the system
#   Increase physical memory or swap space
#   Check if swap backing store is full
#   Decrease Java heap size (-Xmx/-Xms)
#   Decrease number of Java threads
#   Decrease Java thread stack sizes (-Xss)
#   Set larger code cache with -XX:ReservedCodeCacheSize=
#   JVM is running with Unscaled Compressed Oops mode in which the Java heap is
#     placed in the first 4GB address space. The Java Heap base address is the
#     maximum limit for the native heap growth. Please use -XX:HeapBaseMinAddress
#     to set the Java Heap base and to place the Java Heap above 4GB virtual address.
# This output file may be truncated or incomplete.
#
#  Out of Memory Error (os_windows.cpp:3769), pid=13436, tid=15340
#
# JRE version: OpenJDK Runtime Environment (17.0.6) (build 17.0.6+0-b2043.56-10027231)
# Java VM: OpenJDK 64-Bit Server VM (17.0.6+0-b2043.56-10027231, mixed mode, tiered, compressed oops, compressed class ptrs, g1 gc, windows-amd64)
# No core dump will be written. Minidumps are not enabled by default on client versions of Windows
#

---------------  S U M M A R Y ------------

Command Line: --add-opens=java.base/java.util=ALL-UNNAMED --add-opens=java.base/java.lang=ALL-UNNAMED --add-opens=java.base/java.lang.invoke=ALL-UNNAMED --add-opens=java.prefs/java.util.prefs=ALL-UNNAMED --add-opens=java.base/java.nio.charset=ALL-UNNAMED --add-opens=java.base/java.net=ALL-UNNAMED --add-opens=java.base/java.util.concurrent.atomic=ALL-UNNAMED -Xmx2048m -Dfile.encoding=UTF-8 -Duser.country=KR -Duser.language=ko -Duser.variant org.gradle.launcher.daemon.bootstrap.GradleDaemon 8.0

Host: Intel(R) Core(TM) i7-7700HQ CPU @ 2.80GHz, 8 cores, 7G,  Windows 10 , 64 bit Build 19041 (10.0.19041.3636)
Time: Wed Dec 13 06:39:55 2023  Windows 10 , 64 bit Build 19041 (10.0.19041.3636) elapsed time: 11.999081 seconds (0d 0h 0m 11s)

---------------  T H R E A D  ---------------

Current thread (0x000001caa8713c60):  VMThread "VM Thread" [stack: 0x000000ac57f00000,0x000000ac58000000] [id=15340]

Stack: [0x000000ac57f00000,0x000000ac58000000]
Native frames: (J=compiled Java code, j=interpreted, Vv=VM code, C=native code)
V  [jvm.dll+0x683c9a]
V  [jvm.dll+0x8427a4]
V  [jvm.dll+0x843f9e]
V  [jvm.dll+0x844603]
V  [jvm.dll+0x249b75]
V  [jvm.dll+0x680b69]
V  [jvm.dll+0x67505a]
V  [jvm.dll+0x309acb]
V  [jvm.dll+0x310f86]
V  [jvm.dll+0x3608ee]
V  [jvm.dll+0x360b1f]
V  [jvm.dll+0x2dfbf8]
V  [jvm.dll+0x2ddec4]
V  [jvm.dll+0x2dd4cc]
V  [jvm.dll+0x321f3b]
V  [jvm.dll+0x848ccb]
V  [jvm.dll+0x849a04]
V  [jvm.dll+0x849f1d]
V  [jvm.dll+0x84a2f4]
V  [jvm.dll+0x84a3c0]
V  [jvm.dll+0x7f274a]
V  [jvm.dll+0x682ad5]
C  [ucrtbase.dll+0x21bb2]
C  [KERNEL32.DLL+0x17344]
C  [ntdll.dll+0x526b1]

VM_Operation (0x000000ac598f73f0): G1CollectForAllocation, mode: safepoint, requested by thread 0x000001caab9489a0


---------------  P R O C E S S  ---------------

Threads class SMR info:
_java_thread_list=0x000001caa9d7a060, length=126, elements={
0x000001ca8c8bb060, 0x000001caa8736620, 0x000001caa9000680, 0x000001caa902c370,
0x000001caa9046990, 0x000001caa9047250, 0x000001caa904b5a0, 0x000001caa904c240,
0x000001caa904cbf0, 0x000001caa9090b20, 0x000001caa91dc940, 0x000001caa91dd830,
0x000001caac5c9dc0, 0x000001caaaa6d690, 0x000001caa93e87f0, 0x000001caaa5f8290,
0x000001caaa389dc0, 0x000001caabe06760, 0x000001caabe06c30, 0x000001caab9489a0,
0x000001caac104820, 0x000001caa9bef6d0, 0x000001caa9bef200, 0x000001caa9befba0,
0x000001caa9bed9f0, 0x000001caa9bf0070, 0x000001caa9bedec0, 0x000001caa9bf0a10,
0x000001caa9bee390, 0x000001caa9bf0ee0, 0x000001caa9beed30, 0x000001caab5bba10,
0x000001caab5bef00, 0x000001caab5be560, 0x000001caab5c1f20, 0x000001caab5bf3d0,
0x000001caab5bb070, 0x000001caab5bc880, 0x000001caab5bd6f0, 0x000001caab5bf8a0,
0x000001caab5bfd70, 0x000001caab5c0240, 0x000001caab5bdbc0, 0x000001caab5c0710,
0x000001caab5c0be0, 0x000001caab5be090, 0x000001caab5bcd50, 0x000001caab5bc3b0,
0x000001caab5bd220, 0x000001caa9492ec0, 0x000001caa94916b0, 0x000001caa94976f0,
0x000001caa94963b0, 0x000001caa9496880, 0x000001caa9497220, 0x000001caa9496d50,
0x000001caa94929f0, 0x000001caa9497bc0, 0x000001caa9495a10, 0x000001caa9491b80,
0x000001caa9493390, 0x000001caa9492520, 0x000001caa9493860, 0x000001caa9493d30,
0x000001caa9498090, 0x000001caa9498560, 0x000001caa9495540, 0x000001caa9498a30,
0x000001caa9494200, 0x000001caa94946d0, 0x000001caa9494ba0, 0x000001caa9498f00,
0x000001caa9495ee0, 0x000001caa9495070, 0x000001caa9492050, 0x000001caac2ae880,
0x000001caac2b48c0, 0x000001caac2b0f00, 0x000001caac2aed50, 0x000001caac2b3a50,
0x000001caac2b3f20, 0x000001caac2b43f0, 0x000001caac2af220, 0x000001caac2af6f0,
0x000001caac2b4d90, 0x000001caac2b2be0, 0x000001caac2ad540, 0x000001caac2b2240,
0x000001caac2adee0, 0x000001caac2ae3b0, 0x000001caac2ada10, 0x000001caac2afbc0,
0x000001caac2b0090, 0x000001caac2b18a0, 0x000001caac2b0560, 0x000001caac2b13d0,
0x000001caac2b1d70, 0x000001caac2b0a30, 0x000001caac2b2710, 0x000001caac2b30b0,
0x000001caac2b3580, 0x000001caac9b6090, 0x000001caac9b5220, 0x000001caac9b6560,
0x000001caac9b6a30, 0x000001caac9b8240, 0x000001caac9b73d0, 0x000001caac9b56f0,
0x000001caac9b6f00, 0x000001caac9b5bc0, 0x000001caac9b78a0, 0x000001caac9b7d70,
0x000001caac9b4880, 0x000001caac9b4d50, 0x000001caacf90e40, 0x000001caacf8de20,
0x000001caacf91cb0, 0x000001caacf8d950, 0x000001caacf8cfb0, 0x000001caacf92ff0,
0x000001caacf934c0, 0x000001caacf92180, 0x000001caacf8f630, 0x000001caacf93990,
0x000001caacf92650, 0x000001caacf91310
}

Java Threads: ( => current thread )
  0x000001ca8c8bb060 JavaThread "main" [_thread_blocked, id=9868, stack(0x000000ac57900000,0x000000ac57a00000)]
  0x000001caa8736620 JavaThread "Reference Handler" daemon [_thread_blocked, id=22252, stack(0x000000ac58000000,0x000000ac58100000)]
  0x000001caa9000680 JavaThread "Finalizer" daemon [_thread_blocked, id=2160, stack(0x000000ac58100000,0x000000ac58200000)]
  0x000001caa902c370 JavaThread "Signal Dispatcher" daemon [_thread_blocked, id=17900, stack(0x000000ac58200000,0x000000ac58300000)]
  0x000001caa9046990 JavaThread "Attach Listener" daemon [_thread_blocked, id=21144, stack(0x000000ac58300000,0x000000ac58400000)]
  0x000001caa9047250 JavaThread "Service Thread" daemon [_thread_blocked, id=26180, stack(0x000000ac58400000,0x000000ac58500000)]
  0x000001caa904b5a0 JavaThread "Monitor Deflation Thread" daemon [_thread_blocked, id=28416, stack(0x000000ac58500000,0x000000ac58600000)]
  0x000001caa904c240 JavaThread "C2 CompilerThread0" daemon [_thread_blocked, id=23328, stack(0x000000ac58600000,0x000000ac58700000)]
  0x000001caa904cbf0 JavaThread "C1 CompilerThread0" daemon [_thread_blocked, id=21980, stack(0x000000ac58700000,0x000000ac58800000)]
  0x000001caa9090b20 JavaThread "Sweeper thread" daemon [_thread_blocked, id=24548, stack(0x000000ac58800000,0x000000ac58900000)]
  0x000001caa91dc940 JavaThread "Common-Cleaner" daemon [_thread_blocked, id=3580, stack(0x000000ac58900000,0x000000ac58a00000)]
  0x000001caa91dd830 JavaThread "Notification Thread" daemon [_thread_blocked, id=28764, stack(0x000000ac58a00000,0x000000ac58b00000)]
  0x000001caac5c9dc0 JavaThread "Daemon health stats" [_thread_blocked, id=25464, stack(0x000000ac59200000,0x000000ac59300000)]
  0x000001caaaa6d690 JavaThread "Incoming local TCP Connector on port 8815" [_thread_in_native, id=27176, stack(0x000000ac58c00000,0x000000ac58d00000)]
  0x000001caa93e87f0 JavaThread "Daemon periodic checks" [_thread_blocked, id=19484, stack(0x000000ac59100000,0x000000ac59200000)]
  0x000001caaa5f8290 JavaThread "C2 CompilerThread1" daemon [_thread_blocked, id=7824, stack(0x000000ac59300000,0x000000ac59400000)]
  0x000001caaa389dc0 JavaThread "Daemon" [_thread_blocked, id=25576, stack(0x000000ac59500000,0x000000ac59600000)]
  0x000001caabe06760 JavaThread "Handler for socket connection from /127.0.0.1:8815 to /127.0.0.1:8816" [_thread_in_native, id=7036, stack(0x000000ac59600000,0x000000ac59700000)]
  0x000001caabe06c30 JavaThread "Cancel handler" [_thread_blocked, id=2044, stack(0x000000ac59700000,0x000000ac59800000)]
  0x000001caab9489a0 JavaThread "Daemon worker" [_thread_blocked, id=22508, stack(0x000000ac59800000,0x000000ac59900000)]
  0x000001caac104820 JavaThread "Asynchronous log dispatcher for DefaultDaemonConnection: socket connection from /127.0.0.1:8815 to /127.0.0.1:8816" [_thread_blocked, id=10652, stack(0x000000ac59900000,0x000000ac59a00000)]
  0x000001caa9bef6d0 JavaThread "Stdin handler" [_thread_blocked, id=20676, stack(0x000000ac59a00000,0x000000ac59b00000)]
  0x000001caa9bef200 JavaThread "Daemon client event forwarder" [_thread_blocked, id=12480, stack(0x000000ac59b00000,0x000000ac59c00000)]
  0x000001caa9befba0 JavaThread "Cache worker for journal cache (C:\Users\jupi0\.gradle\caches\journal-1)" [_thread_blocked, id=28632, stack(0x000000ac5a000000,0x000000ac5a100000)]
  0x000001caa9bed9f0 JavaThread "File lock request listener" [_thread_in_native, id=20796, stack(0x000000ac5a100000,0x000000ac5a200000)]
  0x000001caa9bf0070 JavaThread "Cache worker for file hash cache (C:\Users\jupi0\.gradle\caches\8.0\fileHashes)" [_thread_blocked, id=25796, stack(0x000000ac5a200000,0x000000ac5a300000)]
  0x000001caa9bedec0 JavaThread "File watcher server" daemon [_thread_in_native, id=19816, stack(0x000000ac5a300000,0x000000ac5a400000)]
  0x000001caa9bf0a10 JavaThread "File watcher consumer" daemon [_thread_blocked, id=18672, stack(0x000000ac5a400000,0x000000ac5a500000)]
  0x000001caa9bee390 JavaThread "Cache worker for checksums cache (C:\Users\jupi0\AndroidStudioProjects\Capstone_2\.gradle\8.0\checksums)" [_thread_blocked, id=7540, stack(0x000000ac5a500000,0x000000ac5a600000)]
  0x000001caa9bf0ee0 JavaThread "Cache worker for cache directory md-rule (C:\Users\jupi0\.gradle\caches\8.0\md-rule)" [_thread_blocked, id=23016, stack(0x000000ac5a600000,0x000000ac5a700000)]
  0x000001caa9beed30 JavaThread "Cache worker for file content cache (C:\Users\jupi0\.gradle\caches\8.0\fileContent)" [_thread_blocked, id=23764, stack(0x000000ac5a700000,0x000000ac5a800000)]
  0x000001caab5bba10 JavaThread "Cache worker for file hash cache (C:\Users\jupi0\AndroidStudioProjects\Capstone_2\.gradle\8.0\fileHashes)" [_thread_blocked, id=19072, stack(0x000000ac5a800000,0x000000ac5a900000)]
  0x000001caab5bef00 JavaThread "Cache worker for cache directory md-supplier (C:\Users\jupi0\.gradle\caches\8.0\md-supplier)" [_thread_blocked, id=15968, stack(0x000000ac5a900000,0x000000ac5aa00000)]
  0x000001caab5be560 JavaThread "Cache worker for execution history cache (C:\Users\jupi0\.gradle\caches\8.0\executionHistory)" [_thread_blocked, id=28916, stack(0x000000ac5aa00000,0x000000ac5ab00000)]
  0x000001caab5c1f20 JavaThread "jar transforms" [_thread_blocked, id=15336, stack(0x000000ac59400000,0x000000ac59500000)]
  0x000001caab5bf3d0 JavaThread "jar transforms Thread 2" [_thread_blocked, id=25904, stack(0x000000ac5ab00000,0x000000ac5ac00000)]
  0x000001caab5bb070 JavaThread "jar transforms Thread 3" [_thread_blocked, id=11872, stack(0x000000ac5ac00000,0x000000ac5ad00000)]
  0x000001caab5bc880 JavaThread "jar transforms Thread 4" [_thread_blocked, id=2820, stack(0x000000ac5ad00000,0x000000ac5ae00000)]
  0x000001caab5bd6f0 JavaThread "Cache worker for dependencies-accessors (C:\Users\jupi0\AndroidStudioProjects\Capstone_2\.gradle\8.0\dependencies-accessors)" [_thread_blocked, id=7788, stack(0x000000ac5ae00000,0x000000ac5af00000)]
  0x000001caab5bf8a0 JavaThread "jar transforms Thread 5" [_thread_blocked, id=2656, stack(0x000000ac5af00000,0x000000ac5b000000)]
  0x000001caab5bfd70 JavaThread "Cache worker for Build Output Cleanup Cache (C:\Users\jupi0\AndroidStudioProjects\Capstone_2\.gradle\buildOutputCleanup)" [_thread_blocked, id=27492, stack(0x000000ac5b000000,0x000000ac5b100000)]
  0x000001caab5c0240 JavaThread "Unconstrained build operations" [_thread_blocked, id=28620, stack(0x000000ac5b100000,0x000000ac5b200000)]
  0x000001caab5bdbc0 JavaThread "Unconstrained build operations Thread 2" [_thread_blocked, id=17592, stack(0x000000ac5b200000,0x000000ac5b300000)]
  0x000001caab5c0710 JavaThread "Unconstrained build operations Thread 3" [_thread_blocked, id=992, stack(0x000000ac5b300000,0x000000ac5b400000)]
  0x000001caab5c0be0 JavaThread "Unconstrained build operations Thread 4" [_thread_blocked, id=18180, stack(0x000000ac5b400000,0x000000ac5b500000)]
  0x000001caab5be090 JavaThread "Unconstrained build operations Thread 5" [_thread_blocked, id=17968, stack(0x000000ac5b500000,0x000000ac5b600000)]
  0x000001caab5bcd50 JavaThread "Unconstrained build operations Thread 6" [_thread_blocked, id=3324, stack(0x000000ac5b600000,0x000000ac5b700000)]
  0x000001caab5bc3b0 JavaThread "Unconstrained build operations Thread 7" [_thread_blocked, id=8456, stack(0x000000ac5b700000,0x000000ac5b800000)]
  0x000001caab5bd220 JavaThread "Unconstrained build operations Thread 8" [_thread_blocked, id=7032, stack(0x000000ac5b800000,0x000000ac5b900000)]
  0x000001caa9492ec0 JavaThread "Unconstrained build operations Thread 9" [_thread_blocked, id=29612, stack(0x000000ac5b900000,0x000000ac5ba00000)]
  0x000001caa94916b0 JavaThread "Unconstrained build operations Thread 10" [_thread_blocked, id=11392, stack(0x000000ac5ba00000,0x000000ac5bb00000)]
  0x000001caa94976f0 JavaThread "Unconstrained build operations Thread 11" [_thread_blocked, id=8728, stack(0x000000ac5bb00000,0x000000ac5bc00000)]
  0x000001caa94963b0 JavaThread "Unconstrained build operations Thread 12" [_thread_blocked, id=544, stack(0x000000ac5bc00000,0x000000ac5bd00000)]
  0x000001caa9496880 JavaThread "Unconstrained build operations Thread 13" [_thread_blocked, id=17356, stack(0x000000ac5bd00000,0x000000ac5be00000)]
  0x000001caa9497220 JavaThread "Unconstrained build operations Thread 14" [_thread_blocked, id=2268, stack(0x000000ac5be00000,0x000000ac5bf00000)]
  0x000001caa9496d50 JavaThread "Unconstrained build operations Thread 15" [_thread_blocked, id=9884, stack(0x000000ac5bf00000,0x000000ac5c000000)]
  0x000001caa94929f0 JavaThread "Unconstrained build operations Thread 16" [_thread_blocked, id=11572, stack(0x000000ac5c000000,0x000000ac5c100000)]
  0x000001caa9497bc0 JavaThread "Unconstrained build operations Thread 17" [_thread_blocked, id=18988, stack(0x000000ac5c100000,0x000000ac5c200000)]
  0x000001caa9495a10 JavaThread "Unconstrained build operations Thread 18" [_thread_blocked, id=15996, stack(0x000000ac5c200000,0x000000ac5c300000)]
  0x000001caa9491b80 JavaThread "Unconstrained build operations Thread 19" [_thread_blocked, id=28244, stack(0x000000ac5c300000,0x000000ac5c400000)]
  0x000001caa9493390 JavaThread "Unconstrained build operations Thread 20" [_thread_blocked, id=6104, stack(0x000000ac5c400000,0x000000ac5c500000)]
  0x000001caa9492520 JavaThread "Unconstrained build operations Thread 21" [_thread_blocked, id=9020, stack(0x000000ac5c500000,0x000000ac5c600000)]
  0x000001caa9493860 JavaThread "Unconstrained build operations Thread 22" [_thread_blocked, id=26916, stack(0x000000ac5c600000,0x000000ac5c700000)]
  0x000001caa9493d30 JavaThread "Unconstrained build operations Thread 23" [_thread_blocked, id=20800, stack(0x000000ac5c700000,0x000000ac5c800000)]
  0x000001caa9498090 JavaThread "Unconstrained build operations Thread 24" [_thread_blocked, id=21840, stack(0x000000ac5c800000,0x000000ac5c900000)]
  0x000001caa9498560 JavaThread "Unconstrained build operations Thread 25" [_thread_blocked, id=24228, stack(0x000000ac5c900000,0x000000ac5ca00000)]
  0x000001caa9495540 JavaThread "Unconstrained build operations Thread 26" [_thread_blocked, id=29608, stack(0x000000ac5ca00000,0x000000ac5cb00000)]
  0x000001caa9498a30 JavaThread "Unconstrained build operations Thread 27" [_thread_blocked, id=23428, stack(0x000000ac5cb00000,0x000000ac5cc00000)]
  0x000001caa9494200 JavaThread "Unconstrained build operations Thread 28" [_thread_blocked, id=7308, stack(0x000000ac5cc00000,0x000000ac5cd00000)]
  0x000001caa94946d0 JavaThread "Unconstrained build operations Thread 29" [_thread_blocked, id=17016, stack(0x000000ac5cd00000,0x000000ac5ce00000)]
  0x000001caa9494ba0 JavaThread "Unconstrained build operations Thread 30" [_thread_blocked, id=9840, stack(0x000000ac5ce00000,0x000000ac5cf00000)]
  0x000001caa9498f00 JavaThread "Unconstrained build operations Thread 31" [_thread_blocked, id=24308, stack(0x000000ac5cf00000,0x000000ac5d000000)]
  0x000001caa9495ee0 JavaThread "Unconstrained build operations Thread 32" [_thread_blocked, id=29404, stack(0x000000ac5d000000,0x000000ac5d100000)]
  0x000001caa9495070 JavaThread "Unconstrained build operations Thread 33" [_thread_blocked, id=8424, stack(0x000000ac5d100000,0x000000ac5d200000)]
  0x000001caa9492050 JavaThread "Unconstrained build operations Thread 34" [_thread_blocked, id=10944, stack(0x000000ac5d200000,0x000000ac5d300000)]
  0x000001caac2ae880 JavaThread "Unconstrained build operations Thread 35" [_thread_blocked, id=21976, stack(0x000000ac5d300000,0x000000ac5d400000)]
  0x000001caac2b48c0 JavaThread "Unconstrained build operations Thread 36" [_thread_blocked, id=3832, stack(0x000000ac5d400000,0x000000ac5d500000)]
  0x000001caac2b0f00 JavaThread "Unconstrained build operations Thread 37" [_thread_blocked, id=24140, stack(0x000000ac5d500000,0x000000ac5d600000)]
  0x000001caac2aed50 JavaThread "Unconstrained build operations Thread 38" [_thread_blocked, id=17432, stack(0x000000ac5d600000,0x000000ac5d700000)]
  0x000001caac2b3a50 JavaThread "Unconstrained build operations Thread 39" [_thread_blocked, id=26868, stack(0x000000ac5d700000,0x000000ac5d800000)]
  0x000001caac2b3f20 JavaThread "Unconstrained build operations Thread 40" [_thread_blocked, id=24040, stack(0x000000ac5d800000,0x000000ac5d900000)]
  0x000001caac2b43f0 JavaThread "Unconstrained build operations Thread 41" [_thread_blocked, id=18976, stack(0x000000ac5d900000,0x000000ac5da00000)]
  0x000001caac2af220 JavaThread "Unconstrained build operations Thread 42" [_thread_blocked, id=26952, stack(0x000000ac5da00000,0x000000ac5db00000)]
  0x000001caac2af6f0 JavaThread "Unconstrained build operations Thread 43" [_thread_blocked, id=28212, stack(0x000000ac5db00000,0x000000ac5dc00000)]
  0x000001caac2b4d90 JavaThread "Unconstrained build operations Thread 44" [_thread_blocked, id=3836, stack(0x000000ac5dc00000,0x000000ac5dd00000)]
  0x000001caac2b2be0 JavaThread "Unconstrained build operations Thread 45" [_thread_blocked, id=27972, stack(0x000000ac5dd00000,0x000000ac5de00000)]
  0x000001caac2ad540 JavaThread "Unconstrained build operations Thread 46" [_thread_blocked, id=15152, stack(0x000000ac5de00000,0x000000ac5df00000)]
  0x000001caac2b2240 JavaThread "Unconstrained build operations Thread 47" [_thread_blocked, id=27592, stack(0x000000ac5df00000,0x000000ac5e000000)]
  0x000001caac2adee0 JavaThread "Unconstrained build operations Thread 48" [_thread_blocked, id=7236, stack(0x000000ac5e000000,0x000000ac5e100000)]
  0x000001caac2ae3b0 JavaThread "Unconstrained build operations Thread 49" [_thread_blocked, id=25168, stack(0x000000ac5e100000,0x000000ac5e200000)]
  0x000001caac2ada10 JavaThread "Unconstrained build operations Thread 50" [_thread_blocked, id=28884, stack(0x000000ac5e200000,0x000000ac5e300000)]
  0x000001caac2afbc0 JavaThread "Unconstrained build operations Thread 51" [_thread_blocked, id=13200, stack(0x000000ac5e300000,0x000000ac5e400000)]
  0x000001caac2b0090 JavaThread "Unconstrained build operations Thread 52" [_thread_blocked, id=23440, stack(0x000000ac5e400000,0x000000ac5e500000)]
  0x000001caac2b18a0 JavaThread "Unconstrained build operations Thread 53" [_thread_blocked, id=26712, stack(0x000000ac5e500000,0x000000ac5e600000)]
  0x000001caac2b0560 JavaThread "Unconstrained build operations Thread 54" [_thread_blocked, id=12336, stack(0x000000ac5e600000,0x000000ac5e700000)]
  0x000001caac2b13d0 JavaThread "Unconstrained build operations Thread 55" [_thread_blocked, id=22652, stack(0x000000ac5e700000,0x000000ac5e800000)]
  0x000001caac2b1d70 JavaThread "Unconstrained build operations Thread 56" [_thread_blocked, id=14544, stack(0x000000ac5e800000,0x000000ac5e900000)]
  0x000001caac2b0a30 JavaThread "Unconstrained build operations Thread 57" [_thread_blocked, id=11180, stack(0x000000ac5e900000,0x000000ac5ea00000)]
  0x000001caac2b2710 JavaThread "Unconstrained build operations Thread 58" [_thread_blocked, id=8540, stack(0x000000ac5ea00000,0x000000ac5eb00000)]
  0x000001caac2b30b0 JavaThread "Unconstrained build operations Thread 59" [_thread_blocked, id=16516, stack(0x000000ac5eb00000,0x000000ac5ec00000)]
  0x000001caac2b3580 JavaThread "Unconstrained build operations Thread 60" [_thread_blocked, id=8200, stack(0x000000ac5ec00000,0x000000ac5ed00000)]
  0x000001caac9b6090 JavaThread "Unconstrained build operations Thread 61" [_thread_blocked, id=12256, stack(0x000000ac5ed00000,0x000000ac5ee00000)]
  0x000001caac9b5220 JavaThread "Unconstrained build operations Thread 62" [_thread_blocked, id=15108, stack(0x000000ac5ee00000,0x000000ac5ef00000)]
  0x000001caac9b6560 JavaThread "Unconstrained build operations Thread 63" [_thread_blocked, id=14560, stack(0x000000ac5ef00000,0x000000ac5f000000)]
  0x000001caac9b6a30 JavaThread "Unconstrained build operations Thread 64" [_thread_blocked, id=7136, stack(0x000000ac5f000000,0x000000ac5f100000)]
  0x000001caac9b8240 JavaThread "Unconstrained build operations Thread 65" [_thread_blocked, id=19916, stack(0x000000ac5f100000,0x000000ac5f200000)]
  0x000001caac9b73d0 JavaThread "Unconstrained build operations Thread 66" [_thread_blocked, id=22340, stack(0x000000ac5f200000,0x000000ac5f300000)]
  0x000001caac9b56f0 JavaThread "Unconstrained build operations Thread 67" [_thread_blocked, id=7500, stack(0x000000ac5f300000,0x000000ac5f400000)]
  0x000001caac9b6f00 JavaThread "Unconstrained build operations Thread 68" [_thread_blocked, id=15444, stack(0x000000ac5f400000,0x000000ac5f500000)]
  0x000001caac9b5bc0 JavaThread "Unconstrained build operations Thread 69" [_thread_blocked, id=29284, stack(0x000000ac5f500000,0x000000ac5f600000)]
  0x000001caac9b78a0 JavaThread "Unconstrained build operations Thread 70" [_thread_blocked, id=25512, stack(0x000000ac5f600000,0x000000ac5f700000)]
  0x000001caac9b7d70 JavaThread "Unconstrained build operations Thread 71" [_thread_blocked, id=20908, stack(0x000000ac5f700000,0x000000ac5f800000)]
  0x000001caac9b4880 JavaThread "Unconstrained build operations Thread 72" [_thread_blocked, id=19272, stack(0x000000ac5f800000,0x000000ac5f900000)]
  0x000001caac9b4d50 JavaThread "Unconstrained build operations Thread 73" [_thread_blocked, id=24784, stack(0x000000ac5f900000,0x000000ac5fa00000)]
  0x000001caacf90e40 JavaThread "Unconstrained build operations Thread 74" [_thread_blocked, id=11672, stack(0x000000ac5fa00000,0x000000ac5fb00000)]
  0x000001caacf8de20 JavaThread "Unconstrained build operations Thread 75" [_thread_blocked, id=7652, stack(0x000000ac5fb00000,0x000000ac5fc00000)]
  0x000001caacf91cb0 JavaThread "Unconstrained build operations Thread 76" [_thread_blocked, id=28844, stack(0x000000ac5fc00000,0x000000ac5fd00000)]
  0x000001caacf8d950 JavaThread "Unconstrained build operations Thread 77" [_thread_blocked, id=17768, stack(0x000000ac5fd00000,0x000000ac5fe00000)]
  0x000001caacf8cfb0 JavaThread "Unconstrained build operations Thread 78" [_thread_blocked, id=20924, stack(0x000000ac5fe00000,0x000000ac5ff00000)]
  0x000001caacf92ff0 JavaThread "Unconstrained build operations Thread 79" [_thread_blocked, id=28856, stack(0x000000ac5ff00000,0x000000ac60000000)]
  0x000001caacf934c0 JavaThread "Unconstrained build operations Thread 80" [_thread_blocked, id=13452, stack(0x000000ac60000000,0x000000ac60100000)]
  0x000001caacf92180 JavaThread "jar transforms Thread 6" [_thread_blocked, id=14916, stack(0x000000ac60100000,0x000000ac60200000)]
  0x000001caacf8f630 JavaThread "jar transforms Thread 7" [_thread_blocked, id=5536, stack(0x000000ac60200000,0x000000ac60300000)]
  0x000001caacf93990 JavaThread "jar transforms Thread 8" [_thread_blocked, id=28712, stack(0x000000ac60300000,0x000000ac60400000)]
  0x000001caacf92650 JavaThread "build event listener" [_thread_blocked, id=7608, stack(0x000000ac60400000,0x000000ac60500000)]
  0x000001caacf91310 JavaThread "Memory manager" [_thread_blocked, id=16528, stack(0x000000ac60500000,0x000000ac60600000)]

Other Threads:
=>0x000001caa8713c60 VMThread "VM Thread" [stack: 0x000000ac57f00000,0x000000ac58000000] [id=15340]
  0x000001ca8c93b830 WatcherThread [stack: 0x000000ac58b00000,0x000000ac58c00000] [id=21024]
  0x000001ca8c91a2b0 GCTaskThread "GC Thread#0" [stack: 0x000000ac57a00000,0x000000ac57b00000] [id=12176]
  0x000001caa999c5c0 GCTaskThread "GC Thread#1" [stack: 0x000000ac58e00000,0x000000ac58f00000] [id=22704]
  0x000001caa99e2d80 GCTaskThread "GC Thread#2" [stack: 0x000000ac58f00000,0x000000ac59000000] [id=5800]
  0x000001caa9d7ddf0 GCTaskThread "GC Thread#3" [stack: 0x000000ac59000000,0x000000ac59100000] [id=9712]
  0x000001caaa4ed7a0 GCTaskThread "GC Thread#4" [stack: 0x000000ac58d00000,0x000000ac58e00000] [id=17044]
  0x000001caab687b30 GCTaskThread "GC Thread#5" [stack: 0x000000ac59c00000,0x000000ac59d00000] [id=23488]
  0x000001caab688340 GCTaskThread "GC Thread#6" [stack: 0x000000ac59d00000,0x000000ac59e00000] [id=17040]
  0x000001caab688e00 GCTaskThread "GC Thread#7" [stack: 0x000000ac59e00000,0x000000ac59f00000] [id=1772]
  0x000001ca8c92b100 ConcurrentGCThread "G1 Main Marker" [stack: 0x000000ac57b00000,0x000000ac57c00000] [id=12028]
  0x000001ca8c92c1c0 ConcurrentGCThread "G1 Conc#0" [stack: 0x000000ac57c00000,0x000000ac57d00000] [id=19992]
  0x000001caab6875d0 ConcurrentGCThread "G1 Conc#1" [stack: 0x000000ac59f00000,0x000000ac5a000000] [id=11216]
  0x000001ca8c98e660 ConcurrentGCThread "G1 Refine#0" [stack: 0x000000ac57d00000,0x000000ac57e00000] [id=8876]
  0x000001caa85680e0 ConcurrentGCThread "G1 Service" [stack: 0x000000ac57e00000,0x000000ac57f00000] [id=8184]

Threads with active compile tasks:
C2 CompilerThread0    12054 8344       4       java.util.Hashtable$Enumerator::hasMoreElements (53 bytes)
C2 CompilerThread1    12054 8335       4       groovy.lang.MetaClassImpl$1MOPIter::methodNameAction (325 bytes)

VM state: at safepoint (normal execution)

VM Mutex/Monitor currently owned by a thread:  ([mutex/lock_event])
[0x000001ca8c8b6320] Threads_lock - owner thread: 0x000001caa8713c60
[0x000001ca8c8b75b0] Heap_lock - owner thread: 0x000001caab9489a0

Heap address: 0x0000000080000000, size: 2048 MB, Compressed Oops mode: 32-bit

CDS archive(s) not mapped
Compressed class space mapped at: 0x0000000100000000-0x0000000140000000, reserved size: 1073741824
Narrow klass base: 0x0000000000000000, Narrow klass shift: 3, Narrow klass range: 0x140000000

GC Precious Log:
 CPUs: 8 total, 8 available
 Memory: 8084M
 Large Page Support: Disabled
 NUMA Support: Disabled
 Compressed Oops: Enabled (32-bit)
 Heap Region Size: 1M
 Heap Min Capacity: 8M
 Heap Initial Capacity: 128M
 Heap Max Capacity: 2G
 Pre-touch: Disabled
 Parallel Workers: 8
 Concurrent Workers: 2
 Concurrent Refinement Workers: 8
 Periodic GC: Disabled

Heap:
 garbage-first heap   total 131072K, used 73055K [0x0000000080000000, 0x0000000100000000)
  region size 1024K, 5 young (5120K), 5 survivors (5120K)
 Metaspace       used 81933K, committed 82560K, reserved 1122304K
  class space    used 11167K, committed 11456K, reserved 1048576K

Heap Regions: E=young(eden), S=young(survivor), O=old, HS=humongous(starts), HC=humongous(continues), CS=collection set, F=free, OA=open archive, CA=closed archive, TAMS=top-at-mark-start (previous, next)
|   0|0x0000000080000000, 0x0000000080100000, 0x0000000080100000|100%|HS|  |TAMS 0x0000000080100000, 0x0000000080100000| Complete 
|   1|0x0000000080100000, 0x0000000080200000, 0x0000000080200000|100%|HC|  |TAMS 0x0000000080200000, 0x0000000080200000| Complete 
|   2|0x0000000080200000, 0x0000000080300000, 0x0000000080300000|100%|HC|  |TAMS 0x0000000080300000, 0x0000000080300000| Complete 
|   3|0x0000000080300000, 0x0000000080400000, 0x0000000080400000|100%|HC|  |TAMS 0x0000000080400000, 0x0000000080400000| Complete 
|   4|0x0000000080400000, 0x0000000080500000, 0x0000000080500000|100%| O|  |TAMS 0x0000000080500000, 0x0000000080500000| Untracked 
|   5|0x0000000080500000, 0x0000000080600000, 0x0000000080600000|100%| O|  |TAMS 0x0000000080600000, 0x0000000080600000| Untracked 
|   6|0x0000000080600000, 0x0000000080700000, 0x0000000080700000|100%| O|  |TAMS 0x0000000080700000, 0x0000000080700000| Untracked 
|   7|0x0000000080700000, 0x0000000080800000, 0x0000000080800000|100%| O|  |TAMS 0x0000000080800000, 0x0000000080800000| Untracked 
|   8|0x0000000080800000, 0x0000000080900000, 0x0000000080900000|100%| O|  |TAMS 0x0000000080900000, 0x0000000080900000| Untracked 
|   9|0x0000000080900000, 0x0000000080a00000, 0x0000000080a00000|100%| O|  |TAMS 0x0000000080a00000, 0x0000000080a00000| Untracked 
|  10|0x0000000080a00000, 0x0000000080b00000, 0x0000000080b00000|100%| O|  |TAMS 0x0000000080b00000, 0x0000000080b00000| Untracked 
|  11|0x0000000080b00000, 0x0000000080c00000, 0x0000000080c00000|100%| O|  |TAMS 0x0000000080c00000, 0x0000000080c00000| Untracked 
|  12|0x0000000080c00000, 0x0000000080d00000, 0x0000000080d00000|100%| O|  |TAMS 0x0000000080d00000, 0x0000000080d00000| Untracked 
|  13|0x0000000080d00000, 0x0000000080e00000, 0x0000000080e00000|100%| O|  |TAMS 0x0000000080e00000, 0x0000000080e00000| Untracked 
|  14|0x0000000080e00000, 0x0000000080f00000, 0x0000000080f00000|100%| O|  |TAMS 0x0000000080f00000, 0x0000000080f00000| Untracked 
|  15|0x0000000080f00000, 0x0000000081000000, 0x0000000081000000|100%| O|  |TAMS 0x0000000081000000, 0x0000000081000000| Untracked 
|  16|0x0000000081000000, 0x0000000081100000, 0x0000000081100000|100%| O|  |TAMS 0x0000000081100000, 0x0000000081100000| Untracked 
|  17|0x0000000081100000, 0x0000000081200000, 0x0000000081200000|100%| O|  |TAMS 0x0000000081200000, 0x0000000081200000| Untracked 
|  18|0x0000000081200000, 0x0000000081300000, 0x0000000081300000|100%| O|  |TAMS 0x0000000081300000, 0x0000000081300000| Untracked 
|  19|0x0000000081300000, 0x0000000081400000, 0x0000000081400000|100%| O|  |TAMS 0x0000000081400000, 0x0000000081400000| Untracked 
|  20|0x0000000081400000, 0x0000000081500000, 0x0000000081500000|100%| O|  |TAMS 0x0000000081500000, 0x0000000081500000| Untracked 
|  21|0x0000000081500000, 0x0000000081600000, 0x0000000081600000|100%| O|  |TAMS 0x0000000081600000, 0x0000000081600000| Untracked 
|  22|0x0000000081600000, 0x0000000081700000, 0x0000000081700000|100%| O|  |TAMS 0x0000000081700000, 0x0000000081700000| Untracked 
|  23|0x0000000081700000, 0x0000000081800000, 0x0000000081800000|100%| O|  |TAMS 0x0000000081800000, 0x0000000081800000| Untracked 
|  24|0x0000000081800000, 0x0000000081900000, 0x0000000081900000|100%| O|  |TAMS 0x0000000081900000, 0x0000000081900000| Untracked 
|  25|0x0000000081900000, 0x0000000081a00000, 0x0000000081a00000|100%| O|  |TAMS 0x0000000081a00000, 0x0000000081a00000| Untracked 
|  26|0x0000000081a00000, 0x0000000081b00000, 0x0000000081b00000|100%| O|  |TAMS 0x0000000081b00000, 0x0000000081b00000| Untracked 
|  27|0x0000000081b00000, 0x0000000081c00000, 0x0000000081c00000|100%| O|  |TAMS 0x0000000081c00000, 0x0000000081c00000| Untracked 
|  28|0x0000000081c00000, 0x0000000081d00000, 0x0000000081d00000|100%| O|  |TAMS 0x0000000081d00000, 0x0000000081d00000| Untracked 
|  29|0x0000000081d00000, 0x0000000081e00000, 0x0000000081e00000|100%| O|  |TAMS 0x0000000081e00000, 0x0000000081e00000| Untracked 
|  30|0x0000000081e00000, 0x0000000081f00000, 0x0000000081f00000|100%| O|  |TAMS 0x0000000081f00000, 0x0000000081f00000| Untracked 
|  31|0x0000000081f00000, 0x0000000082000000, 0x0000000082000000|100%| O|  |TAMS 0x0000000082000000, 0x0000000082000000| Untracked 
|  32|0x0000000082000000, 0x0000000082100000, 0x0000000082100000|100%| O|  |TAMS 0x0000000082100000, 0x0000000082100000| Untracked 
|  33|0x0000000082100000, 0x0000000082200000, 0x0000000082200000|100%|HS|  |TAMS 0x0000000082200000, 0x0000000082200000| Complete 
|  34|0x0000000082200000, 0x0000000082300000, 0x0000000082300000|100%|HS|  |TAMS 0x0000000082300000, 0x0000000082300000| Complete 
|  35|0x0000000082300000, 0x0000000082400000, 0x0000000082400000|100%|HS|  |TAMS 0x0000000082400000, 0x0000000082400000| Complete 
|  36|0x0000000082400000, 0x0000000082500000, 0x0000000082500000|100%| O|  |TAMS 0x0000000082500000, 0x0000000082500000| Untracked 
|  37|0x0000000082500000, 0x0000000082600000, 0x0000000082600000|100%| O|  |TAMS 0x0000000082600000, 0x0000000082600000| Untracked 
|  38|0x0000000082600000, 0x0000000082700000, 0x0000000082700000|100%| O|  |TAMS 0x0000000082700000, 0x0000000082700000| Untracked 
|  39|0x0000000082700000, 0x0000000082757e00, 0x0000000082800000| 34%| O|  |TAMS 0x0000000082700000, 0x0000000082700000| Untracked 
|  40|0x0000000082800000, 0x0000000082900000, 0x0000000082900000|100%| O|  |TAMS 0x0000000082900000, 0x0000000082900000| Untracked 
|  41|0x0000000082900000, 0x0000000082a00000, 0x0000000082a00000|100%| O|  |TAMS 0x0000000082a00000, 0x0000000082a00000| Untracked 
|  42|0x0000000082a00000, 0x0000000082b00000, 0x0000000082b00000|100%| O|  |TAMS 0x0000000082b00000, 0x0000000082b00000| Untracked 
|  43|0x0000000082b00000, 0x0000000082c00000, 0x0000000082c00000|100%| O|  |TAMS 0x0000000082c00000, 0x0000000082c00000| Untracked 
|  44|0x0000000082c00000, 0x0000000082d00000, 0x0000000082d00000|100%| O|  |TAMS 0x0000000082d00000, 0x0000000082d00000| Untracked 
|  45|0x0000000082d00000, 0x0000000082e00000, 0x0000000082e00000|100%| O|  |TAMS 0x0000000082e00000, 0x0000000082e00000| Untracked 
|  46|0x0000000082e00000, 0x0000000082f00000, 0x0000000082f00000|100%| O|  |TAMS 0x0000000082f00000, 0x0000000082f00000| Untracked 
|  47|0x0000000082f00000, 0x0000000083000000, 0x0000000083000000|100%| O|  |TAMS 0x0000000083000000, 0x0000000083000000| Untracked 
|  48|0x0000000083000000, 0x0000000083100000, 0x0000000083100000|100%| O|  |TAMS 0x0000000083100000, 0x0000000083100000| Untracked 
|  49|0x0000000083100000, 0x0000000083200000, 0x0000000083200000|100%| O|  |TAMS 0x0000000083200000, 0x0000000083200000| Untracked 
|  50|0x0000000083200000, 0x0000000083300000, 0x0000000083300000|100%| O|  |TAMS 0x0000000083300000, 0x0000000083300000| Untracked 
|  51|0x0000000083300000, 0x0000000083400000, 0x0000000083400000|100%| O|  |TAMS 0x0000000083400000, 0x0000000083400000| Untracked 
|  52|0x0000000083400000, 0x0000000083500000, 0x0000000083500000|100%| O|  |TAMS 0x0000000083500000, 0x0000000083500000| Untracked 
|  53|0x0000000083500000, 0x0000000083600000, 0x0000000083600000|100%| O|  |TAMS 0x0000000083600000, 0x0000000083600000| Untracked 
|  54|0x0000000083600000, 0x0000000083700000, 0x0000000083700000|100%| O|  |TAMS 0x0000000083700000, 0x0000000083700000| Untracked 
|  55|0x0000000083700000, 0x0000000083800000, 0x0000000083800000|100%| O|  |TAMS 0x0000000083800000, 0x0000000083800000| Untracked 
|  56|0x0000000083800000, 0x0000000083900000, 0x0000000083900000|100%| O|  |TAMS 0x0000000083900000, 0x0000000083900000| Untracked 
|  57|0x0000000083900000, 0x0000000083a00000, 0x0000000083a00000|100%| O|  |TAMS 0x0000000083a00000, 0x0000000083a00000| Untracked 
|  58|0x0000000083a00000, 0x0000000083b00000, 0x0000000083b00000|100%| O|  |TAMS 0x0000000083a51a00, 0x0000000083b00000| Untracked 
|  59|0x0000000083b00000, 0x0000000083c00000, 0x0000000083c00000|100%| O|  |TAMS 0x0000000083b00000, 0x0000000083c00000| Untracked 
|  60|0x0000000083c00000, 0x0000000083d00000, 0x0000000083d00000|100%| O|  |TAMS 0x0000000083c00000, 0x0000000083d00000| Untracked 
|  61|0x0000000083d00000, 0x0000000083e00000, 0x0000000083e00000|100%| O|  |TAMS 0x0000000083d00000, 0x0000000083e00000| Untracked 
|  62|0x0000000083e00000, 0x0000000083f00000, 0x0000000083f00000|100%| O|  |TAMS 0x0000000083e00000, 0x0000000083f00000| Untracked 
|  63|0x0000000083f00000, 0x0000000084000000, 0x0000000084000000|100%| O|  |TAMS 0x0000000083f00000, 0x0000000084000000| Untracked 
|  64|0x0000000084000000, 0x0000000084100000, 0x0000000084100000|100%| O|  |TAMS 0x0000000084000000, 0x0000000084100000| Untracked 
|  65|0x0000000084100000, 0x0000000084200000, 0x0000000084200000|100%| O|  |TAMS 0x0000000084100000, 0x0000000084200000| Untracked 
|  66|0x0000000084200000, 0x0000000084300000, 0x0000000084300000|100%| O|  |TAMS 0x0000000084200000, 0x00000000842a0c00| Untracked 
|  67|0x0000000084300000, 0x0000000084300000, 0x0000000084400000|  0%| F|  |TAMS 0x0000000084300000, 0x0000000084300000| Untracked 
|  68|0x0000000084400000, 0x0000000084400000, 0x0000000084500000|  0%| F|  |TAMS 0x0000000084400000, 0x0000000084400000| Untracked 
|  69|0x0000000084500000, 0x0000000084500000, 0x0000000084600000|  0%| F|  |TAMS 0x0000000084500000, 0x0000000084500000| Untracked 
|  70|0x0000000084600000, 0x0000000084600000, 0x0000000084700000|  0%| F|  |TAMS 0x0000000084600000, 0x0000000084600000| Untracked 
|  71|0x0000000084700000, 0x0000000084700000, 0x0000000084800000|  0%| F|  |TAMS 0x0000000084700000, 0x0000000084700000| Untracked 
|  72|0x0000000084800000, 0x0000000084800000, 0x0000000084900000|  0%| F|  |TAMS 0x0000000084800000, 0x0000000084800000| Untracked 
|  73|0x0000000084900000, 0x0000000084900000, 0x0000000084a00000|  0%| F|  |TAMS 0x0000000084900000, 0x0000000084900000| Untracked 
|  74|0x0000000084a00000, 0x0000000084a00000, 0x0000000084b00000|  0%| F|  |TAMS 0x0000000084a00000, 0x0000000084a00000| Untracked 
|  75|0x0000000084b00000, 0x0000000084b00000, 0x0000000084c00000|  0%| F|  |TAMS 0x0000000084b00000, 0x0000000084b00000| Untracked 
|  76|0x0000000084c00000, 0x0000000084c00000, 0x0000000084d00000|  0%| F|  |TAMS 0x0000000084c00000, 0x0000000084c00000| Untracked 
|  77|0x0000000084d00000, 0x0000000084d00000, 0x0000000084e00000|  0%| F|  |TAMS 0x0000000084d00000, 0x0000000084d00000| Untracked 
|  78|0x0000000084e00000, 0x0000000084e00000, 0x0000000084f00000|  0%| F|  |TAMS 0x0000000084e00000, 0x0000000084e00000| Untracked 
|  79|0x0000000084f00000, 0x0000000084f00000, 0x0000000085000000|  0%| F|  |TAMS 0x0000000084f00000, 0x0000000084f00000| Untracked 
|  80|0x0000000085000000, 0x0000000085000000, 0x0000000085100000|  0%| F|  |TAMS 0x0000000085000000, 0x0000000085000000| Untracked 
|  81|0x0000000085100000, 0x0000000085100000, 0x0000000085200000|  0%| F|  |TAMS 0x0000000085100000, 0x0000000085100000| Untracked 
|  82|0x0000000085200000, 0x0000000085200000, 0x0000000085300000|  0%| F|  |TAMS 0x0000000085200000, 0x0000000085200000| Untracked 
|  83|0x0000000085300000, 0x0000000085300000, 0x0000000085400000|  0%| F|  |TAMS 0x0000000085300000, 0x0000000085300000| Untracked 
|  84|0x0000000085400000, 0x0000000085400000, 0x0000000085500000|  0%| F|  |TAMS 0x0000000085400000, 0x0000000085400000| Untracked 
|  85|0x0000000085500000, 0x0000000085600000, 0x0000000085600000|100%| S|CS|TAMS 0x0000000085500000, 0x0000000085500000| Complete 
|  86|0x0000000085600000, 0x0000000085700000, 0x0000000085700000|100%| S|CS|TAMS 0x0000000085600000, 0x0000000085600000| Complete 
|  87|0x0000000085700000, 0x0000000085800000, 0x0000000085800000|100%| S|CS|TAMS 0x0000000085700000, 0x0000000085700000| Complete 
|  88|0x0000000085800000, 0x0000000085900000, 0x0000000085900000|100%| S|CS|TAMS 0x0000000085800000, 0x0000000085800000| Complete 
|  89|0x0000000085900000, 0x0000000085a00000, 0x0000000085a00000|100%| S|CS|TAMS 0x0000000085900000, 0x0000000085900000| Complete 
|  90|0x0000000085a00000, 0x0000000085a00000, 0x0000000085b00000|  0%| F|  |TAMS 0x0000000085a00000, 0x0000000085a00000| Untracked 
|  91|0x0000000085b00000, 0x0000000085b00000, 0x0000000085c00000|  0%| F|  |TAMS 0x0000000085b00000, 0x0000000085b00000| Untracked 
|  92|0x0000000085c00000, 0x0000000085c00000, 0x0000000085d00000|  0%| F|  |TAMS 0x0000000085c00000, 0x0000000085c00000| Untracked 
|  93|0x0000000085d00000, 0x0000000085d00000, 0x0000000085e00000|  0%| F|  |TAMS 0x0000000085d00000, 0x0000000085d00000| Untracked 
|  94|0x0000000085e00000, 0x0000000085e00000, 0x0000000085f00000|  0%| F|  |TAMS 0x0000000085e00000, 0x0000000085e00000| Untracked 
|  95|0x0000000085f00000, 0x0000000085f00000, 0x0000000086000000|  0%| F|  |TAMS 0x0000000085f00000, 0x0000000085f00000| Untracked 
|  96|0x0000000086000000, 0x0000000086000000, 0x0000000086100000|  0%| F|  |TAMS 0x0000000086000000, 0x0000000086000000| Untracked 
|  97|0x0000000086100000, 0x0000000086100000, 0x0000000086200000|  0%| F|  |TAMS 0x0000000086100000, 0x0000000086100000| Untracked 
|  98|0x0000000086200000, 0x0000000086200000, 0x0000000086300000|  0%| F|  |TAMS 0x0000000086200000, 0x0000000086200000| Untracked 
|  99|0x0000000086300000, 0x0000000086300000, 0x0000000086400000|  0%| F|  |TAMS 0x0000000086300000, 0x0000000086300000| Untracked 
| 100|0x0000000086400000, 0x0000000086400000, 0x0000000086500000|  0%| F|  |TAMS 0x0000000086400000, 0x0000000086400000| Untracked 
| 101|0x0000000086500000, 0x0000000086500000, 0x0000000086600000|  0%| F|  |TAMS 0x0000000086500000, 0x0000000086500000| Untracked 
| 102|0x0000000086600000, 0x0000000086600000, 0x0000000086700000|  0%| F|  |TAMS 0x0000000086600000, 0x0000000086600000| Untracked 
| 103|0x0000000086700000, 0x0000000086700000, 0x0000000086800000|  0%| F|  |TAMS 0x0000000086700000, 0x0000000086700000| Untracked 
| 104|0x0000000086800000, 0x0000000086800000, 0x0000000086900000|  0%| F|  |TAMS 0x0000000086800000, 0x0000000086800000| Untracked 
| 105|0x0000000086900000, 0x0000000086900000, 0x0000000086a00000|  0%| F|  |TAMS 0x0000000086900000, 0x0000000086900000| Untracked 
| 106|0x0000000086a00000, 0x0000000086a00000, 0x0000000086b00000|  0%| F|  |TAMS 0x0000000086a00000, 0x0000000086a00000| Untracked 
| 107|0x0000000086b00000, 0x0000000086b00000, 0x0000000086c00000|  0%| F|  |TAMS 0x0000000086b00000, 0x0000000086b00000| Untracked 
| 108|0x0000000086c00000, 0x0000000086c00000, 0x0000000086d00000|  0%| F|  |TAMS 0x0000000086c00000, 0x0000000086c00000| Untracked 
| 109|0x0000000086d00000, 0x0000000086d00000, 0x0000000086e00000|  0%| F|  |TAMS 0x0000000086d00000, 0x0000000086d00000| Untracked 
| 110|0x0000000086e00000, 0x0000000086e00000, 0x0000000086f00000|  0%| F|  |TAMS 0x0000000086e00000, 0x0000000086e00000| Untracked 
| 111|0x0000000086f00000, 0x0000000086f00000, 0x0000000087000000|  0%| F|  |TAMS 0x0000000086f00000, 0x0000000086f00000| Untracked 
| 112|0x0000000087000000, 0x0000000087000000, 0x0000000087100000|  0%| F|  |TAMS 0x0000000087000000, 0x0000000087000000| Untracked 
| 113|0x0000000087100000, 0x0000000087100000, 0x0000000087200000|  0%| F|  |TAMS 0x0000000087100000, 0x0000000087100000| Untracked 
| 114|0x0000000087200000, 0x0000000087200000, 0x0000000087300000|  0%| F|  |TAMS 0x0000000087200000, 0x0000000087200000| Untracked 
| 115|0x0000000087300000, 0x0000000087300000, 0x0000000087400000|  0%| F|  |TAMS 0x0000000087300000, 0x0000000087300000| Untracked 
| 116|0x0000000087400000, 0x0000000087400000, 0x0000000087500000|  0%| F|  |TAMS 0x0000000087400000, 0x0000000087400000| Untracked 
| 117|0x0000000087500000, 0x0000000087500000, 0x0000000087600000|  0%| F|  |TAMS 0x0000000087500000, 0x0000000087500000| Untracked 
| 118|0x0000000087600000, 0x0000000087600000, 0x0000000087700000|  0%| F|  |TAMS 0x0000000087600000, 0x0000000087600000| Untracked 
| 119|0x0000000087700000, 0x0000000087700000, 0x0000000087800000|  0%| F|  |TAMS 0x0000000087700000, 0x0000000087700000| Untracked 
| 120|0x0000000087800000, 0x0000000087800000, 0x0000000087900000|  0%| F|  |TAMS 0x0000000087800000, 0x0000000087800000| Untracked 
| 121|0x0000000087900000, 0x0000000087900000, 0x0000000087a00000|  0%| F|  |TAMS 0x0000000087900000, 0x0000000087900000| Untracked 
| 122|0x0000000087a00000, 0x0000000087a00000, 0x0000000087b00000|  0%| F|  |TAMS 0x0000000087a00000, 0x0000000087a00000| Untracked 
| 123|0x0000000087b00000, 0x0000000087b00000, 0x0000000087c00000|  0%| F|  |TAMS 0x0000000087b00000, 0x0000000087b00000| Untracked 
| 124|0x0000000087c00000, 0x0000000087c00000, 0x0000000087d00000|  0%| F|  |TAMS 0x0000000087c00000, 0x0000000087c00000| Untracked 
| 125|0x0000000087d00000, 0x0000000087d00000, 0x0000000087e00000|  0%| F|  |TAMS 0x0000000087d00000, 0x0000000087d00000| Untracked 
| 126|0x0000000087e00000, 0x0000000087e00000, 0x0000000087f00000|  0%| F|  |TAMS 0x0000000087e00000, 0x0000000087e00000| Untracked 
| 127|0x0000000087f00000, 0x0000000087f00000, 0x0000000088000000|  0%| F|  |TAMS 0x0000000087f00000, 0x0000000087f00000| Untracked 

Card table byte_map: [0x000001caa1430000,0x000001caa1830000] _byte_map_base: 0x000001caa1030000

Marking Bits (Prev, Next): (CMBitMap*) 0x000001ca8c91a810, (CMBitMap*) 0x000001ca8c91a7d0
 Prev Bits: [0x000001caa3c30000, 0x000001caa5c30000)
 Next Bits: [0x000001caa1c30000, 0x000001caa3c30000)

Polling page: 0x000001ca8c740000

Metaspace:

Usage:
  Non-class:     69.11 MB used.
      Class:     10.91 MB used.
       Both:     80.01 MB used.

Virtual space:
  Non-class space:       72.00 MB reserved,      69.44 MB ( 96%) committed,  9 nodes.
      Class space:        1.00 GB reserved,      11.19 MB (  1%) committed,  1 nodes.
             Both:        1.07 GB reserved,      80.62 MB (  7%) committed. 

Chunk freelists:
   Non-Class:  2.42 MB
       Class:  831.00 KB
        Both:  3.23 MB

MaxMetaspaceSize: unlimited
CompressedClassSpaceSize: 1.00 GB
Initial GC threshold: 21.00 MB
Current GC threshold: 127.75 MB
CDS: off
MetaspaceReclaimPolicy: balanced
 - commit_granule_bytes: 65536.
 - commit_granule_words: 8192.
 - virtual_space_node_default_size: 1048576.
 - enlarge_chunks_in_place: 1.
 - new_chunks_are_fully_committed: 0.
 - uncommit_free_chunks: 1.
 - use_allocation_guard: 0.
 - handle_deallocations: 1.


Internal statistics:

num_allocs_failed_limit: 6.
num_arena_births: 754.
num_arena_deaths: 0.
num_vsnodes_births: 10.
num_vsnodes_deaths: 0.
num_space_committed: 1290.
num_space_uncommitted: 0.
num_chunks_returned_to_freelist: 6.
num_chunks_taken_from_freelist: 3627.
num_chunk_merges: 6.
num_chunk_splits: 2401.
num_chunks_enlarged: 1635.
num_purges: 0.
num_inconsistent_stats: 0.

CodeHeap 'non-profiled nmethods': size=120000Kb used=4324Kb max_used=4324Kb free=115675Kb
 bounds [0x000001ca99080000, 0x000001ca994c0000, 0x000001caa05b0000]
CodeHeap 'profiled nmethods': size=120000Kb used=14939Kb max_used=14939Kb free=105060Kb
 bounds [0x000001ca915b0000, 0x000001ca92450000, 0x000001ca98ae0000]
CodeHeap 'non-nmethods': size=5760Kb used=2365Kb max_used=2439Kb free=3394Kb
 bounds [0x000001ca98ae0000, 0x000001ca98d50000, 0x000001ca99080000]
 total_blobs=8374 nmethods=7480 adapters=806
 compilation: enabled
              stopped_count=0, restarted_count=0
 full_count=0

Compilation events (20 events):
Event: 11.941 Thread 0x000001caa904c240 nmethod 8063% 0x000001ca994a7e90 code [0x000001ca994a8560, 0x000001ca994b0cb0]
Event: 11.942 Thread 0x000001caa904c240 8355       4       org.codehaus.groovy.runtime.metaclass.MetaMethodIndex::addMethodToList (131 bytes)
Event: 11.944 Thread 0x000001caa904cbf0 8381   !   3       jdk.internal.reflect.GeneratedConstructorAccessor34::newInstance (53 bytes)
Event: 11.944 Thread 0x000001caa904cbf0 nmethod 8381 0x000001ca92443190 code [0x000001ca924433c0, 0x000001ca92443c28]
Event: 11.954 Thread 0x000001caa904cbf0 8384       2       java.util.ComparableTimSort::gallopRight (327 bytes)
Event: 11.955 Thread 0x000001caa904cbf0 nmethod 8384 0x000001ca92444090 code [0x000001ca92444280, 0x000001ca92444858]
Event: 11.955 Thread 0x000001caa904cbf0 8385       2       java.util.ComparableTimSort::gallopLeft (327 bytes)
Event: 11.956 Thread 0x000001caa904cbf0 nmethod 8385 0x000001ca92444b90 code [0x000001ca92444d80, 0x000001ca92445338]
Event: 11.964 Thread 0x000001caa904cbf0 8387       2       java.util.stream.SpinedBuffer::increaseCapacity (11 bytes)
Event: 11.964 Thread 0x000001caa904cbf0 nmethod 8387 0x000001ca92445690 code [0x000001ca92445840, 0x000001ca92445998]
Event: 11.968 Thread 0x000001caa904cbf0 8388       2       org.codehaus.groovy.util.LockableObject::lock (25 bytes)
Event: 11.968 Thread 0x000001caa904cbf0 nmethod 8388 0x000001ca92445a90 code [0x000001ca92445c40, 0x000001ca92445e38]
Event: 11.972 Thread 0x000001caa904cbf0 8389       2       org.codehaus.groovy.util.LockableObject::unlock (7 bytes)
Event: 11.972 Thread 0x000001caa904cbf0 nmethod 8389 0x000001ca92445f10 code [0x000001ca924460c0, 0x000001ca92446258]
Event: 11.978 Thread 0x000001caa904c240 nmethod 8355 0x000001ca994b5310 code [0x000001ca994b5620, 0x000001ca994b71b8]
Event: 11.978 Thread 0x000001caa904c240 8386       4       java.util.HashMap::put (13 bytes)
Event: 11.987 Thread 0x000001caa904cbf0 8392   !   2       sun.reflect.misc.ReflectUtil::isPackageAccessible (12 bytes)
Event: 11.988 Thread 0x000001caa904cbf0 nmethod 8392 0x000001ca92446310 code [0x000001ca92446520, 0x000001ca92446a18]
Event: 11.988 Thread 0x000001caa904c240 nmethod 8386 0x000001ca994b8310 code [0x000001ca994b84e0, 0x000001ca994b8d70]
Event: 11.988 Thread 0x000001caa904c240 8344       4       java.util.Hashtable$Enumerator::hasMoreElements (53 bytes)

GC Heap History (20 events):
Event: 8.354 GC heap after
{Heap after GC invocations=21 (full 0):
 garbage-first heap   total 83968K, used 48455K [0x0000000080000000, 0x0000000100000000)
  region size 1024K, 2 young (2048K), 2 survivors (2048K)
 Metaspace       used 60285K, committed 60736K, reserved 1105920K
  class space    used 8000K, committed 8192K, reserved 1048576K
}
Event: 8.590 GC heap before
{Heap before GC invocations=21 (full 0):
 garbage-first heap   total 83968K, used 60743K [0x0000000080000000, 0x0000000100000000)
  region size 1024K, 15 young (15360K), 2 survivors (2048K)
 Metaspace       used 62828K, committed 63360K, reserved 1105920K
  class space    used 8329K, committed 8576K, reserved 1048576K
}
Event: 8.594 GC heap after
{Heap after GC invocations=22 (full 0):
 garbage-first heap   total 83968K, used 50120K [0x0000000080000000, 0x0000000100000000)
  region size 1024K, 3 young (3072K), 3 survivors (3072K)
 Metaspace       used 62828K, committed 63360K, reserved 1105920K
  class space    used 8329K, committed 8576K, reserved 1048576K
}
Event: 8.789 GC heap before
{Heap before GC invocations=23 (full 0):
 garbage-first heap   total 106496K, used 73672K [0x0000000080000000, 0x0000000100000000)
  region size 1024K, 20 young (20480K), 3 survivors (3072K)
 Metaspace       used 63596K, committed 64128K, reserved 1105920K
  class space    used 8439K, committed 8640K, reserved 1048576K
}
Event: 8.794 GC heap after
{Heap after GC invocations=24 (full 0):
 garbage-first heap   total 106496K, used 52157K [0x0000000080000000, 0x0000000100000000)
  region size 1024K, 3 young (3072K), 3 survivors (3072K)
 Metaspace       used 63596K, committed 64128K, reserved 1105920K
  class space    used 8439K, committed 8640K, reserved 1048576K
}
Event: 9.149 GC heap before
{Heap before GC invocations=24 (full 0):
 garbage-first heap   total 106496K, used 77757K [0x0000000080000000, 0x0000000100000000)
  region size 1024K, 28 young (28672K), 3 survivors (3072K)
 Metaspace       used 66035K, committed 66496K, reserved 1114112K
  class space    used 8738K, committed 8960K, reserved 1048576K
}
Event: 9.152 GC heap after
{Heap after GC invocations=25 (full 0):
 garbage-first heap   total 106496K, used 54020K [0x0000000080000000, 0x0000000100000000)
  region size 1024K, 2 young (2048K), 2 survivors (2048K)
 Metaspace       used 66035K, committed 66496K, reserved 1114112K
  class space    used 8738K, committed 8960K, reserved 1048576K
}
Event: 9.396 GC heap before
{Heap before GC invocations=26 (full 0):
 garbage-first heap   total 106496K, used 80644K [0x0000000080000000, 0x0000000100000000)
  region size 1024K, 28 young (28672K), 2 survivors (2048K)
 Metaspace       used 66972K, committed 67520K, reserved 1114112K
  class space    used 8875K, committed 9088K, reserved 1048576K
}
Event: 9.401 GC heap after
{Heap after GC invocations=27 (full 0):
 garbage-first heap   total 128000K, used 56430K [0x0000000080000000, 0x0000000100000000)
  region size 1024K, 4 young (4096K), 4 survivors (4096K)
 Metaspace       used 66972K, committed 67520K, reserved 1114112K
  class space    used 8875K, committed 9088K, reserved 1048576K
}
Event: 9.821 GC heap before
{Heap before GC invocations=27 (full 0):
 garbage-first heap   total 128000K, used 95342K [0x0000000080000000, 0x0000000100000000)
  region size 1024K, 41 young (41984K), 4 survivors (4096K)
 Metaspace       used 69349K, committed 69824K, reserved 1114112K
  class space    used 9193K, committed 9408K, reserved 1048576K
}
Event: 9.828 GC heap after
{Heap after GC invocations=28 (full 0):
 garbage-first heap   total 128000K, used 60319K [0x0000000080000000, 0x0000000100000000)
  region size 1024K, 6 young (6144K), 6 survivors (6144K)
 Metaspace       used 69349K, committed 69824K, reserved 1114112K
  class space    used 9193K, committed 9408K, reserved 1048576K
}
Event: 10.569 GC heap before
{Heap before GC invocations=28 (full 0):
 garbage-first heap   total 128000K, used 97183K [0x0000000080000000, 0x0000000100000000)
  region size 1024K, 42 young (43008K), 6 survivors (6144K)
 Metaspace       used 73705K, committed 74240K, reserved 1114112K
  class space    used 9987K, committed 10240K, reserved 1048576K
}
Event: 10.576 GC heap after
{Heap after GC invocations=29 (full 0):
 garbage-first heap   total 128000K, used 62442K [0x0000000080000000, 0x0000000100000000)
  region size 1024K, 3 young (3072K), 3 survivors (3072K)
 Metaspace       used 73705K, committed 74240K, reserved 1114112K
  class space    used 9987K, committed 10240K, reserved 1048576K
}
Event: 11.170 GC heap before
{Heap before GC invocations=29 (full 0):
 garbage-first heap   total 128000K, used 99306K [0x0000000080000000, 0x0000000100000000)
  region size 1024K, 39 young (39936K), 3 survivors (3072K)
 Metaspace       used 77602K, committed 78144K, reserved 1122304K
  class space    used 10560K, committed 10816K, reserved 1048576K
}
Event: 11.175 GC heap after
{Heap after GC invocations=30 (full 0):
 garbage-first heap   total 128000K, used 64690K [0x0000000080000000, 0x0000000100000000)
  region size 1024K, 5 young (5120K), 5 survivors (5120K)
 Metaspace       used 77602K, committed 78144K, reserved 1122304K
  class space    used 10560K, committed 10816K, reserved 1048576K
}
Event: 11.735 GC heap before
{Heap before GC invocations=31 (full 0):
 garbage-first heap   total 128000K, used 100530K [0x0000000080000000, 0x0000000100000000)
  region size 1024K, 40 young (40960K), 5 survivors (5120K)
 Metaspace       used 81462K, committed 82048K, reserved 1122304K
  class space    used 11110K, committed 11392K, reserved 1048576K
}
Event: 11.743 GC heap after
{Heap after GC invocations=32 (full 0):
 garbage-first heap   total 128000K, used 68045K [0x0000000080000000, 0x0000000100000000)
  region size 1024K, 4 young (4096K), 4 survivors (4096K)
 Metaspace       used 81462K, committed 82048K, reserved 1122304K
  class space    used 11110K, committed 11392K, reserved 1048576K
}
Event: 11.762 GC heap before
{Heap before GC invocations=32 (full 0):
 garbage-first heap   total 128000K, used 70093K [0x0000000080000000, 0x0000000100000000)
  region size 1024K, 6 young (6144K), 4 survivors (4096K)
 Metaspace       used 81594K, committed 82176K, reserved 1122304K
  class space    used 11134K, committed 11392K, reserved 1048576K
}
Event: 11.766 GC heap after
{Heap after GC invocations=33 (full 0):
 garbage-first heap   total 128000K, used 67876K [0x0000000080000000, 0x0000000100000000)
  region size 1024K, 1 young (1024K), 1 survivors (1024K)
 Metaspace       used 81594K, committed 82176K, reserved 1122304K
  class space    used 11134K, committed 11392K, reserved 1048576K
}
Event: 11.991 GC heap before
{Heap before GC invocations=33 (full 0):
 garbage-first heap   total 128000K, used 102692K [0x0000000080000000, 0x0000000100000000)
  region size 1024K, 35 young (35840K), 1 survivors (1024K)
 Metaspace       used 81933K, committed 82560K, reserved 1122304K
  class space    used 11167K, committed 11456K, reserved 1048576K
}

Dll operation events (2 events):
Event: 0.015 Loaded shared library C:\Program Files\Android\Android Studio\jbr\bin\java.dll
Event: 0.483 Loaded shared library C:\Program Files\Android\Android Studio\jbr\bin\verify.dll

Deoptimization events (20 events):
Event: 11.639 Thread 0x000001caab9489a0 DEOPT PACKING pc=0x000001ca9937c26c sp=0x000000ac598f8bf0
Event: 11.639 Thread 0x000001caab9489a0 DEOPT UNPACKING pc=0x000001ca98b369a3 sp=0x000000ac598f8b08 mode 2
Event: 11.639 Thread 0x000001caab9489a0 Uncommon trap: trap_request=0xffffff45 fr.pc=0x000001ca990e8f60 relative=0x0000000000000700
Event: 11.639 Thread 0x000001caab9489a0 Uncommon trap: reason=unstable_if action=reinterpret pc=0x000001ca990e8f60 method=java.util.HashMap.putVal(ILjava/lang/Object;Ljava/lang/Object;ZZ)Ljava/lang/Object; @ 109 c2
Event: 11.639 Thread 0x000001caab9489a0 DEOPT PACKING pc=0x000001ca990e8f60 sp=0x000000ac598f8b40
Event: 11.639 Thread 0x000001caab9489a0 DEOPT UNPACKING pc=0x000001ca98b369a3 sp=0x000000ac598f8af8 mode 2
Event: 11.640 Thread 0x000001caab9489a0 DEOPT PACKING pc=0x000001ca9169bced sp=0x000000ac598f8eb0
Event: 11.640 Thread 0x000001caab9489a0 DEOPT UNPACKING pc=0x000001ca98b37143 sp=0x000000ac598f8478 mode 0
Event: 11.754 Thread 0x000001caab9489a0 Uncommon trap: trap_request=0xffffff45 fr.pc=0x000001ca9937d6b0 relative=0x0000000000000670
Event: 11.754 Thread 0x000001caab9489a0 Uncommon trap: reason=unstable_if action=reinterpret pc=0x000001ca9937d6b0 method=java.util.HashMap$HashIterator.<init>(Ljava/util/HashMap;)V @ 45 c2
Event: 11.754 Thread 0x000001caab9489a0 DEOPT PACKING pc=0x000001ca9937d6b0 sp=0x000000ac598fb910
Event: 11.754 Thread 0x000001caab9489a0 DEOPT UNPACKING pc=0x000001ca98b369a3 sp=0x000000ac598fb7a0 mode 2
Event: 11.827 Thread 0x000001caab9489a0 Uncommon trap: trap_request=0xffffff45 fr.pc=0x000001ca993eaa74 relative=0x00000000000012b4
Event: 11.827 Thread 0x000001caab9489a0 Uncommon trap: reason=unstable_if action=reinterpret pc=0x000001ca993eaa74 method=java.lang.ClassLoader.checkCerts(Ljava/lang/String;Ljava/security/CodeSource;)V @ 30 c2
Event: 11.827 Thread 0x000001caab9489a0 DEOPT PACKING pc=0x000001ca993eaa74 sp=0x000000ac598f74b0
Event: 11.827 Thread 0x000001caab9489a0 DEOPT UNPACKING pc=0x000001ca98b369a3 sp=0x000000ac598f7428 mode 2
Event: 11.827 Thread 0x000001caab9489a0 Uncommon trap: trap_request=0xffffff45 fr.pc=0x000001ca9933c99c relative=0x0000000000000b1c
Event: 11.827 Thread 0x000001caab9489a0 Uncommon trap: reason=unstable_if action=reinterpret pc=0x000001ca9933c99c method=java.lang.ClassLoader.loadClass(Ljava/lang/String;Z)Ljava/lang/Class; @ 29 c2
Event: 11.827 Thread 0x000001caab9489a0 DEOPT PACKING pc=0x000001ca9933c99c sp=0x000000ac598f35a0
Event: 11.827 Thread 0x000001caab9489a0 DEOPT UNPACKING pc=0x000001ca98b369a3 sp=0x000000ac598f3568 mode 2

Classes unloaded (0 events):
No events

Classes redefined (0 events):
No events

Internal exceptions (20 events):
Event: 11.965 Thread 0x000001caab9489a0 Exception <a 'java/lang/ClassNotFoundException'{0x0000000085edb2b8}: com/android/build/gradle/internal/tasks/MergeJavaResourceTask_DecoratedBeanInfo> (0x0000000085edb2b8) 
thrown [s\src\hotspot\share\classfile\systemDictionary.cpp, line 256]
Event: 11.965 Thread 0x000001caab9489a0 Exception <a 'java/lang/ClassNotFoundException'{0x0000000085ee6ec0}: com/android/build/gradle/internal/tasks/MergeJavaResourceTaskBeanInfo> (0x0000000085ee6ec0) 
thrown [s\src\hotspot\share\classfile\systemDictionary.cpp, line 256]
Event: 11.965 Thread 0x000001caab9489a0 Exception <a 'java/lang/ClassNotFoundException'{0x0000000085ef2858}: com/android/build/gradle/internal/tasks/MergeJavaResourceTaskCustomizer> (0x0000000085ef2858) 
thrown [s\src\hotspot\share\classfile\systemDictionary.cpp, line 256]
Event: 11.966 Thread 0x000001caab9489a0 Exception <a 'java/lang/ClassNotFoundException'{0x0000000085d22388}: com/android/build/gradle/internal/tasks/MergeJavaResourceTask_DecoratedCustomizer> (0x0000000085d22388) 
thrown [s\src\hotspot\share\classfile\systemDictionary.cpp, line 256]
Event: 11.970 Thread 0x000001caab9489a0 Exception <a 'java/lang/ClassNotFoundException'{0x0000000085dc88b0}: com/android/build/gradle/internal/tasks/CheckDuplicateClassesTask_DecoratedBeanInfo> (0x0000000085dc88b0) 
thrown [s\src\hotspot\share\classfile\systemDictionary.cpp, line 256]
Event: 11.970 Thread 0x000001caab9489a0 Exception <a 'java/lang/ClassNotFoundException'{0x0000000085dd4588}: com/android/build/gradle/internal/tasks/CheckDuplicateClassesTaskBeanInfo> (0x0000000085dd4588) 
thrown [s\src\hotspot\share\classfile\systemDictionary.cpp, line 256]
Event: 11.970 Thread 0x000001caab9489a0 Exception <a 'java/lang/ClassNotFoundException'{0x0000000085ddff98}: com/android/build/gradle/internal/tasks/CheckDuplicateClassesTaskCustomizer> (0x0000000085ddff98) 
thrown [s\src\hotspot\share\classfile\systemDictionary.cpp, line 256]
Event: 11.971 Thread 0x000001caab9489a0 Exception <a 'java/lang/ClassNotFoundException'{0x0000000085dfd8b8}: com/android/build/gradle/internal/tasks/CheckDuplicateClassesTask_DecoratedCustomizer> (0x0000000085dfd8b8) 
thrown [s\src\hotspot\share\classfile\systemDictionary.cpp, line 256]
Event: 11.975 Thread 0x000001caab9489a0 Exception <a 'java/lang/ClassNotFoundException'{0x0000000085c9ae20}: com/android/build/gradle/internal/tasks/DexFileDependenciesTask_DecoratedBeanInfo> (0x0000000085c9ae20) 
thrown [s\src\hotspot\share\classfile\systemDictionary.cpp, line 256]
Event: 11.976 Thread 0x000001caab9489a0 Exception <a 'java/lang/ClassNotFoundException'{0x0000000085ca6aa0}: com/android/build/gradle/internal/tasks/DexFileDependenciesTaskBeanInfo> (0x0000000085ca6aa0) 
thrown [s\src\hotspot\share\classfile\systemDictionary.cpp, line 256]
Event: 11.977 Thread 0x000001caab9489a0 Exception <a 'java/lang/ClassNotFoundException'{0x0000000085cb2490}: com/android/build/gradle/internal/tasks/DexFileDependenciesTaskCustomizer> (0x0000000085cb2490) 
thrown [s\src\hotspot\share\classfile\systemDictionary.cpp, line 256]
Event: 11.978 Thread 0x000001caab9489a0 Exception <a 'java/lang/ClassNotFoundException'{0x0000000085cda708}: com/android/build/gradle/internal/tasks/DexFileDependenciesTask_DecoratedCustomizer> (0x0000000085cda708) 
thrown [s\src\hotspot\share\classfile\systemDictionary.cpp, line 256]
Event: 11.983 Thread 0x000001caab9489a0 Exception <a 'java/lang/ClassNotFoundException'{0x0000000085b856a8}: com/android/build/gradle/internal/tasks/DexMergingTask_DecoratedBeanInfo> (0x0000000085b856a8) 
thrown [s\src\hotspot\share\classfile\systemDictionary.cpp, line 256]
Event: 11.983 Thread 0x000001caab9489a0 Exception <a 'java/lang/ClassNotFoundException'{0x0000000085b911d8}: com/android/build/gradle/internal/tasks/DexMergingTaskBeanInfo> (0x0000000085b911d8) 
thrown [s\src\hotspot\share\classfile\systemDictionary.cpp, line 256]
Event: 11.983 Thread 0x000001caab9489a0 Exception <a 'java/lang/ClassNotFoundException'{0x0000000085b9ca88}: com/android/build/gradle/internal/tasks/DexMergingTaskCustomizer> (0x0000000085b9ca88) 
thrown [s\src\hotspot\share\classfile\systemDictionary.cpp, line 256]
Event: 11.984 Thread 0x000001caab9489a0 Exception <a 'java/lang/ClassNotFoundException'{0x0000000085bc4278}: com/android/build/gradle/internal/tasks/DexMergingTask_DecoratedCustomizer> (0x0000000085bc4278) 
thrown [s\src\hotspot\share\classfile\systemDictionary.cpp, line 256]
Event: 11.988 Thread 0x000001caab9489a0 Exception <a 'java/lang/ClassNotFoundException'{0x0000000085a728d0}: com/android/build/gradle/internal/tasks/DexArchiveBuilderTask_DecoratedBeanInfo> (0x0000000085a728d0) 
thrown [s\src\hotspot\share\classfile\systemDictionary.cpp, line 256]
Event: 11.988 Thread 0x000001caab9489a0 Exception <a 'java/lang/ClassNotFoundException'{0x0000000085a7e4d8}: com/android/build/gradle/internal/tasks/DexArchiveBuilderTaskBeanInfo> (0x0000000085a7e4d8) 
thrown [s\src\hotspot\share\classfile\systemDictionary.cpp, line 256]
Event: 11.989 Thread 0x000001caab9489a0 Exception <a 'java/lang/ClassNotFoundException'{0x0000000085a8a0e0}: com/android/build/gradle/internal/tasks/DexArchiveBuilderTaskCustomizer> (0x0000000085a8a0e0) 
thrown [s\src\hotspot\share\classfile\systemDictionary.cpp, line 256]
Event: 11.990 Thread 0x000001caab9489a0 Exception <a 'java/lang/ClassNotFoundException'{0x0000000085ab9bd0}: com/android/build/gradle/internal/tasks/DexArchiveBuilderTask_DecoratedCustomizer> (0x0000000085ab9bd0) 
thrown [s\src\hotspot\share\classfile\systemDictionary.cpp, line 256]

VM Operations (20 events):
Event: 11.239 Executing VM operation: G1Concurrent done
Event: 11.240 Executing VM operation: HandshakeAllThreads
Event: 11.241 Executing VM operation: HandshakeAllThreads done
Event: 11.248 Executing VM operation: HandshakeAllThreads
Event: 11.248 Executing VM operation: HandshakeAllThreads done
Event: 11.417 Executing VM operation: HandshakeAllThreads
Event: 11.417 Executing VM operation: HandshakeAllThreads done
Event: 11.476 Executing VM operation: HandshakeAllThreads
Event: 11.476 Executing VM operation: HandshakeAllThreads done
Event: 11.572 Executing VM operation: HandshakeAllThreads
Event: 11.572 Executing VM operation: HandshakeAllThreads done
Event: 11.602 Executing VM operation: ICBufferFull
Event: 11.602 Executing VM operation: ICBufferFull done
Event: 11.735 Executing VM operation: G1CollectForAllocation
Event: 11.743 Executing VM operation: G1CollectForAllocation done
Event: 11.761 Executing VM operation: G1CollectForAllocation
Event: 11.766 Executing VM operation: G1CollectForAllocation done
Event: 11.773 Executing VM operation: HandshakeAllThreads
Event: 11.773 Executing VM operation: HandshakeAllThreads done
Event: 11.991 Executing VM operation: G1CollectForAllocation

Events (20 events):
Event: 11.460 loading class java/util/EnumMap$EnumMapIterator done
Event: 11.460 loading class java/util/EnumMap$EntryIterator done
Event: 11.460 loading class java/util/EnumMap$EntryIterator$Entry
Event: 11.460 loading class java/util/EnumMap$EntryIterator$Entry done
Event: 11.472 loading class jdk/internal/reflect/UnsafeBooleanFieldAccessorImpl
Event: 11.472 loading class jdk/internal/reflect/UnsafeBooleanFieldAccessorImpl done
Event: 11.744 loading class java/util/IdentityHashMap$KeyIterator
Event: 11.744 loading class java/util/IdentityHashMap$IdentityHashMapIterator
Event: 11.744 loading class java/util/IdentityHashMap$IdentityHashMapIterator done
Event: 11.744 loading class java/util/IdentityHashMap$KeyIterator done
Event: 11.821 loading class java/lang/ClassBeanInfo
Event: 11.821 loading class java/lang/ClassBeanInfo done
Event: 11.822 loading class java/lang/ClassBeanInfo
Event: 11.822 loading class java/lang/ClassBeanInfo done
Event: 11.822 loading class java/lang/ClassCustomizer
Event: 11.822 loading class java/lang/ClassCustomizer done
Event: 11.822 loading class java/lang/ClassCustomizer
Event: 11.822 loading class java/lang/ClassCustomizer done
Event: 11.959 loading class java/io/FilterReader
Event: 11.959 loading class java/io/FilterReader done


Dynamic libraries:
0x00007ff6399f0000 - 0x00007ff6399fa000 	C:\Program Files\Android\Android Studio\jbr\bin\java.exe
0x00007ffb18890000 - 0x00007ffb18a88000 	C:\WINDOWS\SYSTEM32\ntdll.dll
0x00007ffb17aa0000 - 0x00007ffb17b5d000 	C:\WINDOWS\System32\KERNEL32.DLL
0x00007ffb16430000 - 0x00007ffb16726000 	C:\WINDOWS\System32\KERNELBASE.dll
0x00007ffb16330000 - 0x00007ffb16430000 	C:\WINDOWS\System32\ucrtbase.dll
0x00007ffaef3d0000 - 0x00007ffaef3e7000 	C:\Program Files\Android\Android Studio\jbr\bin\jli.dll
0x00007ffb0e9c0000 - 0x00007ffb0e9db000 	C:\Program Files\Android\Android Studio\jbr\bin\VCRUNTIME140.dll
0x00007ffb18240000 - 0x00007ffb183de000 	C:\WINDOWS\System32\USER32.dll
0x00007ffb16300000 - 0x00007ffb16322000 	C:\WINDOWS\System32\win32u.dll
0x00007ffb18400000 - 0x00007ffb1842c000 	C:\WINDOWS\System32\GDI32.dll
0x00007ffb161e0000 - 0x00007ffb162fa000 	C:\WINDOWS\System32\gdi32full.dll
0x00007ffafb390000 - 0x00007ffafb62a000 	C:\WINDOWS\WinSxS\amd64_microsoft.windows.common-controls_6595b64144ccf1df_6.0.19041.3636_none_60b6a03d71f818d5\COMCTL32.dll
0x00007ffb15fe0000 - 0x00007ffb1607d000 	C:\WINDOWS\System32\msvcp_win.dll
0x00007ffb184e0000 - 0x00007ffb1857e000 	C:\WINDOWS\System32\msvcrt.dll
0x00007ffb18160000 - 0x00007ffb18190000 	C:\WINDOWS\System32\IMM32.DLL
0x00007ffb10970000 - 0x00007ffb1097c000 	C:\Program Files\Android\Android Studio\jbr\bin\vcruntime140_1.dll
0x00007ffb05310000 - 0x00007ffb0539d000 	C:\Program Files\Android\Android Studio\jbr\bin\msvcp140.dll
0x00007ffac4fb0000 - 0x00007ffac5c1e000 	C:\Program Files\Android\Android Studio\jbr\bin\server\jvm.dll
0x00007ffb18430000 - 0x00007ffb184df000 	C:\WINDOWS\System32\ADVAPI32.dll
0x00007ffb18190000 - 0x00007ffb1822c000 	C:\WINDOWS\System32\sechost.dll
0x00007ffb185e0000 - 0x00007ffb18706000 	C:\WINDOWS\System32\RPCRT4.dll
0x00007ffb0e040000 - 0x00007ffb0e04a000 	C:\WINDOWS\SYSTEM32\VERSION.dll
0x00007ffafbb70000 - 0x00007ffafbb97000 	C:\WINDOWS\SYSTEM32\WINMM.dll
0x00007ffb109c0000 - 0x00007ffb109c9000 	C:\WINDOWS\SYSTEM32\WSOCK32.dll
0x00007ffb18710000 - 0x00007ffb1877b000 	C:\WINDOWS\System32\WS2_32.dll
0x00007ffb14780000 - 0x00007ffb14792000 	C:\WINDOWS\SYSTEM32\kernel.appcore.dll
0x00007ffb082b0000 - 0x00007ffb082ba000 	C:\Program Files\Android\Android Studio\jbr\bin\jimage.dll
0x00007ffb13d00000 - 0x00007ffb13ee4000 	C:\WINDOWS\SYSTEM32\DBGHELP.DLL
0x00007ffb0d180000 - 0x00007ffb0d1b4000 	C:\WINDOWS\SYSTEM32\dbgcore.DLL
0x00007ffb16830000 - 0x00007ffb168b2000 	C:\WINDOWS\System32\bcryptPrimitives.dll
0x00007ffaf4460000 - 0x00007ffaf4485000 	C:\Program Files\Android\Android Studio\jbr\bin\java.dll
0x00007ffaf9990000 - 0x00007ffaf99a8000 	C:\Program Files\Android\Android Studio\jbr\bin\zip.dll
0x00007ffb168f0000 - 0x00007ffb17034000 	C:\WINDOWS\System32\SHELL32.dll
0x00007ffb13f10000 - 0x00007ffb146ab000 	C:\WINDOWS\SYSTEM32\windows.storage.dll
0x00007ffb17740000 - 0x00007ffb17a94000 	C:\WINDOWS\System32\combase.dll
0x00007ffb158e0000 - 0x00007ffb1590d000 	C:\WINDOWS\SYSTEM32\Wldp.dll
0x00007ffb17b60000 - 0x00007ffb17c0d000 	C:\WINDOWS\System32\SHCORE.dll
0x00007ffb17040000 - 0x00007ffb17095000 	C:\WINDOWS\System32\shlwapi.dll
0x00007ffb15ea0000 - 0x00007ffb15ec5000 	C:\WINDOWS\SYSTEM32\profapi.dll
0x00007ffaf42e0000 - 0x00007ffaf42f9000 	C:\Program Files\Android\Android Studio\jbr\bin\net.dll
0x00007ffb0bf40000 - 0x00007ffb0c04a000 	C:\WINDOWS\SYSTEM32\WINHTTP.dll
0x00007ffb15640000 - 0x00007ffb156aa000 	C:\WINDOWS\system32\mswsock.dll
0x00007ffaf3be0000 - 0x00007ffaf3bf6000 	C:\Program Files\Android\Android Studio\jbr\bin\nio.dll
0x00007ffb081f0000 - 0x00007ffb08200000 	C:\Program Files\Android\Android Studio\jbr\bin\verify.dll
0x00007ffaf99b0000 - 0x00007ffaf99d7000 	C:\Users\jupi0\.gradle\native\68d5fa5c4cc2d200863cafc0d521ce42e7d3e7ee720ec0a83991735586a16f82\windows-amd64\native-platform.dll
0x00007ffaeb8d0000 - 0x00007ffaeba14000 	C:\Users\jupi0\.gradle\native\e376f236ea51e6404a007f0833ffe2c6e607c4080706a723a18a27aeea778392\windows-amd64\native-platform-file-events.dll
0x00007ffb03310000 - 0x00007ffb03319000 	C:\Program Files\Android\Android Studio\jbr\bin\management.dll
0x00007ffafd5f0000 - 0x00007ffafd5fb000 	C:\Program Files\Android\Android Studio\jbr\bin\management_ext.dll
0x00007ffb17c10000 - 0x00007ffb17c18000 	C:\WINDOWS\System32\PSAPI.DLL
0x00007ffb15830000 - 0x00007ffb15848000 	C:\WINDOWS\SYSTEM32\CRYPTSP.dll
0x00007ffb14f30000 - 0x00007ffb14f64000 	C:\WINDOWS\system32\rsaenh.dll
0x00007ffb168c0000 - 0x00007ffb168e7000 	C:\WINDOWS\System32\bcrypt.dll
0x00007ffb15e60000 - 0x00007ffb15e8e000 	C:\WINDOWS\SYSTEM32\USERENV.dll
0x00007ffb15850000 - 0x00007ffb1585c000 	C:\WINDOWS\SYSTEM32\CRYPTBASE.dll
0x00007ffb15330000 - 0x00007ffb1536b000 	C:\WINDOWS\SYSTEM32\IPHLPAPI.DLL
0x00007ffb18230000 - 0x00007ffb18238000 	C:\WINDOWS\System32\NSI.dll
0x00007ffb0b960000 - 0x00007ffb0b977000 	C:\WINDOWS\SYSTEM32\dhcpcsvc6.DLL
0x00007ffb0dcb0000 - 0x00007ffb0dccd000 	C:\WINDOWS\SYSTEM32\dhcpcsvc.DLL
0x00007ffb15370000 - 0x00007ffb1543a000 	C:\WINDOWS\SYSTEM32\DNSAPI.dll
0x00007ffafd050000 - 0x00007ffafd057000 	C:\WINDOWS\system32\wshunix.dll

dbghelp: loaded successfully - version: 4.0.5 - missing functions: none
symbol engine: initialized successfully - sym options: 0x614 - pdb path: .;C:\Program Files\Android\Android Studio\jbr\bin;C:\WINDOWS\SYSTEM32;C:\WINDOWS\WinSxS\amd64_microsoft.windows.common-controls_6595b64144ccf1df_6.0.19041.3636_none_60b6a03d71f818d5;C:\Program Files\Android\Android Studio\jbr\bin\server;C:\Users\jupi0\.gradle\native\68d5fa5c4cc2d200863cafc0d521ce42e7d3e7ee720ec0a83991735586a16f82\windows-amd64;C:\Users\jupi0\.gradle\native\e376f236ea51e6404a007f0833ffe2c6e607c4080706a723a18a27aeea778392\windows-amd64

VM Arguments:
jvm_args: --add-opens=java.base/java.util=ALL-UNNAMED --add-opens=java.base/java.lang=ALL-UNNAMED --add-opens=java.base/java.lang.invoke=ALL-UNNAMED --add-opens=java.prefs/java.util.prefs=ALL-UNNAMED --add-opens=java.base/java.nio.charset=ALL-UNNAMED --add-opens=java.base/java.net=ALL-UNNAMED --add-opens=java.base/java.util.concurrent.atomic=ALL-UNNAMED -Xmx2048m -Dfile.encoding=UTF-8 -Duser.country=KR -Duser.language=ko -Duser.variant 
java_command: org.gradle.launcher.daemon.bootstrap.GradleDaemon 8.0
java_class_path (initial): C:\Users\jupi0\.gradle\wrapper\dists\gradle-8.0-bin\ca5e32bp14vu59qr306oxotwh\gradle-8.0\lib\gradle-launcher-8.0.jar
Launcher Type: SUN_STANDARD

[Global flags]
     intx CICompilerCount                          = 4                                         {product} {ergonomic}
     uint ConcGCThreads                            = 2                                         {product} {ergonomic}
     uint G1ConcRefinementThreads                  = 8                                         {product} {ergonomic}
   size_t G1HeapRegionSize                         = 1048576                                   {product} {ergonomic}
    uintx GCDrainStackTargetSize                   = 64                                        {product} {ergonomic}
   size_t InitialHeapSize                          = 134217728                                 {product} {ergonomic}
   size_t MarkStackSize                            = 4194304                                   {product} {ergonomic}
   size_t MaxHeapSize                              = 2147483648                                {product} {command line}
   size_t MaxNewSize                               = 1287651328                                {product} {ergonomic}
   size_t MinHeapDeltaBytes                        = 1048576                                   {product} {ergonomic}
   size_t MinHeapSize                              = 8388608                                   {product} {ergonomic}
    uintx NonNMethodCodeHeapSize                   = 5839372                                {pd product} {ergonomic}
    uintx NonProfiledCodeHeapSize                  = 122909434                              {pd product} {ergonomic}
    uintx ProfiledCodeHeapSize                     = 122909434                              {pd product} {ergonomic}
    uintx ReservedCodeCacheSize                    = 251658240                              {pd product} {ergonomic}
     bool SegmentedCodeCache                       = true                                      {product} {ergonomic}
   size_t SoftMaxHeapSize                          = 2147483648                             {manageable} {ergonomic}
     bool UseCompressedClassPointers               = true                           {product lp64_product} {ergonomic}
     bool UseCompressedOops                        = true                           {product lp64_product} {ergonomic}
     bool UseG1GC                                  = true                                      {product} {ergonomic}
     bool UseLargePagesIndividualAllocation        = false                                  {pd product} {ergonomic}

Logging:
Log output configuration:
 #0: stdout all=warning uptime,level,tags
 #1: stderr all=off uptime,level,tags

Environment Variables:
JAVA_HOME=C:\Program Files\Java\jdk1.8.0_161
PATH=C:\Program Files\Common Files\Oracle\Java\javapath;C:\Program Files (x86)\Intel\iCLS Client\;C:\Program Files\Intel\iCLS Client\;C:\ProgramData\Oracle\Java\javapath;C:\WINDOWS\system32;C:\WINDOWS;C:\WINDOWS\System32\Wbem;C:\WINDOWS\System32\WindowsPowerShell\v1.0\;C:\Program Files (x86)\Windows Live\Shared;C:\Program Files\Java\jdk1.8.0_161\bin;;C:\Program Files (x86)\Common Files\Teruten\DSFilter;C:\WINDOWS\System32\OpenSSH\;C:\Program Files (x86)\Intel\Intel(R) Management Engine Components\DAL;C:\Program Files\Intel\Intel(R) Management Engine Components\DAL;C:\Program Files (x86)\Intel\Intel(R) Management Engine Components\IPT;C:\Program Files\Intel\Intel(R) Management Engine Components\IPT;C:\Program Files (x86)\NVIDIA Corporation\PhysX\Common;C:\WINDOWS\system32;C:\WINDOWS;C:\WINDOWS\System32\Wbem;C:\WINDOWS\System32\WindowsPowerShell\v1.0\;C:\WINDOWS\System32\OpenSSH\;C:\Program Files\NVIDIA Corporation\NVIDIA NvDLISR;C:\Users\jupi0\AppData\Local\Programs\Python\Python38\Scripts\;C:\Users\jupi0\AppData\Local\Programs\Python\Python38\;C:\Users\jupi0\AppData\Local\Programs\Python\Python36\Scripts\;C:\Users\jupi0\AppData\Local\Programs\Python\Python36\;C:\Python36;C:\Users\jupi0\AppData\Local\Microsoft\WindowsApps;C:\Program Files\Bandizip\;;C:\Users\jupi0\AppData\Local\Programs\Microsoft VS Code\bin;C:\Program Files\JetBrains\PyCharm Community Edition 2023.2.1\bin;
USERNAME=jupi0
OS=Windows_NT
PROCESSOR_IDENTIFIER=Intel64 Family 6 Model 158 Stepping 9, GenuineIntel
TMP=C:\Users\jupi0\AppData\Local\Temp
TEMP=C:\Users\jupi0\AppData\Local\Temp


JNI global refs:
JNI global refs: 26, weak refs: 4

JNI global refs memory usage: 843, weak refs: 841


---------------  S Y S T E M  ---------------

OS:
 Windows 10 , 64 bit Build 19041 (10.0.19041.3636)
OS uptime: 14 days 22:01 hours
Hyper-V role detected

CPU: total 8 (initial active 8) (4 cores per cpu, 2 threads per core) family 6 model 158 stepping 9 microcode 0xb4, cx8, cmov, fxsr, ht, mmx, 3dnowpref, sse, sse2, sse3, ssse3, sse4.1, sse4.2, popcnt, lzcnt, tsc, tscinvbit, avx, avx2, aes, erms, clmul, bmi1, bmi2, adx, fma, vzeroupper, clflush, clflushopt, hv

Memory: 4k page, system-wide physical 8084M (475M free)
TotalPageFile size 30858M (AvailPageFile size 16M)
current process WorkingSet (physical memory assigned to process): 348M, peak: 354M
current process commit charge ("private bytes"): 387M, peak: 467M

vm_info: OpenJDK 64-Bit Server VM (17.0.6+0-b2043.56-10027231) for windows-amd64 JRE (17.0.6+0-b2043.56-10027231), built on Apr 28 2023 00:43:19 by "androidbuild" with MS VC++ 16.10 / 16.11 (VS2019)

END.
