#
# There is insufficient memory for the Java Runtime Environment to continue.
# Native memory allocation (mmap) failed to map 490733568 bytes for G1 virtual space
# Possible reasons:
#   The system is out of physical RAM or swap space
#   The process is running with CompressedOops enabled, and the Java Heap may be blocking the growth of the native heap
# Possible solutions:
#   Reduce memory load on the system
#   Increase physical memory or swap space
#   Check if swap backing store is full
#   Decrease Java heap size (-Xmx/-Xms)
#   Decrease number of Java threads
#   Decrease Java thread stack sizes (-Xss)
#   Set larger code cache with -XX:ReservedCodeCacheSize=
#   JVM is running with Unscaled Compressed Oops mode in which the Java heap is
#     placed in the first 4GB address space. The Java Heap base address is the
#     maximum limit for the native heap growth. Please use -XX:HeapBaseMinAddress
#     to set the Java Heap base and to place the Java Heap above 4GB virtual address.
# This output file may be truncated or incomplete.
#
#  Out of Memory Error (os_windows.cpp:3769), pid=10424, tid=10596
#
# JRE version: OpenJDK Runtime Environment (17.0.6) (build 17.0.6+0-b2043.56-10027231)
# Java VM: OpenJDK 64-Bit Server VM (17.0.6+0-b2043.56-10027231, mixed mode, tiered, compressed oops, compressed class ptrs, g1 gc, windows-amd64)
# No core dump will be written. Minidumps are not enabled by default on client versions of Windows
#

---------------  S U M M A R Y ------------

Command Line: --add-opens=java.base/java.util=ALL-UNNAMED --add-opens=java.base/java.lang=ALL-UNNAMED --add-opens=java.base/java.lang.invoke=ALL-UNNAMED --add-opens=java.prefs/java.util.prefs=ALL-UNNAMED --add-opens=java.base/java.nio.charset=ALL-UNNAMED --add-opens=java.base/java.net=ALL-UNNAMED --add-opens=java.base/java.util.concurrent.atomic=ALL-UNNAMED -Xmx2048m -Dfile.encoding=UTF-8 -Duser.country=KR -Duser.language=ko -Duser.variant org.gradle.launcher.daemon.bootstrap.GradleDaemon 8.0

Host: Intel(R) Core(TM) i7-7700HQ CPU @ 2.80GHz, 8 cores, 7G,  Windows 10 , 64 bit Build 19041 (10.0.19041.3636)
Time: Wed Dec 13 12:21:54 2023  Windows 10 , 64 bit Build 19041 (10.0.19041.3636) elapsed time: 17.975708 seconds (0d 0h 0m 17s)

---------------  T H R E A D  ---------------

Current thread (0x0000020ddff4fc50):  VMThread "VM Thread" [stack: 0x000000cd38b00000,0x000000cd38c00000] [id=10596]

Stack: [0x000000cd38b00000,0x000000cd38c00000]
Native frames: (J=compiled Java code, j=interpreted, Vv=VM code, C=native code)
V  [jvm.dll+0x683c9a]
V  [jvm.dll+0x8427a4]
V  [jvm.dll+0x843f9e]
V  [jvm.dll+0x844603]
V  [jvm.dll+0x249b75]
V  [jvm.dll+0x680b69]
V  [jvm.dll+0x67505a]
V  [jvm.dll+0x309acb]
V  [jvm.dll+0x310f86]
V  [jvm.dll+0x3608ee]
V  [jvm.dll+0x360b1f]
V  [jvm.dll+0x2dfbf8]
V  [jvm.dll+0x2ddec4]
V  [jvm.dll+0x2dd4cc]
V  [jvm.dll+0x321f3b]
V  [jvm.dll+0x848ccb]
V  [jvm.dll+0x849a04]
V  [jvm.dll+0x849f1d]
V  [jvm.dll+0x84a2f4]
V  [jvm.dll+0x84a3c0]
V  [jvm.dll+0x7f274a]
V  [jvm.dll+0x682ad5]
C  [ucrtbase.dll+0x21bb2]
C  [KERNEL32.DLL+0x17344]
C  [ntdll.dll+0x526b1]

VM_Operation (0x000000cd427feb00): G1CollectForAllocation, mode: safepoint, requested by thread 0x0000020de20dab30


---------------  P R O C E S S  ---------------

Threads class SMR info:
_java_thread_list=0x0000020de3b98c50, length=150, elements={
0x0000020dc60fbf50, 0x0000020ddff74620, 0x0000020ddff754e0, 0x0000020de089c080,
0x0000020de089ea50, 0x0000020de08b9a00, 0x0000020de08bc2d0, 0x0000020de08c03c0,
0x0000020de08c0cc0, 0x0000020de08c39c0, 0x0000020de0a44cc0, 0x0000020de0a71490,
0x0000020de3626710, 0x0000020de1f66c50, 0x0000020de0c65550, 0x0000020de1eeb940,
0x0000020de3a15780, 0x0000020de3a15c50, 0x0000020de1eeb350, 0x0000020de2011e60,
0x0000020de218ec20, 0x0000020de218ff60, 0x0000020de2190900, 0x0000020de218ddb0,
0x0000020de218e280, 0x0000020de218d8e0, 0x0000020de218e750, 0x0000020de218d410,
0x0000020de218f0f0, 0x0000020de2190430, 0x0000020de218f5c0, 0x0000020de218fa90,
0x0000020de2190dd0, 0x0000020de4aab490, 0x0000020de4aacca0, 0x0000020de4aaa150,
0x0000020de4aadb10, 0x0000020de4aac300, 0x0000020de4ab0660, 0x0000020de4aac7d0,
0x0000020de4aa9c80, 0x0000020de4aabe30, 0x0000020de4aad640, 0x0000020de4aadfe0,
0x0000020de4aaa620, 0x0000020de4aaf320, 0x0000020de4aae4b0, 0x0000020de4aaafc0,
0x0000020de4aaee50, 0x0000020de4ab0b30, 0x0000020de4ab1000, 0x0000020de4aaaaf0,
0x0000020de184aa80, 0x0000020de18470c0, 0x0000020de18440a0, 0x0000020de1848da0,
0x0000020de1845d80, 0x0000020de18488d0, 0x0000020de18453e0, 0x0000020de1848400,
0x0000020de1843bd0, 0x0000020de1849270, 0x0000020de184a0e0, 0x0000020de1849740,
0x0000020de1847590, 0x0000020de1843230, 0x0000020de1844570, 0x0000020de1843700,
0x0000020de1847a60, 0x0000020de18458b0, 0x0000020de1844f10, 0x0000020de184a5b0,
0x0000020de1846250, 0x0000020de1844a40, 0x0000020de1846720, 0x0000020de1849c10,
0x0000020de1846bf0, 0x0000020de1847f30, 0x0000020de0f6bac0, 0x0000020de0f69910,
0x0000020de0f6bf90, 0x0000020de0f6a780, 0x0000020de0f6efb0, 0x0000020de0f69de0,
0x0000020de0f67c30, 0x0000020de0f6b5f0, 0x0000020de0f68100, 0x0000020de0f6d2d0,
0x0000020de0f685d0, 0x0000020de0f68aa0, 0x0000020de0f6c460, 0x0000020de0f6eae0,
0x0000020de0f6d7a0, 0x0000020de0f6dc70, 0x0000020de0f6f480, 0x0000020de0f68f70,
0x0000020de0f69440, 0x0000020de0f6a2b0, 0x0000020de0f6ac50, 0x0000020de0f6c930,
0x0000020de0f6e140, 0x0000020de0f6ce00, 0x0000020de0f6b120, 0x0000020de0f6e610,
0x0000020de4e7b960, 0x0000020de4e78e10, 0x0000020de4e7afc0, 0x0000020de4e77fa0,
0x0000020de4e7aaf0, 0x0000020de4e792e0, 0x0000020de4e77600, 0x0000020de4e7c300,
0x0000020de4e75920, 0x0000020de4e7b490, 0x0000020de4e75df0, 0x0000020de4e7be30,
0x0000020de4e762c0, 0x0000020de4e77ad0, 0x0000020de4e797b0, 0x0000020de4e79c80,
0x0000020de4e7c7d0, 0x0000020de4e74f80, 0x0000020de4e75450, 0x0000020de4e76790,
0x0000020de4e76c60, 0x0000020de4e78470, 0x0000020de4e7a620, 0x0000020de4aaf7f0,
0x0000020de44b7400, 0x0000020de44b60c0, 0x0000020de44b5720, 0x0000020de44b6590,
0x0000020de44ba8f0, 0x0000020de44b8270, 0x0000020de44b8740, 0x0000020de3be7080,
0x0000020de3be7550, 0x0000020de302c0b0, 0x0000020de302c580, 0x0000020de9a21f60,
0x0000020de9a22430, 0x0000020de9a22900, 0x0000020de6720cf0, 0x0000020de3be83c0,
0x0000020de9a215c0, 0x0000020de44bbc30, 0x0000020de20dab30, 0x0000020de9a22dd0,
0x0000020de95f0050, 0x0000020de9a21a90
}

Java Threads: ( => current thread )
  0x0000020dc60fbf50 JavaThread "main" [_thread_blocked, id=17484, stack(0x000000cd38500000,0x000000cd38600000)]
  0x0000020ddff74620 JavaThread "Reference Handler" daemon [_thread_blocked, id=11740, stack(0x000000cd38c00000,0x000000cd38d00000)]
  0x0000020ddff754e0 JavaThread "Finalizer" daemon [_thread_blocked, id=23208, stack(0x000000cd38d00000,0x000000cd38e00000)]
  0x0000020de089c080 JavaThread "Signal Dispatcher" daemon [_thread_blocked, id=22228, stack(0x000000cd38e00000,0x000000cd38f00000)]
  0x0000020de089ea50 JavaThread "Attach Listener" daemon [_thread_blocked, id=10372, stack(0x000000cd38f00000,0x000000cd39000000)]
  0x0000020de08b9a00 JavaThread "Service Thread" daemon [_thread_blocked, id=19472, stack(0x000000cd39000000,0x000000cd39100000)]
  0x0000020de08bc2d0 JavaThread "Monitor Deflation Thread" daemon [_thread_blocked, id=16196, stack(0x000000cd39100000,0x000000cd39200000)]
  0x0000020de08c03c0 JavaThread "C2 CompilerThread0" daemon [_thread_blocked, id=21628, stack(0x000000cd39200000,0x000000cd39300000)]
  0x0000020de08c0cc0 JavaThread "C1 CompilerThread0" daemon [_thread_blocked, id=19244, stack(0x000000cd39300000,0x000000cd39400000)]
  0x0000020de08c39c0 JavaThread "Sweeper thread" daemon [_thread_blocked, id=10304, stack(0x000000cd39400000,0x000000cd39500000)]
  0x0000020de0a44cc0 JavaThread "Common-Cleaner" daemon [_thread_blocked, id=14912, stack(0x000000cd39500000,0x000000cd39600000)]
  0x0000020de0a71490 JavaThread "Notification Thread" daemon [_thread_blocked, id=13716, stack(0x000000cd39600000,0x000000cd39700000)]
  0x0000020de3626710 JavaThread "Daemon health stats" [_thread_blocked, id=8516, stack(0x000000cd39e00000,0x000000cd39f00000)]
  0x0000020de1f66c50 JavaThread "Incoming local TCP Connector on port 10795" [_thread_in_native, id=15080, stack(0x000000cd39800000,0x000000cd39900000)]
  0x0000020de0c65550 JavaThread "Daemon periodic checks" [_thread_blocked, id=14636, stack(0x000000cd39d00000,0x000000cd39e00000)]
  0x0000020de1eeb940 JavaThread "C2 CompilerThread1" daemon [_thread_blocked, id=17648, stack(0x000000cd39f00000,0x000000cd3a000000)]
  0x0000020de3a15780 JavaThread "Daemon" [_thread_blocked, id=20016, stack(0x000000cd3a000000,0x000000cd3a100000)]
  0x0000020de3a15c50 JavaThread "Handler for socket connection from /127.0.0.1:10795 to /127.0.0.1:10796" [_thread_in_native, id=14964, stack(0x000000cd3a100000,0x000000cd3a200000)]
  0x0000020de1eeb350 JavaThread "Cancel handler" [_thread_blocked, id=23352, stack(0x000000cd3a200000,0x000000cd3a300000)]
  0x0000020de2011e60 JavaThread "Daemon worker" [_thread_blocked, id=22576, stack(0x000000cd3a300000,0x000000cd3a400000)]
  0x0000020de218ec20 JavaThread "Asynchronous log dispatcher for DefaultDaemonConnection: socket connection from /127.0.0.1:10795 to /127.0.0.1:10796" [_thread_blocked, id=17664, stack(0x000000cd3a400000,0x000000cd3a500000)]
  0x0000020de218ff60 JavaThread "Stdin handler" [_thread_blocked, id=20248, stack(0x000000cd3a500000,0x000000cd3a600000)]
  0x0000020de2190900 JavaThread "Daemon client event forwarder" [_thread_blocked, id=1940, stack(0x000000cd3a600000,0x000000cd3a700000)]
  0x0000020de218ddb0 JavaThread "Cache worker for journal cache (C:\Users\jupi0\.gradle\caches\journal-1)" [_thread_blocked, id=10600, stack(0x000000cd3ab00000,0x000000cd3ac00000)]
  0x0000020de218e280 JavaThread "File lock request listener" [_thread_in_native, id=8252, stack(0x000000cd3ac00000,0x000000cd3ad00000)]
  0x0000020de218d8e0 JavaThread "Cache worker for file hash cache (C:\Users\jupi0\.gradle\caches\8.0\fileHashes)" [_thread_blocked, id=20328, stack(0x000000cd3ad00000,0x000000cd3ae00000)]
  0x0000020de218e750 JavaThread "File watcher server" daemon [_thread_blocked, id=19496, stack(0x000000cd3ae00000,0x000000cd3af00000)]
  0x0000020de218d410 JavaThread "File watcher consumer" daemon [_thread_blocked, id=5508, stack(0x000000cd3af00000,0x000000cd3b000000)]
  0x0000020de218f0f0 JavaThread "Cache worker for checksums cache (C:\Users\jupi0\AndroidStudioProjects\Capstone_2\.gradle\8.0\checksums)" [_thread_blocked, id=11644, stack(0x000000cd3b000000,0x000000cd3b100000)]
  0x0000020de2190430 JavaThread "Cache worker for cache directory md-rule (C:\Users\jupi0\.gradle\caches\8.0\md-rule)" [_thread_blocked, id=3200, stack(0x000000cd3b100000,0x000000cd3b200000)]
  0x0000020de218f5c0 JavaThread "Cache worker for file content cache (C:\Users\jupi0\.gradle\caches\8.0\fileContent)" [_thread_blocked, id=22164, stack(0x000000cd3b200000,0x000000cd3b300000)]
  0x0000020de218fa90 JavaThread "Cache worker for file hash cache (C:\Users\jupi0\AndroidStudioProjects\Capstone_2\.gradle\8.0\fileHashes)" [_thread_blocked, id=2592, stack(0x000000cd3b300000,0x000000cd3b400000)]
  0x0000020de2190dd0 JavaThread "Cache worker for cache directory md-supplier (C:\Users\jupi0\.gradle\caches\8.0\md-supplier)" [_thread_blocked, id=19036, stack(0x000000cd3b400000,0x000000cd3b500000)]
  0x0000020de4aab490 JavaThread "Cache worker for execution history cache (C:\Users\jupi0\.gradle\caches\8.0\executionHistory)" [_thread_blocked, id=22976, stack(0x000000cd3b500000,0x000000cd3b600000)]
  0x0000020de4aacca0 JavaThread "jar transforms" [_thread_blocked, id=12976, stack(0x000000cd3b600000,0x000000cd3b700000)]
  0x0000020de4aaa150 JavaThread "jar transforms Thread 2" [_thread_blocked, id=1320, stack(0x000000cd3b700000,0x000000cd3b800000)]
  0x0000020de4aadb10 JavaThread "jar transforms Thread 3" [_thread_blocked, id=14892, stack(0x000000cd3ba00000,0x000000cd3bb00000)]
  0x0000020de4aac300 JavaThread "jar transforms Thread 4" [_thread_blocked, id=5596, stack(0x000000cd3bb00000,0x000000cd3bc00000)]
  0x0000020de4ab0660 JavaThread "Cache worker for dependencies-accessors (C:\Users\jupi0\AndroidStudioProjects\Capstone_2\.gradle\8.0\dependencies-accessors)" [_thread_blocked, id=18356, stack(0x000000cd3bc00000,0x000000cd3bd00000)]
  0x0000020de4aac7d0 JavaThread "jar transforms Thread 5" [_thread_blocked, id=12360, stack(0x000000cd3bd00000,0x000000cd3be00000)]
  0x0000020de4aa9c80 JavaThread "Cache worker for Build Output Cleanup Cache (C:\Users\jupi0\AndroidStudioProjects\Capstone_2\.gradle\buildOutputCleanup)" [_thread_blocked, id=3528, stack(0x000000cd3be00000,0x000000cd3bf00000)]
  0x0000020de4aabe30 JavaThread "Unconstrained build operations" [_thread_blocked, id=19956, stack(0x000000cd3bf00000,0x000000cd3c000000)]
  0x0000020de4aad640 JavaThread "Unconstrained build operations Thread 2" [_thread_blocked, id=1536, stack(0x000000cd3c000000,0x000000cd3c100000)]
  0x0000020de4aadfe0 JavaThread "Unconstrained build operations Thread 3" [_thread_blocked, id=14156, stack(0x000000cd3c100000,0x000000cd3c200000)]
  0x0000020de4aaa620 JavaThread "Unconstrained build operations Thread 4" [_thread_blocked, id=8464, stack(0x000000cd3c200000,0x000000cd3c300000)]
  0x0000020de4aaf320 JavaThread "Unconstrained build operations Thread 5" [_thread_blocked, id=22652, stack(0x000000cd3c300000,0x000000cd3c400000)]
  0x0000020de4aae4b0 JavaThread "Unconstrained build operations Thread 6" [_thread_blocked, id=15824, stack(0x000000cd3c400000,0x000000cd3c500000)]
  0x0000020de4aaafc0 JavaThread "Unconstrained build operations Thread 7" [_thread_blocked, id=12240, stack(0x000000cd3c500000,0x000000cd3c600000)]
  0x0000020de4aaee50 JavaThread "Unconstrained build operations Thread 8" [_thread_blocked, id=18064, stack(0x000000cd3c600000,0x000000cd3c700000)]
  0x0000020de4ab0b30 JavaThread "Unconstrained build operations Thread 9" [_thread_blocked, id=11344, stack(0x000000cd3c700000,0x000000cd3c800000)]
  0x0000020de4ab1000 JavaThread "Unconstrained build operations Thread 10" [_thread_blocked, id=17712, stack(0x000000cd3c800000,0x000000cd3c900000)]
  0x0000020de4aaaaf0 JavaThread "Unconstrained build operations Thread 11" [_thread_blocked, id=12952, stack(0x000000cd3c900000,0x000000cd3ca00000)]
  0x0000020de184aa80 JavaThread "Unconstrained build operations Thread 12" [_thread_blocked, id=19912, stack(0x000000cd3ca00000,0x000000cd3cb00000)]
  0x0000020de18470c0 JavaThread "Unconstrained build operations Thread 13" [_thread_blocked, id=1716, stack(0x000000cd3cb00000,0x000000cd3cc00000)]
  0x0000020de18440a0 JavaThread "Unconstrained build operations Thread 14" [_thread_blocked, id=21936, stack(0x000000cd3cc00000,0x000000cd3cd00000)]
  0x0000020de1848da0 JavaThread "Unconstrained build operations Thread 15" [_thread_blocked, id=10328, stack(0x000000cd3cd00000,0x000000cd3ce00000)]
  0x0000020de1845d80 JavaThread "Unconstrained build operations Thread 16" [_thread_blocked, id=11104, stack(0x000000cd3ce00000,0x000000cd3cf00000)]
  0x0000020de18488d0 JavaThread "Unconstrained build operations Thread 17" [_thread_blocked, id=20156, stack(0x000000cd3cf00000,0x000000cd3d000000)]
  0x0000020de18453e0 JavaThread "Unconstrained build operations Thread 18" [_thread_blocked, id=22560, stack(0x000000cd3d000000,0x000000cd3d100000)]
  0x0000020de1848400 JavaThread "Unconstrained build operations Thread 19" [_thread_blocked, id=19476, stack(0x000000cd3d100000,0x000000cd3d200000)]
  0x0000020de1843bd0 JavaThread "Unconstrained build operations Thread 20" [_thread_blocked, id=9032, stack(0x000000cd3d200000,0x000000cd3d300000)]
  0x0000020de1849270 JavaThread "Unconstrained build operations Thread 21" [_thread_blocked, id=22484, stack(0x000000cd3d300000,0x000000cd3d400000)]
  0x0000020de184a0e0 JavaThread "Unconstrained build operations Thread 22" [_thread_blocked, id=21052, stack(0x000000cd3d400000,0x000000cd3d500000)]
  0x0000020de1849740 JavaThread "Unconstrained build operations Thread 23" [_thread_blocked, id=20564, stack(0x000000cd3d500000,0x000000cd3d600000)]
  0x0000020de1847590 JavaThread "Unconstrained build operations Thread 24" [_thread_blocked, id=10836, stack(0x000000cd3d600000,0x000000cd3d700000)]
  0x0000020de1843230 JavaThread "Unconstrained build operations Thread 25" [_thread_blocked, id=16356, stack(0x000000cd3d700000,0x000000cd3d800000)]
  0x0000020de1844570 JavaThread "Unconstrained build operations Thread 26" [_thread_blocked, id=19104, stack(0x000000cd3d800000,0x000000cd3d900000)]
  0x0000020de1843700 JavaThread "Unconstrained build operations Thread 27" [_thread_blocked, id=12920, stack(0x000000cd3d900000,0x000000cd3da00000)]
  0x0000020de1847a60 JavaThread "Unconstrained build operations Thread 28" [_thread_blocked, id=20200, stack(0x000000cd3da00000,0x000000cd3db00000)]
  0x0000020de18458b0 JavaThread "Unconstrained build operations Thread 29" [_thread_blocked, id=12160, stack(0x000000cd3db00000,0x000000cd3dc00000)]
  0x0000020de1844f10 JavaThread "Unconstrained build operations Thread 30" [_thread_blocked, id=17092, stack(0x000000cd3dc00000,0x000000cd3dd00000)]
  0x0000020de184a5b0 JavaThread "Unconstrained build operations Thread 31" [_thread_blocked, id=1936, stack(0x000000cd3dd00000,0x000000cd3de00000)]
  0x0000020de1846250 JavaThread "Unconstrained build operations Thread 32" [_thread_blocked, id=14728, stack(0x000000cd3de00000,0x000000cd3df00000)]
  0x0000020de1844a40 JavaThread "Unconstrained build operations Thread 33" [_thread_blocked, id=11084, stack(0x000000cd3df00000,0x000000cd3e000000)]
  0x0000020de1846720 JavaThread "Unconstrained build operations Thread 34" [_thread_blocked, id=20020, stack(0x000000cd3e000000,0x000000cd3e100000)]
  0x0000020de1849c10 JavaThread "Unconstrained build operations Thread 35" [_thread_blocked, id=9532, stack(0x000000cd3e100000,0x000000cd3e200000)]
  0x0000020de1846bf0 JavaThread "Unconstrained build operations Thread 36" [_thread_blocked, id=22176, stack(0x000000cd3e200000,0x000000cd3e300000)]
  0x0000020de1847f30 JavaThread "Unconstrained build operations Thread 37" [_thread_blocked, id=432, stack(0x000000cd3e300000,0x000000cd3e400000)]
  0x0000020de0f6bac0 JavaThread "Unconstrained build operations Thread 38" [_thread_blocked, id=12984, stack(0x000000cd3e400000,0x000000cd3e500000)]
  0x0000020de0f69910 JavaThread "Unconstrained build operations Thread 39" [_thread_blocked, id=10088, stack(0x000000cd3e500000,0x000000cd3e600000)]
  0x0000020de0f6bf90 JavaThread "Unconstrained build operations Thread 40" [_thread_blocked, id=3940, stack(0x000000cd3e600000,0x000000cd3e700000)]
  0x0000020de0f6a780 JavaThread "Unconstrained build operations Thread 41" [_thread_blocked, id=2540, stack(0x000000cd3e700000,0x000000cd3e800000)]
  0x0000020de0f6efb0 JavaThread "Unconstrained build operations Thread 42" [_thread_blocked, id=15220, stack(0x000000cd3e800000,0x000000cd3e900000)]
  0x0000020de0f69de0 JavaThread "Unconstrained build operations Thread 43" [_thread_blocked, id=20816, stack(0x000000cd3e900000,0x000000cd3ea00000)]
  0x0000020de0f67c30 JavaThread "Unconstrained build operations Thread 44" [_thread_blocked, id=11780, stack(0x000000cd3ea00000,0x000000cd3eb00000)]
  0x0000020de0f6b5f0 JavaThread "Unconstrained build operations Thread 45" [_thread_blocked, id=19732, stack(0x000000cd3eb00000,0x000000cd3ec00000)]
  0x0000020de0f68100 JavaThread "Unconstrained build operations Thread 46" [_thread_blocked, id=21464, stack(0x000000cd3ec00000,0x000000cd3ed00000)]
  0x0000020de0f6d2d0 JavaThread "Unconstrained build operations Thread 47" [_thread_blocked, id=22168, stack(0x000000cd3ed00000,0x000000cd3ee00000)]
  0x0000020de0f685d0 JavaThread "Unconstrained build operations Thread 48" [_thread_blocked, id=17460, stack(0x000000cd3ee00000,0x000000cd3ef00000)]
  0x0000020de0f68aa0 JavaThread "Unconstrained build operations Thread 49" [_thread_blocked, id=14304, stack(0x000000cd3ef00000,0x000000cd3f000000)]
  0x0000020de0f6c460 JavaThread "Unconstrained build operations Thread 50" [_thread_blocked, id=10744, stack(0x000000cd3f000000,0x000000cd3f100000)]
  0x0000020de0f6eae0 JavaThread "Unconstrained build operations Thread 51" [_thread_blocked, id=1980, stack(0x000000cd3f100000,0x000000cd3f200000)]
  0x0000020de0f6d7a0 JavaThread "Unconstrained build operations Thread 52" [_thread_blocked, id=7376, stack(0x000000cd3f200000,0x000000cd3f300000)]
  0x0000020de0f6dc70 JavaThread "Unconstrained build operations Thread 53" [_thread_blocked, id=22396, stack(0x000000cd3f300000,0x000000cd3f400000)]
  0x0000020de0f6f480 JavaThread "Unconstrained build operations Thread 54" [_thread_blocked, id=9920, stack(0x000000cd3f400000,0x000000cd3f500000)]
  0x0000020de0f68f70 JavaThread "Unconstrained build operations Thread 55" [_thread_blocked, id=17700, stack(0x000000cd3f500000,0x000000cd3f600000)]
  0x0000020de0f69440 JavaThread "Unconstrained build operations Thread 56" [_thread_blocked, id=21376, stack(0x000000cd3f600000,0x000000cd3f700000)]
  0x0000020de0f6a2b0 JavaThread "Unconstrained build operations Thread 57" [_thread_blocked, id=11280, stack(0x000000cd3f700000,0x000000cd3f800000)]
  0x0000020de0f6ac50 JavaThread "Unconstrained build operations Thread 58" [_thread_blocked, id=16136, stack(0x000000cd3f800000,0x000000cd3f900000)]
  0x0000020de0f6c930 JavaThread "Unconstrained build operations Thread 59" [_thread_blocked, id=21192, stack(0x000000cd3f900000,0x000000cd3fa00000)]
  0x0000020de0f6e140 JavaThread "Unconstrained build operations Thread 60" [_thread_blocked, id=18296, stack(0x000000cd3fa00000,0x000000cd3fb00000)]
  0x0000020de0f6ce00 JavaThread "Unconstrained build operations Thread 61" [_thread_blocked, id=17760, stack(0x000000cd3fb00000,0x000000cd3fc00000)]
  0x0000020de0f6b120 JavaThread "Unconstrained build operations Thread 62" [_thread_blocked, id=7556, stack(0x000000cd3fc00000,0x000000cd3fd00000)]
  0x0000020de0f6e610 JavaThread "Unconstrained build operations Thread 63" [_thread_blocked, id=23324, stack(0x000000cd3fd00000,0x000000cd3fe00000)]
  0x0000020de4e7b960 JavaThread "Unconstrained build operations Thread 64" [_thread_blocked, id=5268, stack(0x000000cd3fe00000,0x000000cd3ff00000)]
  0x0000020de4e78e10 JavaThread "Unconstrained build operations Thread 65" [_thread_blocked, id=10732, stack(0x000000cd3ff00000,0x000000cd40000000)]
  0x0000020de4e7afc0 JavaThread "Unconstrained build operations Thread 66" [_thread_blocked, id=16184, stack(0x000000cd40000000,0x000000cd40100000)]
  0x0000020de4e77fa0 JavaThread "Unconstrained build operations Thread 67" [_thread_blocked, id=21168, stack(0x000000cd40100000,0x000000cd40200000)]
  0x0000020de4e7aaf0 JavaThread "Unconstrained build operations Thread 68" [_thread_blocked, id=21236, stack(0x000000cd40200000,0x000000cd40300000)]
  0x0000020de4e792e0 JavaThread "Unconstrained build operations Thread 69" [_thread_blocked, id=23348, stack(0x000000cd40300000,0x000000cd40400000)]
  0x0000020de4e77600 JavaThread "Unconstrained build operations Thread 70" [_thread_blocked, id=14768, stack(0x000000cd40400000,0x000000cd40500000)]
  0x0000020de4e7c300 JavaThread "Unconstrained build operations Thread 71" [_thread_blocked, id=3420, stack(0x000000cd40500000,0x000000cd40600000)]
  0x0000020de4e75920 JavaThread "Unconstrained build operations Thread 72" [_thread_blocked, id=22724, stack(0x000000cd40600000,0x000000cd40700000)]
  0x0000020de4e7b490 JavaThread "Unconstrained build operations Thread 73" [_thread_blocked, id=11788, stack(0x000000cd40700000,0x000000cd40800000)]
  0x0000020de4e75df0 JavaThread "Unconstrained build operations Thread 74" [_thread_blocked, id=6604, stack(0x000000cd40800000,0x000000cd40900000)]
  0x0000020de4e7be30 JavaThread "Unconstrained build operations Thread 75" [_thread_blocked, id=20652, stack(0x000000cd40900000,0x000000cd40a00000)]
  0x0000020de4e762c0 JavaThread "Unconstrained build operations Thread 76" [_thread_blocked, id=3848, stack(0x000000cd40a00000,0x000000cd40b00000)]
  0x0000020de4e77ad0 JavaThread "Unconstrained build operations Thread 77" [_thread_blocked, id=13884, stack(0x000000cd40b00000,0x000000cd40c00000)]
  0x0000020de4e797b0 JavaThread "Unconstrained build operations Thread 78" [_thread_blocked, id=20172, stack(0x000000cd40c00000,0x000000cd40d00000)]
  0x0000020de4e79c80 JavaThread "Unconstrained build operations Thread 79" [_thread_blocked, id=19308, stack(0x000000cd40d00000,0x000000cd40e00000)]
  0x0000020de4e7c7d0 JavaThread "Unconstrained build operations Thread 80" [_thread_blocked, id=21868, stack(0x000000cd40e00000,0x000000cd40f00000)]
  0x0000020de4e74f80 JavaThread "jar transforms Thread 6" [_thread_blocked, id=7992, stack(0x000000cd40f00000,0x000000cd41000000)]
  0x0000020de4e75450 JavaThread "jar transforms Thread 7" [_thread_blocked, id=19288, stack(0x000000cd41000000,0x000000cd41100000)]
  0x0000020de4e76790 JavaThread "jar transforms Thread 8" [_thread_blocked, id=9612, stack(0x000000cd41100000,0x000000cd41200000)]
  0x0000020de4e76c60 JavaThread "build event listener" [_thread_blocked, id=21120, stack(0x000000cd41200000,0x000000cd41300000)]
  0x0000020de4e78470 JavaThread "Memory manager" [_thread_blocked, id=22372, stack(0x000000cd3b800000,0x000000cd3b900000)]
  0x0000020de4e7a620 JavaThread "included builds" [_thread_blocked, id=6344, stack(0x000000cd41300000,0x000000cd41400000)]
  0x0000020de4aaf7f0 JavaThread "Execution worker" [_thread_blocked, id=10000, stack(0x000000cd41400000,0x000000cd41500000)]
  0x0000020de44b7400 JavaThread "Execution worker Thread 2" [_thread_blocked, id=5748, stack(0x000000cd41500000,0x000000cd41600000)]
  0x0000020de44b60c0 JavaThread "Execution worker Thread 3" [_thread_blocked, id=20608, stack(0x000000cd41600000,0x000000cd41700000)]
  0x0000020de44b5720 JavaThread "Execution worker Thread 4" [_thread_blocked, id=9852, stack(0x000000cd41700000,0x000000cd41800000)]
  0x0000020de44b6590 JavaThread "Execution worker Thread 5" [_thread_blocked, id=18748, stack(0x000000cd41800000,0x000000cd41900000)]
  0x0000020de44ba8f0 JavaThread "Execution worker Thread 6" [_thread_blocked, id=4748, stack(0x000000cd41900000,0x000000cd41a00000)]
  0x0000020de44b8270 JavaThread "Execution worker Thread 7" [_thread_blocked, id=23368, stack(0x000000cd41a00000,0x000000cd41b00000)]
  0x0000020de44b8740 JavaThread "Cache worker for execution history cache (C:\Users\jupi0\AndroidStudioProjects\Capstone_2\.gradle\8.0\executionHistory)" [_thread_blocked, id=20620, stack(0x000000cd41b00000,0x000000cd41c00000)]
  0x0000020de3be7080 JavaThread "WorkerExecutor Queue" [_thread_blocked, id=9228, stack(0x000000cd41c00000,0x000000cd41d00000)]
  0x0000020de3be7550 JavaThread "WorkerExecutor Queue Thread 2" [_thread_blocked, id=18884, stack(0x000000cd41d00000,0x000000cd41e00000)]
  0x0000020de302c0b0 JavaThread "WorkerExecutor Queue Thread 3" [_thread_blocked, id=2532, stack(0x000000cd41e00000,0x000000cd41f00000)]
  0x0000020de302c580 JavaThread "WorkerExecutor Queue Thread 4" [_thread_blocked, id=18124, stack(0x000000cd41f00000,0x000000cd42000000)]
  0x0000020de9a21f60 JavaThread "pool-3-thread-1" [_thread_blocked, id=7072, stack(0x000000cd42000000,0x000000cd42100000)]
  0x0000020de9a22430 JavaThread "stderr" [_thread_in_native, id=4056, stack(0x000000cd42100000,0x000000cd42200000)]
  0x0000020de9a22900 JavaThread "stdout" [_thread_in_native, id=436, stack(0x000000cd42200000,0x000000cd42300000)]
  0x0000020de6720cf0 JavaThread "ForkJoinPool-1-worker-1" daemon [_thread_blocked, id=20024, stack(0x000000cd42300000,0x000000cd42400000)]
  0x0000020de3be83c0 JavaThread "ForkJoinPool-1-worker-2" daemon [_thread_blocked, id=13404, stack(0x000000cd42400000,0x000000cd42500000)]
  0x0000020de9a215c0 JavaThread "ForkJoinPool-1-worker-3" daemon [_thread_blocked, id=20348, stack(0x000000cd42500000,0x000000cd42600000)]
  0x0000020de44bbc30 JavaThread "ForkJoinPool-1-worker-4" daemon [_thread_blocked, id=5280, stack(0x000000cd42600000,0x000000cd42700000)]
  0x0000020de20dab30 JavaThread "ForkJoinPool-1-worker-5" daemon [_thread_blocked, id=19776, stack(0x000000cd42700000,0x000000cd42800000)]
  0x0000020de9a22dd0 JavaThread "ForkJoinPool-1-worker-6" daemon [_thread_blocked, id=20144, stack(0x000000cd42800000,0x000000cd42900000)]
  0x0000020de95f0050 JavaThread "ForkJoinPool-1-worker-7" daemon [_thread_blocked, id=17908, stack(0x000000cd42900000,0x000000cd42a00000)]
  0x0000020de9a21a90 JavaThread "ForkJoinPool-1-worker-8" daemon [_thread_blocked, id=20048, stack(0x000000cd42a00000,0x000000cd42b00000)]

Other Threads:
=>0x0000020ddff4fc50 VMThread "VM Thread" [stack: 0x000000cd38b00000,0x000000cd38c00000] [id=10596]
  0x0000020de0a74ac0 WatcherThread [stack: 0x000000cd39700000,0x000000cd39800000] [id=19304]
  0x0000020dc615ab50 GCTaskThread "GC Thread#0" [stack: 0x000000cd38600000,0x000000cd38700000] [id=22640]
  0x0000020de14403a0 GCTaskThread "GC Thread#1" [stack: 0x000000cd39a00000,0x000000cd39b00000] [id=6164]
  0x0000020de1440650 GCTaskThread "GC Thread#2" [stack: 0x000000cd39b00000,0x000000cd39c00000] [id=11692]
  0x0000020de0fca6f0 GCTaskThread "GC Thread#3" [stack: 0x000000cd39c00000,0x000000cd39d00000] [id=19696]
  0x0000020de1c326e0 GCTaskThread "GC Thread#4" [stack: 0x000000cd39900000,0x000000cd39a00000] [id=17892]
  0x0000020de3807ba0 GCTaskThread "GC Thread#5" [stack: 0x000000cd3a700000,0x000000cd3a800000] [id=11864]
  0x0000020de2140600 GCTaskThread "GC Thread#6" [stack: 0x000000cd3a800000,0x000000cd3a900000] [id=9816]
  0x0000020de1c29a10 GCTaskThread "GC Thread#7" [stack: 0x000000cd3a900000,0x000000cd3aa00000] [id=19940]
  0x0000020dc616b9a0 ConcurrentGCThread "G1 Main Marker" [stack: 0x000000cd38700000,0x000000cd38800000] [id=5972]
  0x0000020dc616ca60 ConcurrentGCThread "G1 Conc#0" [stack: 0x000000cd38800000,0x000000cd38900000] [id=17836]
  0x0000020de38bd8c0 ConcurrentGCThread "G1 Conc#1" [stack: 0x000000cd3aa00000,0x000000cd3ab00000] [id=11004]
  0x0000020ddfda80e0 ConcurrentGCThread "G1 Refine#0" [stack: 0x000000cd38900000,0x000000cd38a00000] [id=16844]
  0x0000020de22c3750 ConcurrentGCThread "G1 Refine#1" [stack: 0x000000cd3b900000,0x000000cd3ba00000] [id=22660]
  0x0000020de0ecc3f0 ConcurrentGCThread "G1 Refine#2" [stack: 0x000000cd42b00000,0x000000cd42c00000] [id=20004]
  0x0000020de87f6550 ConcurrentGCThread "G1 Refine#3" [stack: 0x000000cd42c00000,0x000000cd42d00000] [id=19424]
  0x0000020de0ecb870 ConcurrentGCThread "G1 Refine#4" [stack: 0x000000cd42d00000,0x000000cd42e00000] [id=6788]
  0x0000020de3297e20 ConcurrentGCThread "G1 Refine#5" [stack: 0x000000cd42e00000,0x000000cd42f00000] [id=13236]
  0x0000020de8a617e0 ConcurrentGCThread "G1 Refine#6" [stack: 0x000000cd42f00000,0x000000cd43000000] [id=4904]
  0x0000020ddfda8910 ConcurrentGCThread "G1 Service" [stack: 0x000000cd38a00000,0x000000cd38b00000] [id=21436]

Threads with active compile tasks:
C2 CompilerThread0    18072 11485 %     4       com.android.tools.r8.dex.B::l @ 63 (1921 bytes)
C2 CompilerThread1    18072 12027 %     4       com.android.tools.r8.dex.B::a @ 316 (1021 bytes)

VM state: at safepoint (normal execution)

VM Mutex/Monitor currently owned by a thread:  ([mutex/lock_event])
[0x0000020dc60f6a30] Threads_lock - owner thread: 0x0000020ddff4fc50
[0x0000020dc60f7720] Heap_lock - owner thread: 0x0000020de20dab30

Heap address: 0x0000000080000000, size: 2048 MB, Compressed Oops mode: 32-bit

CDS archive(s) not mapped
Compressed class space mapped at: 0x0000000100000000-0x0000000140000000, reserved size: 1073741824
Narrow klass base: 0x0000000000000000, Narrow klass shift: 3, Narrow klass range: 0x140000000

GC Precious Log:
 CPUs: 8 total, 8 available
 Memory: 8084M
 Large Page Support: Disabled
 NUMA Support: Disabled
 Compressed Oops: Enabled (32-bit)
 Heap Region Size: 1M
 Heap Min Capacity: 8M
 Heap Initial Capacity: 128M
 Heap Max Capacity: 2G
 Pre-touch: Disabled
 Parallel Workers: 8
 Concurrent Workers: 2
 Concurrent Refinement Workers: 8
 Periodic GC: Disabled

Heap:
 garbage-first heap   total 239616K, used 178176K [0x0000000080000000, 0x0000000100000000)
  region size 1024K, 4 young (4096K), 4 survivors (4096K)
 Metaspace       used 98307K, committed 99008K, reserved 1138688K
  class space    used 13610K, committed 13952K, reserved 1048576K

Heap Regions: E=young(eden), S=young(survivor), O=old, HS=humongous(starts), HC=humongous(continues), CS=collection set, F=free, OA=open archive, CA=closed archive, TAMS=top-at-mark-start (previous, next)
|   0|0x0000000080000000, 0x0000000080100000, 0x0000000080100000|100%|HS|  |TAMS 0x0000000080100000, 0x0000000080100000| Complete 
|   1|0x0000000080100000, 0x0000000080200000, 0x0000000080200000|100%|HC|  |TAMS 0x0000000080200000, 0x0000000080200000| Complete 
|   2|0x0000000080200000, 0x0000000080300000, 0x0000000080300000|100%|HC|  |TAMS 0x0000000080300000, 0x0000000080300000| Complete 
|   3|0x0000000080300000, 0x0000000080400000, 0x0000000080400000|100%|HC|  |TAMS 0x0000000080400000, 0x0000000080400000| Complete 
|   4|0x0000000080400000, 0x0000000080500000, 0x0000000080500000|100%| O|  |TAMS 0x0000000080500000, 0x0000000080500000| Untracked 
|   5|0x0000000080500000, 0x0000000080600000, 0x0000000080600000|100%| O|  |TAMS 0x0000000080600000, 0x0000000080600000| Untracked 
|   6|0x0000000080600000, 0x0000000080700000, 0x0000000080700000|100%| O|  |TAMS 0x0000000080700000, 0x0000000080700000| Untracked 
|   7|0x0000000080700000, 0x0000000080800000, 0x0000000080800000|100%| O|  |TAMS 0x0000000080800000, 0x0000000080800000| Untracked 
|   8|0x0000000080800000, 0x0000000080900000, 0x0000000080900000|100%| O|  |TAMS 0x0000000080900000, 0x0000000080900000| Untracked 
|   9|0x0000000080900000, 0x0000000080a00000, 0x0000000080a00000|100%| O|  |TAMS 0x0000000080a00000, 0x0000000080a00000| Untracked 
|  10|0x0000000080a00000, 0x0000000080b00000, 0x0000000080b00000|100%| O|  |TAMS 0x0000000080b00000, 0x0000000080b00000| Untracked 
|  11|0x0000000080b00000, 0x0000000080c00000, 0x0000000080c00000|100%| O|  |TAMS 0x0000000080c00000, 0x0000000080c00000| Untracked 
|  12|0x0000000080c00000, 0x0000000080d00000, 0x0000000080d00000|100%| O|  |TAMS 0x0000000080d00000, 0x0000000080d00000| Untracked 
|  13|0x0000000080d00000, 0x0000000080e00000, 0x0000000080e00000|100%| O|  |TAMS 0x0000000080e00000, 0x0000000080e00000| Untracked 
|  14|0x0000000080e00000, 0x0000000080f00000, 0x0000000080f00000|100%| O|  |TAMS 0x0000000080f00000, 0x0000000080f00000| Untracked 
|  15|0x0000000080f00000, 0x0000000081000000, 0x0000000081000000|100%| O|  |TAMS 0x0000000081000000, 0x0000000081000000| Untracked 
|  16|0x0000000081000000, 0x0000000081100000, 0x0000000081100000|100%| O|  |TAMS 0x0000000081100000, 0x0000000081100000| Untracked 
|  17|0x0000000081100000, 0x0000000081200000, 0x0000000081200000|100%| O|  |TAMS 0x0000000081200000, 0x0000000081200000| Untracked 
|  18|0x0000000081200000, 0x0000000081300000, 0x0000000081300000|100%| O|  |TAMS 0x0000000081300000, 0x0000000081300000| Untracked 
|  19|0x0000000081300000, 0x0000000081400000, 0x0000000081400000|100%| O|  |TAMS 0x0000000081400000, 0x0000000081400000| Untracked 
|  20|0x0000000081400000, 0x0000000081500000, 0x0000000081500000|100%| O|  |TAMS 0x0000000081500000, 0x0000000081500000| Untracked 
|  21|0x0000000081500000, 0x0000000081600000, 0x0000000081600000|100%| O|  |TAMS 0x0000000081600000, 0x0000000081600000| Untracked 
|  22|0x0000000081600000, 0x0000000081700000, 0x0000000081700000|100%| O|  |TAMS 0x0000000081700000, 0x0000000081700000| Untracked 
|  23|0x0000000081700000, 0x0000000081800000, 0x0000000081800000|100%| O|  |TAMS 0x0000000081800000, 0x0000000081800000| Untracked 
|  24|0x0000000081800000, 0x0000000081900000, 0x0000000081900000|100%| O|  |TAMS 0x0000000081900000, 0x0000000081900000| Untracked 
|  25|0x0000000081900000, 0x0000000081a00000, 0x0000000081a00000|100%| O|  |TAMS 0x0000000081a00000, 0x0000000081a00000| Untracked 
|  26|0x0000000081a00000, 0x0000000081b00000, 0x0000000081b00000|100%| O|  |TAMS 0x0000000081b00000, 0x0000000081b00000| Untracked 
|  27|0x0000000081b00000, 0x0000000081c00000, 0x0000000081c00000|100%| O|  |TAMS 0x0000000081c00000, 0x0000000081c00000| Untracked 
|  28|0x0000000081c00000, 0x0000000081d00000, 0x0000000081d00000|100%| O|  |TAMS 0x0000000081d00000, 0x0000000081d00000| Untracked 
|  29|0x0000000081d00000, 0x0000000081e00000, 0x0000000081e00000|100%| O|  |TAMS 0x0000000081e00000, 0x0000000081e00000| Untracked 
|  30|0x0000000081e00000, 0x0000000081f00000, 0x0000000081f00000|100%|HS|  |TAMS 0x0000000081f00000, 0x0000000081f00000| Complete 
|  31|0x0000000081f00000, 0x0000000082000000, 0x0000000082000000|100%| O|  |TAMS 0x0000000082000000, 0x0000000082000000| Untracked 
|  32|0x0000000082000000, 0x0000000082100000, 0x0000000082100000|100%| O|  |TAMS 0x0000000082100000, 0x0000000082100000| Untracked 
|  33|0x0000000082100000, 0x0000000082200000, 0x0000000082200000|100%|HS|  |TAMS 0x0000000082200000, 0x0000000082200000| Complete 
|  34|0x0000000082200000, 0x0000000082300000, 0x0000000082300000|100%|HS|  |TAMS 0x0000000082300000, 0x0000000082300000| Complete 
|  35|0x0000000082300000, 0x0000000082400000, 0x0000000082400000|100%| O|  |TAMS 0x0000000082400000, 0x0000000082400000| Untracked 
|  36|0x0000000082400000, 0x0000000082500000, 0x0000000082500000|100%| O|  |TAMS 0x0000000082500000, 0x0000000082500000| Untracked 
|  37|0x0000000082500000, 0x0000000082600000, 0x0000000082600000|100%| O|  |TAMS 0x0000000082600000, 0x0000000082600000| Untracked 
|  38|0x0000000082600000, 0x0000000082700000, 0x0000000082700000|100%| O|  |TAMS 0x0000000082700000, 0x0000000082700000| Untracked 
|  39|0x0000000082700000, 0x0000000082800000, 0x0000000082800000|100%| O|  |TAMS 0x0000000082800000, 0x0000000082800000| Untracked 
|  40|0x0000000082800000, 0x0000000082900000, 0x0000000082900000|100%| O|  |TAMS 0x0000000082900000, 0x0000000082900000| Untracked 
|  41|0x0000000082900000, 0x0000000082a00000, 0x0000000082a00000|100%| O|  |TAMS 0x0000000082a00000, 0x0000000082a00000| Untracked 
|  42|0x0000000082a00000, 0x0000000082b00000, 0x0000000082b00000|100%| O|  |TAMS 0x0000000082b00000, 0x0000000082b00000| Untracked 
|  43|0x0000000082b00000, 0x0000000082c00000, 0x0000000082c00000|100%| O|  |TAMS 0x0000000082c00000, 0x0000000082c00000| Untracked 
|  44|0x0000000082c00000, 0x0000000082d00000, 0x0000000082d00000|100%| O|  |TAMS 0x0000000082d00000, 0x0000000082d00000| Untracked 
|  45|0x0000000082d00000, 0x0000000082e00000, 0x0000000082e00000|100%| O|  |TAMS 0x0000000082e00000, 0x0000000082e00000| Untracked 
|  46|0x0000000082e00000, 0x0000000082f00000, 0x0000000082f00000|100%| O|  |TAMS 0x0000000082f00000, 0x0000000082f00000| Untracked 
|  47|0x0000000082f00000, 0x0000000083000000, 0x0000000083000000|100%| O|  |TAMS 0x0000000083000000, 0x0000000083000000| Untracked 
|  48|0x0000000083000000, 0x0000000083100000, 0x0000000083100000|100%| O|  |TAMS 0x0000000083100000, 0x0000000083100000| Untracked 
|  49|0x0000000083100000, 0x0000000083200000, 0x0000000083200000|100%| O|  |TAMS 0x0000000083200000, 0x0000000083200000| Untracked 
|  50|0x0000000083200000, 0x0000000083300000, 0x0000000083300000|100%| O|  |TAMS 0x0000000083300000, 0x0000000083300000| Untracked 
|  51|0x0000000083300000, 0x0000000083400000, 0x0000000083400000|100%|HS|  |TAMS 0x0000000083400000, 0x0000000083400000| Complete 
|  52|0x0000000083400000, 0x0000000083500000, 0x0000000083500000|100%| O|  |TAMS 0x0000000083500000, 0x0000000083500000| Untracked 
|  53|0x0000000083500000, 0x0000000083600000, 0x0000000083600000|100%| O|  |TAMS 0x0000000083600000, 0x0000000083600000| Untracked 
|  54|0x0000000083600000, 0x0000000083700000, 0x0000000083700000|100%| O|  |TAMS 0x0000000083700000, 0x0000000083700000| Untracked 
|  55|0x0000000083700000, 0x0000000083800000, 0x0000000083800000|100%| O|  |TAMS 0x0000000083800000, 0x0000000083800000| Untracked 
|  56|0x0000000083800000, 0x0000000083900000, 0x0000000083900000|100%| O|  |TAMS 0x0000000083900000, 0x0000000083900000| Untracked 
|  57|0x0000000083900000, 0x0000000083a00000, 0x0000000083a00000|100%| O|  |TAMS 0x0000000083a00000, 0x0000000083a00000| Untracked 
|  58|0x0000000083a00000, 0x0000000083b00000, 0x0000000083b00000|100%| O|  |TAMS 0x0000000083b00000, 0x0000000083b00000| Untracked 
|  59|0x0000000083b00000, 0x0000000083c00000, 0x0000000083c00000|100%| O|  |TAMS 0x0000000083c00000, 0x0000000083c00000| Untracked 
|  60|0x0000000083c00000, 0x0000000083d00000, 0x0000000083d00000|100%| O|  |TAMS 0x0000000083d00000, 0x0000000083d00000| Untracked 
|  61|0x0000000083d00000, 0x0000000083e00000, 0x0000000083e00000|100%| O|  |TAMS 0x0000000083e00000, 0x0000000083e00000| Untracked 
|  62|0x0000000083e00000, 0x0000000083f00000, 0x0000000083f00000|100%| O|  |TAMS 0x0000000083f00000, 0x0000000083f00000| Untracked 
|  63|0x0000000083f00000, 0x0000000084000000, 0x0000000084000000|100%| O|  |TAMS 0x0000000084000000, 0x0000000084000000| Untracked 
|  64|0x0000000084000000, 0x0000000084100000, 0x0000000084100000|100%| O|  |TAMS 0x0000000084100000, 0x0000000084100000| Untracked 
|  65|0x0000000084100000, 0x0000000084200000, 0x0000000084200000|100%| O|  |TAMS 0x0000000084200000, 0x0000000084200000| Untracked 
|  66|0x0000000084200000, 0x0000000084300000, 0x0000000084300000|100%| O|  |TAMS 0x0000000084300000, 0x0000000084300000| Untracked 
|  67|0x0000000084300000, 0x0000000084400000, 0x0000000084400000|100%| O|  |TAMS 0x0000000084400000, 0x0000000084400000| Untracked 
|  68|0x0000000084400000, 0x0000000084500000, 0x0000000084500000|100%| O|  |TAMS 0x0000000084500000, 0x0000000084500000| Untracked 
|  69|0x0000000084500000, 0x0000000084600000, 0x0000000084600000|100%| O|  |TAMS 0x0000000084600000, 0x0000000084600000| Untracked 
|  70|0x0000000084600000, 0x0000000084700000, 0x0000000084700000|100%| O|  |TAMS 0x0000000084700000, 0x0000000084700000| Untracked 
|  71|0x0000000084700000, 0x0000000084800000, 0x0000000084800000|100%| O|  |TAMS 0x0000000084800000, 0x0000000084800000| Untracked 
|  72|0x0000000084800000, 0x0000000084900000, 0x0000000084900000|100%| O|  |TAMS 0x0000000084900000, 0x0000000084900000| Untracked 
|  73|0x0000000084900000, 0x0000000084a00000, 0x0000000084a00000|100%| O|  |TAMS 0x0000000084900000, 0x0000000084900000| Untracked 
|  74|0x0000000084a00000, 0x0000000084b00000, 0x0000000084b00000|100%| O|  |TAMS 0x0000000084b00000, 0x0000000084b00000| Untracked 
|  75|0x0000000084b00000, 0x0000000084c00000, 0x0000000084c00000|100%| O|  |TAMS 0x0000000084c00000, 0x0000000084c00000| Untracked 
|  76|0x0000000084c00000, 0x0000000084d00000, 0x0000000084d00000|100%| O|  |TAMS 0x0000000084d00000, 0x0000000084d00000| Untracked 
|  77|0x0000000084d00000, 0x0000000084e00000, 0x0000000084e00000|100%| O|  |TAMS 0x0000000084e00000, 0x0000000084e00000| Untracked 
|  78|0x0000000084e00000, 0x0000000084f00000, 0x0000000084f00000|100%| O|  |TAMS 0x0000000084f00000, 0x0000000084f00000| Untracked 
|  79|0x0000000084f00000, 0x0000000085000000, 0x0000000085000000|100%| O|  |TAMS 0x0000000085000000, 0x0000000085000000| Untracked 
|  80|0x0000000085000000, 0x0000000085100000, 0x0000000085100000|100%| O|  |TAMS 0x0000000085100000, 0x0000000085100000| Untracked 
|  81|0x0000000085100000, 0x0000000085200000, 0x0000000085200000|100%| O|  |TAMS 0x0000000085200000, 0x0000000085200000| Untracked 
|  82|0x0000000085200000, 0x0000000085300000, 0x0000000085300000|100%| O|  |TAMS 0x0000000085300000, 0x0000000085300000| Untracked 
|  83|0x0000000085300000, 0x0000000085400000, 0x0000000085400000|100%| O|  |TAMS 0x0000000085400000, 0x0000000085400000| Untracked 
|  84|0x0000000085400000, 0x0000000085500000, 0x0000000085500000|100%| O|  |TAMS 0x0000000085500000, 0x0000000085500000| Untracked 
|  85|0x0000000085500000, 0x0000000085600000, 0x0000000085600000|100%| O|  |TAMS 0x0000000085555c00, 0x0000000085600000| Untracked 
|  86|0x0000000085600000, 0x0000000085700000, 0x0000000085700000|100%|HS|  |TAMS 0x0000000085700000, 0x0000000085700000| Complete 
|  87|0x0000000085700000, 0x0000000085800000, 0x0000000085800000|100%|HC|  |TAMS 0x0000000085800000, 0x0000000085800000| Complete 
|  88|0x0000000085800000, 0x0000000085900000, 0x0000000085900000|100%|HS|  |TAMS 0x0000000085900000, 0x0000000085900000| Complete 
|  89|0x0000000085900000, 0x0000000085a00000, 0x0000000085a00000|100%|HS|  |TAMS 0x0000000085a00000, 0x0000000085a00000| Complete 
|  90|0x0000000085a00000, 0x0000000085b00000, 0x0000000085b00000|100%|HC|  |TAMS 0x0000000085b00000, 0x0000000085b00000| Complete 
|  91|0x0000000085b00000, 0x0000000085c00000, 0x0000000085c00000|100%|HS|  |TAMS 0x0000000085c00000, 0x0000000085c00000| Complete 
|  92|0x0000000085c00000, 0x0000000085d00000, 0x0000000085d00000|100%|HC|  |TAMS 0x0000000085d00000, 0x0000000085d00000| Complete 
|  93|0x0000000085d00000, 0x0000000085e00000, 0x0000000085e00000|100%|HS|  |TAMS 0x0000000085e00000, 0x0000000085e00000| Complete 
|  94|0x0000000085e00000, 0x0000000085f00000, 0x0000000085f00000|100%|HC|  |TAMS 0x0000000085f00000, 0x0000000085f00000| Complete 
|  95|0x0000000085f00000, 0x0000000086000000, 0x0000000086000000|100%|HC|  |TAMS 0x0000000086000000, 0x0000000086000000| Complete 
|  96|0x0000000086000000, 0x0000000086100000, 0x0000000086100000|100%| O|  |TAMS 0x0000000086000000, 0x0000000086100000| Untracked 
|  97|0x0000000086100000, 0x0000000086200000, 0x0000000086200000|100%| O|  |TAMS 0x0000000086100000, 0x0000000086200000| Untracked 
|  98|0x0000000086200000, 0x0000000086300000, 0x0000000086300000|100%| O|  |TAMS 0x0000000086200000, 0x0000000086300000| Untracked 
|  99|0x0000000086300000, 0x0000000086400000, 0x0000000086400000|100%|HS|  |TAMS 0x0000000086400000, 0x0000000086400000| Complete 
| 100|0x0000000086400000, 0x0000000086500000, 0x0000000086500000|100%|HC|  |TAMS 0x0000000086500000, 0x0000000086500000| Complete 
| 101|0x0000000086500000, 0x0000000086600000, 0x0000000086600000|100%| O|  |TAMS 0x0000000086500000, 0x0000000086600000| Untracked 
| 102|0x0000000086600000, 0x0000000086700000, 0x0000000086700000|100%|HS|  |TAMS 0x0000000086700000, 0x0000000086700000| Complete 
| 103|0x0000000086700000, 0x0000000086800000, 0x0000000086800000|100%| O|  |TAMS 0x0000000086700000, 0x0000000086800000| Untracked 
| 104|0x0000000086800000, 0x0000000086900000, 0x0000000086900000|100%|HS|  |TAMS 0x0000000086900000, 0x0000000086900000| Complete 
| 105|0x0000000086900000, 0x0000000086a00000, 0x0000000086a00000|100%|HS|  |TAMS 0x0000000086a00000, 0x0000000086a00000| Complete 
| 106|0x0000000086a00000, 0x0000000086b00000, 0x0000000086b00000|100%|HC|  |TAMS 0x0000000086b00000, 0x0000000086b00000| Complete 
| 107|0x0000000086b00000, 0x0000000086c00000, 0x0000000086c00000|100%| O|  |TAMS 0x0000000086b00000, 0x0000000086c00000| Untracked 
| 108|0x0000000086c00000, 0x0000000086d00000, 0x0000000086d00000|100%| O|  |TAMS 0x0000000086c00000, 0x0000000086d00000| Untracked 
| 109|0x0000000086d00000, 0x0000000086e00000, 0x0000000086e00000|100%| O|  |TAMS 0x0000000086d00000, 0x0000000086e00000| Untracked 
| 110|0x0000000086e00000, 0x0000000086f00000, 0x0000000086f00000|100%| O|  |TAMS 0x0000000086e00000, 0x0000000086f00000| Untracked 
| 111|0x0000000086f00000, 0x0000000087000000, 0x0000000087000000|100%| O|  |TAMS 0x0000000086f00000, 0x0000000087000000| Untracked 
| 112|0x0000000087000000, 0x0000000087100000, 0x0000000087100000|100%| O|  |TAMS 0x0000000087000000, 0x0000000087100000| Untracked 
| 113|0x0000000087100000, 0x0000000087200000, 0x0000000087200000|100%| O|  |TAMS 0x0000000087100000, 0x0000000087200000| Untracked 
| 114|0x0000000087200000, 0x0000000087300000, 0x0000000087300000|100%| O|  |TAMS 0x0000000087200000, 0x0000000087300000| Untracked 
| 115|0x0000000087300000, 0x0000000087400000, 0x0000000087400000|100%|HS|  |TAMS 0x0000000087300000, 0x0000000087400000| Complete 
| 116|0x0000000087400000, 0x0000000087500000, 0x0000000087500000|100%|HC|  |TAMS 0x0000000087400000, 0x0000000087500000| Complete 
| 117|0x0000000087500000, 0x0000000087600000, 0x0000000087600000|100%| O|  |TAMS 0x0000000087500000, 0x0000000087600000| Untracked 
| 118|0x0000000087600000, 0x0000000087700000, 0x0000000087700000|100%| O|  |TAMS 0x0000000087600000, 0x0000000087700000| Untracked 
| 119|0x0000000087700000, 0x0000000087800000, 0x0000000087800000|100%| O|  |TAMS 0x0000000087700000, 0x0000000087800000| Untracked 
| 120|0x0000000087800000, 0x0000000087900000, 0x0000000087900000|100%| O|  |TAMS 0x0000000087800000, 0x0000000087900000| Untracked 
| 121|0x0000000087900000, 0x0000000087a00000, 0x0000000087a00000|100%| O|  |TAMS 0x0000000087900000, 0x0000000087a00000| Untracked 
| 122|0x0000000087a00000, 0x0000000087b00000, 0x0000000087b00000|100%| O|  |TAMS 0x0000000087a00000, 0x0000000087ae3400| Untracked 
| 123|0x0000000087b00000, 0x0000000087c00000, 0x0000000087c00000|100%|HS|  |TAMS 0x0000000087b00000, 0x0000000087c00000| Complete 
| 124|0x0000000087c00000, 0x0000000087d00000, 0x0000000087d00000|100%|HC|  |TAMS 0x0000000087c00000, 0x0000000087d00000| Complete 
| 125|0x0000000087d00000, 0x0000000087e00000, 0x0000000087e00000|100%|HC|  |TAMS 0x0000000087d00000, 0x0000000087e00000| Complete 
| 126|0x0000000087e00000, 0x0000000087f00000, 0x0000000087f00000|100%|HS|  |TAMS 0x0000000087e00000, 0x0000000087f00000| Complete 
| 127|0x0000000087f00000, 0x0000000088000000, 0x0000000088000000|100%|HS|  |TAMS 0x0000000087f00000, 0x0000000088000000| Complete 
| 128|0x0000000088000000, 0x0000000088100000, 0x0000000088100000|100%| O|  |TAMS 0x0000000088000000, 0x0000000088100000| Untracked 
| 129|0x0000000088100000, 0x0000000088200000, 0x0000000088200000|100%| O|  |TAMS 0x0000000088100000, 0x0000000088200000| Untracked 
| 130|0x0000000088200000, 0x0000000088300000, 0x0000000088300000|100%| O|  |TAMS 0x0000000088200000, 0x0000000088300000| Untracked 
| 131|0x0000000088300000, 0x0000000088400000, 0x0000000088400000|100%| O|  |TAMS 0x0000000088300000, 0x0000000088400000| Untracked 
| 132|0x0000000088400000, 0x0000000088500000, 0x0000000088500000|100%| O|  |TAMS 0x0000000088400000, 0x0000000088500000| Untracked 
| 133|0x0000000088500000, 0x0000000088600000, 0x0000000088600000|100%| O|  |TAMS 0x0000000088500000, 0x0000000088600000| Untracked 
| 134|0x0000000088600000, 0x0000000088700000, 0x0000000088700000|100%| O|  |TAMS 0x0000000088600000, 0x0000000088700000| Untracked 
| 135|0x0000000088700000, 0x0000000088800000, 0x0000000088800000|100%| O|  |TAMS 0x0000000088700000, 0x0000000088800000| Untracked 
| 136|0x0000000088800000, 0x0000000088900000, 0x0000000088900000|100%| O|  |TAMS 0x0000000088800000, 0x0000000088900000| Untracked 
| 137|0x0000000088900000, 0x0000000088a00000, 0x0000000088a00000|100%| O|  |TAMS 0x0000000088900000, 0x0000000088a00000| Untracked 
| 138|0x0000000088a00000, 0x0000000088b00000, 0x0000000088b00000|100%| O|  |TAMS 0x0000000088a00000, 0x0000000088b00000| Untracked 
| 139|0x0000000088b00000, 0x0000000088c00000, 0x0000000088c00000|100%| O|  |TAMS 0x0000000088b00000, 0x0000000088c00000| Untracked 
| 140|0x0000000088c00000, 0x0000000088d00000, 0x0000000088d00000|100%| O|  |TAMS 0x0000000088c00000, 0x0000000088d00000| Untracked 
| 141|0x0000000088d00000, 0x0000000088e00000, 0x0000000088e00000|100%| O|  |TAMS 0x0000000088d00000, 0x0000000088d00000| Untracked 
| 142|0x0000000088e00000, 0x0000000088f00000, 0x0000000088f00000|100%| O|  |TAMS 0x0000000088e00000, 0x0000000088e00000| Untracked 
| 143|0x0000000088f00000, 0x0000000089000000, 0x0000000089000000|100%| O|  |TAMS 0x0000000088f00000, 0x0000000088f00000| Untracked 
| 144|0x0000000089000000, 0x0000000089100000, 0x0000000089100000|100%| O|  |TAMS 0x0000000089000000, 0x0000000089000000| Untracked 
| 145|0x0000000089100000, 0x0000000089200000, 0x0000000089200000|100%| O|  |TAMS 0x0000000089100000, 0x0000000089100000| Untracked 
| 146|0x0000000089200000, 0x0000000089300000, 0x0000000089300000|100%| O|  |TAMS 0x0000000089200000, 0x0000000089200000| Untracked 
| 147|0x0000000089300000, 0x0000000089400000, 0x0000000089400000|100%| O|  |TAMS 0x0000000089300000, 0x0000000089300000| Untracked 
| 148|0x0000000089400000, 0x0000000089500000, 0x0000000089500000|100%| O|  |TAMS 0x0000000089400000, 0x0000000089400000| Untracked 
| 149|0x0000000089500000, 0x0000000089600000, 0x0000000089600000|100%| O|  |TAMS 0x0000000089500000, 0x0000000089500000| Untracked 
| 150|0x0000000089600000, 0x0000000089700000, 0x0000000089700000|100%| O|  |TAMS 0x0000000089600000, 0x0000000089600000| Untracked 
| 151|0x0000000089700000, 0x0000000089800000, 0x0000000089800000|100%| O|  |TAMS 0x0000000089700000, 0x0000000089700000| Untracked 
| 152|0x0000000089800000, 0x0000000089900000, 0x0000000089900000|100%| O|  |TAMS 0x0000000089800000, 0x0000000089800000| Untracked 
| 153|0x0000000089900000, 0x0000000089a00000, 0x0000000089a00000|100%| O|  |TAMS 0x0000000089900000, 0x0000000089900000| Untracked 
| 154|0x0000000089a00000, 0x0000000089b00000, 0x0000000089b00000|100%| O|  |TAMS 0x0000000089a00000, 0x0000000089a00000| Untracked 
| 155|0x0000000089b00000, 0x0000000089c00000, 0x0000000089c00000|100%| O|  |TAMS 0x0000000089b00000, 0x0000000089b00000| Untracked 
| 156|0x0000000089c00000, 0x0000000089d00000, 0x0000000089d00000|100%| O|  |TAMS 0x0000000089c00000, 0x0000000089c00000| Untracked 
| 157|0x0000000089d00000, 0x0000000089e00000, 0x0000000089e00000|100%| O|  |TAMS 0x0000000089d00000, 0x0000000089d00000| Untracked 
| 158|0x0000000089e00000, 0x0000000089f00000, 0x0000000089f00000|100%| O|  |TAMS 0x0000000089e00000, 0x0000000089e00000| Untracked 
| 159|0x0000000089f00000, 0x000000008a000000, 0x000000008a000000|100%| O|  |TAMS 0x0000000089f00000, 0x0000000089f00000| Untracked 
| 160|0x000000008a000000, 0x000000008a100000, 0x000000008a100000|100%| O|  |TAMS 0x000000008a000000, 0x000000008a000000| Untracked 
| 161|0x000000008a100000, 0x000000008a200000, 0x000000008a200000|100%| O|  |TAMS 0x000000008a100000, 0x000000008a100000| Untracked 
| 162|0x000000008a200000, 0x000000008a300000, 0x000000008a300000|100%| O|  |TAMS 0x000000008a200000, 0x000000008a200000| Untracked 
| 163|0x000000008a300000, 0x000000008a400000, 0x000000008a400000|100%| O|  |TAMS 0x000000008a300000, 0x000000008a300000| Untracked 
| 164|0x000000008a400000, 0x000000008a500000, 0x000000008a500000|100%| O|  |TAMS 0x000000008a400000, 0x000000008a400000| Untracked 
| 165|0x000000008a500000, 0x000000008a600000, 0x000000008a600000|100%| O|  |TAMS 0x000000008a500000, 0x000000008a500000| Untracked 
| 166|0x000000008a600000, 0x000000008a700000, 0x000000008a700000|100%| O|  |TAMS 0x000000008a600000, 0x000000008a600000| Untracked 
| 167|0x000000008a700000, 0x000000008a800000, 0x000000008a800000|100%| O|  |TAMS 0x000000008a700000, 0x000000008a700000| Untracked 
| 168|0x000000008a800000, 0x000000008a900000, 0x000000008a900000|100%| O|  |TAMS 0x000000008a800000, 0x000000008a800000| Untracked 
| 169|0x000000008a900000, 0x000000008aa00000, 0x000000008aa00000|100%| O|  |TAMS 0x000000008a900000, 0x000000008a900000| Untracked 
| 170|0x000000008aa00000, 0x000000008aa00000, 0x000000008ab00000|  0%| F|  |TAMS 0x000000008aa00000, 0x000000008aa00000| Untracked 
| 171|0x000000008ab00000, 0x000000008ab00000, 0x000000008ac00000|  0%| F|  |TAMS 0x000000008ab00000, 0x000000008ab00000| Untracked 
| 172|0x000000008ac00000, 0x000000008ac00000, 0x000000008ad00000|  0%| F|  |TAMS 0x000000008ac00000, 0x000000008ac00000| Untracked 
| 173|0x000000008ad00000, 0x000000008ad00000, 0x000000008ae00000|  0%| F|  |TAMS 0x000000008ad00000, 0x000000008ad00000| Untracked 
| 174|0x000000008ae00000, 0x000000008ae00000, 0x000000008af00000|  0%| F|  |TAMS 0x000000008ae00000, 0x000000008ae00000| Untracked 
| 175|0x000000008af00000, 0x000000008af00000, 0x000000008b000000|  0%| F|  |TAMS 0x000000008af00000, 0x000000008af00000| Untracked 
| 176|0x000000008b000000, 0x000000008b000000, 0x000000008b100000|  0%| F|  |TAMS 0x000000008b000000, 0x000000008b000000| Untracked 
| 177|0x000000008b100000, 0x000000008b100000, 0x000000008b200000|  0%| F|  |TAMS 0x000000008b100000, 0x000000008b100000| Untracked 
| 178|0x000000008b200000, 0x000000008b200000, 0x000000008b300000|  0%| F|  |TAMS 0x000000008b200000, 0x000000008b200000| Untracked 
| 179|0x000000008b300000, 0x000000008b300000, 0x000000008b400000|  0%| F|  |TAMS 0x000000008b300000, 0x000000008b300000| Untracked 
| 180|0x000000008b400000, 0x000000008b400000, 0x000000008b500000|  0%| F|  |TAMS 0x000000008b400000, 0x000000008b400000| Untracked 
| 181|0x000000008b500000, 0x000000008b500000, 0x000000008b600000|  0%| F|  |TAMS 0x000000008b500000, 0x000000008b500000| Untracked 
| 182|0x000000008b600000, 0x000000008b600000, 0x000000008b700000|  0%| F|  |TAMS 0x000000008b600000, 0x000000008b600000| Untracked 
| 183|0x000000008b700000, 0x000000008b700000, 0x000000008b800000|  0%| F|  |TAMS 0x000000008b700000, 0x000000008b700000| Untracked 
| 184|0x000000008b800000, 0x000000008b800000, 0x000000008b900000|  0%| F|  |TAMS 0x000000008b800000, 0x000000008b800000| Untracked 
| 185|0x000000008b900000, 0x000000008b900000, 0x000000008ba00000|  0%| F|  |TAMS 0x000000008b900000, 0x000000008b900000| Untracked 
| 186|0x000000008ba00000, 0x000000008ba00000, 0x000000008bb00000|  0%| F|  |TAMS 0x000000008ba00000, 0x000000008ba00000| Untracked 
| 187|0x000000008bb00000, 0x000000008bb00000, 0x000000008bc00000|  0%| F|  |TAMS 0x000000008bb00000, 0x000000008bb00000| Untracked 
| 188|0x000000008bc00000, 0x000000008bc00000, 0x000000008bd00000|  0%| F|  |TAMS 0x000000008bc00000, 0x000000008bc00000| Untracked 
| 189|0x000000008bd00000, 0x000000008bd00000, 0x000000008be00000|  0%| F|  |TAMS 0x000000008bd00000, 0x000000008bd00000| Untracked 
| 190|0x000000008be00000, 0x000000008be00000, 0x000000008bf00000|  0%| F|  |TAMS 0x000000008be00000, 0x000000008be00000| Untracked 
| 191|0x000000008bf00000, 0x000000008bf00000, 0x000000008c000000|  0%| F|  |TAMS 0x000000008bf00000, 0x000000008bf00000| Untracked 
| 192|0x000000008c000000, 0x000000008c000000, 0x000000008c100000|  0%| F|  |TAMS 0x000000008c000000, 0x000000008c000000| Untracked 
| 193|0x000000008c100000, 0x000000008c100000, 0x000000008c200000|  0%| F|  |TAMS 0x000000008c100000, 0x000000008c100000| Untracked 
| 194|0x000000008c200000, 0x000000008c200000, 0x000000008c300000|  0%| F|  |TAMS 0x000000008c200000, 0x000000008c200000| Untracked 
| 195|0x000000008c300000, 0x000000008c300000, 0x000000008c400000|  0%| F|  |TAMS 0x000000008c300000, 0x000000008c300000| Untracked 
| 196|0x000000008c400000, 0x000000008c400000, 0x000000008c500000|  0%| F|  |TAMS 0x000000008c400000, 0x000000008c400000| Untracked 
| 197|0x000000008c500000, 0x000000008c500000, 0x000000008c600000|  0%| F|  |TAMS 0x000000008c500000, 0x000000008c500000| Untracked 
| 198|0x000000008c600000, 0x000000008c600000, 0x000000008c700000|  0%| F|  |TAMS 0x000000008c600000, 0x000000008c600000| Untracked 
| 199|0x000000008c700000, 0x000000008c700000, 0x000000008c800000|  0%| F|  |TAMS 0x000000008c700000, 0x000000008c700000| Untracked 
| 200|0x000000008c800000, 0x000000008c800000, 0x000000008c900000|  0%| F|  |TAMS 0x000000008c800000, 0x000000008c800000| Untracked 
| 201|0x000000008c900000, 0x000000008c900000, 0x000000008ca00000|  0%| F|  |TAMS 0x000000008c900000, 0x000000008c900000| Untracked 
| 202|0x000000008ca00000, 0x000000008ca00000, 0x000000008cb00000|  0%| F|  |TAMS 0x000000008ca00000, 0x000000008ca00000| Untracked 
| 203|0x000000008cb00000, 0x000000008cb00000, 0x000000008cc00000|  0%| F|  |TAMS 0x000000008cb00000, 0x000000008cb00000| Untracked 
| 204|0x000000008cc00000, 0x000000008cc00000, 0x000000008cd00000|  0%| F|  |TAMS 0x000000008cc00000, 0x000000008cc00000| Untracked 
| 205|0x000000008cd00000, 0x000000008ce00000, 0x000000008ce00000|100%| S|CS|TAMS 0x000000008cd00000, 0x000000008cd00000| Complete 
| 206|0x000000008ce00000, 0x000000008cf00000, 0x000000008cf00000|100%| S|CS|TAMS 0x000000008ce00000, 0x000000008ce00000| Complete 
| 207|0x000000008cf00000, 0x000000008d000000, 0x000000008d000000|100%| S|CS|TAMS 0x000000008cf00000, 0x000000008cf00000| Complete 
| 208|0x000000008d000000, 0x000000008d100000, 0x000000008d100000|100%| S|CS|TAMS 0x000000008d000000, 0x000000008d000000| Complete 
| 209|0x000000008d100000, 0x000000008d100000, 0x000000008d200000|  0%| F|  |TAMS 0x000000008d100000, 0x000000008d100000| Untracked 
| 210|0x000000008d200000, 0x000000008d200000, 0x000000008d300000|  0%| F|  |TAMS 0x000000008d200000, 0x000000008d200000| Untracked 
| 211|0x000000008d300000, 0x000000008d300000, 0x000000008d400000|  0%| F|  |TAMS 0x000000008d300000, 0x000000008d300000| Untracked 
| 212|0x000000008d400000, 0x000000008d400000, 0x000000008d500000|  0%| F|  |TAMS 0x000000008d400000, 0x000000008d400000| Untracked 
| 213|0x000000008d500000, 0x000000008d500000, 0x000000008d600000|  0%| F|  |TAMS 0x000000008d500000, 0x000000008d500000| Untracked 
| 214|0x000000008d600000, 0x000000008d600000, 0x000000008d700000|  0%| F|  |TAMS 0x000000008d600000, 0x000000008d600000| Untracked 
| 215|0x000000008d700000, 0x000000008d700000, 0x000000008d800000|  0%| F|  |TAMS 0x000000008d700000, 0x000000008d700000| Untracked 
| 216|0x000000008d800000, 0x000000008d800000, 0x000000008d900000|  0%| F|  |TAMS 0x000000008d800000, 0x000000008d800000| Untracked 
| 217|0x000000008d900000, 0x000000008d900000, 0x000000008da00000|  0%| F|  |TAMS 0x000000008d900000, 0x000000008d900000| Untracked 
| 218|0x000000008da00000, 0x000000008da00000, 0x000000008db00000|  0%| F|  |TAMS 0x000000008da00000, 0x000000008da00000| Untracked 
| 219|0x000000008db00000, 0x000000008db00000, 0x000000008dc00000|  0%| F|  |TAMS 0x000000008db00000, 0x000000008db00000| Untracked 
| 220|0x000000008dc00000, 0x000000008dc00000, 0x000000008dd00000|  0%| F|  |TAMS 0x000000008dc00000, 0x000000008dc00000| Untracked 
| 221|0x000000008dd00000, 0x000000008dd00000, 0x000000008de00000|  0%| F|  |TAMS 0x000000008dd00000, 0x000000008dd00000| Untracked 
| 222|0x000000008de00000, 0x000000008de00000, 0x000000008df00000|  0%| F|  |TAMS 0x000000008de00000, 0x000000008de00000| Untracked 
| 223|0x000000008df00000, 0x000000008df00000, 0x000000008e000000|  0%| F|  |TAMS 0x000000008df00000, 0x000000008df00000| Untracked 
| 224|0x000000008e000000, 0x000000008e000000, 0x000000008e100000|  0%| F|  |TAMS 0x000000008e000000, 0x000000008e000000| Untracked 
| 225|0x000000008e100000, 0x000000008e100000, 0x000000008e200000|  0%| F|  |TAMS 0x000000008e100000, 0x000000008e100000| Untracked 
| 226|0x000000008e200000, 0x000000008e200000, 0x000000008e300000|  0%| F|  |TAMS 0x000000008e200000, 0x000000008e200000| Untracked 
| 227|0x000000008e300000, 0x000000008e300000, 0x000000008e400000|  0%| F|  |TAMS 0x000000008e300000, 0x000000008e300000| Untracked 
| 228|0x000000008e400000, 0x000000008e400000, 0x000000008e500000|  0%| F|  |TAMS 0x000000008e400000, 0x000000008e400000| Untracked 
| 229|0x000000008e500000, 0x000000008e500000, 0x000000008e600000|  0%| F|  |TAMS 0x000000008e500000, 0x000000008e500000| Untracked 
| 230|0x000000008e600000, 0x000000008e600000, 0x000000008e700000|  0%| F|  |TAMS 0x000000008e600000, 0x000000008e600000| Untracked 
| 231|0x000000008e700000, 0x000000008e700000, 0x000000008e800000|  0%| F|  |TAMS 0x000000008e700000, 0x000000008e700000| Untracked 
| 232|0x000000008e800000, 0x000000008e800000, 0x000000008e900000|  0%| F|  |TAMS 0x000000008e800000, 0x000000008e800000| Untracked 
| 233|0x000000008e900000, 0x000000008e900000, 0x000000008ea00000|  0%| F|  |TAMS 0x000000008e900000, 0x000000008e900000| Untracked 

Card table byte_map: [0x0000020dd8d00000,0x0000020dd9100000] _byte_map_base: 0x0000020dd8900000

Marking Bits (Prev, Next): (CMBitMap*) 0x0000020dc615b0b0, (CMBitMap*) 0x0000020dc615b070
 Prev Bits: [0x0000020ddb500000, 0x0000020ddd500000)
 Next Bits: [0x0000020dd9500000, 0x0000020ddb500000)

Polling page: 0x0000020dc4110000

Metaspace:

Usage:
  Non-class:     82.71 MB used.
      Class:     13.29 MB used.
       Both:     96.00 MB used.

Virtual space:
  Non-class space:       88.00 MB reserved,      83.06 MB ( 94%) committed,  11 nodes.
      Class space:        1.00 GB reserved,      13.62 MB (  1%) committed,  1 nodes.
             Both:        1.09 GB reserved,      96.69 MB (  9%) committed. 

Chunk freelists:
   Non-Class:  640.00 KB
       Class:  2.41 MB
        Both:  3.03 MB

MaxMetaspaceSize: unlimited
CompressedClassSpaceSize: 1.00 GB
Initial GC threshold: 21.00 MB
Current GC threshold: 156.06 MB
CDS: off
MetaspaceReclaimPolicy: balanced
 - commit_granule_bytes: 65536.
 - commit_granule_words: 8192.
 - virtual_space_node_default_size: 1048576.
 - enlarge_chunks_in_place: 1.
 - new_chunks_are_fully_committed: 0.
 - uncommit_free_chunks: 1.
 - use_allocation_guard: 0.
 - handle_deallocations: 1.


Internal statistics:

num_allocs_failed_limit: 6.
num_arena_births: 966.
num_arena_deaths: 14.
num_vsnodes_births: 12.
num_vsnodes_deaths: 0.
num_space_committed: 1546.
num_space_uncommitted: 0.
num_chunks_returned_to_freelist: 26.
num_chunks_taken_from_freelist: 4697.
num_chunk_merges: 14.
num_chunk_splits: 3053.
num_chunks_enlarged: 1969.
num_purges: 2.
num_inconsistent_stats: 0.

CodeHeap 'non-profiled nmethods': size=120000Kb used=5609Kb max_used=5687Kb free=114390Kb
 bounds [0x0000020dd10a0000, 0x0000020dd1660000, 0x0000020dd85d0000]
CodeHeap 'profiled nmethods': size=120000Kb used=20735Kb max_used=20735Kb free=99264Kb
 bounds [0x0000020dc95d0000, 0x0000020dcaa10000, 0x0000020dd0b00000]
CodeHeap 'non-nmethods': size=5760Kb used=2465Kb max_used=2495Kb free=3294Kb
 bounds [0x0000020dd0b00000, 0x0000020dd0d90000, 0x0000020dd10a0000]
 total_blobs=11460 nmethods=10521 adapters=849
 compilation: enabled
              stopped_count=0, restarted_count=0
 full_count=0

Compilation events (20 events):
Event: 17.883 Thread 0x0000020de08c0cc0 12247       2       com.android.tools.r8.dex.code.y2::<init> (7 bytes)
Event: 17.883 Thread 0x0000020de08c0cc0 nmethod 12247 0x0000020dcaa0c890 code [0x0000020dcaa0ca20, 0x0000020dcaa0cb48]
Event: 17.896 Thread 0x0000020de08c0cc0 12249       2       com.android.tools.r8.dex.code.j1::<init> (7 bytes)
Event: 17.896 Thread 0x0000020de08c0cc0 nmethod 12249 0x0000020dcaa0cc10 code [0x0000020dcaa0cda0, 0x0000020dcaa0cec8]
Event: 17.908 Thread 0x0000020de08c0cc0 12252       2       com.android.tools.r8.dex.code.Q::<init> (7 bytes)
Event: 17.908 Thread 0x0000020de08c0cc0 nmethod 12252 0x0000020dcaa0cf90 code [0x0000020dcaa0d120, 0x0000020dcaa0d248]
Event: 17.910 Thread 0x0000020de08c0cc0 12253       2       com.android.tools.r8.dex.code.j::<init> (7 bytes)
Event: 17.910 Thread 0x0000020de08c0cc0 nmethod 12253 0x0000020dcaa0d310 code [0x0000020dcaa0d4a0, 0x0000020dcaa0d5c8]
Event: 17.925 Thread 0x0000020de08c0cc0 12255       2       com.android.tools.r8.internal.b1::iterator (5 bytes)
Event: 17.925 Thread 0x0000020de08c0cc0 nmethod 12255 0x0000020dcaa0d690 code [0x0000020dcaa0d840, 0x0000020dcaa0da28]
Event: 17.925 Thread 0x0000020de08c0cc0 12256       2       com.android.tools.r8.internal.MJ::iterator (12 bytes)
Event: 17.925 Thread 0x0000020de08c0cc0 nmethod 12256 0x0000020dcaa0db10 code [0x0000020dcaa0dcc0, 0x0000020dcaa0dea8]
Event: 17.925 Thread 0x0000020de08c0cc0 12257       2       com.android.tools.r8.internal.IJ::<init> (12 bytes)
Event: 17.925 Thread 0x0000020de08c0cc0 nmethod 12257 0x0000020dcaa0df90 code [0x0000020dcaa0e120, 0x0000020dcaa0e288]
Event: 17.925 Thread 0x0000020de08c0cc0 12258       2       com.android.tools.r8.internal.NJ::<init> (6 bytes)
Event: 17.925 Thread 0x0000020de08c0cc0 nmethod 12258 0x0000020dcaa0e390 code [0x0000020dcaa0e520, 0x0000020dcaa0e648]
Event: 17.925 Thread 0x0000020de08c0cc0 12259       2       com.android.tools.r8.internal.NJ::<init> (41 bytes)
Event: 17.926 Thread 0x0000020de08c0cc0 nmethod 12259 0x0000020dcaa0e710 code [0x0000020dcaa0e8a0, 0x0000020dcaa0ea38]
Event: 17.938 Thread 0x0000020de08c0cc0 12260 %     3       com.android.tools.r8.dex.B::f @ 34 (109 bytes)
Event: 17.938 Thread 0x0000020de08c0cc0 nmethod 12260% 0x0000020dcaa0eb10 code [0x0000020dcaa0ed80, 0x0000020dcaa0f978]

GC Heap History (20 events):
Event: 13.970 GC heap after
{Heap after GC invocations=36 (full 0):
 garbage-first heap   total 132096K, used 78498K [0x0000000080000000, 0x0000000100000000)
  region size 1024K, 4 young (4096K), 4 survivors (4096K)
 Metaspace       used 84363K, committed 85056K, reserved 1130496K
  class space    used 11664K, committed 11968K, reserved 1048576K
}
Event: 13.984 GC heap before
{Heap before GC invocations=36 (full 0):
 garbage-first heap   total 132096K, used 79522K [0x0000000080000000, 0x0000000100000000)
  region size 1024K, 6 young (6144K), 4 survivors (4096K)
 Metaspace       used 84377K, committed 85056K, reserved 1130496K
  class space    used 11664K, committed 11968K, reserved 1048576K
}
Event: 13.987 GC heap after
{Heap after GC invocations=37 (full 0):
 garbage-first heap   total 132096K, used 78903K [0x0000000080000000, 0x0000000100000000)
  region size 1024K, 1 young (1024K), 1 survivors (1024K)
 Metaspace       used 84377K, committed 85056K, reserved 1130496K
  class space    used 11664K, committed 11968K, reserved 1048576K
}
Event: 14.274 GC heap before
{Heap before GC invocations=37 (full 0):
 garbage-first heap   total 132096K, used 106551K [0x0000000080000000, 0x0000000100000000)
  region size 1024K, 29 young (29696K), 1 survivors (1024K)
 Metaspace       used 84593K, committed 85184K, reserved 1130496K
  class space    used 11668K, committed 11968K, reserved 1048576K
}
Event: 14.278 GC heap after
{Heap after GC invocations=38 (full 0):
 garbage-first heap   total 239616K, used 80128K [0x0000000080000000, 0x0000000100000000)
  region size 1024K, 2 young (2048K), 2 survivors (2048K)
 Metaspace       used 84593K, committed 85184K, reserved 1130496K
  class space    used 11668K, committed 11968K, reserved 1048576K
}
Event: 15.756 GC heap before
{Heap before GC invocations=39 (full 0):
 garbage-first heap   total 239616K, used 185600K [0x0000000080000000, 0x0000000100000000)
  region size 1024K, 105 young (107520K), 2 survivors (2048K)
 Metaspace       used 88555K, committed 89216K, reserved 1130496K
  class space    used 12097K, committed 12416K, reserved 1048576K
}
Event: 15.777 GC heap after
{Heap after GC invocations=40 (full 0):
 garbage-first heap   total 239616K, used 87104K [0x0000000080000000, 0x0000000100000000)
  region size 1024K, 9 young (9216K), 9 survivors (9216K)
 Metaspace       used 88555K, committed 89216K, reserved 1130496K
  class space    used 12097K, committed 12416K, reserved 1048576K
}
Event: 15.790 GC heap before
{Heap before GC invocations=40 (full 0):
 garbage-first heap   total 239616K, used 89152K [0x0000000080000000, 0x0000000100000000)
  region size 1024K, 11 young (11264K), 9 survivors (9216K)
 Metaspace       used 88611K, committed 89280K, reserved 1130496K
  class space    used 12108K, committed 12416K, reserved 1048576K
}
Event: 15.805 GC heap after
{Heap after GC invocations=41 (full 0):
 garbage-first heap   total 239616K, used 87553K [0x0000000080000000, 0x0000000100000000)
  region size 1024K, 2 young (2048K), 2 survivors (2048K)
 Metaspace       used 88611K, committed 89280K, reserved 1130496K
  class space    used 12108K, committed 12416K, reserved 1048576K
}
Event: 16.691 GC heap before
{Heap before GC invocations=41 (full 0):
 garbage-first heap   total 239616K, used 171521K [0x0000000080000000, 0x0000000100000000)
  region size 1024K, 66 young (67584K), 2 survivors (2048K)
 Metaspace       used 94940K, committed 95552K, reserved 1138688K
  class space    used 12968K, committed 13248K, reserved 1048576K
}
Event: 16.698 GC heap after
{Heap after GC invocations=42 (full 0):
 garbage-first heap   total 239616K, used 112756K [0x0000000080000000, 0x0000000100000000)
  region size 1024K, 11 young (11264K), 11 survivors (11264K)
 Metaspace       used 94940K, committed 95552K, reserved 1138688K
  class space    used 12968K, committed 13248K, reserved 1048576K
}
Event: 16.703 GC heap before
{Heap before GC invocations=42 (full 0):
 garbage-first heap   total 239616K, used 118900K [0x0000000080000000, 0x0000000100000000)
  region size 1024K, 13 young (13312K), 11 survivors (11264K)
 Metaspace       used 94963K, committed 95616K, reserved 1138688K
  class space    used 12972K, committed 13248K, reserved 1048576K
}
Event: 16.708 GC heap after
{Heap after GC invocations=43 (full 0):
 garbage-first heap   total 239616K, used 115576K [0x0000000080000000, 0x0000000100000000)
  region size 1024K, 2 young (2048K), 2 survivors (2048K)
 Metaspace       used 94963K, committed 95616K, reserved 1138688K
  class space    used 12972K, committed 13248K, reserved 1048576K
}
Event: 17.491 GC heap before
{Heap before GC invocations=44 (full 0):
 garbage-first heap   total 239616K, used 194424K [0x0000000080000000, 0x0000000100000000)
  region size 1024K, 64 young (65536K), 2 survivors (2048K)
 Metaspace       used 97954K, committed 98624K, reserved 1138688K
  class space    used 13600K, committed 13952K, reserved 1048576K
}
Event: 17.520 GC heap after
{Heap after GC invocations=45 (full 0):
 garbage-first heap   total 239616K, used 142769K [0x0000000080000000, 0x0000000100000000)
  region size 1024K, 8 young (8192K), 8 survivors (8192K)
 Metaspace       used 97954K, committed 98624K, reserved 1138688K
  class space    used 13600K, committed 13952K, reserved 1048576K
}
Event: 17.564 GC heap before
{Heap before GC invocations=45 (full 0):
 garbage-first heap   total 239616K, used 145841K [0x0000000080000000, 0x0000000100000000)
  region size 1024K, 11 young (11264K), 8 survivors (8192K)
 Metaspace       used 98064K, committed 98752K, reserved 1138688K
  class space    used 13609K, committed 13952K, reserved 1048576K
}
Event: 17.596 GC heap after
{Heap after GC invocations=46 (full 0):
 garbage-first heap   total 239616K, used 145033K [0x0000000080000000, 0x0000000100000000)
  region size 1024K, 2 young (2048K), 2 survivors (2048K)
 Metaspace       used 98064K, committed 98752K, reserved 1138688K
  class space    used 13609K, committed 13952K, reserved 1048576K
}
Event: 17.768 GC heap before
{Heap before GC invocations=46 (full 0):
 garbage-first heap   total 239616K, used 184969K [0x0000000080000000, 0x0000000100000000)
  region size 1024K, 42 young (43008K), 2 survivors (2048K)
 Metaspace       used 98296K, committed 99008K, reserved 1138688K
  class space    used 13610K, committed 13952K, reserved 1048576K
}
Event: 17.813 GC heap after
{Heap after GC invocations=47 (full 0):
 garbage-first heap   total 239616K, used 164828K [0x0000000080000000, 0x0000000100000000)
  region size 1024K, 6 young (6144K), 6 survivors (6144K)
 Metaspace       used 98296K, committed 99008K, reserved 1138688K
  class space    used 13610K, committed 13952K, reserved 1048576K
}
Event: 17.941 GC heap before
{Heap before GC invocations=47 (full 0):
 garbage-first heap   total 239616K, used 190428K [0x0000000080000000, 0x0000000100000000)
  region size 1024K, 31 young (31744K), 6 survivors (6144K)
 Metaspace       used 98307K, committed 99008K, reserved 1138688K
  class space    used 13610K, committed 13952K, reserved 1048576K
}

Dll operation events (2 events):
Event: 0.015 Loaded shared library C:\Program Files\Android\Android Studio\jbr\bin\java.dll
Event: 0.501 Loaded shared library C:\Program Files\Android\Android Studio\jbr\bin\verify.dll

Deoptimization events (20 events):
Event: 17.293 Thread 0x0000020de302c0b0 DEOPT PACKING pc=0x0000020dc9a6d506 sp=0x000000cd41efd550
Event: 17.293 Thread 0x0000020de302c0b0 DEOPT UNPACKING pc=0x0000020dd0b57143 sp=0x000000cd41efc9c8 mode 0
Event: 17.294 Thread 0x0000020de302c0b0 DEOPT PACKING pc=0x0000020dc9a6d506 sp=0x000000cd41efd550
Event: 17.294 Thread 0x0000020de302c0b0 DEOPT UNPACKING pc=0x0000020dd0b57143 sp=0x000000cd41efc9c8 mode 0
Event: 17.294 Thread 0x0000020de302c0b0 DEOPT PACKING pc=0x0000020dc9a6d506 sp=0x000000cd41efd550
Event: 17.294 Thread 0x0000020de302c0b0 DEOPT UNPACKING pc=0x0000020dd0b57143 sp=0x000000cd41efc9c8 mode 0
Event: 17.295 Thread 0x0000020de302c0b0 DEOPT PACKING pc=0x0000020dc9a6d506 sp=0x000000cd41efd550
Event: 17.295 Thread 0x0000020de302c0b0 DEOPT UNPACKING pc=0x0000020dd0b57143 sp=0x000000cd41efc9c8 mode 0
Event: 17.296 Thread 0x0000020de302c0b0 DEOPT PACKING pc=0x0000020dc9a6d506 sp=0x000000cd41efd550
Event: 17.296 Thread 0x0000020de302c0b0 DEOPT UNPACKING pc=0x0000020dd0b57143 sp=0x000000cd41efc9c8 mode 0
Event: 17.296 Thread 0x0000020de302c0b0 DEOPT PACKING pc=0x0000020dc9a6d506 sp=0x000000cd41efd550
Event: 17.296 Thread 0x0000020de302c0b0 DEOPT UNPACKING pc=0x0000020dd0b57143 sp=0x000000cd41efc9c8 mode 0
Event: 17.647 Thread 0x0000020de9a21a90 DEOPT PACKING pc=0x0000020dca95e441 sp=0x000000cd42afe660
Event: 17.647 Thread 0x0000020de9a21a90 DEOPT UNPACKING pc=0x0000020dd0b57143 sp=0x000000cd42afdc50 mode 0
Event: 17.679 Thread 0x0000020de20dab30 DEOPT PACKING pc=0x0000020dca98ed29 sp=0x000000cd427fea20
Event: 17.681 Thread 0x0000020de20dab30 DEOPT UNPACKING pc=0x0000020dd0b57143 sp=0x000000cd427fdf68 mode 0
Event: 17.683 Thread 0x0000020de95f0050 DEOPT PACKING pc=0x0000020dca96feec sp=0x000000cd429fe930
Event: 17.683 Thread 0x0000020de95f0050 DEOPT UNPACKING pc=0x0000020dd0b57143 sp=0x000000cd429fde38 mode 0
Event: 17.741 Thread 0x0000020de95f0050 DEOPT PACKING pc=0x0000020dca9ccbf1 sp=0x000000cd429fe730
Event: 17.741 Thread 0x0000020de95f0050 DEOPT UNPACKING pc=0x0000020dd0b57143 sp=0x000000cd429fdc48 mode 0

Classes unloaded (7 events):
Event: 14.373 Thread 0x0000020ddff4fc50 Unloading class 0x0000000100ba5c00 'java/lang/invoke/LambdaForm$DMH+0x0000000100ba5c00'
Event: 14.373 Thread 0x0000020ddff4fc50 Unloading class 0x0000000100ba5800 'java/lang/invoke/LambdaForm$DMH+0x0000000100ba5800'
Event: 14.373 Thread 0x0000020ddff4fc50 Unloading class 0x0000000100ba5400 'java/lang/invoke/LambdaForm$DMH+0x0000000100ba5400'
Event: 14.373 Thread 0x0000020ddff4fc50 Unloading class 0x0000000100ba5000 'java/lang/invoke/LambdaForm$DMH+0x0000000100ba5000'
Event: 14.373 Thread 0x0000020ddff4fc50 Unloading class 0x0000000100ba4400 'java/lang/invoke/LambdaForm$DMH+0x0000000100ba4400'
Event: 14.373 Thread 0x0000020ddff4fc50 Unloading class 0x0000000100ba4c00 'java/lang/invoke/LambdaForm$DMH+0x0000000100ba4c00'
Event: 14.373 Thread 0x0000020ddff4fc50 Unloading class 0x0000000100ba4800 'java/lang/invoke/LambdaForm$DMH+0x0000000100ba4800'

Classes redefined (0 events):
No events

Internal exceptions (20 events):
Event: 15.293 Thread 0x0000020de44ba8f0 Exception <a 'java/lang/NoSuchMethodError'{0x000000008ae7cb90}: static Lcom/android/build/api/variant/impl/VariantOutputImpl$SerializedForm;.<clinit>()V> (0x000000008ae7cb90) 
thrown [s\src\hotspot\share\prims\jni.cpp, line 1108]
Event: 15.294 Thread 0x0000020de44ba8f0 Exception <a 'java/lang/NoSuchMethodError'{0x000000008ae90840}: static Lcom/android/build/api/variant/impl/VariantOutputConfigurationImpl;.<clinit>()V> (0x000000008ae90840) 
thrown [s\src\hotspot\share\prims\jni.cpp, line 1108]
Event: 15.322 Thread 0x0000020de44b8270 Exception <a 'sun/nio/fs/WindowsException'{0x000000008ad76a10}> (0x000000008ad76a10) 
thrown [s\src\hotspot\share\prims\jni.cpp, line 517]
Event: 15.335 Thread 0x0000020de44b8270 Exception <a 'java/lang/NoSuchMethodError'{0x000000008ace4758}: 'int java.lang.invoke.DirectMethodHandle$Holder.invokeSpecial(java.lang.Object, java.lang.Object, java.lang.Object, java.lang.Object, java.lang.Object)'> (0x000000008ace4758) 
thrown [s\src\hotspot\share\interpreter\linkResolver.cpp, line 771]
Event: 15.418 Thread 0x0000020de4e7a620 Exception <a 'sun/nio/fs/WindowsException'{0x000000008e37a4f8}> (0x000000008e37a4f8) 
thrown [s\src\hotspot\share\prims\jni.cpp, line 517]
Event: 16.046 Thread 0x0000020de44b8270 Exception <a 'sun/nio/fs/WindowsException'{0x000000008dba9240}> (0x000000008dba9240) 
thrown [s\src\hotspot\share\prims\jni.cpp, line 517]
Event: 16.151 Thread 0x0000020de44b8270 Exception <a 'sun/nio/fs/WindowsException'{0x000000008d0b53c8}> (0x000000008d0b53c8) 
thrown [s\src\hotspot\share\prims\jni.cpp, line 517]
Event: 16.338 Thread 0x0000020de302c0b0 Exception <a 'sun/nio/fs/WindowsException'{0x000000008c414b80}> (0x000000008c414b80) 
thrown [s\src\hotspot\share\prims\jni.cpp, line 517]
Event: 16.672 Thread 0x0000020de302c0b0 Exception <a 'java/lang/NoSuchMethodError'{0x000000008af8dd18}: 'java.lang.Object java.lang.invoke.DirectMethodHandle$Holder.invokeStaticInit(java.lang.Object, java.lang.Object, java.lang.Object, java.lang.Object, java.lang.Object, java.lang.Object, java.lang.Object, java.lang.Object, java.lang.Object, java.lang.Object, java.lang.Object, java.lang.Object, java.lang.Object, java.lang.Object, java.lang.Object, java.lang.Object, java.lang.Object, java.lang.Object, java.lang.Object, java.lang.Object, int, java
Event: 16.822 Thread 0x0000020de3be7080 Exception <a 'java/lang/NoSuchMethodError'{0x000000008e578250}: 'void java.lang.invoke.DirectMethodHandle$Holder.invokeStatic(java.lang.Object, long)'> (0x000000008e578250) 
thrown [s\src\hotspot\share\interpreter\linkResolver.cpp, line 771]
Event: 16.823 Thread 0x0000020de3be7080 Exception <a 'java/lang/NoSuchMethodError'{0x000000008e57db08}: 'java.lang.Object java.lang.invoke.DirectMethodHandle$Holder.newInvokeSpecial(java.lang.Object, long)'> (0x000000008e57db08) 
thrown [s\src\hotspot\share\interpreter\linkResolver.cpp, line 771]
Event: 16.842 Thread 0x0000020de3be7080 Exception <a 'java/lang/NoSuchMethodError'{0x000000008e5847c8}: 'java.lang.Object java.lang.invoke.DirectMethodHandle$Holder.invokeStatic(java.lang.Object, java.lang.Object, long, java.lang.Object)'> (0x000000008e5847c8) 
thrown [s\src\hotspot\share\interpreter\linkResolver.cpp, line 771]
Event: 16.842 Thread 0x0000020de3be7080 Exception <a 'java/lang/NoSuchMethodError'{0x000000008e588248}: 'java.lang.Object java.lang.invoke.DirectMethodHandle$Holder.invokeStaticInit(java.lang.Object, java.lang.Object, long, java.lang.Object)'> (0x000000008e588248) 
thrown [s\src\hotspot\share\interpreter\linkResolver.cpp, line 771]
Event: 17.250 Thread 0x0000020de3be7080 Exception <a 'java/lang/NoSuchMethodError'{0x000000008c3150d8}: 'int java.lang.invoke.DirectMethodHandle$Holder.invokeSpecialIFC(java.lang.Object, java.lang.Object, java.lang.Object)'> (0x000000008c3150d8) 
thrown [s\src\hotspot\share\interpreter\linkResolver.cpp, line 771]
Event: 17.361 Thread 0x0000020de6720cf0 Exception <a 'java/lang/IncompatibleClassChangeError'{0x000000008b27b790}: Found class java.lang.Object, but interface was expected> (0x000000008b27b790) 
thrown [s\src\hotspot\share\interpreter\linkResolver.cpp, line 838]
Event: 17.396 Thread 0x0000020de44bbc30 Exception <a 'java/lang/NoSuchMethodError'{0x000000008b0ba0b0}: 'long java.lang.invoke.DirectMethodHandle$Holder.invokeStatic(java.lang.Object, java.lang.Object, java.lang.Object)'> (0x000000008b0ba0b0) 
thrown [s\src\hotspot\share\interpreter\linkResolver.cpp, line 771]
Event: 17.396 Thread 0x0000020de6720cf0 Exception <a 'java/lang/NoSuchMethodError'{0x000000008b0c62e8}: 'long java.lang.invoke.DirectMethodHandle$Holder.invokeStatic(java.lang.Object, java.lang.Object, java.lang.Object)'> (0x000000008b0c62e8) 
thrown [s\src\hotspot\share\interpreter\linkResolver.cpp, line 771]
Event: 17.396 Thread 0x0000020de9a22dd0 Exception <a 'java/lang/NoSuchMethodError'{0x000000008b0a1400}: 'long java.lang.invoke.DirectMethodHandle$Holder.invokeStatic(java.lang.Object, java.lang.Object, java.lang.Object)'> (0x000000008b0a1400) 
thrown [s\src\hotspot\share\interpreter\linkResolver.cpp, line 771]
Event: 17.406 Thread 0x0000020de6720cf0 Exception <a 'java/lang/IncompatibleClassChangeError'{0x000000008af84828}: Found class java.lang.Object, but interface was expected> (0x000000008af84828) 
thrown [s\src\hotspot\share\interpreter\linkResolver.cpp, line 838]
Event: 17.406 Thread 0x0000020de6720cf0 Exception <a 'java/lang/IncompatibleClassChangeError'{0x000000008af92878}: Found class java.lang.Object, but interface was expected> (0x000000008af92878) 
thrown [s\src\hotspot\share\interpreter\linkResolver.cpp, line 838]

VM Operations (20 events):
Event: 16.480 Executing VM operation: ICBufferFull done
Event: 16.691 Executing VM operation: G1TryInitiateConcMark
Event: 16.698 Executing VM operation: G1TryInitiateConcMark done
Event: 16.703 Executing VM operation: G1TryInitiateConcMark
Event: 16.709 Executing VM operation: G1TryInitiateConcMark done
Event: 16.845 Executing VM operation: HandshakeAllThreads
Event: 16.845 Executing VM operation: HandshakeAllThreads done
Event: 16.862 Executing VM operation: G1Concurrent
Event: 16.887 Executing VM operation: G1Concurrent done
Event: 16.959 Executing VM operation: G1Concurrent
Event: 16.960 Executing VM operation: G1Concurrent done
Event: 17.490 Executing VM operation: G1CollectForAllocation
Event: 17.522 Executing VM operation: G1CollectForAllocation done
Event: 17.564 Executing VM operation: G1CollectForAllocation
Event: 17.601 Executing VM operation: G1CollectForAllocation done
Event: 17.682 Executing VM operation: HandshakeAllThreads
Event: 17.683 Executing VM operation: HandshakeAllThreads done
Event: 17.768 Executing VM operation: G1CollectForAllocation
Event: 17.817 Executing VM operation: G1CollectForAllocation done
Event: 17.941 Executing VM operation: G1CollectForAllocation

Events (20 events):
Event: 17.358 Thread 0x0000020de6720cf0 Thread added: 0x0000020de6720cf0
Event: 17.359 Thread 0x0000020de3be83c0 Thread added: 0x0000020de3be83c0
Event: 17.360 Thread 0x0000020de9a215c0 Thread added: 0x0000020de9a215c0
Event: 17.360 Thread 0x0000020de44bbc30 Thread added: 0x0000020de44bbc30
Event: 17.361 Thread 0x0000020de20dab30 Thread added: 0x0000020de20dab30
Event: 17.361 Thread 0x0000020de9a22dd0 Thread added: 0x0000020de9a22dd0
Event: 17.362 Thread 0x0000020de95f0050 Thread added: 0x0000020de95f0050
Event: 17.363 Thread 0x0000020de9a21a90 Thread added: 0x0000020de9a21a90
Event: 17.373 loading class java/lang/reflect/GenericSignatureFormatError
Event: 17.373 loading class java/lang/reflect/GenericSignatureFormatError done
Event: 17.392 loading class java/util/AbstractList$RandomAccessSubList
Event: 17.393 loading class java/util/AbstractList$SubList
Event: 17.393 loading class java/util/AbstractList$SubList done
Event: 17.393 loading class java/util/AbstractList$RandomAccessSubList done
Event: 17.394 loading class java/util/AbstractList$SubList$1
Event: 17.394 loading class java/util/AbstractList$SubList$1 done
Event: 17.445 loading class java/nio/ShortBuffer
Event: 17.445 loading class java/nio/ShortBuffer done
Event: 17.446 loading class java/nio/HeapShortBuffer
Event: 17.446 loading class java/nio/HeapShortBuffer done


Dynamic libraries:
0x00007ff7d15c0000 - 0x00007ff7d15ca000 	C:\Program Files\Android\Android Studio\jbr\bin\java.exe
0x00007ffd7e1d0000 - 0x00007ffd7e3c8000 	C:\WINDOWS\SYSTEM32\ntdll.dll
0x00007ffd7de30000 - 0x00007ffd7deed000 	C:\WINDOWS\System32\KERNEL32.DLL
0x00007ffd7bc00000 - 0x00007ffd7bef6000 	C:\WINDOWS\System32\KERNELBASE.dll
0x00007ffd7b940000 - 0x00007ffd7ba40000 	C:\WINDOWS\System32\ucrtbase.dll
0x00007ffd26f50000 - 0x00007ffd26f67000 	C:\Program Files\Android\Android Studio\jbr\bin\jli.dll
0x00007ffd76030000 - 0x00007ffd7604b000 	C:\Program Files\Android\Android Studio\jbr\bin\VCRUNTIME140.dll
0x00007ffd7d610000 - 0x00007ffd7d7ae000 	C:\WINDOWS\System32\USER32.dll
0x00007ffd7c200000 - 0x00007ffd7c222000 	C:\WINDOWS\System32\win32u.dll
0x00007ffd7e030000 - 0x00007ffd7e05c000 	C:\WINDOWS\System32\GDI32.dll
0x00007ffd7bf00000 - 0x00007ffd7c01a000 	C:\WINDOWS\System32\gdi32full.dll
0x00007ffd61c50000 - 0x00007ffd61eea000 	C:\WINDOWS\WinSxS\amd64_microsoft.windows.common-controls_6595b64144ccf1df_6.0.19041.3636_none_60b6a03d71f818d5\COMCTL32.dll
0x00007ffd7bb60000 - 0x00007ffd7bbfd000 	C:\WINDOWS\System32\msvcp_win.dll
0x00007ffd7c2f0000 - 0x00007ffd7c38e000 	C:\WINDOWS\System32\msvcrt.dll
0x00007ffd7c930000 - 0x00007ffd7c960000 	C:\WINDOWS\System32\IMM32.DLL
0x00007ffd76150000 - 0x00007ffd7615c000 	C:\Program Files\Android\Android Studio\jbr\bin\vcruntime140_1.dll
0x00007ffd59900000 - 0x00007ffd5998d000 	C:\Program Files\Android\Android Studio\jbr\bin\msvcp140.dll
0x00007ffd271a0000 - 0x00007ffd27e0e000 	C:\Program Files\Android\Android Studio\jbr\bin\server\jvm.dll
0x00007ffd7dc50000 - 0x00007ffd7dcff000 	C:\WINDOWS\System32\ADVAPI32.dll
0x00007ffd7d230000 - 0x00007ffd7d2cc000 	C:\WINDOWS\System32\sechost.dll
0x00007ffd7dd00000 - 0x00007ffd7de26000 	C:\WINDOWS\System32\RPCRT4.dll
0x00007ffd73fb0000 - 0x00007ffd73fba000 	C:\WINDOWS\SYSTEM32\VERSION.dll
0x00007ffd57480000 - 0x00007ffd57489000 	C:\WINDOWS\SYSTEM32\WSOCK32.dll
0x00007ffd66420000 - 0x00007ffd66447000 	C:\WINDOWS\SYSTEM32\WINMM.dll
0x00007ffd7d5a0000 - 0x00007ffd7d60b000 	C:\WINDOWS\System32\WS2_32.dll
0x00007ffd7a0c0000 - 0x00007ffd7a0d2000 	C:\WINDOWS\SYSTEM32\kernel.appcore.dll
0x00007ffd44b50000 - 0x00007ffd44b5a000 	C:\Program Files\Android\Android Studio\jbr\bin\jimage.dll
0x00007ffd79460000 - 0x00007ffd79644000 	C:\WINDOWS\SYSTEM32\DBGHELP.DLL
0x00007ffd697c0000 - 0x00007ffd697f4000 	C:\WINDOWS\SYSTEM32\dbgcore.DLL
0x00007ffd7b8b0000 - 0x00007ffd7b932000 	C:\WINDOWS\System32\bcryptPrimitives.dll
0x00007ffd29040000 - 0x00007ffd29065000 	C:\Program Files\Android\Android Studio\jbr\bin\java.dll
0x00007ffd403a0000 - 0x00007ffd403b8000 	C:\Program Files\Android\Android Studio\jbr\bin\zip.dll
0x00007ffd7cac0000 - 0x00007ffd7d204000 	C:\WINDOWS\System32\SHELL32.dll
0x00007ffd79910000 - 0x00007ffd7a0ab000 	C:\WINDOWS\SYSTEM32\windows.storage.dll
0x00007ffd7d7b0000 - 0x00007ffd7db04000 	C:\WINDOWS\System32\combase.dll
0x00007ffd7b220000 - 0x00007ffd7b24d000 	C:\WINDOWS\SYSTEM32\Wldp.dll
0x00007ffd7e0e0000 - 0x00007ffd7e18d000 	C:\WINDOWS\System32\SHCORE.dll
0x00007ffd7ca60000 - 0x00007ffd7cab5000 	C:\WINDOWS\System32\shlwapi.dll
0x00007ffd7b7e0000 - 0x00007ffd7b805000 	C:\WINDOWS\SYSTEM32\profapi.dll
0x00007ffd3a940000 - 0x00007ffd3a959000 	C:\Program Files\Android\Android Studio\jbr\bin\net.dll
0x00007ffd73390000 - 0x00007ffd7349a000 	C:\WINDOWS\SYSTEM32\WINHTTP.dll
0x00007ffd7af30000 - 0x00007ffd7af9a000 	C:\WINDOWS\system32\mswsock.dll
0x00007ffd2a360000 - 0x00007ffd2a376000 	C:\Program Files\Android\Android Studio\jbr\bin\nio.dll
0x00007ffd40200000 - 0x00007ffd40210000 	C:\Program Files\Android\Android Studio\jbr\bin\verify.dll
0x00007ffd44b10000 - 0x00007ffd44b37000 	C:\Users\jupi0\.gradle\native\68d5fa5c4cc2d200863cafc0d521ce42e7d3e7ee720ec0a83991735586a16f82\windows-amd64\native-platform.dll
0x00007ffd43f80000 - 0x00007ffd440c4000 	C:\Users\jupi0\.gradle\native\e376f236ea51e6404a007f0833ffe2c6e607c4080706a723a18a27aeea778392\windows-amd64\native-platform-file-events.dll
0x00007ffd3d060000 - 0x00007ffd3d069000 	C:\Program Files\Android\Android Studio\jbr\bin\management.dll
0x00007ffd3cff0000 - 0x00007ffd3cffb000 	C:\Program Files\Android\Android Studio\jbr\bin\management_ext.dll
0x00007ffd7dc40000 - 0x00007ffd7dc48000 	C:\WINDOWS\System32\PSAPI.DLL
0x00007ffd7b110000 - 0x00007ffd7b128000 	C:\WINDOWS\SYSTEM32\CRYPTSP.dll
0x00007ffd7a870000 - 0x00007ffd7a8a4000 	C:\WINDOWS\system32\rsaenh.dll
0x00007ffd7c070000 - 0x00007ffd7c097000 	C:\WINDOWS\System32\bcrypt.dll
0x00007ffd7b7a0000 - 0x00007ffd7b7ce000 	C:\WINDOWS\SYSTEM32\USERENV.dll
0x00007ffd7b130000 - 0x00007ffd7b13c000 	C:\WINDOWS\SYSTEM32\CRYPTBASE.dll
0x00007ffd7ac40000 - 0x00007ffd7ac7b000 	C:\WINDOWS\SYSTEM32\IPHLPAPI.DLL
0x00007ffd7ca40000 - 0x00007ffd7ca48000 	C:\WINDOWS\System32\NSI.dll
0x00007ffd747f0000 - 0x00007ffd74807000 	C:\WINDOWS\SYSTEM32\dhcpcsvc6.DLL
0x00007ffd74c90000 - 0x00007ffd74cad000 	C:\WINDOWS\SYSTEM32\dhcpcsvc.DLL
0x00007ffd7ac80000 - 0x00007ffd7ad4a000 	C:\WINDOWS\SYSTEM32\DNSAPI.dll
0x00007ffd70cf0000 - 0x00007ffd70cf7000 	C:\WINDOWS\system32\wshunix.dll

dbghelp: loaded successfully - version: 4.0.5 - missing functions: none
symbol engine: initialized successfully - sym options: 0x614 - pdb path: .;C:\Program Files\Android\Android Studio\jbr\bin;C:\WINDOWS\SYSTEM32;C:\WINDOWS\WinSxS\amd64_microsoft.windows.common-controls_6595b64144ccf1df_6.0.19041.3636_none_60b6a03d71f818d5;C:\Program Files\Android\Android Studio\jbr\bin\server;C:\Users\jupi0\.gradle\native\68d5fa5c4cc2d200863cafc0d521ce42e7d3e7ee720ec0a83991735586a16f82\windows-amd64;C:\Users\jupi0\.gradle\native\e376f236ea51e6404a007f0833ffe2c6e607c4080706a723a18a27aeea778392\windows-amd64

VM Arguments:
jvm_args: --add-opens=java.base/java.util=ALL-UNNAMED --add-opens=java.base/java.lang=ALL-UNNAMED --add-opens=java.base/java.lang.invoke=ALL-UNNAMED --add-opens=java.prefs/java.util.prefs=ALL-UNNAMED --add-opens=java.base/java.nio.charset=ALL-UNNAMED --add-opens=java.base/java.net=ALL-UNNAMED --add-opens=java.base/java.util.concurrent.atomic=ALL-UNNAMED -Xmx2048m -Dfile.encoding=UTF-8 -Duser.country=KR -Duser.language=ko -Duser.variant 
java_command: org.gradle.launcher.daemon.bootstrap.GradleDaemon 8.0
java_class_path (initial): C:\Users\jupi0\.gradle\wrapper\dists\gradle-8.0-bin\ca5e32bp14vu59qr306oxotwh\gradle-8.0\lib\gradle-launcher-8.0.jar
Launcher Type: SUN_STANDARD

[Global flags]
     intx CICompilerCount                          = 4                                         {product} {ergonomic}
     uint ConcGCThreads                            = 2                                         {product} {ergonomic}
     uint G1ConcRefinementThreads                  = 8                                         {product} {ergonomic}
   size_t G1HeapRegionSize                         = 1048576                                   {product} {ergonomic}
    uintx GCDrainStackTargetSize                   = 64                                        {product} {ergonomic}
   size_t InitialHeapSize                          = 134217728                                 {product} {ergonomic}
   size_t MarkStackSize                            = 4194304                                   {product} {ergonomic}
   size_t MaxHeapSize                              = 2147483648                                {product} {command line}
   size_t MaxNewSize                               = 1287651328                                {product} {ergonomic}
   size_t MinHeapDeltaBytes                        = 1048576                                   {product} {ergonomic}
   size_t MinHeapSize                              = 8388608                                   {product} {ergonomic}
    uintx NonNMethodCodeHeapSize                   = 5839372                                {pd product} {ergonomic}
    uintx NonProfiledCodeHeapSize                  = 122909434                              {pd product} {ergonomic}
    uintx ProfiledCodeHeapSize                     = 122909434                              {pd product} {ergonomic}
    uintx ReservedCodeCacheSize                    = 251658240                              {pd product} {ergonomic}
     bool SegmentedCodeCache                       = true                                      {product} {ergonomic}
   size_t SoftMaxHeapSize                          = 2147483648                             {manageable} {ergonomic}
     bool UseCompressedClassPointers               = true                           {product lp64_product} {ergonomic}
     bool UseCompressedOops                        = true                           {product lp64_product} {ergonomic}
     bool UseG1GC                                  = true                                      {product} {ergonomic}
     bool UseLargePagesIndividualAllocation        = false                                  {pd product} {ergonomic}

Logging:
Log output configuration:
 #0: stdout all=warning uptime,level,tags
 #1: stderr all=off uptime,level,tags

Environment Variables:
JAVA_HOME=C:\Program Files\Java\jdk1.8.0_161
PATH=C:\Program Files\Common Files\Oracle\Java\javapath;C:\Program Files (x86)\Intel\iCLS Client\;C:\Program Files\Intel\iCLS Client\;C:\ProgramData\Oracle\Java\javapath;C:\WINDOWS\system32;C:\WINDOWS;C:\WINDOWS\System32\Wbem;C:\WINDOWS\System32\WindowsPowerShell\v1.0\;C:\Program Files (x86)\Windows Live\Shared;C:\Program Files\Java\jdk1.8.0_161\bin;;C:\Program Files (x86)\Common Files\Teruten\DSFilter;C:\WINDOWS\System32\OpenSSH\;C:\Program Files (x86)\Intel\Intel(R) Management Engine Components\DAL;C:\Program Files\Intel\Intel(R) Management Engine Components\DAL;C:\Program Files (x86)\Intel\Intel(R) Management Engine Components\IPT;C:\Program Files\Intel\Intel(R) Management Engine Components\IPT;C:\Program Files (x86)\NVIDIA Corporation\PhysX\Common;C:\WINDOWS\system32;C:\WINDOWS;C:\WINDOWS\System32\Wbem;C:\WINDOWS\System32\WindowsPowerShell\v1.0\;C:\WINDOWS\System32\OpenSSH\;C:\Program Files\NVIDIA Corporation\NVIDIA NvDLISR;C:\Users\jupi0\AppData\Local\Programs\Python\Python38\Scripts\;C:\Users\jupi0\AppData\Local\Programs\Python\Python38\;C:\Users\jupi0\AppData\Local\Programs\Python\Python36\Scripts\;C:\Users\jupi0\AppData\Local\Programs\Python\Python36\;C:\Python36;C:\Users\jupi0\AppData\Local\Microsoft\WindowsApps;C:\Program Files\Bandizip\;;C:\Users\jupi0\AppData\Local\Programs\Microsoft VS Code\bin;C:\Program Files\JetBrains\PyCharm Community Edition 2023.2.1\bin;
USERNAME=jupi0
OS=Windows_NT
PROCESSOR_IDENTIFIER=Intel64 Family 6 Model 158 Stepping 9, GenuineIntel
TMP=C:\Users\jupi0\AppData\Local\Temp
TEMP=C:\Users\jupi0\AppData\Local\Temp


JNI global refs:
JNI global refs: 28, weak refs: 73

JNI global refs memory usage: 843, weak refs: 1473


---------------  S Y S T E M  ---------------

OS:
 Windows 10 , 64 bit Build 19041 (10.0.19041.3636)
OS uptime: 0 days 5:34 hours
Hyper-V role detected

CPU: total 8 (initial active 8) (4 cores per cpu, 2 threads per core) family 6 model 158 stepping 9 microcode 0xb4, cx8, cmov, fxsr, ht, mmx, 3dnowpref, sse, sse2, sse3, ssse3, sse4.1, sse4.2, popcnt, lzcnt, tsc, tscinvbit, avx, avx2, aes, erms, clmul, bmi1, bmi2, adx, fma, vzeroupper, clflush, clflushopt, hv

Memory: 4k page, system-wide physical 8084M (396M free)
TotalPageFile size 32660M (AvailPageFile size 63M)
current process WorkingSet (physical memory assigned to process): 401M, peak: 450M
current process commit charge ("private bytes"): 551M, peak: 1019M

vm_info: OpenJDK 64-Bit Server VM (17.0.6+0-b2043.56-10027231) for windows-amd64 JRE (17.0.6+0-b2043.56-10027231), built on Apr 28 2023 00:43:19 by "androidbuild" with MS VC++ 16.10 / 16.11 (VS2019)

END.
