#
# There is insufficient memory for the Java Runtime Environment to continue.
# Native memory allocation (mmap) failed to map 1343488 bytes for G1 virtual space
# Possible reasons:
#   The system is out of physical RAM or swap space
#   The process is running with CompressedOops enabled, and the Java Heap may be blocking the growth of the native heap
# Possible solutions:
#   Reduce memory load on the system
#   Increase physical memory or swap space
#   Check if swap backing store is full
#   Decrease Java heap size (-Xmx/-Xms)
#   Decrease number of Java threads
#   Decrease Java thread stack sizes (-Xss)
#   Set larger code cache with -XX:ReservedCodeCacheSize=
#   JVM is running with Unscaled Compressed Oops mode in which the Java heap is
#     placed in the first 4GB address space. The Java Heap base address is the
#     maximum limit for the native heap growth. Please use -XX:HeapBaseMinAddress
#     to set the Java Heap base and to place the Java Heap above 4GB virtual address.
# This output file may be truncated or incomplete.
#
#  Out of Memory Error (os_windows.cpp:3769), pid=12476, tid=23120
#
# JRE version: OpenJDK Runtime Environment (17.0.6) (build 17.0.6+0-b2043.56-10027231)
# Java VM: OpenJDK 64-Bit Server VM (17.0.6+0-b2043.56-10027231, mixed mode, tiered, compressed oops, compressed class ptrs, g1 gc, windows-amd64)
# No core dump will be written. Minidumps are not enabled by default on client versions of Windows
#

---------------  S U M M A R Y ------------

Command Line: --add-opens=java.base/java.util=ALL-UNNAMED --add-opens=java.base/java.lang=ALL-UNNAMED --add-opens=java.base/java.lang.invoke=ALL-UNNAMED --add-opens=java.prefs/java.util.prefs=ALL-UNNAMED --add-opens=java.base/java.nio.charset=ALL-UNNAMED --add-opens=java.base/java.net=ALL-UNNAMED --add-opens=java.base/java.util.concurrent.atomic=ALL-UNNAMED -Xmx2048m -Dfile.encoding=UTF-8 -Duser.country=KR -Duser.language=ko -Duser.variant org.gradle.launcher.daemon.bootstrap.GradleDaemon 8.0

Host: Intel(R) Core(TM) i7-7700HQ CPU @ 2.80GHz, 8 cores, 7G,  Windows 10 , 64 bit Build 19041 (10.0.19041.3636)
Time: Wed Dec 13 12:10:21 2023  Windows 10 , 64 bit Build 19041 (10.0.19041.3636) elapsed time: 14.997596 seconds (0d 0h 0m 14s)

---------------  T H R E A D  ---------------

Current thread (0x0000024711955d40):  VMThread "VM Thread" [stack: 0x000000aabf600000,0x000000aabf700000] [id=23120]

Stack: [0x000000aabf600000,0x000000aabf700000]
Native frames: (J=compiled Java code, j=interpreted, Vv=VM code, C=native code)
V  [jvm.dll+0x683c9a]
V  [jvm.dll+0x8427a4]
V  [jvm.dll+0x843f9e]
V  [jvm.dll+0x844603]
V  [jvm.dll+0x249b75]
V  [jvm.dll+0x680b69]
V  [jvm.dll+0x67505a]
V  [jvm.dll+0x309acb]
V  [jvm.dll+0x310f86]
V  [jvm.dll+0x360918]
V  [jvm.dll+0x360b1f]
V  [jvm.dll+0x2dfbf8]
V  [jvm.dll+0x2ddec4]
V  [jvm.dll+0x2dd4cc]
V  [jvm.dll+0x321f3b]
V  [jvm.dll+0x848ccb]
V  [jvm.dll+0x849a04]
V  [jvm.dll+0x849f1d]
V  [jvm.dll+0x84a2f4]
V  [jvm.dll+0x84a3c0]
V  [jvm.dll+0x7f274a]
V  [jvm.dll+0x682ad5]
C  [ucrtbase.dll+0x21bb2]
C  [KERNEL32.DLL+0x17344]
C  [ntdll.dll+0x526b1]

VM_Operation (0x000000aac0afafc0): G1CollectForAllocation, mode: safepoint, requested by thread 0x0000024718503960


---------------  P R O C E S S  ---------------

Threads class SMR info:
_java_thread_list=0x0000024712895a60, length=126, elements={
0x0000024777a6b2c0, 0x0000024711978260, 0x00000247124001e0, 0x000002471243d010,
0x000002471197c390, 0x000002471197cc50, 0x0000024712416a10, 0x0000024712457010,
0x000002471245f920, 0x000002471247a9e0, 0x00000247125f6030, 0x00000247125f9d30,
0x000002471501dac0, 0x0000024714e23160, 0x0000024713d2d8b0, 0x0000024714dc2950,
0x000002471389d180, 0x000002471547d2b0, 0x0000024714a751b0, 0x0000024714d85f00,
0x0000024713e4de00, 0x0000024713e4d930, 0x0000024713e4d460, 0x0000024713e4c120,
0x0000024713e4c5f0, 0x0000024713e4cac0, 0x0000024713e4b780, 0x0000024713e4e2d0,
0x0000024713e4cf90, 0x0000024713e4e7a0, 0x0000024713e4ec70, 0x0000024713e4f140,
0x0000024712d1d3f0, 0x0000024712d19560, 0x0000024712d1c580, 0x0000024712d1ad70,
0x0000024712d173b0, 0x0000024712d1a8a0, 0x0000024712d1b240, 0x0000024712d1d8c0,
0x0000024712d186f0, 0x0000024712d18bc0, 0x0000024712d19a30, 0x0000024712d1a3d0,
0x0000024712d1c0b0, 0x0000024712d19f00, 0x0000024712d16540, 0x0000024712d1b710,
0x0000024712d16ee0, 0x0000024712d1ca50, 0x0000024712d1cf20, 0x0000024712d1dd90,
0x0000024714f9d9b0, 0x0000024714f9fb60, 0x0000024714f9e820, 0x0000024714fa09d0,
0x0000024714fa0030, 0x0000024714f9cb40, 0x0000024714fa26b0, 0x0000024714f9e350,
0x0000024714fa0500, 0x0000024714f9ecf0, 0x0000024714fa0ea0, 0x0000024714fa2b80,
0x0000024714fa1370, 0x0000024714f9d010, 0x0000024714fa1840, 0x0000024714fa3ec0,
0x0000024714fa1d10, 0x0000024714fa21e0, 0x0000024714f9f1c0, 0x0000024714f9f690,
0x0000024714fa3050, 0x0000024714f9d4e0, 0x0000024714fa3520, 0x0000024714fa4390,
0x0000024714fa39f0, 0x0000024714f9de80, 0x0000024716486870, 0x0000024716480d00,
0x0000024716485a00, 0x0000024716484b90, 0x0000024716482eb0, 0x000002471647f4f0,
0x0000024716481b70, 0x0000024716480830, 0x0000024716485ed0, 0x000002471647fe90,
0x0000024716485530, 0x00000247164846c0, 0x0000024716483380, 0x00000247164829e0,
0x0000024716485060, 0x0000024716483d20, 0x0000024716483850, 0x00000247164863a0,
0x00000247164816a0, 0x000002471647f9c0, 0x0000024716486d40, 0x00000247164811d0,
0x00000247164841f0, 0x0000024716482040, 0x0000024716482510, 0x0000024716480360,
0x0000024716470e90, 0x00000247164726a0, 0x000002471646fb50, 0x0000024716471830,
0x000002471646ece0, 0x000002471646d4d0, 0x000002471646f680, 0x00000247164721d0,
0x0000024716471360, 0x000002471646e810, 0x000002471646de70, 0x000002471646b320,
0x000002471646d000, 0x0000024716471d00, 0x000002471646b7f0, 0x000002471646d9a0,
0x0000024716470020, 0x000002471646e340, 0x000002471646c660, 0x0000024716472b70,
0x000002471646bcc0, 0x0000024718503960
}

Java Threads: ( => current thread )
  0x0000024777a6b2c0 JavaThread "main" [_thread_blocked, id=7324, stack(0x000000aabf000000,0x000000aabf100000)]
  0x0000024711978260 JavaThread "Reference Handler" daemon [_thread_blocked, id=19396, stack(0x000000aabf700000,0x000000aabf800000)]
  0x00000247124001e0 JavaThread "Finalizer" daemon [_thread_blocked, id=17568, stack(0x000000aabf800000,0x000000aabf900000)]
  0x000002471243d010 JavaThread "Signal Dispatcher" daemon [_thread_blocked, id=11080, stack(0x000000aabf900000,0x000000aabfa00000)]
  0x000002471197c390 JavaThread "Attach Listener" daemon [_thread_blocked, id=22556, stack(0x000000aabfa00000,0x000000aabfb00000)]
  0x000002471197cc50 JavaThread "Service Thread" daemon [_thread_blocked, id=5384, stack(0x000000aabfb00000,0x000000aabfc00000)]
  0x0000024712416a10 JavaThread "Monitor Deflation Thread" daemon [_thread_blocked, id=3956, stack(0x000000aabfc00000,0x000000aabfd00000)]
  0x0000024712457010 JavaThread "C2 CompilerThread0" daemon [_thread_in_native, id=9768, stack(0x000000aabfd00000,0x000000aabfe00000)]
  0x000002471245f920 JavaThread "C1 CompilerThread0" daemon [_thread_blocked, id=8256, stack(0x000000aabfe00000,0x000000aabff00000)]
  0x000002471247a9e0 JavaThread "Sweeper thread" daemon [_thread_blocked, id=10768, stack(0x000000aabff00000,0x000000aac0000000)]
  0x00000247125f6030 JavaThread "Common-Cleaner" daemon [_thread_blocked, id=17456, stack(0x000000aac0000000,0x000000aac0100000)]
  0x00000247125f9d30 JavaThread "Notification Thread" daemon [_thread_blocked, id=7244, stack(0x000000aac0100000,0x000000aac0200000)]
  0x000002471501dac0 JavaThread "Daemon health stats" [_thread_blocked, id=21328, stack(0x000000aac0800000,0x000000aac0900000)]
  0x0000024714e23160 JavaThread "Incoming local TCP Connector on port 10306" [_thread_in_native, id=16312, stack(0x000000aac0300000,0x000000aac0400000)]
  0x0000024713d2d8b0 JavaThread "Daemon periodic checks" [_thread_blocked, id=7564, stack(0x000000aac0900000,0x000000aac0a00000)]
  0x0000024714dc2950 JavaThread "Daemon" [_thread_blocked, id=4648, stack(0x000000aac0b00000,0x000000aac0c00000)]
  0x000002471389d180 JavaThread "Handler for socket connection from /127.0.0.1:10306 to /127.0.0.1:10307" [_thread_in_native, id=22520, stack(0x000000aac0c00000,0x000000aac0d00000)]
  0x000002471547d2b0 JavaThread "Cancel handler" [_thread_blocked, id=22748, stack(0x000000aac0d00000,0x000000aac0e00000)]
  0x0000024714a751b0 JavaThread "Daemon worker" [_thread_blocked, id=17584, stack(0x000000aac0e00000,0x000000aac0f00000)]
  0x0000024714d85f00 JavaThread "Asynchronous log dispatcher for DefaultDaemonConnection: socket connection from /127.0.0.1:10306 to /127.0.0.1:10307" [_thread_blocked, id=9752, stack(0x000000aac0f00000,0x000000aac1000000)]
  0x0000024713e4de00 JavaThread "Stdin handler" [_thread_blocked, id=5948, stack(0x000000aac1000000,0x000000aac1100000)]
  0x0000024713e4d930 JavaThread "Daemon client event forwarder" [_thread_blocked, id=17580, stack(0x000000aac1100000,0x000000aac1200000)]
  0x0000024713e4d460 JavaThread "Cache worker for journal cache (C:\Users\jupi0\.gradle\caches\journal-1)" [_thread_blocked, id=11012, stack(0x000000aac1600000,0x000000aac1700000)]
  0x0000024713e4c120 JavaThread "File lock request listener" [_thread_in_native, id=11008, stack(0x000000aac1700000,0x000000aac1800000)]
  0x0000024713e4c5f0 JavaThread "Cache worker for file hash cache (C:\Users\jupi0\.gradle\caches\8.0\fileHashes)" [_thread_blocked, id=11000, stack(0x000000aac1800000,0x000000aac1900000)]
  0x0000024713e4cac0 JavaThread "File watcher server" daemon [_thread_in_native, id=19816, stack(0x000000aac1900000,0x000000aac1a00000)]
  0x0000024713e4b780 JavaThread "File watcher consumer" daemon [_thread_blocked, id=20000, stack(0x000000aac1a00000,0x000000aac1b00000)]
  0x0000024713e4e2d0 JavaThread "Cache worker for checksums cache (C:\Users\jupi0\AndroidStudioProjects\Capstone_2\.gradle\8.0\checksums)" [_thread_blocked, id=19860, stack(0x000000aac1b00000,0x000000aac1c00000)]
  0x0000024713e4cf90 JavaThread "Cache worker for cache directory md-rule (C:\Users\jupi0\.gradle\caches\8.0\md-rule)" [_thread_blocked, id=22024, stack(0x000000aac1c00000,0x000000aac1d00000)]
  0x0000024713e4e7a0 JavaThread "Cache worker for file content cache (C:\Users\jupi0\.gradle\caches\8.0\fileContent)" [_thread_blocked, id=11580, stack(0x000000aac1d00000,0x000000aac1e00000)]
  0x0000024713e4ec70 JavaThread "Cache worker for file hash cache (C:\Users\jupi0\AndroidStudioProjects\Capstone_2\.gradle\8.0\fileHashes)" [_thread_blocked, id=4788, stack(0x000000aac1e00000,0x000000aac1f00000)]
  0x0000024713e4f140 JavaThread "Cache worker for cache directory md-supplier (C:\Users\jupi0\.gradle\caches\8.0\md-supplier)" [_thread_blocked, id=18036, stack(0x000000aac1f00000,0x000000aac2000000)]
  0x0000024712d1d3f0 JavaThread "Cache worker for execution history cache (C:\Users\jupi0\.gradle\caches\8.0\executionHistory)" [_thread_blocked, id=19924, stack(0x000000aac2000000,0x000000aac2100000)]
  0x0000024712d19560 JavaThread "jar transforms" [_thread_blocked, id=2432, stack(0x000000aac2100000,0x000000aac2200000)]
  0x0000024712d1c580 JavaThread "jar transforms Thread 2" [_thread_blocked, id=17288, stack(0x000000aac2200000,0x000000aac2300000)]
  0x0000024712d1ad70 JavaThread "jar transforms Thread 3" [_thread_blocked, id=6948, stack(0x000000aac2400000,0x000000aac2500000)]
  0x0000024712d173b0 JavaThread "jar transforms Thread 4" [_thread_blocked, id=19756, stack(0x000000aac2500000,0x000000aac2600000)]
  0x0000024712d1a8a0 JavaThread "Cache worker for dependencies-accessors (C:\Users\jupi0\AndroidStudioProjects\Capstone_2\.gradle\8.0\dependencies-accessors)" [_thread_blocked, id=18776, stack(0x000000aac2600000,0x000000aac2700000)]
  0x0000024712d1b240 JavaThread "jar transforms Thread 5" [_thread_blocked, id=9852, stack(0x000000aac2700000,0x000000aac2800000)]
  0x0000024712d1d8c0 JavaThread "Cache worker for Build Output Cleanup Cache (C:\Users\jupi0\AndroidStudioProjects\Capstone_2\.gradle\buildOutputCleanup)" [_thread_blocked, id=23516, stack(0x000000aac2800000,0x000000aac2900000)]
  0x0000024712d186f0 JavaThread "Unconstrained build operations" [_thread_blocked, id=18876, stack(0x000000aac2900000,0x000000aac2a00000)]
  0x0000024712d18bc0 JavaThread "Unconstrained build operations Thread 2" [_thread_blocked, id=10424, stack(0x000000aac2a00000,0x000000aac2b00000)]
  0x0000024712d19a30 JavaThread "Unconstrained build operations Thread 3" [_thread_blocked, id=17484, stack(0x000000aac2b00000,0x000000aac2c00000)]
  0x0000024712d1a3d0 JavaThread "Unconstrained build operations Thread 4" [_thread_blocked, id=21928, stack(0x000000aac2c00000,0x000000aac2d00000)]
  0x0000024712d1c0b0 JavaThread "Unconstrained build operations Thread 5" [_thread_blocked, id=18748, stack(0x000000aac2d00000,0x000000aac2e00000)]
  0x0000024712d19f00 JavaThread "Unconstrained build operations Thread 6" [_thread_blocked, id=5264, stack(0x000000aac2e00000,0x000000aac2f00000)]
  0x0000024712d16540 JavaThread "Unconstrained build operations Thread 7" [_thread_blocked, id=2784, stack(0x000000aac2f00000,0x000000aac3000000)]
  0x0000024712d1b710 JavaThread "Unconstrained build operations Thread 8" [_thread_blocked, id=20632, stack(0x000000aac3000000,0x000000aac3100000)]
  0x0000024712d16ee0 JavaThread "Unconstrained build operations Thread 9" [_thread_blocked, id=15996, stack(0x000000aac3100000,0x000000aac3200000)]
  0x0000024712d1ca50 JavaThread "Unconstrained build operations Thread 10" [_thread_blocked, id=23472, stack(0x000000aac3200000,0x000000aac3300000)]
  0x0000024712d1cf20 JavaThread "Unconstrained build operations Thread 11" [_thread_blocked, id=9108, stack(0x000000aac3300000,0x000000aac3400000)]
  0x0000024712d1dd90 JavaThread "Unconstrained build operations Thread 12" [_thread_blocked, id=20540, stack(0x000000aac3400000,0x000000aac3500000)]
  0x0000024714f9d9b0 JavaThread "Unconstrained build operations Thread 13" [_thread_blocked, id=22680, stack(0x000000aac3500000,0x000000aac3600000)]
  0x0000024714f9fb60 JavaThread "Unconstrained build operations Thread 14" [_thread_blocked, id=4308, stack(0x000000aac3600000,0x000000aac3700000)]
  0x0000024714f9e820 JavaThread "Unconstrained build operations Thread 15" [_thread_blocked, id=14728, stack(0x000000aac3700000,0x000000aac3800000)]
  0x0000024714fa09d0 JavaThread "Unconstrained build operations Thread 16" [_thread_blocked, id=18184, stack(0x000000aac3800000,0x000000aac3900000)]
  0x0000024714fa0030 JavaThread "Unconstrained build operations Thread 17" [_thread_blocked, id=8236, stack(0x000000aac3900000,0x000000aac3a00000)]
  0x0000024714f9cb40 JavaThread "Unconstrained build operations Thread 18" [_thread_blocked, id=21452, stack(0x000000aac3a00000,0x000000aac3b00000)]
  0x0000024714fa26b0 JavaThread "Unconstrained build operations Thread 19" [_thread_blocked, id=5708, stack(0x000000aac3b00000,0x000000aac3c00000)]
  0x0000024714f9e350 JavaThread "Unconstrained build operations Thread 20" [_thread_blocked, id=13852, stack(0x000000aac3c00000,0x000000aac3d00000)]
  0x0000024714fa0500 JavaThread "Unconstrained build operations Thread 21" [_thread_blocked, id=22488, stack(0x000000aac3d00000,0x000000aac3e00000)]
  0x0000024714f9ecf0 JavaThread "Unconstrained build operations Thread 22" [_thread_blocked, id=2544, stack(0x000000aac3e00000,0x000000aac3f00000)]
  0x0000024714fa0ea0 JavaThread "Unconstrained build operations Thread 23" [_thread_blocked, id=18796, stack(0x000000aac3f00000,0x000000aac4000000)]
  0x0000024714fa2b80 JavaThread "Unconstrained build operations Thread 24" [_thread_blocked, id=23480, stack(0x000000aac4000000,0x000000aac4100000)]
  0x0000024714fa1370 JavaThread "Unconstrained build operations Thread 25" [_thread_blocked, id=13664, stack(0x000000aac4100000,0x000000aac4200000)]
  0x0000024714f9d010 JavaThread "Unconstrained build operations Thread 26" [_thread_blocked, id=21832, stack(0x000000aac4200000,0x000000aac4300000)]
  0x0000024714fa1840 JavaThread "Unconstrained build operations Thread 27" [_thread_blocked, id=11624, stack(0x000000aac4300000,0x000000aac4400000)]
  0x0000024714fa3ec0 JavaThread "Unconstrained build operations Thread 28" [_thread_blocked, id=14312, stack(0x000000aac4400000,0x000000aac4500000)]
  0x0000024714fa1d10 JavaThread "Unconstrained build operations Thread 29" [_thread_blocked, id=17972, stack(0x000000aac4500000,0x000000aac4600000)]
  0x0000024714fa21e0 JavaThread "Unconstrained build operations Thread 30" [_thread_blocked, id=9084, stack(0x000000aac4600000,0x000000aac4700000)]
  0x0000024714f9f1c0 JavaThread "Unconstrained build operations Thread 31" [_thread_blocked, id=4624, stack(0x000000aac4700000,0x000000aac4800000)]
  0x0000024714f9f690 JavaThread "Unconstrained build operations Thread 32" [_thread_blocked, id=17656, stack(0x000000aac4800000,0x000000aac4900000)]
  0x0000024714fa3050 JavaThread "Unconstrained build operations Thread 33" [_thread_blocked, id=4748, stack(0x000000aac4900000,0x000000aac4a00000)]
  0x0000024714f9d4e0 JavaThread "Unconstrained build operations Thread 34" [_thread_blocked, id=17860, stack(0x000000aac4a00000,0x000000aac4b00000)]
  0x0000024714fa3520 JavaThread "Unconstrained build operations Thread 35" [_thread_blocked, id=16052, stack(0x000000aac4b00000,0x000000aac4c00000)]
  0x0000024714fa4390 JavaThread "Unconstrained build operations Thread 36" [_thread_blocked, id=5088, stack(0x000000aac4c00000,0x000000aac4d00000)]
  0x0000024714fa39f0 JavaThread "Unconstrained build operations Thread 37" [_thread_blocked, id=2868, stack(0x000000aac4d00000,0x000000aac4e00000)]
  0x0000024714f9de80 JavaThread "Unconstrained build operations Thread 38" [_thread_blocked, id=8880, stack(0x000000aac4e00000,0x000000aac4f00000)]
  0x0000024716486870 JavaThread "Unconstrained build operations Thread 39" [_thread_blocked, id=14884, stack(0x000000aac4f00000,0x000000aac5000000)]
  0x0000024716480d00 JavaThread "Unconstrained build operations Thread 40" [_thread_blocked, id=8928, stack(0x000000aac5000000,0x000000aac5100000)]
  0x0000024716485a00 JavaThread "Unconstrained build operations Thread 41" [_thread_blocked, id=7380, stack(0x000000aac5100000,0x000000aac5200000)]
  0x0000024716484b90 JavaThread "Unconstrained build operations Thread 42" [_thread_blocked, id=17308, stack(0x000000aac5200000,0x000000aac5300000)]
  0x0000024716482eb0 JavaThread "Unconstrained build operations Thread 43" [_thread_blocked, id=19332, stack(0x000000aac5300000,0x000000aac5400000)]
  0x000002471647f4f0 JavaThread "Unconstrained build operations Thread 44" [_thread_blocked, id=20844, stack(0x000000aac5400000,0x000000aac5500000)]
  0x0000024716481b70 JavaThread "Unconstrained build operations Thread 45" [_thread_blocked, id=20664, stack(0x000000aac5500000,0x000000aac5600000)]
  0x0000024716480830 JavaThread "Unconstrained build operations Thread 46" [_thread_blocked, id=21916, stack(0x000000aac5600000,0x000000aac5700000)]
  0x0000024716485ed0 JavaThread "Unconstrained build operations Thread 47" [_thread_blocked, id=4616, stack(0x000000aac5700000,0x000000aac5800000)]
  0x000002471647fe90 JavaThread "Unconstrained build operations Thread 48" [_thread_blocked, id=21596, stack(0x000000aac5800000,0x000000aac5900000)]
  0x0000024716485530 JavaThread "Unconstrained build operations Thread 49" [_thread_blocked, id=22332, stack(0x000000aac5900000,0x000000aac5a00000)]
  0x00000247164846c0 JavaThread "Unconstrained build operations Thread 50" [_thread_blocked, id=8284, stack(0x000000aac5a00000,0x000000aac5b00000)]
  0x0000024716483380 JavaThread "Unconstrained build operations Thread 51" [_thread_blocked, id=13036, stack(0x000000aac5b00000,0x000000aac5c00000)]
  0x00000247164829e0 JavaThread "Unconstrained build operations Thread 52" [_thread_blocked, id=12980, stack(0x000000aac5c00000,0x000000aac5d00000)]
  0x0000024716485060 JavaThread "Unconstrained build operations Thread 53" [_thread_blocked, id=19152, stack(0x000000aac5d00000,0x000000aac5e00000)]
  0x0000024716483d20 JavaThread "Unconstrained build operations Thread 54" [_thread_blocked, id=13004, stack(0x000000aac5e00000,0x000000aac5f00000)]
  0x0000024716483850 JavaThread "Unconstrained build operations Thread 55" [_thread_blocked, id=19060, stack(0x000000aac5f00000,0x000000aac6000000)]
  0x00000247164863a0 JavaThread "Unconstrained build operations Thread 56" [_thread_blocked, id=16400, stack(0x000000aac6000000,0x000000aac6100000)]
  0x00000247164816a0 JavaThread "Unconstrained build operations Thread 57" [_thread_blocked, id=22172, stack(0x000000aac6100000,0x000000aac6200000)]
  0x000002471647f9c0 JavaThread "Unconstrained build operations Thread 58" [_thread_blocked, id=1700, stack(0x000000aac6200000,0x000000aac6300000)]
  0x0000024716486d40 JavaThread "Unconstrained build operations Thread 59" [_thread_blocked, id=20920, stack(0x000000aac6300000,0x000000aac6400000)]
  0x00000247164811d0 JavaThread "Unconstrained build operations Thread 60" [_thread_blocked, id=22796, stack(0x000000aac6400000,0x000000aac6500000)]
  0x00000247164841f0 JavaThread "Unconstrained build operations Thread 61" [_thread_blocked, id=18232, stack(0x000000aac6500000,0x000000aac6600000)]
  0x0000024716482040 JavaThread "Unconstrained build operations Thread 62" [_thread_blocked, id=21480, stack(0x000000aac6600000,0x000000aac6700000)]
  0x0000024716482510 JavaThread "Unconstrained build operations Thread 63" [_thread_blocked, id=14788, stack(0x000000aac6700000,0x000000aac6800000)]
  0x0000024716480360 JavaThread "Unconstrained build operations Thread 64" [_thread_blocked, id=8608, stack(0x000000aac6800000,0x000000aac6900000)]
  0x0000024716470e90 JavaThread "Unconstrained build operations Thread 65" [_thread_blocked, id=7824, stack(0x000000aac6900000,0x000000aac6a00000)]
  0x00000247164726a0 JavaThread "Unconstrained build operations Thread 66" [_thread_blocked, id=20196, stack(0x000000aac6a00000,0x000000aac6b00000)]
  0x000002471646fb50 JavaThread "Unconstrained build operations Thread 67" [_thread_blocked, id=22424, stack(0x000000aac6b00000,0x000000aac6c00000)]
  0x0000024716471830 JavaThread "Unconstrained build operations Thread 68" [_thread_blocked, id=16848, stack(0x000000aac6c00000,0x000000aac6d00000)]
  0x000002471646ece0 JavaThread "Unconstrained build operations Thread 69" [_thread_blocked, id=14932, stack(0x000000aac6d00000,0x000000aac6e00000)]
  0x000002471646d4d0 JavaThread "Unconstrained build operations Thread 70" [_thread_blocked, id=18844, stack(0x000000aac6e00000,0x000000aac6f00000)]
  0x000002471646f680 JavaThread "Unconstrained build operations Thread 71" [_thread_blocked, id=2512, stack(0x000000aac6f00000,0x000000aac7000000)]
  0x00000247164721d0 JavaThread "Unconstrained build operations Thread 72" [_thread_blocked, id=1420, stack(0x000000aac7000000,0x000000aac7100000)]
  0x0000024716471360 JavaThread "Unconstrained build operations Thread 73" [_thread_blocked, id=10596, stack(0x000000aac7100000,0x000000aac7200000)]
  0x000002471646e810 JavaThread "Unconstrained build operations Thread 74" [_thread_blocked, id=2440, stack(0x000000aac7200000,0x000000aac7300000)]
  0x000002471646de70 JavaThread "Unconstrained build operations Thread 75" [_thread_blocked, id=17220, stack(0x000000aac7300000,0x000000aac7400000)]
  0x000002471646b320 JavaThread "Unconstrained build operations Thread 76" [_thread_blocked, id=21312, stack(0x000000aac7400000,0x000000aac7500000)]
  0x000002471646d000 JavaThread "Unconstrained build operations Thread 77" [_thread_blocked, id=22336, stack(0x000000aac7500000,0x000000aac7600000)]
  0x0000024716471d00 JavaThread "Unconstrained build operations Thread 78" [_thread_blocked, id=11244, stack(0x000000aac7600000,0x000000aac7700000)]
  0x000002471646b7f0 JavaThread "Unconstrained build operations Thread 79" [_thread_blocked, id=20168, stack(0x000000aac7700000,0x000000aac7800000)]
  0x000002471646d9a0 JavaThread "Unconstrained build operations Thread 80" [_thread_blocked, id=16248, stack(0x000000aac7800000,0x000000aac7900000)]
  0x0000024716470020 JavaThread "jar transforms Thread 6" [_thread_blocked, id=11752, stack(0x000000aac7900000,0x000000aac7a00000)]
  0x000002471646e340 JavaThread "jar transforms Thread 7" [_thread_blocked, id=1416, stack(0x000000aac7a00000,0x000000aac7b00000)]
  0x000002471646c660 JavaThread "jar transforms Thread 8" [_thread_blocked, id=22500, stack(0x000000aac7b00000,0x000000aac7c00000)]
  0x0000024716472b70 JavaThread "build event listener" [_thread_blocked, id=1388, stack(0x000000aac7c00000,0x000000aac7d00000)]
  0x000002471646bcc0 JavaThread "Memory manager" [_thread_blocked, id=21436, stack(0x000000aac7d00000,0x000000aac7e00000)]
  0x0000024718503960 JavaThread "C2 CompilerThread1" daemon [_thread_blocked, id=6628, stack(0x000000aac0a00000,0x000000aac0b00000)]

Other Threads:
=>0x0000024711955d40 VMThread "VM Thread" [stack: 0x000000aabf600000,0x000000aabf700000] [id=23120]
  0x0000024777aee570 WatcherThread [stack: 0x000000aac0200000,0x000000aac0300000] [id=21116]
  0x0000024777accff0 GCTaskThread "GC Thread#0" [stack: 0x000000aabf100000,0x000000aabf200000] [id=20952]
  0x00000247135d7110 GCTaskThread "GC Thread#1" [stack: 0x000000aac0400000,0x000000aac0500000] [id=9036]
  0x00000247135d77d0 GCTaskThread "GC Thread#2" [stack: 0x000000aac0500000,0x000000aac0600000] [id=4932]
  0x000002471364bd20 GCTaskThread "GC Thread#3" [stack: 0x000000aac0600000,0x000000aac0700000] [id=19812]
  0x0000024713640300 GCTaskThread "GC Thread#4" [stack: 0x000000aac0700000,0x000000aac0800000] [id=22376]
  0x0000024713d2ee60 GCTaskThread "GC Thread#5" [stack: 0x000000aac1200000,0x000000aac1300000] [id=9964]
  0x0000024713adf0a0 GCTaskThread "GC Thread#6" [stack: 0x000000aac1300000,0x000000aac1400000] [id=11784]
  0x000002471482fce0 GCTaskThread "GC Thread#7" [stack: 0x000000aac1400000,0x000000aac1500000] [id=11188]
  0x0000024777adde40 ConcurrentGCThread "G1 Main Marker" [stack: 0x000000aabf200000,0x000000aabf300000] [id=19676]
  0x0000024777adef00 ConcurrentGCThread "G1 Conc#0" [stack: 0x000000aabf300000,0x000000aabf400000] [id=18000]
  0x00000247148ff470 ConcurrentGCThread "G1 Conc#1" [stack: 0x000000aac1500000,0x000000aac1600000] [id=11588]
  0x0000024777b36fc0 ConcurrentGCThread "G1 Refine#0" [stack: 0x000000aabf400000,0x000000aabf500000] [id=21600]
  0x000002471560b030 ConcurrentGCThread "G1 Refine#1" [stack: 0x000000aac2300000,0x000000aac2400000] [id=11940]
  0x0000024777b378f0 ConcurrentGCThread "G1 Service" [stack: 0x000000aabf500000,0x000000aabf600000] [id=8908]

Threads with active compile tasks:
C2 CompilerThread0    15103 6936 %     4       org.gradle.internal.instantiation.generator.AbstractClassGenerator::inspectType @ 107 (560 bytes)
C2 CompilerThread1    15103 7025   !   4       jdk.internal.loader.Resource::getBytes (244 bytes)

VM state: at safepoint (normal execution)

VM Mutex/Monitor currently owned by a thread:  ([mutex/lock_event])
[0x0000024777a67e70] Threads_lock - owner thread: 0x0000024711955d40
[0x0000024777a67960] Heap_lock - owner thread: 0x0000024718503960

Heap address: 0x0000000080000000, size: 2048 MB, Compressed Oops mode: 32-bit

CDS archive(s) not mapped
Compressed class space mapped at: 0x0000000100000000-0x0000000140000000, reserved size: 1073741824
Narrow klass base: 0x0000000000000000, Narrow klass shift: 3, Narrow klass range: 0x140000000

GC Precious Log:
 CPUs: 8 total, 8 available
 Memory: 8084M
 Large Page Support: Disabled
 NUMA Support: Disabled
 Compressed Oops: Enabled (32-bit)
 Heap Region Size: 1M
 Heap Min Capacity: 8M
 Heap Initial Capacity: 128M
 Heap Max Capacity: 2G
 Pre-touch: Disabled
 Parallel Workers: 8
 Concurrent Workers: 2
 Concurrent Refinement Workers: 8
 Periodic GC: Disabled

Heap:
 garbage-first heap   total 131072K, used 59631K [0x0000000080000000, 0x0000000100000000)
  region size 1024K, 3 young (3072K), 3 survivors (3072K)
 Metaspace       used 69377K, committed 69952K, reserved 1114112K
  class space    used 9164K, committed 9408K, reserved 1048576K

Heap Regions: E=young(eden), S=young(survivor), O=old, HS=humongous(starts), HC=humongous(continues), CS=collection set, F=free, OA=open archive, CA=closed archive, TAMS=top-at-mark-start (previous, next)
|   0|0x0000000080000000, 0x0000000080100000, 0x0000000080100000|100%|HS|  |TAMS 0x0000000080100000, 0x0000000080000000| Complete 
|   1|0x0000000080100000, 0x0000000080200000, 0x0000000080200000|100%|HC|  |TAMS 0x0000000080200000, 0x0000000080100000| Complete 
|   2|0x0000000080200000, 0x0000000080300000, 0x0000000080300000|100%|HC|  |TAMS 0x0000000080300000, 0x0000000080200000| Complete 
|   3|0x0000000080300000, 0x0000000080400000, 0x0000000080400000|100%|HC|  |TAMS 0x0000000080400000, 0x0000000080300000| Complete 
|   4|0x0000000080400000, 0x0000000080500000, 0x0000000080500000|100%| O|  |TAMS 0x0000000080500000, 0x0000000080400000| Untracked 
|   5|0x0000000080500000, 0x0000000080600000, 0x0000000080600000|100%| O|  |TAMS 0x0000000080600000, 0x0000000080500000| Untracked 
|   6|0x0000000080600000, 0x0000000080700000, 0x0000000080700000|100%| O|  |TAMS 0x0000000080700000, 0x0000000080600000| Untracked 
|   7|0x0000000080700000, 0x0000000080800000, 0x0000000080800000|100%| O|  |TAMS 0x0000000080800000, 0x0000000080700000| Untracked 
|   8|0x0000000080800000, 0x0000000080900000, 0x0000000080900000|100%| O|  |TAMS 0x0000000080900000, 0x0000000080800000| Untracked 
|   9|0x0000000080900000, 0x0000000080a00000, 0x0000000080a00000|100%| O|  |TAMS 0x0000000080a00000, 0x0000000080900000| Untracked 
|  10|0x0000000080a00000, 0x0000000080b00000, 0x0000000080b00000|100%| O|  |TAMS 0x0000000080b00000, 0x0000000080a00000| Untracked 
|  11|0x0000000080b00000, 0x0000000080c00000, 0x0000000080c00000|100%| O|  |TAMS 0x0000000080c00000, 0x0000000080b00000| Untracked 
|  12|0x0000000080c00000, 0x0000000080d00000, 0x0000000080d00000|100%| O|  |TAMS 0x0000000080d00000, 0x0000000080c00000| Untracked 
|  13|0x0000000080d00000, 0x0000000080e00000, 0x0000000080e00000|100%| O|  |TAMS 0x0000000080e00000, 0x0000000080d00000| Untracked 
|  14|0x0000000080e00000, 0x0000000080f00000, 0x0000000080f00000|100%| O|  |TAMS 0x0000000080f00000, 0x0000000080e00000| Untracked 
|  15|0x0000000080f00000, 0x0000000081000000, 0x0000000081000000|100%| O|  |TAMS 0x0000000081000000, 0x0000000080f00000| Untracked 
|  16|0x0000000081000000, 0x0000000081100000, 0x0000000081100000|100%| O|  |TAMS 0x0000000081100000, 0x0000000081000000| Untracked 
|  17|0x0000000081100000, 0x0000000081200000, 0x0000000081200000|100%| O|  |TAMS 0x0000000081200000, 0x0000000081100000| Untracked 
|  18|0x0000000081200000, 0x0000000081300000, 0x0000000081300000|100%| O|  |TAMS 0x0000000081300000, 0x0000000081200000| Untracked 
|  19|0x0000000081300000, 0x0000000081400000, 0x0000000081400000|100%| O|  |TAMS 0x0000000081400000, 0x0000000081300000| Untracked 
|  20|0x0000000081400000, 0x0000000081500000, 0x0000000081500000|100%| O|  |TAMS 0x0000000081500000, 0x0000000081400000| Untracked 
|  21|0x0000000081500000, 0x0000000081600000, 0x0000000081600000|100%| O|  |TAMS 0x0000000081600000, 0x0000000081500000| Untracked 
|  22|0x0000000081600000, 0x0000000081700000, 0x0000000081700000|100%| O|  |TAMS 0x0000000081700000, 0x0000000081600000| Untracked 
|  23|0x0000000081700000, 0x0000000081800000, 0x0000000081800000|100%| O|  |TAMS 0x0000000081800000, 0x0000000081700000| Untracked 
|  24|0x0000000081800000, 0x0000000081900000, 0x0000000081900000|100%| O|  |TAMS 0x0000000081800000, 0x0000000081800000| Untracked 
|  25|0x0000000081900000, 0x0000000081a00000, 0x0000000081a00000|100%| O|  |TAMS 0x0000000081a00000, 0x0000000081900000| Untracked 
|  26|0x0000000081a00000, 0x0000000081b00000, 0x0000000081b00000|100%| O|  |TAMS 0x0000000081b00000, 0x0000000081a00000| Untracked 
|  27|0x0000000081b00000, 0x0000000081c00000, 0x0000000081c00000|100%| O|  |TAMS 0x0000000081c00000, 0x0000000081b00000| Untracked 
|  28|0x0000000081c00000, 0x0000000081d00000, 0x0000000081d00000|100%| O|  |TAMS 0x0000000081d00000, 0x0000000081c00000| Untracked 
|  29|0x0000000081d00000, 0x0000000081e00000, 0x0000000081e00000|100%| O|  |TAMS 0x0000000081e00000, 0x0000000081d00000| Untracked 
|  30|0x0000000081e00000, 0x0000000081f00000, 0x0000000081f00000|100%| O|  |TAMS 0x0000000081f00000, 0x0000000081e00000| Untracked 
|  31|0x0000000081f00000, 0x0000000082000000, 0x0000000082000000|100%| O|  |TAMS 0x0000000082000000, 0x0000000081f00000| Untracked 
|  32|0x0000000082000000, 0x0000000082100000, 0x0000000082100000|100%| O|  |TAMS 0x0000000082100000, 0x0000000082000000| Untracked 
|  33|0x0000000082100000, 0x0000000082200000, 0x0000000082200000|100%| O|  |TAMS 0x0000000082200000, 0x0000000082100000| Untracked 
|  34|0x0000000082200000, 0x0000000082300000, 0x0000000082300000|100%| O|  |TAMS 0x0000000082300000, 0x0000000082200000| Untracked 
|  35|0x0000000082300000, 0x0000000082400000, 0x0000000082400000|100%| O|  |TAMS 0x0000000082400000, 0x0000000082300000| Untracked 
|  36|0x0000000082400000, 0x0000000082500000, 0x0000000082500000|100%| O|  |TAMS 0x0000000082500000, 0x0000000082400000| Untracked 
|  37|0x0000000082500000, 0x0000000082600000, 0x0000000082600000|100%| O|  |TAMS 0x0000000082600000, 0x0000000082500000| Untracked 
|  38|0x0000000082600000, 0x0000000082700000, 0x0000000082700000|100%| O|  |TAMS 0x0000000082700000, 0x0000000082600000| Untracked 
|  39|0x0000000082700000, 0x0000000082800000, 0x0000000082800000|100%|HS|  |TAMS 0x0000000082800000, 0x0000000082700000| Complete 
|  40|0x0000000082800000, 0x0000000082900000, 0x0000000082900000|100%|HS|  |TAMS 0x0000000082900000, 0x0000000082800000| Complete 
|  41|0x0000000082900000, 0x0000000082a00000, 0x0000000082a00000|100%|HS|  |TAMS 0x0000000082a00000, 0x0000000082900000| Complete 
|  42|0x0000000082a00000, 0x0000000082a00000, 0x0000000082b00000|  0%| F|  |TAMS 0x0000000082a00000, 0x0000000082a00000| Untracked 
|  43|0x0000000082b00000, 0x0000000082c00000, 0x0000000082c00000|100%| O|  |TAMS 0x0000000082c00000, 0x0000000082b00000| Untracked 
|  44|0x0000000082c00000, 0x0000000082d00000, 0x0000000082d00000|100%| O|  |TAMS 0x0000000082d00000, 0x0000000082c00000| Untracked 
|  45|0x0000000082d00000, 0x0000000082e00000, 0x0000000082e00000|100%| O|  |TAMS 0x0000000082e00000, 0x0000000082d00000| Untracked 
|  46|0x0000000082e00000, 0x0000000082f00000, 0x0000000082f00000|100%| O|  |TAMS 0x0000000082f00000, 0x0000000082e00000| Untracked 
|  47|0x0000000082f00000, 0x0000000083000000, 0x0000000083000000|100%| O|  |TAMS 0x0000000083000000, 0x0000000082f00000| Untracked 
|  48|0x0000000083000000, 0x0000000083100000, 0x0000000083100000|100%| O|  |TAMS 0x0000000083100000, 0x0000000083000000| Untracked 
|  49|0x0000000083100000, 0x0000000083200000, 0x0000000083200000|100%| O|  |TAMS 0x0000000083200000, 0x0000000083100000| Untracked 
|  50|0x0000000083200000, 0x0000000083300000, 0x0000000083300000|100%| O|  |TAMS 0x0000000083300000, 0x0000000083200000| Untracked 
|  51|0x0000000083300000, 0x0000000083400000, 0x0000000083400000|100%| O|  |TAMS 0x0000000083400000, 0x0000000083300000| Untracked 
|  52|0x0000000083400000, 0x0000000083500000, 0x0000000083500000|100%| O|  |TAMS 0x00000000834aca00, 0x0000000083400000| Untracked 
|  53|0x0000000083500000, 0x0000000083600000, 0x0000000083600000|100%| O|  |TAMS 0x0000000083500000, 0x0000000083500000| Untracked 
|  54|0x0000000083600000, 0x0000000083700000, 0x0000000083700000|100%| O|  |TAMS 0x0000000083600000, 0x0000000083600000| Untracked 
|  55|0x0000000083700000, 0x0000000083800000, 0x0000000083800000|100%| O|  |TAMS 0x0000000083700000, 0x0000000083700000| Untracked 
|  56|0x0000000083800000, 0x000000008389b400, 0x0000000083900000| 60%| O|  |TAMS 0x0000000083800000, 0x0000000083800000| Untracked 
|  57|0x0000000083900000, 0x0000000083900000, 0x0000000083a00000|  0%| F|  |TAMS 0x0000000083900000, 0x0000000083900000| Untracked 
|  58|0x0000000083a00000, 0x0000000083a00000, 0x0000000083b00000|  0%| F|  |TAMS 0x0000000083a00000, 0x0000000083a00000| Untracked 
|  59|0x0000000083b00000, 0x0000000083b00000, 0x0000000083c00000|  0%| F|  |TAMS 0x0000000083b00000, 0x0000000083b00000| Untracked 
|  60|0x0000000083c00000, 0x0000000083c00000, 0x0000000083d00000|  0%| F|  |TAMS 0x0000000083c00000, 0x0000000083c00000| Untracked 
|  61|0x0000000083d00000, 0x0000000083d00000, 0x0000000083e00000|  0%| F|  |TAMS 0x0000000083d00000, 0x0000000083d00000| Untracked 
|  62|0x0000000083e00000, 0x0000000083e00000, 0x0000000083f00000|  0%| F|  |TAMS 0x0000000083e00000, 0x0000000083e00000| Untracked 
|  63|0x0000000083f00000, 0x0000000083f00000, 0x0000000084000000|  0%| F|  |TAMS 0x0000000083f00000, 0x0000000083f00000| Untracked 
|  64|0x0000000084000000, 0x0000000084000000, 0x0000000084100000|  0%| F|  |TAMS 0x0000000084000000, 0x0000000084000000| Untracked 
|  65|0x0000000084100000, 0x0000000084100000, 0x0000000084200000|  0%| F|  |TAMS 0x0000000084100000, 0x0000000084100000| Untracked 
|  66|0x0000000084200000, 0x0000000084200000, 0x0000000084300000|  0%| F|  |TAMS 0x0000000084200000, 0x0000000084200000| Untracked 
|  67|0x0000000084300000, 0x0000000084300000, 0x0000000084400000|  0%| F|  |TAMS 0x0000000084300000, 0x0000000084300000| Untracked 
|  68|0x0000000084400000, 0x0000000084400000, 0x0000000084500000|  0%| F|  |TAMS 0x0000000084400000, 0x0000000084400000| Untracked 
|  69|0x0000000084500000, 0x0000000084500000, 0x0000000084600000|  0%| F|  |TAMS 0x0000000084500000, 0x0000000084500000| Untracked 
|  70|0x0000000084600000, 0x0000000084600000, 0x0000000084700000|  0%| F|  |TAMS 0x0000000084600000, 0x0000000084600000| Untracked 
|  71|0x0000000084700000, 0x0000000084700000, 0x0000000084800000|  0%| F|  |TAMS 0x0000000084700000, 0x0000000084700000| Untracked 
|  72|0x0000000084800000, 0x0000000084800000, 0x0000000084900000|  0%| F|  |TAMS 0x0000000084800000, 0x0000000084800000| Untracked 
|  73|0x0000000084900000, 0x0000000084900000, 0x0000000084a00000|  0%| F|  |TAMS 0x0000000084900000, 0x0000000084900000| Untracked 
|  74|0x0000000084a00000, 0x0000000084a00000, 0x0000000084b00000|  0%| F|  |TAMS 0x0000000084a00000, 0x0000000084a00000| Untracked 
|  75|0x0000000084b00000, 0x0000000084b00000, 0x0000000084c00000|  0%| F|  |TAMS 0x0000000084b00000, 0x0000000084b00000| Untracked 
|  76|0x0000000084c00000, 0x0000000084ca0970, 0x0000000084d00000| 62%| S|CS|TAMS 0x0000000084c00000, 0x0000000084c00000| Complete 
|  77|0x0000000084d00000, 0x0000000084e00000, 0x0000000084e00000|100%| S|CS|TAMS 0x0000000084d00000, 0x0000000084d00000| Complete 
|  78|0x0000000084e00000, 0x0000000084f00000, 0x0000000084f00000|100%| S|CS|TAMS 0x0000000084e00000, 0x0000000084e00000| Complete 
|  79|0x0000000084f00000, 0x0000000084f00000, 0x0000000085000000|  0%| F|  |TAMS 0x0000000084f00000, 0x0000000084f00000| Untracked 
|  80|0x0000000085000000, 0x0000000085000000, 0x0000000085100000|  0%| F|  |TAMS 0x0000000085000000, 0x0000000085000000| Untracked 
|  81|0x0000000085100000, 0x0000000085100000, 0x0000000085200000|  0%| F|  |TAMS 0x0000000085100000, 0x0000000085100000| Untracked 
|  82|0x0000000085200000, 0x0000000085200000, 0x0000000085300000|  0%| F|  |TAMS 0x0000000085200000, 0x0000000085200000| Untracked 
|  83|0x0000000085300000, 0x0000000085300000, 0x0000000085400000|  0%| F|  |TAMS 0x0000000085300000, 0x0000000085300000| Untracked 
|  84|0x0000000085400000, 0x0000000085400000, 0x0000000085500000|  0%| F|  |TAMS 0x0000000085400000, 0x0000000085400000| Untracked 
|  85|0x0000000085500000, 0x0000000085500000, 0x0000000085600000|  0%| F|  |TAMS 0x0000000085500000, 0x0000000085500000| Untracked 
|  86|0x0000000085600000, 0x0000000085600000, 0x0000000085700000|  0%| F|  |TAMS 0x0000000085600000, 0x0000000085600000| Untracked 
|  87|0x0000000085700000, 0x0000000085700000, 0x0000000085800000|  0%| F|  |TAMS 0x0000000085700000, 0x0000000085700000| Untracked 
|  88|0x0000000085800000, 0x0000000085800000, 0x0000000085900000|  0%| F|  |TAMS 0x0000000085800000, 0x0000000085800000| Untracked 
|  89|0x0000000085900000, 0x0000000085900000, 0x0000000085a00000|  0%| F|  |TAMS 0x0000000085900000, 0x0000000085900000| Untracked 
|  90|0x0000000085a00000, 0x0000000085a00000, 0x0000000085b00000|  0%| F|  |TAMS 0x0000000085a00000, 0x0000000085a00000| Untracked 
|  91|0x0000000085b00000, 0x0000000085b00000, 0x0000000085c00000|  0%| F|  |TAMS 0x0000000085b00000, 0x0000000085b00000| Untracked 
|  92|0x0000000085c00000, 0x0000000085c00000, 0x0000000085d00000|  0%| F|  |TAMS 0x0000000085c00000, 0x0000000085c00000| Untracked 
|  93|0x0000000085d00000, 0x0000000085d00000, 0x0000000085e00000|  0%| F|  |TAMS 0x0000000085d00000, 0x0000000085d00000| Untracked 
|  94|0x0000000085e00000, 0x0000000085e00000, 0x0000000085f00000|  0%| F|  |TAMS 0x0000000085e00000, 0x0000000085e00000| Untracked 
|  95|0x0000000085f00000, 0x0000000085f00000, 0x0000000086000000|  0%| F|  |TAMS 0x0000000085f00000, 0x0000000085f00000| Untracked 
|  96|0x0000000086000000, 0x0000000086000000, 0x0000000086100000|  0%| F|  |TAMS 0x0000000086000000, 0x0000000086000000| Untracked 
|  97|0x0000000086100000, 0x0000000086100000, 0x0000000086200000|  0%| F|  |TAMS 0x0000000086100000, 0x0000000086100000| Untracked 
|  98|0x0000000086200000, 0x0000000086200000, 0x0000000086300000|  0%| F|  |TAMS 0x0000000086200000, 0x0000000086200000| Untracked 
|  99|0x0000000086300000, 0x0000000086300000, 0x0000000086400000|  0%| F|  |TAMS 0x0000000086300000, 0x0000000086300000| Untracked 
| 100|0x0000000086400000, 0x0000000086400000, 0x0000000086500000|  0%| F|  |TAMS 0x0000000086400000, 0x0000000086400000| Untracked 
| 101|0x0000000086500000, 0x0000000086500000, 0x0000000086600000|  0%| F|  |TAMS 0x0000000086500000, 0x0000000086500000| Untracked 
| 102|0x0000000086600000, 0x0000000086600000, 0x0000000086700000|  0%| F|  |TAMS 0x0000000086600000, 0x0000000086600000| Untracked 
| 103|0x0000000086700000, 0x0000000086700000, 0x0000000086800000|  0%| F|  |TAMS 0x0000000086700000, 0x0000000086700000| Untracked 
| 104|0x0000000086800000, 0x0000000086800000, 0x0000000086900000|  0%| F|  |TAMS 0x0000000086800000, 0x0000000086800000| Untracked 
| 105|0x0000000086900000, 0x0000000086900000, 0x0000000086a00000|  0%| F|  |TAMS 0x0000000086900000, 0x0000000086900000| Untracked 
| 106|0x0000000086a00000, 0x0000000086a00000, 0x0000000086b00000|  0%| F|  |TAMS 0x0000000086a00000, 0x0000000086a00000| Untracked 
| 107|0x0000000086b00000, 0x0000000086b00000, 0x0000000086c00000|  0%| F|  |TAMS 0x0000000086b00000, 0x0000000086b00000| Untracked 
| 108|0x0000000086c00000, 0x0000000086c00000, 0x0000000086d00000|  0%| F|  |TAMS 0x0000000086c00000, 0x0000000086c00000| Untracked 
| 109|0x0000000086d00000, 0x0000000086d00000, 0x0000000086e00000|  0%| F|  |TAMS 0x0000000086d00000, 0x0000000086d00000| Untracked 
| 110|0x0000000086e00000, 0x0000000086e00000, 0x0000000086f00000|  0%| F|  |TAMS 0x0000000086e00000, 0x0000000086e00000| Untracked 
| 111|0x0000000086f00000, 0x0000000086f00000, 0x0000000087000000|  0%| F|  |TAMS 0x0000000086f00000, 0x0000000086f00000| Untracked 
| 112|0x0000000087000000, 0x0000000087000000, 0x0000000087100000|  0%| F|  |TAMS 0x0000000087000000, 0x0000000087000000| Untracked 
| 113|0x0000000087100000, 0x0000000087100000, 0x0000000087200000|  0%| F|  |TAMS 0x0000000087100000, 0x0000000087100000| Untracked 
| 114|0x0000000087200000, 0x0000000087200000, 0x0000000087300000|  0%| F|  |TAMS 0x0000000087200000, 0x0000000087200000| Untracked 
| 115|0x0000000087300000, 0x0000000087300000, 0x0000000087400000|  0%| F|  |TAMS 0x0000000087300000, 0x0000000087300000| Untracked 
| 116|0x0000000087400000, 0x0000000087400000, 0x0000000087500000|  0%| F|  |TAMS 0x0000000087400000, 0x0000000087400000| Untracked 
| 117|0x0000000087500000, 0x0000000087500000, 0x0000000087600000|  0%| F|  |TAMS 0x0000000087500000, 0x0000000087500000| Untracked 
| 118|0x0000000087600000, 0x0000000087600000, 0x0000000087700000|  0%| F|  |TAMS 0x0000000087600000, 0x0000000087600000| Untracked 
| 119|0x0000000087700000, 0x0000000087700000, 0x0000000087800000|  0%| F|  |TAMS 0x0000000087700000, 0x0000000087700000| Untracked 
| 120|0x0000000087800000, 0x0000000087800000, 0x0000000087900000|  0%| F|  |TAMS 0x0000000087800000, 0x0000000087800000| Untracked 
| 121|0x0000000087900000, 0x0000000087900000, 0x0000000087a00000|  0%| F|  |TAMS 0x0000000087900000, 0x0000000087900000| Untracked 
| 122|0x0000000087a00000, 0x0000000087a00000, 0x0000000087b00000|  0%| F|  |TAMS 0x0000000087a00000, 0x0000000087a00000| Untracked 
| 123|0x0000000087b00000, 0x0000000087b00000, 0x0000000087c00000|  0%| F|  |TAMS 0x0000000087b00000, 0x0000000087b00000| Untracked 
| 124|0x0000000087c00000, 0x0000000087c00000, 0x0000000087d00000|  0%| F|  |TAMS 0x0000000087c00000, 0x0000000087c00000| Untracked 
| 125|0x0000000087d00000, 0x0000000087d00000, 0x0000000087e00000|  0%| F|  |TAMS 0x0000000087d00000, 0x0000000087d00000| Untracked 
| 126|0x0000000087e00000, 0x0000000087e00000, 0x0000000087f00000|  0%| F|  |TAMS 0x0000000087e00000, 0x0000000087e00000| Untracked 
| 127|0x0000000087f00000, 0x0000000087f00000, 0x0000000088000000|  0%| F|  |TAMS 0x0000000087f00000, 0x0000000087f00000| Untracked 

Card table byte_map: [0x000002477b670000,0x000002477ba70000] _byte_map_base: 0x000002477b270000

Marking Bits (Prev, Next): (CMBitMap*) 0x0000024777acd550, (CMBitMap*) 0x0000024777acd510
 Prev Bits: [0x000002477de70000, 0x000002477fe70000)
 Next Bits: [0x000002477be70000, 0x000002477de70000)

Polling page: 0x0000024775a10000

Metaspace:

Usage:
  Non-class:     58.80 MB used.
      Class:      8.95 MB used.
       Both:     67.75 MB used.

Virtual space:
  Non-class space:       64.00 MB reserved,      59.12 MB ( 92%) committed,  8 nodes.
      Class space:        1.00 GB reserved,       9.19 MB ( <1%) committed,  1 nodes.
             Both:        1.06 GB reserved,      68.31 MB (  6%) committed. 

Chunk freelists:
   Non-Class:  608.00 KB
       Class:  2.79 MB
        Both:  3.38 MB

MaxMetaspaceSize: unlimited
CompressedClassSpaceSize: 1.00 GB
Initial GC threshold: 21.00 MB
Current GC threshold: 109.81 MB
CDS: off
MetaspaceReclaimPolicy: balanced
 - commit_granule_bytes: 65536.
 - commit_granule_words: 8192.
 - virtual_space_node_default_size: 1048576.
 - enlarge_chunks_in_place: 1.
 - new_chunks_are_fully_committed: 0.
 - uncommit_free_chunks: 1.
 - use_allocation_guard: 0.
 - handle_deallocations: 1.


Internal statistics:

num_allocs_failed_limit: 6.
num_arena_births: 624.
num_arena_deaths: 0.
num_vsnodes_births: 9.
num_vsnodes_deaths: 0.
num_space_committed: 1093.
num_space_uncommitted: 0.
num_chunks_returned_to_freelist: 6.
num_chunks_taken_from_freelist: 2948.
num_chunk_merges: 6.
num_chunk_splits: 1969.
num_chunks_enlarged: 1345.
num_purges: 0.
num_inconsistent_stats: 0.

CodeHeap 'non-profiled nmethods': size=120000Kb used=3496Kb max_used=3496Kb free=116503Kb
 bounds [0x0000024707ad0000, 0x0000024707e40000, 0x000002470f000000]
CodeHeap 'profiled nmethods': size=120000Kb used=12229Kb max_used=12463Kb free=107770Kb
 bounds [0x0000024700000000, 0x0000024700c50000, 0x0000024707530000]
CodeHeap 'non-nmethods': size=5760Kb used=2356Kb max_used=2414Kb free=3403Kb
 bounds [0x0000024707530000, 0x00000247077a0000, 0x0000024707ad0000]
 total_blobs=7049 nmethods=6165 adapters=796
 compilation: enabled
              stopped_count=0, restarted_count=0
 full_count=0

Compilation events (20 events):
Event: 14.787 Thread 0x000002471245f920 7018       3       kotlin.Pair::<init> (15 bytes)
Event: 14.787 Thread 0x000002471245f920 nmethod 7018 0x000002470004b310 code [0x000002470004b4c0, 0x000002470004b6d8]
Event: 14.791 Thread 0x000002471245f920 7019       1       kotlin.Pair::component1 (5 bytes)
Event: 14.791 Thread 0x000002471245f920 nmethod 7019 0x0000024707b95c10 code [0x0000024707b95da0, 0x0000024707b95e78]
Event: 14.791 Thread 0x000002471245f920 7020       1       kotlin.Pair::component2 (5 bytes)
Event: 14.791 Thread 0x000002471245f920 nmethod 7020 0x0000024707b95910 code [0x0000024707b95aa0, 0x0000024707b95b78]
Event: 14.791 Thread 0x000002471245f920 7021       3       com.android.tools.build.jetifier.core.type.JavaType::hashCode (17 bytes)
Event: 14.791 Thread 0x000002471245f920 nmethod 7021 0x000002470004ae90 code [0x000002470004b040, 0x000002470004b208]
Event: 14.808 Thread 0x0000024718503960 nmethod 7007 0x0000024707b94590 code [0x0000024707b94760, 0x0000024707b953b8]
Event: 14.808 Thread 0x0000024718503960 6979       4       com.google.gson.stream.JsonReader::nextQuotedValue (271 bytes)
Event: 14.810 Thread 0x000002471245f920 7022       3       com.android.tools.build.jetifier.core.type.JavaType::hasInnerType (16 bytes)
Event: 14.810 Thread 0x000002471245f920 nmethod 7022 0x000002470004aa10 code [0x000002470004abc0, 0x000002470004ad88]
Event: 14.834 Thread 0x000002471245f920 7023       1       com.android.tools.build.jetifier.core.pom.PomRewriteRule::getFrom (5 bytes)
Event: 14.834 Thread 0x000002471245f920 nmethod 7023 0x0000024707b94290 code [0x0000024707b94420, 0x0000024707b944f8]
Event: 14.834 Thread 0x000002471245f920 7024       3       java.util.regex.Pattern::accept (43 bytes)
Event: 14.834 Thread 0x000002471245f920 nmethod 7024 0x000002470004a390 code [0x000002470004a560, 0x000002470004a878]
Event: 14.944 Thread 0x0000024718503960 nmethod 6979 0x0000024707c10310 code [0x0000024707c10540, 0x0000024707c12a58]
Event: 14.944 Thread 0x0000024718503960 7000       4       java.util.regex.Pattern::next (33 bytes)
Event: 14.945 Thread 0x0000024718503960 nmethod 7000 0x0000024707c0ff90 code [0x0000024707c10100, 0x0000024707c101f8]
Event: 14.979 Thread 0x0000024718503960 7025   !   4       jdk.internal.loader.Resource::getBytes (244 bytes)

GC Heap History (20 events):
Event: 9.705 GC heap after
{Heap after GC invocations=24 (full 0):
 garbage-first heap   total 101376K, used 48293K [0x0000000080000000, 0x0000000100000000)
  region size 1024K, 1 young (1024K), 1 survivors (1024K)
 Metaspace       used 53410K, committed 53888K, reserved 1097728K
  class space    used 7067K, committed 7296K, reserved 1048576K
}
Event: 10.262 GC heap before
{Heap before GC invocations=24 (full 0):
 garbage-first heap   total 101376K, used 68773K [0x0000000080000000, 0x0000000100000000)
  region size 1024K, 21 young (21504K), 1 survivors (1024K)
 Metaspace       used 56415K, committed 56896K, reserved 1105920K
  class space    used 7458K, committed 7680K, reserved 1048576K
}
Event: 10.264 GC heap after
{Heap after GC invocations=25 (full 0):
 garbage-first heap   total 101376K, used 49044K [0x0000000080000000, 0x0000000100000000)
  region size 1024K, 1 young (1024K), 1 survivors (1024K)
 Metaspace       used 56415K, committed 56896K, reserved 1105920K
  class space    used 7458K, committed 7680K, reserved 1048576K
}
Event: 10.840 GC heap before
{Heap before GC invocations=26 (full 0):
 garbage-first heap   total 101376K, used 71572K [0x0000000080000000, 0x0000000100000000)
  region size 1024K, 23 young (23552K), 1 survivors (1024K)
 Metaspace       used 60652K, committed 61248K, reserved 1105920K
  class space    used 8022K, committed 8320K, reserved 1048576K
}
Event: 10.843 GC heap after
{Heap after GC invocations=27 (full 0):
 garbage-first heap   total 101376K, used 50136K [0x0000000080000000, 0x0000000100000000)
  region size 1024K, 2 young (2048K), 2 survivors (2048K)
 Metaspace       used 60652K, committed 61248K, reserved 1105920K
  class space    used 8022K, committed 8320K, reserved 1048576K
}
Event: 10.876 GC heap before
{Heap before GC invocations=27 (full 0):
 garbage-first heap   total 101376K, used 52184K [0x0000000080000000, 0x0000000100000000)
  region size 1024K, 4 young (4096K), 2 survivors (2048K)
 Metaspace       used 60876K, committed 61376K, reserved 1105920K
  class space    used 8060K, committed 8320K, reserved 1048576K
}
Event: 10.880 GC heap after
{Heap after GC invocations=28 (full 0):
 garbage-first heap   total 101376K, used 49753K [0x0000000080000000, 0x0000000100000000)
  region size 1024K, 1 young (1024K), 1 survivors (1024K)
 Metaspace       used 60876K, committed 61376K, reserved 1105920K
  class space    used 8060K, committed 8320K, reserved 1048576K
}
Event: 11.238 GC heap before
{Heap before GC invocations=28 (full 0):
 garbage-first heap   total 101376K, used 58969K [0x0000000080000000, 0x0000000100000000)
  region size 1024K, 11 young (11264K), 1 survivors (1024K)
 Metaspace       used 62866K, committed 63424K, reserved 1105920K
  class space    used 8307K, committed 8576K, reserved 1048576K
}
Event: 11.240 GC heap after
{Heap after GC invocations=29 (full 0):
 garbage-first heap   total 101376K, used 51018K [0x0000000080000000, 0x0000000100000000)
  region size 1024K, 2 young (2048K), 2 survivors (2048K)
 Metaspace       used 62866K, committed 63424K, reserved 1105920K
  class space    used 8307K, committed 8576K, reserved 1048576K
}
Event: 11.718 GC heap before
{Heap before GC invocations=30 (full 0):
 garbage-first heap   total 107520K, used 81738K [0x0000000080000000, 0x0000000100000000)
  region size 1024K, 26 young (26624K), 2 survivors (2048K)
 Metaspace       used 64413K, committed 64960K, reserved 1105920K
  class space    used 8511K, committed 8768K, reserved 1048576K
}
Event: 11.722 GC heap after
{Heap after GC invocations=31 (full 0):
 garbage-first heap   total 107520K, used 53400K [0x0000000080000000, 0x0000000100000000)
  region size 1024K, 4 young (4096K), 4 survivors (4096K)
 Metaspace       used 64413K, committed 64960K, reserved 1105920K
  class space    used 8511K, committed 8768K, reserved 1048576K
}
Event: 11.737 GC heap before
{Heap before GC invocations=31 (full 0):
 garbage-first heap   total 107520K, used 54424K [0x0000000080000000, 0x0000000100000000)
  region size 1024K, 5 young (5120K), 4 survivors (4096K)
 Metaspace       used 64528K, committed 65024K, reserved 1105920K
  class space    used 8526K, committed 8768K, reserved 1048576K
}
Event: 11.740 GC heap after
{Heap after GC invocations=32 (full 0):
 garbage-first heap   total 107520K, used 53429K [0x0000000080000000, 0x0000000100000000)
  region size 1024K, 1 young (1024K), 1 survivors (1024K)
 Metaspace       used 64528K, committed 65024K, reserved 1105920K
  class space    used 8526K, committed 8768K, reserved 1048576K
}
Event: 12.637 GC heap before
{Heap before GC invocations=32 (full 0):
 garbage-first heap   total 107520K, used 80053K [0x0000000080000000, 0x0000000100000000)
  region size 1024K, 27 young (27648K), 1 survivors (1024K)
 Metaspace       used 66878K, committed 67456K, reserved 1114112K
  class space    used 8822K, committed 9088K, reserved 1048576K
}
Event: 12.641 GC heap after
{Heap after GC invocations=33 (full 0):
 garbage-first heap   total 107520K, used 55129K [0x0000000080000000, 0x0000000100000000)
  region size 1024K, 3 young (3072K), 3 survivors (3072K)
 Metaspace       used 66878K, committed 67456K, reserved 1114112K
  class space    used 8822K, committed 9088K, reserved 1048576K
}
Event: 13.432 GC heap before
{Heap before GC invocations=34 (full 0):
 garbage-first heap   total 107520K, used 81753K [0x0000000080000000, 0x0000000100000000)
  region size 1024K, 29 young (29696K), 3 survivors (3072K)
 Metaspace       used 67062K, committed 67584K, reserved 1114112K
  class space    used 8858K, committed 9088K, reserved 1048576K
}
Event: 13.438 GC heap after
{Heap after GC invocations=35 (full 0):
 garbage-first heap   total 107520K, used 57499K [0x0000000080000000, 0x0000000100000000)
  region size 1024K, 3 young (3072K), 3 survivors (3072K)
 Metaspace       used 67062K, committed 67584K, reserved 1114112K
  class space    used 8858K, committed 9088K, reserved 1048576K
}
Event: 13.472 GC heap before
{Heap before GC invocations=35 (full 0):
 garbage-first heap   total 107520K, used 59547K [0x0000000080000000, 0x0000000100000000)
  region size 1024K, 5 young (5120K), 3 survivors (3072K)
 Metaspace       used 67063K, committed 67584K, reserved 1114112K
  class space    used 8858K, committed 9088K, reserved 1048576K
}
Event: 13.475 GC heap after
{Heap after GC invocations=36 (full 0):
 garbage-first heap   total 107520K, used 57194K [0x0000000080000000, 0x0000000100000000)
  region size 1024K, 1 young (1024K), 1 survivors (1024K)
 Metaspace       used 67063K, committed 67584K, reserved 1114112K
  class space    used 8858K, committed 9088K, reserved 1048576K
}
Event: 14.986 GC heap before
{Heap before GC invocations=36 (full 0):
 garbage-first heap   total 107520K, used 82794K [0x0000000080000000, 0x0000000100000000)
  region size 1024K, 26 young (26624K), 1 survivors (1024K)
 Metaspace       used 69377K, committed 69952K, reserved 1114112K
  class space    used 9164K, committed 9408K, reserved 1048576K
}

Dll operation events (2 events):
Event: 0.018 Loaded shared library C:\Program Files\Android\Android Studio\jbr\bin\java.dll
Event: 0.639 Loaded shared library C:\Program Files\Android\Android Studio\jbr\bin\verify.dll

Deoptimization events (20 events):
Event: 13.225 Thread 0x0000024714a751b0 Uncommon trap: trap_request=0xfffffff4 fr.pc=0x0000024707b56048 relative=0x00000000000009c8
Event: 13.225 Thread 0x0000024714a751b0 Uncommon trap: reason=null_check action=make_not_entrant pc=0x0000024707b56048 method=com.sun.beans.introspect.MethodInfo$MethodOrder.compare(Ljava/lang/reflect/Method;Ljava/lang/reflect/Method;)I @ 133 c2
Event: 13.225 Thread 0x0000024714a751b0 DEOPT PACKING pc=0x0000024707b56048 sp=0x000000aac0ef4880
Event: 13.225 Thread 0x0000024714a751b0 DEOPT UNPACKING pc=0x00000247075869a3 sp=0x000000aac0ef4820 mode 2
Event: 13.390 Thread 0x0000024714a751b0 Uncommon trap: trap_request=0xfffffff4 fr.pc=0x0000024707b5d56c relative=0x00000000000026cc
Event: 13.390 Thread 0x0000024714a751b0 Uncommon trap: reason=null_check action=make_not_entrant pc=0x0000024707b5d56c method=java.lang.PublicMethods$MethodList.getMostSpecific()Ljava/lang/reflect/Method; @ 41 c2
Event: 13.390 Thread 0x0000024714a751b0 DEOPT PACKING pc=0x0000024707b5d56c sp=0x000000aac0ef2ec0
Event: 13.390 Thread 0x0000024714a751b0 DEOPT UNPACKING pc=0x00000247075869a3 sp=0x000000aac0ef2db0 mode 2
Event: 13.393 Thread 0x0000024714a751b0 Uncommon trap: trap_request=0xfffffff4 fr.pc=0x0000024707b5a8cc relative=0x000000000000012c
Event: 13.393 Thread 0x0000024714a751b0 Uncommon trap: reason=null_check action=make_not_entrant pc=0x0000024707b5a8cc method=java.lang.PublicMethods$MethodList.getMostSpecific()Ljava/lang/reflect/Method; @ 41 c2
Event: 13.393 Thread 0x0000024714a751b0 DEOPT PACKING pc=0x0000024707b5a8cc sp=0x000000aac0ef2e30
Event: 13.393 Thread 0x0000024714a751b0 DEOPT UNPACKING pc=0x00000247075869a3 sp=0x000000aac0ef2d30 mode 2
Event: 13.491 Thread 0x0000024714a751b0 Uncommon trap: trap_request=0xfffffff4 fr.pc=0x0000024707b4b58c relative=0x0000000000000a0c
Event: 13.491 Thread 0x0000024714a751b0 Uncommon trap: reason=null_check action=make_not_entrant pc=0x0000024707b4b58c method=com.sun.beans.introspect.MethodInfo$MethodOrder.compare(Ljava/lang/reflect/Method;Ljava/lang/reflect/Method;)I @ 145 c2
Event: 13.491 Thread 0x0000024714a751b0 DEOPT PACKING pc=0x0000024707b4b58c sp=0x000000aac0ef34f0
Event: 13.491 Thread 0x0000024714a751b0 DEOPT UNPACKING pc=0x00000247075869a3 sp=0x000000aac0ef3490 mode 2
Event: 14.119 Thread 0x0000024714a751b0 Uncommon trap: trap_request=0xffffff45 fr.pc=0x0000024707c78918 relative=0x00000000000003d8
Event: 14.119 Thread 0x0000024714a751b0 Uncommon trap: reason=unstable_if action=reinterpret pc=0x0000024707c78918 method=java.lang.StringConcatHelper.simpleConcat(Ljava/lang/Object;Ljava/lang/Object;)Ljava/lang/String; @ 30 c2
Event: 14.119 Thread 0x0000024714a751b0 DEOPT PACKING pc=0x0000024707c78918 sp=0x000000aac0ef8450
Event: 14.120 Thread 0x0000024714a751b0 DEOPT UNPACKING pc=0x00000247075869a3 sp=0x000000aac0ef83f8 mode 2

Classes unloaded (0 events):
No events

Classes redefined (0 events):
No events

Internal exceptions (20 events):
Event: 13.491 Thread 0x0000024714a751b0 Exception <a 'java/lang/ClassNotFoundException'{0x0000000087fcf8b0}: com/android/builder/core/AbstractBuildTypeCustomizer> (0x0000000087fcf8b0) 
thrown [s\src\hotspot\share\classfile\systemDictionary.cpp, line 256]
Event: 13.494 Thread 0x0000024714a751b0 Exception <a 'java/lang/ClassNotFoundException'{0x0000000087ffa7b8}: com/android/build/gradle/internal/dsl/BuildTypeCustomizer> (0x0000000087ffa7b8) 
thrown [s\src\hotspot\share\classfile\systemDictionary.cpp, line 256]
Event: 13.501 Thread 0x0000024714a751b0 Exception <a 'java/lang/ClassNotFoundException'{0x0000000086785570}: com/android/build/gradle/internal/dsl/BuildType$AgpDecoratedCustomizer> (0x0000000086785570) 
thrown [s\src\hotspot\share\classfile\systemDictionary.cpp, line 256]
Event: 13.505 Thread 0x0000024714a751b0 Exception <a 'java/lang/ClassNotFoundException'{0x00000000867d8d48}: com/android/build/gradle/internal/dsl/BuildType$AgpDecorated_DecoratedCustomizer> (0x00000000867d8d48) 
thrown [s\src\hotspot\share\classfile\systemDictionary.cpp, line 256]
Event: 13.518 Thread 0x0000024714a751b0 Exception <a 'java/lang/ClassNotFoundException'{0x00000000865b6fe8}: build_aw6dihgurze96e6abws8imlr3$_run_closure1$_closure4BeanInfo> (0x00000000865b6fe8) 
thrown [s\src\hotspot\share\classfile\systemDictionary.cpp, line 256]
Event: 13.519 Thread 0x0000024714a751b0 Exception <a 'java/lang/ClassNotFoundException'{0x00000000865c1d28}: build_aw6dihgurze96e6abws8imlr3$_run_closure1$_closure4Customizer> (0x00000000865c1d28) 
thrown [s\src\hotspot\share\classfile\systemDictionary.cpp, line 256]
Event: 13.534 Thread 0x0000024714a751b0 Exception <a 'java/lang/ClassNotFoundException'{0x00000000865e6048}: build_aw6dihgurze96e6abws8imlr3$_run_closure1BeanInfo> (0x00000000865e6048) 
thrown [s\src\hotspot\share\classfile\systemDictionary.cpp, line 256]
Event: 13.534 Thread 0x0000024714a751b0 Exception <a 'java/lang/ClassNotFoundException'{0x00000000865f1470}: build_aw6dihgurze96e6abws8imlr3$_run_closure1Customizer> (0x00000000865f1470) 
thrown [s\src\hotspot\share\classfile\systemDictionary.cpp, line 256]
Event: 13.543 Thread 0x0000024714a751b0 Exception <a 'java/lang/ClassNotFoundException'{0x000000008642f578}: org/gradle/api/JavaVersionBeanInfo> (0x000000008642f578) 
thrown [s\src\hotspot\share\classfile\systemDictionary.cpp, line 256]
Event: 13.547 Thread 0x0000024714a751b0 Exception <a 'java/lang/ClassNotFoundException'{0x0000000086445828}: org/gradle/api/JavaVersionCustomizer> (0x0000000086445828) 
thrown [s\src\hotspot\share\classfile\systemDictionary.cpp, line 256]
Event: 13.562 Thread 0x0000024714a751b0 Exception <a 'java/lang/ClassNotFoundException'{0x000000008648a5a8}: com/android/build/gradle/internal/CompileOptions$AgpDecorated_DecoratedBeanInfo> (0x000000008648a5a8) 
thrown [s\src\hotspot\share\classfile\systemDictionary.cpp, line 256]
Event: 13.565 Thread 0x0000024714a751b0 Exception <a 'java/lang/ClassNotFoundException'{0x0000000086497c08}: com/android/build/gradle/internal/CompileOptions$AgpDecoratedBeanInfo> (0x0000000086497c08) 
thrown [s\src\hotspot\share\classfile\systemDictionary.cpp, line 256]
Event: 13.567 Thread 0x0000024714a751b0 Exception <a 'java/lang/ClassNotFoundException'{0x00000000864a5070}: com/android/build/gradle/internal/CompileOptionsBeanInfo> (0x00000000864a5070) 
thrown [s\src\hotspot\share\classfile\systemDictionary.cpp, line 256]
Event: 13.569 Thread 0x0000024714a751b0 Exception <a 'java/lang/ClassNotFoundException'{0x00000000864b24e0}: com/android/build/gradle/internal/CompileOptionsCustomizer> (0x00000000864b24e0) 
thrown [s\src\hotspot\share\classfile\systemDictionary.cpp, line 256]
Event: 13.573 Thread 0x0000024714a751b0 Exception <a 'java/lang/ClassNotFoundException'{0x00000000864cae50}: com/android/build/gradle/internal/CompileOptions$AgpDecoratedCustomizer> (0x00000000864cae50) 
thrown [s\src\hotspot\share\classfile\systemDictionary.cpp, line 256]
Event: 13.579 Thread 0x0000024714a751b0 Exception <a 'java/lang/ClassNotFoundException'{0x00000000864dbcd0}: com/android/build/gradle/internal/CompileOptions$AgpDecorated_DecoratedCustomizer> (0x00000000864dbcd0) 
thrown [s\src\hotspot\share\classfile\systemDictionary.cpp, line 256]
Event: 13.639 Thread 0x0000024714a751b0 Exception <a 'java/lang/ClassNotFoundException'{0x0000000086354ee8}: org/gradle/api/internal/artifacts/dsl/dependencies/DefaultDependencyHandler_DecoratedBeanInfo> (0x0000000086354ee8) 
thrown [s\src\hotspot\share\classfile\systemDictionary.cpp, line 256]
Event: 13.642 Thread 0x0000024714a751b0 Exception <a 'java/lang/ClassNotFoundException'{0x000000008636ee70}: org/gradle/api/internal/artifacts/dsl/dependencies/DefaultDependencyHandlerBeanInfo> (0x000000008636ee70) 
thrown [s\src\hotspot\share\classfile\systemDictionary.cpp, line 256]
Event: 13.644 Thread 0x0000024714a751b0 Exception <a 'java/lang/ClassNotFoundException'{0x0000000086389028}: org/gradle/api/internal/artifacts/dsl/dependencies/DefaultDependencyHandlerCustomizer> (0x0000000086389028) 
thrown [s\src\hotspot\share\classfile\systemDictionary.cpp, line 256]
Event: 13.649 Thread 0x0000024714a751b0 Exception <a 'java/lang/ClassNotFoundException'{0x00000000863ca530}: org/gradle/api/internal/artifacts/dsl/dependencies/DefaultDependencyHandler_DecoratedCustomizer> (0x00000000863ca530) 
thrown [s\src\hotspot\share\classfile\systemDictionary.cpp, line 256]

VM Operations (20 events):
Event: 11.741 Executing VM operation: G1CollectForAllocation done
Event: 12.550 Executing VM operation: ICBufferFull
Event: 12.550 Executing VM operation: ICBufferFull done
Event: 12.637 Executing VM operation: G1CollectForAllocation
Event: 12.641 Executing VM operation: G1CollectForAllocation done
Event: 12.697 Executing VM operation: G1Concurrent
Event: 12.702 Executing VM operation: G1Concurrent done
Event: 12.726 Executing VM operation: G1Concurrent
Event: 12.728 Executing VM operation: G1Concurrent done
Event: 13.432 Executing VM operation: G1CollectForAllocation
Event: 13.439 Executing VM operation: G1CollectForAllocation done
Event: 13.472 Executing VM operation: G1CollectForAllocation
Event: 13.475 Executing VM operation: G1CollectForAllocation done
Event: 13.690 Executing VM operation: HandshakeAllThreads
Event: 13.691 Executing VM operation: HandshakeAllThreads done
Event: 13.706 Executing VM operation: HandshakeAllThreads
Event: 13.706 Executing VM operation: HandshakeAllThreads done
Event: 14.710 Executing VM operation: Cleanup
Event: 14.711 Executing VM operation: Cleanup done
Event: 14.986 Executing VM operation: G1CollectForAllocation

Events (20 events):
Event: 12.155 loading class sun/reflect/annotation/AnnotationInvocationHandler$1
Event: 12.157 loading class sun/reflect/annotation/AnnotationInvocationHandler$1 done
Event: 12.635 loading class org/xml/sax/Locator
Event: 12.636 loading class org/xml/sax/Locator done
Event: 12.636 loading class org/xml/sax/SAXParseException
Event: 12.637 loading class org/xml/sax/SAXParseException done
Event: 12.685 loading class org/xml/sax/Attributes
Event: 12.685 loading class org/xml/sax/Attributes done
Event: 13.235 loading class java/beans/IntrospectionException
Event: 13.236 loading class java/beans/IntrospectionException done
Event: 13.695 loading class java/util/concurrent/LinkedBlockingDeque$Itr
Event: 13.696 loading class java/util/concurrent/LinkedBlockingDeque$AbstractItr
Event: 13.696 loading class java/util/concurrent/LinkedBlockingDeque$AbstractItr done
Event: 13.696 loading class java/util/concurrent/LinkedBlockingDeque$Itr done
Event: 13.837 Thread 0x0000024714cb5e70 Thread exited: 0x0000024714cb5e70
Event: 14.705 loading class sun/reflect/generics/repository/FieldRepository
Event: 14.706 loading class sun/reflect/generics/repository/FieldRepository done
Event: 14.731 loading class jdk/internal/vm/annotation/ForceInline
Event: 14.731 loading class jdk/internal/vm/annotation/ForceInline done
Event: 14.783 Thread 0x0000024718503960 Thread added: 0x0000024718503960


Dynamic libraries:
0x00007ff69ef40000 - 0x00007ff69ef4a000 	C:\Program Files\Android\Android Studio\jbr\bin\java.exe
0x00007ffd7e1d0000 - 0x00007ffd7e3c8000 	C:\WINDOWS\SYSTEM32\ntdll.dll
0x00007ffd7de30000 - 0x00007ffd7deed000 	C:\WINDOWS\System32\KERNEL32.DLL
0x00007ffd7bc00000 - 0x00007ffd7bef6000 	C:\WINDOWS\System32\KERNELBASE.dll
0x00007ffd7b940000 - 0x00007ffd7ba40000 	C:\WINDOWS\System32\ucrtbase.dll
0x00007ffd26f50000 - 0x00007ffd26f67000 	C:\Program Files\Android\Android Studio\jbr\bin\jli.dll
0x00007ffd760b0000 - 0x00007ffd760cb000 	C:\Program Files\Android\Android Studio\jbr\bin\VCRUNTIME140.dll
0x00007ffd7d610000 - 0x00007ffd7d7ae000 	C:\WINDOWS\System32\USER32.dll
0x00007ffd7c200000 - 0x00007ffd7c222000 	C:\WINDOWS\System32\win32u.dll
0x00007ffd7e030000 - 0x00007ffd7e05c000 	C:\WINDOWS\System32\GDI32.dll
0x00007ffd7bf00000 - 0x00007ffd7c01a000 	C:\WINDOWS\System32\gdi32full.dll
0x00007ffd7bb60000 - 0x00007ffd7bbfd000 	C:\WINDOWS\System32\msvcp_win.dll
0x00007ffd61c50000 - 0x00007ffd61eea000 	C:\WINDOWS\WinSxS\amd64_microsoft.windows.common-controls_6595b64144ccf1df_6.0.19041.3636_none_60b6a03d71f818d5\COMCTL32.dll
0x00007ffd7c2f0000 - 0x00007ffd7c38e000 	C:\WINDOWS\System32\msvcrt.dll
0x00007ffd7c930000 - 0x00007ffd7c960000 	C:\WINDOWS\System32\IMM32.DLL
0x00007ffd76150000 - 0x00007ffd7615c000 	C:\Program Files\Android\Android Studio\jbr\bin\vcruntime140_1.dll
0x00007ffd59bc0000 - 0x00007ffd59c4d000 	C:\Program Files\Android\Android Studio\jbr\bin\msvcp140.dll
0x00007ffd271a0000 - 0x00007ffd27e0e000 	C:\Program Files\Android\Android Studio\jbr\bin\server\jvm.dll
0x00007ffd7dc50000 - 0x00007ffd7dcff000 	C:\WINDOWS\System32\ADVAPI32.dll
0x00007ffd7d230000 - 0x00007ffd7d2cc000 	C:\WINDOWS\System32\sechost.dll
0x00007ffd7dd00000 - 0x00007ffd7de26000 	C:\WINDOWS\System32\RPCRT4.dll
0x00007ffd57480000 - 0x00007ffd57489000 	C:\WINDOWS\SYSTEM32\WSOCK32.dll
0x00007ffd73fb0000 - 0x00007ffd73fba000 	C:\WINDOWS\SYSTEM32\VERSION.dll
0x00007ffd7d5a0000 - 0x00007ffd7d60b000 	C:\WINDOWS\System32\WS2_32.dll
0x00007ffd66420000 - 0x00007ffd66447000 	C:\WINDOWS\SYSTEM32\WINMM.dll
0x00007ffd7a0c0000 - 0x00007ffd7a0d2000 	C:\WINDOWS\SYSTEM32\kernel.appcore.dll
0x00007ffd44b50000 - 0x00007ffd44b5a000 	C:\Program Files\Android\Android Studio\jbr\bin\jimage.dll
0x00007ffd79460000 - 0x00007ffd79644000 	C:\WINDOWS\SYSTEM32\DBGHELP.DLL
0x00007ffd697c0000 - 0x00007ffd697f4000 	C:\WINDOWS\SYSTEM32\dbgcore.DLL
0x00007ffd7b8b0000 - 0x00007ffd7b932000 	C:\WINDOWS\System32\bcryptPrimitives.dll
0x00007ffd29040000 - 0x00007ffd29065000 	C:\Program Files\Android\Android Studio\jbr\bin\java.dll
0x00007ffd403a0000 - 0x00007ffd403b8000 	C:\Program Files\Android\Android Studio\jbr\bin\zip.dll
0x00007ffd7cac0000 - 0x00007ffd7d204000 	C:\WINDOWS\System32\SHELL32.dll
0x00007ffd79910000 - 0x00007ffd7a0ab000 	C:\WINDOWS\SYSTEM32\windows.storage.dll
0x00007ffd7d7b0000 - 0x00007ffd7db04000 	C:\WINDOWS\System32\combase.dll
0x00007ffd7b220000 - 0x00007ffd7b24d000 	C:\WINDOWS\SYSTEM32\Wldp.dll
0x00007ffd7e0e0000 - 0x00007ffd7e18d000 	C:\WINDOWS\System32\SHCORE.dll
0x00007ffd7ca60000 - 0x00007ffd7cab5000 	C:\WINDOWS\System32\shlwapi.dll
0x00007ffd7b7e0000 - 0x00007ffd7b805000 	C:\WINDOWS\SYSTEM32\profapi.dll
0x00007ffd3a940000 - 0x00007ffd3a959000 	C:\Program Files\Android\Android Studio\jbr\bin\net.dll
0x00007ffd73390000 - 0x00007ffd7349a000 	C:\WINDOWS\SYSTEM32\WINHTTP.dll
0x00007ffd7af30000 - 0x00007ffd7af9a000 	C:\WINDOWS\system32\mswsock.dll
0x00007ffd2a360000 - 0x00007ffd2a376000 	C:\Program Files\Android\Android Studio\jbr\bin\nio.dll
0x00007ffd40200000 - 0x00007ffd40210000 	C:\Program Files\Android\Android Studio\jbr\bin\verify.dll
0x00007ffd44b10000 - 0x00007ffd44b37000 	C:\Users\jupi0\.gradle\native\68d5fa5c4cc2d200863cafc0d521ce42e7d3e7ee720ec0a83991735586a16f82\windows-amd64\native-platform.dll
0x00007ffd59840000 - 0x00007ffd59984000 	C:\Users\jupi0\.gradle\native\e376f236ea51e6404a007f0833ffe2c6e607c4080706a723a18a27aeea778392\windows-amd64\native-platform-file-events.dll
0x00007ffd3d060000 - 0x00007ffd3d069000 	C:\Program Files\Android\Android Studio\jbr\bin\management.dll
0x00007ffd3cff0000 - 0x00007ffd3cffb000 	C:\Program Files\Android\Android Studio\jbr\bin\management_ext.dll
0x00007ffd7dc40000 - 0x00007ffd7dc48000 	C:\WINDOWS\System32\PSAPI.DLL
0x00007ffd7b110000 - 0x00007ffd7b128000 	C:\WINDOWS\SYSTEM32\CRYPTSP.dll
0x00007ffd7a870000 - 0x00007ffd7a8a4000 	C:\WINDOWS\system32\rsaenh.dll
0x00007ffd7c070000 - 0x00007ffd7c097000 	C:\WINDOWS\System32\bcrypt.dll
0x00007ffd7b7a0000 - 0x00007ffd7b7ce000 	C:\WINDOWS\SYSTEM32\USERENV.dll
0x00007ffd7b130000 - 0x00007ffd7b13c000 	C:\WINDOWS\SYSTEM32\CRYPTBASE.dll
0x00007ffd7ac40000 - 0x00007ffd7ac7b000 	C:\WINDOWS\SYSTEM32\IPHLPAPI.DLL
0x00007ffd7ca40000 - 0x00007ffd7ca48000 	C:\WINDOWS\System32\NSI.dll
0x00007ffd747f0000 - 0x00007ffd74807000 	C:\WINDOWS\SYSTEM32\dhcpcsvc6.DLL
0x00007ffd74c90000 - 0x00007ffd74cad000 	C:\WINDOWS\SYSTEM32\dhcpcsvc.DLL
0x00007ffd7ac80000 - 0x00007ffd7ad4a000 	C:\WINDOWS\SYSTEM32\DNSAPI.dll
0x00007ffd70cf0000 - 0x00007ffd70cf7000 	C:\WINDOWS\system32\wshunix.dll

dbghelp: loaded successfully - version: 4.0.5 - missing functions: none
symbol engine: initialized successfully - sym options: 0x614 - pdb path: .;C:\Program Files\Android\Android Studio\jbr\bin;C:\WINDOWS\SYSTEM32;C:\WINDOWS\WinSxS\amd64_microsoft.windows.common-controls_6595b64144ccf1df_6.0.19041.3636_none_60b6a03d71f818d5;C:\Program Files\Android\Android Studio\jbr\bin\server;C:\Users\jupi0\.gradle\native\68d5fa5c4cc2d200863cafc0d521ce42e7d3e7ee720ec0a83991735586a16f82\windows-amd64;C:\Users\jupi0\.gradle\native\e376f236ea51e6404a007f0833ffe2c6e607c4080706a723a18a27aeea778392\windows-amd64

VM Arguments:
jvm_args: --add-opens=java.base/java.util=ALL-UNNAMED --add-opens=java.base/java.lang=ALL-UNNAMED --add-opens=java.base/java.lang.invoke=ALL-UNNAMED --add-opens=java.prefs/java.util.prefs=ALL-UNNAMED --add-opens=java.base/java.nio.charset=ALL-UNNAMED --add-opens=java.base/java.net=ALL-UNNAMED --add-opens=java.base/java.util.concurrent.atomic=ALL-UNNAMED -Xmx2048m -Dfile.encoding=UTF-8 -Duser.country=KR -Duser.language=ko -Duser.variant 
java_command: org.gradle.launcher.daemon.bootstrap.GradleDaemon 8.0
java_class_path (initial): C:\Users\jupi0\.gradle\wrapper\dists\gradle-8.0-bin\ca5e32bp14vu59qr306oxotwh\gradle-8.0\lib\gradle-launcher-8.0.jar
Launcher Type: SUN_STANDARD

[Global flags]
     intx CICompilerCount                          = 4                                         {product} {ergonomic}
     uint ConcGCThreads                            = 2                                         {product} {ergonomic}
     uint G1ConcRefinementThreads                  = 8                                         {product} {ergonomic}
   size_t G1HeapRegionSize                         = 1048576                                   {product} {ergonomic}
    uintx GCDrainStackTargetSize                   = 64                                        {product} {ergonomic}
   size_t InitialHeapSize                          = 134217728                                 {product} {ergonomic}
   size_t MarkStackSize                            = 4194304                                   {product} {ergonomic}
   size_t MaxHeapSize                              = 2147483648                                {product} {command line}
   size_t MaxNewSize                               = 1287651328                                {product} {ergonomic}
   size_t MinHeapDeltaBytes                        = 1048576                                   {product} {ergonomic}
   size_t MinHeapSize                              = 8388608                                   {product} {ergonomic}
    uintx NonNMethodCodeHeapSize                   = 5839372                                {pd product} {ergonomic}
    uintx NonProfiledCodeHeapSize                  = 122909434                              {pd product} {ergonomic}
    uintx ProfiledCodeHeapSize                     = 122909434                              {pd product} {ergonomic}
    uintx ReservedCodeCacheSize                    = 251658240                              {pd product} {ergonomic}
     bool SegmentedCodeCache                       = true                                      {product} {ergonomic}
   size_t SoftMaxHeapSize                          = 2147483648                             {manageable} {ergonomic}
     bool UseCompressedClassPointers               = true                           {product lp64_product} {ergonomic}
     bool UseCompressedOops                        = true                           {product lp64_product} {ergonomic}
     bool UseG1GC                                  = true                                      {product} {ergonomic}
     bool UseLargePagesIndividualAllocation        = false                                  {pd product} {ergonomic}

Logging:
Log output configuration:
 #0: stdout all=warning uptime,level,tags
 #1: stderr all=off uptime,level,tags

Environment Variables:
JAVA_HOME=C:\Program Files\Java\jdk1.8.0_161
PATH=C:\Program Files\Common Files\Oracle\Java\javapath;C:\Program Files (x86)\Intel\iCLS Client\;C:\Program Files\Intel\iCLS Client\;C:\ProgramData\Oracle\Java\javapath;C:\WINDOWS\system32;C:\WINDOWS;C:\WINDOWS\System32\Wbem;C:\WINDOWS\System32\WindowsPowerShell\v1.0\;C:\Program Files (x86)\Windows Live\Shared;C:\Program Files\Java\jdk1.8.0_161\bin;;C:\Program Files (x86)\Common Files\Teruten\DSFilter;C:\WINDOWS\System32\OpenSSH\;C:\Program Files (x86)\Intel\Intel(R) Management Engine Components\DAL;C:\Program Files\Intel\Intel(R) Management Engine Components\DAL;C:\Program Files (x86)\Intel\Intel(R) Management Engine Components\IPT;C:\Program Files\Intel\Intel(R) Management Engine Components\IPT;C:\Program Files (x86)\NVIDIA Corporation\PhysX\Common;C:\WINDOWS\system32;C:\WINDOWS;C:\WINDOWS\System32\Wbem;C:\WINDOWS\System32\WindowsPowerShell\v1.0\;C:\WINDOWS\System32\OpenSSH\;C:\Program Files\NVIDIA Corporation\NVIDIA NvDLISR;C:\Users\jupi0\AppData\Local\Programs\Python\Python38\Scripts\;C:\Users\jupi0\AppData\Local\Programs\Python\Python38\;C:\Users\jupi0\AppData\Local\Programs\Python\Python36\Scripts\;C:\Users\jupi0\AppData\Local\Programs\Python\Python36\;C:\Python36;C:\Users\jupi0\AppData\Local\Microsoft\WindowsApps;C:\Program Files\Bandizip\;;C:\Users\jupi0\AppData\Local\Programs\Microsoft VS Code\bin;C:\Program Files\JetBrains\PyCharm Community Edition 2023.2.1\bin;
USERNAME=jupi0
OS=Windows_NT
PROCESSOR_IDENTIFIER=Intel64 Family 6 Model 158 Stepping 9, GenuineIntel
TMP=C:\Users\jupi0\AppData\Local\Temp
TEMP=C:\Users\jupi0\AppData\Local\Temp


JNI global refs:
JNI global refs: 26, weak refs: 0

JNI global refs memory usage: 843, weak refs: 841


---------------  S Y S T E M  ---------------

OS:
 Windows 10 , 64 bit Build 19041 (10.0.19041.3636)
OS uptime: 0 days 5:22 hours
Hyper-V role detected

CPU: total 8 (initial active 8) (4 cores per cpu, 2 threads per core) family 6 model 158 stepping 9 microcode 0xb4, cx8, cmov, fxsr, ht, mmx, 3dnowpref, sse, sse2, sse3, ssse3, sse4.1, sse4.2, popcnt, lzcnt, tsc, tscinvbit, avx, avx2, aes, erms, clmul, bmi1, bmi2, adx, fma, vzeroupper, clflush, clflushopt, hv

Memory: 4k page, system-wide physical 8084M (431M free)
TotalPageFile size 32660M (AvailPageFile size 12M)
current process WorkingSet (physical memory assigned to process): 303M, peak: 303M
current process commit charge ("private bytes"): 455M, peak: 456M

vm_info: OpenJDK 64-Bit Server VM (17.0.6+0-b2043.56-10027231) for windows-amd64 JRE (17.0.6+0-b2043.56-10027231), built on Apr 28 2023 00:43:19 by "androidbuild" with MS VC++ 16.10 / 16.11 (VS2019)

END.
