#
# There is insufficient memory for the Java Runtime Environment to continue.
# Native memory allocation (mmap) failed to map 113246208 bytes for G1 virtual space
# Possible reasons:
#   The system is out of physical RAM or swap space
#   The process is running with CompressedOops enabled, and the Java Heap may be blocking the growth of the native heap
# Possible solutions:
#   Reduce memory load on the system
#   Increase physical memory or swap space
#   Check if swap backing store is full
#   Decrease Java heap size (-Xmx/-Xms)
#   Decrease number of Java threads
#   Decrease Java thread stack sizes (-Xss)
#   Set larger code cache with -XX:ReservedCodeCacheSize=
#   JVM is running with Unscaled Compressed Oops mode in which the Java heap is
#     placed in the first 4GB address space. The Java Heap base address is the
#     maximum limit for the native heap growth. Please use -XX:HeapBaseMinAddress
#     to set the Java Heap base and to place the Java Heap above 4GB virtual address.
# This output file may be truncated or incomplete.
#
#  Out of Memory Error (os_windows.cpp:3769), pid=18904, tid=29172
#
# JRE version: OpenJDK Runtime Environment (17.0.6) (build 17.0.6+0-b2043.56-10027231)
# Java VM: OpenJDK 64-Bit Server VM (17.0.6+0-b2043.56-10027231, mixed mode, tiered, compressed oops, compressed class ptrs, g1 gc, windows-amd64)
# No core dump will be written. Minidumps are not enabled by default on client versions of Windows
#

---------------  S U M M A R Y ------------

Command Line: --add-opens=java.base/java.util=ALL-UNNAMED --add-opens=java.base/java.lang=ALL-UNNAMED --add-opens=java.base/java.lang.invoke=ALL-UNNAMED --add-opens=java.prefs/java.util.prefs=ALL-UNNAMED --add-opens=java.base/java.nio.charset=ALL-UNNAMED --add-opens=java.base/java.net=ALL-UNNAMED --add-opens=java.base/java.util.concurrent.atomic=ALL-UNNAMED -Xmx2048m -Dfile.encoding=UTF-8 -Duser.country=KR -Duser.language=ko -Duser.variant org.gradle.launcher.daemon.bootstrap.GradleDaemon 8.0

Host: Intel(R) Core(TM) i7-7700HQ CPU @ 2.80GHz, 8 cores, 7G,  Windows 10 , 64 bit Build 19041 (10.0.19041.3636)
Time: Wed Dec 13 06:41:49 2023  Windows 10 , 64 bit Build 19041 (10.0.19041.3636) elapsed time: 10.355828 seconds (0d 0h 0m 10s)

---------------  T H R E A D  ---------------

Current thread (0x0000020db5443c60):  VMThread "VM Thread" [stack: 0x000000474b500000,0x000000474b600000] [id=29172]

Stack: [0x000000474b500000,0x000000474b600000]
Native frames: (J=compiled Java code, j=interpreted, Vv=VM code, C=native code)
V  [jvm.dll+0x683c9a]
V  [jvm.dll+0x8427a4]
V  [jvm.dll+0x843f9e]
V  [jvm.dll+0x844603]
V  [jvm.dll+0x249b75]
V  [jvm.dll+0x680b69]
V  [jvm.dll+0x67505a]
V  [jvm.dll+0x309acb]
V  [jvm.dll+0x310f86]
V  [jvm.dll+0x3608ee]
V  [jvm.dll+0x360b1f]
V  [jvm.dll+0x2dfbf8]
V  [jvm.dll+0x2ddec4]
V  [jvm.dll+0x2dd4cc]
V  [jvm.dll+0x321f3b]
V  [jvm.dll+0x848ccb]
V  [jvm.dll+0x849a04]
V  [jvm.dll+0x849f1d]
V  [jvm.dll+0x84a2f4]
V  [jvm.dll+0x84a3c0]
V  [jvm.dll+0x7f274a]
V  [jvm.dll+0x682ad5]
C  [ucrtbase.dll+0x21bb2]
C  [KERNEL32.DLL+0x17344]
C  [ntdll.dll+0x526b1]

VM_Operation (0x000000474cef7710): G1CollectForAllocation, mode: safepoint, requested by thread 0x0000020db8a66a30


---------------  P R O C E S S  ---------------

Threads class SMR info:
_java_thread_list=0x0000020dbd6ba9c0, length=127, elements={
0x0000020d9b5db040, 0x0000020db5466620, 0x0000020db6000680, 0x0000020db603c420,
0x0000020db603cde0, 0x0000020db6016f30, 0x0000020db5469690, 0x0000020db546bf60,
0x0000020db546c860, 0x0000020db546d940, 0x0000020db61bf0b0, 0x0000020db61bf990,
0x0000020db8a69580, 0x0000020db8a673d0, 0x0000020db8a69a50, 0x0000020db6381850,
0x0000020db8a66f00, 0x0000020db8a678a0, 0x0000020db8a66090, 0x0000020db8a66a30,
0x0000020db8a68be0, 0x0000020db8a67d70, 0x0000020db8a68710, 0x0000020db8a68240,
0x0000020db8a690b0, 0x0000020db8658cd0, 0x0000020db9f7e9d0, 0x0000020db865a9b0,
0x0000020db865a010, 0x0000020db86557e0, 0x0000020db8659670, 0x0000020db8658800,
0x0000020db865ae80, 0x0000020db865a4e0, 0x0000020db865b350, 0x0000020db86544a0,
0x0000020db8655cb0, 0x0000020db8657e60, 0x0000020db86591a0, 0x0000020db865b820,
0x0000020db8657990, 0x0000020db8654e40, 0x0000020dbc24bca0, 0x0000020dbc2487b0,
0x0000020dbc24b300, 0x0000020dbc249fc0, 0x0000020dbc246130, 0x0000020dbc24c170,
0x0000020dbc24b7d0, 0x0000020dbc247940, 0x0000020dbc248c80, 0x0000020dbc247470,
0x0000020dbc2452c0, 0x0000020dbc246ad0, 0x0000020dbc24c640, 0x0000020dbc244df0,
0x0000020dbc245c60, 0x0000020dbc247e10, 0x0000020dbc246600, 0x0000020dbc246fa0,
0x0000020dbc245790, 0x0000020dbc2482e0, 0x0000020dbc249150, 0x0000020dbc249620,
0x0000020dbc249af0, 0x0000020dbc24a490, 0x0000020dbc24a960, 0x0000020dbc24ae30,
0x0000020db90ca070, 0x0000020db90c8d30, 0x0000020db90c79f0, 0x0000020db90c7050,
0x0000020db90c9200, 0x0000020db90ca540, 0x0000020db90cc6f0, 0x0000020db90caee0,
0x0000020db90c96d0, 0x0000020db90cc220, 0x0000020db90cb880, 0x0000020db90c9ba0,
0x0000020db90ce3d0, 0x0000020db90ce8a0, 0x0000020db90c7520, 0x0000020db90caa10,
0x0000020db90c7ec0, 0x0000020db90c8860, 0x0000020db90c8390, 0x0000020db90cda30,
0x0000020db90cb3b0, 0x0000020db90ccbc0, 0x0000020db90cbd50, 0x0000020db90cd090,
0x0000020db90cd560, 0x0000020db90cdf00, 0x0000020db84890c0, 0x0000020db8484d60,
0x0000020db8489590, 0x0000020db8485230, 0x0000020db8485bd0, 0x0000020db8484890,
0x0000020db84878b0, 0x0000020db8485700, 0x0000020db8486f10, 0x0000020db8487d80,
0x0000020db84860a0, 0x0000020db848a400, 0x0000020db8486a40, 0x0000020db8489a60,
0x0000020db8486570, 0x0000020db84843c0, 0x0000020db8489f30, 0x0000020db84873e0,
0x0000020db8488bf0, 0x0000020db8488250, 0x0000020db8488720, 0x0000020db848a8d0,
0x0000020db8483080, 0x0000020db8483550, 0x0000020db8483a20, 0x0000020db8483ef0,
0x0000020dbc206990, 0x0000020dbc207800, 0x0000020dbc206e60, 0x0000020dbc20b690,
0x0000020dbc203e40, 0x0000020dbc20b1c0, 0x0000020dbc205180
}

Java Threads: ( => current thread )
  0x0000020d9b5db040 JavaThread "main" [_thread_blocked, id=16600, stack(0x000000474af00000,0x000000474b000000)]
  0x0000020db5466620 JavaThread "Reference Handler" daemon [_thread_blocked, id=18320, stack(0x000000474b600000,0x000000474b700000)]
  0x0000020db6000680 JavaThread "Finalizer" daemon [_thread_blocked, id=17668, stack(0x000000474b700000,0x000000474b800000)]
  0x0000020db603c420 JavaThread "Signal Dispatcher" daemon [_thread_blocked, id=13280, stack(0x000000474b800000,0x000000474b900000)]
  0x0000020db603cde0 JavaThread "Attach Listener" daemon [_thread_blocked, id=18292, stack(0x000000474b900000,0x000000474ba00000)]
  0x0000020db6016f30 JavaThread "Service Thread" daemon [_thread_blocked, id=28076, stack(0x000000474ba00000,0x000000474bb00000)]
  0x0000020db5469690 JavaThread "Monitor Deflation Thread" daemon [_thread_blocked, id=20868, stack(0x000000474bb00000,0x000000474bc00000)]
  0x0000020db546bf60 JavaThread "C2 CompilerThread0" daemon [_thread_blocked, id=8336, stack(0x000000474bc00000,0x000000474bd00000)]
  0x0000020db546c860 JavaThread "C1 CompilerThread0" daemon [_thread_blocked, id=12620, stack(0x000000474bd00000,0x000000474be00000)]
  0x0000020db546d940 JavaThread "Sweeper thread" daemon [_thread_blocked, id=12976, stack(0x000000474be00000,0x000000474bf00000)]
  0x0000020db61bf0b0 JavaThread "Common-Cleaner" daemon [_thread_blocked, id=10904, stack(0x000000474bf00000,0x000000474c000000)]
  0x0000020db61bf990 JavaThread "Notification Thread" daemon [_thread_blocked, id=9752, stack(0x000000474c000000,0x000000474c100000)]
  0x0000020db8a69580 JavaThread "Daemon health stats" [_thread_blocked, id=18268, stack(0x000000474c800000,0x000000474c900000)]
  0x0000020db8a673d0 JavaThread "Incoming local TCP Connector on port 8831" [_thread_in_native, id=7524, stack(0x000000474c200000,0x000000474c300000)]
  0x0000020db8a69a50 JavaThread "Daemon periodic checks" [_thread_blocked, id=7264, stack(0x000000474c700000,0x000000474c800000)]
  0x0000020db6381850 JavaThread "C2 CompilerThread1" daemon [_thread_blocked, id=22856, stack(0x000000474c900000,0x000000474ca00000)]
  0x0000020db8a66f00 JavaThread "Daemon" [_thread_blocked, id=19108, stack(0x000000474cb00000,0x000000474cc00000)]
  0x0000020db8a678a0 JavaThread "Handler for socket connection from /127.0.0.1:8831 to /127.0.0.1:8832" [_thread_in_native, id=17280, stack(0x000000474cc00000,0x000000474cd00000)]
  0x0000020db8a66090 JavaThread "Cancel handler" [_thread_blocked, id=2364, stack(0x000000474cd00000,0x000000474ce00000)]
  0x0000020db8a66a30 JavaThread "Daemon worker" [_thread_blocked, id=26640, stack(0x000000474ce00000,0x000000474cf00000)]
  0x0000020db8a68be0 JavaThread "Asynchronous log dispatcher for DefaultDaemonConnection: socket connection from /127.0.0.1:8831 to /127.0.0.1:8832" [_thread_blocked, id=22744, stack(0x000000474cf00000,0x000000474d000000)]
  0x0000020db8a67d70 JavaThread "Stdin handler" [_thread_blocked, id=20976, stack(0x000000474d000000,0x000000474d100000)]
  0x0000020db8a68710 JavaThread "Daemon client event forwarder" [_thread_blocked, id=14220, stack(0x000000474d100000,0x000000474d200000)]
  0x0000020db8a68240 JavaThread "Cache worker for journal cache (C:\Users\jupi0\.gradle\caches\journal-1)" [_thread_blocked, id=25392, stack(0x000000474d600000,0x000000474d700000)]
  0x0000020db8a690b0 JavaThread "File lock request listener" [_thread_in_native, id=9192, stack(0x000000474d700000,0x000000474d800000)]
  0x0000020db8658cd0 JavaThread "Cache worker for file hash cache (C:\Users\jupi0\.gradle\caches\8.0\fileHashes)" [_thread_blocked, id=9852, stack(0x000000474ca00000,0x000000474cb00000)]
  0x0000020db9f7e9d0 JavaThread "C2 CompilerThread2" daemon [_thread_blocked, id=13196, stack(0x000000474d800000,0x000000474d900000)]
  0x0000020db865a9b0 JavaThread "File watcher server" daemon [_thread_in_native, id=27996, stack(0x000000474d900000,0x000000474da00000)]
  0x0000020db865a010 JavaThread "File watcher consumer" daemon [_thread_blocked, id=11884, stack(0x000000474da00000,0x000000474db00000)]
  0x0000020db86557e0 JavaThread "Cache worker for checksums cache (C:\Users\jupi0\AndroidStudioProjects\Capstone_2\.gradle\8.0\checksums)" [_thread_blocked, id=13660, stack(0x000000474db00000,0x000000474dc00000)]
  0x0000020db8659670 JavaThread "Cache worker for cache directory md-rule (C:\Users\jupi0\.gradle\caches\8.0\md-rule)" [_thread_blocked, id=26828, stack(0x000000474dc00000,0x000000474dd00000)]
  0x0000020db8658800 JavaThread "Cache worker for file content cache (C:\Users\jupi0\.gradle\caches\8.0\fileContent)" [_thread_blocked, id=18004, stack(0x000000474dd00000,0x000000474de00000)]
  0x0000020db865ae80 JavaThread "Cache worker for file hash cache (C:\Users\jupi0\AndroidStudioProjects\Capstone_2\.gradle\8.0\fileHashes)" [_thread_blocked, id=19100, stack(0x000000474de00000,0x000000474df00000)]
  0x0000020db865a4e0 JavaThread "Cache worker for cache directory md-supplier (C:\Users\jupi0\.gradle\caches\8.0\md-supplier)" [_thread_blocked, id=26812, stack(0x000000474df00000,0x000000474e000000)]
  0x0000020db865b350 JavaThread "Cache worker for execution history cache (C:\Users\jupi0\.gradle\caches\8.0\executionHistory)" [_thread_blocked, id=26588, stack(0x000000474e000000,0x000000474e100000)]
  0x0000020db86544a0 JavaThread "jar transforms" [_thread_blocked, id=13752, stack(0x000000474e100000,0x000000474e200000)]
  0x0000020db8655cb0 JavaThread "jar transforms Thread 2" [_thread_blocked, id=17276, stack(0x000000474e200000,0x000000474e300000)]
  0x0000020db8657e60 JavaThread "jar transforms Thread 3" [_thread_blocked, id=13168, stack(0x000000474e400000,0x000000474e500000)]
  0x0000020db86591a0 JavaThread "jar transforms Thread 4" [_thread_blocked, id=25056, stack(0x000000474e500000,0x000000474e600000)]
  0x0000020db865b820 JavaThread "Cache worker for dependencies-accessors (C:\Users\jupi0\AndroidStudioProjects\Capstone_2\.gradle\8.0\dependencies-accessors)" [_thread_blocked, id=20772, stack(0x000000474e600000,0x000000474e700000)]
  0x0000020db8657990 JavaThread "jar transforms Thread 5" [_thread_blocked, id=6420, stack(0x000000474e700000,0x000000474e800000)]
  0x0000020db8654e40 JavaThread "Cache worker for Build Output Cleanup Cache (C:\Users\jupi0\AndroidStudioProjects\Capstone_2\.gradle\buildOutputCleanup)" [_thread_blocked, id=10012, stack(0x000000474e800000,0x000000474e900000)]
  0x0000020dbc24bca0 JavaThread "Unconstrained build operations" [_thread_blocked, id=19000, stack(0x000000474e900000,0x000000474ea00000)]
  0x0000020dbc2487b0 JavaThread "Unconstrained build operations Thread 2" [_thread_blocked, id=27468, stack(0x000000474ea00000,0x000000474eb00000)]
  0x0000020dbc24b300 JavaThread "Unconstrained build operations Thread 3" [_thread_blocked, id=16564, stack(0x000000474eb00000,0x000000474ec00000)]
  0x0000020dbc249fc0 JavaThread "Unconstrained build operations Thread 4" [_thread_blocked, id=19776, stack(0x000000474ec00000,0x000000474ed00000)]
  0x0000020dbc246130 JavaThread "Unconstrained build operations Thread 5" [_thread_blocked, id=28176, stack(0x000000474ed00000,0x000000474ee00000)]
  0x0000020dbc24c170 JavaThread "Unconstrained build operations Thread 6" [_thread_blocked, id=13796, stack(0x000000474ee00000,0x000000474ef00000)]
  0x0000020dbc24b7d0 JavaThread "Unconstrained build operations Thread 7" [_thread_blocked, id=24056, stack(0x000000474ef00000,0x000000474f000000)]
  0x0000020dbc247940 JavaThread "Unconstrained build operations Thread 8" [_thread_blocked, id=27028, stack(0x000000474f000000,0x000000474f100000)]
  0x0000020dbc248c80 JavaThread "Unconstrained build operations Thread 9" [_thread_blocked, id=14448, stack(0x000000474f100000,0x000000474f200000)]
  0x0000020dbc247470 JavaThread "Unconstrained build operations Thread 10" [_thread_blocked, id=18128, stack(0x000000474f200000,0x000000474f300000)]
  0x0000020dbc2452c0 JavaThread "Unconstrained build operations Thread 11" [_thread_blocked, id=10596, stack(0x000000474f300000,0x000000474f400000)]
  0x0000020dbc246ad0 JavaThread "Unconstrained build operations Thread 12" [_thread_blocked, id=23700, stack(0x000000474f400000,0x000000474f500000)]
  0x0000020dbc24c640 JavaThread "Unconstrained build operations Thread 13" [_thread_blocked, id=2368, stack(0x000000474f500000,0x000000474f600000)]
  0x0000020dbc244df0 JavaThread "Unconstrained build operations Thread 14" [_thread_blocked, id=17532, stack(0x000000474f600000,0x000000474f700000)]
  0x0000020dbc245c60 JavaThread "Unconstrained build operations Thread 15" [_thread_blocked, id=22552, stack(0x000000474f700000,0x000000474f800000)]
  0x0000020dbc247e10 JavaThread "Unconstrained build operations Thread 16" [_thread_blocked, id=15148, stack(0x000000474f800000,0x000000474f900000)]
  0x0000020dbc246600 JavaThread "Unconstrained build operations Thread 17" [_thread_blocked, id=6576, stack(0x000000474f900000,0x000000474fa00000)]
  0x0000020dbc246fa0 JavaThread "Unconstrained build operations Thread 18" [_thread_blocked, id=29248, stack(0x000000474fa00000,0x000000474fb00000)]
  0x0000020dbc245790 JavaThread "Unconstrained build operations Thread 19" [_thread_blocked, id=19744, stack(0x000000474fb00000,0x000000474fc00000)]
  0x0000020dbc2482e0 JavaThread "Unconstrained build operations Thread 20" [_thread_blocked, id=11876, stack(0x000000474fc00000,0x000000474fd00000)]
  0x0000020dbc249150 JavaThread "Unconstrained build operations Thread 21" [_thread_blocked, id=15496, stack(0x000000474fd00000,0x000000474fe00000)]
  0x0000020dbc249620 JavaThread "Unconstrained build operations Thread 22" [_thread_blocked, id=25752, stack(0x000000474fe00000,0x000000474ff00000)]
  0x0000020dbc249af0 JavaThread "Unconstrained build operations Thread 23" [_thread_blocked, id=7676, stack(0x000000474ff00000,0x0000004750000000)]
  0x0000020dbc24a490 JavaThread "Unconstrained build operations Thread 24" [_thread_blocked, id=5288, stack(0x0000004750000000,0x0000004750100000)]
  0x0000020dbc24a960 JavaThread "Unconstrained build operations Thread 25" [_thread_blocked, id=12676, stack(0x0000004750100000,0x0000004750200000)]
  0x0000020dbc24ae30 JavaThread "Unconstrained build operations Thread 26" [_thread_blocked, id=11056, stack(0x0000004750200000,0x0000004750300000)]
  0x0000020db90ca070 JavaThread "Unconstrained build operations Thread 27" [_thread_blocked, id=4288, stack(0x0000004750300000,0x0000004750400000)]
  0x0000020db90c8d30 JavaThread "Unconstrained build operations Thread 28" [_thread_blocked, id=3036, stack(0x0000004750400000,0x0000004750500000)]
  0x0000020db90c79f0 JavaThread "Unconstrained build operations Thread 29" [_thread_blocked, id=25700, stack(0x0000004750500000,0x0000004750600000)]
  0x0000020db90c7050 JavaThread "Unconstrained build operations Thread 30" [_thread_blocked, id=28472, stack(0x0000004750600000,0x0000004750700000)]
  0x0000020db90c9200 JavaThread "Unconstrained build operations Thread 31" [_thread_blocked, id=24300, stack(0x0000004750700000,0x0000004750800000)]
  0x0000020db90ca540 JavaThread "Unconstrained build operations Thread 32" [_thread_blocked, id=19564, stack(0x0000004750800000,0x0000004750900000)]
  0x0000020db90cc6f0 JavaThread "Unconstrained build operations Thread 33" [_thread_blocked, id=25788, stack(0x0000004750900000,0x0000004750a00000)]
  0x0000020db90caee0 JavaThread "Unconstrained build operations Thread 34" [_thread_blocked, id=22956, stack(0x0000004750a00000,0x0000004750b00000)]
  0x0000020db90c96d0 JavaThread "Unconstrained build operations Thread 35" [_thread_blocked, id=12260, stack(0x0000004750b00000,0x0000004750c00000)]
  0x0000020db90cc220 JavaThread "Unconstrained build operations Thread 36" [_thread_blocked, id=21564, stack(0x0000004750c00000,0x0000004750d00000)]
  0x0000020db90cb880 JavaThread "Unconstrained build operations Thread 37" [_thread_blocked, id=28492, stack(0x0000004750d00000,0x0000004750e00000)]
  0x0000020db90c9ba0 JavaThread "Unconstrained build operations Thread 38" [_thread_blocked, id=17556, stack(0x0000004750e00000,0x0000004750f00000)]
  0x0000020db90ce3d0 JavaThread "Unconstrained build operations Thread 39" [_thread_blocked, id=17988, stack(0x0000004750f00000,0x0000004751000000)]
  0x0000020db90ce8a0 JavaThread "Unconstrained build operations Thread 40" [_thread_blocked, id=27940, stack(0x0000004751000000,0x0000004751100000)]
  0x0000020db90c7520 JavaThread "Unconstrained build operations Thread 41" [_thread_blocked, id=26196, stack(0x0000004751100000,0x0000004751200000)]
  0x0000020db90caa10 JavaThread "Unconstrained build operations Thread 42" [_thread_blocked, id=20396, stack(0x0000004751200000,0x0000004751300000)]
  0x0000020db90c7ec0 JavaThread "Unconstrained build operations Thread 43" [_thread_blocked, id=6784, stack(0x0000004751300000,0x0000004751400000)]
  0x0000020db90c8860 JavaThread "Unconstrained build operations Thread 44" [_thread_blocked, id=24332, stack(0x0000004751400000,0x0000004751500000)]
  0x0000020db90c8390 JavaThread "Unconstrained build operations Thread 45" [_thread_blocked, id=14628, stack(0x0000004751500000,0x0000004751600000)]
  0x0000020db90cda30 JavaThread "Unconstrained build operations Thread 46" [_thread_blocked, id=16268, stack(0x0000004751600000,0x0000004751700000)]
  0x0000020db90cb3b0 JavaThread "Unconstrained build operations Thread 47" [_thread_blocked, id=21528, stack(0x0000004751700000,0x0000004751800000)]
  0x0000020db90ccbc0 JavaThread "Unconstrained build operations Thread 48" [_thread_blocked, id=11528, stack(0x0000004751800000,0x0000004751900000)]
  0x0000020db90cbd50 JavaThread "Unconstrained build operations Thread 49" [_thread_blocked, id=15696, stack(0x0000004751900000,0x0000004751a00000)]
  0x0000020db90cd090 JavaThread "Unconstrained build operations Thread 50" [_thread_blocked, id=22812, stack(0x0000004751a00000,0x0000004751b00000)]
  0x0000020db90cd560 JavaThread "Unconstrained build operations Thread 51" [_thread_blocked, id=5588, stack(0x0000004751b00000,0x0000004751c00000)]
  0x0000020db90cdf00 JavaThread "Unconstrained build operations Thread 52" [_thread_blocked, id=20528, stack(0x0000004751c00000,0x0000004751d00000)]
  0x0000020db84890c0 JavaThread "Unconstrained build operations Thread 53" [_thread_blocked, id=17676, stack(0x0000004751d00000,0x0000004751e00000)]
  0x0000020db8484d60 JavaThread "Unconstrained build operations Thread 54" [_thread_blocked, id=29216, stack(0x0000004751e00000,0x0000004751f00000)]
  0x0000020db8489590 JavaThread "Unconstrained build operations Thread 55" [_thread_blocked, id=27168, stack(0x0000004751f00000,0x0000004752000000)]
  0x0000020db8485230 JavaThread "Unconstrained build operations Thread 56" [_thread_blocked, id=28372, stack(0x0000004752000000,0x0000004752100000)]
  0x0000020db8485bd0 JavaThread "Unconstrained build operations Thread 57" [_thread_blocked, id=24408, stack(0x0000004752100000,0x0000004752200000)]
  0x0000020db8484890 JavaThread "Unconstrained build operations Thread 58" [_thread_blocked, id=20584, stack(0x0000004752200000,0x0000004752300000)]
  0x0000020db84878b0 JavaThread "Unconstrained build operations Thread 59" [_thread_blocked, id=15280, stack(0x0000004752300000,0x0000004752400000)]
  0x0000020db8485700 JavaThread "Unconstrained build operations Thread 60" [_thread_blocked, id=15172, stack(0x0000004752400000,0x0000004752500000)]
  0x0000020db8486f10 JavaThread "Unconstrained build operations Thread 61" [_thread_blocked, id=19600, stack(0x0000004752500000,0x0000004752600000)]
  0x0000020db8487d80 JavaThread "Unconstrained build operations Thread 62" [_thread_blocked, id=13828, stack(0x0000004752600000,0x0000004752700000)]
  0x0000020db84860a0 JavaThread "Unconstrained build operations Thread 63" [_thread_blocked, id=28768, stack(0x0000004752700000,0x0000004752800000)]
  0x0000020db848a400 JavaThread "Unconstrained build operations Thread 64" [_thread_blocked, id=17512, stack(0x0000004752800000,0x0000004752900000)]
  0x0000020db8486a40 JavaThread "Unconstrained build operations Thread 65" [_thread_blocked, id=17664, stack(0x0000004752900000,0x0000004752a00000)]
  0x0000020db8489a60 JavaThread "Unconstrained build operations Thread 66" [_thread_blocked, id=23808, stack(0x0000004752a00000,0x0000004752b00000)]
  0x0000020db8486570 JavaThread "Unconstrained build operations Thread 67" [_thread_blocked, id=13944, stack(0x0000004752b00000,0x0000004752c00000)]
  0x0000020db84843c0 JavaThread "Unconstrained build operations Thread 68" [_thread_blocked, id=4940, stack(0x0000004752c00000,0x0000004752d00000)]
  0x0000020db8489f30 JavaThread "Unconstrained build operations Thread 69" [_thread_blocked, id=14852, stack(0x0000004752d00000,0x0000004752e00000)]
  0x0000020db84873e0 JavaThread "Unconstrained build operations Thread 70" [_thread_blocked, id=23732, stack(0x0000004752e00000,0x0000004752f00000)]
  0x0000020db8488bf0 JavaThread "Unconstrained build operations Thread 71" [_thread_blocked, id=1108, stack(0x0000004752f00000,0x0000004753000000)]
  0x0000020db8488250 JavaThread "Unconstrained build operations Thread 72" [_thread_blocked, id=11076, stack(0x0000004753000000,0x0000004753100000)]
  0x0000020db8488720 JavaThread "Unconstrained build operations Thread 73" [_thread_blocked, id=19452, stack(0x0000004753100000,0x0000004753200000)]
  0x0000020db848a8d0 JavaThread "Unconstrained build operations Thread 74" [_thread_blocked, id=15036, stack(0x0000004753200000,0x0000004753300000)]
  0x0000020db8483080 JavaThread "Unconstrained build operations Thread 75" [_thread_blocked, id=18108, stack(0x0000004753300000,0x0000004753400000)]
  0x0000020db8483550 JavaThread "Unconstrained build operations Thread 76" [_thread_blocked, id=13800, stack(0x0000004753400000,0x0000004753500000)]
  0x0000020db8483a20 JavaThread "Unconstrained build operations Thread 77" [_thread_blocked, id=13980, stack(0x0000004753500000,0x0000004753600000)]
  0x0000020db8483ef0 JavaThread "Unconstrained build operations Thread 78" [_thread_blocked, id=16104, stack(0x0000004753600000,0x0000004753700000)]
  0x0000020dbc206990 JavaThread "Unconstrained build operations Thread 79" [_thread_blocked, id=22080, stack(0x0000004753700000,0x0000004753800000)]
  0x0000020dbc207800 JavaThread "Unconstrained build operations Thread 80" [_thread_blocked, id=3100, stack(0x0000004753800000,0x0000004753900000)]
  0x0000020dbc206e60 JavaThread "jar transforms Thread 6" [_thread_blocked, id=24760, stack(0x0000004753900000,0x0000004753a00000)]
  0x0000020dbc20b690 JavaThread "jar transforms Thread 7" [_thread_blocked, id=27032, stack(0x0000004753a00000,0x0000004753b00000)]
  0x0000020dbc203e40 JavaThread "jar transforms Thread 8" [_thread_blocked, id=23600, stack(0x0000004753b00000,0x0000004753c00000)]
  0x0000020dbc20b1c0 JavaThread "build event listener" [_thread_blocked, id=22428, stack(0x0000004753c00000,0x0000004753d00000)]
  0x0000020dbc205180 JavaThread "Memory manager" [_thread_blocked, id=15384, stack(0x0000004753d00000,0x0000004753e00000)]

Other Threads:
=>0x0000020db5443c60 VMThread "VM Thread" [stack: 0x000000474b500000,0x000000474b600000] [id=29172]
  0x0000020d9b660e30 WatcherThread [stack: 0x000000474c100000,0x000000474c200000] [id=17536]
  0x0000020d9b63a290 GCTaskThread "GC Thread#0" [stack: 0x000000474b000000,0x000000474b100000] [id=23928]
  0x0000020db6c4d0b0 GCTaskThread "GC Thread#1" [stack: 0x000000474c300000,0x000000474c400000] [id=12108]
  0x0000020db6c4d360 GCTaskThread "GC Thread#2" [stack: 0x000000474c400000,0x000000474c500000] [id=15112]
  0x0000020db6996670 GCTaskThread "GC Thread#3" [stack: 0x000000474c500000,0x000000474c600000] [id=28692]
  0x0000020db7616fa0 GCTaskThread "GC Thread#4" [stack: 0x000000474c600000,0x000000474c700000] [id=10700]
  0x0000020db84d2040 GCTaskThread "GC Thread#5" [stack: 0x000000474d200000,0x000000474d300000] [id=25244]
  0x0000020db75b8d40 GCTaskThread "GC Thread#6" [stack: 0x000000474d300000,0x000000474d400000] [id=5208]
  0x0000020db75b8ff0 GCTaskThread "GC Thread#7" [stack: 0x000000474d400000,0x000000474d500000] [id=27868]
  0x0000020d9b64b0e0 ConcurrentGCThread "G1 Main Marker" [stack: 0x000000474b100000,0x000000474b200000] [id=26336]
  0x0000020d9b64c1a0 ConcurrentGCThread "G1 Conc#0" [stack: 0x000000474b200000,0x000000474b300000] [id=17776]
  0x0000020db7227970 ConcurrentGCThread "G1 Conc#1" [stack: 0x000000474d500000,0x000000474d600000] [id=11352]
  0x0000020d9b6ae8d0 ConcurrentGCThread "G1 Refine#0" [stack: 0x000000474b300000,0x000000474b400000] [id=23888]
  0x0000020db96cf980 ConcurrentGCThread "G1 Refine#1" [stack: 0x000000474e300000,0x000000474e400000] [id=26292]
  0x0000020db5298340 ConcurrentGCThread "G1 Service" [stack: 0x000000474b400000,0x000000474b500000] [id=17056]

Threads with active compile tasks:
C2 CompilerThread0    10417 7216       4       java.beans.Introspector::addMethod (196 bytes)
C1 CompilerThread0    10418 7300       3       org.gradle.api.internal.artifacts.ivyservice.ivyresolve.ComponentSelectionRulesProcessor::processRules (93 bytes)
C2 CompilerThread1    10418 7231       4       org.objectweb.asm.Frame::putAbstractType (379 bytes)
C2 CompilerThread2    10418 7194 %     4       org.gradle.internal.instantiation.generator.AbstractClassGenerator::inspectType @ 250 (560 bytes)

VM state: at safepoint (normal execution)

VM Mutex/Monitor currently owned by a thread:  ([mutex/lock_event])
[0x0000020d9b5d6ff0] Threads_lock - owner thread: 0x0000020db5443c60
[0x0000020d9b5d6ed0] Heap_lock - owner thread: 0x0000020db8a66a30

Heap address: 0x0000000080000000, size: 2048 MB, Compressed Oops mode: 32-bit

CDS archive(s) not mapped
Compressed class space mapped at: 0x0000000100000000-0x0000000140000000, reserved size: 1073741824
Narrow klass base: 0x0000000000000000, Narrow klass shift: 3, Narrow klass range: 0x140000000

GC Precious Log:
 CPUs: 8 total, 8 available
 Memory: 8084M
 Large Page Support: Disabled
 NUMA Support: Disabled
 Compressed Oops: Enabled (32-bit)
 Heap Region Size: 1M
 Heap Min Capacity: 8M
 Heap Initial Capacity: 128M
 Heap Max Capacity: 2G
 Pre-touch: Disabled
 Parallel Workers: 8
 Concurrent Workers: 2
 Concurrent Refinement Workers: 8
 Periodic GC: Disabled

Heap:
 garbage-first heap   total 131072K, used 61465K [0x0000000080000000, 0x0000000100000000)
  region size 1024K, 2 young (2048K), 2 survivors (2048K)
 Metaspace       used 73863K, committed 74368K, reserved 1114112K
  class space    used 10007K, committed 10240K, reserved 1048576K

Heap Regions: E=young(eden), S=young(survivor), O=old, HS=humongous(starts), HC=humongous(continues), CS=collection set, F=free, OA=open archive, CA=closed archive, TAMS=top-at-mark-start (previous, next)
|   0|0x0000000080000000, 0x0000000080100000, 0x0000000080100000|100%|HS|  |TAMS 0x0000000080100000, 0x0000000080100000| Complete 
|   1|0x0000000080100000, 0x0000000080200000, 0x0000000080200000|100%|HC|  |TAMS 0x0000000080200000, 0x0000000080200000| Complete 
|   2|0x0000000080200000, 0x0000000080300000, 0x0000000080300000|100%|HC|  |TAMS 0x0000000080300000, 0x0000000080300000| Complete 
|   3|0x0000000080300000, 0x0000000080400000, 0x0000000080400000|100%|HC|  |TAMS 0x0000000080400000, 0x0000000080400000| Complete 
|   4|0x0000000080400000, 0x0000000080500000, 0x0000000080500000|100%| O|  |TAMS 0x0000000080500000, 0x0000000080500000| Untracked 
|   5|0x0000000080500000, 0x0000000080600000, 0x0000000080600000|100%| O|  |TAMS 0x0000000080600000, 0x0000000080600000| Untracked 
|   6|0x0000000080600000, 0x0000000080700000, 0x0000000080700000|100%| O|  |TAMS 0x0000000080700000, 0x0000000080700000| Untracked 
|   7|0x0000000080700000, 0x0000000080800000, 0x0000000080800000|100%| O|  |TAMS 0x0000000080800000, 0x0000000080800000| Untracked 
|   8|0x0000000080800000, 0x0000000080900000, 0x0000000080900000|100%| O|  |TAMS 0x0000000080900000, 0x0000000080900000| Untracked 
|   9|0x0000000080900000, 0x0000000080a00000, 0x0000000080a00000|100%| O|  |TAMS 0x0000000080a00000, 0x0000000080a00000| Untracked 
|  10|0x0000000080a00000, 0x0000000080b00000, 0x0000000080b00000|100%| O|  |TAMS 0x0000000080b00000, 0x0000000080b00000| Untracked 
|  11|0x0000000080b00000, 0x0000000080c00000, 0x0000000080c00000|100%| O|  |TAMS 0x0000000080b00000, 0x0000000080c00000| Untracked 
|  12|0x0000000080c00000, 0x0000000080d00000, 0x0000000080d00000|100%| O|  |TAMS 0x0000000080d00000, 0x0000000080d00000| Untracked 
|  13|0x0000000080d00000, 0x0000000080e00000, 0x0000000080e00000|100%| O|  |TAMS 0x0000000080e00000, 0x0000000080e00000| Untracked 
|  14|0x0000000080e00000, 0x0000000080f00000, 0x0000000080f00000|100%| O|  |TAMS 0x0000000080f00000, 0x0000000080f00000| Untracked 
|  15|0x0000000080f00000, 0x0000000081000000, 0x0000000081000000|100%| O|  |TAMS 0x0000000081000000, 0x0000000081000000| Untracked 
|  16|0x0000000081000000, 0x0000000081100000, 0x0000000081100000|100%| O|  |TAMS 0x0000000081100000, 0x0000000081100000| Untracked 
|  17|0x0000000081100000, 0x0000000081200000, 0x0000000081200000|100%| O|  |TAMS 0x0000000081200000, 0x0000000081200000| Untracked 
|  18|0x0000000081200000, 0x0000000081300000, 0x0000000081300000|100%| O|  |TAMS 0x0000000081300000, 0x0000000081300000| Untracked 
|  19|0x0000000081300000, 0x0000000081400000, 0x0000000081400000|100%| O|  |TAMS 0x0000000081400000, 0x0000000081400000| Untracked 
|  20|0x0000000081400000, 0x0000000081500000, 0x0000000081500000|100%| O|  |TAMS 0x0000000081500000, 0x0000000081500000| Untracked 
|  21|0x0000000081500000, 0x0000000081600000, 0x0000000081600000|100%| O|  |TAMS 0x0000000081600000, 0x0000000081600000| Untracked 
|  22|0x0000000081600000, 0x0000000081700000, 0x0000000081700000|100%| O|  |TAMS 0x0000000081700000, 0x0000000081700000| Untracked 
|  23|0x0000000081700000, 0x0000000081800000, 0x0000000081800000|100%| O|  |TAMS 0x0000000081800000, 0x0000000081800000| Untracked 
|  24|0x0000000081800000, 0x0000000081900000, 0x0000000081900000|100%| O|  |TAMS 0x0000000081900000, 0x0000000081900000| Untracked 
|  25|0x0000000081900000, 0x0000000081a00000, 0x0000000081a00000|100%|HS|  |TAMS 0x0000000081a00000, 0x0000000081a00000| Complete 
|  26|0x0000000081a00000, 0x0000000081b00000, 0x0000000081b00000|100%| O|  |TAMS 0x0000000081b00000, 0x0000000081b00000| Untracked 
|  27|0x0000000081b00000, 0x0000000081c00000, 0x0000000081c00000|100%| O|  |TAMS 0x0000000081c00000, 0x0000000081c00000| Untracked 
|  28|0x0000000081c00000, 0x0000000081d00000, 0x0000000081d00000|100%| O|  |TAMS 0x0000000081d00000, 0x0000000081d00000| Untracked 
|  29|0x0000000081d00000, 0x0000000081e00000, 0x0000000081e00000|100%| O|  |TAMS 0x0000000081e00000, 0x0000000081e00000| Untracked 
|  30|0x0000000081e00000, 0x0000000081f00000, 0x0000000081f00000|100%| O|  |TAMS 0x0000000081f00000, 0x0000000081f00000| Untracked 
|  31|0x0000000081f00000, 0x0000000082000000, 0x0000000082000000|100%| O|  |TAMS 0x0000000082000000, 0x0000000082000000| Untracked 
|  32|0x0000000082000000, 0x0000000082100000, 0x0000000082100000|100%|HS|  |TAMS 0x0000000082100000, 0x0000000082100000| Complete 
|  33|0x0000000082100000, 0x0000000082200000, 0x0000000082200000|100%|HS|  |TAMS 0x0000000082200000, 0x0000000082200000| Complete 
|  34|0x0000000082200000, 0x0000000082300000, 0x0000000082300000|100%| O|  |TAMS 0x0000000082300000, 0x0000000082300000| Untracked 
|  35|0x0000000082300000, 0x0000000082400000, 0x0000000082400000|100%| O|  |TAMS 0x0000000082400000, 0x0000000082400000| Untracked 
|  36|0x0000000082400000, 0x0000000082500000, 0x0000000082500000|100%| O|  |TAMS 0x0000000082500000, 0x0000000082500000| Untracked 
|  37|0x0000000082500000, 0x0000000082600000, 0x0000000082600000|100%| O|  |TAMS 0x0000000082600000, 0x0000000082600000| Untracked 
|  38|0x0000000082600000, 0x0000000082700000, 0x0000000082700000|100%| O|  |TAMS 0x0000000082700000, 0x0000000082700000| Untracked 
|  39|0x0000000082700000, 0x0000000082800000, 0x0000000082800000|100%| O|  |TAMS 0x0000000082800000, 0x0000000082800000| Untracked 
|  40|0x0000000082800000, 0x0000000082900000, 0x0000000082900000|100%| O|  |TAMS 0x0000000082900000, 0x0000000082900000| Untracked 
|  41|0x0000000082900000, 0x0000000082a00000, 0x0000000082a00000|100%| O|  |TAMS 0x0000000082a00000, 0x0000000082a00000| Untracked 
|  42|0x0000000082a00000, 0x0000000082b00000, 0x0000000082b00000|100%| O|  |TAMS 0x0000000082b00000, 0x0000000082b00000| Untracked 
|  43|0x0000000082b00000, 0x0000000082c00000, 0x0000000082c00000|100%| O|  |TAMS 0x0000000082c00000, 0x0000000082c00000| Untracked 
|  44|0x0000000082c00000, 0x0000000082d00000, 0x0000000082d00000|100%| O|  |TAMS 0x0000000082d00000, 0x0000000082d00000| Untracked 
|  45|0x0000000082d00000, 0x0000000082e00000, 0x0000000082e00000|100%| O|  |TAMS 0x0000000082e00000, 0x0000000082e00000| Untracked 
|  46|0x0000000082e00000, 0x0000000082f00000, 0x0000000082f00000|100%| O|  |TAMS 0x0000000082f00000, 0x0000000082f00000| Untracked 
|  47|0x0000000082f00000, 0x0000000083000000, 0x0000000083000000|100%| O|  |TAMS 0x0000000083000000, 0x0000000083000000| Untracked 
|  48|0x0000000083000000, 0x0000000083100000, 0x0000000083100000|100%| O|  |TAMS 0x0000000083100000, 0x0000000083100000| Untracked 
|  49|0x0000000083100000, 0x0000000083200000, 0x0000000083200000|100%| O|  |TAMS 0x0000000083108a00, 0x0000000083200000| Untracked 
|  50|0x0000000083200000, 0x0000000083300000, 0x0000000083300000|100%| O|  |TAMS 0x0000000083300000, 0x0000000083300000| Untracked 
|  51|0x0000000083300000, 0x0000000083400000, 0x0000000083400000|100%| O|  |TAMS 0x0000000083400000, 0x0000000083400000| Untracked 
|  52|0x0000000083400000, 0x0000000083500000, 0x0000000083500000|100%| O|  |TAMS 0x0000000083500000, 0x0000000083500000| Untracked 
|  53|0x0000000083500000, 0x0000000083500000, 0x0000000083600000|  0%| F|  |TAMS 0x0000000083500000, 0x0000000083500000| Untracked 
|  54|0x0000000083600000, 0x0000000083700000, 0x0000000083700000|100%| O|  |TAMS 0x0000000083600000, 0x0000000083700000| Untracked 
|  55|0x0000000083700000, 0x0000000083800000, 0x0000000083800000|100%| O|  |TAMS 0x0000000083700000, 0x0000000083800000| Untracked 
|  56|0x0000000083800000, 0x0000000083900000, 0x0000000083900000|100%| O|  |TAMS 0x0000000083800000, 0x0000000083900000| Untracked 
|  57|0x0000000083900000, 0x0000000083a00000, 0x0000000083a00000|100%| O|  |TAMS 0x0000000083900000, 0x0000000083a00000| Untracked 
|  58|0x0000000083a00000, 0x0000000083b00000, 0x0000000083b00000|100%| O|  |TAMS 0x0000000083a00000, 0x0000000083b00000| Untracked 
|  59|0x0000000083b00000, 0x0000000083b16a00, 0x0000000083c00000|  8%| O|  |TAMS 0x0000000083b00000, 0x0000000083b16a00| Untracked 
|  60|0x0000000083c00000, 0x0000000083c00000, 0x0000000083d00000|  0%| F|  |TAMS 0x0000000083c00000, 0x0000000083c00000| Untracked 
|  61|0x0000000083d00000, 0x0000000083d00000, 0x0000000083e00000|  0%| F|  |TAMS 0x0000000083d00000, 0x0000000083d00000| Untracked 
|  62|0x0000000083e00000, 0x0000000083e00000, 0x0000000083f00000|  0%| F|  |TAMS 0x0000000083e00000, 0x0000000083e00000| Untracked 
|  63|0x0000000083f00000, 0x0000000083f00000, 0x0000000084000000|  0%| F|  |TAMS 0x0000000083f00000, 0x0000000083f00000| Untracked 
|  64|0x0000000084000000, 0x0000000084000000, 0x0000000084100000|  0%| F|  |TAMS 0x0000000084000000, 0x0000000084000000| Untracked 
|  65|0x0000000084100000, 0x0000000084100000, 0x0000000084200000|  0%| F|  |TAMS 0x0000000084100000, 0x0000000084100000| Untracked 
|  66|0x0000000084200000, 0x0000000084200000, 0x0000000084300000|  0%| F|  |TAMS 0x0000000084200000, 0x0000000084200000| Untracked 
|  67|0x0000000084300000, 0x0000000084300000, 0x0000000084400000|  0%| F|  |TAMS 0x0000000084300000, 0x0000000084300000| Untracked 
|  68|0x0000000084400000, 0x0000000084400000, 0x0000000084500000|  0%| F|  |TAMS 0x0000000084400000, 0x0000000084400000| Untracked 
|  69|0x0000000084500000, 0x0000000084500000, 0x0000000084600000|  0%| F|  |TAMS 0x0000000084500000, 0x0000000084500000| Untracked 
|  70|0x0000000084600000, 0x0000000084600000, 0x0000000084700000|  0%| F|  |TAMS 0x0000000084600000, 0x0000000084600000| Untracked 
|  71|0x0000000084700000, 0x0000000084700000, 0x0000000084800000|  0%| F|  |TAMS 0x0000000084700000, 0x0000000084700000| Untracked 
|  72|0x0000000084800000, 0x0000000084800000, 0x0000000084900000|  0%| F|  |TAMS 0x0000000084800000, 0x0000000084800000| Untracked 
|  73|0x0000000084900000, 0x0000000084900000, 0x0000000084a00000|  0%| F|  |TAMS 0x0000000084900000, 0x0000000084900000| Untracked 
|  74|0x0000000084a00000, 0x0000000084a00000, 0x0000000084b00000|  0%| F|  |TAMS 0x0000000084a00000, 0x0000000084a00000| Untracked 
|  75|0x0000000084b00000, 0x0000000084b00000, 0x0000000084c00000|  0%| F|  |TAMS 0x0000000084b00000, 0x0000000084b00000| Untracked 
|  76|0x0000000084c00000, 0x0000000084cefc60, 0x0000000084d00000| 93%| S|CS|TAMS 0x0000000084c00000, 0x0000000084c00000| Complete 
|  77|0x0000000084d00000, 0x0000000084e00000, 0x0000000084e00000|100%| S|CS|TAMS 0x0000000084d00000, 0x0000000084d00000| Complete 
|  78|0x0000000084e00000, 0x0000000084e00000, 0x0000000084f00000|  0%| F|  |TAMS 0x0000000084e00000, 0x0000000084e00000| Untracked 
|  79|0x0000000084f00000, 0x0000000084f00000, 0x0000000085000000|  0%| F|  |TAMS 0x0000000084f00000, 0x0000000084f00000| Untracked 
|  80|0x0000000085000000, 0x0000000085000000, 0x0000000085100000|  0%| F|  |TAMS 0x0000000085000000, 0x0000000085000000| Untracked 
|  81|0x0000000085100000, 0x0000000085100000, 0x0000000085200000|  0%| F|  |TAMS 0x0000000085100000, 0x0000000085100000| Untracked 
|  82|0x0000000085200000, 0x0000000085200000, 0x0000000085300000|  0%| F|  |TAMS 0x0000000085200000, 0x0000000085200000| Untracked 
|  83|0x0000000085300000, 0x0000000085300000, 0x0000000085400000|  0%| F|  |TAMS 0x0000000085300000, 0x0000000085300000| Untracked 
|  84|0x0000000085400000, 0x0000000085400000, 0x0000000085500000|  0%| F|  |TAMS 0x0000000085400000, 0x0000000085400000| Untracked 
|  85|0x0000000085500000, 0x0000000085500000, 0x0000000085600000|  0%| F|  |TAMS 0x0000000085500000, 0x0000000085500000| Untracked 
|  86|0x0000000085600000, 0x0000000085600000, 0x0000000085700000|  0%| F|  |TAMS 0x0000000085600000, 0x0000000085600000| Untracked 
|  87|0x0000000085700000, 0x0000000085700000, 0x0000000085800000|  0%| F|  |TAMS 0x0000000085700000, 0x0000000085700000| Untracked 
|  88|0x0000000085800000, 0x0000000085800000, 0x0000000085900000|  0%| F|  |TAMS 0x0000000085800000, 0x0000000085800000| Untracked 
|  89|0x0000000085900000, 0x0000000085900000, 0x0000000085a00000|  0%| F|  |TAMS 0x0000000085900000, 0x0000000085900000| Untracked 
|  90|0x0000000085a00000, 0x0000000085a00000, 0x0000000085b00000|  0%| F|  |TAMS 0x0000000085a00000, 0x0000000085a00000| Untracked 
|  91|0x0000000085b00000, 0x0000000085b00000, 0x0000000085c00000|  0%| F|  |TAMS 0x0000000085b00000, 0x0000000085b00000| Untracked 
|  92|0x0000000085c00000, 0x0000000085c00000, 0x0000000085d00000|  0%| F|  |TAMS 0x0000000085c00000, 0x0000000085c00000| Untracked 
|  93|0x0000000085d00000, 0x0000000085d00000, 0x0000000085e00000|  0%| F|  |TAMS 0x0000000085d00000, 0x0000000085d00000| Untracked 
|  94|0x0000000085e00000, 0x0000000085e00000, 0x0000000085f00000|  0%| F|  |TAMS 0x0000000085e00000, 0x0000000085e00000| Untracked 
|  95|0x0000000085f00000, 0x0000000085f00000, 0x0000000086000000|  0%| F|  |TAMS 0x0000000085f00000, 0x0000000085f00000| Untracked 
|  96|0x0000000086000000, 0x0000000086000000, 0x0000000086100000|  0%| F|  |TAMS 0x0000000086000000, 0x0000000086000000| Untracked 
|  97|0x0000000086100000, 0x0000000086100000, 0x0000000086200000|  0%| F|  |TAMS 0x0000000086100000, 0x0000000086100000| Untracked 
|  98|0x0000000086200000, 0x0000000086200000, 0x0000000086300000|  0%| F|  |TAMS 0x0000000086200000, 0x0000000086200000| Untracked 
|  99|0x0000000086300000, 0x0000000086300000, 0x0000000086400000|  0%| F|  |TAMS 0x0000000086300000, 0x0000000086300000| Untracked 
| 100|0x0000000086400000, 0x0000000086400000, 0x0000000086500000|  0%| F|  |TAMS 0x0000000086400000, 0x0000000086400000| Untracked 
| 101|0x0000000086500000, 0x0000000086500000, 0x0000000086600000|  0%| F|  |TAMS 0x0000000086500000, 0x0000000086500000| Untracked 
| 102|0x0000000086600000, 0x0000000086600000, 0x0000000086700000|  0%| F|  |TAMS 0x0000000086600000, 0x0000000086600000| Untracked 
| 103|0x0000000086700000, 0x0000000086700000, 0x0000000086800000|  0%| F|  |TAMS 0x0000000086700000, 0x0000000086700000| Untracked 
| 104|0x0000000086800000, 0x0000000086800000, 0x0000000086900000|  0%| F|  |TAMS 0x0000000086800000, 0x0000000086800000| Untracked 
| 105|0x0000000086900000, 0x0000000086900000, 0x0000000086a00000|  0%| F|  |TAMS 0x0000000086900000, 0x0000000086900000| Untracked 
| 106|0x0000000086a00000, 0x0000000086a00000, 0x0000000086b00000|  0%| F|  |TAMS 0x0000000086a00000, 0x0000000086a00000| Untracked 
| 107|0x0000000086b00000, 0x0000000086b00000, 0x0000000086c00000|  0%| F|  |TAMS 0x0000000086b00000, 0x0000000086b00000| Untracked 
| 108|0x0000000086c00000, 0x0000000086c00000, 0x0000000086d00000|  0%| F|  |TAMS 0x0000000086c00000, 0x0000000086c00000| Untracked 
| 109|0x0000000086d00000, 0x0000000086d00000, 0x0000000086e00000|  0%| F|  |TAMS 0x0000000086d00000, 0x0000000086d00000| Untracked 
| 110|0x0000000086e00000, 0x0000000086e00000, 0x0000000086f00000|  0%| F|  |TAMS 0x0000000086e00000, 0x0000000086e00000| Untracked 
| 111|0x0000000086f00000, 0x0000000086f00000, 0x0000000087000000|  0%| F|  |TAMS 0x0000000086f00000, 0x0000000086f00000| Untracked 
| 112|0x0000000087000000, 0x0000000087000000, 0x0000000087100000|  0%| F|  |TAMS 0x0000000087000000, 0x0000000087000000| Untracked 
| 113|0x0000000087100000, 0x0000000087100000, 0x0000000087200000|  0%| F|  |TAMS 0x0000000087100000, 0x0000000087100000| Untracked 
| 114|0x0000000087200000, 0x0000000087200000, 0x0000000087300000|  0%| F|  |TAMS 0x0000000087200000, 0x0000000087200000| Untracked 
| 115|0x0000000087300000, 0x0000000087300000, 0x0000000087400000|  0%| F|  |TAMS 0x0000000087300000, 0x0000000087300000| Untracked 
| 116|0x0000000087400000, 0x0000000087400000, 0x0000000087500000|  0%| F|  |TAMS 0x0000000087400000, 0x0000000087400000| Untracked 
| 117|0x0000000087500000, 0x0000000087500000, 0x0000000087600000|  0%| F|  |TAMS 0x0000000087500000, 0x0000000087500000| Untracked 
| 118|0x0000000087600000, 0x0000000087600000, 0x0000000087700000|  0%| F|  |TAMS 0x0000000087600000, 0x0000000087600000| Untracked 
| 119|0x0000000087700000, 0x0000000087700000, 0x0000000087800000|  0%| F|  |TAMS 0x0000000087700000, 0x0000000087700000| Untracked 
| 120|0x0000000087800000, 0x0000000087800000, 0x0000000087900000|  0%| F|  |TAMS 0x0000000087800000, 0x0000000087800000| Untracked 
| 121|0x0000000087900000, 0x0000000087900000, 0x0000000087a00000|  0%| F|  |TAMS 0x0000000087900000, 0x0000000087900000| Untracked 
| 122|0x0000000087a00000, 0x0000000087a00000, 0x0000000087b00000|  0%| F|  |TAMS 0x0000000087a00000, 0x0000000087a00000| Untracked 
| 123|0x0000000087b00000, 0x0000000087b00000, 0x0000000087c00000|  0%| F|  |TAMS 0x0000000087b00000, 0x0000000087b00000| Untracked 
| 124|0x0000000087c00000, 0x0000000087c00000, 0x0000000087d00000|  0%| F|  |TAMS 0x0000000087c00000, 0x0000000087c00000| Untracked 
| 125|0x0000000087d00000, 0x0000000087d00000, 0x0000000087e00000|  0%| F|  |TAMS 0x0000000087d00000, 0x0000000087d00000| Untracked 
| 126|0x0000000087e00000, 0x0000000087e00000, 0x0000000087f00000|  0%| F|  |TAMS 0x0000000087e00000, 0x0000000087e00000| Untracked 
| 127|0x0000000087f00000, 0x0000000087f00000, 0x0000000088000000|  0%| F|  |TAMS 0x0000000087f00000, 0x0000000087f00000| Untracked 

Card table byte_map: [0x0000020dae1f0000,0x0000020dae5f0000] _byte_map_base: 0x0000020daddf0000

Marking Bits (Prev, Next): (CMBitMap*) 0x0000020d9b63a7b0, (CMBitMap*) 0x0000020d9b63a7f0
 Prev Bits: [0x0000020dae9f0000, 0x0000020db09f0000)
 Next Bits: [0x0000020db09f0000, 0x0000020db29f0000)

Polling page: 0x0000020d99750000

Metaspace:

Usage:
  Non-class:     62.36 MB used.
      Class:      9.77 MB used.
       Both:     72.13 MB used.

Virtual space:
  Non-class space:       64.00 MB reserved,      62.62 MB ( 98%) committed,  8 nodes.
      Class space:        1.00 GB reserved,      10.00 MB ( <1%) committed,  1 nodes.
             Both:        1.06 GB reserved,      72.62 MB (  7%) committed. 

Chunk freelists:
   Non-Class:  576.00 KB
       Class:  1.94 MB
        Both:  2.50 MB

MaxMetaspaceSize: unlimited
CompressedClassSpaceSize: 1.00 GB
Initial GC threshold: 21.00 MB
Current GC threshold: 112.81 MB
CDS: off
MetaspaceReclaimPolicy: balanced
 - commit_granule_bytes: 65536.
 - commit_granule_words: 8192.
 - virtual_space_node_default_size: 1048576.
 - enlarge_chunks_in_place: 1.
 - new_chunks_are_fully_committed: 0.
 - uncommit_free_chunks: 1.
 - use_allocation_guard: 0.
 - handle_deallocations: 1.


Internal statistics:

num_allocs_failed_limit: 6.
num_arena_births: 650.
num_arena_deaths: 0.
num_vsnodes_births: 9.
num_vsnodes_deaths: 0.
num_space_committed: 1162.
num_space_uncommitted: 0.
num_chunks_returned_to_freelist: 6.
num_chunks_taken_from_freelist: 3178.
num_chunk_merges: 6.
num_chunk_splits: 2115.
num_chunks_enlarged: 1438.
num_purges: 0.
num_inconsistent_stats: 0.

CodeHeap 'non-profiled nmethods': size=120000Kb used=4111Kb max_used=4111Kb free=115889Kb
 bounds [0x0000020da6580000, 0x0000020da6990000, 0x0000020dadab0000]
CodeHeap 'profiled nmethods': size=120000Kb used=12470Kb max_used=12470Kb free=107529Kb
 bounds [0x0000020d9eab0000, 0x0000020d9f6e0000, 0x0000020da5fe0000]
CodeHeap 'non-nmethods': size=5760Kb used=2357Kb max_used=2433Kb free=3402Kb
 bounds [0x0000020da5fe0000, 0x0000020da6250000, 0x0000020da6580000]
 total_blobs=7349 nmethods=6461 adapters=800
 compilation: enabled
              stopped_count=0, restarted_count=0
 full_count=0

Compilation events (20 events):
Event: 10.343 Thread 0x0000020db546c860 nmethod 7285 0x0000020da6983310 code [0x0000020da69834a0, 0x0000020da6983578]
Event: 10.343 Thread 0x0000020db546c860 7287       1       org.gradle.internal.component.external.model.JavaEcosystemVariantDerivationStrategy::derivesVariants (2 bytes)
Event: 10.343 Thread 0x0000020db546c860 nmethod 7287 0x0000020da6983610 code [0x0000020da69837a0, 0x0000020da6983878]
Event: 10.343 Thread 0x0000020db546c860 7294       3       org.gradle.internal.component.external.model.DefaultConfigurationMetadata$DependencyFilter::forcing (58 bytes)
Event: 10.343 Thread 0x0000020db546c860 nmethod 7294 0x0000020d9f6daf90 code [0x0000020d9f6db140, 0x0000020d9f6db3b8]
Event: 10.344 Thread 0x0000020db546c860 7295       1       org.gradle.internal.component.external.model.AbstractMutableModuleComponentResolveMetadata$ImmutableVariantImpl::getName (5 bytes)
Event: 10.344 Thread 0x0000020db546c860 nmethod 7295 0x0000020da6983910 code [0x0000020da6983aa0, 0x0000020da6983b78]
Event: 10.344 Thread 0x0000020db546c860 7296       3       com.google.common.collect.Sets::newLinkedHashSet (8 bytes)
Event: 10.344 Thread 0x0000020db546c860 nmethod 7296 0x0000020d9f6db490 code [0x0000020d9f6db660, 0x0000020d9f6db848]
Event: 10.344 Thread 0x0000020db546c860 7297       3       org.gradle.internal.component.external.model.ConfigurationBoundExternalDependencyMetadata::isChanging (8 bytes)
Event: 10.344 Thread 0x0000020db546c860 nmethod 7297 0x0000020d9f6db910 code [0x0000020d9f6dbaa0, 0x0000020d9f6dbc18]
Event: 10.346 Thread 0x0000020db546c860 7298       3       java.util.LinkedHashMap$LinkedValues::size (8 bytes)
Event: 10.346 Thread 0x0000020db546c860 nmethod 7298 0x0000020d9f6dbd10 code [0x0000020d9f6dbea0, 0x0000020d9f6dbfb8]
Event: 10.346 Thread 0x0000020db546c860 7299       3       org.gradle.internal.component.external.model.LazyVariantBackedConfigurationMetadata$RuleAwareVariant::getAttributes (40 bytes)
Event: 10.347 Thread 0x0000020db546c860 nmethod 7299 0x0000020d9f6dc090 code [0x0000020d9f6dc2c0, 0x0000020d9f6dcc98]
Event: 10.347 Thread 0x0000020db546c860 7305       3       org.gradle.internal.component.external.model.AbstractModuleComponentResolveMetadata::artifact (35 bytes)
Event: 10.347 Thread 0x0000020db546c860 nmethod 7305 0x0000020d9f6dcf90 code [0x0000020d9f6dd1a0, 0x0000020d9f6dd918]
Event: 10.348 Thread 0x0000020db546c860 7301       3       org.gradle.api.internal.artifacts.ivyservice.modulecache.ModuleComponentAtRepositoryKey::equals (59 bytes)
Event: 10.348 Thread 0x0000020db546c860 nmethod 7301 0x0000020d9f6ddc10 code [0x0000020d9f6ddde0, 0x0000020d9f6de318]
Event: 10.348 Thread 0x0000020db546c860 7300       3       org.gradle.api.internal.artifacts.ivyservice.ivyresolve.ComponentSelectionRulesProcessor::processRules (93 bytes)

GC Heap History (20 events):
Event: 8.245 GC heap after
{Heap after GC invocations=21 (full 0):
 garbage-first heap   total 86016K, used 48222K [0x0000000080000000, 0x0000000100000000)
  region size 1024K, 2 young (2048K), 2 survivors (2048K)
 Metaspace       used 60547K, committed 61056K, reserved 1105920K
  class space    used 8015K, committed 8192K, reserved 1048576K
}
Event: 8.460 GC heap before
{Heap before GC invocations=22 (full 0):
 garbage-first heap   total 87040K, used 67678K [0x0000000080000000, 0x0000000100000000)
  region size 1024K, 18 young (18432K), 2 survivors (2048K)
 Metaspace       used 62744K, committed 63296K, reserved 1105920K
  class space    used 8299K, committed 8576K, reserved 1048576K
}
Event: 8.464 GC heap after
{Heap after GC invocations=23 (full 0):
 garbage-first heap   total 87040K, used 54253K [0x0000000080000000, 0x0000000100000000)
  region size 1024K, 3 young (3072K), 3 survivors (3072K)
 Metaspace       used 62744K, committed 63296K, reserved 1105920K
  class space    used 8299K, committed 8576K, reserved 1048576K
}
Event: 8.467 GC heap before
{Heap before GC invocations=23 (full 0):
 garbage-first heap   total 87040K, used 55277K [0x0000000080000000, 0x0000000100000000)
  region size 1024K, 4 young (4096K), 3 survivors (3072K)
 Metaspace       used 62744K, committed 63296K, reserved 1105920K
  class space    used 8299K, committed 8576K, reserved 1048576K
}
Event: 8.471 GC heap after
{Heap after GC invocations=24 (full 0):
 garbage-first heap   total 104448K, used 54472K [0x0000000080000000, 0x0000000100000000)
  region size 1024K, 1 young (1024K), 1 survivors (1024K)
 Metaspace       used 62744K, committed 63296K, reserved 1105920K
  class space    used 8299K, committed 8576K, reserved 1048576K
}
Event: 8.498 GC heap before
{Heap before GC invocations=24 (full 0):
 garbage-first heap   total 104448K, used 57544K [0x0000000080000000, 0x0000000100000000)
  region size 1024K, 5 young (5120K), 1 survivors (1024K)
 Metaspace       used 62750K, committed 63296K, reserved 1105920K
  class space    used 8299K, committed 8576K, reserved 1048576K
}
Event: 8.500 GC heap after
{Heap after GC invocations=25 (full 0):
 garbage-first heap   total 104448K, used 55167K [0x0000000080000000, 0x0000000100000000)
  region size 1024K, 2 young (2048K), 2 survivors (2048K)
 Metaspace       used 62750K, committed 63296K, reserved 1105920K
  class space    used 8299K, committed 8576K, reserved 1048576K
}
Event: 8.854 GC heap before
{Heap before GC invocations=26 (full 0):
 garbage-first heap   total 104448K, used 79743K [0x0000000080000000, 0x0000000100000000)
  region size 1024K, 24 young (24576K), 2 survivors (2048K)
 Metaspace       used 64868K, committed 65408K, reserved 1114112K
  class space    used 8576K, committed 8832K, reserved 1048576K
}
Event: 8.857 GC heap after
{Heap after GC invocations=27 (full 0):
 garbage-first heap   total 104448K, used 57438K [0x0000000080000000, 0x0000000100000000)
  region size 1024K, 3 young (3072K), 3 survivors (3072K)
 Metaspace       used 64868K, committed 65408K, reserved 1114112K
  class space    used 8576K, committed 8832K, reserved 1048576K
}
Event: 9.143 GC heap before
{Heap before GC invocations=27 (full 0):
 garbage-first heap   total 104448K, used 79966K [0x0000000080000000, 0x0000000100000000)
  region size 1024K, 25 young (25600K), 3 survivors (3072K)
 Metaspace       used 66755K, committed 67264K, reserved 1114112K
  class space    used 8820K, committed 9088K, reserved 1048576K
}
Event: 9.146 GC heap after
{Heap after GC invocations=28 (full 0):
 garbage-first heap   total 104448K, used 59384K [0x0000000080000000, 0x0000000100000000)
  region size 1024K, 4 young (4096K), 4 survivors (4096K)
 Metaspace       used 66755K, committed 67264K, reserved 1114112K
  class space    used 8820K, committed 9088K, reserved 1048576K
}
Event: 9.308 GC heap before
{Heap before GC invocations=29 (full 0):
 garbage-first heap   total 104448K, used 78840K [0x0000000080000000, 0x0000000100000000)
  region size 1024K, 25 young (25600K), 4 survivors (4096K)
 Metaspace       used 66909K, committed 67456K, reserved 1114112K
  class space    used 8850K, committed 9088K, reserved 1048576K
}
Event: 9.312 GC heap after
{Heap after GC invocations=30 (full 0):
 garbage-first heap   total 104448K, used 58385K [0x0000000080000000, 0x0000000100000000)
  region size 1024K, 4 young (4096K), 4 survivors (4096K)
 Metaspace       used 66909K, committed 67456K, reserved 1114112K
  class space    used 8850K, committed 9088K, reserved 1048576K
}
Event: 9.551 GC heap before
{Heap before GC invocations=30 (full 0):
 garbage-first heap   total 104448K, used 81937K [0x0000000080000000, 0x0000000100000000)
  region size 1024K, 27 young (27648K), 4 survivors (4096K)
 Metaspace       used 68465K, committed 69056K, reserved 1114112K
  class space    used 9069K, committed 9344K, reserved 1048576K
}
Event: 9.556 GC heap after
{Heap after GC invocations=31 (full 0):
 garbage-first heap   total 104448K, used 60263K [0x0000000080000000, 0x0000000100000000)
  region size 1024K, 4 young (4096K), 4 survivors (4096K)
 Metaspace       used 68465K, committed 69056K, reserved 1114112K
  class space    used 9069K, committed 9344K, reserved 1048576K
}
Event: 9.950 GC heap before
{Heap before GC invocations=32 (full 0):
 garbage-first heap   total 104448K, used 82791K [0x0000000080000000, 0x0000000100000000)
  region size 1024K, 27 young (27648K), 4 survivors (4096K)
 Metaspace       used 71285K, committed 71808K, reserved 1114112K
  class space    used 9611K, committed 9856K, reserved 1048576K
}
Event: 9.954 GC heap after
{Heap after GC invocations=33 (full 0):
 garbage-first heap   total 104448K, used 60435K [0x0000000080000000, 0x0000000100000000)
  region size 1024K, 4 young (4096K), 4 survivors (4096K)
 Metaspace       used 71285K, committed 71808K, reserved 1114112K
  class space    used 9611K, committed 9856K, reserved 1048576K
}
Event: 9.980 GC heap before
{Heap before GC invocations=33 (full 0):
 garbage-first heap   total 104448K, used 61459K [0x0000000080000000, 0x0000000100000000)
  region size 1024K, 5 young (5120K), 4 survivors (4096K)
 Metaspace       used 71407K, committed 71936K, reserved 1114112K
  class space    used 9636K, committed 9920K, reserved 1048576K
}
Event: 9.983 GC heap after
{Heap after GC invocations=34 (full 0):
 garbage-first heap   total 104448K, used 60054K [0x0000000080000000, 0x0000000100000000)
  region size 1024K, 1 young (1024K), 1 survivors (1024K)
 Metaspace       used 71407K, committed 71936K, reserved 1114112K
  class space    used 9636K, committed 9920K, reserved 1048576K
}
Event: 10.348 GC heap before
{Heap before GC invocations=34 (full 0):
 garbage-first heap   total 104448K, used 83606K [0x0000000080000000, 0x0000000100000000)
  region size 1024K, 24 young (24576K), 1 survivors (1024K)
 Metaspace       used 73863K, committed 74368K, reserved 1114112K
  class space    used 10007K, committed 10240K, reserved 1048576K
}

Dll operation events (2 events):
Event: 0.014 Loaded shared library C:\Program Files\Android\Android Studio\jbr\bin\java.dll
Event: 0.641 Loaded shared library C:\Program Files\Android\Android Studio\jbr\bin\verify.dll

Deoptimization events (20 events):
Event: 9.668 Thread 0x0000020db8a66a30 DEOPT PACKING pc=0x0000020da65d22d0 sp=0x000000474cef74f0
Event: 9.668 Thread 0x0000020db8a66a30 DEOPT UNPACKING pc=0x0000020da60369a3 sp=0x000000474cef73d0 mode 2
Event: 9.668 Thread 0x0000020db8a66a30 Uncommon trap: trap_request=0xffffff45 fr.pc=0x0000020da65baf14 relative=0x0000000000000114
Event: 9.668 Thread 0x0000020db8a66a30 Uncommon trap: reason=unstable_if action=reinterpret pc=0x0000020da65baf14 method=java.lang.String.getBytes([BIIBI)V @ 6 c2
Event: 9.668 Thread 0x0000020db8a66a30 DEOPT PACKING pc=0x0000020da65baf14 sp=0x000000474cef7370
Event: 9.668 Thread 0x0000020db8a66a30 DEOPT UNPACKING pc=0x0000020da60369a3 sp=0x000000474cef7338 mode 2
Event: 9.668 Thread 0x0000020db8a66a30 Uncommon trap: trap_request=0xffffff45 fr.pc=0x0000020da65baa54 relative=0x0000000000000134
Event: 9.668 Thread 0x0000020db8a66a30 Uncommon trap: reason=unstable_if action=reinterpret pc=0x0000020da65baa54 method=java.lang.AbstractStringBuilder.putStringAt(ILjava/lang/String;II)V @ 8 c2
Event: 9.668 Thread 0x0000020db8a66a30 DEOPT PACKING pc=0x0000020da65baa54 sp=0x000000474cef7470
Event: 9.668 Thread 0x0000020db8a66a30 DEOPT UNPACKING pc=0x0000020da60369a3 sp=0x000000474cef73b8 mode 2
Event: 10.118 Thread 0x0000020db8a66a30 Uncommon trap: trap_request=0xffffff45 fr.pc=0x0000020da6873f4c relative=0x000000000000028c
Event: 10.118 Thread 0x0000020db8a66a30 Uncommon trap: reason=unstable_if action=reinterpret pc=0x0000020da6873f4c method=java.io.WinNTFileSystem.prefixLength(Ljava/lang/String;)I @ 11 c2
Event: 10.119 Thread 0x0000020db8a66a30 DEOPT PACKING pc=0x0000020da6873f4c sp=0x000000474cef8bf0
Event: 10.119 Thread 0x0000020db8a66a30 DEOPT UNPACKING pc=0x0000020da60369a3 sp=0x000000474cef8b70 mode 2
Event: 10.200 Thread 0x0000020db8a66a30 Uncommon trap: trap_request=0xfffffff4 fr.pc=0x0000020da6970268 relative=0x0000000000000068
Event: 10.200 Thread 0x0000020db8a66a30 Uncommon trap: reason=null_check action=make_not_entrant pc=0x0000020da6970268 method=java.lang.Class.isAnnotation()Z @ 1 c2
Event: 10.200 Thread 0x0000020db8a66a30 DEOPT PACKING pc=0x0000020da6970268 sp=0x000000474cef83c0
Event: 10.200 Thread 0x0000020db8a66a30 DEOPT UNPACKING pc=0x0000020da60369a3 sp=0x000000474cef8350 mode 2
Event: 10.335 Thread 0x0000020db8a66a30 DEOPT PACKING pc=0x0000020d9f306051 sp=0x000000474cef7a90
Event: 10.335 Thread 0x0000020db8a66a30 DEOPT UNPACKING pc=0x0000020da6037143 sp=0x000000474cef6fa8 mode 0

Classes unloaded (0 events):
No events

Classes redefined (0 events):
No events

Internal exceptions (20 events):
Event: 9.367 Thread 0x0000020db8a66a30 Exception <a 'java/lang/ClassNotFoundException'{0x0000000085dc14c8}: org/gradle/api/JavaVersionBeanInfo> (0x0000000085dc14c8) 
thrown [s\src\hotspot\share\classfile\systemDictionary.cpp, line 256]
Event: 9.368 Thread 0x0000020db8a66a30 Exception <a 'java/lang/ClassNotFoundException'{0x0000000085dd7778}: org/gradle/api/JavaVersionCustomizer> (0x0000000085dd7778) 
thrown [s\src\hotspot\share\classfile\systemDictionary.cpp, line 256]
Event: 9.372 Thread 0x0000020db8a66a30 Exception <a 'java/lang/ClassNotFoundException'{0x0000000085c1c938}: com/android/build/gradle/internal/CompileOptions$AgpDecorated_DecoratedBeanInfo> (0x0000000085c1c938) 
thrown [s\src\hotspot\share\classfile\systemDictionary.cpp, line 256]
Event: 9.372 Thread 0x0000020db8a66a30 Exception <a 'java/lang/ClassNotFoundException'{0x0000000085c29f98}: com/android/build/gradle/internal/CompileOptions$AgpDecoratedBeanInfo> (0x0000000085c29f98) 
thrown [s\src\hotspot\share\classfile\systemDictionary.cpp, line 256]
Event: 9.373 Thread 0x0000020db8a66a30 Exception <a 'java/lang/ClassNotFoundException'{0x0000000085c37400}: com/android/build/gradle/internal/CompileOptionsBeanInfo> (0x0000000085c37400) 
thrown [s\src\hotspot\share\classfile\systemDictionary.cpp, line 256]
Event: 9.373 Thread 0x0000020db8a66a30 Exception <a 'java/lang/ClassNotFoundException'{0x0000000085c44870}: com/android/build/gradle/internal/CompileOptionsCustomizer> (0x0000000085c44870) 
thrown [s\src\hotspot\share\classfile\systemDictionary.cpp, line 256]
Event: 9.374 Thread 0x0000020db8a66a30 Exception <a 'java/lang/ClassNotFoundException'{0x0000000085c5d1e0}: com/android/build/gradle/internal/CompileOptions$AgpDecoratedCustomizer> (0x0000000085c5d1e0) 
thrown [s\src\hotspot\share\classfile\systemDictionary.cpp, line 256]
Event: 9.375 Thread 0x0000020db8a66a30 Exception <a 'java/lang/ClassNotFoundException'{0x0000000085c6e060}: com/android/build/gradle/internal/CompileOptions$AgpDecorated_DecoratedCustomizer> (0x0000000085c6e060) 
thrown [s\src\hotspot\share\classfile\systemDictionary.cpp, line 256]
Event: 9.382 Thread 0x0000020db8a66a30 Exception <a 'java/lang/ClassNotFoundException'{0x0000000085ce8680}: org/gradle/api/internal/artifacts/dsl/dependencies/DefaultDependencyHandler_DecoratedBeanInfo> (0x0000000085ce8680) 
thrown [s\src\hotspot\share\classfile\systemDictionary.cpp, line 256]
Event: 9.383 Thread 0x0000020db8a66a30 Exception <a 'java/lang/ClassNotFoundException'{0x0000000085b02dd8}: org/gradle/api/internal/artifacts/dsl/dependencies/DefaultDependencyHandlerBeanInfo> (0x0000000085b02dd8) 
thrown [s\src\hotspot\share\classfile\systemDictionary.cpp, line 256]
Event: 9.383 Thread 0x0000020db8a66a30 Exception <a 'java/lang/ClassNotFoundException'{0x0000000085b1cd20}: org/gradle/api/internal/artifacts/dsl/dependencies/DefaultDependencyHandlerCustomizer> (0x0000000085b1cd20) 
thrown [s\src\hotspot\share\classfile\systemDictionary.cpp, line 256]
Event: 9.386 Thread 0x0000020db8a66a30 Exception <a 'java/lang/ClassNotFoundException'{0x0000000085b5e1f8}: org/gradle/api/internal/artifacts/dsl/dependencies/DefaultDependencyHandler_DecoratedCustomizer> (0x0000000085b5e1f8) 
thrown [s\src\hotspot\share\classfile\systemDictionary.cpp, line 256]
Event: 10.087 Thread 0x0000020db8a66a30 Exception <a 'java/lang/NoSuchMethodError'{0x00000000860e15a0}: 'int java.lang.invoke.DirectMethodHandle$Holder.invokeSpecialIFC(java.lang.Object, java.lang.Object, java.lang.Object, java.lang.Object, java.lang.Object)'> (0x00000000860e15a0) 
thrown [s\src\hotspot\share\interpreter\linkResolver.cpp, line 771]
Event: 10.265 Thread 0x0000020db8a66a30 Exception <a 'java/lang/ClassNotFoundException'{0x00000000853f31c8}: com/android/build/gradle/internal/api/ApkVariantOutputImpl_DecoratedBeanInfo> (0x00000000853f31c8) 
thrown [s\src\hotspot\share\classfile\systemDictionary.cpp, line 256]
Event: 10.266 Thread 0x0000020db8a66a30 Exception <a 'java/lang/ClassNotFoundException'{0x0000000085200000}: com/android/build/gradle/internal/api/ApkVariantOutputImplBeanInfo> (0x0000000085200000) 
thrown [s\src\hotspot\share\classfile\systemDictionary.cpp, line 256]
Event: 10.266 Thread 0x0000020db8a66a30 Exception <a 'java/lang/ClassNotFoundException'{0x000000008520ce48}: com/android/build/gradle/internal/api/BaseVariantOutputImplBeanInfo> (0x000000008520ce48) 
thrown [s\src\hotspot\share\classfile\systemDictionary.cpp, line 256]
Event: 10.267 Thread 0x0000020db8a66a30 Exception <a 'java/lang/ClassNotFoundException'{0x0000000085219cb0}: com/android/build/gradle/internal/api/BaseVariantOutputImplCustomizer> (0x0000000085219cb0) 
thrown [s\src\hotspot\share\classfile\systemDictionary.cpp, line 256]
Event: 10.268 Thread 0x0000020db8a66a30 Exception <a 'java/lang/ClassNotFoundException'{0x0000000085239220}: com/android/build/gradle/internal/api/ApkVariantOutputImplCustomizer> (0x0000000085239220) 
thrown [s\src\hotspot\share\classfile\systemDictionary.cpp, line 256]
Event: 10.269 Thread 0x0000020db8a66a30 Exception <a 'java/lang/ClassNotFoundException'{0x0000000085252a18}: com/android/build/gradle/internal/api/ApkVariantOutputImpl_DecoratedCustomizer> (0x0000000085252a18) 
thrown [s\src\hotspot\share\classfile\systemDictionary.cpp, line 256]
Event: 10.276 Thread 0x0000020db8a66a30 Exception <a 'java/lang/NoClassDefFoundError'{0x000000008513b1c0}: org/jetbrains/kotlin/gradle/plugin/KotlinBasePluginWrapper> (0x000000008513b1c0) 
thrown [s\src\hotspot\share\classfile\systemDictionary.cpp, line 245]

VM Operations (20 events):
Event: 9.146 Executing VM operation: G1CollectForAllocation done
Event: 9.184 Executing VM operation: G1Concurrent
Event: 9.188 Executing VM operation: G1Concurrent done
Event: 9.207 Executing VM operation: G1Concurrent
Event: 9.208 Executing VM operation: G1Concurrent done
Event: 9.308 Executing VM operation: G1CollectForAllocation
Event: 9.312 Executing VM operation: G1CollectForAllocation done
Event: 9.415 Executing VM operation: HandshakeAllThreads
Event: 9.415 Executing VM operation: HandshakeAllThreads done
Event: 9.551 Executing VM operation: G1CollectForAllocation
Event: 9.556 Executing VM operation: G1CollectForAllocation done
Event: 9.589 Executing VM operation: G1Concurrent
Event: 9.592 Executing VM operation: G1Concurrent done
Event: 9.610 Executing VM operation: G1Concurrent
Event: 9.610 Executing VM operation: G1Concurrent done
Event: 9.950 Executing VM operation: G1CollectForAllocation
Event: 9.954 Executing VM operation: G1CollectForAllocation done
Event: 9.980 Executing VM operation: G1CollectForAllocation
Event: 9.983 Executing VM operation: G1CollectForAllocation done
Event: 10.348 Executing VM operation: G1CollectForAllocation

Events (20 events):
Event: 8.883 loading class java/security/KeyStore$1
Event: 8.883 loading class java/security/KeyStore$1 done
Event: 9.000 loading class javax/xml/stream/XMLStreamException
Event: 9.001 loading class javax/xml/stream/XMLStreamException done
Event: 9.018 loading class sun/reflect/annotation/AnnotationInvocationHandler$1
Event: 9.018 loading class sun/reflect/annotation/AnnotationInvocationHandler$1 done
Event: 9.124 loading class org/xml/sax/Locator
Event: 9.124 loading class org/xml/sax/Locator done
Event: 9.124 loading class org/xml/sax/SAXParseException
Event: 9.125 loading class org/xml/sax/SAXParseException done
Event: 9.125 loading class org/xml/sax/Attributes
Event: 9.125 loading class org/xml/sax/Attributes done
Event: 9.276 loading class java/beans/IntrospectionException
Event: 9.276 loading class java/beans/IntrospectionException done
Event: 9.602 loading class sun/reflect/generics/repository/FieldRepository
Event: 9.602 loading class sun/reflect/generics/repository/FieldRepository done
Event: 9.610 loading class jdk/internal/vm/annotation/ForceInline
Event: 9.610 loading class jdk/internal/vm/annotation/ForceInline done
Event: 9.668 loading class java/util/regex/Pattern$Caret
Event: 9.669 loading class java/util/regex/Pattern$Caret done


Dynamic libraries:
0x00007ff6399f0000 - 0x00007ff6399fa000 	C:\Program Files\Android\Android Studio\jbr\bin\java.exe
0x00007ffb18890000 - 0x00007ffb18a88000 	C:\WINDOWS\SYSTEM32\ntdll.dll
0x00007ffb17aa0000 - 0x00007ffb17b5d000 	C:\WINDOWS\System32\KERNEL32.DLL
0x00007ffb16430000 - 0x00007ffb16726000 	C:\WINDOWS\System32\KERNELBASE.dll
0x00007ffb16330000 - 0x00007ffb16430000 	C:\WINDOWS\System32\ucrtbase.dll
0x00007ffb0e170000 - 0x00007ffb0e18b000 	C:\Program Files\Android\Android Studio\jbr\bin\VCRUNTIME140.dll
0x00007ffaef3d0000 - 0x00007ffaef3e7000 	C:\Program Files\Android\Android Studio\jbr\bin\jli.dll
0x00007ffb18240000 - 0x00007ffb183de000 	C:\WINDOWS\System32\USER32.dll
0x00007ffb16300000 - 0x00007ffb16322000 	C:\WINDOWS\System32\win32u.dll
0x00007ffb18400000 - 0x00007ffb1842c000 	C:\WINDOWS\System32\GDI32.dll
0x00007ffb161e0000 - 0x00007ffb162fa000 	C:\WINDOWS\System32\gdi32full.dll
0x00007ffb15fe0000 - 0x00007ffb1607d000 	C:\WINDOWS\System32\msvcp_win.dll
0x00007ffafb390000 - 0x00007ffafb62a000 	C:\WINDOWS\WinSxS\amd64_microsoft.windows.common-controls_6595b64144ccf1df_6.0.19041.3636_none_60b6a03d71f818d5\COMCTL32.dll
0x00007ffb184e0000 - 0x00007ffb1857e000 	C:\WINDOWS\System32\msvcrt.dll
0x00007ffb18160000 - 0x00007ffb18190000 	C:\WINDOWS\System32\IMM32.DLL
0x00007ffb10970000 - 0x00007ffb1097c000 	C:\Program Files\Android\Android Studio\jbr\bin\vcruntime140_1.dll
0x00007ffb05310000 - 0x00007ffb0539d000 	C:\Program Files\Android\Android Studio\jbr\bin\msvcp140.dll
0x00007ffac4fb0000 - 0x00007ffac5c1e000 	C:\Program Files\Android\Android Studio\jbr\bin\server\jvm.dll
0x00007ffb18430000 - 0x00007ffb184df000 	C:\WINDOWS\System32\ADVAPI32.dll
0x00007ffb18190000 - 0x00007ffb1822c000 	C:\WINDOWS\System32\sechost.dll
0x00007ffb185e0000 - 0x00007ffb18706000 	C:\WINDOWS\System32\RPCRT4.dll
0x00007ffafbb70000 - 0x00007ffafbb97000 	C:\WINDOWS\SYSTEM32\WINMM.dll
0x00007ffb109c0000 - 0x00007ffb109c9000 	C:\WINDOWS\SYSTEM32\WSOCK32.dll
0x00007ffb0e040000 - 0x00007ffb0e04a000 	C:\WINDOWS\SYSTEM32\VERSION.dll
0x00007ffb18710000 - 0x00007ffb1877b000 	C:\WINDOWS\System32\WS2_32.dll
0x00007ffb14780000 - 0x00007ffb14792000 	C:\WINDOWS\SYSTEM32\kernel.appcore.dll
0x00007ffb082b0000 - 0x00007ffb082ba000 	C:\Program Files\Android\Android Studio\jbr\bin\jimage.dll
0x00007ffb13d00000 - 0x00007ffb13ee4000 	C:\WINDOWS\SYSTEM32\DBGHELP.DLL
0x00007ffb0d180000 - 0x00007ffb0d1b4000 	C:\WINDOWS\SYSTEM32\dbgcore.DLL
0x00007ffb16830000 - 0x00007ffb168b2000 	C:\WINDOWS\System32\bcryptPrimitives.dll
0x00007ffaf4460000 - 0x00007ffaf4485000 	C:\Program Files\Android\Android Studio\jbr\bin\java.dll
0x00007ffaf9990000 - 0x00007ffaf99a8000 	C:\Program Files\Android\Android Studio\jbr\bin\zip.dll
0x00007ffb168f0000 - 0x00007ffb17034000 	C:\WINDOWS\System32\SHELL32.dll
0x00007ffb13f10000 - 0x00007ffb146ab000 	C:\WINDOWS\SYSTEM32\windows.storage.dll
0x00007ffb17740000 - 0x00007ffb17a94000 	C:\WINDOWS\System32\combase.dll
0x00007ffb158e0000 - 0x00007ffb1590d000 	C:\WINDOWS\SYSTEM32\Wldp.dll
0x00007ffb17b60000 - 0x00007ffb17c0d000 	C:\WINDOWS\System32\SHCORE.dll
0x00007ffb17040000 - 0x00007ffb17095000 	C:\WINDOWS\System32\shlwapi.dll
0x00007ffb15ea0000 - 0x00007ffb15ec5000 	C:\WINDOWS\SYSTEM32\profapi.dll
0x00007ffaf42e0000 - 0x00007ffaf42f9000 	C:\Program Files\Android\Android Studio\jbr\bin\net.dll
0x00007ffb0bf40000 - 0x00007ffb0c04a000 	C:\WINDOWS\SYSTEM32\WINHTTP.dll
0x00007ffb15640000 - 0x00007ffb156aa000 	C:\WINDOWS\system32\mswsock.dll
0x00007ffaf3be0000 - 0x00007ffaf3bf6000 	C:\Program Files\Android\Android Studio\jbr\bin\nio.dll
0x00007ffb081f0000 - 0x00007ffb08200000 	C:\Program Files\Android\Android Studio\jbr\bin\verify.dll
0x00007ffaf99b0000 - 0x00007ffaf99d7000 	C:\Users\jupi0\.gradle\native\68d5fa5c4cc2d200863cafc0d521ce42e7d3e7ee720ec0a83991735586a16f82\windows-amd64\native-platform.dll
0x00007ffaeb8d0000 - 0x00007ffaeba14000 	C:\Users\jupi0\.gradle\native\e376f236ea51e6404a007f0833ffe2c6e607c4080706a723a18a27aeea778392\windows-amd64\native-platform-file-events.dll
0x00007ffb03310000 - 0x00007ffb03319000 	C:\Program Files\Android\Android Studio\jbr\bin\management.dll
0x00007ffafd5f0000 - 0x00007ffafd5fb000 	C:\Program Files\Android\Android Studio\jbr\bin\management_ext.dll
0x00007ffb17c10000 - 0x00007ffb17c18000 	C:\WINDOWS\System32\PSAPI.DLL
0x00007ffb15830000 - 0x00007ffb15848000 	C:\WINDOWS\SYSTEM32\CRYPTSP.dll
0x00007ffb14f30000 - 0x00007ffb14f64000 	C:\WINDOWS\system32\rsaenh.dll
0x00007ffb168c0000 - 0x00007ffb168e7000 	C:\WINDOWS\System32\bcrypt.dll
0x00007ffb15e60000 - 0x00007ffb15e8e000 	C:\WINDOWS\SYSTEM32\USERENV.dll
0x00007ffb15850000 - 0x00007ffb1585c000 	C:\WINDOWS\SYSTEM32\CRYPTBASE.dll
0x00007ffb15330000 - 0x00007ffb1536b000 	C:\WINDOWS\SYSTEM32\IPHLPAPI.DLL
0x00007ffb18230000 - 0x00007ffb18238000 	C:\WINDOWS\System32\NSI.dll
0x00007ffb0b960000 - 0x00007ffb0b977000 	C:\WINDOWS\SYSTEM32\dhcpcsvc6.DLL
0x00007ffb0dcb0000 - 0x00007ffb0dccd000 	C:\WINDOWS\SYSTEM32\dhcpcsvc.DLL
0x00007ffb15370000 - 0x00007ffb1543a000 	C:\WINDOWS\SYSTEM32\DNSAPI.dll
0x00007ffafd050000 - 0x00007ffafd057000 	C:\WINDOWS\system32\wshunix.dll

dbghelp: loaded successfully - version: 4.0.5 - missing functions: none
symbol engine: initialized successfully - sym options: 0x614 - pdb path: .;C:\Program Files\Android\Android Studio\jbr\bin;C:\WINDOWS\SYSTEM32;C:\WINDOWS\WinSxS\amd64_microsoft.windows.common-controls_6595b64144ccf1df_6.0.19041.3636_none_60b6a03d71f818d5;C:\Program Files\Android\Android Studio\jbr\bin\server;C:\Users\jupi0\.gradle\native\68d5fa5c4cc2d200863cafc0d521ce42e7d3e7ee720ec0a83991735586a16f82\windows-amd64;C:\Users\jupi0\.gradle\native\e376f236ea51e6404a007f0833ffe2c6e607c4080706a723a18a27aeea778392\windows-amd64

VM Arguments:
jvm_args: --add-opens=java.base/java.util=ALL-UNNAMED --add-opens=java.base/java.lang=ALL-UNNAMED --add-opens=java.base/java.lang.invoke=ALL-UNNAMED --add-opens=java.prefs/java.util.prefs=ALL-UNNAMED --add-opens=java.base/java.nio.charset=ALL-UNNAMED --add-opens=java.base/java.net=ALL-UNNAMED --add-opens=java.base/java.util.concurrent.atomic=ALL-UNNAMED -Xmx2048m -Dfile.encoding=UTF-8 -Duser.country=KR -Duser.language=ko -Duser.variant 
java_command: org.gradle.launcher.daemon.bootstrap.GradleDaemon 8.0
java_class_path (initial): C:\Users\jupi0\.gradle\wrapper\dists\gradle-8.0-bin\ca5e32bp14vu59qr306oxotwh\gradle-8.0\lib\gradle-launcher-8.0.jar
Launcher Type: SUN_STANDARD

[Global flags]
     intx CICompilerCount                          = 4                                         {product} {ergonomic}
     uint ConcGCThreads                            = 2                                         {product} {ergonomic}
     uint G1ConcRefinementThreads                  = 8                                         {product} {ergonomic}
   size_t G1HeapRegionSize                         = 1048576                                   {product} {ergonomic}
    uintx GCDrainStackTargetSize                   = 64                                        {product} {ergonomic}
   size_t InitialHeapSize                          = 134217728                                 {product} {ergonomic}
   size_t MarkStackSize                            = 4194304                                   {product} {ergonomic}
   size_t MaxHeapSize                              = 2147483648                                {product} {command line}
   size_t MaxNewSize                               = 1287651328                                {product} {ergonomic}
   size_t MinHeapDeltaBytes                        = 1048576                                   {product} {ergonomic}
   size_t MinHeapSize                              = 8388608                                   {product} {ergonomic}
    uintx NonNMethodCodeHeapSize                   = 5839372                                {pd product} {ergonomic}
    uintx NonProfiledCodeHeapSize                  = 122909434                              {pd product} {ergonomic}
    uintx ProfiledCodeHeapSize                     = 122909434                              {pd product} {ergonomic}
    uintx ReservedCodeCacheSize                    = 251658240                              {pd product} {ergonomic}
     bool SegmentedCodeCache                       = true                                      {product} {ergonomic}
   size_t SoftMaxHeapSize                          = 2147483648                             {manageable} {ergonomic}
     bool UseCompressedClassPointers               = true                           {product lp64_product} {ergonomic}
     bool UseCompressedOops                        = true                           {product lp64_product} {ergonomic}
     bool UseG1GC                                  = true                                      {product} {ergonomic}
     bool UseLargePagesIndividualAllocation        = false                                  {pd product} {ergonomic}

Logging:
Log output configuration:
 #0: stdout all=warning uptime,level,tags
 #1: stderr all=off uptime,level,tags

Environment Variables:
JAVA_HOME=C:\Program Files\Java\jdk1.8.0_161
PATH=C:\Program Files\Common Files\Oracle\Java\javapath;C:\Program Files (x86)\Intel\iCLS Client\;C:\Program Files\Intel\iCLS Client\;C:\ProgramData\Oracle\Java\javapath;C:\WINDOWS\system32;C:\WINDOWS;C:\WINDOWS\System32\Wbem;C:\WINDOWS\System32\WindowsPowerShell\v1.0\;C:\Program Files (x86)\Windows Live\Shared;C:\Program Files\Java\jdk1.8.0_161\bin;;C:\Program Files (x86)\Common Files\Teruten\DSFilter;C:\WINDOWS\System32\OpenSSH\;C:\Program Files (x86)\Intel\Intel(R) Management Engine Components\DAL;C:\Program Files\Intel\Intel(R) Management Engine Components\DAL;C:\Program Files (x86)\Intel\Intel(R) Management Engine Components\IPT;C:\Program Files\Intel\Intel(R) Management Engine Components\IPT;C:\Program Files (x86)\NVIDIA Corporation\PhysX\Common;C:\WINDOWS\system32;C:\WINDOWS;C:\WINDOWS\System32\Wbem;C:\WINDOWS\System32\WindowsPowerShell\v1.0\;C:\WINDOWS\System32\OpenSSH\;C:\Program Files\NVIDIA Corporation\NVIDIA NvDLISR;C:\Users\jupi0\AppData\Local\Programs\Python\Python38\Scripts\;C:\Users\jupi0\AppData\Local\Programs\Python\Python38\;C:\Users\jupi0\AppData\Local\Programs\Python\Python36\Scripts\;C:\Users\jupi0\AppData\Local\Programs\Python\Python36\;C:\Python36;C:\Users\jupi0\AppData\Local\Microsoft\WindowsApps;C:\Program Files\Bandizip\;;C:\Users\jupi0\AppData\Local\Programs\Microsoft VS Code\bin;C:\Program Files\JetBrains\PyCharm Community Edition 2023.2.1\bin;
USERNAME=jupi0
OS=Windows_NT
PROCESSOR_IDENTIFIER=Intel64 Family 6 Model 158 Stepping 9, GenuineIntel
TMP=C:\Users\jupi0\AppData\Local\Temp
TEMP=C:\Users\jupi0\AppData\Local\Temp


JNI global refs:
JNI global refs: 28, weak refs: 6

JNI global refs memory usage: 843, weak refs: 841


---------------  S Y S T E M  ---------------

OS:
 Windows 10 , 64 bit Build 19041 (10.0.19041.3636)
OS uptime: 14 days 22:03 hours
Hyper-V role detected

CPU: total 8 (initial active 8) (4 cores per cpu, 2 threads per core) family 6 model 158 stepping 9 microcode 0xb4, cx8, cmov, fxsr, ht, mmx, 3dnowpref, sse, sse2, sse3, ssse3, sse4.1, sse4.2, popcnt, lzcnt, tsc, tscinvbit, avx, avx2, aes, erms, clmul, bmi1, bmi2, adx, fma, vzeroupper, clflush, clflushopt, hv

Memory: 4k page, system-wide physical 8084M (526M free)
TotalPageFile size 30858M (AvailPageFile size 33M)
current process WorkingSet (physical memory assigned to process): 315M, peak: 329M
current process commit charge ("private bytes"): 378M, peak: 483M

vm_info: OpenJDK 64-Bit Server VM (17.0.6+0-b2043.56-10027231) for windows-amd64 JRE (17.0.6+0-b2043.56-10027231), built on Apr 28 2023 00:43:19 by "androidbuild" with MS VC++ 16.10 / 16.11 (VS2019)

END.
