#
# There is insufficient memory for the Java Runtime Environment to continue.
# Native memory allocation (malloc) failed to allocate 1039120 bytes for Chunk::new
# Possible reasons:
#   The system is out of physical RAM or swap space
#   The process is running with CompressedOops enabled, and the Java Heap may be blocking the growth of the native heap
# Possible solutions:
#   Reduce memory load on the system
#   Increase physical memory or swap space
#   Check if swap backing store is full
#   Decrease Java heap size (-Xmx/-Xms)
#   Decrease number of Java threads
#   Decrease Java thread stack sizes (-Xss)
#   Set larger code cache with -XX:ReservedCodeCacheSize=
#   JVM is running with Unscaled Compressed Oops mode in which the Java heap is
#     placed in the first 4GB address space. The Java Heap base address is the
#     maximum limit for the native heap growth. Please use -XX:HeapBaseMinAddress
#     to set the Java Heap base and to place the Java Heap above 4GB virtual address.
# This output file may be truncated or incomplete.
#
#  Out of Memory Error (arena.cpp:189), pid=24020, tid=19956
#
# JRE version: OpenJDK Runtime Environment (17.0.6) (build 17.0.6+0-b2043.56-10027231)
# Java VM: OpenJDK 64-Bit Server VM (17.0.6+0-b2043.56-10027231, mixed mode, tiered, compressed oops, compressed class ptrs, g1 gc, windows-amd64)
# No core dump will be written. Minidumps are not enabled by default on client versions of Windows
#

---------------  S U M M A R Y ------------

Command Line: --add-opens=java.base/java.util=ALL-UNNAMED --add-opens=java.base/java.lang=ALL-UNNAMED --add-opens=java.base/java.lang.invoke=ALL-UNNAMED --add-opens=java.prefs/java.util.prefs=ALL-UNNAMED --add-opens=java.base/java.nio.charset=ALL-UNNAMED --add-opens=java.base/java.net=ALL-UNNAMED --add-opens=java.base/java.util.concurrent.atomic=ALL-UNNAMED -Xmx2048m -Dfile.encoding=UTF-8 -Duser.country=KR -Duser.language=ko -Duser.variant org.gradle.launcher.daemon.bootstrap.GradleDaemon 8.0

Host: Intel(R) Core(TM) i7-7700HQ CPU @ 2.80GHz, 8 cores, 7G,  Windows 10 , 64 bit Build 19041 (10.0.19041.3636)
Time: Wed Dec 13 06:30:54 2023  Windows 10 , 64 bit Build 19041 (10.0.19041.3636) elapsed time: 14.138498 seconds (0d 0h 0m 14s)

---------------  T H R E A D  ---------------

Current thread (0x0000020b45eeb320):  JavaThread "C2 CompilerThread2" daemon [_thread_in_native, id=19956, stack(0x000000e00ef00000,0x000000e00f000000)]


Current CompileTask:
C2:  14138 10110       4       java.lang.reflect.Constructor::newInstanceWithCaller (75 bytes)

Stack: [0x000000e00ef00000,0x000000e00f000000]
Native frames: (J=compiled Java code, j=interpreted, Vv=VM code, C=native code)
V  [jvm.dll+0x683c9a]
V  [jvm.dll+0x8427a4]
V  [jvm.dll+0x843f9e]
V  [jvm.dll+0x844603]
V  [jvm.dll+0x249b75]
V  [jvm.dll+0xabcac]
V  [jvm.dll+0xac27c]
V  [jvm.dll+0x368857]
V  [jvm.dll+0x1bd0b8]
V  [jvm.dll+0x21c359]
V  [jvm.dll+0x21b621]
V  [jvm.dll+0x1a4fdd]
V  [jvm.dll+0x22b098]
V  [jvm.dll+0x229159]
V  [jvm.dll+0x7f81ec]
V  [jvm.dll+0x7f274a]
V  [jvm.dll+0x682ad5]
C  [ucrtbase.dll+0x21bb2]
C  [KERNEL32.DLL+0x17344]
C  [ntdll.dll+0x526b1]


---------------  P R O C E S S  ---------------

Threads class SMR info:
_java_thread_list=0x0000020b445466f0, length=136, elements={
0x0000020b2751b1a0, 0x0000020b413b5620, 0x0000020b41c007c0, 0x0000020b41c3c420,
0x0000020b41c16ac0, 0x0000020b413b8730, 0x0000020b413ba8e0, 0x0000020b41c57340,
0x0000020b41c5fc50, 0x0000020b41c7ad10, 0x0000020b413b8c00, 0x0000020b413b9f40,
0x0000020b413b73f0, 0x0000020b413b90d0, 0x0000020b413b9a70, 0x0000020b44a49e40,
0x0000020b413ba410, 0x0000020b413b78c0, 0x0000020b413badb0, 0x0000020b413b95a0,
0x0000020b413b7d90, 0x0000020b413b8260, 0x0000020b44d0a0a0, 0x0000020b44d0aa40,
0x0000020b44d0a570, 0x0000020b44d0af10, 0x0000020b44d04a00, 0x0000020b44d0b8b0,
0x0000020b44d06bb0, 0x0000020b44d09700, 0x0000020b44d09bd0, 0x0000020b44d08d60,
0x0000020b44d0b3e0, 0x0000020b44d04ed0, 0x0000020b44d04060, 0x0000020b44d04530,
0x0000020b44d066e0, 0x0000020b44d07a20, 0x0000020b44d07ef0, 0x0000020b44d083c0,
0x0000020b44d09230, 0x0000020b4377d210, 0x0000020b43780230, 0x0000020b4377e080,
0x0000020b4377f3c0, 0x0000020b437828b0, 0x0000020b4377cd40, 0x0000020b4377e550,
0x0000020b43781a40, 0x0000020b4377d6e0, 0x0000020b43781f10, 0x0000020b4377f890,
0x0000020b43780700, 0x0000020b4377fd60, 0x0000020b43780bd0, 0x0000020b437823e0,
0x0000020b437810a0, 0x0000020b43781570, 0x0000020b4377bed0, 0x0000020b4377b530,
0x0000020b4377ba00, 0x0000020b4377c870, 0x0000020b4377b060, 0x0000020b4377c3a0,
0x0000020b4377dbb0, 0x0000020b4377ea20, 0x0000020b4377eef0, 0x0000020b47085ba0,
0x0000020b47086070, 0x0000020b47080500, 0x0000020b47080ea0, 0x0000020b47086a10,
0x0000020b470839f0, 0x0000020b47083ec0, 0x0000020b47086ee0, 0x0000020b470873b0,
0x0000020b47084390, 0x0000020b47081370, 0x0000020b47084d30, 0x0000020b47084860,
0x0000020b47086540, 0x0000020b47083050, 0x0000020b470821e0, 0x0000020b47087880,
0x0000020b47085200, 0x0000020b470809d0, 0x0000020b470856d0, 0x0000020b47080030,
0x0000020b470826b0, 0x0000020b47081840, 0x0000020b47081d10, 0x0000020b47082b80,
0x0000020b47083520, 0x0000020b45d3ace0, 0x0000020b45d3a810, 0x0000020b45d39000,
0x0000020b45d3b1b0, 0x0000020b45d39e70, 0x0000020b45d394d0, 0x0000020b45d3b680,
0x0000020b45d3bb50, 0x0000020b45d3a340, 0x0000020b45d3c020, 0x0000020b45d3c4f0,
0x0000020b45d3c9c0, 0x0000020b45d399a0, 0x0000020b47e741a0, 0x0000020b47e724c0,
0x0000020b47e6e160, 0x0000020b47e74670, 0x0000020b47e6f970, 0x0000020b47e71ff0,
0x0000020b47e707e0, 0x0000020b47e73cd0, 0x0000020b47e74b40, 0x0000020b47e71650,
0x0000020b47e6eb00, 0x0000020b47e73330, 0x0000020b47e6fe40, 0x0000020b47e71b20,
0x0000020b47e73800, 0x0000020b47e6efd0, 0x0000020b47e72990, 0x0000020b47e72e60,
0x0000020b47e75010, 0x0000020b47e6d7c0, 0x0000020b45eeb320, 0x0000020b43181810,
0x0000020b4317cb10, 0x0000020b43181ce0, 0x0000020b431821b0, 0x0000020b4317ae30,
0x0000020b4317b300, 0x0000020b4317d4b0, 0x0000020b431804d0, 0x0000020b4317f660
}

Java Threads: ( => current thread )
  0x0000020b2751b1a0 JavaThread "main" [_thread_blocked, id=20236, stack(0x000000e00c600000,0x000000e00c700000)]
  0x0000020b413b5620 JavaThread "Reference Handler" daemon [_thread_blocked, id=10260, stack(0x000000e00cd00000,0x000000e00ce00000)]
  0x0000020b41c007c0 JavaThread "Finalizer" daemon [_thread_blocked, id=22160, stack(0x000000e00ce00000,0x000000e00cf00000)]
  0x0000020b41c3c420 JavaThread "Signal Dispatcher" daemon [_thread_blocked, id=20464, stack(0x000000e00cf00000,0x000000e00d000000)]
  0x0000020b41c16ac0 JavaThread "Attach Listener" daemon [_thread_blocked, id=6636, stack(0x000000e00d000000,0x000000e00d100000)]
  0x0000020b413b8730 JavaThread "Service Thread" daemon [_thread_blocked, id=20044, stack(0x000000e00d100000,0x000000e00d200000)]
  0x0000020b413ba8e0 JavaThread "Monitor Deflation Thread" daemon [_thread_blocked, id=2392, stack(0x000000e00d200000,0x000000e00d300000)]
  0x0000020b41c57340 JavaThread "C2 CompilerThread0" daemon [_thread_in_native, id=12348, stack(0x000000e00d300000,0x000000e00d400000)]
  0x0000020b41c5fc50 JavaThread "C1 CompilerThread0" daemon [_thread_in_native, id=14032, stack(0x000000e00d400000,0x000000e00d500000)]
  0x0000020b41c7ad10 JavaThread "Sweeper thread" daemon [_thread_blocked, id=8708, stack(0x000000e00d500000,0x000000e00d600000)]
  0x0000020b413b8c00 JavaThread "Common-Cleaner" daemon [_thread_blocked, id=22964, stack(0x000000e00d600000,0x000000e00d700000)]
  0x0000020b413b9f40 JavaThread "Notification Thread" daemon [_thread_blocked, id=6856, stack(0x000000e00d700000,0x000000e00d800000)]
  0x0000020b413b73f0 JavaThread "Daemon health stats" [_thread_blocked, id=25124, stack(0x000000e00df00000,0x000000e00e000000)]
  0x0000020b413b90d0 JavaThread "Incoming local TCP Connector on port 8743" [_thread_in_native, id=13392, stack(0x000000e00d900000,0x000000e00da00000)]
  0x0000020b413b9a70 JavaThread "Daemon periodic checks" [_thread_blocked, id=22784, stack(0x000000e00da00000,0x000000e00db00000)]
  0x0000020b44a49e40 JavaThread "C2 CompilerThread1" daemon [_thread_in_native, id=12944, stack(0x000000e00e000000,0x000000e00e100000)]
  0x0000020b413ba410 JavaThread "Daemon" [_thread_blocked, id=27632, stack(0x000000e00e100000,0x000000e00e200000)]
  0x0000020b413b78c0 JavaThread "Handler for socket connection from /127.0.0.1:8743 to /127.0.0.1:8744" [_thread_in_native, id=5820, stack(0x000000e00e200000,0x000000e00e300000)]
  0x0000020b413badb0 JavaThread "Cancel handler" [_thread_blocked, id=20000, stack(0x000000e00e300000,0x000000e00e400000)]
  0x0000020b413b95a0 JavaThread "Daemon worker" [_thread_blocked, id=1480, stack(0x000000e00e400000,0x000000e00e500000)]
  0x0000020b413b7d90 JavaThread "Asynchronous log dispatcher for DefaultDaemonConnection: socket connection from /127.0.0.1:8743 to /127.0.0.1:8744" [_thread_blocked, id=28656, stack(0x000000e00e500000,0x000000e00e600000)]
  0x0000020b413b8260 JavaThread "Stdin handler" [_thread_blocked, id=9908, stack(0x000000e00e600000,0x000000e00e700000)]
  0x0000020b44d0a0a0 JavaThread "Daemon client event forwarder" [_thread_blocked, id=3052, stack(0x000000e00e700000,0x000000e00e800000)]
  0x0000020b44d0aa40 JavaThread "Cache worker for journal cache (C:\Users\jupi0\.gradle\caches\journal-1)" [_thread_blocked, id=29140, stack(0x000000e00ec00000,0x000000e00ed00000)]
  0x0000020b44d0a570 JavaThread "File lock request listener" [_thread_in_native, id=21324, stack(0x000000e00ed00000,0x000000e00ee00000)]
  0x0000020b44d0af10 JavaThread "Cache worker for file hash cache (C:\Users\jupi0\.gradle\caches\8.0\fileHashes)" [_thread_blocked, id=27288, stack(0x000000e00ee00000,0x000000e00ef00000)]
  0x0000020b44d04a00 JavaThread "File watcher server" daemon [_thread_in_native, id=3572, stack(0x000000e00f000000,0x000000e00f100000)]
  0x0000020b44d0b8b0 JavaThread "File watcher consumer" daemon [_thread_blocked, id=16252, stack(0x000000e00f100000,0x000000e00f200000)]
  0x0000020b44d06bb0 JavaThread "Cache worker for checksums cache (C:\Users\jupi0\AndroidStudioProjects\Capstone_2\.gradle\8.0\checksums)" [_thread_blocked, id=18984, stack(0x000000e00f200000,0x000000e00f300000)]
  0x0000020b44d09700 JavaThread "Cache worker for cache directory md-rule (C:\Users\jupi0\.gradle\caches\8.0\md-rule)" [_thread_blocked, id=14172, stack(0x000000e00f300000,0x000000e00f400000)]
  0x0000020b44d09bd0 JavaThread "Cache worker for file content cache (C:\Users\jupi0\.gradle\caches\8.0\fileContent)" [_thread_blocked, id=26924, stack(0x000000e00f400000,0x000000e00f500000)]
  0x0000020b44d08d60 JavaThread "Cache worker for file hash cache (C:\Users\jupi0\AndroidStudioProjects\Capstone_2\.gradle\8.0\fileHashes)" [_thread_blocked, id=15824, stack(0x000000e00f500000,0x000000e00f600000)]
  0x0000020b44d0b3e0 JavaThread "Cache worker for cache directory md-supplier (C:\Users\jupi0\.gradle\caches\8.0\md-supplier)" [_thread_blocked, id=10528, stack(0x000000e00f600000,0x000000e00f700000)]
  0x0000020b44d04ed0 JavaThread "Cache worker for execution history cache (C:\Users\jupi0\.gradle\caches\8.0\executionHistory)" [_thread_blocked, id=12692, stack(0x000000e00f700000,0x000000e00f800000)]
  0x0000020b44d04060 JavaThread "jar transforms" [_thread_blocked, id=28180, stack(0x000000e00f800000,0x000000e00f900000)]
  0x0000020b44d04530 JavaThread "jar transforms Thread 2" [_thread_blocked, id=14508, stack(0x000000e00f900000,0x000000e00fa00000)]
  0x0000020b44d066e0 JavaThread "jar transforms Thread 3" [_thread_blocked, id=29060, stack(0x000000e00fb00000,0x000000e00fc00000)]
  0x0000020b44d07a20 JavaThread "jar transforms Thread 4" [_thread_blocked, id=1168, stack(0x000000e00fc00000,0x000000e00fd00000)]
  0x0000020b44d07ef0 JavaThread "Cache worker for dependencies-accessors (C:\Users\jupi0\AndroidStudioProjects\Capstone_2\.gradle\8.0\dependencies-accessors)" [_thread_blocked, id=4328, stack(0x000000e00fd00000,0x000000e00fe00000)]
  0x0000020b44d083c0 JavaThread "jar transforms Thread 5" [_thread_blocked, id=22852, stack(0x000000e00fe00000,0x000000e00ff00000)]
  0x0000020b44d09230 JavaThread "Cache worker for Build Output Cleanup Cache (C:\Users\jupi0\AndroidStudioProjects\Capstone_2\.gradle\buildOutputCleanup)" [_thread_blocked, id=3084, stack(0x000000e00ff00000,0x000000e010000000)]
  0x0000020b4377d210 JavaThread "Unconstrained build operations" [_thread_blocked, id=972, stack(0x000000e010000000,0x000000e010100000)]
  0x0000020b43780230 JavaThread "Unconstrained build operations Thread 2" [_thread_blocked, id=5404, stack(0x000000e010100000,0x000000e010200000)]
  0x0000020b4377e080 JavaThread "Unconstrained build operations Thread 3" [_thread_blocked, id=20864, stack(0x000000e010200000,0x000000e010300000)]
  0x0000020b4377f3c0 JavaThread "Unconstrained build operations Thread 4" [_thread_blocked, id=22044, stack(0x000000e010300000,0x000000e010400000)]
  0x0000020b437828b0 JavaThread "Unconstrained build operations Thread 5" [_thread_blocked, id=23660, stack(0x000000e010400000,0x000000e010500000)]
  0x0000020b4377cd40 JavaThread "Unconstrained build operations Thread 6" [_thread_blocked, id=18024, stack(0x000000e010500000,0x000000e010600000)]
  0x0000020b4377e550 JavaThread "Unconstrained build operations Thread 7" [_thread_blocked, id=23244, stack(0x000000e010600000,0x000000e010700000)]
  0x0000020b43781a40 JavaThread "Unconstrained build operations Thread 8" [_thread_blocked, id=15412, stack(0x000000e010700000,0x000000e010800000)]
  0x0000020b4377d6e0 JavaThread "Unconstrained build operations Thread 9" [_thread_blocked, id=15408, stack(0x000000e010800000,0x000000e010900000)]
  0x0000020b43781f10 JavaThread "Unconstrained build operations Thread 10" [_thread_blocked, id=24348, stack(0x000000e010900000,0x000000e010a00000)]
  0x0000020b4377f890 JavaThread "Unconstrained build operations Thread 11" [_thread_blocked, id=22484, stack(0x000000e010a00000,0x000000e010b00000)]
  0x0000020b43780700 JavaThread "Unconstrained build operations Thread 12" [_thread_blocked, id=22296, stack(0x000000e010b00000,0x000000e010c00000)]
  0x0000020b4377fd60 JavaThread "Unconstrained build operations Thread 13" [_thread_blocked, id=29416, stack(0x000000e010c00000,0x000000e010d00000)]
  0x0000020b43780bd0 JavaThread "Unconstrained build operations Thread 14" [_thread_blocked, id=27948, stack(0x000000e010d00000,0x000000e010e00000)]
  0x0000020b437823e0 JavaThread "Unconstrained build operations Thread 15" [_thread_blocked, id=11856, stack(0x000000e010e00000,0x000000e010f00000)]
  0x0000020b437810a0 JavaThread "Unconstrained build operations Thread 16" [_thread_blocked, id=22600, stack(0x000000e010f00000,0x000000e011000000)]
  0x0000020b43781570 JavaThread "Unconstrained build operations Thread 17" [_thread_blocked, id=7216, stack(0x000000e011000000,0x000000e011100000)]
  0x0000020b4377bed0 JavaThread "Unconstrained build operations Thread 18" [_thread_blocked, id=21760, stack(0x000000e011100000,0x000000e011200000)]
  0x0000020b4377b530 JavaThread "Unconstrained build operations Thread 19" [_thread_blocked, id=4036, stack(0x000000e011200000,0x000000e011300000)]
  0x0000020b4377ba00 JavaThread "Unconstrained build operations Thread 20" [_thread_blocked, id=22036, stack(0x000000e011300000,0x000000e011400000)]
  0x0000020b4377c870 JavaThread "Unconstrained build operations Thread 21" [_thread_blocked, id=15204, stack(0x000000e011400000,0x000000e011500000)]
  0x0000020b4377b060 JavaThread "Unconstrained build operations Thread 22" [_thread_blocked, id=14840, stack(0x000000e011500000,0x000000e011600000)]
  0x0000020b4377c3a0 JavaThread "Unconstrained build operations Thread 23" [_thread_blocked, id=4380, stack(0x000000e011600000,0x000000e011700000)]
  0x0000020b4377dbb0 JavaThread "Unconstrained build operations Thread 24" [_thread_blocked, id=19020, stack(0x000000e011700000,0x000000e011800000)]
  0x0000020b4377ea20 JavaThread "Unconstrained build operations Thread 25" [_thread_blocked, id=24836, stack(0x000000e011800000,0x000000e011900000)]
  0x0000020b4377eef0 JavaThread "Unconstrained build operations Thread 26" [_thread_blocked, id=16924, stack(0x000000e011900000,0x000000e011a00000)]
  0x0000020b47085ba0 JavaThread "Unconstrained build operations Thread 27" [_thread_blocked, id=10896, stack(0x000000e011a00000,0x000000e011b00000)]
  0x0000020b47086070 JavaThread "Unconstrained build operations Thread 28" [_thread_blocked, id=16296, stack(0x000000e011b00000,0x000000e011c00000)]
  0x0000020b47080500 JavaThread "Unconstrained build operations Thread 29" [_thread_blocked, id=308, stack(0x000000e011c00000,0x000000e011d00000)]
  0x0000020b47080ea0 JavaThread "Unconstrained build operations Thread 30" [_thread_blocked, id=172, stack(0x000000e011d00000,0x000000e011e00000)]
  0x0000020b47086a10 JavaThread "Unconstrained build operations Thread 31" [_thread_blocked, id=7564, stack(0x000000e011e00000,0x000000e011f00000)]
  0x0000020b470839f0 JavaThread "Unconstrained build operations Thread 32" [_thread_blocked, id=23316, stack(0x000000e011f00000,0x000000e012000000)]
  0x0000020b47083ec0 JavaThread "Unconstrained build operations Thread 33" [_thread_blocked, id=7520, stack(0x000000e012000000,0x000000e012100000)]
  0x0000020b47086ee0 JavaThread "Unconstrained build operations Thread 34" [_thread_blocked, id=17712, stack(0x000000e012100000,0x000000e012200000)]
  0x0000020b470873b0 JavaThread "Unconstrained build operations Thread 35" [_thread_blocked, id=6136, stack(0x000000e012200000,0x000000e012300000)]
  0x0000020b47084390 JavaThread "Unconstrained build operations Thread 36" [_thread_blocked, id=2772, stack(0x000000e012300000,0x000000e012400000)]
  0x0000020b47081370 JavaThread "Unconstrained build operations Thread 37" [_thread_blocked, id=20036, stack(0x000000e012400000,0x000000e012500000)]
  0x0000020b47084d30 JavaThread "Unconstrained build operations Thread 38" [_thread_blocked, id=24144, stack(0x000000e012500000,0x000000e012600000)]
  0x0000020b47084860 JavaThread "Unconstrained build operations Thread 39" [_thread_blocked, id=10436, stack(0x000000e012600000,0x000000e012700000)]
  0x0000020b47086540 JavaThread "Unconstrained build operations Thread 40" [_thread_blocked, id=9252, stack(0x000000e012700000,0x000000e012800000)]
  0x0000020b47083050 JavaThread "Unconstrained build operations Thread 41" [_thread_blocked, id=18188, stack(0x000000e012800000,0x000000e012900000)]
  0x0000020b470821e0 JavaThread "Unconstrained build operations Thread 42" [_thread_blocked, id=15848, stack(0x000000e012900000,0x000000e012a00000)]
  0x0000020b47087880 JavaThread "Unconstrained build operations Thread 43" [_thread_blocked, id=6328, stack(0x000000e012a00000,0x000000e012b00000)]
  0x0000020b47085200 JavaThread "Unconstrained build operations Thread 44" [_thread_blocked, id=13724, stack(0x000000e012b00000,0x000000e012c00000)]
  0x0000020b470809d0 JavaThread "Unconstrained build operations Thread 45" [_thread_blocked, id=19512, stack(0x000000e012c00000,0x000000e012d00000)]
  0x0000020b470856d0 JavaThread "Unconstrained build operations Thread 46" [_thread_blocked, id=3196, stack(0x000000e012d00000,0x000000e012e00000)]
  0x0000020b47080030 JavaThread "Unconstrained build operations Thread 47" [_thread_blocked, id=14484, stack(0x000000e012e00000,0x000000e012f00000)]
  0x0000020b470826b0 JavaThread "Unconstrained build operations Thread 48" [_thread_blocked, id=7508, stack(0x000000e012f00000,0x000000e013000000)]
  0x0000020b47081840 JavaThread "Unconstrained build operations Thread 49" [_thread_blocked, id=26984, stack(0x000000e013000000,0x000000e013100000)]
  0x0000020b47081d10 JavaThread "Unconstrained build operations Thread 50" [_thread_blocked, id=21900, stack(0x000000e013100000,0x000000e013200000)]
  0x0000020b47082b80 JavaThread "Unconstrained build operations Thread 51" [_thread_blocked, id=23388, stack(0x000000e013200000,0x000000e013300000)]
  0x0000020b47083520 JavaThread "Unconstrained build operations Thread 52" [_thread_blocked, id=19320, stack(0x000000e013300000,0x000000e013400000)]
  0x0000020b45d3ace0 JavaThread "Unconstrained build operations Thread 53" [_thread_blocked, id=25016, stack(0x000000e013400000,0x000000e013500000)]
  0x0000020b45d3a810 JavaThread "Unconstrained build operations Thread 54" [_thread_blocked, id=20056, stack(0x000000e013500000,0x000000e013600000)]
  0x0000020b45d39000 JavaThread "Unconstrained build operations Thread 55" [_thread_blocked, id=7732, stack(0x000000e013600000,0x000000e013700000)]
  0x0000020b45d3b1b0 JavaThread "Unconstrained build operations Thread 56" [_thread_blocked, id=27464, stack(0x000000e013700000,0x000000e013800000)]
  0x0000020b45d39e70 JavaThread "Unconstrained build operations Thread 57" [_thread_blocked, id=29596, stack(0x000000e013800000,0x000000e013900000)]
  0x0000020b45d394d0 JavaThread "Unconstrained build operations Thread 58" [_thread_blocked, id=28040, stack(0x000000e013900000,0x000000e013a00000)]
  0x0000020b45d3b680 JavaThread "Unconstrained build operations Thread 59" [_thread_blocked, id=27548, stack(0x000000e013a00000,0x000000e013b00000)]
  0x0000020b45d3bb50 JavaThread "Unconstrained build operations Thread 60" [_thread_blocked, id=15084, stack(0x000000e013b00000,0x000000e013c00000)]
  0x0000020b45d3a340 JavaThread "Unconstrained build operations Thread 61" [_thread_blocked, id=14712, stack(0x000000e013c00000,0x000000e013d00000)]
  0x0000020b45d3c020 JavaThread "Unconstrained build operations Thread 62" [_thread_blocked, id=18668, stack(0x000000e013d00000,0x000000e013e00000)]
  0x0000020b45d3c4f0 JavaThread "Unconstrained build operations Thread 63" [_thread_blocked, id=25460, stack(0x000000e013e00000,0x000000e013f00000)]
  0x0000020b45d3c9c0 JavaThread "Unconstrained build operations Thread 64" [_thread_blocked, id=20928, stack(0x000000e013f00000,0x000000e014000000)]
  0x0000020b45d399a0 JavaThread "Unconstrained build operations Thread 65" [_thread_blocked, id=15632, stack(0x000000e014000000,0x000000e014100000)]
  0x0000020b47e741a0 JavaThread "Unconstrained build operations Thread 66" [_thread_blocked, id=18112, stack(0x000000e014100000,0x000000e014200000)]
  0x0000020b47e724c0 JavaThread "Unconstrained build operations Thread 67" [_thread_blocked, id=10712, stack(0x000000e014200000,0x000000e014300000)]
  0x0000020b47e6e160 JavaThread "Unconstrained build operations Thread 68" [_thread_blocked, id=4064, stack(0x000000e014300000,0x000000e014400000)]
  0x0000020b47e74670 JavaThread "Unconstrained build operations Thread 69" [_thread_blocked, id=7180, stack(0x000000e014400000,0x000000e014500000)]
  0x0000020b47e6f970 JavaThread "Unconstrained build operations Thread 70" [_thread_blocked, id=15024, stack(0x000000e014500000,0x000000e014600000)]
  0x0000020b47e71ff0 JavaThread "Unconstrained build operations Thread 71" [_thread_blocked, id=12464, stack(0x000000e014600000,0x000000e014700000)]
  0x0000020b47e707e0 JavaThread "Unconstrained build operations Thread 72" [_thread_blocked, id=17544, stack(0x000000e014700000,0x000000e014800000)]
  0x0000020b47e73cd0 JavaThread "Unconstrained build operations Thread 73" [_thread_blocked, id=19612, stack(0x000000e014800000,0x000000e014900000)]
  0x0000020b47e74b40 JavaThread "Unconstrained build operations Thread 74" [_thread_blocked, id=17404, stack(0x000000e014900000,0x000000e014a00000)]
  0x0000020b47e71650 JavaThread "Unconstrained build operations Thread 75" [_thread_blocked, id=27072, stack(0x000000e014a00000,0x000000e014b00000)]
  0x0000020b47e6eb00 JavaThread "Unconstrained build operations Thread 76" [_thread_blocked, id=6292, stack(0x000000e014b00000,0x000000e014c00000)]
  0x0000020b47e73330 JavaThread "Unconstrained build operations Thread 77" [_thread_blocked, id=17800, stack(0x000000e014c00000,0x000000e014d00000)]
  0x0000020b47e6fe40 JavaThread "Unconstrained build operations Thread 78" [_thread_blocked, id=14144, stack(0x000000e014d00000,0x000000e014e00000)]
  0x0000020b47e71b20 JavaThread "Unconstrained build operations Thread 79" [_thread_blocked, id=19232, stack(0x000000e014e00000,0x000000e014f00000)]
  0x0000020b47e73800 JavaThread "Unconstrained build operations Thread 80" [_thread_blocked, id=28452, stack(0x000000e014f00000,0x000000e015000000)]
  0x0000020b47e6efd0 JavaThread "jar transforms Thread 6" [_thread_blocked, id=21716, stack(0x000000e015000000,0x000000e015100000)]
  0x0000020b47e72990 JavaThread "jar transforms Thread 7" [_thread_blocked, id=25232, stack(0x000000e015100000,0x000000e015200000)]
  0x0000020b47e72e60 JavaThread "jar transforms Thread 8" [_thread_blocked, id=4192, stack(0x000000e015200000,0x000000e015300000)]
  0x0000020b47e75010 JavaThread "build event listener" [_thread_blocked, id=24148, stack(0x000000e015300000,0x000000e015400000)]
  0x0000020b47e6d7c0 JavaThread "Memory manager" [_thread_blocked, id=12296, stack(0x000000e015400000,0x000000e015500000)]
=>0x0000020b45eeb320 JavaThread "C2 CompilerThread2" daemon [_thread_in_native, id=19956, stack(0x000000e00ef00000,0x000000e00f000000)]
  0x0000020b43181810 JavaThread "included builds" [_thread_blocked, id=10300, stack(0x000000e015500000,0x000000e015600000)]
  0x0000020b4317cb10 JavaThread "Execution worker" [_thread_blocked, id=9556, stack(0x000000e015600000,0x000000e015700000)]
  0x0000020b43181ce0 JavaThread "Execution worker Thread 2" [_thread_blocked, id=21120, stack(0x000000e015700000,0x000000e015800000)]
  0x0000020b431821b0 JavaThread "Execution worker Thread 3" [_thread_in_Java, id=23636, stack(0x000000e015800000,0x000000e015900000)]
  0x0000020b4317ae30 JavaThread "Execution worker Thread 4" [_thread_blocked, id=13908, stack(0x000000e015900000,0x000000e015a00000)]
  0x0000020b4317b300 JavaThread "Execution worker Thread 5" [_thread_blocked, id=23724, stack(0x000000e015a00000,0x000000e015b00000)]
  0x0000020b4317d4b0 JavaThread "Execution worker Thread 6" [_thread_blocked, id=17088, stack(0x000000e015b00000,0x000000e015c00000)]
  0x0000020b431804d0 JavaThread "Execution worker Thread 7" [_thread_blocked, id=7496, stack(0x000000e015c00000,0x000000e015d00000)]
  0x0000020b4317f660 JavaThread "Cache worker for execution history cache (C:\Users\jupi0\AndroidStudioProjects\Capstone_2\.gradle\8.0\executionHistory)" [_thread_blocked, id=10244, stack(0x000000e015d00000,0x000000e015e00000)]

Other Threads:
  0x0000020b41392c60 VMThread "VM Thread" [stack: 0x000000e00cc00000,0x000000e00cd00000] [id=25096]
  0x0000020b41dfe010 WatcherThread [stack: 0x000000e00d800000,0x000000e00d900000] [id=25284]
  0x0000020b2757a3f0 GCTaskThread "GC Thread#0" [stack: 0x000000e00c700000,0x000000e00c800000] [id=23892]
  0x0000020b426b8d30 GCTaskThread "GC Thread#1" [stack: 0x000000e00db00000,0x000000e00dc00000] [id=26848]
  0x0000020b42709f80 GCTaskThread "GC Thread#2" [stack: 0x000000e00dc00000,0x000000e00dd00000] [id=6440]
  0x0000020b426e3f30 GCTaskThread "GC Thread#3" [stack: 0x000000e00dd00000,0x000000e00de00000] [id=13144]
  0x0000020b434e5eb0 GCTaskThread "GC Thread#4" [stack: 0x000000e00de00000,0x000000e00df00000] [id=7316]
  0x0000020b44d0c020 GCTaskThread "GC Thread#5" [stack: 0x000000e00e800000,0x000000e00e900000] [id=27496]
  0x0000020b44ba0550 GCTaskThread "GC Thread#6" [stack: 0x000000e00e900000,0x000000e00ea00000] [id=4304]
  0x0000020b444ddb10 GCTaskThread "GC Thread#7" [stack: 0x000000e00ea00000,0x000000e00eb00000] [id=19060]
  0x0000020b2758b240 ConcurrentGCThread "G1 Main Marker" [stack: 0x000000e00c800000,0x000000e00c900000] [id=24264]
  0x0000020b2758c300 ConcurrentGCThread "G1 Conc#0" [stack: 0x000000e00c900000,0x000000e00ca00000] [id=24416]
  0x0000020b44c36840 ConcurrentGCThread "G1 Conc#1" [stack: 0x000000e00eb00000,0x000000e00ec00000] [id=12792]
  0x0000020b411e80e0 ConcurrentGCThread "G1 Refine#0" [stack: 0x000000e00ca00000,0x000000e00cb00000] [id=21588]
  0x0000020b451ef4b0 ConcurrentGCThread "G1 Refine#1" [stack: 0x000000e00fa00000,0x000000e00fb00000] [id=7108]
  0x0000020b411e8a10 ConcurrentGCThread "G1 Service" [stack: 0x000000e00cb00000,0x000000e00cc00000] [id=21856]

Threads with active compile tasks:
C2 CompilerThread0    14226 10203   !   4       java.nio.file.FileTreeWalker::next (144 bytes)
C1 CompilerThread0    14227 10327       3       com.google.common.base.Strings::nullToEmpty (5 bytes)
C2 CompilerThread1    14227 10201   !   4       java.nio.file.FileTreeWalker::visit (204 bytes)
C2 CompilerThread2    14227 10110       4       java.lang.reflect.Constructor::newInstanceWithCaller (75 bytes)

VM state: not at safepoint (normal execution)

VM Mutex/Monitor currently owned by a thread: None

Heap address: 0x0000000080000000, size: 2048 MB, Compressed Oops mode: 32-bit

CDS archive(s) not mapped
Compressed class space mapped at: 0x0000000100000000-0x0000000140000000, reserved size: 1073741824
Narrow klass base: 0x0000000000000000, Narrow klass shift: 3, Narrow klass range: 0x140000000

GC Precious Log:
 CPUs: 8 total, 8 available
 Memory: 8084M
 Large Page Support: Disabled
 NUMA Support: Disabled
 Compressed Oops: Enabled (32-bit)
 Heap Region Size: 1M
 Heap Min Capacity: 8M
 Heap Initial Capacity: 128M
 Heap Max Capacity: 2G
 Pre-touch: Disabled
 Parallel Workers: 8
 Concurrent Workers: 2
 Concurrent Refinement Workers: 8
 Periodic GC: Disabled

Heap:
 garbage-first heap   total 181248K, used 93425K [0x0000000080000000, 0x0000000100000000)
  region size 1024K, 18 young (18432K), 5 survivors (5120K)
 Metaspace       used 85277K, committed 85824K, reserved 1130496K
  class space    used 11709K, committed 11968K, reserved 1048576K

Heap Regions: E=young(eden), S=young(survivor), O=old, HS=humongous(starts), HC=humongous(continues), CS=collection set, F=free, OA=open archive, CA=closed archive, TAMS=top-at-mark-start (previous, next)
|   0|0x0000000080000000, 0x0000000080100000, 0x0000000080100000|100%|HS|  |TAMS 0x0000000080100000, 0x0000000080000000| Complete 
|   1|0x0000000080100000, 0x0000000080200000, 0x0000000080200000|100%|HC|  |TAMS 0x0000000080200000, 0x0000000080100000| Complete 
|   2|0x0000000080200000, 0x0000000080300000, 0x0000000080300000|100%|HC|  |TAMS 0x0000000080300000, 0x0000000080200000| Complete 
|   3|0x0000000080300000, 0x0000000080400000, 0x0000000080400000|100%|HC|  |TAMS 0x0000000080400000, 0x0000000080300000| Complete 
|   4|0x0000000080400000, 0x0000000080500000, 0x0000000080500000|100%| O|  |TAMS 0x0000000080500000, 0x0000000080400000| Untracked 
|   5|0x0000000080500000, 0x0000000080600000, 0x0000000080600000|100%| O|  |TAMS 0x0000000080600000, 0x0000000080500000| Untracked 
|   6|0x0000000080600000, 0x0000000080700000, 0x0000000080700000|100%| O|  |TAMS 0x0000000080700000, 0x0000000080600000| Untracked 
|   7|0x0000000080700000, 0x0000000080800000, 0x0000000080800000|100%| O|  |TAMS 0x0000000080800000, 0x0000000080700000| Untracked 
|   8|0x0000000080800000, 0x0000000080900000, 0x0000000080900000|100%| O|  |TAMS 0x0000000080900000, 0x0000000080800000| Untracked 
|   9|0x0000000080900000, 0x0000000080a00000, 0x0000000080a00000|100%| O|  |TAMS 0x0000000080a00000, 0x0000000080900000| Untracked 
|  10|0x0000000080a00000, 0x0000000080b00000, 0x0000000080b00000|100%| O|  |TAMS 0x0000000080b00000, 0x0000000080a00000| Untracked 
|  11|0x0000000080b00000, 0x0000000080b4e000, 0x0000000080c00000| 30%| O|  |TAMS 0x0000000080b4e000, 0x0000000080b00000| Complete 
|  12|0x0000000080c00000, 0x0000000080d00000, 0x0000000080d00000|100%| O|  |TAMS 0x0000000080d00000, 0x0000000080c00000| Untracked 
|  13|0x0000000080d00000, 0x0000000080e00000, 0x0000000080e00000|100%| O|  |TAMS 0x0000000080e00000, 0x0000000080d00000| Untracked 
|  14|0x0000000080e00000, 0x0000000080f00000, 0x0000000080f00000|100%| O|  |TAMS 0x0000000080f00000, 0x0000000080e00000| Untracked 
|  15|0x0000000080f00000, 0x0000000081000000, 0x0000000081000000|100%| O|  |TAMS 0x0000000081000000, 0x0000000080f00000| Untracked 
|  16|0x0000000081000000, 0x0000000081100000, 0x0000000081100000|100%| O|  |TAMS 0x0000000081100000, 0x0000000081000000| Untracked 
|  17|0x0000000081100000, 0x0000000081200000, 0x0000000081200000|100%| O|  |TAMS 0x0000000081200000, 0x0000000081100000| Untracked 
|  18|0x0000000081200000, 0x0000000081300000, 0x0000000081300000|100%| O|  |TAMS 0x0000000081300000, 0x0000000081200000| Untracked 
|  19|0x0000000081300000, 0x0000000081400000, 0x0000000081400000|100%| O|  |TAMS 0x0000000081400000, 0x0000000081300000| Untracked 
|  20|0x0000000081400000, 0x0000000081500000, 0x0000000081500000|100%| O|  |TAMS 0x0000000081500000, 0x0000000081400000| Untracked 
|  21|0x0000000081500000, 0x0000000081600000, 0x0000000081600000|100%| O|  |TAMS 0x0000000081600000, 0x0000000081500000| Untracked 
|  22|0x0000000081600000, 0x0000000081700000, 0x0000000081700000|100%| O|  |TAMS 0x0000000081700000, 0x0000000081600000| Untracked 
|  23|0x0000000081700000, 0x0000000081800000, 0x0000000081800000|100%| O|  |TAMS 0x0000000081800000, 0x0000000081700000| Untracked 
|  24|0x0000000081800000, 0x0000000081900000, 0x0000000081900000|100%| O|  |TAMS 0x0000000081900000, 0x0000000081800000| Untracked 
|  25|0x0000000081900000, 0x0000000081a00000, 0x0000000081a00000|100%| O|  |TAMS 0x0000000081a00000, 0x0000000081900000| Untracked 
|  26|0x0000000081a00000, 0x0000000081b00000, 0x0000000081b00000|100%| O|  |TAMS 0x0000000081b00000, 0x0000000081a00000| Untracked 
|  27|0x0000000081b00000, 0x0000000081c00000, 0x0000000081c00000|100%| O|  |TAMS 0x0000000081c00000, 0x0000000081b00000| Untracked 
|  28|0x0000000081c00000, 0x0000000081d00000, 0x0000000081d00000|100%| O|  |TAMS 0x0000000081d00000, 0x0000000081c00000| Untracked 
|  29|0x0000000081d00000, 0x0000000081e00000, 0x0000000081e00000|100%| O|  |TAMS 0x0000000081e00000, 0x0000000081d00000| Untracked 
|  30|0x0000000081e00000, 0x0000000081f00000, 0x0000000081f00000|100%|HS|  |TAMS 0x0000000081f00000, 0x0000000081e00000| Complete 
|  31|0x0000000081f00000, 0x0000000082000000, 0x0000000082000000|100%| O|  |TAMS 0x0000000082000000, 0x0000000081f00000| Untracked 
|  32|0x0000000082000000, 0x0000000082100000, 0x0000000082100000|100%| O|  |TAMS 0x0000000082100000, 0x0000000082000000| Untracked 
|  33|0x0000000082100000, 0x0000000082200000, 0x0000000082200000|100%|HS|  |TAMS 0x0000000082200000, 0x0000000082100000| Complete 
|  34|0x0000000082200000, 0x0000000082300000, 0x0000000082300000|100%|HS|  |TAMS 0x0000000082300000, 0x0000000082200000| Complete 
|  35|0x0000000082300000, 0x0000000082400000, 0x0000000082400000|100%| O|  |TAMS 0x0000000082400000, 0x0000000082300000| Untracked 
|  36|0x0000000082400000, 0x0000000082500000, 0x0000000082500000|100%| O|  |TAMS 0x0000000082500000, 0x0000000082400000| Untracked 
|  37|0x0000000082500000, 0x0000000082600000, 0x0000000082600000|100%| O|  |TAMS 0x0000000082600000, 0x0000000082500000| Untracked 
|  38|0x0000000082600000, 0x0000000082700000, 0x0000000082700000|100%| O|  |TAMS 0x0000000082700000, 0x0000000082600000| Untracked 
|  39|0x0000000082700000, 0x0000000082800000, 0x0000000082800000|100%| O|  |TAMS 0x0000000082800000, 0x0000000082700000| Untracked 
|  40|0x0000000082800000, 0x0000000082900000, 0x0000000082900000|100%| O|  |TAMS 0x0000000082900000, 0x0000000082800000| Untracked 
|  41|0x0000000082900000, 0x0000000082a00000, 0x0000000082a00000|100%| O|  |TAMS 0x0000000082a00000, 0x0000000082900000| Untracked 
|  42|0x0000000082a00000, 0x0000000082b00000, 0x0000000082b00000|100%| O|  |TAMS 0x0000000082b00000, 0x0000000082a00000| Untracked 
|  43|0x0000000082b00000, 0x0000000082c00000, 0x0000000082c00000|100%| O|  |TAMS 0x0000000082c00000, 0x0000000082b00000| Untracked 
|  44|0x0000000082c00000, 0x0000000082d00000, 0x0000000082d00000|100%| O|  |TAMS 0x0000000082d00000, 0x0000000082c00000| Untracked 
|  45|0x0000000082d00000, 0x0000000082e00000, 0x0000000082e00000|100%| O|  |TAMS 0x0000000082e00000, 0x0000000082d00000| Untracked 
|  46|0x0000000082e00000, 0x0000000082f00000, 0x0000000082f00000|100%| O|  |TAMS 0x0000000082f00000, 0x0000000082e00000| Untracked 
|  47|0x0000000082f00000, 0x0000000083000000, 0x0000000083000000|100%| O|  |TAMS 0x0000000083000000, 0x0000000082f00000| Untracked 
|  48|0x0000000083000000, 0x0000000083100000, 0x0000000083100000|100%| O|  |TAMS 0x0000000083100000, 0x0000000083000000| Untracked 
|  49|0x0000000083100000, 0x0000000083200000, 0x0000000083200000|100%| O|  |TAMS 0x0000000083200000, 0x0000000083100000| Untracked 
|  50|0x0000000083200000, 0x0000000083300000, 0x0000000083300000|100%| O|  |TAMS 0x0000000083300000, 0x0000000083200000| Untracked 
|  51|0x0000000083300000, 0x0000000083400000, 0x0000000083400000|100%| O|  |TAMS 0x0000000083400000, 0x0000000083300000| Untracked 
|  52|0x0000000083400000, 0x0000000083500000, 0x0000000083500000|100%| O|  |TAMS 0x0000000083500000, 0x0000000083400000| Untracked 
|  53|0x0000000083500000, 0x0000000083600000, 0x0000000083600000|100%| O|  |TAMS 0x0000000083600000, 0x0000000083500000| Untracked 
|  54|0x0000000083600000, 0x0000000083700000, 0x0000000083700000|100%| O|  |TAMS 0x0000000083700000, 0x0000000083600000| Untracked 
|  55|0x0000000083700000, 0x0000000083800000, 0x0000000083800000|100%| O|  |TAMS 0x0000000083800000, 0x0000000083700000| Untracked 
|  56|0x0000000083800000, 0x0000000083900000, 0x0000000083900000|100%| O|  |TAMS 0x0000000083900000, 0x0000000083800000| Untracked 
|  57|0x0000000083900000, 0x0000000083a00000, 0x0000000083a00000|100%| O|  |TAMS 0x0000000083a00000, 0x0000000083900000| Untracked 
|  58|0x0000000083a00000, 0x0000000083b00000, 0x0000000083b00000|100%| O|  |TAMS 0x0000000083b00000, 0x0000000083a00000| Untracked 
|  59|0x0000000083b00000, 0x0000000083c00000, 0x0000000083c00000|100%| O|  |TAMS 0x0000000083c00000, 0x0000000083b00000| Untracked 
|  60|0x0000000083c00000, 0x0000000083d00000, 0x0000000083d00000|100%| O|  |TAMS 0x0000000083d00000, 0x0000000083c00000| Untracked 
|  61|0x0000000083d00000, 0x0000000083e00000, 0x0000000083e00000|100%| O|  |TAMS 0x0000000083e00000, 0x0000000083d00000| Untracked 
|  62|0x0000000083e00000, 0x0000000083f00000, 0x0000000083f00000|100%| O|  |TAMS 0x0000000083f00000, 0x0000000083e00000| Untracked 
|  63|0x0000000083f00000, 0x0000000084000000, 0x0000000084000000|100%| O|  |TAMS 0x0000000084000000, 0x0000000083f00000| Untracked 
|  64|0x0000000084000000, 0x0000000084100000, 0x0000000084100000|100%| O|  |TAMS 0x0000000084100000, 0x0000000084000000| Untracked 
|  65|0x0000000084100000, 0x0000000084200000, 0x0000000084200000|100%| O|  |TAMS 0x0000000084200000, 0x0000000084100000| Untracked 
|  66|0x0000000084200000, 0x0000000084300000, 0x0000000084300000|100%| O|  |TAMS 0x0000000084300000, 0x0000000084200000| Untracked 
|  67|0x0000000084300000, 0x0000000084400000, 0x0000000084400000|100%| O|  |TAMS 0x0000000084400000, 0x0000000084300000| Untracked 
|  68|0x0000000084400000, 0x0000000084500000, 0x0000000084500000|100%| O|  |TAMS 0x0000000084500000, 0x0000000084400000| Untracked 
|  69|0x0000000084500000, 0x0000000084600000, 0x0000000084600000|100%| O|  |TAMS 0x0000000084600000, 0x0000000084500000| Untracked 
|  70|0x0000000084600000, 0x0000000084700000, 0x0000000084700000|100%| O|  |TAMS 0x0000000084700000, 0x0000000084600000| Untracked 
|  71|0x0000000084700000, 0x0000000084800000, 0x0000000084800000|100%| O|  |TAMS 0x0000000084800000, 0x0000000084700000| Untracked 
|  72|0x0000000084800000, 0x0000000084900000, 0x0000000084900000|100%| O|  |TAMS 0x0000000084900000, 0x0000000084800000| Untracked 
|  73|0x0000000084900000, 0x0000000084a00000, 0x0000000084a00000|100%| O|  |TAMS 0x0000000084a00000, 0x0000000084900000| Untracked 
|  74|0x0000000084a00000, 0x0000000084b00000, 0x0000000084b00000|100%| O|  |TAMS 0x0000000084b00000, 0x0000000084a00000| Untracked 
|  75|0x0000000084b00000, 0x0000000084c00000, 0x0000000084c00000|100%| O|  |TAMS 0x0000000084c00000, 0x0000000084b00000| Untracked 
|  76|0x0000000084c00000, 0x0000000084c24400, 0x0000000084d00000| 14%| O|  |TAMS 0x0000000084c24400, 0x0000000084c00000| Untracked 
|  77|0x0000000084d00000, 0x0000000084d00000, 0x0000000084e00000|  0%| F|  |TAMS 0x0000000084d00000, 0x0000000084d00000| Untracked 
|  78|0x0000000084e00000, 0x0000000084e00000, 0x0000000084f00000|  0%| F|  |TAMS 0x0000000084e00000, 0x0000000084e00000| Untracked 
|  79|0x0000000084f00000, 0x0000000084f00000, 0x0000000085000000|  0%| F|  |TAMS 0x0000000084f00000, 0x0000000084f00000| Untracked 
|  80|0x0000000085000000, 0x0000000085000000, 0x0000000085100000|  0%| F|  |TAMS 0x0000000085000000, 0x0000000085000000| Untracked 
|  81|0x0000000085100000, 0x0000000085100000, 0x0000000085200000|  0%| F|  |TAMS 0x0000000085100000, 0x0000000085100000| Untracked 
|  82|0x0000000085200000, 0x0000000085200000, 0x0000000085300000|  0%| F|  |TAMS 0x0000000085200000, 0x0000000085200000| Untracked 
|  83|0x0000000085300000, 0x0000000085300000, 0x0000000085400000|  0%| F|  |TAMS 0x0000000085300000, 0x0000000085300000| Untracked 
|  84|0x0000000085400000, 0x0000000085400000, 0x0000000085500000|  0%| F|  |TAMS 0x0000000085400000, 0x0000000085400000| Untracked 
|  85|0x0000000085500000, 0x0000000085500000, 0x0000000085600000|  0%| F|  |TAMS 0x0000000085500000, 0x0000000085500000| Untracked 
|  86|0x0000000085600000, 0x0000000085600000, 0x0000000085700000|  0%| F|  |TAMS 0x0000000085600000, 0x0000000085600000| Untracked 
|  87|0x0000000085700000, 0x0000000085700000, 0x0000000085800000|  0%| F|  |TAMS 0x0000000085700000, 0x0000000085700000| Untracked 
|  88|0x0000000085800000, 0x0000000085800000, 0x0000000085900000|  0%| F|  |TAMS 0x0000000085800000, 0x0000000085800000| Untracked 
|  89|0x0000000085900000, 0x0000000085900000, 0x0000000085a00000|  0%| F|  |TAMS 0x0000000085900000, 0x0000000085900000| Untracked 
|  90|0x0000000085a00000, 0x0000000085a00000, 0x0000000085b00000|  0%| F|  |TAMS 0x0000000085a00000, 0x0000000085a00000| Untracked 
|  91|0x0000000085b00000, 0x0000000085b00000, 0x0000000085c00000|  0%| F|  |TAMS 0x0000000085b00000, 0x0000000085b00000| Untracked 
|  92|0x0000000085c00000, 0x0000000085c00000, 0x0000000085d00000|  0%| F|  |TAMS 0x0000000085c00000, 0x0000000085c00000| Untracked 
|  93|0x0000000085d00000, 0x0000000085d00000, 0x0000000085e00000|  0%| F|  |TAMS 0x0000000085d00000, 0x0000000085d00000| Untracked 
|  94|0x0000000085e00000, 0x0000000085e00000, 0x0000000085f00000|  0%| F|  |TAMS 0x0000000085e00000, 0x0000000085e00000| Untracked 
|  95|0x0000000085f00000, 0x0000000085f00000, 0x0000000086000000|  0%| F|  |TAMS 0x0000000085f00000, 0x0000000085f00000| Untracked 
|  96|0x0000000086000000, 0x0000000086000000, 0x0000000086100000|  0%| F|  |TAMS 0x0000000086000000, 0x0000000086000000| Untracked 
|  97|0x0000000086100000, 0x0000000086100000, 0x0000000086200000|  0%| F|  |TAMS 0x0000000086100000, 0x0000000086100000| Untracked 
|  98|0x0000000086200000, 0x0000000086200000, 0x0000000086300000|  0%| F|  |TAMS 0x0000000086200000, 0x0000000086200000| Untracked 
|  99|0x0000000086300000, 0x00000000863ca100, 0x0000000086400000| 78%| S|CS|TAMS 0x0000000086300000, 0x0000000086300000| Complete 
| 100|0x0000000086400000, 0x0000000086500000, 0x0000000086500000|100%| S|CS|TAMS 0x0000000086400000, 0x0000000086400000| Complete 
| 101|0x0000000086500000, 0x0000000086600000, 0x0000000086600000|100%| S|CS|TAMS 0x0000000086500000, 0x0000000086500000| Complete 
| 102|0x0000000086600000, 0x0000000086700000, 0x0000000086700000|100%| S|CS|TAMS 0x0000000086600000, 0x0000000086600000| Complete 
| 103|0x0000000086700000, 0x0000000086800000, 0x0000000086800000|100%| S|CS|TAMS 0x0000000086700000, 0x0000000086700000| Complete 
| 104|0x0000000086800000, 0x0000000086800000, 0x0000000086900000|  0%| F|  |TAMS 0x0000000086800000, 0x0000000086800000| Untracked 
| 105|0x0000000086900000, 0x0000000086900000, 0x0000000086a00000|  0%| F|  |TAMS 0x0000000086900000, 0x0000000086900000| Untracked 
| 106|0x0000000086a00000, 0x0000000086a00000, 0x0000000086b00000|  0%| F|  |TAMS 0x0000000086a00000, 0x0000000086a00000| Untracked 
| 107|0x0000000086b00000, 0x0000000086b00000, 0x0000000086c00000|  0%| F|  |TAMS 0x0000000086b00000, 0x0000000086b00000| Untracked 
| 108|0x0000000086c00000, 0x0000000086c00000, 0x0000000086d00000|  0%| F|  |TAMS 0x0000000086c00000, 0x0000000086c00000| Untracked 
| 109|0x0000000086d00000, 0x0000000086d00000, 0x0000000086e00000|  0%| F|  |TAMS 0x0000000086d00000, 0x0000000086d00000| Untracked 
| 110|0x0000000086e00000, 0x0000000086e00000, 0x0000000086f00000|  0%| F|  |TAMS 0x0000000086e00000, 0x0000000086e00000| Untracked 
| 111|0x0000000086f00000, 0x0000000086f00000, 0x0000000087000000|  0%| F|  |TAMS 0x0000000086f00000, 0x0000000086f00000| Untracked 
| 112|0x0000000087000000, 0x0000000087000000, 0x0000000087100000|  0%| F|  |TAMS 0x0000000087000000, 0x0000000087000000| Untracked 
| 113|0x0000000087100000, 0x0000000087100000, 0x0000000087200000|  0%| F|  |TAMS 0x0000000087100000, 0x0000000087100000| Untracked 
| 114|0x0000000087200000, 0x0000000087200000, 0x0000000087300000|  0%| F|  |TAMS 0x0000000087200000, 0x0000000087200000| Untracked 
| 115|0x0000000087300000, 0x0000000087300000, 0x0000000087400000|  0%| F|  |TAMS 0x0000000087300000, 0x0000000087300000| Untracked 
| 116|0x0000000087400000, 0x0000000087400000, 0x0000000087500000|  0%| F|  |TAMS 0x0000000087400000, 0x0000000087400000| Untracked 
| 117|0x0000000087500000, 0x0000000087500000, 0x0000000087600000|  0%| F|  |TAMS 0x0000000087500000, 0x0000000087500000| Untracked 
| 118|0x0000000087600000, 0x0000000087600000, 0x0000000087700000|  0%| F|  |TAMS 0x0000000087600000, 0x0000000087600000| Untracked 
| 119|0x0000000087700000, 0x0000000087700000, 0x0000000087800000|  0%| F|  |TAMS 0x0000000087700000, 0x0000000087700000| Untracked 
| 120|0x0000000087800000, 0x0000000087800000, 0x0000000087900000|  0%| F|  |TAMS 0x0000000087800000, 0x0000000087800000| Untracked 
| 121|0x0000000087900000, 0x0000000087900000, 0x0000000087a00000|  0%| F|  |TAMS 0x0000000087900000, 0x0000000087900000| Untracked 
| 122|0x0000000087a00000, 0x0000000087a00000, 0x0000000087b00000|  0%| F|  |TAMS 0x0000000087a00000, 0x0000000087a00000| Untracked 
| 123|0x0000000087b00000, 0x0000000087b00000, 0x0000000087c00000|  0%| F|  |TAMS 0x0000000087b00000, 0x0000000087b00000| Untracked 
| 124|0x0000000087c00000, 0x0000000087c00000, 0x0000000087d00000|  0%| F|  |TAMS 0x0000000087c00000, 0x0000000087c00000| Untracked 
| 125|0x0000000087d00000, 0x0000000087d00000, 0x0000000087e00000|  0%| F|  |TAMS 0x0000000087d00000, 0x0000000087d00000| Untracked 
| 126|0x0000000087e00000, 0x0000000087e00000, 0x0000000087f00000|  0%| F|  |TAMS 0x0000000087e00000, 0x0000000087e00000| Untracked 
| 127|0x0000000087f00000, 0x0000000087f00000, 0x0000000088000000|  0%| F|  |TAMS 0x0000000087f00000, 0x0000000087f00000| Untracked 
| 128|0x0000000088000000, 0x0000000088000000, 0x0000000088100000|  0%| F|  |TAMS 0x0000000088000000, 0x0000000088000000| Untracked 
| 129|0x0000000088100000, 0x0000000088100000, 0x0000000088200000|  0%| F|  |TAMS 0x0000000088100000, 0x0000000088100000| Untracked 
| 130|0x0000000088200000, 0x0000000088200000, 0x0000000088300000|  0%| F|  |TAMS 0x0000000088200000, 0x0000000088200000| Untracked 
| 131|0x0000000088300000, 0x0000000088300000, 0x0000000088400000|  0%| F|  |TAMS 0x0000000088300000, 0x0000000088300000| Untracked 
| 132|0x0000000088400000, 0x0000000088400000, 0x0000000088500000|  0%| F|  |TAMS 0x0000000088400000, 0x0000000088400000| Untracked 
| 133|0x0000000088500000, 0x0000000088500000, 0x0000000088600000|  0%| F|  |TAMS 0x0000000088500000, 0x0000000088500000| Untracked 
| 134|0x0000000088600000, 0x0000000088600000, 0x0000000088700000|  0%| F|  |TAMS 0x0000000088600000, 0x0000000088600000| Untracked 
| 135|0x0000000088700000, 0x0000000088700000, 0x0000000088800000|  0%| F|  |TAMS 0x0000000088700000, 0x0000000088700000| Untracked 
| 136|0x0000000088800000, 0x0000000088800000, 0x0000000088900000|  0%| F|  |TAMS 0x0000000088800000, 0x0000000088800000| Untracked 
| 137|0x0000000088900000, 0x0000000088900000, 0x0000000088a00000|  0%| F|  |TAMS 0x0000000088900000, 0x0000000088900000| Untracked 
| 138|0x0000000088a00000, 0x0000000088a00000, 0x0000000088b00000|  0%| F|  |TAMS 0x0000000088a00000, 0x0000000088a00000| Untracked 
| 139|0x0000000088b00000, 0x0000000088b00000, 0x0000000088c00000|  0%| F|  |TAMS 0x0000000088b00000, 0x0000000088b00000| Untracked 
| 140|0x0000000088c00000, 0x0000000088c00000, 0x0000000088d00000|  0%| F|  |TAMS 0x0000000088c00000, 0x0000000088c00000| Untracked 
| 141|0x0000000088d00000, 0x0000000088d00000, 0x0000000088e00000|  0%| F|  |TAMS 0x0000000088d00000, 0x0000000088d00000| Untracked 
| 142|0x0000000088e00000, 0x0000000088e00000, 0x0000000088f00000|  0%| F|  |TAMS 0x0000000088e00000, 0x0000000088e00000| Untracked 
| 143|0x0000000088f00000, 0x0000000088f00000, 0x0000000089000000|  0%| F|  |TAMS 0x0000000088f00000, 0x0000000088f00000| Untracked 
| 144|0x0000000089000000, 0x0000000089000000, 0x0000000089100000|  0%| F|  |TAMS 0x0000000089000000, 0x0000000089000000| Untracked 
| 145|0x0000000089100000, 0x0000000089100000, 0x0000000089200000|  0%| F|  |TAMS 0x0000000089100000, 0x0000000089100000| Untracked 
| 146|0x0000000089200000, 0x0000000089200000, 0x0000000089300000|  0%| F|  |TAMS 0x0000000089200000, 0x0000000089200000| Untracked 
| 147|0x0000000089300000, 0x0000000089300000, 0x0000000089400000|  0%| F|  |TAMS 0x0000000089300000, 0x0000000089300000| Untracked 
| 148|0x0000000089400000, 0x0000000089400000, 0x0000000089500000|  0%| F|  |TAMS 0x0000000089400000, 0x0000000089400000| Untracked 
| 149|0x0000000089500000, 0x0000000089500000, 0x0000000089600000|  0%| F|  |TAMS 0x0000000089500000, 0x0000000089500000| Untracked 
| 150|0x0000000089600000, 0x0000000089600000, 0x0000000089700000|  0%| F|  |TAMS 0x0000000089600000, 0x0000000089600000| Untracked 
| 151|0x0000000089700000, 0x0000000089700000, 0x0000000089800000|  0%| F|  |TAMS 0x0000000089700000, 0x0000000089700000| Untracked 
| 152|0x0000000089800000, 0x0000000089800000, 0x0000000089900000|  0%| F|  |TAMS 0x0000000089800000, 0x0000000089800000| Untracked 
| 153|0x0000000089900000, 0x0000000089900000, 0x0000000089a00000|  0%| F|  |TAMS 0x0000000089900000, 0x0000000089900000| Untracked 
| 154|0x0000000089a00000, 0x0000000089a00000, 0x0000000089b00000|  0%| F|  |TAMS 0x0000000089a00000, 0x0000000089a00000| Untracked 
| 155|0x0000000089b00000, 0x0000000089b00000, 0x0000000089c00000|  0%| F|  |TAMS 0x0000000089b00000, 0x0000000089b00000| Untracked 
| 156|0x0000000089c00000, 0x0000000089c00000, 0x0000000089d00000|  0%| F|  |TAMS 0x0000000089c00000, 0x0000000089c00000| Untracked 
| 157|0x0000000089d00000, 0x0000000089d00000, 0x0000000089e00000|  0%| F|  |TAMS 0x0000000089d00000, 0x0000000089d00000| Untracked 
| 158|0x0000000089e00000, 0x0000000089e00000, 0x0000000089f00000|  0%| F|  |TAMS 0x0000000089e00000, 0x0000000089e00000| Untracked 
| 159|0x0000000089f00000, 0x0000000089f00000, 0x000000008a000000|  0%| F|  |TAMS 0x0000000089f00000, 0x0000000089f00000| Untracked 
| 160|0x000000008a000000, 0x000000008a000000, 0x000000008a100000|  0%| F|  |TAMS 0x000000008a000000, 0x000000008a000000| Untracked 
| 161|0x000000008a100000, 0x000000008a100000, 0x000000008a200000|  0%| F|  |TAMS 0x000000008a100000, 0x000000008a100000| Untracked 
| 162|0x000000008a200000, 0x000000008a200000, 0x000000008a300000|  0%| F|  |TAMS 0x000000008a200000, 0x000000008a200000| Untracked 
| 163|0x000000008a300000, 0x000000008a381c58, 0x000000008a400000| 50%| E|  |TAMS 0x000000008a300000, 0x000000008a300000| Complete 
| 164|0x000000008a400000, 0x000000008a500000, 0x000000008a500000|100%| E|CS|TAMS 0x000000008a400000, 0x000000008a400000| Complete 
| 165|0x000000008a500000, 0x000000008a600000, 0x000000008a600000|100%| E|  |TAMS 0x000000008a500000, 0x000000008a500000| Complete 
| 166|0x000000008a600000, 0x000000008a700000, 0x000000008a700000|100%| E|CS|TAMS 0x000000008a600000, 0x000000008a600000| Complete 
| 167|0x000000008a700000, 0x000000008a800000, 0x000000008a800000|100%| E|CS|TAMS 0x000000008a700000, 0x000000008a700000| Complete 
| 168|0x000000008a800000, 0x000000008a900000, 0x000000008a900000|100%| E|CS|TAMS 0x000000008a800000, 0x000000008a800000| Complete 
| 169|0x000000008a900000, 0x000000008aa00000, 0x000000008aa00000|100%| E|CS|TAMS 0x000000008a900000, 0x000000008a900000| Complete 
| 170|0x000000008aa00000, 0x000000008ab00000, 0x000000008ab00000|100%| E|CS|TAMS 0x000000008aa00000, 0x000000008aa00000| Complete 
| 171|0x000000008ab00000, 0x000000008ac00000, 0x000000008ac00000|100%| E|CS|TAMS 0x000000008ab00000, 0x000000008ab00000| Complete 
| 172|0x000000008ac00000, 0x000000008ad00000, 0x000000008ad00000|100%| E|CS|TAMS 0x000000008ac00000, 0x000000008ac00000| Complete 
| 173|0x000000008ad00000, 0x000000008ae00000, 0x000000008ae00000|100%| E|CS|TAMS 0x000000008ad00000, 0x000000008ad00000| Complete 
| 174|0x000000008ae00000, 0x000000008af00000, 0x000000008af00000|100%| E|CS|TAMS 0x000000008ae00000, 0x000000008ae00000| Complete 
| 175|0x000000008af00000, 0x000000008b000000, 0x000000008b000000|100%| E|CS|TAMS 0x000000008af00000, 0x000000008af00000| Complete 
| 176|0x000000008b000000, 0x000000008b100000, 0x000000008b100000|100%| E|CS|TAMS 0x000000008b000000, 0x000000008b000000| Complete 

Card table byte_map: [0x0000020b3a130000,0x0000020b3a530000] _byte_map_base: 0x0000020b39d30000

Marking Bits (Prev, Next): (CMBitMap*) 0x0000020b2757a950, (CMBitMap*) 0x0000020b2757a910
 Prev Bits: [0x0000020b3c930000, 0x0000020b3e930000)
 Next Bits: [0x0000020b3a930000, 0x0000020b3c930000)

Polling page: 0x0000020b26cf0000

Metaspace:

Usage:
  Non-class:     71.86 MB used.
      Class:     11.44 MB used.
       Both:     83.30 MB used.

Virtual space:
  Non-class space:       80.00 MB reserved,      72.12 MB ( 90%) committed,  10 nodes.
      Class space:        1.00 GB reserved,      11.69 MB (  1%) committed,  1 nodes.
             Both:        1.08 GB reserved,      83.81 MB (  8%) committed. 

Chunk freelists:
   Non-Class:  3.19 MB
       Class:  267.00 KB
        Both:  3.45 MB

MaxMetaspaceSize: unlimited
CompressedClassSpaceSize: 1.00 GB
Initial GC threshold: 21.00 MB
Current GC threshold: 139.69 MB
CDS: off
MetaspaceReclaimPolicy: balanced
 - commit_granule_bytes: 65536.
 - commit_granule_words: 8192.
 - virtual_space_node_default_size: 1048576.
 - enlarge_chunks_in_place: 1.
 - new_chunks_are_fully_committed: 0.
 - uncommit_free_chunks: 1.
 - use_allocation_guard: 0.
 - handle_deallocations: 1.


Internal statistics:

num_allocs_failed_limit: 6.
num_arena_births: 868.
num_arena_deaths: 14.
num_vsnodes_births: 11.
num_vsnodes_deaths: 0.
num_space_committed: 1341.
num_space_uncommitted: 0.
num_chunks_returned_to_freelist: 25.
num_chunks_taken_from_freelist: 3972.
num_chunk_merges: 14.
num_chunk_splits: 2569.
num_chunks_enlarged: 1676.
num_purges: 2.
num_inconsistent_stats: 0.

CodeHeap 'non-profiled nmethods': size=120000Kb used=5216Kb max_used=5822Kb free=114783Kb
 bounds [0x0000020b324c0000, 0x0000020b32a70000, 0x0000020b399f0000]
CodeHeap 'profiled nmethods': size=120000Kb used=16671Kb max_used=18326Kb free=103328Kb
 bounds [0x0000020b2a9f0000, 0x0000020b2bbe0000, 0x0000020b31f20000]
CodeHeap 'non-nmethods': size=5760Kb used=2368Kb max_used=2486Kb free=3391Kb
 bounds [0x0000020b31f20000, 0x0000020b321c0000, 0x0000020b324c0000]
 total_blobs=9724 nmethods=8825 adapters=811
 compilation: enabled
              stopped_count=0, restarted_count=0
 full_count=0

Compilation events (20 events):
Event: 14.131 Thread 0x0000020b41c5fc50 10260       3       org.gradle.api.internal.attributes.DefaultImmutableAttributes::equals (124 bytes)
Event: 14.132 Thread 0x0000020b41c5fc50 nmethod 10260 0x0000020b2b57ef90 code [0x0000020b2b57f2a0, 0x0000020b2b580738]
Event: 14.132 Thread 0x0000020b41c5fc50 10253       3       org.gradle.api.internal.artifacts.transform.TransformingAsyncArtifactListener$TransformedArtifact$$Lambda$1219/0x0000000100bae950::<init> (15 bytes)
Event: 14.132 Thread 0x0000020b41c5fc50 nmethod 10253 0x0000020b2b050010 code [0x0000020b2b0501c0, 0x0000020b2b0503d8]
Event: 14.132 Thread 0x0000020b41c5fc50 10254       3       org.gradle.api.internal.artifacts.transform.TransformingAsyncArtifactListener$TransformedArtifact$$Lambda$1220/0x0000000100baeba8::<init> (15 bytes)
Event: 14.132 Thread 0x0000020b41c5fc50 nmethod 10254 0x0000020b2b148f10 code [0x0000020b2b1490c0, 0x0000020b2b1492d8]
Event: 14.132 Thread 0x0000020b41c5fc50 10255       3       org.gradle.api.internal.artifacts.transform.TransformingAsyncArtifactListener$TransformedArtifact$$Lambda$1219/0x0000000100bae950::accept (16 bytes)
Event: 14.132 Thread 0x0000020b41c5fc50 nmethod 10255 0x0000020b2af4fc10 code [0x0000020b2af4fdc0, 0x0000020b2af50008]
Event: 14.132 Thread 0x0000020b41c5fc50 10257       3       org.gradle.api.internal.artifacts.ivyservice.resolveengine.artifact.EndCollection::visit (11 bytes)
Event: 14.132 Thread 0x0000020b41c5fc50 nmethod 10257 0x0000020b2b161090 code [0x0000020b2b161240, 0x0000020b2b161408]
Event: 14.132 Thread 0x0000020b41c5fc50 10251       3       org.gradle.internal.Try$Success::ifSuccessfulOrElse (11 bytes)
Event: 14.133 Thread 0x0000020b41c5fc50 nmethod 10251 0x0000020b2b23d710 code [0x0000020b2b23d8c0, 0x0000020b2b23da88]
Event: 14.133 Thread 0x0000020b41c5fc50 10258       1       org.gradle.api.internal.file.collections.DefaultConfigurableFileCollection::access$800 (5 bytes)
Event: 14.133 Thread 0x0000020b41c5fc50 nmethod 10258 0x0000020b325fac90 code [0x0000020b325fae20, 0x0000020b325faed8]
Event: 14.133 Thread 0x0000020b41c5fc50 10259       1       org.gradle.api.internal.file.collections.DefaultConfigurableFileCollection::access$900 (5 bytes)
Event: 14.133 Thread 0x0000020b41c5fc50 nmethod 10259 0x0000020b32936810 code [0x0000020b329369a0, 0x0000020b32936a58]
Event: 14.133 Thread 0x0000020b41c5fc50 10261       1       org.gradle.internal.component.external.model.UrlBackedArtifactMetadata::getComponentId (5 bytes)
Event: 14.133 Thread 0x0000020b41c5fc50 nmethod 10261 0x0000020b32936510 code [0x0000020b329366a0, 0x0000020b32936778]
Event: 14.133 Thread 0x0000020b41c5fc50 10264       3       org.gradle.api.internal.artifacts.transform.DefaultTransformedVariantFactory::locateOrCreate (150 bytes)
Event: 14.134 Thread 0x0000020b41c5fc50 nmethod 10264 0x0000020b2b0b1d10 code [0x0000020b2b0b1f80, 0x0000020b2b0b2c48]

GC Heap History (20 events):
Event: 9.336 GC heap before
{Heap before GC invocations=23 (full 0):
 garbage-first heap   total 107520K, used 80153K [0x0000000080000000, 0x0000000100000000)
  region size 1024K, 31 young (31744K), 3 survivors (3072K)
 Metaspace       used 66498K, committed 67008K, reserved 1114112K
  class space    used 8753K, committed 9024K, reserved 1048576K
}
Event: 9.341 GC heap after
{Heap after GC invocations=24 (full 0):
 garbage-first heap   total 107520K, used 53498K [0x0000000080000000, 0x0000000100000000)
  region size 1024K, 2 young (2048K), 2 survivors (2048K)
 Metaspace       used 66498K, committed 67008K, reserved 1114112K
  class space    used 8753K, committed 9024K, reserved 1048576K
}
Event: 9.582 GC heap before
{Heap before GC invocations=25 (full 0):
 garbage-first heap   total 107520K, used 82170K [0x0000000080000000, 0x0000000100000000)
  region size 1024K, 30 young (30720K), 2 survivors (2048K)
 Metaspace       used 66882K, committed 67456K, reserved 1114112K
  class space    used 8841K, committed 9088K, reserved 1048576K
}
Event: 9.588 GC heap after
{Heap after GC invocations=26 (full 0):
 garbage-first heap   total 107520K, used 56348K [0x0000000080000000, 0x0000000100000000)
  region size 1024K, 4 young (4096K), 4 survivors (4096K)
 Metaspace       used 66882K, committed 67456K, reserved 1114112K
  class space    used 8841K, committed 9088K, reserved 1048576K
}
Event: 9.856 GC heap before
{Heap before GC invocations=26 (full 0):
 garbage-first heap   total 107520K, used 79900K [0x0000000080000000, 0x0000000100000000)
  region size 1024K, 28 young (28672K), 4 survivors (4096K)
 Metaspace       used 68745K, committed 69312K, reserved 1114112K
  class space    used 9097K, committed 9344K, reserved 1048576K
}
Event: 9.862 GC heap after
{Heap after GC invocations=27 (full 0):
 garbage-first heap   total 130048K, used 58817K [0x0000000080000000, 0x0000000100000000)
  region size 1024K, 3 young (3072K), 3 survivors (3072K)
 Metaspace       used 68745K, committed 69312K, reserved 1114112K
  class space    used 9097K, committed 9344K, reserved 1048576K
}
Event: 10.627 GC heap before
{Heap before GC invocations=27 (full 0):
 garbage-first heap   total 130048K, used 100801K [0x0000000080000000, 0x0000000100000000)
  region size 1024K, 43 young (44032K), 3 survivors (3072K)
 Metaspace       used 73474K, committed 74048K, reserved 1114112K
  class space    used 9934K, committed 10176K, reserved 1048576K
}
Event: 10.630 GC heap after
{Heap after GC invocations=28 (full 0):
 garbage-first heap   total 130048K, used 60538K [0x0000000080000000, 0x0000000100000000)
  region size 1024K, 5 young (5120K), 5 survivors (5120K)
 Metaspace       used 73474K, committed 74048K, reserved 1114112K
  class space    used 9934K, committed 10176K, reserved 1048576K
}
Event: 11.337 GC heap before
{Heap before GC invocations=28 (full 0):
 garbage-first heap   total 130048K, used 101498K [0x0000000080000000, 0x0000000100000000)
  region size 1024K, 45 young (46080K), 5 survivors (5120K)
 Metaspace       used 77851K, committed 78400K, reserved 1122304K
  class space    used 10617K, committed 10880K, reserved 1048576K
}
Event: 11.347 GC heap after
{Heap after GC invocations=29 (full 0):
 garbage-first heap   total 130048K, used 63413K [0x0000000080000000, 0x0000000100000000)
  region size 1024K, 6 young (6144K), 6 survivors (6144K)
 Metaspace       used 77851K, committed 78400K, reserved 1122304K
  class space    used 10617K, committed 10880K, reserved 1048576K
}
Event: 12.095 GC heap before
{Heap before GC invocations=29 (full 0):
 garbage-first heap   total 130048K, used 103349K [0x0000000080000000, 0x0000000100000000)
  region size 1024K, 45 young (46080K), 6 survivors (6144K)
 Metaspace       used 81693K, committed 82240K, reserved 1122304K
  class space    used 11124K, committed 11392K, reserved 1048576K
}
Event: 12.103 GC heap after
{Heap after GC invocations=30 (full 0):
 garbage-first heap   total 130048K, used 67097K [0x0000000080000000, 0x0000000100000000)
  region size 1024K, 6 young (6144K), 6 survivors (6144K)
 Metaspace       used 81693K, committed 82240K, reserved 1122304K
  class space    used 11124K, committed 11392K, reserved 1048576K
}
Event: 12.455 GC heap before
{Heap before GC invocations=31 (full 0):
 garbage-first heap   total 130048K, used 103961K [0x0000000080000000, 0x0000000100000000)
  region size 1024K, 42 young (43008K), 6 survivors (6144K)
 Metaspace       used 81852K, committed 82432K, reserved 1122304K
  class space    used 11140K, committed 11392K, reserved 1048576K
}
Event: 12.464 GC heap after
{Heap after GC invocations=32 (full 0):
 garbage-first heap   total 130048K, used 73302K [0x0000000080000000, 0x0000000100000000)
  region size 1024K, 6 young (6144K), 6 survivors (6144K)
 Metaspace       used 81852K, committed 82432K, reserved 1122304K
  class space    used 11140K, committed 11392K, reserved 1048576K
}
Event: 13.186 GC heap before
{Heap before GC invocations=32 (full 0):
 garbage-first heap   total 130048K, used 102998K [0x0000000080000000, 0x0000000100000000)
  region size 1024K, 36 young (36864K), 6 survivors (6144K)
 Metaspace       used 84357K, committed 84992K, reserved 1130496K
  class space    used 11653K, committed 11904K, reserved 1048576K
}
Event: 13.195 GC heap after
{Heap after GC invocations=33 (full 0):
 garbage-first heap   total 130048K, used 77435K [0x0000000080000000, 0x0000000100000000)
  region size 1024K, 4 young (4096K), 4 survivors (4096K)
 Metaspace       used 84357K, committed 84992K, reserved 1130496K
  class space    used 11653K, committed 11904K, reserved 1048576K
}
Event: 13.513 GC heap before
{Heap before GC invocations=34 (full 0):
 garbage-first heap   total 150528K, used 104059K [0x0000000080000000, 0x0000000100000000)
  region size 1024K, 31 young (31744K), 4 survivors (4096K)
 Metaspace       used 84524K, committed 85120K, reserved 1130496K
  class space    used 11653K, committed 11904K, reserved 1048576K
}
Event: 13.518 GC heap after
{Heap after GC invocations=35 (full 0):
 garbage-first heap   total 150528K, used 79119K [0x0000000080000000, 0x0000000100000000)
  region size 1024K, 2 young (2048K), 2 survivors (2048K)
 Metaspace       used 84524K, committed 85120K, reserved 1130496K
  class space    used 11653K, committed 11904K, reserved 1048576K
}
Event: 14.048 GC heap before
{Heap before GC invocations=35 (full 0):
 garbage-first heap   total 150528K, used 120079K [0x0000000080000000, 0x0000000100000000)
  region size 1024K, 43 young (44032K), 2 survivors (2048K)
 Metaspace       used 85200K, committed 85760K, reserved 1130496K
  class space    used 11710K, committed 11968K, reserved 1048576K
}
Event: 14.053 GC heap after
{Heap after GC invocations=36 (full 0):
 garbage-first heap   total 181248K, used 82161K [0x0000000080000000, 0x0000000100000000)
  region size 1024K, 5 young (5120K), 5 survivors (5120K)
 Metaspace       used 85200K, committed 85760K, reserved 1130496K
  class space    used 11710K, committed 11968K, reserved 1048576K
}

Dll operation events (2 events):
Event: 0.016 Loaded shared library C:\Program Files\Android\Android Studio\jbr\bin\java.dll
Event: 0.514 Loaded shared library C:\Program Files\Android\Android Studio\jbr\bin\verify.dll

Deoptimization events (20 events):
Event: 13.831 Thread 0x0000020b4377e550 Uncommon trap: trap_request=0xffffffbe fr.pc=0x0000020b32a5806c relative=0x000000000000040c
Event: 13.831 Thread 0x0000020b4377e550 Uncommon trap: reason=profile_predicate action=maybe_recompile pc=0x0000020b32a5806c method=java.util.Collections.indexedBinarySearch(Ljava/util/List;Ljava/lang/Object;Ljava/util/Comparator;)I @ 15 c2
Event: 13.831 Thread 0x0000020b4377cd40 DEOPT PACKING pc=0x0000020b32a5806c sp=0x000000e0105fc890
Event: 13.831 Thread 0x0000020b4377e550 DEOPT PACKING pc=0x0000020b32a5806c sp=0x000000e0106fccf0
Event: 13.831 Thread 0x0000020b4377cd40 DEOPT UNPACKING pc=0x0000020b31f769a3 sp=0x000000e0105fc858 mode 2
Event: 13.831 Thread 0x0000020b4377e550 DEOPT UNPACKING pc=0x0000020b31f769a3 sp=0x000000e0106fccb8 mode 2
Event: 13.957 Thread 0x0000020b431821b0 Uncommon trap: trap_request=0xffffffd6 fr.pc=0x0000020b32a1008c relative=0x000000000000096c
Event: 13.957 Thread 0x0000020b431821b0 Uncommon trap: reason=array_check action=maybe_recompile pc=0x0000020b32a1008c method=java.util.TimSort.binarySort([Ljava/lang/Object;IIILjava/util/Comparator;)V @ 183 c2
Event: 13.957 Thread 0x0000020b431821b0 DEOPT PACKING pc=0x0000020b32a1008c sp=0x000000e0158fc190
Event: 13.957 Thread 0x0000020b431821b0 DEOPT UNPACKING pc=0x0000020b31f769a3 sp=0x000000e0158fc138 mode 2
Event: 13.958 Thread 0x0000020b431821b0 Uncommon trap: trap_request=0xffffffd6 fr.pc=0x0000020b32a1008c relative=0x000000000000096c
Event: 13.958 Thread 0x0000020b431821b0 Uncommon trap: reason=array_check action=maybe_recompile pc=0x0000020b32a1008c method=java.util.TimSort.binarySort([Ljava/lang/Object;IIILjava/util/Comparator;)V @ 183 c2
Event: 13.958 Thread 0x0000020b431821b0 DEOPT PACKING pc=0x0000020b32a1008c sp=0x000000e0158fbdb0
Event: 13.958 Thread 0x0000020b431821b0 DEOPT UNPACKING pc=0x0000020b31f769a3 sp=0x000000e0158fbd58 mode 2
Event: 13.980 Thread 0x0000020b431821b0 Uncommon trap: trap_request=0xffffff45 fr.pc=0x0000020b32a53460 relative=0x0000000000000060
Event: 13.980 Thread 0x0000020b431821b0 Uncommon trap: reason=unstable_if action=reinterpret pc=0x0000020b32a53460 method=org.gradle.api.internal.attributes.DefaultImmutableAttributes.equals(Ljava/lang/Object;)Z @ 2 c2
Event: 13.980 Thread 0x0000020b431821b0 DEOPT PACKING pc=0x0000020b32a53460 sp=0x000000e0158f98c0
Event: 13.980 Thread 0x0000020b431821b0 DEOPT UNPACKING pc=0x0000020b31f769a3 sp=0x000000e0158f9840 mode 2
Event: 14.044 Thread 0x0000020b45d3a810 DEOPT PACKING pc=0x0000020b2b9d8b17 sp=0x000000e0135fb660
Event: 14.044 Thread 0x0000020b45d3a810 DEOPT UNPACKING pc=0x0000020b31f77143 sp=0x000000e0135fab28 mode 0

Classes unloaded (0 events):
No events

Classes redefined (0 events):
No events

Internal exceptions (20 events):
Event: 12.708 Thread 0x0000020b47e75010 Exception <a 'java/lang/NoSuchMethodError'{0x0000000087331378}: static Lcom/android/buildanalyzer/common/AndroidGradlePluginAttributionData$TaskInfo;.<clinit>()V> (0x0000000087331378) 
thrown [s\src\hotspot\share\prims\jni.cpp, line 1108]
Event: 12.710 Thread 0x0000020b47e75010 Exception <a 'java/lang/NoSuchMethodError'{0x000000008733e658}: static Lcom/android/buildanalyzer/common/AndroidGradlePluginAttributionData$TaskCategoryInfo;.<clinit>()V> (0x000000008733e658) 
thrown [s\src\hotspot\share\prims\jni.cpp, line 1108]
Event: 12.719 Thread 0x0000020b47e75010 Exception <a 'java/lang/NoSuchMethodError'{0x00000000873b80a0}: 'void java.lang.invoke.DirectMethodHandle$Holder.invokeSpecial(java.lang.Object, java.lang.Object, java.lang.Object, int)'> (0x00000000873b80a0) 
thrown [s\src\hotspot\share\interpreter\linkResolver.cpp, line 771]
Event: 13.056 Thread 0x0000020b43181810 Exception <a 'java/lang/NoSuchMethodError'{0x0000000086cb0bb8}: 'void java.lang.invoke.DirectMethodHandle$Holder.invokeStatic(java.lang.Object, java.lang.Object, java.lang.Object, java.lang.Object, int, java.lang.Object, java.lang.Object)'> (0x0000000086cb0bb8) 
thrown [s\src\hotspot\share\interpreter\linkResolver.cpp, line 771]
Event: 13.096 Thread 0x0000020b4377cd40 Exception <a 'java/lang/NoSuchMethodError'{0x0000000086836f00}: 'java.lang.Object java.lang.invoke.DirectMethodHandle$Holder.invokeSpecialIFC(java.lang.Object, java.lang.Object, java.lang.Object)'> (0x0000000086836f00) 
thrown [s\src\hotspot\share\interpreter\linkResolver.cpp, line 771]
Event: 13.096 Thread 0x0000020b43780230 Exception <a 'java/lang/NoSuchMethodError'{0x000000008681dc40}: 'java.lang.Object java.lang.invoke.DirectMethodHandle$Holder.invokeSpecialIFC(java.lang.Object, java.lang.Object, java.lang.Object)'> (0x000000008681dc40) 
thrown [s\src\hotspot\share\interpreter\linkResolver.cpp, line 771]
Event: 13.097 Thread 0x0000020b4377f3c0 Exception <a 'java/lang/NoSuchMethodError'{0x0000000086823d80}: 'java.lang.Object java.lang.invoke.DirectMethodHandle$Holder.invokeSpecialIFC(java.lang.Object, java.lang.Object, java.lang.Object)'> (0x0000000086823d80) 
thrown [s\src\hotspot\share\interpreter\linkResolver.cpp, line 771]
Event: 13.097 Thread 0x0000020b4377d6e0 Exception <a 'java/lang/NoSuchMethodError'{0x00000000868120b0}: 'java.lang.Object java.lang.invoke.DirectMethodHandle$Holder.invokeSpecialIFC(java.lang.Object, java.lang.Object, java.lang.Object)'> (0x00000000868120b0) 
thrown [s\src\hotspot\share\interpreter\linkResolver.cpp, line 771]
Event: 13.097 Thread 0x0000020b43181810 Exception <a 'java/lang/NoSuchMethodError'{0x0000000086934060}: 'java.lang.Object java.lang.invoke.DirectMethodHandle$Holder.invokeSpecialIFC(java.lang.Object, java.lang.Object, java.lang.Object)'> (0x0000000086934060) 
thrown [s\src\hotspot\share\interpreter\linkResolver.cpp, line 771]
Event: 13.096 Thread 0x0000020b4377eef0 Exception <a 'java/lang/NoSuchMethodError'{0x000000008682a7a8}: 'java.lang.Object java.lang.invoke.DirectMethodHandle$Holder.invokeSpecialIFC(java.lang.Object, java.lang.Object, java.lang.Object)'> (0x000000008682a7a8) 
thrown [s\src\hotspot\share\interpreter\linkResolver.cpp, line 771]
Event: 13.097 Thread 0x0000020b470873b0 Exception <a 'java/lang/NoSuchMethodError'{0x0000000086818a60}: 'java.lang.Object java.lang.invoke.DirectMethodHandle$Holder.invokeSpecialIFC(java.lang.Object, java.lang.Object, java.lang.Object)'> (0x0000000086818a60) 
thrown [s\src\hotspot\share\interpreter\linkResolver.cpp, line 771]
Event: 13.097 Thread 0x0000020b4377d210 Exception <a 'java/lang/NoSuchMethodError'{0x000000008682fc18}: 'java.lang.Object java.lang.invoke.DirectMethodHandle$Holder.invokeSpecialIFC(java.lang.Object, java.lang.Object, java.lang.Object)'> (0x000000008682fc18) 
thrown [s\src\hotspot\share\interpreter\linkResolver.cpp, line 771]
Event: 13.350 Thread 0x0000020b47e71ff0 Implicit null exception at 0x0000020b329e22e0 to 0x0000020b329e236c
Event: 13.350 Thread 0x0000020b47085ba0 Implicit null exception at 0x0000020b329e22e0 to 0x0000020b329e236c
Event: 13.957 Thread 0x0000020b431821b0 Exception <a 'java/lang/NoSuchMethodError'{0x00000000873dea58}: static Lcom/android/build/gradle/internal/scope/InternalArtifactType;.<clinit>()V> (0x00000000873dea58) 
thrown [s\src\hotspot\share\prims\jni.cpp, line 1108]
Event: 13.957 Thread 0x0000020b431821b0 Exception <a 'java/lang/NoSuchMethodError'{0x00000000873e01b0}: static Lcom/android/build/gradle/internal/scope/InternalArtifactType;.<clinit>()V> (0x00000000873e01b0) 
thrown [s\src\hotspot\share\prims\jni.cpp, line 1108]
Event: 13.957 Thread 0x0000020b431821b0 Exception <a 'java/lang/NoSuchMethodError'{0x00000000873e3350}: static Lcom/android/build/api/artifact/Artifact$Single;.<clinit>()V> (0x00000000873e3350) 
thrown [s\src\hotspot\share\prims\jni.cpp, line 1108]
Event: 13.958 Thread 0x0000020b431821b0 Exception <a 'java/lang/NoSuchMethodError'{0x00000000873e5ba8}: static Ljava/lang/Object;.<clinit>()V> (0x00000000873e5ba8) 
thrown [s\src\hotspot\share\prims\jni.cpp, line 1108]
Event: 13.959 Thread 0x0000020b431821b0 Exception <a 'java/lang/NoSuchMethodError'{0x00000000873fc208}: static Lcom/android/build/api/artifact/ArtifactKind;.<clinit>()V> (0x00000000873fc208) 
thrown [s\src\hotspot\share\prims\jni.cpp, line 1108]
Event: 13.959 Thread 0x0000020b431821b0 Exception <a 'java/lang/NoSuchMethodError'{0x00000000873fd3c8}: static Lcom/android/build/api/artifact/ArtifactKind;.<clinit>()V> (0x00000000873fd3c8) 
thrown [s\src\hotspot\share\prims\jni.cpp, line 1108]

VM Operations (20 events):
Event: 13.539 Executing VM operation: HandshakeAllThreads
Event: 13.539 Executing VM operation: HandshakeAllThreads done
Event: 13.700 Executing VM operation: ICBufferFull
Event: 13.700 Executing VM operation: ICBufferFull done
Event: 13.881 Executing VM operation: ICBufferFull
Event: 13.882 Executing VM operation: ICBufferFull done
Event: 13.942 Executing VM operation: HandshakeAllThreads
Event: 13.943 Executing VM operation: HandshakeAllThreads done
Event: 13.962 Executing VM operation: HandshakeAllThreads
Event: 13.962 Executing VM operation: HandshakeAllThreads done
Event: 13.973 Executing VM operation: HandshakeAllThreads
Event: 13.973 Executing VM operation: HandshakeAllThreads done
Event: 13.975 Executing VM operation: HandshakeAllThreads
Event: 13.975 Executing VM operation: HandshakeAllThreads done
Event: 13.976 Executing VM operation: HandshakeAllThreads
Event: 13.977 Executing VM operation: HandshakeAllThreads done
Event: 13.992 Executing VM operation: HandshakeAllThreads
Event: 13.992 Executing VM operation: HandshakeAllThreads done
Event: 14.048 Executing VM operation: G1CollectForAllocation
Event: 14.053 Executing VM operation: G1CollectForAllocation done

Events (20 events):
Event: 14.012 Thread 0x0000020b41c7ad10 flushing nmethod 0x0000020b2b9ae710
Event: 14.012 Thread 0x0000020b41c7ad10 flushing nmethod 0x0000020b2b9aef90
Event: 14.012 Thread 0x0000020b41c7ad10 flushing nmethod 0x0000020b2b9afb10
Event: 14.012 Thread 0x0000020b41c7ad10 flushing nmethod 0x0000020b2b9b0d90
Event: 14.012 Thread 0x0000020b41c7ad10 flushing nmethod 0x0000020b2b9b1410
Event: 14.012 Thread 0x0000020b41c7ad10 flushing nmethod 0x0000020b2b9b2610
Event: 14.012 Thread 0x0000020b41c7ad10 flushing nmethod 0x0000020b2b9b3f10
Event: 14.012 Thread 0x0000020b41c7ad10 flushing nmethod 0x0000020b2b9b4790
Event: 14.012 Thread 0x0000020b41c7ad10 flushing nmethod 0x0000020b2b9b5590
Event: 14.013 Thread 0x0000020b41c7ad10 flushing nmethod 0x0000020b2b9c7990
Event: 14.013 Thread 0x0000020b41c7ad10 flushing nmethod 0x0000020b2b9cae90
Event: 14.013 Thread 0x0000020b41c7ad10 flushing nmethod 0x0000020b2b9cb210
Event: 14.013 Thread 0x0000020b41c7ad10 flushing nmethod 0x0000020b2b9cdb90
Event: 14.013 Thread 0x0000020b41c7ad10 flushing nmethod 0x0000020b2b9dcc10
Event: 14.013 Thread 0x0000020b41c7ad10 flushing nmethod 0x0000020b2b9e8790
Event: 14.013 Thread 0x0000020b41c7ad10 flushing nmethod 0x0000020b2ba26590
Event: 14.013 Thread 0x0000020b41c7ad10 flushing nmethod 0x0000020b2ba2b790
Event: 14.013 Thread 0x0000020b41c7ad10 flushing nmethod 0x0000020b2ba37b90
Event: 14.014 Thread 0x0000020b41c7ad10 flushing nmethod 0x0000020b2bb0b610
Event: 14.014 Thread 0x0000020b41c7ad10 flushing nmethod 0x0000020b2bb11d90


Dynamic libraries:
0x00007ff6399f0000 - 0x00007ff6399fa000 	C:\Program Files\Android\Android Studio\jbr\bin\java.exe
0x00007ffb18890000 - 0x00007ffb18a88000 	C:\WINDOWS\SYSTEM32\ntdll.dll
0x00007ffb17aa0000 - 0x00007ffb17b5d000 	C:\WINDOWS\System32\KERNEL32.DLL
0x00007ffb16430000 - 0x00007ffb16726000 	C:\WINDOWS\System32\KERNELBASE.dll
0x00007ffb16330000 - 0x00007ffb16430000 	C:\WINDOWS\System32\ucrtbase.dll
0x00007ffb0e9c0000 - 0x00007ffb0e9db000 	C:\Program Files\Android\Android Studio\jbr\bin\VCRUNTIME140.dll
0x00007ffaef3d0000 - 0x00007ffaef3e7000 	C:\Program Files\Android\Android Studio\jbr\bin\jli.dll
0x00007ffb18240000 - 0x00007ffb183de000 	C:\WINDOWS\System32\USER32.dll
0x00007ffb16300000 - 0x00007ffb16322000 	C:\WINDOWS\System32\win32u.dll
0x00007ffb18400000 - 0x00007ffb1842c000 	C:\WINDOWS\System32\GDI32.dll
0x00007ffb161e0000 - 0x00007ffb162fa000 	C:\WINDOWS\System32\gdi32full.dll
0x00007ffafb390000 - 0x00007ffafb62a000 	C:\WINDOWS\WinSxS\amd64_microsoft.windows.common-controls_6595b64144ccf1df_6.0.19041.3636_none_60b6a03d71f818d5\COMCTL32.dll
0x00007ffb15fe0000 - 0x00007ffb1607d000 	C:\WINDOWS\System32\msvcp_win.dll
0x00007ffb184e0000 - 0x00007ffb1857e000 	C:\WINDOWS\System32\msvcrt.dll
0x00007ffb18160000 - 0x00007ffb18190000 	C:\WINDOWS\System32\IMM32.DLL
0x00007ffb10970000 - 0x00007ffb1097c000 	C:\Program Files\Android\Android Studio\jbr\bin\vcruntime140_1.dll
0x00007ffb05310000 - 0x00007ffb0539d000 	C:\Program Files\Android\Android Studio\jbr\bin\msvcp140.dll
0x00007ffac4fb0000 - 0x00007ffac5c1e000 	C:\Program Files\Android\Android Studio\jbr\bin\server\jvm.dll
0x00007ffb18430000 - 0x00007ffb184df000 	C:\WINDOWS\System32\ADVAPI32.dll
0x00007ffb18190000 - 0x00007ffb1822c000 	C:\WINDOWS\System32\sechost.dll
0x00007ffb185e0000 - 0x00007ffb18706000 	C:\WINDOWS\System32\RPCRT4.dll
0x00007ffafbb70000 - 0x00007ffafbb97000 	C:\WINDOWS\SYSTEM32\WINMM.dll
0x00007ffb0e040000 - 0x00007ffb0e04a000 	C:\WINDOWS\SYSTEM32\VERSION.dll
0x00007ffb109c0000 - 0x00007ffb109c9000 	C:\WINDOWS\SYSTEM32\WSOCK32.dll
0x00007ffb18710000 - 0x00007ffb1877b000 	C:\WINDOWS\System32\WS2_32.dll
0x00007ffb14780000 - 0x00007ffb14792000 	C:\WINDOWS\SYSTEM32\kernel.appcore.dll
0x00007ffb082b0000 - 0x00007ffb082ba000 	C:\Program Files\Android\Android Studio\jbr\bin\jimage.dll
0x00007ffb13d00000 - 0x00007ffb13ee4000 	C:\WINDOWS\SYSTEM32\DBGHELP.DLL
0x00007ffb0d180000 - 0x00007ffb0d1b4000 	C:\WINDOWS\SYSTEM32\dbgcore.DLL
0x00007ffb16830000 - 0x00007ffb168b2000 	C:\WINDOWS\System32\bcryptPrimitives.dll
0x00007ffaf4460000 - 0x00007ffaf4485000 	C:\Program Files\Android\Android Studio\jbr\bin\java.dll
0x00007ffaf9990000 - 0x00007ffaf99a8000 	C:\Program Files\Android\Android Studio\jbr\bin\zip.dll
0x00007ffb168f0000 - 0x00007ffb17034000 	C:\WINDOWS\System32\SHELL32.dll
0x00007ffb13f10000 - 0x00007ffb146ab000 	C:\WINDOWS\SYSTEM32\windows.storage.dll
0x00007ffb17740000 - 0x00007ffb17a94000 	C:\WINDOWS\System32\combase.dll
0x00007ffb158e0000 - 0x00007ffb1590d000 	C:\WINDOWS\SYSTEM32\Wldp.dll
0x00007ffb17b60000 - 0x00007ffb17c0d000 	C:\WINDOWS\System32\SHCORE.dll
0x00007ffb17040000 - 0x00007ffb17095000 	C:\WINDOWS\System32\shlwapi.dll
0x00007ffb15ea0000 - 0x00007ffb15ec5000 	C:\WINDOWS\SYSTEM32\profapi.dll
0x00007ffaf42e0000 - 0x00007ffaf42f9000 	C:\Program Files\Android\Android Studio\jbr\bin\net.dll
0x00007ffb0bf40000 - 0x00007ffb0c04a000 	C:\WINDOWS\SYSTEM32\WINHTTP.dll
0x00007ffb15640000 - 0x00007ffb156aa000 	C:\WINDOWS\system32\mswsock.dll
0x00007ffaf3be0000 - 0x00007ffaf3bf6000 	C:\Program Files\Android\Android Studio\jbr\bin\nio.dll
0x00007ffb081f0000 - 0x00007ffb08200000 	C:\Program Files\Android\Android Studio\jbr\bin\verify.dll
0x00007ffaf99b0000 - 0x00007ffaf99d7000 	C:\Users\jupi0\.gradle\native\68d5fa5c4cc2d200863cafc0d521ce42e7d3e7ee720ec0a83991735586a16f82\windows-amd64\native-platform.dll
0x00007ffadc6c0000 - 0x00007ffadc804000 	C:\Users\jupi0\.gradle\native\e376f236ea51e6404a007f0833ffe2c6e607c4080706a723a18a27aeea778392\windows-amd64\native-platform-file-events.dll
0x00007ffb03310000 - 0x00007ffb03319000 	C:\Program Files\Android\Android Studio\jbr\bin\management.dll
0x00007ffafd5f0000 - 0x00007ffafd5fb000 	C:\Program Files\Android\Android Studio\jbr\bin\management_ext.dll
0x00007ffb17c10000 - 0x00007ffb17c18000 	C:\WINDOWS\System32\PSAPI.DLL
0x00007ffb15830000 - 0x00007ffb15848000 	C:\WINDOWS\SYSTEM32\CRYPTSP.dll
0x00007ffb14f30000 - 0x00007ffb14f64000 	C:\WINDOWS\system32\rsaenh.dll
0x00007ffb168c0000 - 0x00007ffb168e7000 	C:\WINDOWS\System32\bcrypt.dll
0x00007ffb15e60000 - 0x00007ffb15e8e000 	C:\WINDOWS\SYSTEM32\USERENV.dll
0x00007ffb15850000 - 0x00007ffb1585c000 	C:\WINDOWS\SYSTEM32\CRYPTBASE.dll
0x00007ffb15330000 - 0x00007ffb1536b000 	C:\WINDOWS\SYSTEM32\IPHLPAPI.DLL
0x00007ffb18230000 - 0x00007ffb18238000 	C:\WINDOWS\System32\NSI.dll
0x00007ffb0b960000 - 0x00007ffb0b977000 	C:\WINDOWS\SYSTEM32\dhcpcsvc6.DLL
0x00007ffb0dcb0000 - 0x00007ffb0dccd000 	C:\WINDOWS\SYSTEM32\dhcpcsvc.DLL
0x00007ffb15370000 - 0x00007ffb1543a000 	C:\WINDOWS\SYSTEM32\DNSAPI.dll
0x00007ffafd050000 - 0x00007ffafd057000 	C:\WINDOWS\system32\wshunix.dll

dbghelp: loaded successfully - version: 4.0.5 - missing functions: none
symbol engine: initialized successfully - sym options: 0x614 - pdb path: .;C:\Program Files\Android\Android Studio\jbr\bin;C:\WINDOWS\SYSTEM32;C:\WINDOWS\WinSxS\amd64_microsoft.windows.common-controls_6595b64144ccf1df_6.0.19041.3636_none_60b6a03d71f818d5;C:\Program Files\Android\Android Studio\jbr\bin\server;C:\Users\jupi0\.gradle\native\68d5fa5c4cc2d200863cafc0d521ce42e7d3e7ee720ec0a83991735586a16f82\windows-amd64;C:\Users\jupi0\.gradle\native\e376f236ea51e6404a007f0833ffe2c6e607c4080706a723a18a27aeea778392\windows-amd64

VM Arguments:
jvm_args: --add-opens=java.base/java.util=ALL-UNNAMED --add-opens=java.base/java.lang=ALL-UNNAMED --add-opens=java.base/java.lang.invoke=ALL-UNNAMED --add-opens=java.prefs/java.util.prefs=ALL-UNNAMED --add-opens=java.base/java.nio.charset=ALL-UNNAMED --add-opens=java.base/java.net=ALL-UNNAMED --add-opens=java.base/java.util.concurrent.atomic=ALL-UNNAMED -Xmx2048m -Dfile.encoding=UTF-8 -Duser.country=KR -Duser.language=ko -Duser.variant 
java_command: org.gradle.launcher.daemon.bootstrap.GradleDaemon 8.0
java_class_path (initial): C:\Users\jupi0\.gradle\wrapper\dists\gradle-8.0-bin\ca5e32bp14vu59qr306oxotwh\gradle-8.0\lib\gradle-launcher-8.0.jar
Launcher Type: SUN_STANDARD

[Global flags]
     intx CICompilerCount                          = 4                                         {product} {ergonomic}
     uint ConcGCThreads                            = 2                                         {product} {ergonomic}
     uint G1ConcRefinementThreads                  = 8                                         {product} {ergonomic}
   size_t G1HeapRegionSize                         = 1048576                                   {product} {ergonomic}
    uintx GCDrainStackTargetSize                   = 64                                        {product} {ergonomic}
   size_t InitialHeapSize                          = 134217728                                 {product} {ergonomic}
   size_t MarkStackSize                            = 4194304                                   {product} {ergonomic}
   size_t MaxHeapSize                              = 2147483648                                {product} {command line}
   size_t MaxNewSize                               = 1287651328                                {product} {ergonomic}
   size_t MinHeapDeltaBytes                        = 1048576                                   {product} {ergonomic}
   size_t MinHeapSize                              = 8388608                                   {product} {ergonomic}
    uintx NonNMethodCodeHeapSize                   = 5839372                                {pd product} {ergonomic}
    uintx NonProfiledCodeHeapSize                  = 122909434                              {pd product} {ergonomic}
    uintx ProfiledCodeHeapSize                     = 122909434                              {pd product} {ergonomic}
    uintx ReservedCodeCacheSize                    = 251658240                              {pd product} {ergonomic}
     bool SegmentedCodeCache                       = true                                      {product} {ergonomic}
   size_t SoftMaxHeapSize                          = 2147483648                             {manageable} {ergonomic}
     bool UseCompressedClassPointers               = true                           {product lp64_product} {ergonomic}
     bool UseCompressedOops                        = true                           {product lp64_product} {ergonomic}
     bool UseG1GC                                  = true                                      {product} {ergonomic}
     bool UseLargePagesIndividualAllocation        = false                                  {pd product} {ergonomic}

Logging:
Log output configuration:
 #0: stdout all=warning uptime,level,tags
 #1: stderr all=off uptime,level,tags

Environment Variables:
JAVA_HOME=C:\Program Files\Java\jdk1.8.0_161
PATH=C:\Program Files\Common Files\Oracle\Java\javapath;C:\Program Files (x86)\Intel\iCLS Client\;C:\Program Files\Intel\iCLS Client\;C:\ProgramData\Oracle\Java\javapath;C:\WINDOWS\system32;C:\WINDOWS;C:\WINDOWS\System32\Wbem;C:\WINDOWS\System32\WindowsPowerShell\v1.0\;C:\Program Files (x86)\Windows Live\Shared;C:\Program Files\Java\jdk1.8.0_161\bin;;C:\Program Files (x86)\Common Files\Teruten\DSFilter;C:\WINDOWS\System32\OpenSSH\;C:\Program Files (x86)\Intel\Intel(R) Management Engine Components\DAL;C:\Program Files\Intel\Intel(R) Management Engine Components\DAL;C:\Program Files (x86)\Intel\Intel(R) Management Engine Components\IPT;C:\Program Files\Intel\Intel(R) Management Engine Components\IPT;C:\Program Files (x86)\NVIDIA Corporation\PhysX\Common;C:\WINDOWS\system32;C:\WINDOWS;C:\WINDOWS\System32\Wbem;C:\WINDOWS\System32\WindowsPowerShell\v1.0\;C:\WINDOWS\System32\OpenSSH\;C:\Program Files\NVIDIA Corporation\NVIDIA NvDLISR;C:\Users\jupi0\AppData\Local\Programs\Python\Python38\Scripts\;C:\Users\jupi0\AppData\Local\Programs\Python\Python38\;C:\Users\jupi0\AppData\Local\Programs\Python\Python36\Scripts\;C:\Users\jupi0\AppData\Local\Programs\Python\Python36\;C:\Python36;C:\Users\jupi0\AppData\Local\Microsoft\WindowsApps;C:\Program Files\Bandizip\;;C:\Users\jupi0\AppData\Local\Programs\Microsoft VS Code\bin;C:\Program Files\JetBrains\PyCharm Community Edition 2023.2.1\bin;
USERNAME=jupi0
OS=Windows_NT
PROCESSOR_IDENTIFIER=Intel64 Family 6 Model 158 Stepping 9, GenuineIntel
TMP=C:\Users\jupi0\AppData\Local\Temp
TEMP=C:\Users\jupi0\AppData\Local\Temp


JNI global refs:
JNI global refs: 27, weak refs: 14

JNI global refs memory usage: 843, weak refs: 841


---------------  S Y S T E M  ---------------

OS:
 Windows 10 , 64 bit Build 19041 (10.0.19041.3636)
OS uptime: 14 days 21:52 hours
Hyper-V role detected

CPU: total 8 (initial active 8) (4 cores per cpu, 2 threads per core) family 6 model 158 stepping 9 microcode 0xb4, cx8, cmov, fxsr, ht, mmx, 3dnowpref, sse, sse2, sse3, ssse3, sse4.1, sse4.2, popcnt, lzcnt, tsc, tscinvbit, avx, avx2, aes, erms, clmul, bmi1, bmi2, adx, fma, vzeroupper, clflush, clflushopt, hv

Memory: 4k page, system-wide physical 8084M (585M free)
TotalPageFile size 30858M (AvailPageFile size 4M)
current process WorkingSet (physical memory assigned to process): 427M, peak: 427M
current process commit charge ("private bytes"): 479M, peak: 480M

vm_info: OpenJDK 64-Bit Server VM (17.0.6+0-b2043.56-10027231) for windows-amd64 JRE (17.0.6+0-b2043.56-10027231), built on Apr 28 2023 00:43:19 by "androidbuild" with MS VC++ 16.10 / 16.11 (VS2019)

END.
