#
# There is insufficient memory for the Java Runtime Environment to continue.
# Native memory allocation (mmap) failed to map 140509184 bytes for G1 virtual space
# Possible reasons:
#   The system is out of physical RAM or swap space
#   The process is running with CompressedOops enabled, and the Java Heap may be blocking the growth of the native heap
# Possible solutions:
#   Reduce memory load on the system
#   Increase physical memory or swap space
#   Check if swap backing store is full
#   Decrease Java heap size (-Xmx/-Xms)
#   Decrease number of Java threads
#   Decrease Java thread stack sizes (-Xss)
#   Set larger code cache with -XX:ReservedCodeCacheSize=
#   JVM is running with Unscaled Compressed Oops mode in which the Java heap is
#     placed in the first 4GB address space. The Java Heap base address is the
#     maximum limit for the native heap growth. Please use -XX:HeapBaseMinAddress
#     to set the Java Heap base and to place the Java Heap above 4GB virtual address.
# This output file may be truncated or incomplete.
#
#  Out of Memory Error (os_windows.cpp:3769), pid=18336, tid=19684
#
# JRE version: OpenJDK Runtime Environment (17.0.6) (build 17.0.6+0-b2043.56-10027231)
# Java VM: OpenJDK 64-Bit Server VM (17.0.6+0-b2043.56-10027231, mixed mode, tiered, compressed oops, compressed class ptrs, g1 gc, windows-amd64)
# No core dump will be written. Minidumps are not enabled by default on client versions of Windows
#

---------------  S U M M A R Y ------------

Command Line: --add-opens=java.base/java.util=ALL-UNNAMED --add-opens=java.base/java.lang=ALL-UNNAMED --add-opens=java.base/java.lang.invoke=ALL-UNNAMED --add-opens=java.prefs/java.util.prefs=ALL-UNNAMED --add-opens=java.base/java.nio.charset=ALL-UNNAMED --add-opens=java.base/java.net=ALL-UNNAMED --add-opens=java.base/java.util.concurrent.atomic=ALL-UNNAMED -Xmx2048m -Dfile.encoding=UTF-8 -Duser.country=KR -Duser.language=ko -Duser.variant org.gradle.launcher.daemon.bootstrap.GradleDaemon 8.0

Host: Intel(R) Core(TM) i7-7700HQ CPU @ 2.80GHz, 8 cores, 7G,  Windows 10 , 64 bit Build 19041 (10.0.19041.3636)
Time: Wed Dec 13 12:18:46 2023  Windows 10 , 64 bit Build 19041 (10.0.19041.3636) elapsed time: 15.319715 seconds (0d 0h 0m 15s)

---------------  T H R E A D  ---------------

Current thread (0x000001e377d45470):  VMThread "VM Thread" [stack: 0x0000000bf2b00000,0x0000000bf2c00000] [id=19684]

Stack: [0x0000000bf2b00000,0x0000000bf2c00000]
Native frames: (J=compiled Java code, j=interpreted, Vv=VM code, C=native code)
V  [jvm.dll+0x683c9a]
V  [jvm.dll+0x8427a4]
V  [jvm.dll+0x843f9e]
V  [jvm.dll+0x844603]
V  [jvm.dll+0x249b75]
V  [jvm.dll+0x680b69]
V  [jvm.dll+0x67505a]
V  [jvm.dll+0x309acb]
V  [jvm.dll+0x310f86]
V  [jvm.dll+0x3608ee]
V  [jvm.dll+0x360b1f]
V  [jvm.dll+0x2dfbf8]
V  [jvm.dll+0x2ddec4]
V  [jvm.dll+0x2dd4cc]
V  [jvm.dll+0x321f3b]
V  [jvm.dll+0x848ccb]
V  [jvm.dll+0x849a04]
V  [jvm.dll+0x849f1d]
V  [jvm.dll+0x84a2f4]
V  [jvm.dll+0x84a3c0]
V  [jvm.dll+0x7f274a]
V  [jvm.dll+0x682ad5]
C  [ucrtbase.dll+0x21bb2]
C  [KERNEL32.DLL+0x17344]
C  [ntdll.dll+0x526b1]

VM_Operation (0x0000000bfc8fbee0): G1CollectForAllocation, mode: safepoint, requested by thread 0x000001e302c75790


---------------  P R O C E S S  ---------------

Threads class SMR info:
_java_thread_list=0x000001e37e7a21b0, length=150, elements={
0x000001e35dedb040, 0x000001e377d67620, 0x000001e378800680, 0x000001e378813790,
0x000001e378816060, 0x000001e378816920, 0x000001e378817f20, 0x000001e377d6d550,
0x000001e377d6df00, 0x000001e3788681a0, 0x000001e3789ea010, 0x000001e378a071b0,
0x000001e37a266370, 0x000001e37b9424e0, 0x000001e379a97ad0, 0x000001e37b00a7d0,
0x000001e37b2cb990, 0x000001e379beb6e0, 0x000001e37af8ca20, 0x000001e37b5da0a0,
0x000001e379d3bbf0, 0x000001e379d3b250, 0x000001e379d3a3e0, 0x000001e379d3b720,
0x000001e379d3a8b0, 0x000001e379d3ad80, 0x000001e37c6cdfa0, 0x000001e37c6cf7b0,
0x000001e37c6d0150, 0x000001e37c6d3640, 0x000001e37c6d3fe0, 0x000001e37c6d27d0,
0x000001e37c6ce940, 0x000001e37c6ce470, 0x000001e37c6d44b0, 0x000001e37c6d1490,
0x000001e37c6d3b10, 0x000001e37c6d2300, 0x000001e37c6d3170, 0x000001e37c6d4980,
0x000001e37c6d4e50, 0x000001e37c6d5320, 0x000001e37c6d57f0, 0x000001e37c6cee10,
0x000001e37c6cf2e0, 0x000001e37c6d0af0, 0x000001e37c6d0fc0, 0x000001e37b3170b0,
0x000001e37b3158a0, 0x000001e37b313bc0, 0x000001e37b311ee0, 0x000001e37b317580,
0x000001e37b315d70, 0x000001e37b317f20, 0x000001e37b314560, 0x000001e37b316240,
0x000001e37b316710, 0x000001e37b316be0, 0x000001e37b3153d0, 0x000001e37b312d50,
0x000001e37b313220, 0x000001e37b311540, 0x000001e37b312880, 0x000001e37b3136f0,
0x000001e37b317a50, 0x000001e37b3183f0, 0x000001e37b3188c0, 0x000001e37b314090,
0x000001e37b318d90, 0x000001e37b311a10, 0x000001e37b3123b0, 0x000001e37b314a30,
0x000001e37b314f00, 0x000001e37ba118b0, 0x000001e37ba0f700, 0x000001e37ba0def0,
0x000001e37ba0fbd0, 0x000001e37ba100a0, 0x000001e37ba0b870, 0x000001e37ba0bd40,
0x000001e37ba0b3a0, 0x000001e37ba0f230, 0x000001e37ba0c210, 0x000001e37ba0d550,
0x000001e37ba0aa00, 0x000001e37ba0ed60, 0x000001e37ba0d080, 0x000001e37ba0c6e0,
0x000001e37ba0cbb0, 0x000001e37ba0da20, 0x000001e37ba0aed0, 0x000001e37ba0e3c0,
0x000001e37ba0e890, 0x000001e37ba10570, 0x000001e37ba10a40, 0x000001e37ba10f10,
0x000001e37ba113e0, 0x000001e37ba0a060, 0x000001e37ba0a530, 0x000001e37b601cf0,
0x000001e37b602690, 0x000001e37b605b80, 0x000001e37b606050, 0x000001e37b6069f0,
0x000001e37b606ec0, 0x000001e37b604840, 0x000001e37b606520, 0x000001e37b603ea0,
0x000001e37b6021c0, 0x000001e37b604370, 0x000001e37b604d10, 0x000001e37b608200,
0x000001e37b6056b0, 0x000001e37b601820, 0x000001e37b607390, 0x000001e37b607860,
0x000001e37b6086d0, 0x000001e37b609070, 0x000001e37b603030, 0x000001e37b603500,
0x000001e37b6051e0, 0x000001e37b608ba0, 0x000001e37b602b60, 0x000001e37b607d30,
0x000001e37cb258e0, 0x000001e37cb2aab0, 0x000001e37cb2a110, 0x000001e37cb2a5e0,
0x000001e37cb28430, 0x000001e37cb2bdf0, 0x000001e37cb28900, 0x000001e37cb26280,
0x000001e37cb26750, 0x000001e37cb27a90, 0x000001e37cb2af80, 0x000001e37cb24a70,
0x000001e37cb24f40, 0x000001e37cb275c0, 0x000001e37cb27f60, 0x000001e37cb270f0,
0x000001e37cb292a0, 0x000001e37cb29770, 0x000001e302c76ad0, 0x000001e302c73f80,
0x000001e302c75790, 0x000001e302c77940, 0x000001e302c76600, 0x000001e302c76130,
0x000001e302c76fa0, 0x000001e302c75c60
}

Java Threads: ( => current thread )
  0x000001e35dedb040 JavaThread "main" [_thread_blocked, id=17568, stack(0x0000000bf2500000,0x0000000bf2600000)]
  0x000001e377d67620 JavaThread "Reference Handler" daemon [_thread_blocked, id=10052, stack(0x0000000bf2c00000,0x0000000bf2d00000)]
  0x000001e378800680 JavaThread "Finalizer" daemon [_thread_blocked, id=5800, stack(0x0000000bf2d00000,0x0000000bf2e00000)]
  0x000001e378813790 JavaThread "Signal Dispatcher" daemon [_thread_blocked, id=16052, stack(0x0000000bf2e00000,0x0000000bf2f00000)]
  0x000001e378816060 JavaThread "Attach Listener" daemon [_thread_blocked, id=3900, stack(0x0000000bf2f00000,0x0000000bf3000000)]
  0x000001e378816920 JavaThread "Service Thread" daemon [_thread_blocked, id=12708, stack(0x0000000bf3000000,0x0000000bf3100000)]
  0x000001e378817f20 JavaThread "Monitor Deflation Thread" daemon [_thread_blocked, id=19060, stack(0x0000000bf3100000,0x0000000bf3200000)]
  0x000001e377d6d550 JavaThread "C2 CompilerThread0" daemon [_thread_blocked, id=22956, stack(0x0000000bf3200000,0x0000000bf3300000)]
  0x000001e377d6df00 JavaThread "C1 CompilerThread0" daemon [_thread_blocked, id=19904, stack(0x0000000bf3300000,0x0000000bf3400000)]
  0x000001e3788681a0 JavaThread "Sweeper thread" daemon [_thread_blocked, id=21760, stack(0x0000000bf3400000,0x0000000bf3500000)]
  0x000001e3789ea010 JavaThread "Common-Cleaner" daemon [_thread_blocked, id=22740, stack(0x0000000bf3500000,0x0000000bf3600000)]
  0x000001e378a071b0 JavaThread "Notification Thread" daemon [_thread_blocked, id=15996, stack(0x0000000bf3600000,0x0000000bf3700000)]
  0x000001e37a266370 JavaThread "Daemon health stats" [_thread_blocked, id=14920, stack(0x0000000bf3d00000,0x0000000bf3e00000)]
  0x000001e37b9424e0 JavaThread "Incoming local TCP Connector on port 10729" [_thread_in_native, id=11340, stack(0x0000000bf3800000,0x0000000bf3900000)]
  0x000001e379a97ad0 JavaThread "C2 CompilerThread1" daemon [_thread_blocked, id=3932, stack(0x0000000bf3e00000,0x0000000bf3f00000)]
  0x000001e37b00a7d0 JavaThread "Daemon periodic checks" [_thread_blocked, id=21408, stack(0x0000000bf3f00000,0x0000000bf4000000)]
  0x000001e37b2cb990 JavaThread "Daemon" [_thread_blocked, id=9488, stack(0x0000000bf4100000,0x0000000bf4200000)]
  0x000001e379beb6e0 JavaThread "Handler for socket connection from /127.0.0.1:10729 to /127.0.0.1:10730" [_thread_in_native, id=12332, stack(0x0000000bf4200000,0x0000000bf4300000)]
  0x000001e37af8ca20 JavaThread "Cancel handler" [_thread_blocked, id=19500, stack(0x0000000bf4300000,0x0000000bf4400000)]
  0x000001e37b5da0a0 JavaThread "Daemon worker" [_thread_blocked, id=13640, stack(0x0000000bf4400000,0x0000000bf4500000)]
  0x000001e379d3bbf0 JavaThread "Asynchronous log dispatcher for DefaultDaemonConnection: socket connection from /127.0.0.1:10729 to /127.0.0.1:10730" [_thread_blocked, id=16600, stack(0x0000000bf4500000,0x0000000bf4600000)]
  0x000001e379d3b250 JavaThread "Stdin handler" [_thread_blocked, id=17768, stack(0x0000000bf4600000,0x0000000bf4700000)]
  0x000001e379d3a3e0 JavaThread "Daemon client event forwarder" [_thread_blocked, id=12380, stack(0x0000000bf4700000,0x0000000bf4800000)]
  0x000001e379d3b720 JavaThread "Cache worker for journal cache (C:\Users\jupi0\.gradle\caches\journal-1)" [_thread_blocked, id=6188, stack(0x0000000bf4c00000,0x0000000bf4d00000)]
  0x000001e379d3a8b0 JavaThread "File lock request listener" [_thread_in_native, id=14856, stack(0x0000000bf4d00000,0x0000000bf4e00000)]
  0x000001e379d3ad80 JavaThread "Cache worker for file hash cache (C:\Users\jupi0\.gradle\caches\8.0\fileHashes)" [_thread_blocked, id=17824, stack(0x0000000bf4e00000,0x0000000bf4f00000)]
  0x000001e37c6cdfa0 JavaThread "File watcher server" daemon [_thread_blocked, id=20232, stack(0x0000000bf4f00000,0x0000000bf5000000)]
  0x000001e37c6cf7b0 JavaThread "File watcher consumer" daemon [_thread_blocked, id=7324, stack(0x0000000bf5000000,0x0000000bf5100000)]
  0x000001e37c6d0150 JavaThread "Cache worker for checksums cache (C:\Users\jupi0\AndroidStudioProjects\Capstone_2\.gradle\8.0\checksums)" [_thread_blocked, id=17564, stack(0x0000000bf5100000,0x0000000bf5200000)]
  0x000001e37c6d3640 JavaThread "Cache worker for cache directory md-rule (C:\Users\jupi0\.gradle\caches\8.0\md-rule)" [_thread_blocked, id=18956, stack(0x0000000bf5200000,0x0000000bf5300000)]
  0x000001e37c6d3fe0 JavaThread "Cache worker for file content cache (C:\Users\jupi0\.gradle\caches\8.0\fileContent)" [_thread_blocked, id=4428, stack(0x0000000bf5300000,0x0000000bf5400000)]
  0x000001e37c6d27d0 JavaThread "Cache worker for file hash cache (C:\Users\jupi0\AndroidStudioProjects\Capstone_2\.gradle\8.0\fileHashes)" [_thread_blocked, id=16416, stack(0x0000000bf5400000,0x0000000bf5500000)]
  0x000001e37c6ce940 JavaThread "Cache worker for cache directory md-supplier (C:\Users\jupi0\.gradle\caches\8.0\md-supplier)" [_thread_blocked, id=21340, stack(0x0000000bf5500000,0x0000000bf5600000)]
  0x000001e37c6ce470 JavaThread "Cache worker for execution history cache (C:\Users\jupi0\.gradle\caches\8.0\executionHistory)" [_thread_blocked, id=20104, stack(0x0000000bf5600000,0x0000000bf5700000)]
  0x000001e37c6d44b0 JavaThread "jar transforms" [_thread_blocked, id=20428, stack(0x0000000bf5700000,0x0000000bf5800000)]
  0x000001e37c6d1490 JavaThread "jar transforms Thread 2" [_thread_blocked, id=18952, stack(0x0000000bf5800000,0x0000000bf5900000)]
  0x000001e37c6d3b10 JavaThread "jar transforms Thread 3" [_thread_blocked, id=10976, stack(0x0000000bf5b00000,0x0000000bf5c00000)]
  0x000001e37c6d2300 JavaThread "jar transforms Thread 4" [_thread_blocked, id=13832, stack(0x0000000bf5c00000,0x0000000bf5d00000)]
  0x000001e37c6d3170 JavaThread "Cache worker for dependencies-accessors (C:\Users\jupi0\AndroidStudioProjects\Capstone_2\.gradle\8.0\dependencies-accessors)" [_thread_blocked, id=12488, stack(0x0000000bf5d00000,0x0000000bf5e00000)]
  0x000001e37c6d4980 JavaThread "jar transforms Thread 5" [_thread_blocked, id=18012, stack(0x0000000bf5e00000,0x0000000bf5f00000)]
  0x000001e37c6d4e50 JavaThread "Cache worker for Build Output Cleanup Cache (C:\Users\jupi0\AndroidStudioProjects\Capstone_2\.gradle\buildOutputCleanup)" [_thread_blocked, id=10256, stack(0x0000000bf5f00000,0x0000000bf6000000)]
  0x000001e37c6d5320 JavaThread "Unconstrained build operations" [_thread_blocked, id=3076, stack(0x0000000bf6000000,0x0000000bf6100000)]
  0x000001e37c6d57f0 JavaThread "Unconstrained build operations Thread 2" [_thread_blocked, id=10380, stack(0x0000000bf6100000,0x0000000bf6200000)]
  0x000001e37c6cee10 JavaThread "Unconstrained build operations Thread 3" [_thread_blocked, id=13760, stack(0x0000000bf6200000,0x0000000bf6300000)]
  0x000001e37c6cf2e0 JavaThread "Unconstrained build operations Thread 4" [_thread_blocked, id=19960, stack(0x0000000bf6300000,0x0000000bf6400000)]
  0x000001e37c6d0af0 JavaThread "Unconstrained build operations Thread 5" [_thread_blocked, id=21328, stack(0x0000000bf6400000,0x0000000bf6500000)]
  0x000001e37c6d0fc0 JavaThread "Unconstrained build operations Thread 6" [_thread_blocked, id=8908, stack(0x0000000bf6500000,0x0000000bf6600000)]
  0x000001e37b3170b0 JavaThread "Unconstrained build operations Thread 7" [_thread_blocked, id=21600, stack(0x0000000bf6600000,0x0000000bf6700000)]
  0x000001e37b3158a0 JavaThread "Unconstrained build operations Thread 8" [_thread_blocked, id=18000, stack(0x0000000bf6700000,0x0000000bf6800000)]
  0x000001e37b313bc0 JavaThread "Unconstrained build operations Thread 9" [_thread_blocked, id=20952, stack(0x0000000bf6800000,0x0000000bf6900000)]
  0x000001e37b311ee0 JavaThread "Unconstrained build operations Thread 10" [_thread_blocked, id=19676, stack(0x0000000bf6900000,0x0000000bf6a00000)]
  0x000001e37b317580 JavaThread "Unconstrained build operations Thread 11" [_thread_blocked, id=21596, stack(0x0000000bf6a00000,0x0000000bf6b00000)]
  0x000001e37b315d70 JavaThread "Unconstrained build operations Thread 12" [_thread_blocked, id=4616, stack(0x0000000bf6b00000,0x0000000bf6c00000)]
  0x000001e37b317f20 JavaThread "Unconstrained build operations Thread 13" [_thread_blocked, id=11468, stack(0x0000000bf6c00000,0x0000000bf6d00000)]
  0x000001e37b314560 JavaThread "Unconstrained build operations Thread 14" [_thread_blocked, id=12720, stack(0x0000000bf6d00000,0x0000000bf6e00000)]
  0x000001e37b316240 JavaThread "Unconstrained build operations Thread 15" [_thread_blocked, id=23004, stack(0x0000000bf6e00000,0x0000000bf6f00000)]
  0x000001e37b316710 JavaThread "Unconstrained build operations Thread 16" [_thread_blocked, id=21096, stack(0x0000000bf6f00000,0x0000000bf7000000)]
  0x000001e37b316be0 JavaThread "Unconstrained build operations Thread 17" [_thread_blocked, id=4008, stack(0x0000000bf7000000,0x0000000bf7100000)]
  0x000001e37b3153d0 JavaThread "Unconstrained build operations Thread 18" [_thread_blocked, id=18472, stack(0x0000000bf7100000,0x0000000bf7200000)]
  0x000001e37b312d50 JavaThread "Unconstrained build operations Thread 19" [_thread_blocked, id=17792, stack(0x0000000bf7200000,0x0000000bf7300000)]
  0x000001e37b313220 JavaThread "Unconstrained build operations Thread 20" [_thread_blocked, id=22324, stack(0x0000000bf7300000,0x0000000bf7400000)]
  0x000001e37b311540 JavaThread "Unconstrained build operations Thread 21" [_thread_blocked, id=21712, stack(0x0000000bf7400000,0x0000000bf7500000)]
  0x000001e37b312880 JavaThread "Unconstrained build operations Thread 22" [_thread_blocked, id=3680, stack(0x0000000bf7500000,0x0000000bf7600000)]
  0x000001e37b3136f0 JavaThread "Unconstrained build operations Thread 23" [_thread_blocked, id=19232, stack(0x0000000bf7600000,0x0000000bf7700000)]
  0x000001e37b317a50 JavaThread "Unconstrained build operations Thread 24" [_thread_blocked, id=13536, stack(0x0000000bf7700000,0x0000000bf7800000)]
  0x000001e37b3183f0 JavaThread "Unconstrained build operations Thread 25" [_thread_blocked, id=17124, stack(0x0000000bf7800000,0x0000000bf7900000)]
  0x000001e37b3188c0 JavaThread "Unconstrained build operations Thread 26" [_thread_blocked, id=7192, stack(0x0000000bf7900000,0x0000000bf7a00000)]
  0x000001e37b314090 JavaThread "Unconstrained build operations Thread 27" [_thread_blocked, id=14228, stack(0x0000000bf7a00000,0x0000000bf7b00000)]
  0x000001e37b318d90 JavaThread "Unconstrained build operations Thread 28" [_thread_blocked, id=20544, stack(0x0000000bf7b00000,0x0000000bf7c00000)]
  0x000001e37b311a10 JavaThread "Unconstrained build operations Thread 29" [_thread_blocked, id=18016, stack(0x0000000bf7c00000,0x0000000bf7d00000)]
  0x000001e37b3123b0 JavaThread "Unconstrained build operations Thread 30" [_thread_blocked, id=18320, stack(0x0000000bf7d00000,0x0000000bf7e00000)]
  0x000001e37b314a30 JavaThread "Unconstrained build operations Thread 31" [_thread_blocked, id=12108, stack(0x0000000bf7e00000,0x0000000bf7f00000)]
  0x000001e37b314f00 JavaThread "Unconstrained build operations Thread 32" [_thread_blocked, id=11364, stack(0x0000000bf7f00000,0x0000000bf8000000)]
  0x000001e37ba118b0 JavaThread "Unconstrained build operations Thread 33" [_thread_blocked, id=2768, stack(0x0000000bf8000000,0x0000000bf8100000)]
  0x000001e37ba0f700 JavaThread "Unconstrained build operations Thread 34" [_thread_blocked, id=4324, stack(0x0000000bf8100000,0x0000000bf8200000)]
  0x000001e37ba0def0 JavaThread "Unconstrained build operations Thread 35" [_thread_blocked, id=1868, stack(0x0000000bf8200000,0x0000000bf8300000)]
  0x000001e37ba0fbd0 JavaThread "Unconstrained build operations Thread 36" [_thread_blocked, id=11816, stack(0x0000000bf8300000,0x0000000bf8400000)]
  0x000001e37ba100a0 JavaThread "Unconstrained build operations Thread 37" [_thread_blocked, id=19532, stack(0x0000000bf8400000,0x0000000bf8500000)]
  0x000001e37ba0b870 JavaThread "Unconstrained build operations Thread 38" [_thread_blocked, id=2168, stack(0x0000000bf8500000,0x0000000bf8600000)]
  0x000001e37ba0bd40 JavaThread "Unconstrained build operations Thread 39" [_thread_blocked, id=10472, stack(0x0000000bf8600000,0x0000000bf8700000)]
  0x000001e37ba0b3a0 JavaThread "Unconstrained build operations Thread 40" [_thread_blocked, id=500, stack(0x0000000bf8700000,0x0000000bf8800000)]
  0x000001e37ba0f230 JavaThread "Unconstrained build operations Thread 41" [_thread_blocked, id=16784, stack(0x0000000bf8800000,0x0000000bf8900000)]
  0x000001e37ba0c210 JavaThread "Unconstrained build operations Thread 42" [_thread_blocked, id=1380, stack(0x0000000bf8900000,0x0000000bf8a00000)]
  0x000001e37ba0d550 JavaThread "Unconstrained build operations Thread 43" [_thread_blocked, id=4664, stack(0x0000000bf8a00000,0x0000000bf8b00000)]
  0x000001e37ba0aa00 JavaThread "Unconstrained build operations Thread 44" [_thread_blocked, id=1644, stack(0x0000000bf8b00000,0x0000000bf8c00000)]
  0x000001e37ba0ed60 JavaThread "Unconstrained build operations Thread 45" [_thread_blocked, id=22880, stack(0x0000000bf8c00000,0x0000000bf8d00000)]
  0x000001e37ba0d080 JavaThread "Unconstrained build operations Thread 46" [_thread_blocked, id=23148, stack(0x0000000bf8d00000,0x0000000bf8e00000)]
  0x000001e37ba0c6e0 JavaThread "Unconstrained build operations Thread 47" [_thread_blocked, id=16912, stack(0x0000000bf8e00000,0x0000000bf8f00000)]
  0x000001e37ba0cbb0 JavaThread "Unconstrained build operations Thread 48" [_thread_blocked, id=5304, stack(0x0000000bf8f00000,0x0000000bf9000000)]
  0x000001e37ba0da20 JavaThread "Unconstrained build operations Thread 49" [_thread_blocked, id=23452, stack(0x0000000bf9000000,0x0000000bf9100000)]
  0x000001e37ba0aed0 JavaThread "Unconstrained build operations Thread 50" [_thread_blocked, id=10964, stack(0x0000000bf9100000,0x0000000bf9200000)]
  0x000001e37ba0e3c0 JavaThread "Unconstrained build operations Thread 51" [_thread_blocked, id=5500, stack(0x0000000bf9200000,0x0000000bf9300000)]
  0x000001e37ba0e890 JavaThread "Unconstrained build operations Thread 52" [_thread_blocked, id=21608, stack(0x0000000bf9300000,0x0000000bf9400000)]
  0x000001e37ba10570 JavaThread "Unconstrained build operations Thread 53" [_thread_blocked, id=14724, stack(0x0000000bf9400000,0x0000000bf9500000)]
  0x000001e37ba10a40 JavaThread "Unconstrained build operations Thread 54" [_thread_blocked, id=7592, stack(0x0000000bf9500000,0x0000000bf9600000)]
  0x000001e37ba10f10 JavaThread "Unconstrained build operations Thread 55" [_thread_blocked, id=11076, stack(0x0000000bf9600000,0x0000000bf9700000)]
  0x000001e37ba113e0 JavaThread "Unconstrained build operations Thread 56" [_thread_blocked, id=18268, stack(0x0000000bf9700000,0x0000000bf9800000)]
  0x000001e37ba0a060 JavaThread "Unconstrained build operations Thread 57" [_thread_blocked, id=21480, stack(0x0000000bf9800000,0x0000000bf9900000)]
  0x000001e37ba0a530 JavaThread "Unconstrained build operations Thread 58" [_thread_blocked, id=17308, stack(0x0000000bf9900000,0x0000000bf9a00000)]
  0x000001e37b601cf0 JavaThread "Unconstrained build operations Thread 59" [_thread_blocked, id=20540, stack(0x0000000bf9a00000,0x0000000bf9b00000)]
  0x000001e37b602690 JavaThread "Unconstrained build operations Thread 60" [_thread_blocked, id=4692, stack(0x0000000bf9b00000,0x0000000bf9c00000)]
  0x000001e37b605b80 JavaThread "Unconstrained build operations Thread 61" [_thread_blocked, id=6944, stack(0x0000000bf9c00000,0x0000000bf9d00000)]
  0x000001e37b606050 JavaThread "Unconstrained build operations Thread 62" [_thread_blocked, id=19708, stack(0x0000000bf9d00000,0x0000000bf9e00000)]
  0x000001e37b6069f0 JavaThread "Unconstrained build operations Thread 63" [_thread_blocked, id=11856, stack(0x0000000bf9e00000,0x0000000bf9f00000)]
  0x000001e37b606ec0 JavaThread "Unconstrained build operations Thread 64" [_thread_blocked, id=23364, stack(0x0000000bf9f00000,0x0000000bfa000000)]
  0x000001e37b604840 JavaThread "Unconstrained build operations Thread 65" [_thread_blocked, id=17900, stack(0x0000000bfa000000,0x0000000bfa100000)]
  0x000001e37b606520 JavaThread "Unconstrained build operations Thread 66" [_thread_blocked, id=19828, stack(0x0000000bfa100000,0x0000000bfa200000)]
  0x000001e37b603ea0 JavaThread "Unconstrained build operations Thread 67" [_thread_blocked, id=8980, stack(0x0000000bfa200000,0x0000000bfa300000)]
  0x000001e37b6021c0 JavaThread "Unconstrained build operations Thread 68" [_thread_blocked, id=7220, stack(0x0000000bfa300000,0x0000000bfa400000)]
  0x000001e37b604370 JavaThread "Unconstrained build operations Thread 69" [_thread_blocked, id=9624, stack(0x0000000bfa400000,0x0000000bfa500000)]
  0x000001e37b604d10 JavaThread "Unconstrained build operations Thread 70" [_thread_blocked, id=8960, stack(0x0000000bfa500000,0x0000000bfa600000)]
  0x000001e37b608200 JavaThread "Unconstrained build operations Thread 71" [_thread_blocked, id=15000, stack(0x0000000bfa600000,0x0000000bfa700000)]
  0x000001e37b6056b0 JavaThread "Unconstrained build operations Thread 72" [_thread_blocked, id=9856, stack(0x0000000bfa700000,0x0000000bfa800000)]
  0x000001e37b601820 JavaThread "Unconstrained build operations Thread 73" [_thread_blocked, id=11836, stack(0x0000000bfa800000,0x0000000bfa900000)]
  0x000001e37b607390 JavaThread "Unconstrained build operations Thread 74" [_thread_blocked, id=21972, stack(0x0000000bfa900000,0x0000000bfaa00000)]
  0x000001e37b607860 JavaThread "Unconstrained build operations Thread 75" [_thread_blocked, id=20316, stack(0x0000000bfaa00000,0x0000000bfab00000)]
  0x000001e37b6086d0 JavaThread "Unconstrained build operations Thread 76" [_thread_blocked, id=10072, stack(0x0000000bfab00000,0x0000000bfac00000)]
  0x000001e37b609070 JavaThread "Unconstrained build operations Thread 77" [_thread_blocked, id=10520, stack(0x0000000bfac00000,0x0000000bfad00000)]
  0x000001e37b603030 JavaThread "Unconstrained build operations Thread 78" [_thread_blocked, id=20332, stack(0x0000000bfad00000,0x0000000bfae00000)]
  0x000001e37b603500 JavaThread "Unconstrained build operations Thread 79" [_thread_blocked, id=18488, stack(0x0000000bfae00000,0x0000000bfaf00000)]
  0x000001e37b6051e0 JavaThread "Unconstrained build operations Thread 80" [_thread_blocked, id=18008, stack(0x0000000bfaf00000,0x0000000bfb000000)]
  0x000001e37b608ba0 JavaThread "jar transforms Thread 6" [_thread_blocked, id=10604, stack(0x0000000bfb000000,0x0000000bfb100000)]
  0x000001e37b602b60 JavaThread "jar transforms Thread 7" [_thread_blocked, id=6592, stack(0x0000000bfb100000,0x0000000bfb200000)]
  0x000001e37b607d30 JavaThread "jar transforms Thread 8" [_thread_blocked, id=11052, stack(0x0000000bfb200000,0x0000000bfb300000)]
  0x000001e37cb258e0 JavaThread "build event listener" [_thread_blocked, id=18072, stack(0x0000000bf4000000,0x0000000bf4100000)]
  0x000001e37cb2aab0 JavaThread "Memory manager" [_thread_blocked, id=6804, stack(0x0000000bfb300000,0x0000000bfb400000)]
  0x000001e37cb2a110 JavaThread "included builds" [_thread_blocked, id=4936, stack(0x0000000bfb400000,0x0000000bfb500000)]
  0x000001e37cb2a5e0 JavaThread "Execution worker" [_thread_blocked, id=14844, stack(0x0000000bfb500000,0x0000000bfb600000)]
  0x000001e37cb28430 JavaThread "Execution worker Thread 2" [_thread_blocked, id=1136, stack(0x0000000bfb600000,0x0000000bfb700000)]
  0x000001e37cb2bdf0 JavaThread "Execution worker Thread 3" [_thread_blocked, id=9648, stack(0x0000000bfb700000,0x0000000bfb800000)]
  0x000001e37cb28900 JavaThread "Execution worker Thread 4" [_thread_blocked, id=20884, stack(0x0000000bfb800000,0x0000000bfb900000)]
  0x000001e37cb26280 JavaThread "Execution worker Thread 5" [_thread_blocked, id=22088, stack(0x0000000bfb900000,0x0000000bfba00000)]
  0x000001e37cb26750 JavaThread "Execution worker Thread 6" [_thread_blocked, id=14804, stack(0x0000000bfba00000,0x0000000bfbb00000)]
  0x000001e37cb27a90 JavaThread "Execution worker Thread 7" [_thread_blocked, id=4432, stack(0x0000000bfbb00000,0x0000000bfbc00000)]
  0x000001e37cb2af80 JavaThread "Cache worker for execution history cache (C:\Users\jupi0\AndroidStudioProjects\Capstone_2\.gradle\8.0\executionHistory)" [_thread_blocked, id=15216, stack(0x0000000bfbc00000,0x0000000bfbd00000)]
  0x000001e37cb24a70 JavaThread "WorkerExecutor Queue" [_thread_blocked, id=10724, stack(0x0000000bfbd00000,0x0000000bfbe00000)]
  0x000001e37cb24f40 JavaThread "WorkerExecutor Queue Thread 2" [_thread_blocked, id=16476, stack(0x0000000bfbe00000,0x0000000bfbf00000)]
  0x000001e37cb275c0 JavaThread "WorkerExecutor Queue Thread 3" [_thread_blocked, id=19156, stack(0x0000000bfbf00000,0x0000000bfc000000)]
  0x000001e37cb27f60 JavaThread "WorkerExecutor Queue Thread 4" [_thread_blocked, id=12140, stack(0x0000000bfc000000,0x0000000bfc100000)]
  0x000001e37cb270f0 JavaThread "pool-3-thread-1" [_thread_blocked, id=13380, stack(0x0000000bfc100000,0x0000000bfc200000)]
  0x000001e37cb292a0 JavaThread "stderr" [_thread_in_native, id=22092, stack(0x0000000bfc200000,0x0000000bfc300000)]
  0x000001e37cb29770 JavaThread "stdout" [_thread_in_native, id=8700, stack(0x0000000bfc300000,0x0000000bfc400000)]
  0x000001e302c76ad0 JavaThread "ForkJoinPool-1-worker-1" daemon [_thread_blocked, id=3548, stack(0x0000000bfc600000,0x0000000bfc700000)]
  0x000001e302c73f80 JavaThread "ForkJoinPool-1-worker-2" daemon [_thread_blocked, id=3916, stack(0x0000000bfc700000,0x0000000bfc800000)]
  0x000001e302c75790 JavaThread "ForkJoinPool-1-worker-3" daemon [_thread_blocked, id=12132, stack(0x0000000bfc800000,0x0000000bfc900000)]
  0x000001e302c77940 JavaThread "ForkJoinPool-1-worker-4" daemon [_thread_blocked, id=10568, stack(0x0000000bfc900000,0x0000000bfca00000)]
  0x000001e302c76600 JavaThread "ForkJoinPool-1-worker-5" daemon [_thread_blocked, id=15008, stack(0x0000000bfca00000,0x0000000bfcb00000)]
  0x000001e302c76130 JavaThread "ForkJoinPool-1-worker-6" daemon [_thread_blocked, id=10284, stack(0x0000000bfcb00000,0x0000000bfcc00000)]
  0x000001e302c76fa0 JavaThread "ForkJoinPool-1-worker-7" daemon [_thread_blocked, id=21424, stack(0x0000000bfcc00000,0x0000000bfcd00000)]
  0x000001e302c75c60 JavaThread "ForkJoinPool-1-worker-8" daemon [_thread_blocked, id=11796, stack(0x0000000bfcd00000,0x0000000bfce00000)]

Other Threads:
=>0x000001e377d45470 VMThread "VM Thread" [stack: 0x0000000bf2b00000,0x0000000bf2c00000] [id=19684]
  0x000001e35df66900 WatcherThread [stack: 0x0000000bf3700000,0x0000000bf3800000] [id=23472]
  0x000001e35df3b120 GCTaskThread "GC Thread#0" [stack: 0x0000000bf2600000,0x0000000bf2700000] [id=11080]
  0x000001e378f50a80 GCTaskThread "GC Thread#1" [stack: 0x0000000bf3900000,0x0000000bf3a00000] [id=22512]
  0x000001e378d54550 GCTaskThread "GC Thread#2" [stack: 0x0000000bf3a00000,0x0000000bf3b00000] [id=22568]
  0x000001e3796880d0 GCTaskThread "GC Thread#3" [stack: 0x0000000bf3b00000,0x0000000bf3c00000] [id=13876]
  0x000001e37962be50 GCTaskThread "GC Thread#4" [stack: 0x0000000bf3c00000,0x0000000bf3d00000] [id=21952]
  0x000001e37b1617f0 GCTaskThread "GC Thread#5" [stack: 0x0000000bf4800000,0x0000000bf4900000] [id=22460]
  0x000001e37b46fd90 GCTaskThread "GC Thread#6" [stack: 0x0000000bf4900000,0x0000000bf4a00000] [id=13584]
  0x000001e37b470040 GCTaskThread "GC Thread#7" [stack: 0x0000000bf4a00000,0x0000000bf4b00000] [id=20604]
  0x000001e35df4bf70 ConcurrentGCThread "G1 Main Marker" [stack: 0x0000000bf2700000,0x0000000bf2800000] [id=19592]
  0x000001e35df4d030 ConcurrentGCThread "G1 Conc#0" [stack: 0x0000000bf2800000,0x0000000bf2900000] [id=2064]
  0x000001e37b4702f0 ConcurrentGCThread "G1 Conc#1" [stack: 0x0000000bf4b00000,0x0000000bf4c00000] [id=20848]
  0x000001e35dfa5050 ConcurrentGCThread "G1 Refine#0" [stack: 0x0000000bf2900000,0x0000000bf2a00000] [id=5640]
  0x000001e37b5d4d50 ConcurrentGCThread "G1 Refine#1" [stack: 0x0000000bf5900000,0x0000000bf5a00000] [id=5636]
  0x000001e37b5d3ef0 ConcurrentGCThread "G1 Refine#2" [stack: 0x0000000bf5a00000,0x0000000bf5b00000] [id=6196]
  0x000001e37e4ed920 ConcurrentGCThread "G1 Refine#3" [stack: 0x0000000bfc400000,0x0000000bfc500000] [id=23264]
  0x000001e378e6fcb0 ConcurrentGCThread "G1 Refine#4" [stack: 0x0000000bfc500000,0x0000000bfc600000] [id=17284]
  0x000001e35dfa5980 ConcurrentGCThread "G1 Service" [stack: 0x0000000bf2a00000,0x0000000bf2b00000] [id=18656]

Threads with active compile tasks:
C2 CompilerThread0    15392 11357 %     4       com.android.tools.r8.dex.B::l @ 63 (1921 bytes)
C1 CompilerThread0    15392 11513       3       java.lang.invoke.LambdaMetafactory::extractArg (47 bytes)
C2 CompilerThread1    15392 11098       4       java.lang.reflect.Method::invoke (65 bytes)

VM state: at safepoint (normal execution)

VM Mutex/Monitor currently owned by a thread:  ([mutex/lock_event])
[0x000001e35ded5a00] Threads_lock - owner thread: 0x000001e377d45470
[0x000001e35ded7590] Heap_lock - owner thread: 0x000001e302c75790

Heap address: 0x0000000080000000, size: 2048 MB, Compressed Oops mode: 32-bit

CDS archive(s) not mapped
Compressed class space mapped at: 0x0000000100000000-0x0000000140000000, reserved size: 1073741824
Narrow klass base: 0x0000000000000000, Narrow klass shift: 3, Narrow klass range: 0x140000000

GC Precious Log:
 CPUs: 8 total, 8 available
 Memory: 8084M
 Large Page Support: Disabled
 NUMA Support: Disabled
 Compressed Oops: Enabled (32-bit)
 Heap Region Size: 1M
 Heap Min Capacity: 8M
 Heap Initial Capacity: 128M
 Heap Max Capacity: 2G
 Pre-touch: Disabled
 Parallel Workers: 8
 Concurrent Workers: 2
 Concurrent Refinement Workers: 8
 Periodic GC: Disabled

Heap:
 garbage-first heap   total 199680K, used 142331K [0x0000000080000000, 0x0000000100000000)
  region size 1024K, 4 young (4096K), 4 survivors (4096K)
 Metaspace       used 96090K, committed 96704K, reserved 1138688K
  class space    used 13154K, committed 13440K, reserved 1048576K

Heap Regions: E=young(eden), S=young(survivor), O=old, HS=humongous(starts), HC=humongous(continues), CS=collection set, F=free, OA=open archive, CA=closed archive, TAMS=top-at-mark-start (previous, next)
|   0|0x0000000080000000, 0x0000000080100000, 0x0000000080100000|100%|HS|  |TAMS 0x0000000080100000, 0x0000000080100000| Complete 
|   1|0x0000000080100000, 0x0000000080200000, 0x0000000080200000|100%|HC|  |TAMS 0x0000000080200000, 0x0000000080200000| Complete 
|   2|0x0000000080200000, 0x0000000080300000, 0x0000000080300000|100%|HC|  |TAMS 0x0000000080300000, 0x0000000080300000| Complete 
|   3|0x0000000080300000, 0x0000000080400000, 0x0000000080400000|100%|HC|  |TAMS 0x0000000080400000, 0x0000000080400000| Complete 
|   4|0x0000000080400000, 0x0000000080500000, 0x0000000080500000|100%| O|  |TAMS 0x0000000080500000, 0x0000000080500000| Untracked 
|   5|0x0000000080500000, 0x0000000080600000, 0x0000000080600000|100%| O|  |TAMS 0x0000000080600000, 0x0000000080600000| Untracked 
|   6|0x0000000080600000, 0x0000000080700000, 0x0000000080700000|100%| O|  |TAMS 0x0000000080700000, 0x0000000080700000| Untracked 
|   7|0x0000000080700000, 0x0000000080800000, 0x0000000080800000|100%| O|  |TAMS 0x0000000080800000, 0x0000000080800000| Untracked 
|   8|0x0000000080800000, 0x0000000080900000, 0x0000000080900000|100%| O|  |TAMS 0x0000000080900000, 0x0000000080900000| Untracked 
|   9|0x0000000080900000, 0x0000000080a00000, 0x0000000080a00000|100%| O|  |TAMS 0x0000000080a00000, 0x0000000080a00000| Untracked 
|  10|0x0000000080a00000, 0x0000000080b00000, 0x0000000080b00000|100%| O|  |TAMS 0x0000000080b00000, 0x0000000080b00000| Untracked 
|  11|0x0000000080b00000, 0x0000000080c00000, 0x0000000080c00000|100%| O|  |TAMS 0x0000000080c00000, 0x0000000080c00000| Untracked 
|  12|0x0000000080c00000, 0x0000000080d00000, 0x0000000080d00000|100%| O|  |TAMS 0x0000000080d00000, 0x0000000080d00000| Untracked 
|  13|0x0000000080d00000, 0x0000000080e00000, 0x0000000080e00000|100%| O|  |TAMS 0x0000000080e00000, 0x0000000080e00000| Untracked 
|  14|0x0000000080e00000, 0x0000000080f00000, 0x0000000080f00000|100%| O|  |TAMS 0x0000000080f00000, 0x0000000080f00000| Untracked 
|  15|0x0000000080f00000, 0x0000000081000000, 0x0000000081000000|100%| O|  |TAMS 0x0000000081000000, 0x0000000081000000| Untracked 
|  16|0x0000000081000000, 0x0000000081100000, 0x0000000081100000|100%| O|  |TAMS 0x0000000081100000, 0x0000000081100000| Untracked 
|  17|0x0000000081100000, 0x0000000081200000, 0x0000000081200000|100%| O|  |TAMS 0x0000000081200000, 0x0000000081200000| Untracked 
|  18|0x0000000081200000, 0x0000000081300000, 0x0000000081300000|100%| O|  |TAMS 0x0000000081300000, 0x0000000081300000| Untracked 
|  19|0x0000000081300000, 0x0000000081400000, 0x0000000081400000|100%| O|  |TAMS 0x0000000081400000, 0x0000000081400000| Untracked 
|  20|0x0000000081400000, 0x0000000081500000, 0x0000000081500000|100%| O|  |TAMS 0x0000000081500000, 0x0000000081500000| Untracked 
|  21|0x0000000081500000, 0x0000000081600000, 0x0000000081600000|100%| O|  |TAMS 0x0000000081600000, 0x0000000081600000| Untracked 
|  22|0x0000000081600000, 0x0000000081700000, 0x0000000081700000|100%| O|  |TAMS 0x0000000081700000, 0x0000000081700000| Untracked 
|  23|0x0000000081700000, 0x0000000081800000, 0x0000000081800000|100%| O|  |TAMS 0x0000000081800000, 0x0000000081800000| Untracked 
|  24|0x0000000081800000, 0x0000000081900000, 0x0000000081900000|100%| O|  |TAMS 0x0000000081900000, 0x0000000081900000| Untracked 
|  25|0x0000000081900000, 0x0000000081a00000, 0x0000000081a00000|100%| O|  |TAMS 0x0000000081a00000, 0x0000000081a00000| Untracked 
|  26|0x0000000081a00000, 0x0000000081b00000, 0x0000000081b00000|100%| O|  |TAMS 0x0000000081b00000, 0x0000000081b00000| Untracked 
|  27|0x0000000081b00000, 0x0000000081c00000, 0x0000000081c00000|100%| O|  |TAMS 0x0000000081c00000, 0x0000000081c00000| Untracked 
|  28|0x0000000081c00000, 0x0000000081d00000, 0x0000000081d00000|100%| O|  |TAMS 0x0000000081d00000, 0x0000000081d00000| Untracked 
|  29|0x0000000081d00000, 0x0000000081e00000, 0x0000000081e00000|100%| O|  |TAMS 0x0000000081e00000, 0x0000000081e00000| Untracked 
|  30|0x0000000081e00000, 0x0000000081f00000, 0x0000000081f00000|100%| O|  |TAMS 0x0000000081f00000, 0x0000000081f00000| Untracked 
|  31|0x0000000081f00000, 0x0000000082000000, 0x0000000082000000|100%| O|  |TAMS 0x0000000082000000, 0x0000000082000000| Untracked 
|  32|0x0000000082000000, 0x0000000082100000, 0x0000000082100000|100%| O|  |TAMS 0x0000000082100000, 0x0000000082100000| Untracked 
|  33|0x0000000082100000, 0x0000000082200000, 0x0000000082200000|100%| O|  |TAMS 0x0000000082200000, 0x0000000082200000| Untracked 
|  34|0x0000000082200000, 0x0000000082300000, 0x0000000082300000|100%| O|  |TAMS 0x0000000082200000, 0x0000000082300000| Untracked 
|  35|0x0000000082300000, 0x0000000082400000, 0x0000000082400000|100%|HS|  |TAMS 0x0000000082400000, 0x0000000082400000| Complete 
|  36|0x0000000082400000, 0x0000000082500000, 0x0000000082500000|100%|HS|  |TAMS 0x0000000082500000, 0x0000000082500000| Complete 
|  37|0x0000000082500000, 0x0000000082600000, 0x0000000082600000|100%|HS|  |TAMS 0x0000000082600000, 0x0000000082600000| Complete 
|  38|0x0000000082600000, 0x0000000082700000, 0x0000000082700000|100%| O|  |TAMS 0x0000000082700000, 0x0000000082700000| Untracked 
|  39|0x0000000082700000, 0x0000000082800000, 0x0000000082800000|100%| O|  |TAMS 0x0000000082800000, 0x0000000082800000| Untracked 
|  40|0x0000000082800000, 0x0000000082900000, 0x0000000082900000|100%| O|  |TAMS 0x0000000082900000, 0x0000000082900000| Untracked 
|  41|0x0000000082900000, 0x0000000082a00000, 0x0000000082a00000|100%| O|  |TAMS 0x0000000082900000, 0x0000000082a00000| Untracked 
|  42|0x0000000082a00000, 0x0000000082b00000, 0x0000000082b00000|100%| O|  |TAMS 0x0000000082b00000, 0x0000000082b00000| Untracked 
|  43|0x0000000082b00000, 0x0000000082c00000, 0x0000000082c00000|100%| O|  |TAMS 0x0000000082c00000, 0x0000000082c00000| Untracked 
|  44|0x0000000082c00000, 0x0000000082d00000, 0x0000000082d00000|100%| O|  |TAMS 0x0000000082d00000, 0x0000000082d00000| Untracked 
|  45|0x0000000082d00000, 0x0000000082e00000, 0x0000000082e00000|100%| O|  |TAMS 0x0000000082e00000, 0x0000000082e00000| Untracked 
|  46|0x0000000082e00000, 0x0000000082f00000, 0x0000000082f00000|100%| O|  |TAMS 0x0000000082f00000, 0x0000000082f00000| Untracked 
|  47|0x0000000082f00000, 0x0000000083000000, 0x0000000083000000|100%| O|  |TAMS 0x0000000083000000, 0x0000000083000000| Untracked 
|  48|0x0000000083000000, 0x0000000083100000, 0x0000000083100000|100%| O|  |TAMS 0x0000000083100000, 0x0000000083100000| Untracked 
|  49|0x0000000083100000, 0x0000000083200000, 0x0000000083200000|100%| O|  |TAMS 0x0000000083200000, 0x0000000083200000| Untracked 
|  50|0x0000000083200000, 0x00000000832c6c00, 0x0000000083300000| 77%| O|  |TAMS 0x00000000832c6c00, 0x00000000832c6c00| Untracked 
|  51|0x0000000083300000, 0x0000000083400000, 0x0000000083400000|100%| O|  |TAMS 0x0000000083300000, 0x0000000083400000| Untracked 
|  52|0x0000000083400000, 0x0000000083500000, 0x0000000083500000|100%| O|  |TAMS 0x0000000083400000, 0x0000000083500000| Untracked 
|  53|0x0000000083500000, 0x0000000083600000, 0x0000000083600000|100%| O|  |TAMS 0x0000000083500000, 0x0000000083600000| Untracked 
|  54|0x0000000083600000, 0x0000000083700000, 0x0000000083700000|100%| O|  |TAMS 0x0000000083700000, 0x0000000083700000| Untracked 
|  55|0x0000000083700000, 0x0000000083800000, 0x0000000083800000|100%| O|  |TAMS 0x0000000083700000, 0x0000000083800000| Untracked 
|  56|0x0000000083800000, 0x0000000083900000, 0x0000000083900000|100%| O|  |TAMS 0x0000000083800000, 0x0000000083900000| Untracked 
|  57|0x0000000083900000, 0x0000000083a00000, 0x0000000083a00000|100%| O|  |TAMS 0x0000000083900000, 0x0000000083a00000| Untracked 
|  58|0x0000000083a00000, 0x0000000083b00000, 0x0000000083b00000|100%| O|  |TAMS 0x0000000083a00000, 0x0000000083b00000| Untracked 
|  59|0x0000000083b00000, 0x0000000083c00000, 0x0000000083c00000|100%| O|  |TAMS 0x0000000083b00000, 0x0000000083c00000| Untracked 
|  60|0x0000000083c00000, 0x0000000083d00000, 0x0000000083d00000|100%| O|  |TAMS 0x0000000083c00000, 0x0000000083d00000| Untracked 
|  61|0x0000000083d00000, 0x0000000083e00000, 0x0000000083e00000|100%| O|  |TAMS 0x0000000083d00000, 0x0000000083e00000| Untracked 
|  62|0x0000000083e00000, 0x0000000083f00000, 0x0000000083f00000|100%| O|  |TAMS 0x0000000083e00000, 0x0000000083f00000| Untracked 
|  63|0x0000000083f00000, 0x0000000084000000, 0x0000000084000000|100%| O|  |TAMS 0x0000000083f00000, 0x0000000084000000| Untracked 
|  64|0x0000000084000000, 0x0000000084100000, 0x0000000084100000|100%| O|  |TAMS 0x0000000084000000, 0x0000000084100000| Untracked 
|  65|0x0000000084100000, 0x0000000084200000, 0x0000000084200000|100%| O|  |TAMS 0x0000000084100000, 0x0000000084200000| Untracked 
|  66|0x0000000084200000, 0x0000000084300000, 0x0000000084300000|100%| O|  |TAMS 0x0000000084200000, 0x0000000084300000| Untracked 
|  67|0x0000000084300000, 0x0000000084400000, 0x0000000084400000|100%| O|  |TAMS 0x0000000084300000, 0x0000000084400000| Untracked 
|  68|0x0000000084400000, 0x0000000084500000, 0x0000000084500000|100%| O|  |TAMS 0x0000000084400000, 0x0000000084500000| Untracked 
|  69|0x0000000084500000, 0x0000000084600000, 0x0000000084600000|100%| O|  |TAMS 0x0000000084500000, 0x0000000084600000| Untracked 
|  70|0x0000000084600000, 0x0000000084700000, 0x0000000084700000|100%| O|  |TAMS 0x0000000084600000, 0x0000000084700000| Untracked 
|  71|0x0000000084700000, 0x0000000084800000, 0x0000000084800000|100%| O|  |TAMS 0x0000000084700000, 0x0000000084800000| Untracked 
|  72|0x0000000084800000, 0x0000000084900000, 0x0000000084900000|100%| O|  |TAMS 0x0000000084800000, 0x0000000084900000| Untracked 
|  73|0x0000000084900000, 0x0000000084a00000, 0x0000000084a00000|100%| O|  |TAMS 0x0000000084900000, 0x0000000084a00000| Untracked 
|  74|0x0000000084a00000, 0x0000000084b00000, 0x0000000084b00000|100%|HS|  |TAMS 0x0000000084a00000, 0x0000000084b00000| Complete 
|  75|0x0000000084b00000, 0x0000000084c00000, 0x0000000084c00000|100%| O|  |TAMS 0x0000000084b00000, 0x0000000084c00000| Untracked 
|  76|0x0000000084c00000, 0x0000000084d00000, 0x0000000084d00000|100%| O|  |TAMS 0x0000000084c00000, 0x0000000084d00000| Untracked 
|  77|0x0000000084d00000, 0x0000000084e00000, 0x0000000084e00000|100%| O|  |TAMS 0x0000000084d00000, 0x0000000084e00000| Untracked 
|  78|0x0000000084e00000, 0x0000000084f00000, 0x0000000084f00000|100%| O|  |TAMS 0x0000000084e00000, 0x0000000084f00000| Untracked 
|  79|0x0000000084f00000, 0x0000000085000000, 0x0000000085000000|100%| O|  |TAMS 0x0000000084f00000, 0x0000000085000000| Untracked 
|  80|0x0000000085000000, 0x0000000085100000, 0x0000000085100000|100%|HS|  |TAMS 0x0000000085000000, 0x0000000085100000| Complete 
|  81|0x0000000085100000, 0x0000000085200000, 0x0000000085200000|100%|HC|  |TAMS 0x0000000085100000, 0x0000000085200000| Complete 
|  82|0x0000000085200000, 0x0000000085300000, 0x0000000085300000|100%|HS|  |TAMS 0x0000000085200000, 0x0000000085300000| Complete 
|  83|0x0000000085300000, 0x0000000085400000, 0x0000000085400000|100%|HS|  |TAMS 0x0000000085300000, 0x0000000085400000| Complete 
|  84|0x0000000085400000, 0x0000000085500000, 0x0000000085500000|100%|HC|  |TAMS 0x0000000085400000, 0x0000000085500000| Complete 
|  85|0x0000000085500000, 0x0000000085600000, 0x0000000085600000|100%|HS|  |TAMS 0x0000000085500000, 0x0000000085600000| Complete 
|  86|0x0000000085600000, 0x0000000085700000, 0x0000000085700000|100%|HC|  |TAMS 0x0000000085600000, 0x0000000085700000| Complete 
|  87|0x0000000085700000, 0x0000000085800000, 0x0000000085800000|100%|HS|  |TAMS 0x0000000085700000, 0x0000000085800000| Complete 
|  88|0x0000000085800000, 0x0000000085900000, 0x0000000085900000|100%|HC|  |TAMS 0x0000000085800000, 0x0000000085900000| Complete 
|  89|0x0000000085900000, 0x0000000085a00000, 0x0000000085a00000|100%|HC|  |TAMS 0x0000000085900000, 0x0000000085a00000| Complete 
|  90|0x0000000085a00000, 0x0000000085b00000, 0x0000000085b00000|100%| O|  |TAMS 0x0000000085a00000, 0x0000000085b00000| Untracked 
|  91|0x0000000085b00000, 0x0000000085c00000, 0x0000000085c00000|100%| O|  |TAMS 0x0000000085b00000, 0x0000000085c00000| Untracked 
|  92|0x0000000085c00000, 0x0000000085d00000, 0x0000000085d00000|100%| O|  |TAMS 0x0000000085c00000, 0x0000000085cd6a00| Untracked 
|  93|0x0000000085d00000, 0x0000000085e00000, 0x0000000085e00000|100%|HS|  |TAMS 0x0000000085d00000, 0x0000000085d00000| Complete 
|  94|0x0000000085e00000, 0x0000000085f00000, 0x0000000085f00000|100%|HS|  |TAMS 0x0000000085e00000, 0x0000000085e00000| Complete 
|  95|0x0000000085f00000, 0x0000000086000000, 0x0000000086000000|100%| O|  |TAMS 0x0000000085f00000, 0x0000000085f00000| Untracked 
|  96|0x0000000086000000, 0x0000000086100000, 0x0000000086100000|100%|HS|  |TAMS 0x0000000086000000, 0x0000000086100000| Complete 
|  97|0x0000000086100000, 0x0000000086200000, 0x0000000086200000|100%|HC|  |TAMS 0x0000000086100000, 0x0000000086200000| Complete 
|  98|0x0000000086200000, 0x0000000086300000, 0x0000000086300000|100%| O|  |TAMS 0x0000000086200000, 0x0000000086200000| Untracked 
|  99|0x0000000086300000, 0x0000000086400000, 0x0000000086400000|100%|HS|  |TAMS 0x0000000086300000, 0x0000000086400000| Complete 
| 100|0x0000000086400000, 0x0000000086500000, 0x0000000086500000|100%| O|  |TAMS 0x0000000086400000, 0x0000000086400000| Untracked 
| 101|0x0000000086500000, 0x0000000086600000, 0x0000000086600000|100%|HS|  |TAMS 0x0000000086500000, 0x0000000086600000| Complete 
| 102|0x0000000086600000, 0x0000000086700000, 0x0000000086700000|100%|HS|  |TAMS 0x0000000086600000, 0x0000000086600000| Complete 
| 103|0x0000000086700000, 0x0000000086800000, 0x0000000086800000|100%|HC|  |TAMS 0x0000000086700000, 0x0000000086700000| Complete 
| 104|0x0000000086800000, 0x0000000086900000, 0x0000000086900000|100%|HC|  |TAMS 0x0000000086800000, 0x0000000086800000| Complete 
| 105|0x0000000086900000, 0x0000000086a00000, 0x0000000086a00000|100%|HS|  |TAMS 0x0000000086900000, 0x0000000086a00000| Complete 
| 106|0x0000000086a00000, 0x0000000086b00000, 0x0000000086b00000|100%|HC|  |TAMS 0x0000000086a00000, 0x0000000086b00000| Complete 
| 107|0x0000000086b00000, 0x0000000086c00000, 0x0000000086c00000|100%| O|  |TAMS 0x0000000086b00000, 0x0000000086b00000| Untracked 
| 108|0x0000000086c00000, 0x0000000086d00000, 0x0000000086d00000|100%| O|  |TAMS 0x0000000086c00000, 0x0000000086c00000| Untracked 
| 109|0x0000000086d00000, 0x0000000086e00000, 0x0000000086e00000|100%| O|  |TAMS 0x0000000086d00000, 0x0000000086d00000| Untracked 
| 110|0x0000000086e00000, 0x0000000086f00000, 0x0000000086f00000|100%| O|  |TAMS 0x0000000086e00000, 0x0000000086e00000| Untracked 
| 111|0x0000000086f00000, 0x0000000087000000, 0x0000000087000000|100%| O|  |TAMS 0x0000000086f00000, 0x0000000086f00000| Untracked 
| 112|0x0000000087000000, 0x0000000087100000, 0x0000000087100000|100%| O|  |TAMS 0x0000000087000000, 0x0000000087000000| Untracked 
| 113|0x0000000087100000, 0x0000000087200000, 0x0000000087200000|100%| O|  |TAMS 0x0000000087100000, 0x0000000087100000| Untracked 
| 114|0x0000000087200000, 0x0000000087300000, 0x0000000087300000|100%| O|  |TAMS 0x0000000087200000, 0x0000000087200000| Untracked 
| 115|0x0000000087300000, 0x0000000087400000, 0x0000000087400000|100%| O|  |TAMS 0x0000000087300000, 0x0000000087300000| Untracked 
| 116|0x0000000087400000, 0x0000000087500000, 0x0000000087500000|100%| O|  |TAMS 0x0000000087400000, 0x0000000087400000| Untracked 
| 117|0x0000000087500000, 0x0000000087600000, 0x0000000087600000|100%|HS|  |TAMS 0x0000000087500000, 0x0000000087600000| Complete 
| 118|0x0000000087600000, 0x0000000087700000, 0x0000000087700000|100%|HC|  |TAMS 0x0000000087600000, 0x0000000087700000| Complete 
| 119|0x0000000087700000, 0x0000000087800000, 0x0000000087800000|100%| O|  |TAMS 0x0000000087700000, 0x0000000087700000| Untracked 
| 120|0x0000000087800000, 0x0000000087900000, 0x0000000087900000|100%| O|  |TAMS 0x0000000087800000, 0x0000000087800000| Untracked 
| 121|0x0000000087900000, 0x0000000087a00000, 0x0000000087a00000|100%| O|  |TAMS 0x0000000087900000, 0x0000000087900000| Untracked 
| 122|0x0000000087a00000, 0x0000000087b00000, 0x0000000087b00000|100%| O|  |TAMS 0x0000000087a00000, 0x0000000087a00000| Untracked 
| 123|0x0000000087b00000, 0x0000000087c00000, 0x0000000087c00000|100%| O|  |TAMS 0x0000000087b00000, 0x0000000087b00000| Untracked 
| 124|0x0000000087c00000, 0x0000000087d00000, 0x0000000087d00000|100%| O|  |TAMS 0x0000000087c00000, 0x0000000087c00000| Untracked 
| 125|0x0000000087d00000, 0x0000000087e00000, 0x0000000087e00000|100%| O|  |TAMS 0x0000000087d00000, 0x0000000087d00000| Untracked 
| 126|0x0000000087e00000, 0x0000000087f00000, 0x0000000087f00000|100%| O|  |TAMS 0x0000000087e00000, 0x0000000087e00000| Untracked 
| 127|0x0000000087f00000, 0x0000000088000000, 0x0000000088000000|100%| O|  |TAMS 0x0000000087f00000, 0x0000000087f00000| Untracked 
| 128|0x0000000088000000, 0x0000000088100000, 0x0000000088100000|100%| O|  |TAMS 0x0000000088000000, 0x0000000088000000| Untracked 
| 129|0x0000000088100000, 0x0000000088200000, 0x0000000088200000|100%| O|  |TAMS 0x0000000088100000, 0x0000000088100000| Untracked 
| 130|0x0000000088200000, 0x0000000088300000, 0x0000000088300000|100%| O|  |TAMS 0x0000000088200000, 0x0000000088200000| Untracked 
| 131|0x0000000088300000, 0x0000000088400000, 0x0000000088400000|100%| O|  |TAMS 0x0000000088300000, 0x0000000088300000| Untracked 
| 132|0x0000000088400000, 0x0000000088500000, 0x0000000088500000|100%| O|  |TAMS 0x0000000088400000, 0x0000000088400000| Untracked 
| 133|0x0000000088500000, 0x0000000088600000, 0x0000000088600000|100%| O|  |TAMS 0x0000000088500000, 0x0000000088500000| Untracked 
| 134|0x0000000088600000, 0x0000000088700000, 0x0000000088700000|100%| O|  |TAMS 0x0000000088600000, 0x0000000088600000| Untracked 
| 135|0x0000000088700000, 0x0000000088738200, 0x0000000088800000| 21%| O|  |TAMS 0x0000000088700000, 0x0000000088700000| Untracked 
| 136|0x0000000088800000, 0x0000000088800000, 0x0000000088900000|  0%| F|  |TAMS 0x0000000088800000, 0x0000000088800000| Untracked 
| 137|0x0000000088900000, 0x0000000088900000, 0x0000000088a00000|  0%| F|  |TAMS 0x0000000088900000, 0x0000000088900000| Untracked 
| 138|0x0000000088a00000, 0x0000000088a00000, 0x0000000088b00000|  0%| F|  |TAMS 0x0000000088a00000, 0x0000000088a00000| Untracked 
| 139|0x0000000088b00000, 0x0000000088b00000, 0x0000000088c00000|  0%| F|  |TAMS 0x0000000088b00000, 0x0000000088b00000| Untracked 
| 140|0x0000000088c00000, 0x0000000088c00000, 0x0000000088d00000|  0%| F|  |TAMS 0x0000000088c00000, 0x0000000088c00000| Untracked 
| 141|0x0000000088d00000, 0x0000000088d00000, 0x0000000088e00000|  0%| F|  |TAMS 0x0000000088d00000, 0x0000000088d00000| Untracked 
| 142|0x0000000088e00000, 0x0000000088e00000, 0x0000000088f00000|  0%| F|  |TAMS 0x0000000088e00000, 0x0000000088e00000| Untracked 
| 143|0x0000000088f00000, 0x0000000088f00000, 0x0000000089000000|  0%| F|  |TAMS 0x0000000088f00000, 0x0000000088f00000| Untracked 
| 144|0x0000000089000000, 0x0000000089000000, 0x0000000089100000|  0%| F|  |TAMS 0x0000000089000000, 0x0000000089000000| Untracked 
| 145|0x0000000089100000, 0x0000000089100000, 0x0000000089200000|  0%| F|  |TAMS 0x0000000089100000, 0x0000000089100000| Untracked 
| 146|0x0000000089200000, 0x0000000089200000, 0x0000000089300000|  0%| F|  |TAMS 0x0000000089200000, 0x0000000089200000| Untracked 
| 147|0x0000000089300000, 0x0000000089300000, 0x0000000089400000|  0%| F|  |TAMS 0x0000000089300000, 0x0000000089300000| Untracked 
| 148|0x0000000089400000, 0x0000000089400000, 0x0000000089500000|  0%| F|  |TAMS 0x0000000089400000, 0x0000000089400000| Untracked 
| 149|0x0000000089500000, 0x0000000089500000, 0x0000000089600000|  0%| F|  |TAMS 0x0000000089500000, 0x0000000089500000| Untracked 
| 150|0x0000000089600000, 0x0000000089600000, 0x0000000089700000|  0%| F|  |TAMS 0x0000000089600000, 0x0000000089600000| Untracked 
| 151|0x0000000089700000, 0x0000000089700000, 0x0000000089800000|  0%| F|  |TAMS 0x0000000089700000, 0x0000000089700000| Untracked 
| 152|0x0000000089800000, 0x0000000089800000, 0x0000000089900000|  0%| F|  |TAMS 0x0000000089800000, 0x0000000089800000| Untracked 
| 153|0x0000000089900000, 0x0000000089900000, 0x0000000089a00000|  0%| F|  |TAMS 0x0000000089900000, 0x0000000089900000| Untracked 
| 154|0x0000000089a00000, 0x0000000089a00000, 0x0000000089b00000|  0%| F|  |TAMS 0x0000000089a00000, 0x0000000089a00000| Untracked 
| 155|0x0000000089b00000, 0x0000000089b00000, 0x0000000089c00000|  0%| F|  |TAMS 0x0000000089b00000, 0x0000000089b00000| Untracked 
| 156|0x0000000089c00000, 0x0000000089c00000, 0x0000000089d00000|  0%| F|  |TAMS 0x0000000089c00000, 0x0000000089c00000| Untracked 
| 157|0x0000000089d00000, 0x0000000089d00000, 0x0000000089e00000|  0%| F|  |TAMS 0x0000000089d00000, 0x0000000089d00000| Untracked 
| 158|0x0000000089e00000, 0x0000000089e00000, 0x0000000089f00000|  0%| F|  |TAMS 0x0000000089e00000, 0x0000000089e00000| Untracked 
| 159|0x0000000089f00000, 0x000000008a000000, 0x000000008a000000|100%| S|CS|TAMS 0x0000000089f00000, 0x0000000089f00000| Complete 
| 160|0x000000008a000000, 0x000000008a100000, 0x000000008a100000|100%| S|CS|TAMS 0x000000008a000000, 0x000000008a000000| Complete 
| 161|0x000000008a100000, 0x000000008a200000, 0x000000008a200000|100%| S|CS|TAMS 0x000000008a100000, 0x000000008a100000| Complete 
| 162|0x000000008a200000, 0x000000008a300000, 0x000000008a300000|100%| S|CS|TAMS 0x000000008a200000, 0x000000008a200000| Complete 
| 163|0x000000008a300000, 0x000000008a300000, 0x000000008a400000|  0%| F|  |TAMS 0x000000008a300000, 0x000000008a300000| Untracked 
| 164|0x000000008a400000, 0x000000008a400000, 0x000000008a500000|  0%| F|  |TAMS 0x000000008a400000, 0x000000008a400000| Untracked 
| 165|0x000000008a500000, 0x000000008a500000, 0x000000008a600000|  0%| F|  |TAMS 0x000000008a500000, 0x000000008a500000| Untracked 
| 166|0x000000008a600000, 0x000000008a600000, 0x000000008a700000|  0%| F|  |TAMS 0x000000008a600000, 0x000000008a600000| Untracked 
| 167|0x000000008a700000, 0x000000008a700000, 0x000000008a800000|  0%| F|  |TAMS 0x000000008a700000, 0x000000008a700000| Untracked 
| 168|0x000000008a800000, 0x000000008a800000, 0x000000008a900000|  0%| F|  |TAMS 0x000000008a800000, 0x000000008a800000| Untracked 
| 169|0x000000008a900000, 0x000000008a900000, 0x000000008aa00000|  0%| F|  |TAMS 0x000000008a900000, 0x000000008a900000| Untracked 
| 170|0x000000008aa00000, 0x000000008aa00000, 0x000000008ab00000|  0%| F|  |TAMS 0x000000008aa00000, 0x000000008aa00000| Untracked 
| 171|0x000000008ab00000, 0x000000008ab00000, 0x000000008ac00000|  0%| F|  |TAMS 0x000000008ab00000, 0x000000008ab00000| Untracked 
| 172|0x000000008ac00000, 0x000000008ac00000, 0x000000008ad00000|  0%| F|  |TAMS 0x000000008ac00000, 0x000000008ac00000| Untracked 
| 173|0x000000008ad00000, 0x000000008ad00000, 0x000000008ae00000|  0%| F|  |TAMS 0x000000008ad00000, 0x000000008ad00000| Untracked 
| 174|0x000000008ae00000, 0x000000008ae00000, 0x000000008af00000|  0%| F|  |TAMS 0x000000008ae00000, 0x000000008ae00000| Untracked 
| 175|0x000000008af00000, 0x000000008af00000, 0x000000008b000000|  0%| F|  |TAMS 0x000000008af00000, 0x000000008af00000| Untracked 
| 176|0x000000008b000000, 0x000000008b000000, 0x000000008b100000|  0%| F|  |TAMS 0x000000008b000000, 0x000000008b000000| Untracked 
| 177|0x000000008b100000, 0x000000008b100000, 0x000000008b200000|  0%| F|  |TAMS 0x000000008b100000, 0x000000008b100000| Untracked 
| 178|0x000000008b200000, 0x000000008b200000, 0x000000008b300000|  0%| F|  |TAMS 0x000000008b200000, 0x000000008b200000| Untracked 
| 179|0x000000008b300000, 0x000000008b300000, 0x000000008b400000|  0%| F|  |TAMS 0x000000008b300000, 0x000000008b300000| Untracked 
| 180|0x000000008b400000, 0x000000008b400000, 0x000000008b500000|  0%| F|  |TAMS 0x000000008b400000, 0x000000008b400000| Untracked 
| 181|0x000000008b500000, 0x000000008b500000, 0x000000008b600000|  0%| F|  |TAMS 0x000000008b500000, 0x000000008b500000| Untracked 
| 182|0x000000008b600000, 0x000000008b600000, 0x000000008b700000|  0%| F|  |TAMS 0x000000008b600000, 0x000000008b600000| Untracked 
| 183|0x000000008b700000, 0x000000008b700000, 0x000000008b800000|  0%| F|  |TAMS 0x000000008b700000, 0x000000008b700000| Untracked 
| 184|0x000000008b800000, 0x000000008b800000, 0x000000008b900000|  0%| F|  |TAMS 0x000000008b800000, 0x000000008b800000| Untracked 
| 185|0x000000008b900000, 0x000000008b900000, 0x000000008ba00000|  0%| F|  |TAMS 0x000000008b900000, 0x000000008b900000| Untracked 
| 186|0x000000008ba00000, 0x000000008ba00000, 0x000000008bb00000|  0%| F|  |TAMS 0x000000008ba00000, 0x000000008ba00000| Untracked 
| 187|0x000000008bb00000, 0x000000008bb00000, 0x000000008bc00000|  0%| F|  |TAMS 0x000000008bb00000, 0x000000008bb00000| Untracked 
| 188|0x000000008bc00000, 0x000000008bc00000, 0x000000008bd00000|  0%| F|  |TAMS 0x000000008bc00000, 0x000000008bc00000| Untracked 
| 189|0x000000008bd00000, 0x000000008bd00000, 0x000000008be00000|  0%| F|  |TAMS 0x000000008bd00000, 0x000000008bd00000| Untracked 
| 190|0x000000008be00000, 0x000000008be00000, 0x000000008bf00000|  0%| F|  |TAMS 0x000000008be00000, 0x000000008be00000| Untracked 
| 191|0x000000008bf00000, 0x000000008bf00000, 0x000000008c000000|  0%| F|  |TAMS 0x000000008bf00000, 0x000000008bf00000| Untracked 
| 192|0x000000008c000000, 0x000000008c000000, 0x000000008c100000|  0%| F|  |TAMS 0x000000008c000000, 0x000000008c000000| Untracked 
| 193|0x000000008c100000, 0x000000008c100000, 0x000000008c200000|  0%| F|  |TAMS 0x000000008c100000, 0x000000008c100000| Untracked 
| 194|0x000000008c200000, 0x000000008c200000, 0x000000008c300000|  0%| F|  |TAMS 0x000000008c200000, 0x000000008c200000| Untracked 

Card table byte_map: [0x000001e370ae0000,0x000001e370ee0000] _byte_map_base: 0x000001e3706e0000

Marking Bits (Prev, Next): (CMBitMap*) 0x000001e35df3b640, (CMBitMap*) 0x000001e35df3b680
 Prev Bits: [0x000001e3712e0000, 0x000001e3732e0000)
 Next Bits: [0x000001e3732e0000, 0x000001e3752e0000)

Polling page: 0x000001e35bec0000

Metaspace:

Usage:
  Non-class:     80.99 MB used.
      Class:     12.85 MB used.
       Both:     93.84 MB used.

Virtual space:
  Non-class space:       88.00 MB reserved,      81.31 MB ( 92%) committed,  11 nodes.
      Class space:        1.00 GB reserved,      13.12 MB (  1%) committed,  1 nodes.
             Both:        1.09 GB reserved,      94.44 MB (  8%) committed. 

Chunk freelists:
   Non-Class:  1.83 MB
       Class:  2.89 MB
        Both:  4.72 MB

MaxMetaspaceSize: unlimited
CompressedClassSpaceSize: 1.00 GB
Initial GC threshold: 21.00 MB
Current GC threshold: 109.62 MB
CDS: off
MetaspaceReclaimPolicy: balanced
 - commit_granule_bytes: 65536.
 - commit_granule_words: 8192.
 - virtual_space_node_default_size: 1048576.
 - enlarge_chunks_in_place: 1.
 - new_chunks_are_fully_committed: 0.
 - uncommit_free_chunks: 1.
 - use_allocation_guard: 0.
 - handle_deallocations: 1.


Internal statistics:

num_allocs_failed_limit: 6.
num_arena_births: 960.
num_arena_deaths: 0.
num_vsnodes_births: 12.
num_vsnodes_deaths: 0.
num_space_committed: 1510.
num_space_uncommitted: 0.
num_chunks_returned_to_freelist: 6.
num_chunks_taken_from_freelist: 4553.
num_chunk_merges: 6.
num_chunk_splits: 2980.
num_chunks_enlarged: 1944.
num_purges: 0.
num_inconsistent_stats: 0.

CodeHeap 'non-profiled nmethods': size=120000Kb used=5254Kb max_used=5705Kb free=114745Kb
 bounds [0x000001e368e80000, 0x000001e369420000, 0x000001e3703b0000]
CodeHeap 'profiled nmethods': size=120000Kb used=18853Kb max_used=20149Kb free=101146Kb
 bounds [0x000001e3613b0000, 0x000001e362760000, 0x000001e3688e0000]
CodeHeap 'non-nmethods': size=5760Kb used=2399Kb max_used=2484Kb free=3360Kb
 bounds [0x000001e3688e0000, 0x000001e368b70000, 0x000001e368e80000]
 total_blobs=10770 nmethods=9837 adapters=845
 compilation: enabled
              stopped_count=0, restarted_count=0
 full_count=0

Compilation events (20 events):
Event: 15.218 Thread 0x000001e377d6df00 nmethod 11494 0x000001e362043390 code [0x000001e362043560, 0x000001e362043748]
Event: 15.218 Thread 0x000001e377d6df00 11495       3       com.android.tools.r8.graph.p1::a (31 bytes)
Event: 15.219 Thread 0x000001e377d6df00 nmethod 11495 0x000001e362262b10 code [0x000001e362262cc0, 0x000001e362262f98]
Event: 15.219 Thread 0x000001e377d6df00 11496       3       com.android.tools.r8.graph.j2::<init> (45 bytes)
Event: 15.219 Thread 0x000001e377d6df00 nmethod 11496 0x000001e3626bc610 code [0x000001e3626bc820, 0x000001e3626bccf8]
Event: 15.222 Thread 0x000001e377d6df00 11497       3       com.android.tools.r8.dex.B::k (52 bytes)
Event: 15.223 Thread 0x000001e377d6df00 nmethod 11497 0x000001e361999690 code [0x000001e3619998c0, 0x000001e36199a1a8]
Event: 15.253 Thread 0x000001e377d6df00 11498       3       com.android.tools.r8.graph.v2::s0 (8 bytes)
Event: 15.253 Thread 0x000001e377d6df00 nmethod 11498 0x000001e362262710 code [0x000001e3622628c0, 0x000001e362262a08]
Event: 15.254 Thread 0x000001e377d6df00 11499       3       com.android.tools.r8.internal.Rq::a (175 bytes)
Event: 15.254 Thread 0x000001e377d6df00 nmethod 11499 0x000001e361dc3a10 code [0x000001e361dc3c20, 0x000001e361dc4538]
Event: 15.255 Thread 0x000001e377d6df00 11500       3       com.android.tools.r8.graph.p1::a (23 bytes)
Event: 15.255 Thread 0x000001e377d6df00 nmethod 11500 0x000001e36190da10 code [0x000001e36190dc00, 0x000001e36190e188]
Event: 15.255 Thread 0x000001e377d6df00 11501       3       com.android.tools.r8.dex.B::a (77 bytes)
Event: 15.255 Thread 0x000001e377d6df00 nmethod 11501 0x000001e361a84b90 code [0x000001e361a84da0, 0x000001e361a85318]
Event: 15.279 Thread 0x000001e377d6df00 11510       3       com.android.tools.r8.dex.m::c (8 bytes)
Event: 15.279 Thread 0x000001e377d6df00 nmethod 11510 0x000001e361a8f090 code [0x000001e361a8f240, 0x000001e361a8f488]
Event: 15.282 Thread 0x000001e377d6df00 11512       3       java.lang.invoke.InfoFromMemberName::getDeclaringClass (8 bytes)
Event: 15.282 Thread 0x000001e377d6df00 nmethod 11512 0x000001e361e1aa90 code [0x000001e361e1ac20, 0x000001e361e1ad58]
Event: 15.300 Thread 0x000001e377d6df00 11513       3       java.lang.invoke.LambdaMetafactory::extractArg (47 bytes)

GC Heap History (20 events):
Event: 9.278 GC heap after
{Heap after GC invocations=26 (full 0):
 garbage-first heap   total 199680K, used 53943K [0x0000000080000000, 0x0000000100000000)
  region size 1024K, 2 young (2048K), 2 survivors (2048K)
 Metaspace       used 66723K, committed 67264K, reserved 1114112K
  class space    used 8835K, committed 9088K, reserved 1048576K
}
Event: 10.293 GC heap before
{Heap before GC invocations=27 (full 0):
 garbage-first heap   total 188416K, used 131767K [0x0000000080000000, 0x0000000100000000)
  region size 1024K, 78 young (79872K), 2 survivors (2048K)
 Metaspace       used 71948K, committed 72448K, reserved 1114112K
  class space    used 9746K, committed 9984K, reserved 1048576K
}
Event: 10.299 GC heap after
{Heap after GC invocations=28 (full 0):
 garbage-first heap   total 188416K, used 59588K [0x0000000080000000, 0x0000000100000000)
  region size 1024K, 8 young (8192K), 8 survivors (8192K)
 Metaspace       used 71948K, committed 72448K, reserved 1114112K
  class space    used 9746K, committed 9984K, reserved 1048576K
}
Event: 10.323 GC heap before
{Heap before GC invocations=28 (full 0):
 garbage-first heap   total 188416K, used 60612K [0x0000000080000000, 0x0000000100000000)
  region size 1024K, 9 young (9216K), 8 survivors (8192K)
 Metaspace       used 72103K, committed 72576K, reserved 1114112K
  class space    used 9772K, committed 9984K, reserved 1048576K
}
Event: 10.328 GC heap after
{Heap after GC invocations=29 (full 0):
 garbage-first heap   total 188416K, used 60255K [0x0000000080000000, 0x0000000100000000)
  region size 1024K, 2 young (2048K), 2 survivors (2048K)
 Metaspace       used 72103K, committed 72576K, reserved 1114112K
  class space    used 9772K, committed 9984K, reserved 1048576K
}
Event: 11.573 GC heap before
{Heap before GC invocations=29 (full 0):
 garbage-first heap   total 188416K, used 135007K [0x0000000080000000, 0x0000000100000000)
  region size 1024K, 75 young (76800K), 2 survivors (2048K)
 Metaspace       used 80614K, committed 81152K, reserved 1122304K
  class space    used 11005K, committed 11264K, reserved 1048576K
}
Event: 11.581 GC heap after
{Heap after GC invocations=30 (full 0):
 garbage-first heap   total 188416K, used 64721K [0x0000000080000000, 0x0000000100000000)
  region size 1024K, 6 young (6144K), 6 survivors (6144K)
 Metaspace       used 80614K, committed 81152K, reserved 1122304K
  class space    used 11005K, committed 11264K, reserved 1048576K
}
Event: 12.482 GC heap before
{Heap before GC invocations=30 (full 0):
 garbage-first heap   total 188416K, used 140497K [0x0000000080000000, 0x0000000100000000)
  region size 1024K, 80 young (81920K), 6 survivors (6144K)
 Metaspace       used 83805K, committed 84416K, reserved 1122304K
  class space    used 11530K, committed 11840K, reserved 1048576K
}
Event: 12.494 GC heap after
{Heap after GC invocations=31 (full 0):
 garbage-first heap   total 188416K, used 74955K [0x0000000080000000, 0x0000000100000000)
  region size 1024K, 10 young (10240K), 10 survivors (10240K)
 Metaspace       used 83805K, committed 84416K, reserved 1122304K
  class space    used 11530K, committed 11840K, reserved 1048576K
}
Event: 13.415 GC heap before
{Heap before GC invocations=31 (full 0):
 garbage-first heap   total 188416K, used 142538K [0x0000000080000000, 0x0000000100000000)
  region size 1024K, 77 young (78848K), 10 survivors (10240K)
 Metaspace       used 85110K, committed 85760K, reserved 1130496K
  class space    used 11735K, committed 12032K, reserved 1048576K
}
Event: 13.427 GC heap after
{Heap after GC invocations=32 (full 0):
 garbage-first heap   total 188416K, used 80994K [0x0000000080000000, 0x0000000100000000)
  region size 1024K, 6 young (6144K), 6 survivors (6144K)
 Metaspace       used 85110K, committed 85760K, reserved 1130496K
  class space    used 11735K, committed 12032K, reserved 1048576K
}
Event: 14.114 GC heap before
{Heap before GC invocations=32 (full 0):
 garbage-first heap   total 188416K, used 147554K [0x0000000080000000, 0x0000000100000000)
  region size 1024K, 71 young (72704K), 6 survivors (6144K)
 Metaspace       used 88292K, committed 88960K, reserved 1130496K
  class space    used 12091K, committed 12416K, reserved 1048576K
}
Event: 14.123 GC heap after
{Heap after GC invocations=33 (full 0):
 garbage-first heap   total 188416K, used 85382K [0x0000000080000000, 0x0000000100000000)
  region size 1024K, 5 young (5120K), 5 survivors (5120K)
 Metaspace       used 88292K, committed 88960K, reserved 1130496K
  class space    used 12091K, committed 12416K, reserved 1048576K
}
Event: 14.691 GC heap before
{Heap before GC invocations=33 (full 0):
 garbage-first heap   total 188416K, used 160134K [0x0000000080000000, 0x0000000100000000)
  region size 1024K, 68 young (69632K), 5 survivors (5120K)
 Metaspace       used 93139K, committed 93760K, reserved 1130496K
  class space    used 12744K, committed 13056K, reserved 1048576K
}
Event: 14.699 GC heap after
{Heap after GC invocations=34 (full 0):
 garbage-first heap   total 188416K, used 104053K [0x0000000080000000, 0x0000000100000000)
  region size 1024K, 9 young (9216K), 9 survivors (9216K)
 Metaspace       used 93139K, committed 93760K, reserved 1130496K
  class space    used 12744K, committed 13056K, reserved 1048576K
}
Event: 14.889 GC heap before
{Heap before GC invocations=34 (full 0):
 garbage-first heap   total 188416K, used 145013K [0x0000000080000000, 0x0000000100000000)
  region size 1024K, 29 young (29696K), 9 survivors (9216K)
 Metaspace       used 95196K, committed 95808K, reserved 1138688K
  class space    used 13028K, committed 13312K, reserved 1048576K
}
Event: 14.899 GC heap after
{Heap after GC invocations=35 (full 0):
 garbage-first heap   total 188416K, used 121228K [0x0000000080000000, 0x0000000100000000)
  region size 1024K, 6 young (6144K), 6 survivors (6144K)
 Metaspace       used 95196K, committed 95808K, reserved 1138688K
  class space    used 13028K, committed 13312K, reserved 1048576K
}
Event: 15.150 GC heap before
{Heap before GC invocations=35 (full 0):
 garbage-first heap   total 188416K, used 158092K [0x0000000080000000, 0x0000000100000000)
  region size 1024K, 37 young (37888K), 6 survivors (6144K)
 Metaspace       used 95668K, committed 96256K, reserved 1138688K
  class space    used 13091K, committed 13376K, reserved 1048576K
}
Event: 15.164 GC heap after
{Heap after GC invocations=36 (full 0):
 garbage-first heap   total 188416K, used 132634K [0x0000000080000000, 0x0000000100000000)
  region size 1024K, 5 young (5120K), 5 survivors (5120K)
 Metaspace       used 95668K, committed 96256K, reserved 1138688K
  class space    used 13091K, committed 13376K, reserved 1048576K
}
Event: 15.300 GC heap before
{Heap before GC invocations=36 (full 0):
 garbage-first heap   total 188416K, used 155162K [0x0000000080000000, 0x0000000100000000)
  region size 1024K, 26 young (26624K), 5 survivors (5120K)
 Metaspace       used 96090K, committed 96704K, reserved 1138688K
  class space    used 13154K, committed 13440K, reserved 1048576K
}

Dll operation events (2 events):
Event: 0.015 Loaded shared library C:\Program Files\Android\Android Studio\jbr\bin\java.dll
Event: 0.479 Loaded shared library C:\Program Files\Android\Android Studio\jbr\bin\verify.dll

Deoptimization events (20 events):
Event: 15.177 Thread 0x000001e37cb275c0 DEOPT PACKING pc=0x000001e361db3106 sp=0x0000000bfbffd2f0
Event: 15.177 Thread 0x000001e37cb275c0 DEOPT UNPACKING pc=0x000001e368937143 sp=0x0000000bfbffc768 mode 0
Event: 15.178 Thread 0x000001e37cb275c0 DEOPT PACKING pc=0x000001e361db3106 sp=0x0000000bfbffd2f0
Event: 15.178 Thread 0x000001e37cb275c0 DEOPT UNPACKING pc=0x000001e368937143 sp=0x0000000bfbffc768 mode 0
Event: 15.178 Thread 0x000001e37cb275c0 DEOPT PACKING pc=0x000001e361db3106 sp=0x0000000bfbffd2f0
Event: 15.178 Thread 0x000001e37cb275c0 DEOPT UNPACKING pc=0x000001e368937143 sp=0x0000000bfbffc768 mode 0
Event: 15.179 Thread 0x000001e37cb275c0 DEOPT PACKING pc=0x000001e361db3106 sp=0x0000000bfbffd2f0
Event: 15.179 Thread 0x000001e37cb275c0 DEOPT UNPACKING pc=0x000001e368937143 sp=0x0000000bfbffc768 mode 0
Event: 15.179 Thread 0x000001e37cb275c0 DEOPT PACKING pc=0x000001e361db3106 sp=0x0000000bfbffd2f0
Event: 15.179 Thread 0x000001e37cb275c0 DEOPT UNPACKING pc=0x000001e368937143 sp=0x0000000bfbffc768 mode 0
Event: 15.179 Thread 0x000001e37cb275c0 DEOPT PACKING pc=0x000001e361db3106 sp=0x0000000bfbffd2f0
Event: 15.179 Thread 0x000001e37cb275c0 DEOPT UNPACKING pc=0x000001e368937143 sp=0x0000000bfbffc768 mode 0
Event: 15.180 Thread 0x000001e37cb275c0 DEOPT PACKING pc=0x000001e361db3106 sp=0x0000000bfbffd2f0
Event: 15.180 Thread 0x000001e37cb275c0 DEOPT UNPACKING pc=0x000001e368937143 sp=0x0000000bfbffc768 mode 0
Event: 15.180 Thread 0x000001e37cb275c0 DEOPT PACKING pc=0x000001e361db3106 sp=0x0000000bfbffd2f0
Event: 15.180 Thread 0x000001e37cb275c0 DEOPT UNPACKING pc=0x000001e368937143 sp=0x0000000bfbffc768 mode 0
Event: 15.181 Thread 0x000001e37cb275c0 DEOPT PACKING pc=0x000001e361db3106 sp=0x0000000bfbffd2f0
Event: 15.181 Thread 0x000001e37cb275c0 DEOPT UNPACKING pc=0x000001e368937143 sp=0x0000000bfbffc768 mode 0
Event: 15.182 Thread 0x000001e37cb275c0 DEOPT PACKING pc=0x000001e361db3106 sp=0x0000000bfbffd2f0
Event: 15.182 Thread 0x000001e37cb275c0 DEOPT UNPACKING pc=0x000001e368937143 sp=0x0000000bfbffc768 mode 0

Classes unloaded (0 events):
No events

Classes redefined (0 events):
No events

Internal exceptions (20 events):
Event: 13.808 Thread 0x000001e37cb2a110 Exception <a 'java/lang/NoSuchMethodError'{0x00000000893ac368}: static Lcom/android/builder/internal/aapt/AaptOptions;.<clinit>()V> (0x00000000893ac368) 
thrown [s\src\hotspot\share\prims\jni.cpp, line 1108]
Event: 13.811 Thread 0x000001e37cb2a110 Exception <a 'java/lang/NoSuchMethodError'{0x00000000893e6488}: static [Ljava/lang/Object;.<clinit>()V> (0x00000000893e6488) 
thrown [s\src\hotspot\share\prims\jni.cpp, line 1108]
Event: 13.812 Thread 0x000001e37cb2a110 Exception <a 'java/lang/NoSuchMethodError'{0x00000000893f8788}: static Ljava/lang/Object;.<clinit>()V> (0x00000000893f8788) 
thrown [s\src\hotspot\share\prims\jni.cpp, line 1108]
Event: 13.813 Thread 0x000001e37cb2a110 Exception <a 'java/lang/NoSuchMethodError'{0x0000000089215470}: static Lcom/android/build/api/variant/impl/SerializableApplicationMultiOutputHandler;.<clinit>()V> (0x0000000089215470) 
thrown [s\src\hotspot\share\prims\jni.cpp, line 1108]
Event: 13.814 Thread 0x000001e37cb2a110 Exception <a 'java/lang/NoSuchMethodError'{0x000000008922ca78}: static Lcom/android/build/api/variant/impl/VariantOutputImpl$SerializedForm;.<clinit>()V> (0x000000008922ca78) 
thrown [s\src\hotspot\share\prims\jni.cpp, line 1108]
Event: 13.815 Thread 0x000001e37cb2a110 Exception <a 'java/lang/NoSuchMethodError'{0x00000000892421b8}: static Lcom/android/build/api/variant/impl/VariantOutputConfigurationImpl;.<clinit>()V> (0x00000000892421b8) 
thrown [s\src\hotspot\share\prims\jni.cpp, line 1108]
Event: 13.841 Thread 0x000001e37cb27a90 Exception <a 'sun/nio/fs/WindowsException'{0x00000000891be9e8}> (0x00000000891be9e8) 
thrown [s\src\hotspot\share\prims\jni.cpp, line 517]
Event: 13.854 Thread 0x000001e37cb27a90 Exception <a 'java/lang/NoSuchMethodError'{0x0000000089094e78}: 'int java.lang.invoke.DirectMethodHandle$Holder.invokeSpecial(java.lang.Object, java.lang.Object, java.lang.Object, java.lang.Object, java.lang.Object)'> (0x0000000089094e78) 
thrown [s\src\hotspot\share\interpreter\linkResolver.cpp, line 771]
Event: 13.921 Thread 0x000001e37cb28430 Exception <a 'sun/nio/fs/WindowsException'{0x000000008b406468}> (0x000000008b406468) 
thrown [s\src\hotspot\share\prims\jni.cpp, line 517]
Event: 14.365 Thread 0x000001e37cb28430 Exception <a 'sun/nio/fs/WindowsException'{0x0000000089851950}> (0x0000000089851950) 
thrown [s\src\hotspot\share\prims\jni.cpp, line 517]
Event: 14.430 Thread 0x000001e37cb28430 Exception <a 'sun/nio/fs/WindowsException'{0x0000000088e0d7a0}> (0x0000000088e0d7a0) 
thrown [s\src\hotspot\share\prims\jni.cpp, line 517]
Event: 14.581 Thread 0x000001e37cb275c0 Exception <a 'sun/nio/fs/WindowsException'{0x000000008822c9b8}> (0x000000008822c9b8) 
thrown [s\src\hotspot\share\prims\jni.cpp, line 517]
Event: 14.827 Thread 0x000001e37cb275c0 Exception <a 'java/lang/NoSuchMethodError'{0x000000008ad73030}: 'java.lang.Object java.lang.invoke.DirectMethodHandle$Holder.invokeStaticInit(java.lang.Object, java.lang.Object, java.lang.Object, java.lang.Object, java.lang.Object, java.lang.Object, java.lang.Object, java.lang.Object, java.lang.Object, java.lang.Object, java.lang.Object, java.lang.Object, java.lang.Object, java.lang.Object, java.lang.Object, java.lang.Object, java.lang.Object, java.lang.Object, java.lang.Object, java.lang.Object, int, java
Event: 14.827 Thread 0x000001e37cb24a70 Exception <a 'java/lang/NoSuchMethodError'{0x000000008afd34b8}: 'void java.lang.invoke.DirectMethodHandle$Holder.invokeStatic(java.lang.Object, long)'> (0x000000008afd34b8) 
thrown [s\src\hotspot\share\interpreter\linkResolver.cpp, line 771]
Event: 14.828 Thread 0x000001e37cb24a70 Exception <a 'java/lang/NoSuchMethodError'{0x000000008ad9b950}: 'java.lang.Object java.lang.invoke.DirectMethodHandle$Holder.newInvokeSpecial(java.lang.Object, long)'> (0x000000008ad9b950) 
thrown [s\src\hotspot\share\interpreter\linkResolver.cpp, line 771]
Event: 14.830 Thread 0x000001e37cb24a70 Exception <a 'java/lang/NoSuchMethodError'{0x000000008ada26e8}: 'java.lang.Object java.lang.invoke.DirectMethodHandle$Holder.invokeStatic(java.lang.Object, java.lang.Object, long, java.lang.Object)'> (0x000000008ada26e8) 
thrown [s\src\hotspot\share\interpreter\linkResolver.cpp, line 771]
Event: 14.831 Thread 0x000001e37cb24a70 Exception <a 'java/lang/NoSuchMethodError'{0x000000008ada6168}: 'java.lang.Object java.lang.invoke.DirectMethodHandle$Holder.invokeStaticInit(java.lang.Object, java.lang.Object, long, java.lang.Object)'> (0x000000008ada6168) 
thrown [s\src\hotspot\share\interpreter\linkResolver.cpp, line 771]
Event: 15.111 Thread 0x000001e37cb24a70 Exception <a 'java/lang/NoSuchMethodError'{0x0000000089958fb8}: 'int java.lang.invoke.DirectMethodHandle$Holder.invokeSpecialIFC(java.lang.Object, java.lang.Object, java.lang.Object)'> (0x0000000089958fb8) 
thrown [s\src\hotspot\share\interpreter\linkResolver.cpp, line 771]
Event: 15.280 Thread 0x000001e302c77940 Exception <a 'java/lang/IncompatibleClassChangeError'{0x000000008a4da508}: Found class java.lang.Object, but interface was expected> (0x000000008a4da508) 
thrown [s\src\hotspot\share\interpreter\linkResolver.cpp, line 838]
Event: 15.280 Thread 0x000001e302c76ad0 Exception <a 'java/lang/IncompatibleClassChangeError'{0x000000008a4d00b0}: Found class java.lang.Object, but interface was expected> (0x000000008a4d00b0) 
thrown [s\src\hotspot\share\interpreter\linkResolver.cpp, line 838]

VM Operations (20 events):
Event: 14.591 Executing VM operation: HandshakeAllThreads done
Event: 14.591 Executing VM operation: HandshakeAllThreads
Event: 14.591 Executing VM operation: HandshakeAllThreads done
Event: 14.596 Executing VM operation: ICBufferFull
Event: 14.596 Executing VM operation: ICBufferFull done
Event: 14.613 Executing VM operation: HandshakeAllThreads
Event: 14.614 Executing VM operation: HandshakeAllThreads done
Event: 14.633 Executing VM operation: HandshakeAllThreads
Event: 14.634 Executing VM operation: HandshakeAllThreads done
Event: 14.637 Executing VM operation: HandshakeAllThreads
Event: 14.638 Executing VM operation: HandshakeAllThreads done
Event: 14.690 Executing VM operation: G1CollectForAllocation
Event: 14.699 Executing VM operation: G1CollectForAllocation done
Event: 14.868 Executing VM operation: HandshakeAllThreads
Event: 14.869 Executing VM operation: HandshakeAllThreads done
Event: 14.888 Executing VM operation: G1TryInitiateConcMark
Event: 14.899 Executing VM operation: G1TryInitiateConcMark done
Event: 15.150 Executing VM operation: G1CollectForAllocation
Event: 15.164 Executing VM operation: G1CollectForAllocation done
Event: 15.300 Executing VM operation: G1CollectForAllocation

Events (20 events):
Event: 14.872 Thread 0x000001e37cb292a0 Thread added: 0x000001e37cb292a0
Event: 14.873 Thread 0x000001e37cb29770 Thread added: 0x000001e37cb29770
Event: 15.274 loading class java/util/concurrent/ForkJoinTask
Event: 15.275 loading class java/util/concurrent/ForkJoinTask done
Event: 15.275 loading class java/util/concurrent/ForkJoinTask$AdaptedRunnableAction
Event: 15.276 loading class java/util/concurrent/ForkJoinTask$AdaptedRunnableAction done
Event: 15.276 loading class java/util/concurrent/ForkJoinTask$Aux
Event: 15.276 loading class java/util/concurrent/ForkJoinTask$Aux done
Event: 15.276 loading class java/util/concurrent/ForkJoinPool$DefaultForkJoinWorkerThreadFactory$1
Event: 15.276 loading class java/util/concurrent/ForkJoinPool$DefaultForkJoinWorkerThreadFactory$1 done
Event: 15.277 Thread 0x000001e302c76ad0 Thread added: 0x000001e302c76ad0
Event: 15.278 Thread 0x000001e302c73f80 Thread added: 0x000001e302c73f80
Event: 15.279 Thread 0x000001e302c75790 Thread added: 0x000001e302c75790
Event: 15.279 Thread 0x000001e302c77940 Thread added: 0x000001e302c77940
Event: 15.280 Thread 0x000001e302c76600 Thread added: 0x000001e302c76600
Event: 15.280 Thread 0x000001e302c76130 Thread added: 0x000001e302c76130
Event: 15.281 Thread 0x000001e302c76fa0 Thread added: 0x000001e302c76fa0
Event: 15.282 Thread 0x000001e302c75c60 Thread added: 0x000001e302c75c60
Event: 15.289 loading class java/lang/reflect/GenericSignatureFormatError
Event: 15.290 loading class java/lang/reflect/GenericSignatureFormatError done


Dynamic libraries:
0x00007ff7d15c0000 - 0x00007ff7d15ca000 	C:\Program Files\Android\Android Studio\jbr\bin\java.exe
0x00007ffd7e1d0000 - 0x00007ffd7e3c8000 	C:\WINDOWS\SYSTEM32\ntdll.dll
0x00007ffd7de30000 - 0x00007ffd7deed000 	C:\WINDOWS\System32\KERNEL32.DLL
0x00007ffd7bc00000 - 0x00007ffd7bef6000 	C:\WINDOWS\System32\KERNELBASE.dll
0x00007ffd7b940000 - 0x00007ffd7ba40000 	C:\WINDOWS\System32\ucrtbase.dll
0x00007ffd26f50000 - 0x00007ffd26f67000 	C:\Program Files\Android\Android Studio\jbr\bin\jli.dll
0x00007ffd73570000 - 0x00007ffd7358b000 	C:\Program Files\Android\Android Studio\jbr\bin\VCRUNTIME140.dll
0x00007ffd7d610000 - 0x00007ffd7d7ae000 	C:\WINDOWS\System32\USER32.dll
0x00007ffd7c200000 - 0x00007ffd7c222000 	C:\WINDOWS\System32\win32u.dll
0x00007ffd7e030000 - 0x00007ffd7e05c000 	C:\WINDOWS\System32\GDI32.dll
0x00007ffd7bf00000 - 0x00007ffd7c01a000 	C:\WINDOWS\System32\gdi32full.dll
0x00007ffd7bb60000 - 0x00007ffd7bbfd000 	C:\WINDOWS\System32\msvcp_win.dll
0x00007ffd61c50000 - 0x00007ffd61eea000 	C:\WINDOWS\WinSxS\amd64_microsoft.windows.common-controls_6595b64144ccf1df_6.0.19041.3636_none_60b6a03d71f818d5\COMCTL32.dll
0x00007ffd7c2f0000 - 0x00007ffd7c38e000 	C:\WINDOWS\System32\msvcrt.dll
0x00007ffd7c930000 - 0x00007ffd7c960000 	C:\WINDOWS\System32\IMM32.DLL
0x00007ffd76150000 - 0x00007ffd7615c000 	C:\Program Files\Android\Android Studio\jbr\bin\vcruntime140_1.dll
0x00007ffd59900000 - 0x00007ffd5998d000 	C:\Program Files\Android\Android Studio\jbr\bin\msvcp140.dll
0x00007ffd271a0000 - 0x00007ffd27e0e000 	C:\Program Files\Android\Android Studio\jbr\bin\server\jvm.dll
0x00007ffd7dc50000 - 0x00007ffd7dcff000 	C:\WINDOWS\System32\ADVAPI32.dll
0x00007ffd7d230000 - 0x00007ffd7d2cc000 	C:\WINDOWS\System32\sechost.dll
0x00007ffd7dd00000 - 0x00007ffd7de26000 	C:\WINDOWS\System32\RPCRT4.dll
0x00007ffd57480000 - 0x00007ffd57489000 	C:\WINDOWS\SYSTEM32\WSOCK32.dll
0x00007ffd73fb0000 - 0x00007ffd73fba000 	C:\WINDOWS\SYSTEM32\VERSION.dll
0x00007ffd66420000 - 0x00007ffd66447000 	C:\WINDOWS\SYSTEM32\WINMM.dll
0x00007ffd7d5a0000 - 0x00007ffd7d60b000 	C:\WINDOWS\System32\WS2_32.dll
0x00007ffd7a0c0000 - 0x00007ffd7a0d2000 	C:\WINDOWS\SYSTEM32\kernel.appcore.dll
0x00007ffd44b50000 - 0x00007ffd44b5a000 	C:\Program Files\Android\Android Studio\jbr\bin\jimage.dll
0x00007ffd79460000 - 0x00007ffd79644000 	C:\WINDOWS\SYSTEM32\DBGHELP.DLL
0x00007ffd697c0000 - 0x00007ffd697f4000 	C:\WINDOWS\SYSTEM32\dbgcore.DLL
0x00007ffd7b8b0000 - 0x00007ffd7b932000 	C:\WINDOWS\System32\bcryptPrimitives.dll
0x00007ffd29040000 - 0x00007ffd29065000 	C:\Program Files\Android\Android Studio\jbr\bin\java.dll
0x00007ffd403a0000 - 0x00007ffd403b8000 	C:\Program Files\Android\Android Studio\jbr\bin\zip.dll
0x00007ffd7cac0000 - 0x00007ffd7d204000 	C:\WINDOWS\System32\SHELL32.dll
0x00007ffd79910000 - 0x00007ffd7a0ab000 	C:\WINDOWS\SYSTEM32\windows.storage.dll
0x00007ffd7d7b0000 - 0x00007ffd7db04000 	C:\WINDOWS\System32\combase.dll
0x00007ffd7b220000 - 0x00007ffd7b24d000 	C:\WINDOWS\SYSTEM32\Wldp.dll
0x00007ffd7e0e0000 - 0x00007ffd7e18d000 	C:\WINDOWS\System32\SHCORE.dll
0x00007ffd7ca60000 - 0x00007ffd7cab5000 	C:\WINDOWS\System32\shlwapi.dll
0x00007ffd7b7e0000 - 0x00007ffd7b805000 	C:\WINDOWS\SYSTEM32\profapi.dll
0x00007ffd3a940000 - 0x00007ffd3a959000 	C:\Program Files\Android\Android Studio\jbr\bin\net.dll
0x00007ffd73390000 - 0x00007ffd7349a000 	C:\WINDOWS\SYSTEM32\WINHTTP.dll
0x00007ffd7af30000 - 0x00007ffd7af9a000 	C:\WINDOWS\system32\mswsock.dll
0x00007ffd2a360000 - 0x00007ffd2a376000 	C:\Program Files\Android\Android Studio\jbr\bin\nio.dll
0x00007ffd40200000 - 0x00007ffd40210000 	C:\Program Files\Android\Android Studio\jbr\bin\verify.dll
0x00007ffd44b10000 - 0x00007ffd44b37000 	C:\Users\jupi0\.gradle\native\68d5fa5c4cc2d200863cafc0d521ce42e7d3e7ee720ec0a83991735586a16f82\windows-amd64\native-platform.dll
0x00007ffd43f80000 - 0x00007ffd440c4000 	C:\Users\jupi0\.gradle\native\e376f236ea51e6404a007f0833ffe2c6e607c4080706a723a18a27aeea778392\windows-amd64\native-platform-file-events.dll
0x00007ffd3d060000 - 0x00007ffd3d069000 	C:\Program Files\Android\Android Studio\jbr\bin\management.dll
0x00007ffd3cff0000 - 0x00007ffd3cffb000 	C:\Program Files\Android\Android Studio\jbr\bin\management_ext.dll
0x00007ffd7dc40000 - 0x00007ffd7dc48000 	C:\WINDOWS\System32\PSAPI.DLL
0x00007ffd7b110000 - 0x00007ffd7b128000 	C:\WINDOWS\SYSTEM32\CRYPTSP.dll
0x00007ffd7a870000 - 0x00007ffd7a8a4000 	C:\WINDOWS\system32\rsaenh.dll
0x00007ffd7c070000 - 0x00007ffd7c097000 	C:\WINDOWS\System32\bcrypt.dll
0x00007ffd7b7a0000 - 0x00007ffd7b7ce000 	C:\WINDOWS\SYSTEM32\USERENV.dll
0x00007ffd7b130000 - 0x00007ffd7b13c000 	C:\WINDOWS\SYSTEM32\CRYPTBASE.dll
0x00007ffd7ac40000 - 0x00007ffd7ac7b000 	C:\WINDOWS\SYSTEM32\IPHLPAPI.DLL
0x00007ffd7ca40000 - 0x00007ffd7ca48000 	C:\WINDOWS\System32\NSI.dll
0x00007ffd747f0000 - 0x00007ffd74807000 	C:\WINDOWS\SYSTEM32\dhcpcsvc6.DLL
0x00007ffd74c90000 - 0x00007ffd74cad000 	C:\WINDOWS\SYSTEM32\dhcpcsvc.DLL
0x00007ffd7ac80000 - 0x00007ffd7ad4a000 	C:\WINDOWS\SYSTEM32\DNSAPI.dll
0x00007ffd70cf0000 - 0x00007ffd70cf7000 	C:\WINDOWS\system32\wshunix.dll

dbghelp: loaded successfully - version: 4.0.5 - missing functions: none
symbol engine: initialized successfully - sym options: 0x614 - pdb path: .;C:\Program Files\Android\Android Studio\jbr\bin;C:\WINDOWS\SYSTEM32;C:\WINDOWS\WinSxS\amd64_microsoft.windows.common-controls_6595b64144ccf1df_6.0.19041.3636_none_60b6a03d71f818d5;C:\Program Files\Android\Android Studio\jbr\bin\server;C:\Users\jupi0\.gradle\native\68d5fa5c4cc2d200863cafc0d521ce42e7d3e7ee720ec0a83991735586a16f82\windows-amd64;C:\Users\jupi0\.gradle\native\e376f236ea51e6404a007f0833ffe2c6e607c4080706a723a18a27aeea778392\windows-amd64

VM Arguments:
jvm_args: --add-opens=java.base/java.util=ALL-UNNAMED --add-opens=java.base/java.lang=ALL-UNNAMED --add-opens=java.base/java.lang.invoke=ALL-UNNAMED --add-opens=java.prefs/java.util.prefs=ALL-UNNAMED --add-opens=java.base/java.nio.charset=ALL-UNNAMED --add-opens=java.base/java.net=ALL-UNNAMED --add-opens=java.base/java.util.concurrent.atomic=ALL-UNNAMED -Xmx2048m -Dfile.encoding=UTF-8 -Duser.country=KR -Duser.language=ko -Duser.variant 
java_command: org.gradle.launcher.daemon.bootstrap.GradleDaemon 8.0
java_class_path (initial): C:\Users\jupi0\.gradle\wrapper\dists\gradle-8.0-bin\ca5e32bp14vu59qr306oxotwh\gradle-8.0\lib\gradle-launcher-8.0.jar
Launcher Type: SUN_STANDARD

[Global flags]
     intx CICompilerCount                          = 4                                         {product} {ergonomic}
     uint ConcGCThreads                            = 2                                         {product} {ergonomic}
     uint G1ConcRefinementThreads                  = 8                                         {product} {ergonomic}
   size_t G1HeapRegionSize                         = 1048576                                   {product} {ergonomic}
    uintx GCDrainStackTargetSize                   = 64                                        {product} {ergonomic}
   size_t InitialHeapSize                          = 134217728                                 {product} {ergonomic}
   size_t MarkStackSize                            = 4194304                                   {product} {ergonomic}
   size_t MaxHeapSize                              = 2147483648                                {product} {command line}
   size_t MaxNewSize                               = 1287651328                                {product} {ergonomic}
   size_t MinHeapDeltaBytes                        = 1048576                                   {product} {ergonomic}
   size_t MinHeapSize                              = 8388608                                   {product} {ergonomic}
    uintx NonNMethodCodeHeapSize                   = 5839372                                {pd product} {ergonomic}
    uintx NonProfiledCodeHeapSize                  = 122909434                              {pd product} {ergonomic}
    uintx ProfiledCodeHeapSize                     = 122909434                              {pd product} {ergonomic}
    uintx ReservedCodeCacheSize                    = 251658240                              {pd product} {ergonomic}
     bool SegmentedCodeCache                       = true                                      {product} {ergonomic}
   size_t SoftMaxHeapSize                          = 2147483648                             {manageable} {ergonomic}
     bool UseCompressedClassPointers               = true                           {product lp64_product} {ergonomic}
     bool UseCompressedOops                        = true                           {product lp64_product} {ergonomic}
     bool UseG1GC                                  = true                                      {product} {ergonomic}
     bool UseLargePagesIndividualAllocation        = false                                  {pd product} {ergonomic}

Logging:
Log output configuration:
 #0: stdout all=warning uptime,level,tags
 #1: stderr all=off uptime,level,tags

Environment Variables:
JAVA_HOME=C:\Program Files\Java\jdk1.8.0_161
PATH=C:\Program Files\Common Files\Oracle\Java\javapath;C:\Program Files (x86)\Intel\iCLS Client\;C:\Program Files\Intel\iCLS Client\;C:\ProgramData\Oracle\Java\javapath;C:\WINDOWS\system32;C:\WINDOWS;C:\WINDOWS\System32\Wbem;C:\WINDOWS\System32\WindowsPowerShell\v1.0\;C:\Program Files (x86)\Windows Live\Shared;C:\Program Files\Java\jdk1.8.0_161\bin;;C:\Program Files (x86)\Common Files\Teruten\DSFilter;C:\WINDOWS\System32\OpenSSH\;C:\Program Files (x86)\Intel\Intel(R) Management Engine Components\DAL;C:\Program Files\Intel\Intel(R) Management Engine Components\DAL;C:\Program Files (x86)\Intel\Intel(R) Management Engine Components\IPT;C:\Program Files\Intel\Intel(R) Management Engine Components\IPT;C:\Program Files (x86)\NVIDIA Corporation\PhysX\Common;C:\WINDOWS\system32;C:\WINDOWS;C:\WINDOWS\System32\Wbem;C:\WINDOWS\System32\WindowsPowerShell\v1.0\;C:\WINDOWS\System32\OpenSSH\;C:\Program Files\NVIDIA Corporation\NVIDIA NvDLISR;C:\Users\jupi0\AppData\Local\Programs\Python\Python38\Scripts\;C:\Users\jupi0\AppData\Local\Programs\Python\Python38\;C:\Users\jupi0\AppData\Local\Programs\Python\Python36\Scripts\;C:\Users\jupi0\AppData\Local\Programs\Python\Python36\;C:\Python36;C:\Users\jupi0\AppData\Local\Microsoft\WindowsApps;C:\Program Files\Bandizip\;;C:\Users\jupi0\AppData\Local\Programs\Microsoft VS Code\bin;C:\Program Files\JetBrains\PyCharm Community Edition 2023.2.1\bin;
USERNAME=jupi0
OS=Windows_NT
PROCESSOR_IDENTIFIER=Intel64 Family 6 Model 158 Stepping 9, GenuineIntel
TMP=C:\Users\jupi0\AppData\Local\Temp
TEMP=C:\Users\jupi0\AppData\Local\Temp


JNI global refs:
JNI global refs: 27, weak refs: 9

JNI global refs memory usage: 843, weak refs: 841


---------------  S Y S T E M  ---------------

OS:
 Windows 10 , 64 bit Build 19041 (10.0.19041.3636)
OS uptime: 0 days 5:30 hours
Hyper-V role detected

CPU: total 8 (initial active 8) (4 cores per cpu, 2 threads per core) family 6 model 158 stepping 9 microcode 0xb4, cx8, cmov, fxsr, ht, mmx, 3dnowpref, sse, sse2, sse3, ssse3, sse4.1, sse4.2, popcnt, lzcnt, tsc, tscinvbit, avx, avx2, aes, erms, clmul, bmi1, bmi2, adx, fma, vzeroupper, clflush, clflushopt, hv

Memory: 4k page, system-wide physical 8084M (439M free)
TotalPageFile size 32660M (AvailPageFile size 124M)
current process WorkingSet (physical memory assigned to process): 452M, peak: 457M
current process commit charge ("private bytes"): 499M, peak: 638M

vm_info: OpenJDK 64-Bit Server VM (17.0.6+0-b2043.56-10027231) for windows-amd64 JRE (17.0.6+0-b2043.56-10027231), built on Apr 28 2023 00:43:19 by "androidbuild" with MS VC++ 16.10 / 16.11 (VS2019)

END.
