#
# There is insufficient memory for the Java Runtime Environment to continue.
# Native memory allocation (mmap) failed to map 40894464 bytes for G1 virtual space
# Possible reasons:
#   The system is out of physical RAM or swap space
#   The process is running with CompressedOops enabled, and the Java Heap may be blocking the growth of the native heap
# Possible solutions:
#   Reduce memory load on the system
#   Increase physical memory or swap space
#   Check if swap backing store is full
#   Decrease Java heap size (-Xmx/-Xms)
#   Decrease number of Java threads
#   Decrease Java thread stack sizes (-Xss)
#   Set larger code cache with -XX:ReservedCodeCacheSize=
#   JVM is running with Unscaled Compressed Oops mode in which the Java heap is
#     placed in the first 4GB address space. The Java Heap base address is the
#     maximum limit for the native heap growth. Please use -XX:HeapBaseMinAddress
#     to set the Java Heap base and to place the Java Heap above 4GB virtual address.
# This output file may be truncated or incomplete.
#
#  Out of Memory Error (os_windows.cpp:3769), pid=22716, tid=3224
#
# JRE version: OpenJDK Runtime Environment (17.0.6) (build 17.0.6+0-b2043.56-10027231)
# Java VM: OpenJDK 64-Bit Server VM (17.0.6+0-b2043.56-10027231, mixed mode, tiered, compressed oops, compressed class ptrs, g1 gc, windows-amd64)
# No core dump will be written. Minidumps are not enabled by default on client versions of Windows
#

---------------  S U M M A R Y ------------

Command Line: --add-opens=java.base/java.util=ALL-UNNAMED --add-opens=java.base/java.lang=ALL-UNNAMED --add-opens=java.base/java.lang.invoke=ALL-UNNAMED --add-opens=java.prefs/java.util.prefs=ALL-UNNAMED --add-opens=java.base/java.nio.charset=ALL-UNNAMED --add-opens=java.base/java.net=ALL-UNNAMED --add-opens=java.base/java.util.concurrent.atomic=ALL-UNNAMED -Xmx2048m -Dfile.encoding=UTF-8 -Duser.country=KR -Duser.language=ko -Duser.variant org.gradle.launcher.daemon.bootstrap.GradleDaemon 8.0

Host: Intel(R) Core(TM) i7-7700HQ CPU @ 2.80GHz, 8 cores, 7G,  Windows 10 , 64 bit Build 19041 (10.0.19041.3636)
Time: Wed Dec 13 06:42:38 2023  Windows 10 , 64 bit Build 19041 (10.0.19041.3636) elapsed time: 10.602129 seconds (0d 0h 0m 10s)

---------------  T H R E A D  ---------------

Current thread (0x000001ccac956370):  VMThread "VM Thread" [stack: 0x0000007bd1b00000,0x0000007bd1c00000] [id=3224]

Stack: [0x0000007bd1b00000,0x0000007bd1c00000]
Native frames: (J=compiled Java code, j=interpreted, Vv=VM code, C=native code)
V  [jvm.dll+0x683c9a]
V  [jvm.dll+0x8427a4]
V  [jvm.dll+0x843f9e]
V  [jvm.dll+0x844603]
V  [jvm.dll+0x249b75]
V  [jvm.dll+0x680b69]
V  [jvm.dll+0x67505a]
V  [jvm.dll+0x309acb]
V  [jvm.dll+0x310f86]
V  [jvm.dll+0x3608ee]
V  [jvm.dll+0x360b1f]
V  [jvm.dll+0x2dfbf8]
V  [jvm.dll+0x2ddec4]
V  [jvm.dll+0x2dd4cc]
V  [jvm.dll+0x321f3b]
V  [jvm.dll+0x848ccb]
V  [jvm.dll+0x849a04]
V  [jvm.dll+0x849f1d]
V  [jvm.dll+0x84a2f4]
V  [jvm.dll+0x84a3c0]
V  [jvm.dll+0x7f274a]
V  [jvm.dll+0x682ad5]
C  [ucrtbase.dll+0x21bb2]
C  [KERNEL32.DLL+0x17344]
C  [ntdll.dll+0x526b1]

VM_Operation (0x0000007bd34f8340): G1CollectForAllocation, mode: safepoint, requested by thread 0x000001ccafc96fa0


---------------  P R O C E S S  ---------------

Threads class SMR info:
_java_thread_list=0x000001ccb60f7970, length=127, elements={
0x000001cc92aeb040, 0x000001ccac978620, 0x000001ccac9794e0, 0x000001ccad4262b0,
0x000001ccad446550, 0x000001ccad446a20, 0x000001ccad44bab0, 0x000001ccad451960,
0x000001ccad45a270, 0x000001ccad45cb80, 0x000001ccad5c13a0, 0x000001ccad5f3040,
0x000001ccb0521e60, 0x000001ccad7d5530, 0x000001ccb0552860, 0x000001ccaf81f2c0,
0x000001ccaeb00340, 0x000001ccb0542030, 0x000001ccb094c240, 0x000001ccb094cb10,
0x000001ccafc96fa0, 0x000001ccaea41bd0, 0x000001ccaeba8f40, 0x000001ccaeba7730,
0x000001ccaeba80d0, 0x000001ccaeba85a0, 0x000001ccaeba8a70, 0x000001ccb1228f80,
0x000001ccb1229920, 0x000001ccb1228110, 0x000001ccb122a790, 0x000001ccb122ac60,
0x000001ccb1229df0, 0x000001ccb122dc80, 0x000001ccb12285e0, 0x000001ccb1229450,
0x000001ccb122ce10, 0x000001ccb122bad0, 0x000001ccb122e620, 0x000001ccb122bfa0,
0x000001ccb122eaf0, 0x000001ccb122d2e0, 0x000001ccb122efc0, 0x000001ccb1228ab0,
0x000001ccafd76ca0, 0x000001ccafd79320, 0x000001ccafd784b0, 0x000001ccafd78980,
0x000001ccafd77640, 0x000001ccafd77170, 0x000001ccafd78e50, 0x000001ccafd75960,
0x000001ccafd75e30, 0x000001ccafd76300, 0x000001ccafd77b10, 0x000001ccafd767d0,
0x000001ccafd77fe0, 0x000001ccb1703000, 0x000001ccb17034d0, 0x000001ccb16fd490,
0x000001ccb17004b0, 0x000001ccb16fcfc0, 0x000001ccb16fde30, 0x000001ccb16fc620,
0x000001ccb16fffe0, 0x000001ccb1700980, 0x000001ccb1703e70, 0x000001ccb16fcaf0,
0x000001ccb1702190, 0x000001ccb16feca0, 0x000001ccb16fe7d0, 0x000001ccb17017f0,
0x000001ccb16fd960, 0x000001ccb16ffb10, 0x000001ccb16ff170, 0x000001ccb1701320,
0x000001ccb16ff640, 0x000001ccb1701cc0, 0x000001ccb1702660, 0x000001ccb1700e50,
0x000001ccb16fe300, 0x000001ccb1702b30, 0x000001ccb17039a0, 0x000001ccafff6330,
0x000001ccafff4b20, 0x000001ccafff4650, 0x000001ccafff1fd0, 0x000001ccafff6cd0,
0x000001ccafff5990, 0x000001ccafff2970, 0x000001ccafff6800, 0x000001ccafff4ff0,
0x000001ccafff2e40, 0x000001ccafff3cb0, 0x000001ccafff24a0, 0x000001ccafff7670,
0x000001ccafff3310, 0x000001ccafff37e0, 0x000001ccafff4180, 0x000001ccafff1b00,
0x000001ccafff54c0, 0x000001ccafff89b0, 0x000001ccafff71a0, 0x000001ccafff1630,
0x000001ccafff5e60, 0x000001ccafff7b40, 0x000001ccafff8010, 0x000001ccafff84e0,
0x000001ccafff8e80, 0x000001ccb2eaace0, 0x000001ccb2eac4f0, 0x000001ccb2eabb50,
0x000001ccb2ea94d0, 0x000001ccb2ea99a0, 0x000001ccb2eac9c0, 0x000001ccb2eaa810,
0x000001ccb2ea9e70, 0x000001ccb2eab680, 0x000001ccb2eaa340, 0x000001ccb2eac020,
0x000001ccb2ea9000, 0x000001ccb2eab1b0, 0x000001ccafd55c10, 0x000001ccafd54da0,
0x000001ccafd55270, 0x000001ccafd58c30, 0x000001ccafd57420
}

Java Threads: ( => current thread )
  0x000001cc92aeb040 JavaThread "main" [_thread_blocked, id=17120, stack(0x0000007bd1500000,0x0000007bd1600000)]
  0x000001ccac978620 JavaThread "Reference Handler" daemon [_thread_blocked, id=29424, stack(0x0000007bd1c00000,0x0000007bd1d00000)]
  0x000001ccac9794e0 JavaThread "Finalizer" daemon [_thread_blocked, id=19176, stack(0x0000007bd1d00000,0x0000007bd1e00000)]
  0x000001ccad4262b0 JavaThread "Signal Dispatcher" daemon [_thread_blocked, id=15176, stack(0x0000007bd1e00000,0x0000007bd1f00000)]
  0x000001ccad446550 JavaThread "Attach Listener" daemon [_thread_blocked, id=13504, stack(0x0000007bd1f00000,0x0000007bd2000000)]
  0x000001ccad446a20 JavaThread "Service Thread" daemon [_thread_blocked, id=27276, stack(0x0000007bd2000000,0x0000007bd2100000)]
  0x000001ccad44bab0 JavaThread "Monitor Deflation Thread" daemon [_thread_blocked, id=27204, stack(0x0000007bd2100000,0x0000007bd2200000)]
  0x000001ccad451960 JavaThread "C2 CompilerThread0" daemon [_thread_blocked, id=1756, stack(0x0000007bd2200000,0x0000007bd2300000)]
  0x000001ccad45a270 JavaThread "C1 CompilerThread0" daemon [_thread_blocked, id=404, stack(0x0000007bd2300000,0x0000007bd2400000)]
  0x000001ccad45cb80 JavaThread "Sweeper thread" daemon [_thread_blocked, id=14492, stack(0x0000007bd2400000,0x0000007bd2500000)]
  0x000001ccad5c13a0 JavaThread "Common-Cleaner" daemon [_thread_blocked, id=22084, stack(0x0000007bd2500000,0x0000007bd2600000)]
  0x000001ccad5f3040 JavaThread "Notification Thread" daemon [_thread_blocked, id=7932, stack(0x0000007bd2600000,0x0000007bd2700000)]
  0x000001ccb0521e60 JavaThread "Daemon health stats" [_thread_blocked, id=18504, stack(0x0000007bd2e00000,0x0000007bd2f00000)]
  0x000001ccad7d5530 JavaThread "Incoming local TCP Connector on port 8840" [_thread_in_native, id=17904, stack(0x0000007bd2800000,0x0000007bd2900000)]
  0x000001ccb0552860 JavaThread "Daemon periodic checks" [_thread_blocked, id=12168, stack(0x0000007bd2d00000,0x0000007bd2e00000)]
  0x000001ccaf81f2c0 JavaThread "C2 CompilerThread1" daemon [_thread_blocked, id=9808, stack(0x0000007bd2f00000,0x0000007bd3000000)]
  0x000001ccaeb00340 JavaThread "C2 CompilerThread2" daemon [_thread_blocked, id=13628, stack(0x0000007bd3000000,0x0000007bd3100000)]
  0x000001ccb0542030 JavaThread "Daemon" [_thread_blocked, id=24888, stack(0x0000007bd3100000,0x0000007bd3200000)]
  0x000001ccb094c240 JavaThread "Handler for socket connection from /127.0.0.1:8840 to /127.0.0.1:8841" [_thread_in_native, id=16208, stack(0x0000007bd3200000,0x0000007bd3300000)]
  0x000001ccb094cb10 JavaThread "Cancel handler" [_thread_blocked, id=22988, stack(0x0000007bd3300000,0x0000007bd3400000)]
  0x000001ccafc96fa0 JavaThread "Daemon worker" [_thread_blocked, id=24104, stack(0x0000007bd3400000,0x0000007bd3500000)]
  0x000001ccaea41bd0 JavaThread "Asynchronous log dispatcher for DefaultDaemonConnection: socket connection from /127.0.0.1:8840 to /127.0.0.1:8841" [_thread_blocked, id=16768, stack(0x0000007bd3500000,0x0000007bd3600000)]
  0x000001ccaeba8f40 JavaThread "Stdin handler" [_thread_blocked, id=27352, stack(0x0000007bd3600000,0x0000007bd3700000)]
  0x000001ccaeba7730 JavaThread "Daemon client event forwarder" [_thread_blocked, id=24316, stack(0x0000007bd3700000,0x0000007bd3800000)]
  0x000001ccaeba80d0 JavaThread "Cache worker for journal cache (C:\Users\jupi0\.gradle\caches\journal-1)" [_thread_blocked, id=28788, stack(0x0000007bd3c00000,0x0000007bd3d00000)]
  0x000001ccaeba85a0 JavaThread "File lock request listener" [_thread_in_native, id=22144, stack(0x0000007bd3d00000,0x0000007bd3e00000)]
  0x000001ccaeba8a70 JavaThread "Cache worker for file hash cache (C:\Users\jupi0\.gradle\caches\8.0\fileHashes)" [_thread_blocked, id=4324, stack(0x0000007bd3e00000,0x0000007bd3f00000)]
  0x000001ccb1228f80 JavaThread "File watcher server" daemon [_thread_in_native, id=6112, stack(0x0000007bd3f00000,0x0000007bd4000000)]
  0x000001ccb1229920 JavaThread "File watcher consumer" daemon [_thread_blocked, id=26132, stack(0x0000007bd4000000,0x0000007bd4100000)]
  0x000001ccb1228110 JavaThread "Cache worker for checksums cache (C:\Users\jupi0\AndroidStudioProjects\Capstone_2\.gradle\8.0\checksums)" [_thread_blocked, id=26920, stack(0x0000007bd4100000,0x0000007bd4200000)]
  0x000001ccb122a790 JavaThread "Cache worker for cache directory md-rule (C:\Users\jupi0\.gradle\caches\8.0\md-rule)" [_thread_blocked, id=21632, stack(0x0000007bd4200000,0x0000007bd4300000)]
  0x000001ccb122ac60 JavaThread "Cache worker for file content cache (C:\Users\jupi0\.gradle\caches\8.0\fileContent)" [_thread_blocked, id=10764, stack(0x0000007bd4300000,0x0000007bd4400000)]
  0x000001ccb1229df0 JavaThread "Cache worker for file hash cache (C:\Users\jupi0\AndroidStudioProjects\Capstone_2\.gradle\8.0\fileHashes)" [_thread_blocked, id=15660, stack(0x0000007bd4400000,0x0000007bd4500000)]
  0x000001ccb122dc80 JavaThread "Cache worker for cache directory md-supplier (C:\Users\jupi0\.gradle\caches\8.0\md-supplier)" [_thread_blocked, id=19720, stack(0x0000007bd4500000,0x0000007bd4600000)]
  0x000001ccb12285e0 JavaThread "Cache worker for execution history cache (C:\Users\jupi0\.gradle\caches\8.0\executionHistory)" [_thread_blocked, id=14784, stack(0x0000007bd4600000,0x0000007bd4700000)]
  0x000001ccb1229450 JavaThread "jar transforms" [_thread_blocked, id=17300, stack(0x0000007bd4700000,0x0000007bd4800000)]
  0x000001ccb122ce10 JavaThread "jar transforms Thread 2" [_thread_blocked, id=20400, stack(0x0000007bd4800000,0x0000007bd4900000)]
  0x000001ccb122bad0 JavaThread "jar transforms Thread 3" [_thread_blocked, id=25236, stack(0x0000007bd4a00000,0x0000007bd4b00000)]
  0x000001ccb122e620 JavaThread "jar transforms Thread 4" [_thread_blocked, id=28992, stack(0x0000007bd4b00000,0x0000007bd4c00000)]
  0x000001ccb122bfa0 JavaThread "Cache worker for dependencies-accessors (C:\Users\jupi0\AndroidStudioProjects\Capstone_2\.gradle\8.0\dependencies-accessors)" [_thread_blocked, id=6368, stack(0x0000007bd4c00000,0x0000007bd4d00000)]
  0x000001ccb122eaf0 JavaThread "jar transforms Thread 5" [_thread_blocked, id=28628, stack(0x0000007bd4d00000,0x0000007bd4e00000)]
  0x000001ccb122d2e0 JavaThread "Cache worker for Build Output Cleanup Cache (C:\Users\jupi0\AndroidStudioProjects\Capstone_2\.gradle\buildOutputCleanup)" [_thread_blocked, id=24652, stack(0x0000007bd4e00000,0x0000007bd4f00000)]
  0x000001ccb122efc0 JavaThread "Unconstrained build operations" [_thread_blocked, id=10164, stack(0x0000007bd4f00000,0x0000007bd5000000)]
  0x000001ccb1228ab0 JavaThread "Unconstrained build operations Thread 2" [_thread_blocked, id=21636, stack(0x0000007bd5000000,0x0000007bd5100000)]
  0x000001ccafd76ca0 JavaThread "Unconstrained build operations Thread 3" [_thread_blocked, id=25260, stack(0x0000007bd5100000,0x0000007bd5200000)]
  0x000001ccafd79320 JavaThread "Unconstrained build operations Thread 4" [_thread_blocked, id=7024, stack(0x0000007bd5200000,0x0000007bd5300000)]
  0x000001ccafd784b0 JavaThread "Unconstrained build operations Thread 5" [_thread_blocked, id=4028, stack(0x0000007bd5300000,0x0000007bd5400000)]
  0x000001ccafd78980 JavaThread "Unconstrained build operations Thread 6" [_thread_blocked, id=24628, stack(0x0000007bd5400000,0x0000007bd5500000)]
  0x000001ccafd77640 JavaThread "Unconstrained build operations Thread 7" [_thread_blocked, id=18700, stack(0x0000007bd5500000,0x0000007bd5600000)]
  0x000001ccafd77170 JavaThread "Unconstrained build operations Thread 8" [_thread_blocked, id=10952, stack(0x0000007bd5600000,0x0000007bd5700000)]
  0x000001ccafd78e50 JavaThread "Unconstrained build operations Thread 9" [_thread_blocked, id=18380, stack(0x0000007bd5700000,0x0000007bd5800000)]
  0x000001ccafd75960 JavaThread "Unconstrained build operations Thread 10" [_thread_blocked, id=14360, stack(0x0000007bd5800000,0x0000007bd5900000)]
  0x000001ccafd75e30 JavaThread "Unconstrained build operations Thread 11" [_thread_blocked, id=15488, stack(0x0000007bd5900000,0x0000007bd5a00000)]
  0x000001ccafd76300 JavaThread "Unconstrained build operations Thread 12" [_thread_blocked, id=28292, stack(0x0000007bd5a00000,0x0000007bd5b00000)]
  0x000001ccafd77b10 JavaThread "Unconstrained build operations Thread 13" [_thread_blocked, id=29408, stack(0x0000007bd5b00000,0x0000007bd5c00000)]
  0x000001ccafd767d0 JavaThread "Unconstrained build operations Thread 14" [_thread_blocked, id=8732, stack(0x0000007bd5c00000,0x0000007bd5d00000)]
  0x000001ccafd77fe0 JavaThread "Unconstrained build operations Thread 15" [_thread_blocked, id=26988, stack(0x0000007bd5d00000,0x0000007bd5e00000)]
  0x000001ccb1703000 JavaThread "Unconstrained build operations Thread 16" [_thread_blocked, id=25424, stack(0x0000007bd5e00000,0x0000007bd5f00000)]
  0x000001ccb17034d0 JavaThread "Unconstrained build operations Thread 17" [_thread_blocked, id=18376, stack(0x0000007bd5f00000,0x0000007bd6000000)]
  0x000001ccb16fd490 JavaThread "Unconstrained build operations Thread 18" [_thread_blocked, id=24112, stack(0x0000007bd6000000,0x0000007bd6100000)]
  0x000001ccb17004b0 JavaThread "Unconstrained build operations Thread 19" [_thread_blocked, id=28948, stack(0x0000007bd6100000,0x0000007bd6200000)]
  0x000001ccb16fcfc0 JavaThread "Unconstrained build operations Thread 20" [_thread_blocked, id=29496, stack(0x0000007bd6200000,0x0000007bd6300000)]
  0x000001ccb16fde30 JavaThread "Unconstrained build operations Thread 21" [_thread_blocked, id=28004, stack(0x0000007bd6300000,0x0000007bd6400000)]
  0x000001ccb16fc620 JavaThread "Unconstrained build operations Thread 22" [_thread_blocked, id=6768, stack(0x0000007bd6400000,0x0000007bd6500000)]
  0x000001ccb16fffe0 JavaThread "Unconstrained build operations Thread 23" [_thread_blocked, id=1260, stack(0x0000007bd6500000,0x0000007bd6600000)]
  0x000001ccb1700980 JavaThread "Unconstrained build operations Thread 24" [_thread_blocked, id=12252, stack(0x0000007bd6600000,0x0000007bd6700000)]
  0x000001ccb1703e70 JavaThread "Unconstrained build operations Thread 25" [_thread_blocked, id=24620, stack(0x0000007bd6700000,0x0000007bd6800000)]
  0x000001ccb16fcaf0 JavaThread "Unconstrained build operations Thread 26" [_thread_blocked, id=13012, stack(0x0000007bd6800000,0x0000007bd6900000)]
  0x000001ccb1702190 JavaThread "Unconstrained build operations Thread 27" [_thread_blocked, id=25180, stack(0x0000007bd6900000,0x0000007bd6a00000)]
  0x000001ccb16feca0 JavaThread "Unconstrained build operations Thread 28" [_thread_blocked, id=15520, stack(0x0000007bd6a00000,0x0000007bd6b00000)]
  0x000001ccb16fe7d0 JavaThread "Unconstrained build operations Thread 29" [_thread_blocked, id=25816, stack(0x0000007bd6b00000,0x0000007bd6c00000)]
  0x000001ccb17017f0 JavaThread "Unconstrained build operations Thread 30" [_thread_blocked, id=27256, stack(0x0000007bd6c00000,0x0000007bd6d00000)]
  0x000001ccb16fd960 JavaThread "Unconstrained build operations Thread 31" [_thread_blocked, id=25432, stack(0x0000007bd6d00000,0x0000007bd6e00000)]
  0x000001ccb16ffb10 JavaThread "Unconstrained build operations Thread 32" [_thread_blocked, id=22336, stack(0x0000007bd6e00000,0x0000007bd6f00000)]
  0x000001ccb16ff170 JavaThread "Unconstrained build operations Thread 33" [_thread_blocked, id=4920, stack(0x0000007bd6f00000,0x0000007bd7000000)]
  0x000001ccb1701320 JavaThread "Unconstrained build operations Thread 34" [_thread_blocked, id=15672, stack(0x0000007bd7000000,0x0000007bd7100000)]
  0x000001ccb16ff640 JavaThread "Unconstrained build operations Thread 35" [_thread_blocked, id=22692, stack(0x0000007bd7100000,0x0000007bd7200000)]
  0x000001ccb1701cc0 JavaThread "Unconstrained build operations Thread 36" [_thread_blocked, id=19092, stack(0x0000007bd7200000,0x0000007bd7300000)]
  0x000001ccb1702660 JavaThread "Unconstrained build operations Thread 37" [_thread_blocked, id=18220, stack(0x0000007bd7300000,0x0000007bd7400000)]
  0x000001ccb1700e50 JavaThread "Unconstrained build operations Thread 38" [_thread_blocked, id=2616, stack(0x0000007bd7400000,0x0000007bd7500000)]
  0x000001ccb16fe300 JavaThread "Unconstrained build operations Thread 39" [_thread_blocked, id=10808, stack(0x0000007bd7500000,0x0000007bd7600000)]
  0x000001ccb1702b30 JavaThread "Unconstrained build operations Thread 40" [_thread_blocked, id=27820, stack(0x0000007bd7600000,0x0000007bd7700000)]
  0x000001ccb17039a0 JavaThread "Unconstrained build operations Thread 41" [_thread_blocked, id=21172, stack(0x0000007bd7700000,0x0000007bd7800000)]
  0x000001ccafff6330 JavaThread "Unconstrained build operations Thread 42" [_thread_blocked, id=14192, stack(0x0000007bd7800000,0x0000007bd7900000)]
  0x000001ccafff4b20 JavaThread "Unconstrained build operations Thread 43" [_thread_blocked, id=136, stack(0x0000007bd7900000,0x0000007bd7a00000)]
  0x000001ccafff4650 JavaThread "Unconstrained build operations Thread 44" [_thread_blocked, id=12776, stack(0x0000007bd7a00000,0x0000007bd7b00000)]
  0x000001ccafff1fd0 JavaThread "Unconstrained build operations Thread 45" [_thread_blocked, id=7220, stack(0x0000007bd7b00000,0x0000007bd7c00000)]
  0x000001ccafff6cd0 JavaThread "Unconstrained build operations Thread 46" [_thread_blocked, id=27576, stack(0x0000007bd7c00000,0x0000007bd7d00000)]
  0x000001ccafff5990 JavaThread "Unconstrained build operations Thread 47" [_thread_blocked, id=2080, stack(0x0000007bd7d00000,0x0000007bd7e00000)]
  0x000001ccafff2970 JavaThread "Unconstrained build operations Thread 48" [_thread_blocked, id=2084, stack(0x0000007bd7e00000,0x0000007bd7f00000)]
  0x000001ccafff6800 JavaThread "Unconstrained build operations Thread 49" [_thread_blocked, id=8208, stack(0x0000007bd7f00000,0x0000007bd8000000)]
  0x000001ccafff4ff0 JavaThread "Unconstrained build operations Thread 50" [_thread_blocked, id=3096, stack(0x0000007bd8000000,0x0000007bd8100000)]
  0x000001ccafff2e40 JavaThread "Unconstrained build operations Thread 51" [_thread_blocked, id=15396, stack(0x0000007bd8100000,0x0000007bd8200000)]
  0x000001ccafff3cb0 JavaThread "Unconstrained build operations Thread 52" [_thread_blocked, id=1432, stack(0x0000007bd8200000,0x0000007bd8300000)]
  0x000001ccafff24a0 JavaThread "Unconstrained build operations Thread 53" [_thread_blocked, id=23548, stack(0x0000007bd8300000,0x0000007bd8400000)]
  0x000001ccafff7670 JavaThread "Unconstrained build operations Thread 54" [_thread_blocked, id=8220, stack(0x0000007bd8400000,0x0000007bd8500000)]
  0x000001ccafff3310 JavaThread "Unconstrained build operations Thread 55" [_thread_blocked, id=1896, stack(0x0000007bd8500000,0x0000007bd8600000)]
  0x000001ccafff37e0 JavaThread "Unconstrained build operations Thread 56" [_thread_blocked, id=24492, stack(0x0000007bd8600000,0x0000007bd8700000)]
  0x000001ccafff4180 JavaThread "Unconstrained build operations Thread 57" [_thread_blocked, id=12768, stack(0x0000007bd8700000,0x0000007bd8800000)]
  0x000001ccafff1b00 JavaThread "Unconstrained build operations Thread 58" [_thread_blocked, id=24044, stack(0x0000007bd8800000,0x0000007bd8900000)]
  0x000001ccafff54c0 JavaThread "Unconstrained build operations Thread 59" [_thread_blocked, id=17008, stack(0x0000007bd8900000,0x0000007bd8a00000)]
  0x000001ccafff89b0 JavaThread "Unconstrained build operations Thread 60" [_thread_blocked, id=16176, stack(0x0000007bd8a00000,0x0000007bd8b00000)]
  0x000001ccafff71a0 JavaThread "Unconstrained build operations Thread 61" [_thread_blocked, id=25984, stack(0x0000007bd8b00000,0x0000007bd8c00000)]
  0x000001ccafff1630 JavaThread "Unconstrained build operations Thread 62" [_thread_blocked, id=23536, stack(0x0000007bd8c00000,0x0000007bd8d00000)]
  0x000001ccafff5e60 JavaThread "Unconstrained build operations Thread 63" [_thread_blocked, id=7456, stack(0x0000007bd8d00000,0x0000007bd8e00000)]
  0x000001ccafff7b40 JavaThread "Unconstrained build operations Thread 64" [_thread_blocked, id=9376, stack(0x0000007bd8e00000,0x0000007bd8f00000)]
  0x000001ccafff8010 JavaThread "Unconstrained build operations Thread 65" [_thread_blocked, id=16612, stack(0x0000007bd8f00000,0x0000007bd9000000)]
  0x000001ccafff84e0 JavaThread "Unconstrained build operations Thread 66" [_thread_blocked, id=2924, stack(0x0000007bd9000000,0x0000007bd9100000)]
  0x000001ccafff8e80 JavaThread "Unconstrained build operations Thread 67" [_thread_blocked, id=8292, stack(0x0000007bd9100000,0x0000007bd9200000)]
  0x000001ccb2eaace0 JavaThread "Unconstrained build operations Thread 68" [_thread_blocked, id=13284, stack(0x0000007bd9200000,0x0000007bd9300000)]
  0x000001ccb2eac4f0 JavaThread "Unconstrained build operations Thread 69" [_thread_blocked, id=22732, stack(0x0000007bd9300000,0x0000007bd9400000)]
  0x000001ccb2eabb50 JavaThread "Unconstrained build operations Thread 70" [_thread_blocked, id=25396, stack(0x0000007bd9400000,0x0000007bd9500000)]
  0x000001ccb2ea94d0 JavaThread "Unconstrained build operations Thread 71" [_thread_blocked, id=12648, stack(0x0000007bd9500000,0x0000007bd9600000)]
  0x000001ccb2ea99a0 JavaThread "Unconstrained build operations Thread 72" [_thread_blocked, id=19972, stack(0x0000007bd9600000,0x0000007bd9700000)]
  0x000001ccb2eac9c0 JavaThread "Unconstrained build operations Thread 73" [_thread_blocked, id=13876, stack(0x0000007bd9700000,0x0000007bd9800000)]
  0x000001ccb2eaa810 JavaThread "Unconstrained build operations Thread 74" [_thread_blocked, id=10108, stack(0x0000007bd9800000,0x0000007bd9900000)]
  0x000001ccb2ea9e70 JavaThread "Unconstrained build operations Thread 75" [_thread_blocked, id=3824, stack(0x0000007bd9900000,0x0000007bd9a00000)]
  0x000001ccb2eab680 JavaThread "Unconstrained build operations Thread 76" [_thread_blocked, id=24664, stack(0x0000007bd9a00000,0x0000007bd9b00000)]
  0x000001ccb2eaa340 JavaThread "Unconstrained build operations Thread 77" [_thread_blocked, id=27232, stack(0x0000007bd9b00000,0x0000007bd9c00000)]
  0x000001ccb2eac020 JavaThread "Unconstrained build operations Thread 78" [_thread_blocked, id=15288, stack(0x0000007bd9c00000,0x0000007bd9d00000)]
  0x000001ccb2ea9000 JavaThread "Unconstrained build operations Thread 79" [_thread_blocked, id=14288, stack(0x0000007bd9d00000,0x0000007bd9e00000)]
  0x000001ccb2eab1b0 JavaThread "Unconstrained build operations Thread 80" [_thread_blocked, id=10756, stack(0x0000007bd9e00000,0x0000007bd9f00000)]
  0x000001ccafd55c10 JavaThread "jar transforms Thread 6" [_thread_blocked, id=6608, stack(0x0000007bd9f00000,0x0000007bda000000)]
  0x000001ccafd54da0 JavaThread "jar transforms Thread 7" [_thread_blocked, id=23720, stack(0x0000007bda000000,0x0000007bda100000)]
  0x000001ccafd55270 JavaThread "jar transforms Thread 8" [_thread_blocked, id=28812, stack(0x0000007bda100000,0x0000007bda200000)]
  0x000001ccafd58c30 JavaThread "build event listener" [_thread_blocked, id=20492, stack(0x0000007bda200000,0x0000007bda300000)]
  0x000001ccafd57420 JavaThread "Memory manager" [_thread_blocked, id=10112, stack(0x0000007bda300000,0x0000007bda400000)]

Other Threads:
=>0x000001ccac956370 VMThread "VM Thread" [stack: 0x0000007bd1b00000,0x0000007bd1c00000] [id=3224]
  0x000001cc92b71cc0 WatcherThread [stack: 0x0000007bd2700000,0x0000007bd2800000] [id=19588]
  0x000001cc92b4b120 GCTaskThread "GC Thread#0" [stack: 0x0000007bd1600000,0x0000007bd1700000] [id=26716]
  0x000001ccae281fd0 GCTaskThread "GC Thread#1" [stack: 0x0000007bd2a00000,0x0000007bd2b00000] [id=22060]
  0x000001ccae282280 GCTaskThread "GC Thread#2" [stack: 0x0000007bd2b00000,0x0000007bd2c00000] [id=9944]
  0x000001ccadf88b40 GCTaskThread "GC Thread#3" [stack: 0x0000007bd2c00000,0x0000007bd2d00000] [id=25620]
  0x000001ccae08e1c0 GCTaskThread "GC Thread#4" [stack: 0x0000007bd2900000,0x0000007bd2a00000] [id=20288]
  0x000001ccb01a2de0 GCTaskThread "GC Thread#5" [stack: 0x0000007bd3800000,0x0000007bd3900000] [id=10800]
  0x000001ccb01a2070 GCTaskThread "GC Thread#6" [stack: 0x0000007bd3900000,0x0000007bd3a00000] [id=14184]
  0x000001ccb01a2b30 GCTaskThread "GC Thread#7" [stack: 0x0000007bd3a00000,0x0000007bd3b00000] [id=7084]
  0x000001cc92b5bf70 ConcurrentGCThread "G1 Main Marker" [stack: 0x0000007bd1700000,0x0000007bd1800000] [id=10340]
  0x000001cc92b5d030 ConcurrentGCThread "G1 Conc#0" [stack: 0x0000007bd1800000,0x0000007bd1900000] [id=11052]
  0x000001ccb01a2320 ConcurrentGCThread "G1 Conc#1" [stack: 0x0000007bd3b00000,0x0000007bd3c00000] [id=12780]
  0x000001cc92bb55c0 ConcurrentGCThread "G1 Refine#0" [stack: 0x0000007bd1900000,0x0000007bd1a00000] [id=9640]
  0x000001ccb2d37d50 ConcurrentGCThread "G1 Refine#1" [stack: 0x0000007bd4900000,0x0000007bd4a00000] [id=17264]
  0x000001cc92bb5ef0 ConcurrentGCThread "G1 Service" [stack: 0x0000007bd1a00000,0x0000007bd1b00000] [id=22344]

Threads with active compile tasks:
C2 CompilerThread0    10659 7284   !   4       org.codehaus.groovy.reflection.stdclasses.CachedSAMClass::hasUsableImplementation (72 bytes)
C1 CompilerThread0    10659 7612       3       com.google.common.collect.AbstractMapBasedMultimap::createMaybeNavigableKeySet (65 bytes)
C2 CompilerThread1    10659 7257 %     4       org.gradle.internal.instantiation.generator.AbstractClassGenerator::inspectType @ 250 (560 bytes)
C2 CompilerThread2    10659 7287       4       groovy.lang.MetaClassImpl::addMetaMethodToIndex (65 bytes)

VM state: at safepoint (normal execution)

VM Mutex/Monitor currently owned by a thread:  ([mutex/lock_event])
[0x000001cc92ae6b70] Threads_lock - owner thread: 0x000001ccac956370
[0x000001cc92ae6540] Heap_lock - owner thread: 0x000001ccafc96fa0

Heap address: 0x0000000080000000, size: 2048 MB, Compressed Oops mode: 32-bit

CDS archive(s) not mapped
Compressed class space mapped at: 0x0000000100000000-0x0000000140000000, reserved size: 1073741824
Narrow klass base: 0x0000000000000000, Narrow klass shift: 3, Narrow klass range: 0x140000000

GC Precious Log:
 CPUs: 8 total, 8 available
 Memory: 8084M
 Large Page Support: Disabled
 NUMA Support: Disabled
 Compressed Oops: Enabled (32-bit)
 Heap Region Size: 1M
 Heap Min Capacity: 8M
 Heap Initial Capacity: 128M
 Heap Max Capacity: 2G
 Pre-touch: Disabled
 Parallel Workers: 8
 Concurrent Workers: 2
 Concurrent Refinement Workers: 8
 Periodic GC: Disabled

Heap:
 garbage-first heap   total 131072K, used 61459K [0x0000000080000000, 0x0000000100000000)
  region size 1024K, 3 young (3072K), 3 survivors (3072K)
 Metaspace       used 74988K, committed 75520K, reserved 1122304K
  class space    used 10161K, committed 10432K, reserved 1048576K

Heap Regions: E=young(eden), S=young(survivor), O=old, HS=humongous(starts), HC=humongous(continues), CS=collection set, F=free, OA=open archive, CA=closed archive, TAMS=top-at-mark-start (previous, next)
|   0|0x0000000080000000, 0x0000000080100000, 0x0000000080100000|100%|HS|  |TAMS 0x0000000080100000, 0x0000000080100000| Complete 
|   1|0x0000000080100000, 0x0000000080200000, 0x0000000080200000|100%|HC|  |TAMS 0x0000000080200000, 0x0000000080200000| Complete 
|   2|0x0000000080200000, 0x0000000080300000, 0x0000000080300000|100%|HC|  |TAMS 0x0000000080300000, 0x0000000080300000| Complete 
|   3|0x0000000080300000, 0x0000000080400000, 0x0000000080400000|100%|HC|  |TAMS 0x0000000080400000, 0x0000000080400000| Complete 
|   4|0x0000000080400000, 0x0000000080500000, 0x0000000080500000|100%| O|  |TAMS 0x0000000080500000, 0x0000000080500000| Untracked 
|   5|0x0000000080500000, 0x0000000080600000, 0x0000000080600000|100%| O|  |TAMS 0x0000000080600000, 0x0000000080600000| Untracked 
|   6|0x0000000080600000, 0x0000000080700000, 0x0000000080700000|100%| O|  |TAMS 0x0000000080700000, 0x0000000080700000| Untracked 
|   7|0x0000000080700000, 0x0000000080800000, 0x0000000080800000|100%| O|  |TAMS 0x0000000080800000, 0x0000000080800000| Untracked 
|   8|0x0000000080800000, 0x0000000080900000, 0x0000000080900000|100%| O|  |TAMS 0x0000000080900000, 0x0000000080900000| Untracked 
|   9|0x0000000080900000, 0x0000000080a00000, 0x0000000080a00000|100%| O|  |TAMS 0x0000000080a00000, 0x0000000080a00000| Untracked 
|  10|0x0000000080a00000, 0x0000000080b00000, 0x0000000080b00000|100%| O|  |TAMS 0x0000000080b00000, 0x0000000080b00000| Untracked 
|  11|0x0000000080b00000, 0x0000000080c00000, 0x0000000080c00000|100%| O|  |TAMS 0x0000000080c00000, 0x0000000080c00000| Untracked 
|  12|0x0000000080c00000, 0x0000000080d00000, 0x0000000080d00000|100%| O|  |TAMS 0x0000000080d00000, 0x0000000080d00000| Untracked 
|  13|0x0000000080d00000, 0x0000000080dffff8, 0x0000000080e00000| 99%| O|  |TAMS 0x0000000080dffff8, 0x0000000080dffff8| Untracked 
|  14|0x0000000080e00000, 0x0000000080f00000, 0x0000000080f00000|100%| O|  |TAMS 0x0000000080f00000, 0x0000000080f00000| Untracked 
|  15|0x0000000080f00000, 0x0000000081000000, 0x0000000081000000|100%| O|  |TAMS 0x0000000081000000, 0x0000000081000000| Untracked 
|  16|0x0000000081000000, 0x0000000081100000, 0x0000000081100000|100%| O|  |TAMS 0x0000000081100000, 0x0000000081100000| Untracked 
|  17|0x0000000081100000, 0x0000000081200000, 0x0000000081200000|100%| O|  |TAMS 0x0000000081200000, 0x0000000081200000| Untracked 
|  18|0x0000000081200000, 0x0000000081300000, 0x0000000081300000|100%| O|  |TAMS 0x0000000081300000, 0x0000000081300000| Untracked 
|  19|0x0000000081300000, 0x0000000081400000, 0x0000000081400000|100%| O|  |TAMS 0x0000000081400000, 0x0000000081400000| Untracked 
|  20|0x0000000081400000, 0x0000000081500000, 0x0000000081500000|100%| O|  |TAMS 0x0000000081500000, 0x0000000081500000| Untracked 
|  21|0x0000000081500000, 0x0000000081600000, 0x0000000081600000|100%| O|  |TAMS 0x0000000081600000, 0x0000000081600000| Untracked 
|  22|0x0000000081600000, 0x0000000081700000, 0x0000000081700000|100%| O|  |TAMS 0x0000000081700000, 0x0000000081700000| Untracked 
|  23|0x0000000081700000, 0x0000000081800000, 0x0000000081800000|100%| O|  |TAMS 0x0000000081800000, 0x0000000081800000| Untracked 
|  24|0x0000000081800000, 0x0000000081900000, 0x0000000081900000|100%| O|  |TAMS 0x0000000081900000, 0x0000000081900000| Untracked 
|  25|0x0000000081900000, 0x0000000081a00000, 0x0000000081a00000|100%| O|  |TAMS 0x0000000081a00000, 0x0000000081a00000| Untracked 
|  26|0x0000000081a00000, 0x0000000081b00000, 0x0000000081b00000|100%| O|  |TAMS 0x0000000081b00000, 0x0000000081b00000| Untracked 
|  27|0x0000000081b00000, 0x0000000081c00000, 0x0000000081c00000|100%| O|  |TAMS 0x0000000081c00000, 0x0000000081c00000| Untracked 
|  28|0x0000000081c00000, 0x0000000081d00000, 0x0000000081d00000|100%| O|  |TAMS 0x0000000081d00000, 0x0000000081d00000| Untracked 
|  29|0x0000000081d00000, 0x0000000081e00000, 0x0000000081e00000|100%| O|  |TAMS 0x0000000081e00000, 0x0000000081e00000| Untracked 
|  30|0x0000000081e00000, 0x0000000081f00000, 0x0000000081f00000|100%|HS|  |TAMS 0x0000000081f00000, 0x0000000081f00000| Complete 
|  31|0x0000000081f00000, 0x0000000082000000, 0x0000000082000000|100%| O|  |TAMS 0x0000000082000000, 0x0000000082000000| Untracked 
|  32|0x0000000082000000, 0x0000000082100000, 0x0000000082100000|100%| O|  |TAMS 0x0000000082100000, 0x0000000082100000| Untracked 
|  33|0x0000000082100000, 0x0000000082200000, 0x0000000082200000|100%| O|  |TAMS 0x0000000082200000, 0x0000000082200000| Untracked 
|  34|0x0000000082200000, 0x0000000082300000, 0x0000000082300000|100%|HS|  |TAMS 0x0000000082300000, 0x0000000082300000| Complete 
|  35|0x0000000082300000, 0x0000000082400000, 0x0000000082400000|100%|HS|  |TAMS 0x0000000082400000, 0x0000000082400000| Complete 
|  36|0x0000000082400000, 0x0000000082500000, 0x0000000082500000|100%| O|  |TAMS 0x0000000082500000, 0x0000000082500000| Untracked 
|  37|0x0000000082500000, 0x0000000082600000, 0x0000000082600000|100%| O|  |TAMS 0x0000000082600000, 0x0000000082600000| Untracked 
|  38|0x0000000082600000, 0x0000000082700000, 0x0000000082700000|100%| O|  |TAMS 0x0000000082700000, 0x0000000082700000| Untracked 
|  39|0x0000000082700000, 0x0000000082700000, 0x0000000082800000|  0%| F|  |TAMS 0x0000000082700000, 0x0000000082700000| Untracked 
|  40|0x0000000082800000, 0x0000000082900000, 0x0000000082900000|100%| O|  |TAMS 0x0000000082900000, 0x0000000082900000| Untracked 
|  41|0x0000000082900000, 0x0000000082a00000, 0x0000000082a00000|100%| O|  |TAMS 0x0000000082a00000, 0x0000000082a00000| Untracked 
|  42|0x0000000082a00000, 0x0000000082b00000, 0x0000000082b00000|100%| O|  |TAMS 0x0000000082b00000, 0x0000000082b00000| Untracked 
|  43|0x0000000082b00000, 0x0000000082c00000, 0x0000000082c00000|100%| O|  |TAMS 0x0000000082c00000, 0x0000000082c00000| Untracked 
|  44|0x0000000082c00000, 0x0000000082d00000, 0x0000000082d00000|100%| O|  |TAMS 0x0000000082d00000, 0x0000000082d00000| Untracked 
|  45|0x0000000082d00000, 0x0000000082e00000, 0x0000000082e00000|100%| O|  |TAMS 0x0000000082e00000, 0x0000000082e00000| Untracked 
|  46|0x0000000082e00000, 0x0000000082f00000, 0x0000000082f00000|100%| O|  |TAMS 0x0000000082f00000, 0x0000000082f00000| Untracked 
|  47|0x0000000082f00000, 0x0000000083000000, 0x0000000083000000|100%| O|  |TAMS 0x0000000083000000, 0x0000000083000000| Untracked 
|  48|0x0000000083000000, 0x0000000083100000, 0x0000000083100000|100%| O|  |TAMS 0x0000000083100000, 0x0000000083100000| Untracked 
|  49|0x0000000083100000, 0x0000000083200000, 0x0000000083200000|100%| O|  |TAMS 0x0000000083200000, 0x0000000083200000| Untracked 
|  50|0x0000000083200000, 0x0000000083300000, 0x0000000083300000|100%| O|  |TAMS 0x0000000083300000, 0x0000000083300000| Untracked 
|  51|0x0000000083300000, 0x0000000083400000, 0x0000000083400000|100%| O|  |TAMS 0x0000000083400000, 0x0000000083400000| Untracked 
|  52|0x0000000083400000, 0x0000000083500000, 0x0000000083500000|100%| O|  |TAMS 0x0000000083471600, 0x0000000083500000| Untracked 
|  53|0x0000000083500000, 0x0000000083600000, 0x0000000083600000|100%| O|  |TAMS 0x0000000083600000, 0x0000000083600000| Untracked 
|  54|0x0000000083600000, 0x0000000083700000, 0x0000000083700000|100%| O|  |TAMS 0x0000000083600000, 0x0000000083700000| Untracked 
|  55|0x0000000083700000, 0x0000000083800000, 0x0000000083800000|100%| O|  |TAMS 0x0000000083700000, 0x0000000083800000| Untracked 
|  56|0x0000000083800000, 0x0000000083900000, 0x0000000083900000|100%| O|  |TAMS 0x0000000083800000, 0x0000000083900000| Untracked 
|  57|0x0000000083900000, 0x0000000083a00000, 0x0000000083a00000|100%| O|  |TAMS 0x0000000083900000, 0x0000000083a00000| Untracked 
|  58|0x0000000083a00000, 0x0000000083aaf400, 0x0000000083b00000| 68%| O|  |TAMS 0x0000000083a00000, 0x0000000083aaf400| Untracked 
|  59|0x0000000083b00000, 0x0000000083b00000, 0x0000000083c00000|  0%| F|  |TAMS 0x0000000083b00000, 0x0000000083b00000| Untracked 
|  60|0x0000000083c00000, 0x0000000083c00000, 0x0000000083d00000|  0%| F|  |TAMS 0x0000000083c00000, 0x0000000083c00000| Untracked 
|  61|0x0000000083d00000, 0x0000000083d00000, 0x0000000083e00000|  0%| F|  |TAMS 0x0000000083d00000, 0x0000000083d00000| Untracked 
|  62|0x0000000083e00000, 0x0000000083e00000, 0x0000000083f00000|  0%| F|  |TAMS 0x0000000083e00000, 0x0000000083e00000| Untracked 
|  63|0x0000000083f00000, 0x0000000083f00000, 0x0000000084000000|  0%| F|  |TAMS 0x0000000083f00000, 0x0000000083f00000| Untracked 
|  64|0x0000000084000000, 0x0000000084000000, 0x0000000084100000|  0%| F|  |TAMS 0x0000000084000000, 0x0000000084000000| Untracked 
|  65|0x0000000084100000, 0x0000000084100000, 0x0000000084200000|  0%| F|  |TAMS 0x0000000084100000, 0x0000000084100000| Untracked 
|  66|0x0000000084200000, 0x0000000084200000, 0x0000000084300000|  0%| F|  |TAMS 0x0000000084200000, 0x0000000084200000| Untracked 
|  67|0x0000000084300000, 0x0000000084300000, 0x0000000084400000|  0%| F|  |TAMS 0x0000000084300000, 0x0000000084300000| Untracked 
|  68|0x0000000084400000, 0x0000000084400000, 0x0000000084500000|  0%| F|  |TAMS 0x0000000084400000, 0x0000000084400000| Untracked 
|  69|0x0000000084500000, 0x0000000084500000, 0x0000000084600000|  0%| F|  |TAMS 0x0000000084500000, 0x0000000084500000| Untracked 
|  70|0x0000000084600000, 0x0000000084600000, 0x0000000084700000|  0%| F|  |TAMS 0x0000000084600000, 0x0000000084600000| Untracked 
|  71|0x0000000084700000, 0x0000000084700000, 0x0000000084800000|  0%| F|  |TAMS 0x0000000084700000, 0x0000000084700000| Untracked 
|  72|0x0000000084800000, 0x0000000084800000, 0x0000000084900000|  0%| F|  |TAMS 0x0000000084800000, 0x0000000084800000| Untracked 
|  73|0x0000000084900000, 0x0000000084900000, 0x0000000084a00000|  0%| F|  |TAMS 0x0000000084900000, 0x0000000084900000| Untracked 
|  74|0x0000000084a00000, 0x0000000084a55b90, 0x0000000084b00000| 33%| S|CS|TAMS 0x0000000084a00000, 0x0000000084a00000| Complete 
|  75|0x0000000084b00000, 0x0000000084c00000, 0x0000000084c00000|100%| S|CS|TAMS 0x0000000084b00000, 0x0000000084b00000| Complete 
|  76|0x0000000084c00000, 0x0000000084d00000, 0x0000000084d00000|100%| S|CS|TAMS 0x0000000084c00000, 0x0000000084c00000| Complete 
|  77|0x0000000084d00000, 0x0000000084d00000, 0x0000000084e00000|  0%| F|  |TAMS 0x0000000084d00000, 0x0000000084d00000| Untracked 
|  78|0x0000000084e00000, 0x0000000084e00000, 0x0000000084f00000|  0%| F|  |TAMS 0x0000000084e00000, 0x0000000084e00000| Untracked 
|  79|0x0000000084f00000, 0x0000000084f00000, 0x0000000085000000|  0%| F|  |TAMS 0x0000000084f00000, 0x0000000084f00000| Untracked 
|  80|0x0000000085000000, 0x0000000085000000, 0x0000000085100000|  0%| F|  |TAMS 0x0000000085000000, 0x0000000085000000| Untracked 
|  81|0x0000000085100000, 0x0000000085100000, 0x0000000085200000|  0%| F|  |TAMS 0x0000000085100000, 0x0000000085100000| Untracked 
|  82|0x0000000085200000, 0x0000000085200000, 0x0000000085300000|  0%| F|  |TAMS 0x0000000085200000, 0x0000000085200000| Untracked 
|  83|0x0000000085300000, 0x0000000085300000, 0x0000000085400000|  0%| F|  |TAMS 0x0000000085300000, 0x0000000085300000| Untracked 
|  84|0x0000000085400000, 0x0000000085400000, 0x0000000085500000|  0%| F|  |TAMS 0x0000000085400000, 0x0000000085400000| Untracked 
|  85|0x0000000085500000, 0x0000000085500000, 0x0000000085600000|  0%| F|  |TAMS 0x0000000085500000, 0x0000000085500000| Untracked 
|  86|0x0000000085600000, 0x0000000085600000, 0x0000000085700000|  0%| F|  |TAMS 0x0000000085600000, 0x0000000085600000| Untracked 
|  87|0x0000000085700000, 0x0000000085700000, 0x0000000085800000|  0%| F|  |TAMS 0x0000000085700000, 0x0000000085700000| Untracked 
|  88|0x0000000085800000, 0x0000000085800000, 0x0000000085900000|  0%| F|  |TAMS 0x0000000085800000, 0x0000000085800000| Untracked 
|  89|0x0000000085900000, 0x0000000085900000, 0x0000000085a00000|  0%| F|  |TAMS 0x0000000085900000, 0x0000000085900000| Untracked 
|  90|0x0000000085a00000, 0x0000000085a00000, 0x0000000085b00000|  0%| F|  |TAMS 0x0000000085a00000, 0x0000000085a00000| Untracked 
|  91|0x0000000085b00000, 0x0000000085b00000, 0x0000000085c00000|  0%| F|  |TAMS 0x0000000085b00000, 0x0000000085b00000| Untracked 
|  92|0x0000000085c00000, 0x0000000085c00000, 0x0000000085d00000|  0%| F|  |TAMS 0x0000000085c00000, 0x0000000085c00000| Untracked 
|  93|0x0000000085d00000, 0x0000000085d00000, 0x0000000085e00000|  0%| F|  |TAMS 0x0000000085d00000, 0x0000000085d00000| Untracked 
|  94|0x0000000085e00000, 0x0000000085e00000, 0x0000000085f00000|  0%| F|  |TAMS 0x0000000085e00000, 0x0000000085e00000| Untracked 
|  95|0x0000000085f00000, 0x0000000085f00000, 0x0000000086000000|  0%| F|  |TAMS 0x0000000085f00000, 0x0000000085f00000| Untracked 
|  96|0x0000000086000000, 0x0000000086000000, 0x0000000086100000|  0%| F|  |TAMS 0x0000000086000000, 0x0000000086000000| Untracked 
|  97|0x0000000086100000, 0x0000000086100000, 0x0000000086200000|  0%| F|  |TAMS 0x0000000086100000, 0x0000000086100000| Untracked 
|  98|0x0000000086200000, 0x0000000086200000, 0x0000000086300000|  0%| F|  |TAMS 0x0000000086200000, 0x0000000086200000| Untracked 
|  99|0x0000000086300000, 0x0000000086300000, 0x0000000086400000|  0%| F|  |TAMS 0x0000000086300000, 0x0000000086300000| Untracked 
| 100|0x0000000086400000, 0x0000000086400000, 0x0000000086500000|  0%| F|  |TAMS 0x0000000086400000, 0x0000000086400000| Untracked 
| 101|0x0000000086500000, 0x0000000086500000, 0x0000000086600000|  0%| F|  |TAMS 0x0000000086500000, 0x0000000086500000| Untracked 
| 102|0x0000000086600000, 0x0000000086600000, 0x0000000086700000|  0%| F|  |TAMS 0x0000000086600000, 0x0000000086600000| Untracked 
| 103|0x0000000086700000, 0x0000000086700000, 0x0000000086800000|  0%| F|  |TAMS 0x0000000086700000, 0x0000000086700000| Untracked 
| 104|0x0000000086800000, 0x0000000086800000, 0x0000000086900000|  0%| F|  |TAMS 0x0000000086800000, 0x0000000086800000| Untracked 
| 105|0x0000000086900000, 0x0000000086900000, 0x0000000086a00000|  0%| F|  |TAMS 0x0000000086900000, 0x0000000086900000| Untracked 
| 106|0x0000000086a00000, 0x0000000086a00000, 0x0000000086b00000|  0%| F|  |TAMS 0x0000000086a00000, 0x0000000086a00000| Untracked 
| 107|0x0000000086b00000, 0x0000000086b00000, 0x0000000086c00000|  0%| F|  |TAMS 0x0000000086b00000, 0x0000000086b00000| Untracked 
| 108|0x0000000086c00000, 0x0000000086c00000, 0x0000000086d00000|  0%| F|  |TAMS 0x0000000086c00000, 0x0000000086c00000| Untracked 
| 109|0x0000000086d00000, 0x0000000086d00000, 0x0000000086e00000|  0%| F|  |TAMS 0x0000000086d00000, 0x0000000086d00000| Untracked 
| 110|0x0000000086e00000, 0x0000000086e00000, 0x0000000086f00000|  0%| F|  |TAMS 0x0000000086e00000, 0x0000000086e00000| Untracked 
| 111|0x0000000086f00000, 0x0000000086f00000, 0x0000000087000000|  0%| F|  |TAMS 0x0000000086f00000, 0x0000000086f00000| Untracked 
| 112|0x0000000087000000, 0x0000000087000000, 0x0000000087100000|  0%| F|  |TAMS 0x0000000087000000, 0x0000000087000000| Untracked 
| 113|0x0000000087100000, 0x0000000087100000, 0x0000000087200000|  0%| F|  |TAMS 0x0000000087100000, 0x0000000087100000| Untracked 
| 114|0x0000000087200000, 0x0000000087200000, 0x0000000087300000|  0%| F|  |TAMS 0x0000000087200000, 0x0000000087200000| Untracked 
| 115|0x0000000087300000, 0x0000000087300000, 0x0000000087400000|  0%| F|  |TAMS 0x0000000087300000, 0x0000000087300000| Untracked 
| 116|0x0000000087400000, 0x0000000087400000, 0x0000000087500000|  0%| F|  |TAMS 0x0000000087400000, 0x0000000087400000| Untracked 
| 117|0x0000000087500000, 0x0000000087500000, 0x0000000087600000|  0%| F|  |TAMS 0x0000000087500000, 0x0000000087500000| Untracked 
| 118|0x0000000087600000, 0x0000000087600000, 0x0000000087700000|  0%| F|  |TAMS 0x0000000087600000, 0x0000000087600000| Untracked 
| 119|0x0000000087700000, 0x0000000087700000, 0x0000000087800000|  0%| F|  |TAMS 0x0000000087700000, 0x0000000087700000| Untracked 
| 120|0x0000000087800000, 0x0000000087800000, 0x0000000087900000|  0%| F|  |TAMS 0x0000000087800000, 0x0000000087800000| Untracked 
| 121|0x0000000087900000, 0x0000000087900000, 0x0000000087a00000|  0%| F|  |TAMS 0x0000000087900000, 0x0000000087900000| Untracked 
| 122|0x0000000087a00000, 0x0000000087a00000, 0x0000000087b00000|  0%| F|  |TAMS 0x0000000087a00000, 0x0000000087a00000| Untracked 
| 123|0x0000000087b00000, 0x0000000087b00000, 0x0000000087c00000|  0%| F|  |TAMS 0x0000000087b00000, 0x0000000087b00000| Untracked 
| 124|0x0000000087c00000, 0x0000000087c00000, 0x0000000087d00000|  0%| F|  |TAMS 0x0000000087c00000, 0x0000000087c00000| Untracked 
| 125|0x0000000087d00000, 0x0000000087d00000, 0x0000000087e00000|  0%| F|  |TAMS 0x0000000087d00000, 0x0000000087d00000| Untracked 
| 126|0x0000000087e00000, 0x0000000087e00000, 0x0000000087f00000|  0%| F|  |TAMS 0x0000000087e00000, 0x0000000087e00000| Untracked 
| 127|0x0000000087f00000, 0x0000000087f00000, 0x0000000088000000|  0%| F|  |TAMS 0x0000000087f00000, 0x0000000087f00000| Untracked 

Card table byte_map: [0x000001cca56f0000,0x000001cca5af0000] _byte_map_base: 0x000001cca52f0000

Marking Bits (Prev, Next): (CMBitMap*) 0x000001cc92b4b680, (CMBitMap*) 0x000001cc92b4b640
 Prev Bits: [0x000001cca7ef0000, 0x000001cca9ef0000)
 Next Bits: [0x000001cca5ef0000, 0x000001cca7ef0000)

Polling page: 0x000001cc90a90000

Metaspace:

Usage:
  Non-class:     63.31 MB used.
      Class:      9.92 MB used.
       Both:     73.23 MB used.

Virtual space:
  Non-class space:       72.00 MB reserved,      63.56 MB ( 88%) committed,  9 nodes.
      Class space:        1.00 GB reserved,      10.19 MB ( <1%) committed,  1 nodes.
             Both:        1.07 GB reserved,      73.75 MB (  7%) committed. 

Chunk freelists:
   Non-Class:  3.66 MB
       Class:  1.78 MB
        Both:  5.44 MB

MaxMetaspaceSize: unlimited
CompressedClassSpaceSize: 1.00 GB
Initial GC threshold: 21.00 MB
Current GC threshold: 113.25 MB
CDS: off
MetaspaceReclaimPolicy: balanced
 - commit_granule_bytes: 65536.
 - commit_granule_words: 8192.
 - virtual_space_node_default_size: 1048576.
 - enlarge_chunks_in_place: 1.
 - new_chunks_are_fully_committed: 0.
 - uncommit_free_chunks: 1.
 - use_allocation_guard: 0.
 - handle_deallocations: 1.


Internal statistics:

num_allocs_failed_limit: 6.
num_arena_births: 658.
num_arena_deaths: 0.
num_vsnodes_births: 10.
num_vsnodes_deaths: 0.
num_space_committed: 1180.
num_space_uncommitted: 0.
num_chunks_returned_to_freelist: 6.
num_chunks_taken_from_freelist: 3209.
num_chunk_merges: 6.
num_chunk_splits: 2160.
num_chunks_enlarged: 1488.
num_purges: 0.
num_inconsistent_stats: 0.

CodeHeap 'non-profiled nmethods': size=120000Kb used=4154Kb max_used=4154Kb free=115845Kb
 bounds [0x000001cc9da90000, 0x000001cc9dea0000, 0x000001cca4fc0000]
CodeHeap 'profiled nmethods': size=120000Kb used=13195Kb max_used=13195Kb free=106804Kb
 bounds [0x000001cc95fc0000, 0x000001cc96cb0000, 0x000001cc9d4f0000]
CodeHeap 'non-nmethods': size=5760Kb used=2423Kb max_used=2485Kb free=3336Kb
 bounds [0x000001cc9d4f0000, 0x000001cc9d770000, 0x000001cc9da90000]
 total_blobs=7672 nmethods=6782 adapters=800
 compilation: enabled
              stopped_count=0, restarted_count=0
 full_count=0

Compilation events (20 events):
Event: 10.578 Thread 0x000001ccad45a270 nmethod 7604 0x000001cc96c9d710 code [0x000001cc96c9da60, 0x000001cc96c9f228]
Event: 10.578 Thread 0x000001ccad45a270 7606       3       org.gradle.util.internal.CollectionUtils::collectArray (49 bytes)
Event: 10.578 Thread 0x000001ccad45a270 nmethod 7606 0x000001cc96c9fa90 code [0x000001cc96c9fc60, 0x000001cc96ca0088]
Event: 10.578 Thread 0x000001ccad45a270 7602       3       org.gradle.internal.instantiation.generator.AsmBackedClassGenerator$ClassBuilderImpl$$Lambda$131/0x0000000100280f80::emit (29 bytes)
Event: 10.579 Thread 0x000001ccad45a270 nmethod 7602 0x000001cc96ca0210 code [0x000001cc96ca03c0, 0x000001cc96ca0528]
Event: 10.579 Thread 0x000001ccad45a270 7603       3       org.gradle.internal.instantiation.generator.AsmBackedClassGenerator$ClassBuilderImpl::lambda$addActionMethod$34 (19 bytes)
Event: 10.579 Thread 0x000001ccad45a270 nmethod 7603 0x000001cc96ca0610 code [0x000001cc96ca07c0, 0x000001cc96ca09a8]
Event: 10.579 Thread 0x000001ccad45a270 7605       3       org.gradle.internal.instantiation.generator.AsmBackedClassGenerator$ClassBuilderImpl::access$2900 (4 bytes)
Event: 10.579 Thread 0x000001ccad45a270 nmethod 7605 0x000001cc96ca0a90 code [0x000001cc96ca0c20, 0x000001cc96ca0d18]
Event: 10.579 Thread 0x000001ccad45a270 7601       3       com.google.common.collect.LinkedHashMultimap$ValueEntry::getSuccessorInValueSet (11 bytes)
Event: 10.579 Thread 0x000001ccad45a270 nmethod 7601 0x000001cc96ca0d90 code [0x000001cc96ca0f40, 0x000001cc96ca12a8]
Event: 10.585 Thread 0x000001ccad45a270 7607       3       org.gradle.api.internal.provider.Collectors$TypedCollector::isProvidedBy (32 bytes)
Event: 10.585 Thread 0x000001ccad45a270 nmethod 7607 0x000001cc96ca1390 code [0x000001cc96ca1540, 0x000001cc96ca19a8]
Event: 10.585 Thread 0x000001ccad45a270 7608       3       org.gradle.api.internal.provider.Collectors$ElementFromProvider::isProvidedBy (9 bytes)
Event: 10.586 Thread 0x000001ccad45a270 nmethod 7608 0x000001cc96ca1a90 code [0x000001cc96ca1c40, 0x000001cc96ca1f48]
Event: 10.590 Thread 0x000001ccad45a270 7609       3       java.lang.Class::getDeclaredAnnotations (11 bytes)
Event: 10.591 Thread 0x000001ccad45a270 nmethod 7609 0x000001cc96ca2090 code [0x000001cc96ca2260, 0x000001cc96ca2688]
Event: 10.591 Thread 0x000001ccad45a270 7610       3       com.google.common.collect.AbstractMultimap::keySet (23 bytes)
Event: 10.591 Thread 0x000001ccad45a270 nmethod 7610 0x000001cc96ca2810 code [0x000001cc96ca29c0, 0x000001cc96ca2c68]
Event: 10.591 Thread 0x000001ccad45a270 7612       3       com.google.common.collect.AbstractMapBasedMultimap::createMaybeNavigableKeySet (65 bytes)

GC Heap History (20 events):
Event: 7.790 GC heap after
{Heap after GC invocations=18 (full 0):
 garbage-first heap   total 82944K, used 47323K [0x0000000080000000, 0x0000000100000000)
  region size 1024K, 1 young (1024K), 1 survivors (1024K)
 Metaspace       used 56628K, committed 57152K, reserved 1105920K
  class space    used 7474K, committed 7680K, reserved 1048576K
}
Event: 8.117 GC heap before
{Heap before GC invocations=19 (full 0):
 garbage-first heap   total 86016K, used 63707K [0x0000000080000000, 0x0000000100000000)
  region size 1024K, 18 young (18432K), 1 survivors (1024K)
 Metaspace       used 59068K, committed 59520K, reserved 1105920K
  class space    used 7825K, committed 8064K, reserved 1048576K
}
Event: 8.121 GC heap after
{Heap after GC invocations=20 (full 0):
 garbage-first heap   total 86016K, used 47989K [0x0000000080000000, 0x0000000100000000)
  region size 1024K, 2 young (2048K), 2 survivors (2048K)
 Metaspace       used 59068K, committed 59520K, reserved 1105920K
  class space    used 7825K, committed 8064K, reserved 1048576K
}
Event: 8.157 GC heap before
{Heap before GC invocations=20 (full 0):
 garbage-first heap   total 86016K, used 50037K [0x0000000080000000, 0x0000000100000000)
  region size 1024K, 4 young (4096K), 2 survivors (2048K)
 Metaspace       used 59289K, committed 59776K, reserved 1105920K
  class space    used 7861K, committed 8064K, reserved 1048576K
}
Event: 8.160 GC heap after
{Heap after GC invocations=21 (full 0):
 garbage-first heap   total 103424K, used 47975K [0x0000000080000000, 0x0000000100000000)
  region size 1024K, 1 young (1024K), 1 survivors (1024K)
 Metaspace       used 59289K, committed 59776K, reserved 1105920K
  class space    used 7861K, committed 8064K, reserved 1048576K
}
Event: 8.463 GC heap before
{Heap before GC invocations=21 (full 0):
 garbage-first heap   total 103424K, used 61287K [0x0000000080000000, 0x0000000100000000)
  region size 1024K, 15 young (15360K), 1 survivors (1024K)
 Metaspace       used 62769K, committed 63296K, reserved 1105920K
  class space    used 8305K, committed 8576K, reserved 1048576K
}
Event: 8.466 GC heap after
{Heap after GC invocations=22 (full 0):
 garbage-first heap   total 103424K, used 49787K [0x0000000080000000, 0x0000000100000000)
  region size 1024K, 2 young (2048K), 2 survivors (2048K)
 Metaspace       used 62769K, committed 63296K, reserved 1105920K
  class space    used 8305K, committed 8576K, reserved 1048576K
}
Event: 8.807 GC heap before
{Heap before GC invocations=23 (full 0):
 garbage-first heap   total 106496K, used 83579K [0x0000000080000000, 0x0000000100000000)
  region size 1024K, 29 young (29696K), 2 survivors (2048K)
 Metaspace       used 64600K, committed 65152K, reserved 1105920K
  class space    used 8543K, committed 8768K, reserved 1048576K
}
Event: 8.811 GC heap after
{Heap after GC invocations=24 (full 0):
 garbage-first heap   total 106496K, used 52360K [0x0000000080000000, 0x0000000100000000)
  region size 1024K, 4 young (4096K), 4 survivors (4096K)
 Metaspace       used 64600K, committed 65152K, reserved 1105920K
  class space    used 8543K, committed 8768K, reserved 1048576K
}
Event: 9.174 GC heap before
{Heap before GC invocations=24 (full 0):
 garbage-first heap   total 106496K, used 80008K [0x0000000080000000, 0x0000000100000000)
  region size 1024K, 31 young (31744K), 4 survivors (4096K)
 Metaspace       used 66890K, committed 67392K, reserved 1114112K
  class space    used 8855K, committed 9088K, reserved 1048576K
}
Event: 9.179 GC heap after
{Heap after GC invocations=25 (full 0):
 garbage-first heap   total 106496K, used 54806K [0x0000000080000000, 0x0000000100000000)
  region size 1024K, 3 young (3072K), 3 survivors (3072K)
 Metaspace       used 66890K, committed 67392K, reserved 1114112K
  class space    used 8855K, committed 9088K, reserved 1048576K
}
Event: 9.364 GC heap before
{Heap before GC invocations=26 (full 0):
 garbage-first heap   total 106496K, used 82454K [0x0000000080000000, 0x0000000100000000)
  region size 1024K, 30 young (30720K), 3 survivors (3072K)
 Metaspace       used 66942K, committed 67456K, reserved 1114112K
  class space    used 8858K, committed 9088K, reserved 1048576K
}
Event: 9.369 GC heap after
{Heap after GC invocations=27 (full 0):
 garbage-first heap   total 106496K, used 57018K [0x0000000080000000, 0x0000000100000000)
  region size 1024K, 3 young (3072K), 3 survivors (3072K)
 Metaspace       used 66942K, committed 67456K, reserved 1114112K
  class space    used 8858K, committed 9088K, reserved 1048576K
}
Event: 9.598 GC heap before
{Heap before GC invocations=27 (full 0):
 garbage-first heap   total 106496K, used 75450K [0x0000000080000000, 0x0000000100000000)
  region size 1024K, 22 young (22528K), 3 survivors (3072K)
 Metaspace       used 68810K, committed 69312K, reserved 1114112K
  class space    used 9115K, committed 9344K, reserved 1048576K
}
Event: 9.602 GC heap after
{Heap after GC invocations=28 (full 0):
 garbage-first heap   total 106496K, used 58917K [0x0000000080000000, 0x0000000100000000)
  region size 1024K, 2 young (2048K), 2 survivors (2048K)
 Metaspace       used 68810K, committed 69312K, reserved 1114112K
  class space    used 9115K, committed 9344K, reserved 1048576K
}
Event: 10.036 GC heap before
{Heap before GC invocations=29 (full 0):
 garbage-first heap   total 106496K, used 84517K [0x0000000080000000, 0x0000000100000000)
  region size 1024K, 27 young (27648K), 2 survivors (2048K)
 Metaspace       used 72050K, committed 72576K, reserved 1114112K
  class space    used 9742K, committed 9984K, reserved 1048576K
}
Event: 10.040 GC heap after
{Heap after GC invocations=30 (full 0):
 garbage-first heap   total 106496K, used 59900K [0x0000000080000000, 0x0000000100000000)
  region size 1024K, 3 young (3072K), 3 survivors (3072K)
 Metaspace       used 72050K, committed 72576K, reserved 1114112K
  class space    used 9742K, committed 9984K, reserved 1048576K
}
Event: 10.073 GC heap before
{Heap before GC invocations=30 (full 0):
 garbage-first heap   total 106496K, used 61948K [0x0000000080000000, 0x0000000100000000)
  region size 1024K, 5 young (5120K), 3 survivors (3072K)
 Metaspace       used 72302K, committed 72832K, reserved 1114112K
  class space    used 9790K, committed 10048K, reserved 1048576K
}
Event: 10.078 GC heap after
{Heap after GC invocations=31 (full 0):
 garbage-first heap   total 106496K, used 59359K [0x0000000080000000, 0x0000000100000000)
  region size 1024K, 1 young (1024K), 1 survivors (1024K)
 Metaspace       used 72302K, committed 72832K, reserved 1114112K
  class space    used 9790K, committed 10048K, reserved 1048576K
}
Event: 10.591 GC heap before
{Heap before GC invocations=31 (full 0):
 garbage-first heap   total 106496K, used 85983K [0x0000000080000000, 0x0000000100000000)
  region size 1024K, 27 young (27648K), 1 survivors (1024K)
 Metaspace       used 74988K, committed 75520K, reserved 1122304K
  class space    used 10161K, committed 10432K, reserved 1048576K
}

Dll operation events (2 events):
Event: 0.015 Loaded shared library C:\Program Files\Android\Android Studio\jbr\bin\java.dll
Event: 0.478 Loaded shared library C:\Program Files\Android\Android Studio\jbr\bin\verify.dll

Deoptimization events (20 events):
Event: 10.464 Thread 0x000001ccafc96fa0 Uncommon trap: trap_request=0xffffff45 fr.pc=0x000001cc9dc008dc relative=0x000000000000005c
Event: 10.464 Thread 0x000001ccafc96fa0 Uncommon trap: reason=unstable_if action=reinterpret pc=0x000001cc9dc008dc method=java.util.Objects.equals(Ljava/lang/Object;Ljava/lang/Object;)Z @ 6 c2
Event: 10.464 Thread 0x000001ccafc96fa0 DEOPT PACKING pc=0x000001cc9dc008dc sp=0x0000007bd34fa9d0
Event: 10.464 Thread 0x000001ccafc96fa0 DEOPT UNPACKING pc=0x000001cc9d5469a3 sp=0x0000007bd34fa970 mode 2
Event: 10.474 Thread 0x000001ccafc96fa0 DEOPT PACKING pc=0x000001cc961889f6 sp=0x0000007bd34f94f0
Event: 10.474 Thread 0x000001ccafc96fa0 DEOPT UNPACKING pc=0x000001cc9d547143 sp=0x0000007bd34f8a90 mode 0
Event: 10.506 Thread 0x000001ccafc96fa0 Uncommon trap: trap_request=0xffffffc6 fr.pc=0x000001cc9ddb7604 relative=0x0000000000000364
Event: 10.506 Thread 0x000001ccafc96fa0 Uncommon trap: reason=bimorphic_or_optimized_type_check action=maybe_recompile pc=0x000001cc9ddb7604 method=com.google.common.collect.RegularImmutableSet.contains(Ljava/lang/Object;)Z @ 43 c2
Event: 10.507 Thread 0x000001ccafc96fa0 DEOPT PACKING pc=0x000001cc9ddb7604 sp=0x0000007bd34f9920
Event: 10.507 Thread 0x000001ccafc96fa0 DEOPT UNPACKING pc=0x000001cc9d5469a3 sp=0x0000007bd34f98c0 mode 2
Event: 10.512 Thread 0x000001ccafc96fa0 Uncommon trap: trap_request=0xffffffc6 fr.pc=0x000001cc9ddb7604 relative=0x0000000000000364
Event: 10.512 Thread 0x000001ccafc96fa0 Uncommon trap: reason=bimorphic_or_optimized_type_check action=maybe_recompile pc=0x000001cc9ddb7604 method=com.google.common.collect.RegularImmutableSet.contains(Ljava/lang/Object;)Z @ 43 c2
Event: 10.512 Thread 0x000001ccafc96fa0 DEOPT PACKING pc=0x000001cc9ddb7604 sp=0x0000007bd34f9b50
Event: 10.512 Thread 0x000001ccafc96fa0 DEOPT UNPACKING pc=0x000001cc9d5469a3 sp=0x0000007bd34f9af0 mode 2
Event: 10.516 Thread 0x000001ccafc96fa0 Uncommon trap: trap_request=0xffffffc6 fr.pc=0x000001cc9ddb7604 relative=0x0000000000000364
Event: 10.516 Thread 0x000001ccafc96fa0 Uncommon trap: reason=bimorphic_or_optimized_type_check action=maybe_recompile pc=0x000001cc9ddb7604 method=com.google.common.collect.RegularImmutableSet.contains(Ljava/lang/Object;)Z @ 43 c2
Event: 10.516 Thread 0x000001ccafc96fa0 DEOPT PACKING pc=0x000001cc9ddb7604 sp=0x0000007bd34f9d80
Event: 10.516 Thread 0x000001ccafc96fa0 DEOPT UNPACKING pc=0x000001cc9d5469a3 sp=0x0000007bd34f9d10 mode 2
Event: 10.576 Thread 0x000001ccafc96fa0 DEOPT PACKING pc=0x000001cc961889f6 sp=0x0000007bd34f9000
Event: 10.576 Thread 0x000001ccafc96fa0 DEOPT UNPACKING pc=0x000001cc9d547143 sp=0x0000007bd34f85a0 mode 0

Classes unloaded (0 events):
No events

Classes redefined (0 events):
No events

Internal exceptions (20 events):
Event: 9.381 Thread 0x000001ccafc96fa0 Exception <a 'java/lang/ClassNotFoundException'{0x000000008663ef28}: org/gradle/api/JavaVersionCustomizer> (0x000000008663ef28) 
thrown [s\src\hotspot\share\classfile\systemDictionary.cpp, line 256]
Event: 9.384 Thread 0x000001ccafc96fa0 Exception <a 'java/lang/ClassNotFoundException'{0x0000000086683c80}: com/android/build/gradle/internal/CompileOptions$AgpDecorated_DecoratedBeanInfo> (0x0000000086683c80) 
thrown [s\src\hotspot\share\classfile\systemDictionary.cpp, line 256]
Event: 9.385 Thread 0x000001ccafc96fa0 Exception <a 'java/lang/ClassNotFoundException'{0x00000000866912e0}: com/android/build/gradle/internal/CompileOptions$AgpDecoratedBeanInfo> (0x00000000866912e0) 
thrown [s\src\hotspot\share\classfile\systemDictionary.cpp, line 256]
Event: 9.385 Thread 0x000001ccafc96fa0 Exception <a 'java/lang/ClassNotFoundException'{0x000000008669e748}: com/android/build/gradle/internal/CompileOptionsBeanInfo> (0x000000008669e748) 
thrown [s\src\hotspot\share\classfile\systemDictionary.cpp, line 256]
Event: 9.386 Thread 0x000001ccafc96fa0 Exception <a 'java/lang/ClassNotFoundException'{0x00000000866abbb8}: com/android/build/gradle/internal/CompileOptionsCustomizer> (0x00000000866abbb8) 
thrown [s\src\hotspot\share\classfile\systemDictionary.cpp, line 256]
Event: 9.387 Thread 0x000001ccafc96fa0 Exception <a 'java/lang/ClassNotFoundException'{0x00000000866c4528}: com/android/build/gradle/internal/CompileOptions$AgpDecoratedCustomizer> (0x00000000866c4528) 
thrown [s\src\hotspot\share\classfile\systemDictionary.cpp, line 256]
Event: 9.388 Thread 0x000001ccafc96fa0 Exception <a 'java/lang/ClassNotFoundException'{0x00000000866d53a8}: com/android/build/gradle/internal/CompileOptions$AgpDecorated_DecoratedCustomizer> (0x00000000866d53a8) 
thrown [s\src\hotspot\share\classfile\systemDictionary.cpp, line 256]
Event: 9.395 Thread 0x000001ccafc96fa0 Exception <a 'java/lang/ClassNotFoundException'{0x0000000086550178}: org/gradle/api/internal/artifacts/dsl/dependencies/DefaultDependencyHandler_DecoratedBeanInfo> (0x0000000086550178) 
thrown [s\src\hotspot\share\classfile\systemDictionary.cpp, line 256]
Event: 9.396 Thread 0x000001ccafc96fa0 Exception <a 'java/lang/ClassNotFoundException'{0x000000008656a100}: org/gradle/api/internal/artifacts/dsl/dependencies/DefaultDependencyHandlerBeanInfo> (0x000000008656a100) 
thrown [s\src\hotspot\share\classfile\systemDictionary.cpp, line 256]
Event: 9.397 Thread 0x000001ccafc96fa0 Exception <a 'java/lang/ClassNotFoundException'{0x0000000086584318}: org/gradle/api/internal/artifacts/dsl/dependencies/DefaultDependencyHandlerCustomizer> (0x0000000086584318) 
thrown [s\src\hotspot\share\classfile\systemDictionary.cpp, line 256]
Event: 9.400 Thread 0x000001ccafc96fa0 Exception <a 'java/lang/ClassNotFoundException'{0x00000000865c57f0}: org/gradle/api/internal/artifacts/dsl/dependencies/DefaultDependencyHandler_DecoratedCustomizer> (0x00000000865c57f0) 
thrown [s\src\hotspot\share\classfile\systemDictionary.cpp, line 256]
Event: 10.054 Thread 0x000001ccafc96fa0 Exception <a 'java/lang/NoSuchMethodError'{0x0000000087fb4608}: 'int java.lang.invoke.DirectMethodHandle$Holder.invokeSpecialIFC(java.lang.Object, java.lang.Object, java.lang.Object, java.lang.Object, java.lang.Object)'> (0x0000000087fb4608) 
thrown [s\src\hotspot\share\interpreter\linkResolver.cpp, line 771]
Event: 10.271 Thread 0x000001ccafc96fa0 Exception <a 'java/lang/ClassNotFoundException'{0x0000000085bcc390}: com/android/build/gradle/internal/api/ApkVariantOutputImpl_DecoratedBeanInfo> (0x0000000085bcc390) 
thrown [s\src\hotspot\share\classfile\systemDictionary.cpp, line 256]
Event: 10.272 Thread 0x000001ccafc96fa0 Exception <a 'java/lang/ClassNotFoundException'{0x0000000085bd8f68}: com/android/build/gradle/internal/api/ApkVariantOutputImplBeanInfo> (0x0000000085bd8f68) 
thrown [s\src\hotspot\share\classfile\systemDictionary.cpp, line 256]
Event: 10.273 Thread 0x000001ccafc96fa0 Exception <a 'java/lang/ClassNotFoundException'{0x0000000085be5b50}: com/android/build/gradle/internal/api/BaseVariantOutputImplBeanInfo> (0x0000000085be5b50) 
thrown [s\src\hotspot\share\classfile\systemDictionary.cpp, line 256]
Event: 10.273 Thread 0x000001ccafc96fa0 Exception <a 'java/lang/ClassNotFoundException'{0x0000000085bf29b8}: com/android/build/gradle/internal/api/BaseVariantOutputImplCustomizer> (0x0000000085bf29b8) 
thrown [s\src\hotspot\share\classfile\systemDictionary.cpp, line 256]
Event: 10.274 Thread 0x000001ccafc96fa0 Exception <a 'java/lang/ClassNotFoundException'{0x0000000085a123d0}: com/android/build/gradle/internal/api/ApkVariantOutputImplCustomizer> (0x0000000085a123d0) 
thrown [s\src\hotspot\share\classfile\systemDictionary.cpp, line 256]
Event: 10.275 Thread 0x000001ccafc96fa0 Exception <a 'java/lang/ClassNotFoundException'{0x0000000085a2bbc8}: com/android/build/gradle/internal/api/ApkVariantOutputImpl_DecoratedCustomizer> (0x0000000085a2bbc8) 
thrown [s\src\hotspot\share\classfile\systemDictionary.cpp, line 256]
Event: 10.282 Thread 0x000001ccafc96fa0 Exception <a 'java/lang/NoClassDefFoundError'{0x0000000085914330}: org/jetbrains/kotlin/gradle/plugin/KotlinBasePluginWrapper> (0x0000000085914330) 
thrown [s\src\hotspot\share\classfile\systemDictionary.cpp, line 245]
Event: 10.437 Thread 0x000001ccafc96fa0 Implicit null exception at 0x000001cc9dd77492 to 0x000001cc9dd77bb4

VM Operations (20 events):
Event: 9.227 Executing VM operation: G1Concurrent done
Event: 9.246 Executing VM operation: G1Concurrent
Event: 9.246 Executing VM operation: G1Concurrent done
Event: 9.364 Executing VM operation: G1CollectForAllocation
Event: 9.369 Executing VM operation: G1CollectForAllocation done
Event: 9.429 Executing VM operation: HandshakeAllThreads
Event: 9.429 Executing VM operation: HandshakeAllThreads done
Event: 9.598 Executing VM operation: G1TryInitiateConcMark
Event: 9.602 Executing VM operation: G1TryInitiateConcMark done
Event: 9.641 Executing VM operation: G1Concurrent
Event: 9.645 Executing VM operation: G1Concurrent done
Event: 9.667 Executing VM operation: G1Concurrent
Event: 9.667 Executing VM operation: G1Concurrent done
Event: 10.036 Executing VM operation: G1CollectForAllocation
Event: 10.040 Executing VM operation: G1CollectForAllocation done
Event: 10.073 Executing VM operation: G1CollectForAllocation
Event: 10.078 Executing VM operation: G1CollectForAllocation done
Event: 10.390 Executing VM operation: ICBufferFull
Event: 10.391 Executing VM operation: ICBufferFull done
Event: 10.591 Executing VM operation: G1CollectForAllocation

Events (20 events):
Event: 8.991 loading class javax/xml/stream/XMLStreamException
Event: 8.991 loading class javax/xml/stream/XMLStreamException done
Event: 9.012 loading class sun/reflect/annotation/AnnotationInvocationHandler$1
Event: 9.012 loading class sun/reflect/annotation/AnnotationInvocationHandler$1 done
Event: 9.138 loading class org/xml/sax/Locator
Event: 9.138 loading class org/xml/sax/Locator done
Event: 9.139 loading class org/xml/sax/SAXParseException
Event: 9.139 loading class org/xml/sax/SAXParseException done
Event: 9.140 loading class org/xml/sax/Attributes
Event: 9.140 loading class org/xml/sax/Attributes done
Event: 9.293 loading class java/beans/IntrospectionException
Event: 9.293 loading class java/beans/IntrospectionException done
Event: 9.608 loading class sun/reflect/generics/repository/FieldRepository
Event: 9.608 loading class sun/reflect/generics/repository/FieldRepository done
Event: 9.617 loading class jdk/internal/vm/annotation/ForceInline
Event: 9.617 loading class jdk/internal/vm/annotation/ForceInline done
Event: 9.681 loading class java/util/regex/Pattern$Caret
Event: 9.681 loading class java/util/regex/Pattern$Caret done
Event: 10.544 loading class java/util/zip/ZipOutputStream
Event: 10.545 loading class java/util/zip/ZipOutputStream done


Dynamic libraries:
0x00007ff6399f0000 - 0x00007ff6399fa000 	C:\Program Files\Android\Android Studio\jbr\bin\java.exe
0x00007ffb18890000 - 0x00007ffb18a88000 	C:\WINDOWS\SYSTEM32\ntdll.dll
0x00007ffb17aa0000 - 0x00007ffb17b5d000 	C:\WINDOWS\System32\KERNEL32.DLL
0x00007ffb16430000 - 0x00007ffb16726000 	C:\WINDOWS\System32\KERNELBASE.dll
0x00007ffb16330000 - 0x00007ffb16430000 	C:\WINDOWS\System32\ucrtbase.dll
0x00007ffaef3d0000 - 0x00007ffaef3e7000 	C:\Program Files\Android\Android Studio\jbr\bin\jli.dll
0x00007ffb0e9c0000 - 0x00007ffb0e9db000 	C:\Program Files\Android\Android Studio\jbr\bin\VCRUNTIME140.dll
0x00007ffb18240000 - 0x00007ffb183de000 	C:\WINDOWS\System32\USER32.dll
0x00007ffb16300000 - 0x00007ffb16322000 	C:\WINDOWS\System32\win32u.dll
0x00007ffb18400000 - 0x00007ffb1842c000 	C:\WINDOWS\System32\GDI32.dll
0x00007ffb161e0000 - 0x00007ffb162fa000 	C:\WINDOWS\System32\gdi32full.dll
0x00007ffb15fe0000 - 0x00007ffb1607d000 	C:\WINDOWS\System32\msvcp_win.dll
0x00007ffafb390000 - 0x00007ffafb62a000 	C:\WINDOWS\WinSxS\amd64_microsoft.windows.common-controls_6595b64144ccf1df_6.0.19041.3636_none_60b6a03d71f818d5\COMCTL32.dll
0x00007ffb184e0000 - 0x00007ffb1857e000 	C:\WINDOWS\System32\msvcrt.dll
0x00007ffb18160000 - 0x00007ffb18190000 	C:\WINDOWS\System32\IMM32.DLL
0x00007ffb10970000 - 0x00007ffb1097c000 	C:\Program Files\Android\Android Studio\jbr\bin\vcruntime140_1.dll
0x00007ffb05310000 - 0x00007ffb0539d000 	C:\Program Files\Android\Android Studio\jbr\bin\msvcp140.dll
0x00007ffac4fb0000 - 0x00007ffac5c1e000 	C:\Program Files\Android\Android Studio\jbr\bin\server\jvm.dll
0x00007ffb18430000 - 0x00007ffb184df000 	C:\WINDOWS\System32\ADVAPI32.dll
0x00007ffb18190000 - 0x00007ffb1822c000 	C:\WINDOWS\System32\sechost.dll
0x00007ffb185e0000 - 0x00007ffb18706000 	C:\WINDOWS\System32\RPCRT4.dll
0x00007ffb109c0000 - 0x00007ffb109c9000 	C:\WINDOWS\SYSTEM32\WSOCK32.dll
0x00007ffafbb70000 - 0x00007ffafbb97000 	C:\WINDOWS\SYSTEM32\WINMM.dll
0x00007ffb0e040000 - 0x00007ffb0e04a000 	C:\WINDOWS\SYSTEM32\VERSION.dll
0x00007ffb18710000 - 0x00007ffb1877b000 	C:\WINDOWS\System32\WS2_32.dll
0x00007ffb14780000 - 0x00007ffb14792000 	C:\WINDOWS\SYSTEM32\kernel.appcore.dll
0x00007ffb082b0000 - 0x00007ffb082ba000 	C:\Program Files\Android\Android Studio\jbr\bin\jimage.dll
0x00007ffb13d00000 - 0x00007ffb13ee4000 	C:\WINDOWS\SYSTEM32\DBGHELP.DLL
0x00007ffb0d180000 - 0x00007ffb0d1b4000 	C:\WINDOWS\SYSTEM32\dbgcore.DLL
0x00007ffb16830000 - 0x00007ffb168b2000 	C:\WINDOWS\System32\bcryptPrimitives.dll
0x00007ffaf4460000 - 0x00007ffaf4485000 	C:\Program Files\Android\Android Studio\jbr\bin\java.dll
0x00007ffaf9990000 - 0x00007ffaf99a8000 	C:\Program Files\Android\Android Studio\jbr\bin\zip.dll
0x00007ffb168f0000 - 0x00007ffb17034000 	C:\WINDOWS\System32\SHELL32.dll
0x00007ffb13f10000 - 0x00007ffb146ab000 	C:\WINDOWS\SYSTEM32\windows.storage.dll
0x00007ffb17740000 - 0x00007ffb17a94000 	C:\WINDOWS\System32\combase.dll
0x00007ffb158e0000 - 0x00007ffb1590d000 	C:\WINDOWS\SYSTEM32\Wldp.dll
0x00007ffb17b60000 - 0x00007ffb17c0d000 	C:\WINDOWS\System32\SHCORE.dll
0x00007ffb17040000 - 0x00007ffb17095000 	C:\WINDOWS\System32\shlwapi.dll
0x00007ffb15ea0000 - 0x00007ffb15ec5000 	C:\WINDOWS\SYSTEM32\profapi.dll
0x00007ffaf42e0000 - 0x00007ffaf42f9000 	C:\Program Files\Android\Android Studio\jbr\bin\net.dll
0x00007ffb0bf40000 - 0x00007ffb0c04a000 	C:\WINDOWS\SYSTEM32\WINHTTP.dll
0x00007ffb15640000 - 0x00007ffb156aa000 	C:\WINDOWS\system32\mswsock.dll
0x00007ffaf3be0000 - 0x00007ffaf3bf6000 	C:\Program Files\Android\Android Studio\jbr\bin\nio.dll
0x00007ffb081f0000 - 0x00007ffb08200000 	C:\Program Files\Android\Android Studio\jbr\bin\verify.dll
0x00007ffaf99b0000 - 0x00007ffaf99d7000 	C:\Users\jupi0\.gradle\native\68d5fa5c4cc2d200863cafc0d521ce42e7d3e7ee720ec0a83991735586a16f82\windows-amd64\native-platform.dll
0x00007ffaeb8d0000 - 0x00007ffaeba14000 	C:\Users\jupi0\.gradle\native\e376f236ea51e6404a007f0833ffe2c6e607c4080706a723a18a27aeea778392\windows-amd64\native-platform-file-events.dll
0x00007ffb03310000 - 0x00007ffb03319000 	C:\Program Files\Android\Android Studio\jbr\bin\management.dll
0x00007ffafd5f0000 - 0x00007ffafd5fb000 	C:\Program Files\Android\Android Studio\jbr\bin\management_ext.dll
0x00007ffb17c10000 - 0x00007ffb17c18000 	C:\WINDOWS\System32\PSAPI.DLL
0x00007ffb15830000 - 0x00007ffb15848000 	C:\WINDOWS\SYSTEM32\CRYPTSP.dll
0x00007ffb14f30000 - 0x00007ffb14f64000 	C:\WINDOWS\system32\rsaenh.dll
0x00007ffb168c0000 - 0x00007ffb168e7000 	C:\WINDOWS\System32\bcrypt.dll
0x00007ffb15e60000 - 0x00007ffb15e8e000 	C:\WINDOWS\SYSTEM32\USERENV.dll
0x00007ffb15850000 - 0x00007ffb1585c000 	C:\WINDOWS\SYSTEM32\CRYPTBASE.dll
0x00007ffb15330000 - 0x00007ffb1536b000 	C:\WINDOWS\SYSTEM32\IPHLPAPI.DLL
0x00007ffb18230000 - 0x00007ffb18238000 	C:\WINDOWS\System32\NSI.dll
0x00007ffb0b960000 - 0x00007ffb0b977000 	C:\WINDOWS\SYSTEM32\dhcpcsvc6.DLL
0x00007ffb0dcb0000 - 0x00007ffb0dccd000 	C:\WINDOWS\SYSTEM32\dhcpcsvc.DLL
0x00007ffb15370000 - 0x00007ffb1543a000 	C:\WINDOWS\SYSTEM32\DNSAPI.dll
0x00007ffafd050000 - 0x00007ffafd057000 	C:\WINDOWS\system32\wshunix.dll

dbghelp: loaded successfully - version: 4.0.5 - missing functions: none
symbol engine: initialized successfully - sym options: 0x614 - pdb path: .;C:\Program Files\Android\Android Studio\jbr\bin;C:\WINDOWS\SYSTEM32;C:\WINDOWS\WinSxS\amd64_microsoft.windows.common-controls_6595b64144ccf1df_6.0.19041.3636_none_60b6a03d71f818d5;C:\Program Files\Android\Android Studio\jbr\bin\server;C:\Users\jupi0\.gradle\native\68d5fa5c4cc2d200863cafc0d521ce42e7d3e7ee720ec0a83991735586a16f82\windows-amd64;C:\Users\jupi0\.gradle\native\e376f236ea51e6404a007f0833ffe2c6e607c4080706a723a18a27aeea778392\windows-amd64

VM Arguments:
jvm_args: --add-opens=java.base/java.util=ALL-UNNAMED --add-opens=java.base/java.lang=ALL-UNNAMED --add-opens=java.base/java.lang.invoke=ALL-UNNAMED --add-opens=java.prefs/java.util.prefs=ALL-UNNAMED --add-opens=java.base/java.nio.charset=ALL-UNNAMED --add-opens=java.base/java.net=ALL-UNNAMED --add-opens=java.base/java.util.concurrent.atomic=ALL-UNNAMED -Xmx2048m -Dfile.encoding=UTF-8 -Duser.country=KR -Duser.language=ko -Duser.variant 
java_command: org.gradle.launcher.daemon.bootstrap.GradleDaemon 8.0
java_class_path (initial): C:\Users\jupi0\.gradle\wrapper\dists\gradle-8.0-bin\ca5e32bp14vu59qr306oxotwh\gradle-8.0\lib\gradle-launcher-8.0.jar
Launcher Type: SUN_STANDARD

[Global flags]
     intx CICompilerCount                          = 4                                         {product} {ergonomic}
     uint ConcGCThreads                            = 2                                         {product} {ergonomic}
     uint G1ConcRefinementThreads                  = 8                                         {product} {ergonomic}
   size_t G1HeapRegionSize                         = 1048576                                   {product} {ergonomic}
    uintx GCDrainStackTargetSize                   = 64                                        {product} {ergonomic}
   size_t InitialHeapSize                          = 134217728                                 {product} {ergonomic}
   size_t MarkStackSize                            = 4194304                                   {product} {ergonomic}
   size_t MaxHeapSize                              = 2147483648                                {product} {command line}
   size_t MaxNewSize                               = 1287651328                                {product} {ergonomic}
   size_t MinHeapDeltaBytes                        = 1048576                                   {product} {ergonomic}
   size_t MinHeapSize                              = 8388608                                   {product} {ergonomic}
    uintx NonNMethodCodeHeapSize                   = 5839372                                {pd product} {ergonomic}
    uintx NonProfiledCodeHeapSize                  = 122909434                              {pd product} {ergonomic}
    uintx ProfiledCodeHeapSize                     = 122909434                              {pd product} {ergonomic}
    uintx ReservedCodeCacheSize                    = 251658240                              {pd product} {ergonomic}
     bool SegmentedCodeCache                       = true                                      {product} {ergonomic}
   size_t SoftMaxHeapSize                          = 2147483648                             {manageable} {ergonomic}
     bool UseCompressedClassPointers               = true                           {product lp64_product} {ergonomic}
     bool UseCompressedOops                        = true                           {product lp64_product} {ergonomic}
     bool UseG1GC                                  = true                                      {product} {ergonomic}
     bool UseLargePagesIndividualAllocation        = false                                  {pd product} {ergonomic}

Logging:
Log output configuration:
 #0: stdout all=warning uptime,level,tags
 #1: stderr all=off uptime,level,tags

Environment Variables:
JAVA_HOME=C:\Program Files\Java\jdk1.8.0_161
PATH=C:\Program Files\Common Files\Oracle\Java\javapath;C:\Program Files (x86)\Intel\iCLS Client\;C:\Program Files\Intel\iCLS Client\;C:\ProgramData\Oracle\Java\javapath;C:\WINDOWS\system32;C:\WINDOWS;C:\WINDOWS\System32\Wbem;C:\WINDOWS\System32\WindowsPowerShell\v1.0\;C:\Program Files (x86)\Windows Live\Shared;C:\Program Files\Java\jdk1.8.0_161\bin;;C:\Program Files (x86)\Common Files\Teruten\DSFilter;C:\WINDOWS\System32\OpenSSH\;C:\Program Files (x86)\Intel\Intel(R) Management Engine Components\DAL;C:\Program Files\Intel\Intel(R) Management Engine Components\DAL;C:\Program Files (x86)\Intel\Intel(R) Management Engine Components\IPT;C:\Program Files\Intel\Intel(R) Management Engine Components\IPT;C:\Program Files (x86)\NVIDIA Corporation\PhysX\Common;C:\WINDOWS\system32;C:\WINDOWS;C:\WINDOWS\System32\Wbem;C:\WINDOWS\System32\WindowsPowerShell\v1.0\;C:\WINDOWS\System32\OpenSSH\;C:\Program Files\NVIDIA Corporation\NVIDIA NvDLISR;C:\Users\jupi0\AppData\Local\Programs\Python\Python38\Scripts\;C:\Users\jupi0\AppData\Local\Programs\Python\Python38\;C:\Users\jupi0\AppData\Local\Programs\Python\Python36\Scripts\;C:\Users\jupi0\AppData\Local\Programs\Python\Python36\;C:\Python36;C:\Users\jupi0\AppData\Local\Microsoft\WindowsApps;C:\Program Files\Bandizip\;;C:\Users\jupi0\AppData\Local\Programs\Microsoft VS Code\bin;C:\Program Files\JetBrains\PyCharm Community Edition 2023.2.1\bin;
USERNAME=jupi0
OS=Windows_NT
PROCESSOR_IDENTIFIER=Intel64 Family 6 Model 158 Stepping 9, GenuineIntel
TMP=C:\Users\jupi0\AppData\Local\Temp
TEMP=C:\Users\jupi0\AppData\Local\Temp


JNI global refs:
JNI global refs: 29, weak refs: 7

JNI global refs memory usage: 843, weak refs: 841


---------------  S Y S T E M  ---------------

OS:
 Windows 10 , 64 bit Build 19041 (10.0.19041.3636)
OS uptime: 14 days 22:03 hours
Hyper-V role detected

CPU: total 8 (initial active 8) (4 cores per cpu, 2 threads per core) family 6 model 158 stepping 9 microcode 0xb4, cx8, cmov, fxsr, ht, mmx, 3dnowpref, sse, sse2, sse3, ssse3, sse4.1, sse4.2, popcnt, lzcnt, tsc, tscinvbit, avx, avx2, aes, erms, clmul, bmi1, bmi2, adx, fma, vzeroupper, clflush, clflushopt, hv

Memory: 4k page, system-wide physical 8084M (523M free)
TotalPageFile size 30858M (AvailPageFile size 13M)
current process WorkingSet (physical memory assigned to process): 333M, peak: 338M
current process commit charge ("private bytes"): 393M, peak: 435M

vm_info: OpenJDK 64-Bit Server VM (17.0.6+0-b2043.56-10027231) for windows-amd64 JRE (17.0.6+0-b2043.56-10027231), built on Apr 28 2023 00:43:19 by "androidbuild" with MS VC++ 16.10 / 16.11 (VS2019)

END.
