#
# There is insufficient memory for the Java Runtime Environment to continue.
# Native memory allocation (malloc) failed to allocate 2699504 bytes for Chunk::new
# Possible reasons:
#   The system is out of physical RAM or swap space
#   The process is running with CompressedOops enabled, and the Java Heap may be blocking the growth of the native heap
# Possible solutions:
#   Reduce memory load on the system
#   Increase physical memory or swap space
#   Check if swap backing store is full
#   Decrease Java heap size (-Xmx/-Xms)
#   Decrease number of Java threads
#   Decrease Java thread stack sizes (-Xss)
#   Set larger code cache with -XX:ReservedCodeCacheSize=
#   JVM is running with Unscaled Compressed Oops mode in which the Java heap is
#     placed in the first 4GB address space. The Java Heap base address is the
#     maximum limit for the native heap growth. Please use -XX:HeapBaseMinAddress
#     to set the Java Heap base and to place the Java Heap above 4GB virtual address.
# This output file may be truncated or incomplete.
#
#  Out of Memory Error (arena.cpp:189), pid=8808, tid=15048
#
# JRE version: OpenJDK Runtime Environment (17.0.6) (build 17.0.6+0-b2043.56-10027231)
# Java VM: OpenJDK 64-Bit Server VM (17.0.6+0-b2043.56-10027231, mixed mode, tiered, compressed oops, compressed class ptrs, g1 gc, windows-amd64)
# No core dump will be written. Minidumps are not enabled by default on client versions of Windows
#

---------------  S U M M A R Y ------------

Command Line: --add-opens=java.base/java.util=ALL-UNNAMED --add-opens=java.base/java.lang=ALL-UNNAMED --add-opens=java.base/java.lang.invoke=ALL-UNNAMED --add-opens=java.prefs/java.util.prefs=ALL-UNNAMED --add-opens=java.base/java.nio.charset=ALL-UNNAMED --add-opens=java.base/java.net=ALL-UNNAMED --add-opens=java.base/java.util.concurrent.atomic=ALL-UNNAMED -Xmx2048m -Dfile.encoding=UTF-8 -Duser.country=KR -Duser.language=ko -Duser.variant org.gradle.launcher.daemon.bootstrap.GradleDaemon 8.0

Host: Intel(R) Core(TM) i7-7700HQ CPU @ 2.80GHz, 8 cores, 7G,  Windows 10 , 64 bit Build 19041 (10.0.19041.3636)
Time: Wed Dec 13 06:29:38 2023  Windows 10 , 64 bit Build 19041 (10.0.19041.3636) elapsed time: 10.455996 seconds (0d 0h 0m 10s)

---------------  T H R E A D  ---------------

Current thread (0x000001e7fa84bec0):  JavaThread "C2 CompilerThread0" daemon [_thread_in_native, id=15048, stack(0x00000014a6300000,0x00000014a6400000)]


Current CompileTask:
C2:  10456 7516       4       org.gradle.internal.instantiation.generator.AbstractClassGenerator::inspectType (560 bytes)

Stack: [0x00000014a6300000,0x00000014a6400000]
Native frames: (J=compiled Java code, j=interpreted, Vv=VM code, C=native code)
V  [jvm.dll+0x683c9a]
V  [jvm.dll+0x8427a4]
V  [jvm.dll+0x843f9e]
V  [jvm.dll+0x844603]
V  [jvm.dll+0x249b75]
V  [jvm.dll+0xabcac]
V  [jvm.dll+0xac27c]
V  [jvm.dll+0x368857]
V  [jvm.dll+0x332f31]
V  [jvm.dll+0x3323da]
V  [jvm.dll+0x21c201]
V  [jvm.dll+0x21b621]
V  [jvm.dll+0x1a4fdd]
V  [jvm.dll+0x22b098]
V  [jvm.dll+0x229159]
V  [jvm.dll+0x7f81ec]
V  [jvm.dll+0x7f274a]
V  [jvm.dll+0x682ad5]
C  [ucrtbase.dll+0x21bb2]
C  [KERNEL32.DLL+0x17344]
C  [ntdll.dll+0x526b1]


---------------  P R O C E S S  ---------------

Threads class SMR info:
_java_thread_list=0x000001e7fd2421f0, length=126, elements={
0x000001e7e002bd70, 0x000001e7f9ea5620, 0x000001e7f9ea64e0, 0x000001e7fa8225c0,
0x000001e7fa822f80, 0x000001e7fa845830, 0x000001e7fa84a8c0, 0x000001e7fa84bec0,
0x000001e7fa854880, 0x000001e7fa8615b0, 0x000001e7fa9c35d0, 0x000001e7fa9c5ec0,
0x000001e7fce59a80, 0x000001e7fd3aa780, 0x000001e7fd9b3930, 0x000001e7fcfdc4c0,
0x000001e7fbcc8750, 0x000001e7fde70e10, 0x000001e7fcda8e50, 0x000001e7fd3c5030,
0x000001e7fd8e00f0, 0x000001e7fd387050, 0x000001e7fd387ec0, 0x000001e7fd389200,
0x000001e7fd3896d0, 0x000001e7fd389ba0, 0x000001e7fd387520, 0x000001e7fd38a070,
0x000001e7fd38a540, 0x000001e7fd3879f0, 0x000001e7fd38aa10, 0x000001e7fd388390,
0x000001e7fd388860, 0x000001e7fe71e6b0, 0x000001e7fe720390, 0x000001e7fe71c030,
0x000001e7fe71cea0, 0x000001e7fe71b690, 0x000001e7fe71d840, 0x000001e7fe71dd10,
0x000001e7fe722ee0, 0x000001e7fe721200, 0x000001e7fe71e1e0, 0x000001e7fe71eb80,
0x000001e7fe722070, 0x000001e7fe71f9f0, 0x000001e7fe71f050, 0x000001e7fe71bb60,
0x000001e7fe71f520, 0x000001e7fe720860, 0x000001e7fe71fec0, 0x000001e7fe720d30,
0x000001e7fe7216d0, 0x000001e7fe721ba0, 0x000001e7fe722540, 0x000001e7fe722a10,
0x000001e7fe7a5280, 0x000001e7fe7a9110, 0x000001e7fe7a5750, 0x000001e7fe7aadf0,
0x000001e7fe7a65c0, 0x000001e7fe7a5c20, 0x000001e7fe7a4410, 0x000001e7fe7a7dd0,
0x000001e7fe7ab2c0, 0x000001e7fe7a6a90, 0x000001e7fe7a95e0, 0x000001e7fe7ab790,
0x000001e7fe7abc60, 0x000001e7fe7a6f60, 0x000001e7fe7a4db0, 0x000001e7fe7a60f0,
0x000001e7fe7a7430, 0x000001e7fe7a7900, 0x000001e7fe7a82a0, 0x000001e7fe7a8c40,
0x000001e7fe7a8770, 0x000001e7fe7a9ab0, 0x000001e7fe7a48e0, 0x000001e7fe7a9f80,
0x000001e7fe7aa450, 0x000001e7fe7aa920, 0x000001e7fe2bf240, 0x000001e7fe2b9200,
0x000001e7fe2bda30, 0x000001e7fe2bcbc0, 0x000001e7fe2be8a0, 0x000001e7fe2bd090,
0x000001e7fe2bdf00, 0x000001e7fe2bb880, 0x000001e7fe2bed70, 0x000001e7fe2bf710,
0x000001e7fe2b96d0, 0x000001e7fe2bfbe0, 0x000001e7fe2b8390, 0x000001e7fe2b8860,
0x000001e7fe2bd560, 0x000001e7fe2ba070, 0x000001e7fe2be3d0, 0x000001e7fe2bc220,
0x000001e7fe2b8d30, 0x000001e7fe2b9ba0, 0x000001e7fe2bb3b0, 0x000001e7fe2bbd50,
0x000001e7fe2ba540, 0x000001e7fe2bc6f0, 0x000001e7fe2baa10, 0x000001e7fe2baee0,
0x000001e78016a8e0, 0x000001e78016d900, 0x000001e78016bc20, 0x000001e7801690d0,
0x000001e78016d430, 0x000001e78016a410, 0x000001e7801678c0, 0x000001e78016ddd0,
0x000001e78016e2a0, 0x000001e7801695a0, 0x000001e780169a70, 0x000001e78016b750,
0x000001e780167d90, 0x000001e78016e770, 0x000001e780168260, 0x000001e780166f20,
0x000001e7801673f0, 0x000001e780168c00
}

Java Threads: ( => current thread )
  0x000001e7e002bd70 JavaThread "main" [_thread_blocked, id=22172, stack(0x00000014a5600000,0x00000014a5700000)]
  0x000001e7f9ea5620 JavaThread "Reference Handler" daemon [_thread_blocked, id=7416, stack(0x00000014a5d00000,0x00000014a5e00000)]
  0x000001e7f9ea64e0 JavaThread "Finalizer" daemon [_thread_blocked, id=22428, stack(0x00000014a5e00000,0x00000014a5f00000)]
  0x000001e7fa8225c0 JavaThread "Signal Dispatcher" daemon [_thread_blocked, id=27408, stack(0x00000014a5f00000,0x00000014a6000000)]
  0x000001e7fa822f80 JavaThread "Attach Listener" daemon [_thread_blocked, id=12904, stack(0x00000014a6000000,0x00000014a6100000)]
  0x000001e7fa845830 JavaThread "Service Thread" daemon [_thread_blocked, id=9360, stack(0x00000014a6100000,0x00000014a6200000)]
  0x000001e7fa84a8c0 JavaThread "Monitor Deflation Thread" daemon [_thread_blocked, id=26704, stack(0x00000014a6200000,0x00000014a6300000)]
=>0x000001e7fa84bec0 JavaThread "C2 CompilerThread0" daemon [_thread_in_native, id=15048, stack(0x00000014a6300000,0x00000014a6400000)]
  0x000001e7fa854880 JavaThread "C1 CompilerThread0" daemon [_thread_blocked, id=15384, stack(0x00000014a6400000,0x00000014a6500000)]
  0x000001e7fa8615b0 JavaThread "Sweeper thread" daemon [_thread_blocked, id=16184, stack(0x00000014a6500000,0x00000014a6600000)]
  0x000001e7fa9c35d0 JavaThread "Common-Cleaner" daemon [_thread_blocked, id=14368, stack(0x00000014a6600000,0x00000014a6700000)]
  0x000001e7fa9c5ec0 JavaThread "Notification Thread" daemon [_thread_blocked, id=24536, stack(0x00000014a6700000,0x00000014a6800000)]
  0x000001e7fce59a80 JavaThread "Daemon health stats" [_thread_blocked, id=7484, stack(0x00000014a6e00000,0x00000014a6f00000)]
  0x000001e7fd3aa780 JavaThread "Incoming local TCP Connector on port 8732" [_thread_in_native, id=22096, stack(0x00000014a6900000,0x00000014a6a00000)]
  0x000001e7fd9b3930 JavaThread "Daemon periodic checks" [_thread_blocked, id=18456, stack(0x00000014a6f00000,0x00000014a7000000)]
  0x000001e7fcfdc4c0 JavaThread "C2 CompilerThread1" daemon [_thread_in_native, id=23668, stack(0x00000014a7000000,0x00000014a7100000)]
  0x000001e7fbcc8750 JavaThread "Daemon" [_thread_blocked, id=21252, stack(0x00000014a7100000,0x00000014a7200000)]
  0x000001e7fde70e10 JavaThread "Handler for socket connection from /127.0.0.1:8732 to /127.0.0.1:8733" [_thread_in_native, id=21316, stack(0x00000014a7200000,0x00000014a7300000)]
  0x000001e7fcda8e50 JavaThread "Cancel handler" [_thread_blocked, id=22972, stack(0x00000014a7300000,0x00000014a7400000)]
  0x000001e7fd3c5030 JavaThread "Daemon worker" [_thread_in_vm, id=15156, stack(0x00000014a7400000,0x00000014a7500000)]
  0x000001e7fd8e00f0 JavaThread "Asynchronous log dispatcher for DefaultDaemonConnection: socket connection from /127.0.0.1:8732 to /127.0.0.1:8733" [_thread_blocked, id=10828, stack(0x00000014a7500000,0x00000014a7600000)]
  0x000001e7fd387050 JavaThread "Stdin handler" [_thread_blocked, id=11104, stack(0x00000014a7600000,0x00000014a7700000)]
  0x000001e7fd387ec0 JavaThread "Daemon client event forwarder" [_thread_blocked, id=27812, stack(0x00000014a7700000,0x00000014a7800000)]
  0x000001e7fd389200 JavaThread "Cache worker for journal cache (C:\Users\jupi0\.gradle\caches\journal-1)" [_thread_blocked, id=24628, stack(0x00000014a7c00000,0x00000014a7d00000)]
  0x000001e7fd3896d0 JavaThread "File lock request listener" [_thread_in_native, id=15044, stack(0x00000014a7d00000,0x00000014a7e00000)]
  0x000001e7fd389ba0 JavaThread "Cache worker for file hash cache (C:\Users\jupi0\.gradle\caches\8.0\fileHashes)" [_thread_blocked, id=12780, stack(0x00000014a7e00000,0x00000014a7f00000)]
  0x000001e7fd387520 JavaThread "File watcher server" daemon [_thread_in_native, id=7280, stack(0x00000014a7f00000,0x00000014a8000000)]
  0x000001e7fd38a070 JavaThread "File watcher consumer" daemon [_thread_blocked, id=15744, stack(0x00000014a8000000,0x00000014a8100000)]
  0x000001e7fd38a540 JavaThread "Cache worker for checksums cache (C:\Users\jupi0\AndroidStudioProjects\Capstone_2\.gradle\8.0\checksums)" [_thread_blocked, id=17092, stack(0x00000014a8100000,0x00000014a8200000)]
  0x000001e7fd3879f0 JavaThread "Cache worker for cache directory md-rule (C:\Users\jupi0\.gradle\caches\8.0\md-rule)" [_thread_blocked, id=20520, stack(0x00000014a8200000,0x00000014a8300000)]
  0x000001e7fd38aa10 JavaThread "Cache worker for file content cache (C:\Users\jupi0\.gradle\caches\8.0\fileContent)" [_thread_blocked, id=27664, stack(0x00000014a8300000,0x00000014a8400000)]
  0x000001e7fd388390 JavaThread "Cache worker for file hash cache (C:\Users\jupi0\AndroidStudioProjects\Capstone_2\.gradle\8.0\fileHashes)" [_thread_blocked, id=3316, stack(0x00000014a8400000,0x00000014a8500000)]
  0x000001e7fd388860 JavaThread "Cache worker for cache directory md-supplier (C:\Users\jupi0\.gradle\caches\8.0\md-supplier)" [_thread_blocked, id=9172, stack(0x00000014a8500000,0x00000014a8600000)]
  0x000001e7fe71e6b0 JavaThread "Cache worker for execution history cache (C:\Users\jupi0\.gradle\caches\8.0\executionHistory)" [_thread_blocked, id=25220, stack(0x00000014a8600000,0x00000014a8700000)]
  0x000001e7fe720390 JavaThread "jar transforms" [_thread_blocked, id=1212, stack(0x00000014a8700000,0x00000014a8800000)]
  0x000001e7fe71c030 JavaThread "jar transforms Thread 2" [_thread_blocked, id=11756, stack(0x00000014a8800000,0x00000014a8900000)]
  0x000001e7fe71cea0 JavaThread "jar transforms Thread 3" [_thread_blocked, id=23280, stack(0x00000014a8a00000,0x00000014a8b00000)]
  0x000001e7fe71b690 JavaThread "jar transforms Thread 4" [_thread_blocked, id=19224, stack(0x00000014a8b00000,0x00000014a8c00000)]
  0x000001e7fe71d840 JavaThread "Cache worker for dependencies-accessors (C:\Users\jupi0\AndroidStudioProjects\Capstone_2\.gradle\8.0\dependencies-accessors)" [_thread_blocked, id=15372, stack(0x00000014a8c00000,0x00000014a8d00000)]
  0x000001e7fe71dd10 JavaThread "jar transforms Thread 5" [_thread_blocked, id=11224, stack(0x00000014a8d00000,0x00000014a8e00000)]
  0x000001e7fe722ee0 JavaThread "Cache worker for Build Output Cleanup Cache (C:\Users\jupi0\AndroidStudioProjects\Capstone_2\.gradle\buildOutputCleanup)" [_thread_blocked, id=12204, stack(0x00000014a8e00000,0x00000014a8f00000)]
  0x000001e7fe721200 JavaThread "Unconstrained build operations" [_thread_blocked, id=9864, stack(0x00000014a8f00000,0x00000014a9000000)]
  0x000001e7fe71e1e0 JavaThread "Unconstrained build operations Thread 2" [_thread_blocked, id=4520, stack(0x00000014a9000000,0x00000014a9100000)]
  0x000001e7fe71eb80 JavaThread "Unconstrained build operations Thread 3" [_thread_blocked, id=23448, stack(0x00000014a9100000,0x00000014a9200000)]
  0x000001e7fe722070 JavaThread "Unconstrained build operations Thread 4" [_thread_blocked, id=2972, stack(0x00000014a9200000,0x00000014a9300000)]
  0x000001e7fe71f9f0 JavaThread "Unconstrained build operations Thread 5" [_thread_blocked, id=26912, stack(0x00000014a9300000,0x00000014a9400000)]
  0x000001e7fe71f050 JavaThread "Unconstrained build operations Thread 6" [_thread_blocked, id=13532, stack(0x00000014a9400000,0x00000014a9500000)]
  0x000001e7fe71bb60 JavaThread "Unconstrained build operations Thread 7" [_thread_blocked, id=24528, stack(0x00000014a9500000,0x00000014a9600000)]
  0x000001e7fe71f520 JavaThread "Unconstrained build operations Thread 8" [_thread_blocked, id=18092, stack(0x00000014a9600000,0x00000014a9700000)]
  0x000001e7fe720860 JavaThread "Unconstrained build operations Thread 9" [_thread_blocked, id=14444, stack(0x00000014a9700000,0x00000014a9800000)]
  0x000001e7fe71fec0 JavaThread "Unconstrained build operations Thread 10" [_thread_blocked, id=28584, stack(0x00000014a9800000,0x00000014a9900000)]
  0x000001e7fe720d30 JavaThread "Unconstrained build operations Thread 11" [_thread_blocked, id=12132, stack(0x00000014a9900000,0x00000014a9a00000)]
  0x000001e7fe7216d0 JavaThread "Unconstrained build operations Thread 12" [_thread_blocked, id=20028, stack(0x00000014a9a00000,0x00000014a9b00000)]
  0x000001e7fe721ba0 JavaThread "Unconstrained build operations Thread 13" [_thread_blocked, id=22396, stack(0x00000014a9b00000,0x00000014a9c00000)]
  0x000001e7fe722540 JavaThread "Unconstrained build operations Thread 14" [_thread_blocked, id=11276, stack(0x00000014a9c00000,0x00000014a9d00000)]
  0x000001e7fe722a10 JavaThread "Unconstrained build operations Thread 15" [_thread_blocked, id=1784, stack(0x00000014a9d00000,0x00000014a9e00000)]
  0x000001e7fe7a5280 JavaThread "Unconstrained build operations Thread 16" [_thread_blocked, id=25980, stack(0x00000014a9e00000,0x00000014a9f00000)]
  0x000001e7fe7a9110 JavaThread "Unconstrained build operations Thread 17" [_thread_blocked, id=23760, stack(0x00000014a9f00000,0x00000014aa000000)]
  0x000001e7fe7a5750 JavaThread "Unconstrained build operations Thread 18" [_thread_blocked, id=25932, stack(0x00000014aa000000,0x00000014aa100000)]
  0x000001e7fe7aadf0 JavaThread "Unconstrained build operations Thread 19" [_thread_blocked, id=16048, stack(0x00000014aa100000,0x00000014aa200000)]
  0x000001e7fe7a65c0 JavaThread "Unconstrained build operations Thread 20" [_thread_blocked, id=26304, stack(0x00000014aa200000,0x00000014aa300000)]
  0x000001e7fe7a5c20 JavaThread "Unconstrained build operations Thread 21" [_thread_blocked, id=15252, stack(0x00000014aa300000,0x00000014aa400000)]
  0x000001e7fe7a4410 JavaThread "Unconstrained build operations Thread 22" [_thread_blocked, id=1332, stack(0x00000014aa400000,0x00000014aa500000)]
  0x000001e7fe7a7dd0 JavaThread "Unconstrained build operations Thread 23" [_thread_blocked, id=23248, stack(0x00000014aa500000,0x00000014aa600000)]
  0x000001e7fe7ab2c0 JavaThread "Unconstrained build operations Thread 24" [_thread_blocked, id=20632, stack(0x00000014aa600000,0x00000014aa700000)]
  0x000001e7fe7a6a90 JavaThread "Unconstrained build operations Thread 25" [_thread_blocked, id=19420, stack(0x00000014aa700000,0x00000014aa800000)]
  0x000001e7fe7a95e0 JavaThread "Unconstrained build operations Thread 26" [_thread_blocked, id=22716, stack(0x00000014aa800000,0x00000014aa900000)]
  0x000001e7fe7ab790 JavaThread "Unconstrained build operations Thread 27" [_thread_blocked, id=8344, stack(0x00000014aa900000,0x00000014aaa00000)]
  0x000001e7fe7abc60 JavaThread "Unconstrained build operations Thread 28" [_thread_blocked, id=2856, stack(0x00000014aaa00000,0x00000014aab00000)]
  0x000001e7fe7a6f60 JavaThread "Unconstrained build operations Thread 29" [_thread_blocked, id=17224, stack(0x00000014aab00000,0x00000014aac00000)]
  0x000001e7fe7a4db0 JavaThread "Unconstrained build operations Thread 30" [_thread_blocked, id=7400, stack(0x00000014aac00000,0x00000014aad00000)]
  0x000001e7fe7a60f0 JavaThread "Unconstrained build operations Thread 31" [_thread_blocked, id=22136, stack(0x00000014aad00000,0x00000014aae00000)]
  0x000001e7fe7a7430 JavaThread "Unconstrained build operations Thread 32" [_thread_blocked, id=21860, stack(0x00000014aae00000,0x00000014aaf00000)]
  0x000001e7fe7a7900 JavaThread "Unconstrained build operations Thread 33" [_thread_blocked, id=14984, stack(0x00000014aaf00000,0x00000014ab000000)]
  0x000001e7fe7a82a0 JavaThread "Unconstrained build operations Thread 34" [_thread_blocked, id=24400, stack(0x00000014ab000000,0x00000014ab100000)]
  0x000001e7fe7a8c40 JavaThread "Unconstrained build operations Thread 35" [_thread_blocked, id=26008, stack(0x00000014ab100000,0x00000014ab200000)]
  0x000001e7fe7a8770 JavaThread "Unconstrained build operations Thread 36" [_thread_blocked, id=2732, stack(0x00000014ab200000,0x00000014ab300000)]
  0x000001e7fe7a9ab0 JavaThread "Unconstrained build operations Thread 37" [_thread_blocked, id=25708, stack(0x00000014ab300000,0x00000014ab400000)]
  0x000001e7fe7a48e0 JavaThread "Unconstrained build operations Thread 38" [_thread_blocked, id=28388, stack(0x00000014ab400000,0x00000014ab500000)]
  0x000001e7fe7a9f80 JavaThread "Unconstrained build operations Thread 39" [_thread_blocked, id=5796, stack(0x00000014ab500000,0x00000014ab600000)]
  0x000001e7fe7aa450 JavaThread "Unconstrained build operations Thread 40" [_thread_blocked, id=11064, stack(0x00000014ab600000,0x00000014ab700000)]
  0x000001e7fe7aa920 JavaThread "Unconstrained build operations Thread 41" [_thread_blocked, id=21680, stack(0x00000014ab700000,0x00000014ab800000)]
  0x000001e7fe2bf240 JavaThread "Unconstrained build operations Thread 42" [_thread_blocked, id=20608, stack(0x00000014ab800000,0x00000014ab900000)]
  0x000001e7fe2b9200 JavaThread "Unconstrained build operations Thread 43" [_thread_blocked, id=17120, stack(0x00000014ab900000,0x00000014aba00000)]
  0x000001e7fe2bda30 JavaThread "Unconstrained build operations Thread 44" [_thread_blocked, id=26716, stack(0x00000014aba00000,0x00000014abb00000)]
  0x000001e7fe2bcbc0 JavaThread "Unconstrained build operations Thread 45" [_thread_blocked, id=10340, stack(0x00000014abb00000,0x00000014abc00000)]
  0x000001e7fe2be8a0 JavaThread "Unconstrained build operations Thread 46" [_thread_blocked, id=11052, stack(0x00000014abc00000,0x00000014abd00000)]
  0x000001e7fe2bd090 JavaThread "Unconstrained build operations Thread 47" [_thread_blocked, id=9640, stack(0x00000014abd00000,0x00000014abe00000)]
  0x000001e7fe2bdf00 JavaThread "Unconstrained build operations Thread 48" [_thread_blocked, id=22344, stack(0x00000014abe00000,0x00000014abf00000)]
  0x000001e7fe2bb880 JavaThread "Unconstrained build operations Thread 49" [_thread_blocked, id=3224, stack(0x00000014abf00000,0x00000014ac000000)]
  0x000001e7fe2bed70 JavaThread "Unconstrained build operations Thread 50" [_thread_blocked, id=29424, stack(0x00000014ac000000,0x00000014ac100000)]
  0x000001e7fe2bf710 JavaThread "Unconstrained build operations Thread 51" [_thread_blocked, id=19176, stack(0x00000014ac100000,0x00000014ac200000)]
  0x000001e7fe2b96d0 JavaThread "Unconstrained build operations Thread 52" [_thread_blocked, id=15176, stack(0x00000014ac200000,0x00000014ac300000)]
  0x000001e7fe2bfbe0 JavaThread "Unconstrained build operations Thread 53" [_thread_blocked, id=13504, stack(0x00000014ac300000,0x00000014ac400000)]
  0x000001e7fe2b8390 JavaThread "Unconstrained build operations Thread 54" [_thread_blocked, id=27276, stack(0x00000014ac400000,0x00000014ac500000)]
  0x000001e7fe2b8860 JavaThread "Unconstrained build operations Thread 55" [_thread_blocked, id=27204, stack(0x00000014ac500000,0x00000014ac600000)]
  0x000001e7fe2bd560 JavaThread "Unconstrained build operations Thread 56" [_thread_blocked, id=1756, stack(0x00000014ac600000,0x00000014ac700000)]
  0x000001e7fe2ba070 JavaThread "Unconstrained build operations Thread 57" [_thread_blocked, id=404, stack(0x00000014ac700000,0x00000014ac800000)]
  0x000001e7fe2be3d0 JavaThread "Unconstrained build operations Thread 58" [_thread_blocked, id=14492, stack(0x00000014ac800000,0x00000014ac900000)]
  0x000001e7fe2bc220 JavaThread "Unconstrained build operations Thread 59" [_thread_blocked, id=22084, stack(0x00000014ac900000,0x00000014aca00000)]
  0x000001e7fe2b8d30 JavaThread "Unconstrained build operations Thread 60" [_thread_blocked, id=7932, stack(0x00000014aca00000,0x00000014acb00000)]
  0x000001e7fe2b9ba0 JavaThread "Unconstrained build operations Thread 61" [_thread_blocked, id=19588, stack(0x00000014acb00000,0x00000014acc00000)]
  0x000001e7fe2bb3b0 JavaThread "Unconstrained build operations Thread 62" [_thread_blocked, id=8020, stack(0x00000014acc00000,0x00000014acd00000)]
  0x000001e7fe2bbd50 JavaThread "Unconstrained build operations Thread 63" [_thread_blocked, id=27328, stack(0x00000014acd00000,0x00000014ace00000)]
  0x000001e7fe2ba540 JavaThread "Unconstrained build operations Thread 64" [_thread_blocked, id=22060, stack(0x00000014ace00000,0x00000014acf00000)]
  0x000001e7fe2bc6f0 JavaThread "Unconstrained build operations Thread 65" [_thread_blocked, id=9944, stack(0x00000014acf00000,0x00000014ad000000)]
  0x000001e7fe2baa10 JavaThread "Unconstrained build operations Thread 66" [_thread_blocked, id=25620, stack(0x00000014ad000000,0x00000014ad100000)]
  0x000001e7fe2baee0 JavaThread "Unconstrained build operations Thread 67" [_thread_blocked, id=17924, stack(0x00000014ad100000,0x00000014ad200000)]
  0x000001e78016a8e0 JavaThread "Unconstrained build operations Thread 68" [_thread_blocked, id=20288, stack(0x00000014ad200000,0x00000014ad300000)]
  0x000001e78016d900 JavaThread "Unconstrained build operations Thread 69" [_thread_blocked, id=12232, stack(0x00000014ad300000,0x00000014ad400000)]
  0x000001e78016bc20 JavaThread "Unconstrained build operations Thread 70" [_thread_blocked, id=18504, stack(0x00000014ad400000,0x00000014ad500000)]
  0x000001e7801690d0 JavaThread "Unconstrained build operations Thread 71" [_thread_blocked, id=17904, stack(0x00000014ad500000,0x00000014ad600000)]
  0x000001e78016d430 JavaThread "Unconstrained build operations Thread 72" [_thread_blocked, id=12168, stack(0x00000014ad600000,0x00000014ad700000)]
  0x000001e78016a410 JavaThread "Unconstrained build operations Thread 73" [_thread_blocked, id=9808, stack(0x00000014ad700000,0x00000014ad800000)]
  0x000001e7801678c0 JavaThread "Unconstrained build operations Thread 74" [_thread_blocked, id=13628, stack(0x00000014ad800000,0x00000014ad900000)]
  0x000001e78016ddd0 JavaThread "Unconstrained build operations Thread 75" [_thread_blocked, id=24888, stack(0x00000014ad900000,0x00000014ada00000)]
  0x000001e78016e2a0 JavaThread "Unconstrained build operations Thread 76" [_thread_blocked, id=16208, stack(0x00000014ada00000,0x00000014adb00000)]
  0x000001e7801695a0 JavaThread "Unconstrained build operations Thread 77" [_thread_blocked, id=22988, stack(0x00000014adb00000,0x00000014adc00000)]
  0x000001e780169a70 JavaThread "Unconstrained build operations Thread 78" [_thread_blocked, id=24104, stack(0x00000014adc00000,0x00000014add00000)]
  0x000001e78016b750 JavaThread "Unconstrained build operations Thread 79" [_thread_blocked, id=2248, stack(0x00000014add00000,0x00000014ade00000)]
  0x000001e780167d90 JavaThread "Unconstrained build operations Thread 80" [_thread_blocked, id=29100, stack(0x00000014ade00000,0x00000014adf00000)]
  0x000001e78016e770 JavaThread "jar transforms Thread 6" [_thread_blocked, id=16768, stack(0x00000014adf00000,0x00000014ae000000)]
  0x000001e780168260 JavaThread "jar transforms Thread 7" [_thread_blocked, id=27352, stack(0x00000014ae000000,0x00000014ae100000)]
  0x000001e780166f20 JavaThread "jar transforms Thread 8" [_thread_blocked, id=24316, stack(0x00000014ae100000,0x00000014ae200000)]
  0x000001e7801673f0 JavaThread "build event listener" [_thread_blocked, id=10800, stack(0x00000014ae200000,0x00000014ae300000)]
  0x000001e780168c00 JavaThread "Memory manager" [_thread_blocked, id=14184, stack(0x00000014ae300000,0x00000014ae400000)]

Other Threads:
  0x000001e7f9e27cb0 VMThread "VM Thread" [stack: 0x00000014a5c00000,0x00000014a5d00000] [id=15300]
  0x000001e7e00b14e0 WatcherThread [stack: 0x00000014a6800000,0x00000014a6900000] [id=21984]
  0x000001e7e008a890 GCTaskThread "GC Thread#0" [stack: 0x00000014a5700000,0x00000014a5800000] [id=24448]
  0x000001e7fb2b0660 GCTaskThread "GC Thread#1" [stack: 0x00000014a6a00000,0x00000014a6b00000] [id=11520]
  0x000001e7fb2afe50 GCTaskThread "GC Thread#2" [stack: 0x00000014a6b00000,0x00000014a6c00000] [id=4204]
  0x000001e7fb2aee30 GCTaskThread "GC Thread#3" [stack: 0x00000014a6c00000,0x00000014a6d00000] [id=27284]
  0x000001e7fb2af0e0 GCTaskThread "GC Thread#4" [stack: 0x00000014a6d00000,0x00000014a6e00000] [id=20832]
  0x000001e7fb2af390 GCTaskThread "GC Thread#5" [stack: 0x00000014a7800000,0x00000014a7900000] [id=22828]
  0x000001e7fb2af640 GCTaskThread "GC Thread#6" [stack: 0x00000014a7900000,0x00000014a7a00000] [id=3452]
  0x000001e7fb2afba0 GCTaskThread "GC Thread#7" [stack: 0x00000014a7a00000,0x00000014a7b00000] [id=15592]
  0x000001e7e009b6e0 ConcurrentGCThread "G1 Main Marker" [stack: 0x00000014a5800000,0x00000014a5900000] [id=12300]
  0x000001e7e009d7b0 ConcurrentGCThread "G1 Conc#0" [stack: 0x00000014a5900000,0x00000014a5a00000] [id=24820]
  0x000001e7fb2b03b0 ConcurrentGCThread "G1 Conc#1" [stack: 0x00000014a7b00000,0x00000014a7c00000] [id=7504]
  0x000001e7e00fd600 ConcurrentGCThread "G1 Refine#0" [stack: 0x00000014a5a00000,0x00000014a5b00000] [id=19792]
  0x000001e7fba22180 ConcurrentGCThread "G1 Refine#1" [stack: 0x00000014a8900000,0x00000014a8a00000] [id=12352]
  0x000001e7e00fdf30 ConcurrentGCThread "G1 Service" [stack: 0x00000014a5b00000,0x00000014a5c00000] [id=9720]

Threads with active compile tasks:
C2 CompilerThread0    10536 7516       4       org.gradle.internal.instantiation.generator.AbstractClassGenerator::inspectType (560 bytes)
C2 CompilerThread1    10536 7569       4       sun.reflect.generics.parser.SignatureParser::parsePackageNameAndSimpleClassTypeSignature (119 bytes)

VM state: not at safepoint (normal execution)

VM Mutex/Monitor currently owned by a thread: None

Heap address: 0x0000000080000000, size: 2048 MB, Compressed Oops mode: 32-bit

CDS archive(s) not mapped
Compressed class space mapped at: 0x0000000100000000-0x0000000140000000, reserved size: 1073741824
Narrow klass base: 0x0000000000000000, Narrow klass shift: 3, Narrow klass range: 0x140000000

GC Precious Log:
 CPUs: 8 total, 8 available
 Memory: 8084M
 Large Page Support: Disabled
 NUMA Support: Disabled
 Compressed Oops: Enabled (32-bit)
 Heap Region Size: 1M
 Heap Min Capacity: 8M
 Heap Initial Capacity: 128M
 Heap Max Capacity: 2G
 Pre-touch: Disabled
 Parallel Workers: 8
 Concurrent Workers: 2
 Concurrent Refinement Workers: 8
 Periodic GC: Disabled

Heap:
 garbage-first heap   total 215040K, used 64627K [0x0000000080000000, 0x0000000100000000)
  region size 1024K, 9 young (9216K), 6 survivors (6144K)
 Metaspace       used 76351K, committed 76864K, reserved 1122304K
  class space    used 10372K, committed 10624K, reserved 1048576K

Heap Regions: E=young(eden), S=young(survivor), O=old, HS=humongous(starts), HC=humongous(continues), CS=collection set, F=free, OA=open archive, CA=closed archive, TAMS=top-at-mark-start (previous, next)
|   0|0x0000000080000000, 0x0000000080100000, 0x0000000080100000|100%|HS|  |TAMS 0x0000000080100000, 0x0000000080000000| Complete 
|   1|0x0000000080100000, 0x0000000080200000, 0x0000000080200000|100%|HC|  |TAMS 0x0000000080200000, 0x0000000080100000| Complete 
|   2|0x0000000080200000, 0x0000000080300000, 0x0000000080300000|100%|HC|  |TAMS 0x0000000080300000, 0x0000000080200000| Complete 
|   3|0x0000000080300000, 0x0000000080400000, 0x0000000080400000|100%|HC|  |TAMS 0x0000000080400000, 0x0000000080300000| Complete 
|   4|0x0000000080400000, 0x0000000080400000, 0x0000000080500000|  0%| F|  |TAMS 0x0000000080400000, 0x0000000080400000| Untracked 
|   5|0x0000000080500000, 0x0000000080600000, 0x0000000080600000|100%| O|  |TAMS 0x0000000080600000, 0x0000000080500000| Untracked 
|   6|0x0000000080600000, 0x0000000080700000, 0x0000000080700000|100%| O|  |TAMS 0x0000000080700000, 0x0000000080600000| Untracked 
|   7|0x0000000080700000, 0x0000000080800000, 0x0000000080800000|100%| O|  |TAMS 0x0000000080800000, 0x0000000080700000| Untracked 
|   8|0x0000000080800000, 0x0000000080900000, 0x0000000080900000|100%| O|  |TAMS 0x0000000080900000, 0x0000000080800000| Untracked 
|   9|0x0000000080900000, 0x0000000080a00000, 0x0000000080a00000|100%| O|  |TAMS 0x0000000080a00000, 0x0000000080900000| Untracked 
|  10|0x0000000080a00000, 0x0000000080b00000, 0x0000000080b00000|100%| O|  |TAMS 0x0000000080b00000, 0x0000000080a00000| Untracked 
|  11|0x0000000080b00000, 0x0000000080c00000, 0x0000000080c00000|100%| O|  |TAMS 0x0000000080c00000, 0x0000000080b00000| Untracked 
|  12|0x0000000080c00000, 0x0000000080d00000, 0x0000000080d00000|100%| O|  |TAMS 0x0000000080d00000, 0x0000000080c00000| Untracked 
|  13|0x0000000080d00000, 0x0000000080e00000, 0x0000000080e00000|100%| O|  |TAMS 0x0000000080e00000, 0x0000000080d00000| Untracked 
|  14|0x0000000080e00000, 0x0000000080f00000, 0x0000000080f00000|100%| O|  |TAMS 0x0000000080f00000, 0x0000000080e00000| Untracked 
|  15|0x0000000080f00000, 0x0000000081000000, 0x0000000081000000|100%| O|  |TAMS 0x0000000081000000, 0x0000000080f00000| Untracked 
|  16|0x0000000081000000, 0x0000000081100000, 0x0000000081100000|100%| O|  |TAMS 0x0000000081100000, 0x0000000081000000| Untracked 
|  17|0x0000000081100000, 0x0000000081200000, 0x0000000081200000|100%| O|  |TAMS 0x0000000081200000, 0x0000000081100000| Untracked 
|  18|0x0000000081200000, 0x0000000081300000, 0x0000000081300000|100%| O|  |TAMS 0x0000000081300000, 0x0000000081200000| Untracked 
|  19|0x0000000081300000, 0x0000000081400000, 0x0000000081400000|100%| O|  |TAMS 0x0000000081400000, 0x0000000081300000| Untracked 
|  20|0x0000000081400000, 0x0000000081500000, 0x0000000081500000|100%| O|  |TAMS 0x0000000081500000, 0x0000000081400000| Untracked 
|  21|0x0000000081500000, 0x0000000081600000, 0x0000000081600000|100%| O|  |TAMS 0x0000000081600000, 0x0000000081500000| Untracked 
|  22|0x0000000081600000, 0x0000000081700000, 0x0000000081700000|100%| O|  |TAMS 0x0000000081700000, 0x0000000081600000| Untracked 
|  23|0x0000000081700000, 0x0000000081800000, 0x0000000081800000|100%| O|  |TAMS 0x0000000081800000, 0x0000000081700000| Untracked 
|  24|0x0000000081800000, 0x0000000081900000, 0x0000000081900000|100%| O|  |TAMS 0x0000000081800000, 0x0000000081800000| Untracked 
|  25|0x0000000081900000, 0x0000000081a00000, 0x0000000081a00000|100%| O|  |TAMS 0x0000000081a00000, 0x0000000081900000| Untracked 
|  26|0x0000000081a00000, 0x0000000081b00000, 0x0000000081b00000|100%| O|  |TAMS 0x0000000081b00000, 0x0000000081a00000| Untracked 
|  27|0x0000000081b00000, 0x0000000081c00000, 0x0000000081c00000|100%|HS|  |TAMS 0x0000000081c00000, 0x0000000081b00000| Complete 
|  28|0x0000000081c00000, 0x0000000081d00000, 0x0000000081d00000|100%| O|  |TAMS 0x0000000081d00000, 0x0000000081c00000| Untracked 
|  29|0x0000000081d00000, 0x0000000081e00000, 0x0000000081e00000|100%| O|  |TAMS 0x0000000081e00000, 0x0000000081d00000| Untracked 
|  30|0x0000000081e00000, 0x0000000081f00000, 0x0000000081f00000|100%| O|  |TAMS 0x0000000081f00000, 0x0000000081e00000| Untracked 
|  31|0x0000000081f00000, 0x0000000082000000, 0x0000000082000000|100%| O|  |TAMS 0x0000000082000000, 0x0000000081f00000| Untracked 
|  32|0x0000000082000000, 0x0000000082100000, 0x0000000082100000|100%| O|  |TAMS 0x0000000082100000, 0x0000000082000000| Untracked 
|  33|0x0000000082100000, 0x0000000082200000, 0x0000000082200000|100%| O|  |TAMS 0x0000000082200000, 0x0000000082100000| Untracked 
|  34|0x0000000082200000, 0x0000000082300000, 0x0000000082300000|100%|HS|  |TAMS 0x0000000082300000, 0x0000000082200000| Complete 
|  35|0x0000000082300000, 0x0000000082400000, 0x0000000082400000|100%|HS|  |TAMS 0x0000000082400000, 0x0000000082300000| Complete 
|  36|0x0000000082400000, 0x0000000082500000, 0x0000000082500000|100%| O|  |TAMS 0x0000000082500000, 0x0000000082400000| Untracked 
|  37|0x0000000082500000, 0x0000000082600000, 0x0000000082600000|100%| O|  |TAMS 0x0000000082600000, 0x0000000082500000| Untracked 
|  38|0x0000000082600000, 0x0000000082700000, 0x0000000082700000|100%| O|  |TAMS 0x0000000082700000, 0x0000000082600000| Untracked 
|  39|0x0000000082700000, 0x0000000082800000, 0x0000000082800000|100%| O|  |TAMS 0x0000000082800000, 0x0000000082700000| Untracked 
|  40|0x0000000082800000, 0x0000000082900000, 0x0000000082900000|100%| O|  |TAMS 0x0000000082900000, 0x0000000082800000| Untracked 
|  41|0x0000000082900000, 0x0000000082a00000, 0x0000000082a00000|100%| O|  |TAMS 0x0000000082a00000, 0x0000000082900000| Untracked 
|  42|0x0000000082a00000, 0x0000000082b00000, 0x0000000082b00000|100%| O|  |TAMS 0x0000000082b00000, 0x0000000082a00000| Untracked 
|  43|0x0000000082b00000, 0x0000000082c00000, 0x0000000082c00000|100%| O|  |TAMS 0x0000000082c00000, 0x0000000082b00000| Untracked 
|  44|0x0000000082c00000, 0x0000000082d00000, 0x0000000082d00000|100%| O|  |TAMS 0x0000000082d00000, 0x0000000082c00000| Untracked 
|  45|0x0000000082d00000, 0x0000000082e00000, 0x0000000082e00000|100%| O|  |TAMS 0x0000000082e00000, 0x0000000082d00000| Untracked 
|  46|0x0000000082e00000, 0x0000000082f00000, 0x0000000082f00000|100%| O|  |TAMS 0x0000000082f00000, 0x0000000082e00000| Untracked 
|  47|0x0000000082f00000, 0x0000000083000000, 0x0000000083000000|100%| O|  |TAMS 0x0000000083000000, 0x0000000082f00000| Untracked 
|  48|0x0000000083000000, 0x0000000083100000, 0x0000000083100000|100%| O|  |TAMS 0x0000000083100000, 0x0000000083000000| Untracked 
|  49|0x0000000083100000, 0x0000000083200000, 0x0000000083200000|100%| O|  |TAMS 0x0000000083200000, 0x0000000083100000| Untracked 
|  50|0x0000000083200000, 0x0000000083300000, 0x0000000083300000|100%| O|  |TAMS 0x0000000083300000, 0x0000000083200000| Untracked 
|  51|0x0000000083300000, 0x0000000083400000, 0x0000000083400000|100%| O|  |TAMS 0x000000008332a600, 0x0000000083300000| Untracked 
|  52|0x0000000083400000, 0x0000000083500000, 0x0000000083500000|100%| O|  |TAMS 0x0000000083400000, 0x0000000083400000| Untracked 
|  53|0x0000000083500000, 0x0000000083600000, 0x0000000083600000|100%| O|  |TAMS 0x0000000083600000, 0x0000000083500000| Untracked 
|  54|0x0000000083600000, 0x0000000083700000, 0x0000000083700000|100%| O|  |TAMS 0x0000000083600000, 0x0000000083600000| Untracked 
|  55|0x0000000083700000, 0x0000000083800000, 0x0000000083800000|100%| O|  |TAMS 0x0000000083700000, 0x0000000083700000| Untracked 
|  56|0x0000000083800000, 0x0000000083885800, 0x0000000083900000| 52%| O|  |TAMS 0x0000000083800000, 0x0000000083800000| Untracked 
|  57|0x0000000083900000, 0x0000000083900000, 0x0000000083a00000|  0%| F|  |TAMS 0x0000000083900000, 0x0000000083900000| Untracked 
|  58|0x0000000083a00000, 0x0000000083a00000, 0x0000000083b00000|  0%| F|  |TAMS 0x0000000083a00000, 0x0000000083a00000| Untracked 
|  59|0x0000000083b00000, 0x0000000083b00000, 0x0000000083c00000|  0%| F|  |TAMS 0x0000000083b00000, 0x0000000083b00000| Untracked 
|  60|0x0000000083c00000, 0x0000000083c00000, 0x0000000083d00000|  0%| F|  |TAMS 0x0000000083c00000, 0x0000000083c00000| Untracked 
|  61|0x0000000083d00000, 0x0000000083d00000, 0x0000000083e00000|  0%| F|  |TAMS 0x0000000083d00000, 0x0000000083d00000| Untracked 
|  62|0x0000000083e00000, 0x0000000083e00000, 0x0000000083f00000|  0%| F|  |TAMS 0x0000000083e00000, 0x0000000083e00000| Untracked 
|  63|0x0000000083f00000, 0x0000000083f00000, 0x0000000084000000|  0%| F|  |TAMS 0x0000000083f00000, 0x0000000083f00000| Untracked 
|  64|0x0000000084000000, 0x0000000084000000, 0x0000000084100000|  0%| F|  |TAMS 0x0000000084000000, 0x0000000084000000| Untracked 
|  65|0x0000000084100000, 0x0000000084100000, 0x0000000084200000|  0%| F|  |TAMS 0x0000000084100000, 0x0000000084100000| Untracked 
|  66|0x0000000084200000, 0x0000000084200000, 0x0000000084300000|  0%| F|  |TAMS 0x0000000084200000, 0x0000000084200000| Untracked 
|  67|0x0000000084300000, 0x0000000084300000, 0x0000000084400000|  0%| F|  |TAMS 0x0000000084300000, 0x0000000084300000| Untracked 
|  68|0x0000000084400000, 0x0000000084400000, 0x0000000084500000|  0%| F|  |TAMS 0x0000000084400000, 0x0000000084400000| Untracked 
|  69|0x0000000084500000, 0x0000000084500000, 0x0000000084600000|  0%| F|  |TAMS 0x0000000084500000, 0x0000000084500000| Untracked 
|  70|0x0000000084600000, 0x0000000084600000, 0x0000000084700000|  0%| F|  |TAMS 0x0000000084600000, 0x0000000084600000| Untracked 
|  71|0x0000000084700000, 0x0000000084700000, 0x0000000084800000|  0%| F|  |TAMS 0x0000000084700000, 0x0000000084700000| Untracked 
|  72|0x0000000084800000, 0x0000000084800000, 0x0000000084900000|  0%| F|  |TAMS 0x0000000084800000, 0x0000000084800000| Untracked 
|  73|0x0000000084900000, 0x0000000084900000, 0x0000000084a00000|  0%| F|  |TAMS 0x0000000084900000, 0x0000000084900000| Untracked 
|  74|0x0000000084a00000, 0x0000000084a00000, 0x0000000084b00000|  0%| F|  |TAMS 0x0000000084a00000, 0x0000000084a00000| Untracked 
|  75|0x0000000084b00000, 0x0000000084b00000, 0x0000000084c00000|  0%| F|  |TAMS 0x0000000084b00000, 0x0000000084b00000| Untracked 
|  76|0x0000000084c00000, 0x0000000084c00000, 0x0000000084d00000|  0%| F|  |TAMS 0x0000000084c00000, 0x0000000084c00000| Untracked 
|  77|0x0000000084d00000, 0x0000000084d00000, 0x0000000084e00000|  0%| F|  |TAMS 0x0000000084d00000, 0x0000000084d00000| Untracked 
|  78|0x0000000084e00000, 0x0000000084e00000, 0x0000000084f00000|  0%| F|  |TAMS 0x0000000084e00000, 0x0000000084e00000| Untracked 
|  79|0x0000000084f00000, 0x0000000084f00000, 0x0000000085000000|  0%| F|  |TAMS 0x0000000084f00000, 0x0000000084f00000| Untracked 
|  80|0x0000000085000000, 0x0000000085000000, 0x0000000085100000|  0%| F|  |TAMS 0x0000000085000000, 0x0000000085000000| Untracked 
|  81|0x0000000085100000, 0x0000000085100000, 0x0000000085200000|  0%| F|  |TAMS 0x0000000085100000, 0x0000000085100000| Untracked 
|  82|0x0000000085200000, 0x0000000085200000, 0x0000000085300000|  0%| F|  |TAMS 0x0000000085200000, 0x0000000085200000| Untracked 
|  83|0x0000000085300000, 0x0000000085300000, 0x0000000085400000|  0%| F|  |TAMS 0x0000000085300000, 0x0000000085300000| Untracked 
|  84|0x0000000085400000, 0x0000000085400000, 0x0000000085500000|  0%| F|  |TAMS 0x0000000085400000, 0x0000000085400000| Untracked 
|  85|0x0000000085500000, 0x0000000085500000, 0x0000000085600000|  0%| F|  |TAMS 0x0000000085500000, 0x0000000085500000| Untracked 
|  86|0x0000000085600000, 0x0000000085600000, 0x0000000085700000|  0%| F|  |TAMS 0x0000000085600000, 0x0000000085600000| Untracked 
|  87|0x0000000085700000, 0x0000000085700000, 0x0000000085800000|  0%| F|  |TAMS 0x0000000085700000, 0x0000000085700000| Untracked 
|  88|0x0000000085800000, 0x0000000085800000, 0x0000000085900000|  0%| F|  |TAMS 0x0000000085800000, 0x0000000085800000| Untracked 
|  89|0x0000000085900000, 0x0000000085900000, 0x0000000085a00000|  0%| F|  |TAMS 0x0000000085900000, 0x0000000085900000| Untracked 
|  90|0x0000000085a00000, 0x0000000085a00000, 0x0000000085b00000|  0%| F|  |TAMS 0x0000000085a00000, 0x0000000085a00000| Untracked 
|  91|0x0000000085b00000, 0x0000000085b00000, 0x0000000085c00000|  0%| F|  |TAMS 0x0000000085b00000, 0x0000000085b00000| Untracked 
|  92|0x0000000085c00000, 0x0000000085c00000, 0x0000000085d00000|  0%| F|  |TAMS 0x0000000085c00000, 0x0000000085c00000| Untracked 
|  93|0x0000000085d00000, 0x0000000085d00000, 0x0000000085e00000|  0%| F|  |TAMS 0x0000000085d00000, 0x0000000085d00000| Untracked 
|  94|0x0000000085e00000, 0x0000000085e00000, 0x0000000085f00000|  0%| F|  |TAMS 0x0000000085e00000, 0x0000000085e00000| Untracked 
|  95|0x0000000085f00000, 0x0000000085f00000, 0x0000000086000000|  0%| F|  |TAMS 0x0000000085f00000, 0x0000000085f00000| Untracked 
|  96|0x0000000086000000, 0x0000000086000000, 0x0000000086100000|  0%| F|  |TAMS 0x0000000086000000, 0x0000000086000000| Untracked 
|  97|0x0000000086100000, 0x0000000086100000, 0x0000000086200000|  0%| F|  |TAMS 0x0000000086100000, 0x0000000086100000| Untracked 
|  98|0x0000000086200000, 0x0000000086200000, 0x0000000086300000|  0%| F|  |TAMS 0x0000000086200000, 0x0000000086200000| Untracked 
|  99|0x0000000086300000, 0x0000000086300000, 0x0000000086400000|  0%| F|  |TAMS 0x0000000086300000, 0x0000000086300000| Untracked 
| 100|0x0000000086400000, 0x0000000086400000, 0x0000000086500000|  0%| F|  |TAMS 0x0000000086400000, 0x0000000086400000| Untracked 
| 101|0x0000000086500000, 0x0000000086500000, 0x0000000086600000|  0%| F|  |TAMS 0x0000000086500000, 0x0000000086500000| Untracked 
| 102|0x0000000086600000, 0x0000000086600000, 0x0000000086700000|  0%| F|  |TAMS 0x0000000086600000, 0x0000000086600000| Untracked 
| 103|0x0000000086700000, 0x0000000086700000, 0x0000000086800000|  0%| F|  |TAMS 0x0000000086700000, 0x0000000086700000| Untracked 
| 104|0x0000000086800000, 0x0000000086800000, 0x0000000086900000|  0%| F|  |TAMS 0x0000000086800000, 0x0000000086800000| Untracked 
| 105|0x0000000086900000, 0x0000000086900000, 0x0000000086a00000|  0%| F|  |TAMS 0x0000000086900000, 0x0000000086900000| Untracked 
| 106|0x0000000086a00000, 0x0000000086a00000, 0x0000000086b00000|  0%| F|  |TAMS 0x0000000086a00000, 0x0000000086a00000| Untracked 
| 107|0x0000000086b00000, 0x0000000086b00000, 0x0000000086c00000|  0%| F|  |TAMS 0x0000000086b00000, 0x0000000086b00000| Untracked 
| 108|0x0000000086c00000, 0x0000000086c00000, 0x0000000086d00000|  0%| F|  |TAMS 0x0000000086c00000, 0x0000000086c00000| Untracked 
| 109|0x0000000086d00000, 0x0000000086d00000, 0x0000000086e00000|  0%| F|  |TAMS 0x0000000086d00000, 0x0000000086d00000| Untracked 
| 110|0x0000000086e00000, 0x0000000086e00000, 0x0000000086f00000|  0%| F|  |TAMS 0x0000000086e00000, 0x0000000086e00000| Untracked 
| 111|0x0000000086f00000, 0x0000000086f00000, 0x0000000087000000|  0%| F|  |TAMS 0x0000000086f00000, 0x0000000086f00000| Untracked 
| 112|0x0000000087000000, 0x0000000087000000, 0x0000000087100000|  0%| F|  |TAMS 0x0000000087000000, 0x0000000087000000| Untracked 
| 113|0x0000000087100000, 0x0000000087100000, 0x0000000087200000|  0%| F|  |TAMS 0x0000000087100000, 0x0000000087100000| Untracked 
| 114|0x0000000087200000, 0x0000000087200000, 0x0000000087300000|  0%| F|  |TAMS 0x0000000087200000, 0x0000000087200000| Untracked 
| 115|0x0000000087300000, 0x0000000087300000, 0x0000000087400000|  0%| F|  |TAMS 0x0000000087300000, 0x0000000087300000| Untracked 
| 116|0x0000000087400000, 0x0000000087400000, 0x0000000087500000|  0%| F|  |TAMS 0x0000000087400000, 0x0000000087400000| Untracked 
| 117|0x0000000087500000, 0x0000000087500000, 0x0000000087600000|  0%| F|  |TAMS 0x0000000087500000, 0x0000000087500000| Untracked 
| 118|0x0000000087600000, 0x0000000087600000, 0x0000000087700000|  0%| F|  |TAMS 0x0000000087600000, 0x0000000087600000| Untracked 
| 119|0x0000000087700000, 0x0000000087700000, 0x0000000087800000|  0%| F|  |TAMS 0x0000000087700000, 0x0000000087700000| Untracked 
| 120|0x0000000087800000, 0x0000000087800000, 0x0000000087900000|  0%| F|  |TAMS 0x0000000087800000, 0x0000000087800000| Untracked 
| 121|0x0000000087900000, 0x0000000087997720, 0x0000000087a00000| 59%| S|CS|TAMS 0x0000000087900000, 0x0000000087900000| Complete 
| 122|0x0000000087a00000, 0x0000000087b00000, 0x0000000087b00000|100%| S|CS|TAMS 0x0000000087a00000, 0x0000000087a00000| Complete 
| 123|0x0000000087b00000, 0x0000000087c00000, 0x0000000087c00000|100%| S|CS|TAMS 0x0000000087b00000, 0x0000000087b00000| Complete 
| 124|0x0000000087c00000, 0x0000000087d00000, 0x0000000087d00000|100%| S|CS|TAMS 0x0000000087c00000, 0x0000000087c00000| Complete 
| 125|0x0000000087d00000, 0x0000000087e00000, 0x0000000087e00000|100%| S|CS|TAMS 0x0000000087d00000, 0x0000000087d00000| Complete 
| 126|0x0000000087e00000, 0x0000000087f00000, 0x0000000087f00000|100%| S|CS|TAMS 0x0000000087e00000, 0x0000000087e00000| Complete 
| 127|0x0000000087f00000, 0x0000000087f00000, 0x0000000088000000|  0%| F|  |TAMS 0x0000000087f00000, 0x0000000087f00000| Untracked 
| 128|0x0000000088000000, 0x0000000088000000, 0x0000000088100000|  0%| F|  |TAMS 0x0000000088000000, 0x0000000088000000| Untracked 
| 129|0x0000000088100000, 0x0000000088100000, 0x0000000088200000|  0%| F|  |TAMS 0x0000000088100000, 0x0000000088100000| Untracked 
| 130|0x0000000088200000, 0x0000000088200000, 0x0000000088300000|  0%| F|  |TAMS 0x0000000088200000, 0x0000000088200000| Untracked 
| 131|0x0000000088300000, 0x0000000088300000, 0x0000000088400000|  0%| F|  |TAMS 0x0000000088300000, 0x0000000088300000| Untracked 
| 132|0x0000000088400000, 0x0000000088400000, 0x0000000088500000|  0%| F|  |TAMS 0x0000000088400000, 0x0000000088400000| Untracked 
| 133|0x0000000088500000, 0x0000000088500000, 0x0000000088600000|  0%| F|  |TAMS 0x0000000088500000, 0x0000000088500000| Untracked 
| 134|0x0000000088600000, 0x0000000088600000, 0x0000000088700000|  0%| F|  |TAMS 0x0000000088600000, 0x0000000088600000| Untracked 
| 135|0x0000000088700000, 0x0000000088700000, 0x0000000088800000|  0%| F|  |TAMS 0x0000000088700000, 0x0000000088700000| Untracked 
| 136|0x0000000088800000, 0x0000000088800000, 0x0000000088900000|  0%| F|  |TAMS 0x0000000088800000, 0x0000000088800000| Untracked 
| 137|0x0000000088900000, 0x0000000088900000, 0x0000000088a00000|  0%| F|  |TAMS 0x0000000088900000, 0x0000000088900000| Untracked 
| 138|0x0000000088a00000, 0x0000000088a00000, 0x0000000088b00000|  0%| F|  |TAMS 0x0000000088a00000, 0x0000000088a00000| Untracked 
| 139|0x0000000088b00000, 0x0000000088b00000, 0x0000000088c00000|  0%| F|  |TAMS 0x0000000088b00000, 0x0000000088b00000| Untracked 
| 140|0x0000000088c00000, 0x0000000088c00000, 0x0000000088d00000|  0%| F|  |TAMS 0x0000000088c00000, 0x0000000088c00000| Untracked 
| 141|0x0000000088d00000, 0x0000000088d00000, 0x0000000088e00000|  0%| F|  |TAMS 0x0000000088d00000, 0x0000000088d00000| Untracked 
| 142|0x0000000088e00000, 0x0000000088e00000, 0x0000000088f00000|  0%| F|  |TAMS 0x0000000088e00000, 0x0000000088e00000| Untracked 
| 143|0x0000000088f00000, 0x0000000088f00000, 0x0000000089000000|  0%| F|  |TAMS 0x0000000088f00000, 0x0000000088f00000| Untracked 
| 144|0x0000000089000000, 0x0000000089000000, 0x0000000089100000|  0%| F|  |TAMS 0x0000000089000000, 0x0000000089000000| Untracked 
| 145|0x0000000089100000, 0x0000000089100000, 0x0000000089200000|  0%| F|  |TAMS 0x0000000089100000, 0x0000000089100000| Untracked 
| 146|0x0000000089200000, 0x0000000089200000, 0x0000000089300000|  0%| F|  |TAMS 0x0000000089200000, 0x0000000089200000| Untracked 
| 147|0x0000000089300000, 0x0000000089300000, 0x0000000089400000|  0%| F|  |TAMS 0x0000000089300000, 0x0000000089300000| Untracked 
| 148|0x0000000089400000, 0x0000000089400000, 0x0000000089500000|  0%| F|  |TAMS 0x0000000089400000, 0x0000000089400000| Untracked 
| 149|0x0000000089500000, 0x0000000089500000, 0x0000000089600000|  0%| F|  |TAMS 0x0000000089500000, 0x0000000089500000| Untracked 
| 150|0x0000000089600000, 0x0000000089600000, 0x0000000089700000|  0%| F|  |TAMS 0x0000000089600000, 0x0000000089600000| Untracked 
| 151|0x0000000089700000, 0x0000000089700000, 0x0000000089800000|  0%| F|  |TAMS 0x0000000089700000, 0x0000000089700000| Untracked 
| 152|0x0000000089800000, 0x0000000089800000, 0x0000000089900000|  0%| F|  |TAMS 0x0000000089800000, 0x0000000089800000| Untracked 
| 153|0x0000000089900000, 0x0000000089900000, 0x0000000089a00000|  0%| F|  |TAMS 0x0000000089900000, 0x0000000089900000| Untracked 
| 154|0x0000000089a00000, 0x0000000089a00000, 0x0000000089b00000|  0%| F|  |TAMS 0x0000000089a00000, 0x0000000089a00000| Untracked 
| 155|0x0000000089b00000, 0x0000000089b00000, 0x0000000089c00000|  0%| F|  |TAMS 0x0000000089b00000, 0x0000000089b00000| Untracked 
| 156|0x0000000089c00000, 0x0000000089c00000, 0x0000000089d00000|  0%| F|  |TAMS 0x0000000089c00000, 0x0000000089c00000| Untracked 
| 157|0x0000000089d00000, 0x0000000089d00000, 0x0000000089e00000|  0%| F|  |TAMS 0x0000000089d00000, 0x0000000089d00000| Untracked 
| 158|0x0000000089e00000, 0x0000000089e00000, 0x0000000089f00000|  0%| F|  |TAMS 0x0000000089e00000, 0x0000000089e00000| Untracked 
| 159|0x0000000089f00000, 0x0000000089f00000, 0x000000008a000000|  0%| F|  |TAMS 0x0000000089f00000, 0x0000000089f00000| Untracked 
| 160|0x000000008a000000, 0x000000008a000000, 0x000000008a100000|  0%| F|  |TAMS 0x000000008a000000, 0x000000008a000000| Untracked 
| 161|0x000000008a100000, 0x000000008a100000, 0x000000008a200000|  0%| F|  |TAMS 0x000000008a100000, 0x000000008a100000| Untracked 
| 162|0x000000008a200000, 0x000000008a200000, 0x000000008a300000|  0%| F|  |TAMS 0x000000008a200000, 0x000000008a200000| Untracked 
| 163|0x000000008a300000, 0x000000008a300000, 0x000000008a400000|  0%| F|  |TAMS 0x000000008a300000, 0x000000008a300000| Untracked 
| 164|0x000000008a400000, 0x000000008a400000, 0x000000008a500000|  0%| F|  |TAMS 0x000000008a400000, 0x000000008a400000| Untracked 
| 165|0x000000008a500000, 0x000000008a500000, 0x000000008a600000|  0%| F|  |TAMS 0x000000008a500000, 0x000000008a500000| Untracked 
| 166|0x000000008a600000, 0x000000008a600000, 0x000000008a700000|  0%| F|  |TAMS 0x000000008a600000, 0x000000008a600000| Untracked 
| 167|0x000000008a700000, 0x000000008a700000, 0x000000008a800000|  0%| F|  |TAMS 0x000000008a700000, 0x000000008a700000| Untracked 
| 168|0x000000008a800000, 0x000000008a800000, 0x000000008a900000|  0%| F|  |TAMS 0x000000008a800000, 0x000000008a800000| Untracked 
| 169|0x000000008a900000, 0x000000008a900000, 0x000000008aa00000|  0%| F|  |TAMS 0x000000008a900000, 0x000000008a900000| Untracked 
| 170|0x000000008aa00000, 0x000000008aa00000, 0x000000008ab00000|  0%| F|  |TAMS 0x000000008aa00000, 0x000000008aa00000| Untracked 
| 171|0x000000008ab00000, 0x000000008ab00000, 0x000000008ac00000|  0%| F|  |TAMS 0x000000008ab00000, 0x000000008ab00000| Untracked 
| 172|0x000000008ac00000, 0x000000008ac00000, 0x000000008ad00000|  0%| F|  |TAMS 0x000000008ac00000, 0x000000008ac00000| Untracked 
| 173|0x000000008ad00000, 0x000000008ad00000, 0x000000008ae00000|  0%| F|  |TAMS 0x000000008ad00000, 0x000000008ad00000| Untracked 
| 174|0x000000008ae00000, 0x000000008ae00000, 0x000000008af00000|  0%| F|  |TAMS 0x000000008ae00000, 0x000000008ae00000| Untracked 
| 175|0x000000008af00000, 0x000000008af00000, 0x000000008b000000|  0%| F|  |TAMS 0x000000008af00000, 0x000000008af00000| Untracked 
| 176|0x000000008b000000, 0x000000008b000000, 0x000000008b100000|  0%| F|  |TAMS 0x000000008b000000, 0x000000008b000000| Untracked 
| 177|0x000000008b100000, 0x000000008b100000, 0x000000008b200000|  0%| F|  |TAMS 0x000000008b100000, 0x000000008b100000| Untracked 
| 178|0x000000008b200000, 0x000000008b200000, 0x000000008b300000|  0%| F|  |TAMS 0x000000008b200000, 0x000000008b200000| Untracked 
| 179|0x000000008b300000, 0x000000008b300000, 0x000000008b400000|  0%| F|  |TAMS 0x000000008b300000, 0x000000008b300000| Untracked 
| 180|0x000000008b400000, 0x000000008b400000, 0x000000008b500000|  0%| F|  |TAMS 0x000000008b400000, 0x000000008b400000| Untracked 
| 181|0x000000008b500000, 0x000000008b500000, 0x000000008b600000|  0%| F|  |TAMS 0x000000008b500000, 0x000000008b500000| Untracked 
| 182|0x000000008b600000, 0x000000008b600000, 0x000000008b700000|  0%| F|  |TAMS 0x000000008b600000, 0x000000008b600000| Untracked 
| 183|0x000000008b700000, 0x000000008b700000, 0x000000008b800000|  0%| F|  |TAMS 0x000000008b700000, 0x000000008b700000| Untracked 
| 184|0x000000008b800000, 0x000000008b800000, 0x000000008b900000|  0%| F|  |TAMS 0x000000008b800000, 0x000000008b800000| Untracked 
| 185|0x000000008b900000, 0x000000008b900000, 0x000000008ba00000|  0%| F|  |TAMS 0x000000008b900000, 0x000000008b900000| Untracked 
| 186|0x000000008ba00000, 0x000000008ba00000, 0x000000008bb00000|  0%| F|  |TAMS 0x000000008ba00000, 0x000000008ba00000| Untracked 
| 187|0x000000008bb00000, 0x000000008bb00000, 0x000000008bc00000|  0%| F|  |TAMS 0x000000008bb00000, 0x000000008bb00000| Untracked 
| 188|0x000000008bc00000, 0x000000008bc00000, 0x000000008bd00000|  0%| F|  |TAMS 0x000000008bc00000, 0x000000008bc00000| Untracked 
| 189|0x000000008bd00000, 0x000000008bd00000, 0x000000008be00000|  0%| F|  |TAMS 0x000000008bd00000, 0x000000008bd00000| Untracked 
| 190|0x000000008be00000, 0x000000008be00000, 0x000000008bf00000|  0%| F|  |TAMS 0x000000008be00000, 0x000000008be00000| Untracked 
| 191|0x000000008bf00000, 0x000000008bf00000, 0x000000008c000000|  0%| F|  |TAMS 0x000000008bf00000, 0x000000008bf00000| Untracked 
| 192|0x000000008c000000, 0x000000008c000000, 0x000000008c100000|  0%| F|  |TAMS 0x000000008c000000, 0x000000008c000000| Untracked 
| 193|0x000000008c100000, 0x000000008c100000, 0x000000008c200000|  0%| F|  |TAMS 0x000000008c100000, 0x000000008c100000| Untracked 
| 194|0x000000008c200000, 0x000000008c200000, 0x000000008c300000|  0%| F|  |TAMS 0x000000008c200000, 0x000000008c200000| Untracked 
| 195|0x000000008c300000, 0x000000008c300000, 0x000000008c400000|  0%| F|  |TAMS 0x000000008c300000, 0x000000008c300000| Untracked 
| 196|0x000000008c400000, 0x000000008c400000, 0x000000008c500000|  0%| F|  |TAMS 0x000000008c400000, 0x000000008c400000| Untracked 
| 197|0x000000008c500000, 0x000000008c500000, 0x000000008c600000|  0%| F|  |TAMS 0x000000008c500000, 0x000000008c500000| Untracked 
| 198|0x000000008c600000, 0x000000008c600000, 0x000000008c700000|  0%| F|  |TAMS 0x000000008c600000, 0x000000008c600000| Untracked 
| 199|0x000000008c700000, 0x000000008c700000, 0x000000008c800000|  0%| F|  |TAMS 0x000000008c700000, 0x000000008c700000| Untracked 
| 200|0x000000008c800000, 0x000000008c800000, 0x000000008c900000|  0%| F|  |TAMS 0x000000008c800000, 0x000000008c800000| Untracked 
| 201|0x000000008c900000, 0x000000008c900000, 0x000000008ca00000|  0%| F|  |TAMS 0x000000008c900000, 0x000000008c900000| Untracked 
| 202|0x000000008ca00000, 0x000000008ca00000, 0x000000008cb00000|  0%| F|  |TAMS 0x000000008ca00000, 0x000000008ca00000| Untracked 
| 203|0x000000008cb00000, 0x000000008cb00000, 0x000000008cc00000|  0%| F|  |TAMS 0x000000008cb00000, 0x000000008cb00000| Untracked 
| 204|0x000000008cc00000, 0x000000008cc00000, 0x000000008cd00000|  0%| F|  |TAMS 0x000000008cc00000, 0x000000008cc00000| Untracked 
| 205|0x000000008cd00000, 0x000000008cd00000, 0x000000008ce00000|  0%| F|  |TAMS 0x000000008cd00000, 0x000000008cd00000| Untracked 
| 206|0x000000008ce00000, 0x000000008ce80da0, 0x000000008cf00000| 50%| E|  |TAMS 0x000000008ce00000, 0x000000008ce00000| Complete 
| 207|0x000000008cf00000, 0x000000008d000000, 0x000000008d000000|100%| E|CS|TAMS 0x000000008cf00000, 0x000000008cf00000| Complete 
| 208|0x000000008d000000, 0x000000008d100000, 0x000000008d100000|100%| E|CS|TAMS 0x000000008d000000, 0x000000008d000000| Complete 
| 209|0x000000008d100000, 0x000000008d200000, 0x000000008d200000|100%| E|CS|TAMS 0x000000008d100000, 0x000000008d100000| Complete 

Card table byte_map: [0x000001e7f2c30000,0x000001e7f3030000] _byte_map_base: 0x000001e7f2830000

Marking Bits (Prev, Next): (CMBitMap*) 0x000001e7e008adb0, (CMBitMap*) 0x000001e7e008adf0
 Prev Bits: [0x000001e7f3430000, 0x000001e7f5430000)
 Next Bits: [0x000001e7f5430000, 0x000001e7f7430000)

Polling page: 0x000001e7df800000

Metaspace:

Usage:
  Non-class:     64.54 MB used.
      Class:     10.15 MB used.
       Both:     74.70 MB used.

Virtual space:
  Non-class space:       72.00 MB reserved,      64.88 MB ( 90%) committed,  9 nodes.
      Class space:        1.00 GB reserved,      10.38 MB (  1%) committed,  1 nodes.
             Both:        1.07 GB reserved,      75.25 MB (  7%) committed. 

Chunk freelists:
   Non-Class:  2.41 MB
       Class:  1.58 MB
        Both:  3.98 MB

MaxMetaspaceSize: unlimited
CompressedClassSpaceSize: 1.00 GB
Initial GC threshold: 21.00 MB
Current GC threshold: 109.94 MB
CDS: off
MetaspaceReclaimPolicy: balanced
 - commit_granule_bytes: 65536.
 - commit_granule_words: 8192.
 - virtual_space_node_default_size: 1048576.
 - enlarge_chunks_in_place: 1.
 - new_chunks_are_fully_committed: 0.
 - uncommit_free_chunks: 1.
 - use_allocation_guard: 0.
 - handle_deallocations: 1.


Internal statistics:

num_allocs_failed_limit: 6.
num_arena_births: 672.
num_arena_deaths: 0.
num_vsnodes_births: 10.
num_vsnodes_deaths: 0.
num_space_committed: 1204.
num_space_uncommitted: 0.
num_chunks_returned_to_freelist: 6.
num_chunks_taken_from_freelist: 3312.
num_chunk_merges: 3.
num_chunk_splits: 2212.
num_chunks_enlarged: 1522.
num_purges: 0.
num_inconsistent_stats: 0.

CodeHeap 'non-profiled nmethods': size=120000Kb used=3715Kb max_used=3715Kb free=116284Kb
 bounds [0x000001e7eafd0000, 0x000001e7eb380000, 0x000001e7f2500000]
CodeHeap 'profiled nmethods': size=120000Kb used=13332Kb max_used=13332Kb free=106667Kb
 bounds [0x000001e7e3500000, 0x000001e7e4210000, 0x000001e7eaa30000]
CodeHeap 'non-nmethods': size=5760Kb used=2359Kb max_used=2447Kb free=3401Kb
 bounds [0x000001e7eaa30000, 0x000001e7eacb0000, 0x000001e7eafd0000]
 total_blobs=7752 nmethods=6864 adapters=800
 compilation: enabled
              stopped_count=0, restarted_count=0
 full_count=0

Compilation events (20 events):
Event: 10.424 Thread 0x000001e7fa854880 7722       3       org.gradle.model.internal.asm.ClassVisitorScope::<init> (8 bytes)
Event: 10.424 Thread 0x000001e7fa854880 nmethod 7722 0x000001e7e41e1d90 code [0x000001e7e41e1f20, 0x000001e7e41e2068]
Event: 10.424 Thread 0x000001e7fa854880 7723       3       org.objectweb.asm.ClassVisitor::visit (50 bytes)
Event: 10.424 Thread 0x000001e7fa854880 nmethod 7723 0x000001e7e41e2110 code [0x000001e7e41e22e0, 0x000001e7e41e2638]
Event: 10.424 Thread 0x000001e7fa854880 7724       3       org.gradle.api.internal.provider.ValueSupplier$Present::orNull (5 bytes)
Event: 10.424 Thread 0x000001e7fa854880 nmethod 7724 0x000001e7e41e2790 code [0x000001e7e41e2940, 0x000001e7e41e2c28]
Event: 10.426 Thread 0x000001e7fa854880 7725   !   3       jdk.proxy1.$Proxy63::annotationType (29 bytes)
Event: 10.426 Thread 0x000001e7fa854880 nmethod 7725 0x000001e7e41e2d90 code [0x000001e7e41e2f60, 0x000001e7e41e3338]
Event: 10.427 Thread 0x000001e7fa854880 7726       3       org.gradle.internal.instantiation.generator.AsmBackedClassGenerator$ClassBuilderImpl$$Lambda$133/0x0000000100282258::emit (13 bytes)
Event: 10.427 Thread 0x000001e7fa854880 nmethod 7726 0x000001e7e41e3510 code [0x000001e7e41e36c0, 0x000001e7e41e3808]
Event: 10.427 Thread 0x000001e7fa854880 7727       3       org.gradle.internal.instantiation.generator.AsmBackedClassGenerator$ClassBuilderImpl::lambda$addPropertySetterOverloads$11 (12 bytes)
Event: 10.427 Thread 0x000001e7fa854880 nmethod 7727 0x000001e7e41e3910 code [0x000001e7e41e3ac0, 0x000001e7e41e3c68]
Event: 10.445 Thread 0x000001e7fa854880 7728       3       org.gradle.util.internal.DeferredUtil::isNestableDeferred (20 bytes)
Event: 10.446 Thread 0x000001e7fa854880 nmethod 7728 0x000001e7e41e3d10 code [0x000001e7e41e3ec0, 0x000001e7e41e42b8]
Event: 10.448 Thread 0x000001e7fa854880 7729       3       org.gradle.internal.instantiation.generator.AsmBackedClassGenerator$ClassBuilderImpl::addServiceSupport (21 bytes)
Event: 10.448 Thread 0x000001e7fa854880 nmethod 7729 0x000001e7e41e4390 code [0x000001e7e41e4560, 0x000001e7e41e48c8]
Event: 10.448 Thread 0x000001e7fa854880 7730       3       org.gradle.internal.instantiation.generator.AsmBackedClassGenerator$ClassBuilderImpl::addServiceGetter (20 bytes)
Event: 10.448 Thread 0x000001e7fa854880 nmethod 7730 0x000001e7e41e4a90 code [0x000001e7e41e4ca0, 0x000001e7e41e5298]
Event: 10.448 Thread 0x000001e7fa854880 7731       3       org.gradle.model.internal.asm.ClassVisitorScope::addField (11 bytes)
Event: 10.449 Thread 0x000001e7fa854880 nmethod 7731 0x000001e7e41e5510 code [0x000001e7e41e56e0, 0x000001e7e41e5a78]

GC Heap History (20 events):
Event: 7.212 GC heap before
{Heap before GC invocations=16 (full 0):
 garbage-first heap   total 82944K, used 62092K [0x0000000080000000, 0x0000000100000000)
  region size 1024K, 21 young (21504K), 4 survivors (4096K)
 Metaspace       used 53910K, committed 54400K, reserved 1097728K
  class space    used 7172K, committed 7424K, reserved 1048576K
}
Event: 7.215 GC heap after
{Heap after GC invocations=17 (full 0):
 garbage-first heap   total 82944K, used 46875K [0x0000000080000000, 0x0000000100000000)
  region size 1024K, 3 young (3072K), 3 survivors (3072K)
 Metaspace       used 53910K, committed 54400K, reserved 1097728K
  class space    used 7172K, committed 7424K, reserved 1048576K
}
Event: 7.455 GC heap before
{Heap before GC invocations=17 (full 0):
 garbage-first heap   total 82944K, used 62235K [0x0000000080000000, 0x0000000100000000)
  region size 1024K, 18 young (18432K), 3 survivors (3072K)
 Metaspace       used 56139K, committed 56640K, reserved 1097728K
  class space    used 7458K, committed 7680K, reserved 1048576K
}
Event: 7.458 GC heap after
{Heap after GC invocations=18 (full 0):
 garbage-first heap   total 82944K, used 47836K [0x0000000080000000, 0x0000000100000000)
  region size 1024K, 1 young (1024K), 1 survivors (1024K)
 Metaspace       used 56139K, committed 56640K, reserved 1097728K
  class space    used 7458K, committed 7680K, reserved 1048576K
}
Event: 7.729 GC heap before
{Heap before GC invocations=19 (full 0):
 garbage-first heap   total 86016K, used 64220K [0x0000000080000000, 0x0000000100000000)
  region size 1024K, 17 young (17408K), 1 survivors (1024K)
 Metaspace       used 58785K, committed 59264K, reserved 1105920K
  class space    used 7779K, committed 8000K, reserved 1048576K
}
Event: 7.732 GC heap after
{Heap after GC invocations=20 (full 0):
 garbage-first heap   total 86016K, used 48242K [0x0000000080000000, 0x0000000100000000)
  region size 1024K, 2 young (2048K), 2 survivors (2048K)
 Metaspace       used 58785K, committed 59264K, reserved 1105920K
  class space    used 7779K, committed 8000K, reserved 1048576K
}
Event: 7.763 GC heap before
{Heap before GC invocations=20 (full 0):
 garbage-first heap   total 86016K, used 50290K [0x0000000080000000, 0x0000000100000000)
  region size 1024K, 4 young (4096K), 2 survivors (2048K)
 Metaspace       used 59014K, committed 59456K, reserved 1105920K
  class space    used 7829K, committed 8000K, reserved 1048576K
}
Event: 7.767 GC heap after
{Heap after GC invocations=21 (full 0):
 garbage-first heap   total 103424K, used 48337K [0x0000000080000000, 0x0000000100000000)
  region size 1024K, 1 young (1024K), 1 survivors (1024K)
 Metaspace       used 59014K, committed 59456K, reserved 1105920K
  class space    used 7829K, committed 8000K, reserved 1048576K
}
Event: 8.123 GC heap before
{Heap before GC invocations=21 (full 0):
 garbage-first heap   total 103424K, used 64721K [0x0000000080000000, 0x0000000100000000)
  region size 1024K, 18 young (18432K), 1 survivors (1024K)
 Metaspace       used 62813K, committed 63424K, reserved 1105920K
  class space    used 8330K, committed 8576K, reserved 1048576K
}
Event: 8.125 GC heap after
{Heap after GC invocations=22 (full 0):
 garbage-first heap   total 103424K, used 50214K [0x0000000080000000, 0x0000000100000000)
  region size 1024K, 3 young (3072K), 3 survivors (3072K)
 Metaspace       used 62813K, committed 63424K, reserved 1105920K
  class space    used 8330K, committed 8576K, reserved 1048576K
}
Event: 8.463 GC heap before
{Heap before GC invocations=23 (full 0):
 garbage-first heap   total 107520K, used 84006K [0x0000000080000000, 0x0000000100000000)
  region size 1024K, 30 young (30720K), 3 survivors (3072K)
 Metaspace       used 64627K, committed 65152K, reserved 1105920K
  class space    used 8565K, committed 8832K, reserved 1048576K
}
Event: 8.466 GC heap after
{Heap after GC invocations=24 (full 0):
 garbage-first heap   total 107520K, used 52780K [0x0000000080000000, 0x0000000100000000)
  region size 1024K, 4 young (4096K), 4 survivors (4096K)
 Metaspace       used 64627K, committed 65152K, reserved 1105920K
  class space    used 8565K, committed 8832K, reserved 1048576K
}
Event: 8.478 GC heap before
{Heap before GC invocations=24 (full 0):
 garbage-first heap   total 107520K, used 53804K [0x0000000080000000, 0x0000000100000000)
  region size 1024K, 5 young (5120K), 4 survivors (4096K)
 Metaspace       used 64704K, committed 65280K, reserved 1105920K
  class space    used 8577K, committed 8832K, reserved 1048576K
}
Event: 8.481 GC heap after
{Heap after GC invocations=25 (full 0):
 garbage-first heap   total 107520K, used 52990K [0x0000000080000000, 0x0000000100000000)
  region size 1024K, 1 young (1024K), 1 survivors (1024K)
 Metaspace       used 64704K, committed 65280K, reserved 1105920K
  class space    used 8577K, committed 8832K, reserved 1048576K
}
Event: 8.815 GC heap before
{Heap before GC invocations=25 (full 0):
 garbage-first heap   total 107520K, used 81662K [0x0000000080000000, 0x0000000100000000)
  region size 1024K, 29 young (29696K), 1 survivors (1024K)
 Metaspace       used 66908K, committed 67520K, reserved 1114112K
  class space    used 8873K, committed 9152K, reserved 1048576K
}
Event: 8.819 GC heap after
{Heap after GC invocations=26 (full 0):
 garbage-first heap   total 107520K, used 55080K [0x0000000080000000, 0x0000000100000000)
  region size 1024K, 3 young (3072K), 3 survivors (3072K)
 Metaspace       used 66908K, committed 67520K, reserved 1114112K
  class space    used 8873K, committed 9152K, reserved 1048576K
}
Event: 9.018 GC heap before
{Heap before GC invocations=27 (full 0):
 garbage-first heap   total 107520K, used 82728K [0x0000000080000000, 0x0000000100000000)
  region size 1024K, 30 young (30720K), 3 survivors (3072K)
 Metaspace       used 66966K, committed 67520K, reserved 1114112K
  class space    used 8878K, committed 9152K, reserved 1048576K
}
Event: 9.022 GC heap after
{Heap after GC invocations=28 (full 0):
 garbage-first heap   total 107520K, used 57411K [0x0000000080000000, 0x0000000100000000)
  region size 1024K, 3 young (3072K), 3 survivors (3072K)
 Metaspace       used 66966K, committed 67520K, reserved 1114112K
  class space    used 8878K, committed 9152K, reserved 1048576K
}
Event: 9.059 GC heap before
{Heap before GC invocations=28 (full 0):
 garbage-first heap   total 107520K, used 58435K [0x0000000080000000, 0x0000000100000000)
  region size 1024K, 5 young (5120K), 3 survivors (3072K)
 Metaspace       used 67092K, committed 67648K, reserved 1114112K
  class space    used 8890K, committed 9152K, reserved 1048576K
}
Event: 9.062 GC heap after
{Heap after GC invocations=29 (full 0):
 garbage-first heap   total 215040K, used 57383K [0x0000000080000000, 0x0000000100000000)
  region size 1024K, 1 young (1024K), 1 survivors (1024K)
 Metaspace       used 67092K, committed 67648K, reserved 1114112K
  class space    used 8890K, committed 9152K, reserved 1048576K
}

Dll operation events (2 events):
Event: 0.015 Loaded shared library C:\Program Files\Android\Android Studio\jbr\bin\java.dll
Event: 0.479 Loaded shared library C:\Program Files\Android\Android Studio\jbr\bin\verify.dll

Deoptimization events (20 events):
Event: 10.168 Thread 0x000001e7fd3c5030 DEOPT PACKING pc=0x000001e7e408b0f6 sp=0x00000014a74f9880
Event: 10.168 Thread 0x000001e7fd3c5030 DEOPT UNPACKING pc=0x000001e7eaa87143 sp=0x00000014a74f8e20 mode 0
Event: 10.349 Thread 0x000001e7fd3c5030 Uncommon trap: trap_request=0xffffff45 fr.pc=0x000001e7eb03ecc0 relative=0x0000000000000a60
Event: 10.349 Thread 0x000001e7fd3c5030 Uncommon trap: reason=unstable_if action=reinterpret pc=0x000001e7eb03ecc0 method=java.util.HashMap.resize()[Ljava/util/HashMap$Node; @ 203 c2
Event: 10.349 Thread 0x000001e7fd3c5030 DEOPT PACKING pc=0x000001e7eb03ecc0 sp=0x00000014a74f9210
Event: 10.349 Thread 0x000001e7fd3c5030 DEOPT UNPACKING pc=0x000001e7eaa869a3 sp=0x00000014a74f91b0 mode 2
Event: 10.349 Thread 0x000001e7fd3c5030 Uncommon trap: trap_request=0xffffff45 fr.pc=0x000001e7eb05a9d4 relative=0x0000000000002a74
Event: 10.349 Thread 0x000001e7fd3c5030 Uncommon trap: reason=unstable_if action=reinterpret pc=0x000001e7eb05a9d4 method=java.util.HashMap.getNode(Ljava/lang/Object;)Ljava/util/HashMap$Node; @ 85 c2
Event: 10.349 Thread 0x000001e7fd3c5030 DEOPT PACKING pc=0x000001e7eb05a9d4 sp=0x00000014a74f92b0
Event: 10.349 Thread 0x000001e7fd3c5030 DEOPT UNPACKING pc=0x000001e7eaa869a3 sp=0x00000014a74f9198 mode 2
Event: 10.349 Thread 0x000001e7fd3c5030 Uncommon trap: trap_request=0xffffff45 fr.pc=0x000001e7eb00260c relative=0x00000000000002ec
Event: 10.349 Thread 0x000001e7fd3c5030 Uncommon trap: reason=unstable_if action=reinterpret pc=0x000001e7eb00260c method=java.util.HashMap.getNode(Ljava/lang/Object;)Ljava/util/HashMap$Node; @ 85 c2
Event: 10.349 Thread 0x000001e7fd3c5030 DEOPT PACKING pc=0x000001e7eb00260c sp=0x00000014a74f9260
Event: 10.349 Thread 0x000001e7fd3c5030 DEOPT UNPACKING pc=0x000001e7eaa869a3 sp=0x00000014a74f9180 mode 2
Event: 10.349 Thread 0x000001e7fd3c5030 Uncommon trap: trap_request=0xffffff45 fr.pc=0x000001e7eb1601dc relative=0x000000000000023c
Event: 10.349 Thread 0x000001e7fd3c5030 Uncommon trap: reason=unstable_if action=reinterpret pc=0x000001e7eb1601dc method=java.util.HashMap.getNode(Ljava/lang/Object;)Ljava/util/HashMap$Node; @ 85 c2
Event: 10.349 Thread 0x000001e7fd3c5030 DEOPT PACKING pc=0x000001e7eb1601dc sp=0x00000014a74f9200
Event: 10.349 Thread 0x000001e7fd3c5030 DEOPT UNPACKING pc=0x000001e7eaa869a3 sp=0x00000014a74f9180 mode 2
Event: 10.399 Thread 0x000001e7fd3c5030 DEOPT PACKING pc=0x000001e7e408b0f6 sp=0x00000014a74f93b0
Event: 10.399 Thread 0x000001e7fd3c5030 DEOPT UNPACKING pc=0x000001e7eaa87143 sp=0x00000014a74f8950 mode 0

Classes unloaded (0 events):
No events

Classes redefined (0 events):
No events

Internal exceptions (20 events):
Event: 9.015 Thread 0x000001e7fd3c5030 Exception <a 'java/lang/ClassNotFoundException'{0x0000000084e71a28}: org/gradle/api/JavaVersionCustomizer> (0x0000000084e71a28) 
thrown [s\src\hotspot\share\classfile\systemDictionary.cpp, line 256]
Event: 9.017 Thread 0x000001e7fd3c5030 Exception <a 'java/lang/ClassNotFoundException'{0x0000000084eb7730}: com/android/build/gradle/internal/CompileOptions$AgpDecorated_DecoratedBeanInfo> (0x0000000084eb7730) 
thrown [s\src\hotspot\share\classfile\systemDictionary.cpp, line 256]
Event: 9.017 Thread 0x000001e7fd3c5030 Exception <a 'java/lang/ClassNotFoundException'{0x0000000084ec4d90}: com/android/build/gradle/internal/CompileOptions$AgpDecoratedBeanInfo> (0x0000000084ec4d90) 
thrown [s\src\hotspot\share\classfile\systemDictionary.cpp, line 256]
Event: 9.017 Thread 0x000001e7fd3c5030 Exception <a 'java/lang/ClassNotFoundException'{0x0000000084ed21f8}: com/android/build/gradle/internal/CompileOptionsBeanInfo> (0x0000000084ed21f8) 
thrown [s\src\hotspot\share\classfile\systemDictionary.cpp, line 256]
Event: 9.018 Thread 0x000001e7fd3c5030 Exception <a 'java/lang/ClassNotFoundException'{0x0000000084edf668}: com/android/build/gradle/internal/CompileOptionsCustomizer> (0x0000000084edf668) 
thrown [s\src\hotspot\share\classfile\systemDictionary.cpp, line 256]
Event: 9.018 Thread 0x000001e7fd3c5030 Exception <a 'java/lang/ClassNotFoundException'{0x0000000084ef8008}: com/android/build/gradle/internal/CompileOptions$AgpDecoratedCustomizer> (0x0000000084ef8008) 
thrown [s\src\hotspot\share\classfile\systemDictionary.cpp, line 256]
Event: 9.023 Thread 0x000001e7fd3c5030 Exception <a 'java/lang/ClassNotFoundException'{0x0000000087f09390}: com/android/build/gradle/internal/CompileOptions$AgpDecorated_DecoratedCustomizer> (0x0000000087f09390) 
thrown [s\src\hotspot\share\classfile\systemDictionary.cpp, line 256]
Event: 9.028 Thread 0x000001e7fd3c5030 Exception <a 'java/lang/ClassNotFoundException'{0x0000000087f86f48}: org/gradle/api/internal/artifacts/dsl/dependencies/DefaultDependencyHandler_DecoratedBeanInfo> (0x0000000087f86f48) 
thrown [s\src\hotspot\share\classfile\systemDictionary.cpp, line 256]
Event: 9.029 Thread 0x000001e7fd3c5030 Exception <a 'java/lang/ClassNotFoundException'{0x0000000087fa1398}: org/gradle/api/internal/artifacts/dsl/dependencies/DefaultDependencyHandlerBeanInfo> (0x0000000087fa1398) 
thrown [s\src\hotspot\share\classfile\systemDictionary.cpp, line 256]
Event: 9.030 Thread 0x000001e7fd3c5030 Exception <a 'java/lang/ClassNotFoundException'{0x0000000087fbba20}: org/gradle/api/internal/artifacts/dsl/dependencies/DefaultDependencyHandlerCustomizer> (0x0000000087fbba20) 
thrown [s\src\hotspot\share\classfile\systemDictionary.cpp, line 256]
Event: 9.032 Thread 0x000001e7fd3c5030 Exception <a 'java/lang/ClassNotFoundException'{0x0000000087ffdfa8}: org/gradle/api/internal/artifacts/dsl/dependencies/DefaultDependencyHandler_DecoratedCustomizer> (0x0000000087ffdfa8) 
thrown [s\src\hotspot\share\classfile\systemDictionary.cpp, line 256]
Event: 9.757 Thread 0x000001e7fd3c5030 Exception <a 'java/lang/NoSuchMethodError'{0x000000008a97b688}: 'int java.lang.invoke.DirectMethodHandle$Holder.invokeSpecialIFC(java.lang.Object, java.lang.Object, java.lang.Object, java.lang.Object, java.lang.Object)'> (0x000000008a97b688) 
thrown [s\src\hotspot\share\interpreter\linkResolver.cpp, line 771]
Event: 9.984 Thread 0x000001e7fd3c5030 Exception <a 'java/lang/ClassNotFoundException'{0x0000000089b0cba0}: com/android/build/gradle/internal/api/ApkVariantOutputImpl_DecoratedBeanInfo> (0x0000000089b0cba0) 
thrown [s\src\hotspot\share\classfile\systemDictionary.cpp, line 256]
Event: 9.985 Thread 0x000001e7fd3c5030 Exception <a 'java/lang/ClassNotFoundException'{0x0000000089b19778}: com/android/build/gradle/internal/api/ApkVariantOutputImplBeanInfo> (0x0000000089b19778) 
thrown [s\src\hotspot\share\classfile\systemDictionary.cpp, line 256]
Event: 9.985 Thread 0x000001e7fd3c5030 Exception <a 'java/lang/ClassNotFoundException'{0x0000000089b26360}: com/android/build/gradle/internal/api/BaseVariantOutputImplBeanInfo> (0x0000000089b26360) 
thrown [s\src\hotspot\share\classfile\systemDictionary.cpp, line 256]
Event: 9.985 Thread 0x000001e7fd3c5030 Exception <a 'java/lang/ClassNotFoundException'{0x0000000089b331c8}: com/android/build/gradle/internal/api/BaseVariantOutputImplCustomizer> (0x0000000089b331c8) 
thrown [s\src\hotspot\share\classfile\systemDictionary.cpp, line 256]
Event: 9.987 Thread 0x000001e7fd3c5030 Exception <a 'java/lang/ClassNotFoundException'{0x0000000089b52738}: com/android/build/gradle/internal/api/ApkVariantOutputImplCustomizer> (0x0000000089b52738) 
thrown [s\src\hotspot\share\classfile\systemDictionary.cpp, line 256]
Event: 9.988 Thread 0x000001e7fd3c5030 Exception <a 'java/lang/ClassNotFoundException'{0x0000000089b6bf30}: com/android/build/gradle/internal/api/ApkVariantOutputImpl_DecoratedCustomizer> (0x0000000089b6bf30) 
thrown [s\src\hotspot\share\classfile\systemDictionary.cpp, line 256]
Event: 9.997 Thread 0x000001e7fd3c5030 Exception <a 'java/lang/NoClassDefFoundError'{0x0000000089a544b0}: org/jetbrains/kotlin/gradle/plugin/KotlinBasePluginWrapper> (0x0000000089a544b0) 
thrown [s\src\hotspot\share\classfile\systemDictionary.cpp, line 245]
Event: 10.145 Thread 0x000001e7fd3c5030 Implicit null exception at 0x000001e7eb267412 to 0x000001e7eb267ab4

VM Operations (20 events):
Event: 8.754 Executing VM operation: ICBufferFull
Event: 8.754 Executing VM operation: ICBufferFull done
Event: 8.815 Executing VM operation: G1CollectForAllocation
Event: 8.819 Executing VM operation: G1CollectForAllocation done
Event: 8.871 Executing VM operation: G1Concurrent
Event: 8.873 Executing VM operation: G1Concurrent done
Event: 8.894 Executing VM operation: G1Concurrent
Event: 8.895 Executing VM operation: G1Concurrent done
Event: 9.018 Executing VM operation: G1CollectForAllocation
Event: 9.022 Executing VM operation: G1CollectForAllocation done
Event: 9.059 Executing VM operation: G1CollectForAllocation
Event: 9.062 Executing VM operation: G1CollectForAllocation done
Event: 9.069 Executing VM operation: HandshakeAllThreads
Event: 9.069 Executing VM operation: HandshakeAllThreads done
Event: 9.980 Executing VM operation: ICBufferFull
Event: 9.981 Executing VM operation: ICBufferFull done
Event: 10.276 Executing VM operation: ICBufferFull
Event: 10.276 Executing VM operation: ICBufferFull done
Event: 10.371 Executing VM operation: HandshakeAllThreads
Event: 10.371 Executing VM operation: HandshakeAllThreads done

Events (20 events):
Event: 8.650 loading class javax/xml/stream/XMLStreamException
Event: 8.650 loading class javax/xml/stream/XMLStreamException done
Event: 8.667 loading class sun/reflect/annotation/AnnotationInvocationHandler$1
Event: 8.667 loading class sun/reflect/annotation/AnnotationInvocationHandler$1 done
Event: 8.774 loading class org/xml/sax/Locator
Event: 8.774 loading class org/xml/sax/Locator done
Event: 8.774 loading class org/xml/sax/SAXParseException
Event: 8.774 loading class org/xml/sax/SAXParseException done
Event: 8.776 loading class org/xml/sax/Attributes
Event: 8.776 loading class org/xml/sax/Attributes done
Event: 8.940 loading class java/beans/IntrospectionException
Event: 8.940 loading class java/beans/IntrospectionException done
Event: 9.284 loading class sun/reflect/generics/repository/FieldRepository
Event: 9.284 loading class sun/reflect/generics/repository/FieldRepository done
Event: 9.295 loading class jdk/internal/vm/annotation/ForceInline
Event: 9.295 loading class jdk/internal/vm/annotation/ForceInline done
Event: 9.341 loading class java/util/regex/Pattern$Caret
Event: 9.341 loading class java/util/regex/Pattern$Caret done
Event: 10.246 loading class java/util/zip/ZipOutputStream
Event: 10.247 loading class java/util/zip/ZipOutputStream done


Dynamic libraries:
0x00007ff6399f0000 - 0x00007ff6399fa000 	C:\Program Files\Android\Android Studio\jbr\bin\java.exe
0x00007ffb18890000 - 0x00007ffb18a88000 	C:\WINDOWS\SYSTEM32\ntdll.dll
0x00007ffb17aa0000 - 0x00007ffb17b5d000 	C:\WINDOWS\System32\KERNEL32.DLL
0x00007ffb16430000 - 0x00007ffb16726000 	C:\WINDOWS\System32\KERNELBASE.dll
0x00007ffb16330000 - 0x00007ffb16430000 	C:\WINDOWS\System32\ucrtbase.dll
0x00007ffaef3d0000 - 0x00007ffaef3e7000 	C:\Program Files\Android\Android Studio\jbr\bin\jli.dll
0x00007ffb0e9c0000 - 0x00007ffb0e9db000 	C:\Program Files\Android\Android Studio\jbr\bin\VCRUNTIME140.dll
0x00007ffb18240000 - 0x00007ffb183de000 	C:\WINDOWS\System32\USER32.dll
0x00007ffb16300000 - 0x00007ffb16322000 	C:\WINDOWS\System32\win32u.dll
0x00007ffb18400000 - 0x00007ffb1842c000 	C:\WINDOWS\System32\GDI32.dll
0x00007ffb161e0000 - 0x00007ffb162fa000 	C:\WINDOWS\System32\gdi32full.dll
0x00007ffafb390000 - 0x00007ffafb62a000 	C:\WINDOWS\WinSxS\amd64_microsoft.windows.common-controls_6595b64144ccf1df_6.0.19041.3636_none_60b6a03d71f818d5\COMCTL32.dll
0x00007ffb15fe0000 - 0x00007ffb1607d000 	C:\WINDOWS\System32\msvcp_win.dll
0x00007ffb184e0000 - 0x00007ffb1857e000 	C:\WINDOWS\System32\msvcrt.dll
0x00007ffb18160000 - 0x00007ffb18190000 	C:\WINDOWS\System32\IMM32.DLL
0x00007ffb10970000 - 0x00007ffb1097c000 	C:\Program Files\Android\Android Studio\jbr\bin\vcruntime140_1.dll
0x00007ffb05310000 - 0x00007ffb0539d000 	C:\Program Files\Android\Android Studio\jbr\bin\msvcp140.dll
0x00007ffac4fb0000 - 0x00007ffac5c1e000 	C:\Program Files\Android\Android Studio\jbr\bin\server\jvm.dll
0x00007ffb18430000 - 0x00007ffb184df000 	C:\WINDOWS\System32\ADVAPI32.dll
0x00007ffb18190000 - 0x00007ffb1822c000 	C:\WINDOWS\System32\sechost.dll
0x00007ffb185e0000 - 0x00007ffb18706000 	C:\WINDOWS\System32\RPCRT4.dll
0x00007ffb0e040000 - 0x00007ffb0e04a000 	C:\WINDOWS\SYSTEM32\VERSION.dll
0x00007ffb109c0000 - 0x00007ffb109c9000 	C:\WINDOWS\SYSTEM32\WSOCK32.dll
0x00007ffafbb70000 - 0x00007ffafbb97000 	C:\WINDOWS\SYSTEM32\WINMM.dll
0x00007ffb18710000 - 0x00007ffb1877b000 	C:\WINDOWS\System32\WS2_32.dll
0x00007ffb14780000 - 0x00007ffb14792000 	C:\WINDOWS\SYSTEM32\kernel.appcore.dll
0x00007ffb082b0000 - 0x00007ffb082ba000 	C:\Program Files\Android\Android Studio\jbr\bin\jimage.dll
0x00007ffb13d00000 - 0x00007ffb13ee4000 	C:\WINDOWS\SYSTEM32\DBGHELP.DLL
0x00007ffb0d180000 - 0x00007ffb0d1b4000 	C:\WINDOWS\SYSTEM32\dbgcore.DLL
0x00007ffb16830000 - 0x00007ffb168b2000 	C:\WINDOWS\System32\bcryptPrimitives.dll
0x00007ffaf4460000 - 0x00007ffaf4485000 	C:\Program Files\Android\Android Studio\jbr\bin\java.dll
0x00007ffaf9990000 - 0x00007ffaf99a8000 	C:\Program Files\Android\Android Studio\jbr\bin\zip.dll
0x00007ffb168f0000 - 0x00007ffb17034000 	C:\WINDOWS\System32\SHELL32.dll
0x00007ffb13f10000 - 0x00007ffb146ab000 	C:\WINDOWS\SYSTEM32\windows.storage.dll
0x00007ffb17740000 - 0x00007ffb17a94000 	C:\WINDOWS\System32\combase.dll
0x00007ffb158e0000 - 0x00007ffb1590d000 	C:\WINDOWS\SYSTEM32\Wldp.dll
0x00007ffb17b60000 - 0x00007ffb17c0d000 	C:\WINDOWS\System32\SHCORE.dll
0x00007ffb17040000 - 0x00007ffb17095000 	C:\WINDOWS\System32\shlwapi.dll
0x00007ffb15ea0000 - 0x00007ffb15ec5000 	C:\WINDOWS\SYSTEM32\profapi.dll
0x00007ffaf42e0000 - 0x00007ffaf42f9000 	C:\Program Files\Android\Android Studio\jbr\bin\net.dll
0x00007ffb0bf40000 - 0x00007ffb0c04a000 	C:\WINDOWS\SYSTEM32\WINHTTP.dll
0x00007ffb15640000 - 0x00007ffb156aa000 	C:\WINDOWS\system32\mswsock.dll
0x00007ffaf3be0000 - 0x00007ffaf3bf6000 	C:\Program Files\Android\Android Studio\jbr\bin\nio.dll
0x00007ffb081f0000 - 0x00007ffb08200000 	C:\Program Files\Android\Android Studio\jbr\bin\verify.dll
0x00007ffaf99b0000 - 0x00007ffaf99d7000 	C:\Users\jupi0\.gradle\native\68d5fa5c4cc2d200863cafc0d521ce42e7d3e7ee720ec0a83991735586a16f82\windows-amd64\native-platform.dll
0x00007ffadc6c0000 - 0x00007ffadc804000 	C:\Users\jupi0\.gradle\native\e376f236ea51e6404a007f0833ffe2c6e607c4080706a723a18a27aeea778392\windows-amd64\native-platform-file-events.dll
0x00007ffb03310000 - 0x00007ffb03319000 	C:\Program Files\Android\Android Studio\jbr\bin\management.dll
0x00007ffafd5f0000 - 0x00007ffafd5fb000 	C:\Program Files\Android\Android Studio\jbr\bin\management_ext.dll
0x00007ffb17c10000 - 0x00007ffb17c18000 	C:\WINDOWS\System32\PSAPI.DLL
0x00007ffb15830000 - 0x00007ffb15848000 	C:\WINDOWS\SYSTEM32\CRYPTSP.dll
0x00007ffb14f30000 - 0x00007ffb14f64000 	C:\WINDOWS\system32\rsaenh.dll
0x00007ffb168c0000 - 0x00007ffb168e7000 	C:\WINDOWS\System32\bcrypt.dll
0x00007ffb15e60000 - 0x00007ffb15e8e000 	C:\WINDOWS\SYSTEM32\USERENV.dll
0x00007ffb15850000 - 0x00007ffb1585c000 	C:\WINDOWS\SYSTEM32\CRYPTBASE.dll
0x00007ffb15330000 - 0x00007ffb1536b000 	C:\WINDOWS\SYSTEM32\IPHLPAPI.DLL
0x00007ffb18230000 - 0x00007ffb18238000 	C:\WINDOWS\System32\NSI.dll
0x00007ffb0b960000 - 0x00007ffb0b977000 	C:\WINDOWS\SYSTEM32\dhcpcsvc6.DLL
0x00007ffb0dcb0000 - 0x00007ffb0dccd000 	C:\WINDOWS\SYSTEM32\dhcpcsvc.DLL
0x00007ffb15370000 - 0x00007ffb1543a000 	C:\WINDOWS\SYSTEM32\DNSAPI.dll
0x00007ffafd050000 - 0x00007ffafd057000 	C:\WINDOWS\system32\wshunix.dll

dbghelp: loaded successfully - version: 4.0.5 - missing functions: none
symbol engine: initialized successfully - sym options: 0x614 - pdb path: .;C:\Program Files\Android\Android Studio\jbr\bin;C:\WINDOWS\SYSTEM32;C:\WINDOWS\WinSxS\amd64_microsoft.windows.common-controls_6595b64144ccf1df_6.0.19041.3636_none_60b6a03d71f818d5;C:\Program Files\Android\Android Studio\jbr\bin\server;C:\Users\jupi0\.gradle\native\68d5fa5c4cc2d200863cafc0d521ce42e7d3e7ee720ec0a83991735586a16f82\windows-amd64;C:\Users\jupi0\.gradle\native\e376f236ea51e6404a007f0833ffe2c6e607c4080706a723a18a27aeea778392\windows-amd64

VM Arguments:
jvm_args: --add-opens=java.base/java.util=ALL-UNNAMED --add-opens=java.base/java.lang=ALL-UNNAMED --add-opens=java.base/java.lang.invoke=ALL-UNNAMED --add-opens=java.prefs/java.util.prefs=ALL-UNNAMED --add-opens=java.base/java.nio.charset=ALL-UNNAMED --add-opens=java.base/java.net=ALL-UNNAMED --add-opens=java.base/java.util.concurrent.atomic=ALL-UNNAMED -Xmx2048m -Dfile.encoding=UTF-8 -Duser.country=KR -Duser.language=ko -Duser.variant 
java_command: org.gradle.launcher.daemon.bootstrap.GradleDaemon 8.0
java_class_path (initial): C:\Users\jupi0\.gradle\wrapper\dists\gradle-8.0-bin\ca5e32bp14vu59qr306oxotwh\gradle-8.0\lib\gradle-launcher-8.0.jar
Launcher Type: SUN_STANDARD

[Global flags]
     intx CICompilerCount                          = 4                                         {product} {ergonomic}
     uint ConcGCThreads                            = 2                                         {product} {ergonomic}
     uint G1ConcRefinementThreads                  = 8                                         {product} {ergonomic}
   size_t G1HeapRegionSize                         = 1048576                                   {product} {ergonomic}
    uintx GCDrainStackTargetSize                   = 64                                        {product} {ergonomic}
   size_t InitialHeapSize                          = 134217728                                 {product} {ergonomic}
   size_t MarkStackSize                            = 4194304                                   {product} {ergonomic}
   size_t MaxHeapSize                              = 2147483648                                {product} {command line}
   size_t MaxNewSize                               = 1287651328                                {product} {ergonomic}
   size_t MinHeapDeltaBytes                        = 1048576                                   {product} {ergonomic}
   size_t MinHeapSize                              = 8388608                                   {product} {ergonomic}
    uintx NonNMethodCodeHeapSize                   = 5839372                                {pd product} {ergonomic}
    uintx NonProfiledCodeHeapSize                  = 122909434                              {pd product} {ergonomic}
    uintx ProfiledCodeHeapSize                     = 122909434                              {pd product} {ergonomic}
    uintx ReservedCodeCacheSize                    = 251658240                              {pd product} {ergonomic}
     bool SegmentedCodeCache                       = true                                      {product} {ergonomic}
   size_t SoftMaxHeapSize                          = 2147483648                             {manageable} {ergonomic}
     bool UseCompressedClassPointers               = true                           {product lp64_product} {ergonomic}
     bool UseCompressedOops                        = true                           {product lp64_product} {ergonomic}
     bool UseG1GC                                  = true                                      {product} {ergonomic}
     bool UseLargePagesIndividualAllocation        = false                                  {pd product} {ergonomic}

Logging:
Log output configuration:
 #0: stdout all=warning uptime,level,tags
 #1: stderr all=off uptime,level,tags

Environment Variables:
JAVA_HOME=C:\Program Files\Java\jdk1.8.0_161
PATH=C:\Program Files\Common Files\Oracle\Java\javapath;C:\Program Files (x86)\Intel\iCLS Client\;C:\Program Files\Intel\iCLS Client\;C:\ProgramData\Oracle\Java\javapath;C:\WINDOWS\system32;C:\WINDOWS;C:\WINDOWS\System32\Wbem;C:\WINDOWS\System32\WindowsPowerShell\v1.0\;C:\Program Files (x86)\Windows Live\Shared;C:\Program Files\Java\jdk1.8.0_161\bin;;C:\Program Files (x86)\Common Files\Teruten\DSFilter;C:\WINDOWS\System32\OpenSSH\;C:\Program Files (x86)\Intel\Intel(R) Management Engine Components\DAL;C:\Program Files\Intel\Intel(R) Management Engine Components\DAL;C:\Program Files (x86)\Intel\Intel(R) Management Engine Components\IPT;C:\Program Files\Intel\Intel(R) Management Engine Components\IPT;C:\Program Files (x86)\NVIDIA Corporation\PhysX\Common;C:\WINDOWS\system32;C:\WINDOWS;C:\WINDOWS\System32\Wbem;C:\WINDOWS\System32\WindowsPowerShell\v1.0\;C:\WINDOWS\System32\OpenSSH\;C:\Program Files\NVIDIA Corporation\NVIDIA NvDLISR;C:\Users\jupi0\AppData\Local\Programs\Python\Python38\Scripts\;C:\Users\jupi0\AppData\Local\Programs\Python\Python38\;C:\Users\jupi0\AppData\Local\Programs\Python\Python36\Scripts\;C:\Users\jupi0\AppData\Local\Programs\Python\Python36\;C:\Python36;C:\Users\jupi0\AppData\Local\Microsoft\WindowsApps;C:\Program Files\Bandizip\;;C:\Users\jupi0\AppData\Local\Programs\Microsoft VS Code\bin;C:\Program Files\JetBrains\PyCharm Community Edition 2023.2.1\bin;
USERNAME=jupi0
OS=Windows_NT
PROCESSOR_IDENTIFIER=Intel64 Family 6 Model 158 Stepping 9, GenuineIntel
TMP=C:\Users\jupi0\AppData\Local\Temp
TEMP=C:\Users\jupi0\AppData\Local\Temp


JNI global refs:
JNI global refs: 26, weak refs: 5

JNI global refs memory usage: 843, weak refs: 841


---------------  S Y S T E M  ---------------

OS:
 Windows 10 , 64 bit Build 19041 (10.0.19041.3636)
OS uptime: 14 days 21:50 hours
Hyper-V role detected

CPU: total 8 (initial active 8) (4 cores per cpu, 2 threads per core) family 6 model 158 stepping 9 microcode 0xb4, cx8, cmov, fxsr, ht, mmx, 3dnowpref, sse, sse2, sse3, ssse3, sse4.1, sse4.2, popcnt, lzcnt, tsc, tscinvbit, avx, avx2, aes, erms, clmul, bmi1, bmi2, adx, fma, vzeroupper, clflush, clflushopt, hv

Memory: 4k page, system-wide physical 8084M (360M free)
TotalPageFile size 30858M (AvailPageFile size 6M)
current process WorkingSet (physical memory assigned to process): 401M, peak: 403M
current process commit charge ("private bytes"): 471M, peak: 474M

vm_info: OpenJDK 64-Bit Server VM (17.0.6+0-b2043.56-10027231) for windows-amd64 JRE (17.0.6+0-b2043.56-10027231), built on Apr 28 2023 00:43:19 by "androidbuild" with MS VC++ 16.10 / 16.11 (VS2019)

END.
