#
# There is insufficient memory for the Java Runtime Environment to continue.
# Native memory allocation (mmap) failed to map 22020096 bytes for G1 virtual space
# Possible reasons:
#   The system is out of physical RAM or swap space
#   The process is running with CompressedOops enabled, and the Java Heap may be blocking the growth of the native heap
# Possible solutions:
#   Reduce memory load on the system
#   Increase physical memory or swap space
#   Check if swap backing store is full
#   Decrease Java heap size (-Xmx/-Xms)
#   Decrease number of Java threads
#   Decrease Java thread stack sizes (-Xss)
#   Set larger code cache with -XX:ReservedCodeCacheSize=
#   JVM is running with Unscaled Compressed Oops mode in which the Java heap is
#     placed in the first 4GB address space. The Java Heap base address is the
#     maximum limit for the native heap growth. Please use -XX:HeapBaseMinAddress
#     to set the Java Heap base and to place the Java Heap above 4GB virtual address.
# This output file may be truncated or incomplete.
#
#  Out of Memory Error (os_windows.cpp:3769), pid=18172, tid=1668
#
# JRE version: OpenJDK Runtime Environment (17.0.6) (build 17.0.6+0-b2043.56-10027231)
# Java VM: OpenJDK 64-Bit Server VM (17.0.6+0-b2043.56-10027231, mixed mode, tiered, compressed oops, compressed class ptrs, g1 gc, windows-amd64)
# No core dump will be written. Minidumps are not enabled by default on client versions of Windows
#

---------------  S U M M A R Y ------------

Command Line: --add-opens=java.base/java.util=ALL-UNNAMED --add-opens=java.base/java.lang=ALL-UNNAMED --add-opens=java.base/java.lang.invoke=ALL-UNNAMED --add-opens=java.prefs/java.util.prefs=ALL-UNNAMED --add-opens=java.base/java.nio.charset=ALL-UNNAMED --add-opens=java.base/java.net=ALL-UNNAMED --add-opens=java.base/java.util.concurrent.atomic=ALL-UNNAMED -Xmx2048m -Dfile.encoding=UTF-8 -Duser.country=KR -Duser.language=ko -Duser.variant org.gradle.launcher.daemon.bootstrap.GradleDaemon 8.0

Host: Intel(R) Core(TM) i7-7700HQ CPU @ 2.80GHz, 8 cores, 7G,  Windows 10 , 64 bit Build 19041 (10.0.19041.3636)
Time: Wed Dec 13 13:05:34 2023  Windows 10 , 64 bit Build 19041 (10.0.19041.3636) elapsed time: 9.387150 seconds (0d 0h 0m 9s)

---------------  T H R E A D  ---------------

Current thread (0x0000018ee1bd9540):  VMThread "VM Thread" [stack: 0x000000554bb00000,0x000000554bc00000] [id=1668]

Stack: [0x000000554bb00000,0x000000554bc00000]
Native frames: (J=compiled Java code, j=interpreted, Vv=VM code, C=native code)
V  [jvm.dll+0x683c9a]
V  [jvm.dll+0x8427a4]
V  [jvm.dll+0x843f9e]
V  [jvm.dll+0x844603]
V  [jvm.dll+0x249b75]
V  [jvm.dll+0x680b69]
V  [jvm.dll+0x67505a]
V  [jvm.dll+0x309acb]
V  [jvm.dll+0x310f86]
V  [jvm.dll+0x3608ee]
V  [jvm.dll+0x360b1f]
V  [jvm.dll+0x2dfbf8]
V  [jvm.dll+0x2ddec4]
V  [jvm.dll+0x2dd4cc]
V  [jvm.dll+0x321f3b]
V  [jvm.dll+0x848ccb]
V  [jvm.dll+0x849a04]
V  [jvm.dll+0x849f1d]
V  [jvm.dll+0x84a2f4]
V  [jvm.dll+0x84a3c0]
V  [jvm.dll+0x7f274a]
V  [jvm.dll+0x682ad5]
C  [ucrtbase.dll+0x21bb2]
C  [KERNEL32.DLL+0x17344]
C  [ntdll.dll+0x526b1]

VM_Operation (0x000000554d4f5730): G1CollectForAllocation, mode: safepoint, requested by thread 0x0000018ee546d8b0


---------------  P R O C E S S  ---------------

Threads class SMR info:
_java_thread_list=0x0000018eea81cb60, length=127, elements={
0x0000018ec7dcbf10, 0x0000018ee1c56620, 0x0000018ee2800680, 0x0000018ee283c420,
0x0000018ee283cde0, 0x0000018ee2817ef0, 0x0000018ee28187b0, 0x0000018ee1c5d120,
0x0000018ee1c5da20, 0x0000018ee2879000, 0x0000018ee29c2040, 0x0000018ee29c2920,
0x0000018ee3ec6ec0, 0x0000018ee3cbb520, 0x0000018ee544b160, 0x0000018ee3f537c0,
0x0000018ee426e490, 0x0000018ee357f1c0, 0x0000018ee39cf0c0, 0x0000018ee546d8b0,
0x0000018ee4cda570, 0x0000018ee4f6db90, 0x0000018ee4f6e060, 0x0000018ee4f70210,
0x0000018ee4f6e530, 0x0000018ee4f6f3a0, 0x0000018ee4c7d050, 0x0000018ee4f706e0,
0x0000018ee4f70bb0, 0x0000018ee4f71080, 0x0000018ee4f6d6c0, 0x0000018ee77bdcd0,
0x0000018ee77c2ea0, 0x0000018ee77beb40, 0x0000018ee77bfe80, 0x0000018ee77c11c0,
0x0000018ee77c3370, 0x0000018ee77be670, 0x0000018ee77bf4e0, 0x0000018ee77c29d0,
0x0000018ee77c4b80, 0x0000018ee77c5050, 0x0000018ee77be1a0, 0x0000018ee77bd800,
0x0000018ee77bf9b0, 0x0000018ee77c0350, 0x0000018ee77c41e0, 0x0000018ee5978a80,
0x0000018ee597bf70, 0x0000018ee597d2b0, 0x0000018ee5978f50, 0x0000018ee597a760,
0x0000018ee597c440, 0x0000018ee59798f0, 0x0000018ee597baa0, 0x0000018ee5979dc0,
0x0000018ee5976da0, 0x0000018ee597c910, 0x0000018ee597b5d0, 0x0000018ee597a290,
0x0000018ee597cde0, 0x0000018ee597dc50, 0x0000018ee597d780, 0x0000018ee597e5f0,
0x0000018ee597e120, 0x0000018ee597ac30, 0x0000018ee5979420, 0x0000018ee5977270,
0x0000018ee5977740, 0x0000018ee5977c10, 0x0000018ee59780e0, 0x0000018ee597b100,
0x0000018ee59785b0, 0x0000018ee6eae6e0, 0x0000018ee6eb1bd0, 0x0000018ee6eb1230,
0x0000018ee6eb1700, 0x0000018ee6eac060, 0x0000018ee6eaebb0, 0x0000018ee6eac530,
0x0000018ee6eaca00, 0x0000018ee6eaf080, 0x0000018ee6eaf550, 0x0000018ee6eaced0,
0x0000018ee6ead3a0, 0x0000018ee6eb03c0, 0x0000018ee6eb0d60, 0x0000018ee6eb2f10,
0x0000018ee6eafa20, 0x0000018ee6ead870, 0x0000018ee6eadd40, 0x0000018ee6eae210,
0x0000018ee6eb2570, 0x0000018ee6eafef0, 0x0000018ee6eb0890, 0x0000018ee6eb20a0,
0x0000018ee6eb2a40, 0x0000018ee6eb33e0, 0x0000018ee6eb38b0, 0x0000018ee28eb400,
0x0000018ee28e9720, 0x0000018ee28e9250, 0x0000018ee28eb8d0, 0x0000018ee28ebda0,
0x0000018ee28ec270, 0x0000018ee28e8d80, 0x0000018ee28e9bf0, 0x0000018ee28ec740,
0x0000018ee28eaa60, 0x0000018ee28ea0c0, 0x0000018ee28ea590, 0x0000018ee28eaf30,
0x0000018ee30eea00, 0x0000018ee30f1550, 0x0000018ee30f2d60, 0x0000018ee30ef870,
0x0000018ee30f0bb0, 0x0000018ee30f3230, 0x0000018ee30f3700, 0x0000018ee30f4f10,
0x0000018ee30eeed0, 0x0000018ee30f06e0, 0x0000018ee30f1080, 0x0000018ee30f1a20,
0x0000018ee30f53e0, 0x0000018ee30f2890, 0x0000018ee30efd40
}

Java Threads: ( => current thread )
  0x0000018ec7dcbf10 JavaThread "main" [_thread_blocked, id=19172, stack(0x000000554b500000,0x000000554b600000)]
  0x0000018ee1c56620 JavaThread "Reference Handler" daemon [_thread_blocked, id=23540, stack(0x000000554bc00000,0x000000554bd00000)]
  0x0000018ee2800680 JavaThread "Finalizer" daemon [_thread_blocked, id=22116, stack(0x000000554bd00000,0x000000554be00000)]
  0x0000018ee283c420 JavaThread "Signal Dispatcher" daemon [_thread_blocked, id=21456, stack(0x000000554be00000,0x000000554bf00000)]
  0x0000018ee283cde0 JavaThread "Attach Listener" daemon [_thread_blocked, id=23252, stack(0x000000554bf00000,0x000000554c000000)]
  0x0000018ee2817ef0 JavaThread "Service Thread" daemon [_thread_blocked, id=1304, stack(0x000000554c000000,0x000000554c100000)]
  0x0000018ee28187b0 JavaThread "Monitor Deflation Thread" daemon [_thread_blocked, id=17312, stack(0x000000554c100000,0x000000554c200000)]
  0x0000018ee1c5d120 JavaThread "C2 CompilerThread0" daemon [_thread_blocked, id=20632, stack(0x000000554c200000,0x000000554c300000)]
  0x0000018ee1c5da20 JavaThread "C1 CompilerThread0" daemon [_thread_blocked, id=16412, stack(0x000000554c300000,0x000000554c400000)]
  0x0000018ee2879000 JavaThread "Sweeper thread" daemon [_thread_blocked, id=19952, stack(0x000000554c400000,0x000000554c500000)]
  0x0000018ee29c2040 JavaThread "Common-Cleaner" daemon [_thread_blocked, id=9264, stack(0x000000554c500000,0x000000554c600000)]
  0x0000018ee29c2920 JavaThread "Notification Thread" daemon [_thread_blocked, id=4128, stack(0x000000554c600000,0x000000554c700000)]
  0x0000018ee3ec6ec0 JavaThread "Daemon health stats" [_thread_blocked, id=21916, stack(0x000000554ce00000,0x000000554cf00000)]
  0x0000018ee3cbb520 JavaThread "Incoming local TCP Connector on port 11750" [_thread_in_native, id=13512, stack(0x000000554c800000,0x000000554c900000)]
  0x0000018ee544b160 JavaThread "Daemon periodic checks" [_thread_blocked, id=22304, stack(0x000000554cd00000,0x000000554ce00000)]
  0x0000018ee3f537c0 JavaThread "C2 CompilerThread1" daemon [_thread_blocked, id=7032, stack(0x000000554cf00000,0x000000554d000000)]
  0x0000018ee426e490 JavaThread "Daemon" [_thread_blocked, id=12736, stack(0x000000554d100000,0x000000554d200000)]
  0x0000018ee357f1c0 JavaThread "Handler for socket connection from /127.0.0.1:11750 to /127.0.0.1:11751" [_thread_in_native, id=6188, stack(0x000000554d200000,0x000000554d300000)]
  0x0000018ee39cf0c0 JavaThread "Cancel handler" [_thread_blocked, id=20920, stack(0x000000554d300000,0x000000554d400000)]
  0x0000018ee546d8b0 JavaThread "Daemon worker" [_thread_blocked, id=4504, stack(0x000000554d400000,0x000000554d500000)]
  0x0000018ee4cda570 JavaThread "Asynchronous log dispatcher for DefaultDaemonConnection: socket connection from /127.0.0.1:11750 to /127.0.0.1:11751" [_thread_blocked, id=12312, stack(0x000000554d500000,0x000000554d600000)]
  0x0000018ee4f6db90 JavaThread "Stdin handler" [_thread_blocked, id=7220, stack(0x000000554d600000,0x000000554d700000)]
  0x0000018ee4f6e060 JavaThread "Daemon client event forwarder" [_thread_blocked, id=19568, stack(0x000000554d700000,0x000000554d800000)]
  0x0000018ee4f70210 JavaThread "Cache worker for journal cache (C:\Users\jupi0\.gradle\caches\journal-1)" [_thread_blocked, id=22376, stack(0x000000554dc00000,0x000000554dd00000)]
  0x0000018ee4f6e530 JavaThread "File lock request listener" [_thread_in_native, id=16940, stack(0x000000554dd00000,0x000000554de00000)]
  0x0000018ee4f6f3a0 JavaThread "Cache worker for file hash cache (C:\Users\jupi0\.gradle\caches\8.0\fileHashes)" [_thread_blocked, id=9420, stack(0x000000554d000000,0x000000554d100000)]
  0x0000018ee4c7d050 JavaThread "C2 CompilerThread2" daemon [_thread_blocked, id=20304, stack(0x000000554de00000,0x000000554df00000)]
  0x0000018ee4f706e0 JavaThread "File watcher server" daemon [_thread_in_native, id=17748, stack(0x000000554df00000,0x000000554e000000)]
  0x0000018ee4f70bb0 JavaThread "File watcher consumer" daemon [_thread_blocked, id=18604, stack(0x000000554e000000,0x000000554e100000)]
  0x0000018ee4f71080 JavaThread "Cache worker for checksums cache (C:\Users\jupi0\AndroidStudioProjects\Capstone_2\.gradle\8.0\checksums)" [_thread_blocked, id=10324, stack(0x000000554e100000,0x000000554e200000)]
  0x0000018ee4f6d6c0 JavaThread "Cache worker for cache directory md-rule (C:\Users\jupi0\.gradle\caches\8.0\md-rule)" [_thread_blocked, id=23336, stack(0x000000554e200000,0x000000554e300000)]
  0x0000018ee77bdcd0 JavaThread "Cache worker for file content cache (C:\Users\jupi0\.gradle\caches\8.0\fileContent)" [_thread_blocked, id=5752, stack(0x000000554e300000,0x000000554e400000)]
  0x0000018ee77c2ea0 JavaThread "Cache worker for file hash cache (C:\Users\jupi0\AndroidStudioProjects\Capstone_2\.gradle\8.0\fileHashes)" [_thread_blocked, id=10644, stack(0x000000554e400000,0x000000554e500000)]
  0x0000018ee77beb40 JavaThread "Cache worker for cache directory md-supplier (C:\Users\jupi0\.gradle\caches\8.0\md-supplier)" [_thread_blocked, id=21508, stack(0x000000554e500000,0x000000554e600000)]
  0x0000018ee77bfe80 JavaThread "Cache worker for execution history cache (C:\Users\jupi0\.gradle\caches\8.0\executionHistory)" [_thread_blocked, id=8092, stack(0x000000554e600000,0x000000554e700000)]
  0x0000018ee77c11c0 JavaThread "jar transforms" [_thread_blocked, id=16092, stack(0x000000554e700000,0x000000554e800000)]
  0x0000018ee77c3370 JavaThread "jar transforms Thread 2" [_thread_blocked, id=20744, stack(0x000000554e800000,0x000000554e900000)]
  0x0000018ee77be670 JavaThread "jar transforms Thread 3" [_thread_blocked, id=4844, stack(0x000000554ea00000,0x000000554eb00000)]
  0x0000018ee77bf4e0 JavaThread "jar transforms Thread 4" [_thread_blocked, id=1760, stack(0x000000554eb00000,0x000000554ec00000)]
  0x0000018ee77c29d0 JavaThread "Cache worker for dependencies-accessors (C:\Users\jupi0\AndroidStudioProjects\Capstone_2\.gradle\8.0\dependencies-accessors)" [_thread_blocked, id=18472, stack(0x000000554ec00000,0x000000554ed00000)]
  0x0000018ee77c4b80 JavaThread "jar transforms Thread 5" [_thread_blocked, id=6180, stack(0x000000554ed00000,0x000000554ee00000)]
  0x0000018ee77c5050 JavaThread "Cache worker for Build Output Cleanup Cache (C:\Users\jupi0\AndroidStudioProjects\Capstone_2\.gradle\buildOutputCleanup)" [_thread_blocked, id=10600, stack(0x000000554ee00000,0x000000554ef00000)]
  0x0000018ee77be1a0 JavaThread "Unconstrained build operations" [_thread_blocked, id=4624, stack(0x000000554ef00000,0x000000554f000000)]
  0x0000018ee77bd800 JavaThread "Unconstrained build operations Thread 2" [_thread_blocked, id=10260, stack(0x000000554f000000,0x000000554f100000)]
  0x0000018ee77bf9b0 JavaThread "Unconstrained build operations Thread 3" [_thread_blocked, id=22700, stack(0x000000554f100000,0x000000554f200000)]
  0x0000018ee77c0350 JavaThread "Unconstrained build operations Thread 4" [_thread_blocked, id=11816, stack(0x000000554f200000,0x000000554f300000)]
  0x0000018ee77c41e0 JavaThread "Unconstrained build operations Thread 5" [_thread_blocked, id=18836, stack(0x000000554f300000,0x000000554f400000)]
  0x0000018ee5978a80 JavaThread "Unconstrained build operations Thread 6" [_thread_blocked, id=23452, stack(0x000000554f400000,0x000000554f500000)]
  0x0000018ee597bf70 JavaThread "Unconstrained build operations Thread 7" [_thread_blocked, id=14872, stack(0x000000554f500000,0x000000554f600000)]
  0x0000018ee597d2b0 JavaThread "Unconstrained build operations Thread 8" [_thread_blocked, id=18016, stack(0x000000554f600000,0x000000554f700000)]
  0x0000018ee5978f50 JavaThread "Unconstrained build operations Thread 9" [_thread_blocked, id=2448, stack(0x000000554f700000,0x000000554f800000)]
  0x0000018ee597a760 JavaThread "Unconstrained build operations Thread 10" [_thread_blocked, id=20340, stack(0x000000554f800000,0x000000554f900000)]
  0x0000018ee597c440 JavaThread "Unconstrained build operations Thread 11" [_thread_blocked, id=20544, stack(0x000000554f900000,0x000000554fa00000)]
  0x0000018ee59798f0 JavaThread "Unconstrained build operations Thread 12" [_thread_blocked, id=21600, stack(0x000000554fa00000,0x000000554fb00000)]
  0x0000018ee597baa0 JavaThread "Unconstrained build operations Thread 13" [_thread_blocked, id=17308, stack(0x000000554fb00000,0x000000554fc00000)]
  0x0000018ee5979dc0 JavaThread "Unconstrained build operations Thread 14" [_thread_blocked, id=5712, stack(0x000000554fc00000,0x000000554fd00000)]
  0x0000018ee5976da0 JavaThread "Unconstrained build operations Thread 15" [_thread_blocked, id=22324, stack(0x000000554fd00000,0x000000554fe00000)]
  0x0000018ee597c910 JavaThread "Unconstrained build operations Thread 16" [_thread_blocked, id=20768, stack(0x000000554fe00000,0x000000554ff00000)]
  0x0000018ee597b5d0 JavaThread "Unconstrained build operations Thread 17" [_thread_blocked, id=3680, stack(0x000000554ff00000,0x0000005550000000)]
  0x0000018ee597a290 JavaThread "Unconstrained build operations Thread 18" [_thread_blocked, id=5212, stack(0x0000005550000000,0x0000005550100000)]
  0x0000018ee597cde0 JavaThread "Unconstrained build operations Thread 19" [_thread_blocked, id=19276, stack(0x0000005550100000,0x0000005550200000)]
  0x0000018ee597dc50 JavaThread "Unconstrained build operations Thread 20" [_thread_blocked, id=5128, stack(0x0000005550200000,0x0000005550300000)]
  0x0000018ee597d780 JavaThread "Unconstrained build operations Thread 21" [_thread_blocked, id=23192, stack(0x0000005550300000,0x0000005550400000)]
  0x0000018ee597e5f0 JavaThread "Unconstrained build operations Thread 22" [_thread_blocked, id=19544, stack(0x0000005550400000,0x0000005550500000)]
  0x0000018ee597e120 JavaThread "Unconstrained build operations Thread 23" [_thread_blocked, id=22408, stack(0x0000005550500000,0x0000005550600000)]
  0x0000018ee597ac30 JavaThread "Unconstrained build operations Thread 24" [_thread_blocked, id=14920, stack(0x0000005550600000,0x0000005550700000)]
  0x0000018ee5979420 JavaThread "Unconstrained build operations Thread 25" [_thread_blocked, id=22876, stack(0x0000005550700000,0x0000005550800000)]
  0x0000018ee5977270 JavaThread "Unconstrained build operations Thread 26" [_thread_blocked, id=9524, stack(0x0000005550800000,0x0000005550900000)]
  0x0000018ee5977740 JavaThread "Unconstrained build operations Thread 27" [_thread_blocked, id=6212, stack(0x0000005550900000,0x0000005550a00000)]
  0x0000018ee5977c10 JavaThread "Unconstrained build operations Thread 28" [_thread_blocked, id=3180, stack(0x0000005550a00000,0x0000005550b00000)]
  0x0000018ee59780e0 JavaThread "Unconstrained build operations Thread 29" [_thread_blocked, id=4788, stack(0x0000005550b00000,0x0000005550c00000)]
  0x0000018ee597b100 JavaThread "Unconstrained build operations Thread 30" [_thread_blocked, id=14008, stack(0x0000005550c00000,0x0000005550d00000)]
  0x0000018ee59785b0 JavaThread "Unconstrained build operations Thread 31" [_thread_blocked, id=17372, stack(0x0000005550d00000,0x0000005550e00000)]
  0x0000018ee6eae6e0 JavaThread "Unconstrained build operations Thread 32" [_thread_blocked, id=14804, stack(0x0000005550e00000,0x0000005550f00000)]
  0x0000018ee6eb1bd0 JavaThread "Unconstrained build operations Thread 33" [_thread_blocked, id=1644, stack(0x0000005550f00000,0x0000005551000000)]
  0x0000018ee6eb1230 JavaThread "Unconstrained build operations Thread 34" [_thread_blocked, id=14220, stack(0x0000005551000000,0x0000005551100000)]
  0x0000018ee6eb1700 JavaThread "Unconstrained build operations Thread 35" [_thread_blocked, id=4932, stack(0x0000005551100000,0x0000005551200000)]
  0x0000018ee6eac060 JavaThread "Unconstrained build operations Thread 36" [_thread_blocked, id=20540, stack(0x0000005551200000,0x0000005551300000)]
  0x0000018ee6eaebb0 JavaThread "Unconstrained build operations Thread 37" [_thread_blocked, id=11856, stack(0x0000005551300000,0x0000005551400000)]
  0x0000018ee6eac530 JavaThread "Unconstrained build operations Thread 38" [_thread_blocked, id=17284, stack(0x0000005551400000,0x0000005551500000)]
  0x0000018ee6eaca00 JavaThread "Unconstrained build operations Thread 39" [_thread_blocked, id=8880, stack(0x0000005551500000,0x0000005551600000)]
  0x0000018ee6eaf080 JavaThread "Unconstrained build operations Thread 40" [_thread_blocked, id=19180, stack(0x0000005551600000,0x0000005551700000)]
  0x0000018ee6eaf550 JavaThread "Unconstrained build operations Thread 41" [_thread_blocked, id=19076, stack(0x0000005551700000,0x0000005551800000)]
  0x0000018ee6eaced0 JavaThread "Unconstrained build operations Thread 42" [_thread_blocked, id=16960, stack(0x0000005551800000,0x0000005551900000)]
  0x0000018ee6ead3a0 JavaThread "Unconstrained build operations Thread 43" [_thread_blocked, id=20808, stack(0x0000005551900000,0x0000005551a00000)]
  0x0000018ee6eb03c0 JavaThread "Unconstrained build operations Thread 44" [_thread_blocked, id=22624, stack(0x0000005551a00000,0x0000005551b00000)]
  0x0000018ee6eb0d60 JavaThread "Unconstrained build operations Thread 45" [_thread_blocked, id=22260, stack(0x0000005551b00000,0x0000005551c00000)]
  0x0000018ee6eb2f10 JavaThread "Unconstrained build operations Thread 46" [_thread_blocked, id=19960, stack(0x0000005551c00000,0x0000005551d00000)]
  0x0000018ee6eafa20 JavaThread "Unconstrained build operations Thread 47" [_thread_blocked, id=18176, stack(0x0000005551d00000,0x0000005551e00000)]
  0x0000018ee6ead870 JavaThread "Unconstrained build operations Thread 48" [_thread_blocked, id=6224, stack(0x0000005551e00000,0x0000005551f00000)]
  0x0000018ee6eadd40 JavaThread "Unconstrained build operations Thread 49" [_thread_blocked, id=19372, stack(0x0000005551f00000,0x0000005552000000)]
  0x0000018ee6eae210 JavaThread "Unconstrained build operations Thread 50" [_thread_blocked, id=5544, stack(0x0000005552000000,0x0000005552100000)]
  0x0000018ee6eb2570 JavaThread "Unconstrained build operations Thread 51" [_thread_blocked, id=4008, stack(0x0000005552100000,0x0000005552200000)]
  0x0000018ee6eafef0 JavaThread "Unconstrained build operations Thread 52" [_thread_blocked, id=21040, stack(0x0000005552200000,0x0000005552300000)]
  0x0000018ee6eb0890 JavaThread "Unconstrained build operations Thread 53" [_thread_blocked, id=13760, stack(0x0000005552300000,0x0000005552400000)]
  0x0000018ee6eb20a0 JavaThread "Unconstrained build operations Thread 54" [_thread_blocked, id=17688, stack(0x0000005552400000,0x0000005552500000)]
  0x0000018ee6eb2a40 JavaThread "Unconstrained build operations Thread 55" [_thread_blocked, id=12720, stack(0x0000005552500000,0x0000005552600000)]
  0x0000018ee6eb33e0 JavaThread "Unconstrained build operations Thread 56" [_thread_blocked, id=17740, stack(0x0000005552600000,0x0000005552700000)]
  0x0000018ee6eb38b0 JavaThread "Unconstrained build operations Thread 57" [_thread_blocked, id=6020, stack(0x0000005552700000,0x0000005552800000)]
  0x0000018ee28eb400 JavaThread "Unconstrained build operations Thread 58" [_thread_blocked, id=6228, stack(0x0000005552800000,0x0000005552900000)]
  0x0000018ee28e9720 JavaThread "Unconstrained build operations Thread 59" [_thread_blocked, id=16068, stack(0x0000005552900000,0x0000005552a00000)]
  0x0000018ee28e9250 JavaThread "Unconstrained build operations Thread 60" [_thread_blocked, id=16628, stack(0x0000005552a00000,0x0000005552b00000)]
  0x0000018ee28eb8d0 JavaThread "Unconstrained build operations Thread 61" [_thread_blocked, id=21568, stack(0x0000005552b00000,0x0000005552c00000)]
  0x0000018ee28ebda0 JavaThread "Unconstrained build operations Thread 62" [_thread_blocked, id=4648, stack(0x0000005552c00000,0x0000005552d00000)]
  0x0000018ee28ec270 JavaThread "Unconstrained build operations Thread 63" [_thread_blocked, id=13584, stack(0x0000005552d00000,0x0000005552e00000)]
  0x0000018ee28e8d80 JavaThread "Unconstrained build operations Thread 64" [_thread_blocked, id=4780, stack(0x0000005552e00000,0x0000005552f00000)]
  0x0000018ee28e9bf0 JavaThread "Unconstrained build operations Thread 65" [_thread_blocked, id=17108, stack(0x0000005552f00000,0x0000005553000000)]
  0x0000018ee28ec740 JavaThread "Unconstrained build operations Thread 66" [_thread_blocked, id=18088, stack(0x0000005553000000,0x0000005553100000)]
  0x0000018ee28eaa60 JavaThread "Unconstrained build operations Thread 67" [_thread_blocked, id=21204, stack(0x0000005553100000,0x0000005553200000)]
  0x0000018ee28ea0c0 JavaThread "Unconstrained build operations Thread 68" [_thread_blocked, id=2652, stack(0x0000005553200000,0x0000005553300000)]
  0x0000018ee28ea590 JavaThread "Unconstrained build operations Thread 69" [_thread_blocked, id=23196, stack(0x0000005553300000,0x0000005553400000)]
  0x0000018ee28eaf30 JavaThread "Unconstrained build operations Thread 70" [_thread_blocked, id=22336, stack(0x0000005553400000,0x0000005553500000)]
  0x0000018ee30eea00 JavaThread "Unconstrained build operations Thread 71" [_thread_blocked, id=17484, stack(0x0000005553500000,0x0000005553600000)]
  0x0000018ee30f1550 JavaThread "Unconstrained build operations Thread 72" [_thread_blocked, id=11756, stack(0x0000005553600000,0x0000005553700000)]
  0x0000018ee30f2d60 JavaThread "Unconstrained build operations Thread 73" [_thread_blocked, id=3468, stack(0x0000005553700000,0x0000005553800000)]
  0x0000018ee30ef870 JavaThread "Unconstrained build operations Thread 74" [_thread_blocked, id=22424, stack(0x0000005553800000,0x0000005553900000)]
  0x0000018ee30f0bb0 JavaThread "Unconstrained build operations Thread 75" [_thread_blocked, id=3932, stack(0x0000005553900000,0x0000005553a00000)]
  0x0000018ee30f3230 JavaThread "Unconstrained build operations Thread 76" [_thread_blocked, id=10720, stack(0x0000005553a00000,0x0000005553b00000)]
  0x0000018ee30f3700 JavaThread "Unconstrained build operations Thread 77" [_thread_blocked, id=16972, stack(0x0000005553b00000,0x0000005553c00000)]
  0x0000018ee30f4f10 JavaThread "Unconstrained build operations Thread 78" [_thread_blocked, id=1808, stack(0x0000005553c00000,0x0000005553d00000)]
  0x0000018ee30eeed0 JavaThread "Unconstrained build operations Thread 79" [_thread_blocked, id=1388, stack(0x0000005553d00000,0x0000005553e00000)]
  0x0000018ee30f06e0 JavaThread "Unconstrained build operations Thread 80" [_thread_blocked, id=18416, stack(0x0000005553e00000,0x0000005553f00000)]
  0x0000018ee30f1080 JavaThread "jar transforms Thread 6" [_thread_blocked, id=17276, stack(0x0000005553f00000,0x0000005554000000)]
  0x0000018ee30f1a20 JavaThread "jar transforms Thread 7" [_thread_blocked, id=12324, stack(0x0000005554000000,0x0000005554100000)]
  0x0000018ee30f53e0 JavaThread "jar transforms Thread 8" [_thread_blocked, id=18272, stack(0x0000005554100000,0x0000005554200000)]
  0x0000018ee30f2890 JavaThread "build event listener" [_thread_blocked, id=5504, stack(0x0000005554200000,0x0000005554300000)]
  0x0000018ee30efd40 JavaThread "Memory manager" [_thread_blocked, id=20356, stack(0x0000005554300000,0x0000005554400000)]

Other Threads:
=>0x0000018ee1bd9540 VMThread "VM Thread" [stack: 0x000000554bb00000,0x000000554bc00000] [id=1668]
  0x0000018ee1bbe940 WatcherThread [stack: 0x000000554c700000,0x000000554c800000] [id=23268]
  0x0000018ec7e2be20 GCTaskThread "GC Thread#0" [stack: 0x000000554b600000,0x000000554b700000] [id=22092]
  0x0000018ee3751ba0 GCTaskThread "GC Thread#1" [stack: 0x000000554ca00000,0x000000554cb00000] [id=19388]
  0x0000018ee3751e50 GCTaskThread "GC Thread#2" [stack: 0x000000554cb00000,0x000000554cc00000] [id=14120]
  0x0000018ee34ead50 GCTaskThread "GC Thread#3" [stack: 0x000000554cc00000,0x000000554cd00000] [id=19228]
  0x0000018ee3698a70 GCTaskThread "GC Thread#4" [stack: 0x000000554c900000,0x000000554ca00000] [id=9440]
  0x0000018ee546dd80 GCTaskThread "GC Thread#5" [stack: 0x000000554d800000,0x000000554d900000] [id=16416]
  0x0000018ee3818850 GCTaskThread "GC Thread#6" [stack: 0x000000554d900000,0x000000554da00000] [id=22748]
  0x0000018ee3b42d10 GCTaskThread "GC Thread#7" [stack: 0x000000554da00000,0x000000554db00000] [id=9976]
  0x0000018ec7e3cc70 ConcurrentGCThread "G1 Main Marker" [stack: 0x000000554b700000,0x000000554b800000] [id=9752]
  0x0000018ec7e3dd30 ConcurrentGCThread "G1 Conc#0" [stack: 0x000000554b800000,0x000000554b900000] [id=13596]
  0x0000018ee4c0dcd0 ConcurrentGCThread "G1 Conc#1" [stack: 0x000000554db00000,0x000000554dc00000] [id=19504]
  0x0000018ee1a880e0 ConcurrentGCThread "G1 Refine#0" [stack: 0x000000554b900000,0x000000554ba00000] [id=2064]
  0x0000018ee689c500 ConcurrentGCThread "G1 Refine#1" [stack: 0x000000554e900000,0x000000554ea00000] [id=5088]
  0x0000018ee1a88910 ConcurrentGCThread "G1 Service" [stack: 0x000000554ba00000,0x000000554bb00000] [id=12360]

Threads with active compile tasks:
C2 CompilerThread0     9443 6644       4       org.objectweb.asm.Type::getType (122 bytes)
C2 CompilerThread1     9443 6640 %     4       org.gradle.internal.instantiation.generator.AbstractClassGenerator::inspectType @ 387 (560 bytes)
C2 CompilerThread2     9443 6636       4       sun.reflect.generics.parser.SignatureParser::parsePackageNameAndSimpleClassTypeSignature (119 bytes)

VM state: at safepoint (normal execution)

VM Mutex/Monitor currently owned by a thread:  ([mutex/lock_event])
[0x0000018ec7dc70b0] Threads_lock - owner thread: 0x0000018ee1bd9540
[0x0000018ec7dc8190] Heap_lock - owner thread: 0x0000018ee546d8b0

Heap address: 0x0000000080000000, size: 2048 MB, Compressed Oops mode: 32-bit

CDS archive(s) not mapped
Compressed class space mapped at: 0x0000000100000000-0x0000000140000000, reserved size: 1073741824
Narrow klass base: 0x0000000000000000, Narrow klass shift: 3, Narrow klass range: 0x140000000

GC Precious Log:
 CPUs: 8 total, 8 available
 Memory: 8084M
 Large Page Support: Disabled
 NUMA Support: Disabled
 Compressed Oops: Enabled (32-bit)
 Heap Region Size: 1M
 Heap Min Capacity: 8M
 Heap Initial Capacity: 128M
 Heap Max Capacity: 2G
 Pre-touch: Disabled
 Parallel Workers: 8
 Concurrent Workers: 2
 Concurrent Refinement Workers: 8
 Periodic GC: Disabled

Heap:
 garbage-first heap   total 107520K, used 54420K [0x0000000080000000, 0x0000000100000000)
  region size 1024K, 2 young (2048K), 2 survivors (2048K)
 Metaspace       used 66378K, committed 66944K, reserved 1114112K
  class space    used 8765K, committed 9024K, reserved 1048576K

Heap Regions: E=young(eden), S=young(survivor), O=old, HS=humongous(starts), HC=humongous(continues), CS=collection set, F=free, OA=open archive, CA=closed archive, TAMS=top-at-mark-start (previous, next)
|   0|0x0000000080000000, 0x0000000080100000, 0x0000000080100000|100%|HS|  |TAMS 0x0000000080100000, 0x0000000080100000| Complete 
|   1|0x0000000080100000, 0x0000000080200000, 0x0000000080200000|100%|HC|  |TAMS 0x0000000080200000, 0x0000000080200000| Complete 
|   2|0x0000000080200000, 0x0000000080300000, 0x0000000080300000|100%|HC|  |TAMS 0x0000000080300000, 0x0000000080300000| Complete 
|   3|0x0000000080300000, 0x0000000080400000, 0x0000000080400000|100%|HC|  |TAMS 0x0000000080400000, 0x0000000080400000| Complete 
|   4|0x0000000080400000, 0x0000000080500000, 0x0000000080500000|100%| O|  |TAMS 0x0000000080500000, 0x0000000080500000| Untracked 
|   5|0x0000000080500000, 0x0000000080600000, 0x0000000080600000|100%| O|  |TAMS 0x0000000080600000, 0x0000000080600000| Untracked 
|   6|0x0000000080600000, 0x0000000080700000, 0x0000000080700000|100%| O|  |TAMS 0x0000000080700000, 0x0000000080700000| Untracked 
|   7|0x0000000080700000, 0x0000000080800000, 0x0000000080800000|100%| O|  |TAMS 0x0000000080800000, 0x0000000080800000| Untracked 
|   8|0x0000000080800000, 0x0000000080900000, 0x0000000080900000|100%| O|  |TAMS 0x0000000080900000, 0x0000000080900000| Untracked 
|   9|0x0000000080900000, 0x0000000080a00000, 0x0000000080a00000|100%| O|  |TAMS 0x0000000080a00000, 0x0000000080a00000| Untracked 
|  10|0x0000000080a00000, 0x0000000080b00000, 0x0000000080b00000|100%| O|  |TAMS 0x0000000080b00000, 0x0000000080b00000| Untracked 
|  11|0x0000000080b00000, 0x0000000080b3fa00, 0x0000000080c00000| 24%| O|  |TAMS 0x0000000080b3fa00, 0x0000000080b3fa00| Untracked 
|  12|0x0000000080c00000, 0x0000000080d00000, 0x0000000080d00000|100%| O|  |TAMS 0x0000000080d00000, 0x0000000080d00000| Untracked 
|  13|0x0000000080d00000, 0x0000000080e00000, 0x0000000080e00000|100%| O|  |TAMS 0x0000000080e00000, 0x0000000080e00000| Untracked 
|  14|0x0000000080e00000, 0x0000000080f00000, 0x0000000080f00000|100%| O|  |TAMS 0x0000000080f00000, 0x0000000080f00000| Untracked 
|  15|0x0000000080f00000, 0x0000000081000000, 0x0000000081000000|100%| O|  |TAMS 0x0000000081000000, 0x0000000081000000| Untracked 
|  16|0x0000000081000000, 0x0000000081100000, 0x0000000081100000|100%| O|  |TAMS 0x0000000081100000, 0x0000000081100000| Untracked 
|  17|0x0000000081100000, 0x0000000081200000, 0x0000000081200000|100%| O|  |TAMS 0x0000000081200000, 0x0000000081200000| Untracked 
|  18|0x0000000081200000, 0x0000000081300000, 0x0000000081300000|100%| O|  |TAMS 0x0000000081300000, 0x0000000081300000| Untracked 
|  19|0x0000000081300000, 0x0000000081400000, 0x0000000081400000|100%| O|  |TAMS 0x0000000081400000, 0x0000000081400000| Untracked 
|  20|0x0000000081400000, 0x0000000081500000, 0x0000000081500000|100%| O|  |TAMS 0x0000000081500000, 0x0000000081500000| Untracked 
|  21|0x0000000081500000, 0x0000000081600000, 0x0000000081600000|100%| O|  |TAMS 0x0000000081600000, 0x0000000081600000| Untracked 
|  22|0x0000000081600000, 0x0000000081700000, 0x0000000081700000|100%| O|  |TAMS 0x0000000081700000, 0x0000000081700000| Untracked 
|  23|0x0000000081700000, 0x0000000081800000, 0x0000000081800000|100%| O|  |TAMS 0x0000000081800000, 0x0000000081800000| Untracked 
|  24|0x0000000081800000, 0x0000000081900000, 0x0000000081900000|100%| O|  |TAMS 0x0000000081900000, 0x0000000081900000| Untracked 
|  25|0x0000000081900000, 0x0000000081a00000, 0x0000000081a00000|100%|HS|  |TAMS 0x0000000081a00000, 0x0000000081a00000| Complete 
|  26|0x0000000081a00000, 0x0000000081b00000, 0x0000000081b00000|100%| O|  |TAMS 0x0000000081b00000, 0x0000000081b00000| Untracked 
|  27|0x0000000081b00000, 0x0000000081c00000, 0x0000000081c00000|100%| O|  |TAMS 0x0000000081c00000, 0x0000000081c00000| Untracked 
|  28|0x0000000081c00000, 0x0000000081d00000, 0x0000000081d00000|100%| O|  |TAMS 0x0000000081d00000, 0x0000000081d00000| Untracked 
|  29|0x0000000081d00000, 0x0000000081e00000, 0x0000000081e00000|100%| O|  |TAMS 0x0000000081e00000, 0x0000000081e00000| Untracked 
|  30|0x0000000081e00000, 0x0000000081f00000, 0x0000000081f00000|100%| O|  |TAMS 0x0000000081f00000, 0x0000000081f00000| Untracked 
|  31|0x0000000081f00000, 0x0000000082000000, 0x0000000082000000|100%| O|  |TAMS 0x0000000082000000, 0x0000000082000000| Untracked 
|  32|0x0000000082000000, 0x0000000082100000, 0x0000000082100000|100%| O|  |TAMS 0x0000000082100000, 0x0000000082100000| Untracked 
|  33|0x0000000082100000, 0x0000000082200000, 0x0000000082200000|100%| O|  |TAMS 0x0000000082200000, 0x0000000082200000| Untracked 
|  34|0x0000000082200000, 0x0000000082300000, 0x0000000082300000|100%|HS|  |TAMS 0x0000000082300000, 0x0000000082300000| Complete 
|  35|0x0000000082300000, 0x0000000082400000, 0x0000000082400000|100%|HS|  |TAMS 0x0000000082400000, 0x0000000082400000| Complete 
|  36|0x0000000082400000, 0x0000000082500000, 0x0000000082500000|100%| O|  |TAMS 0x0000000082500000, 0x0000000082500000| Untracked 
|  37|0x0000000082500000, 0x0000000082600000, 0x0000000082600000|100%| O|  |TAMS 0x0000000082600000, 0x0000000082600000| Untracked 
|  38|0x0000000082600000, 0x0000000082700000, 0x0000000082700000|100%| O|  |TAMS 0x0000000082700000, 0x0000000082700000| Untracked 
|  39|0x0000000082700000, 0x0000000082800000, 0x0000000082800000|100%| O|  |TAMS 0x0000000082800000, 0x0000000082800000| Untracked 
|  40|0x0000000082800000, 0x0000000082900000, 0x0000000082900000|100%| O|  |TAMS 0x0000000082900000, 0x0000000082900000| Untracked 
|  41|0x0000000082900000, 0x0000000082a00000, 0x0000000082a00000|100%| O|  |TAMS 0x0000000082a00000, 0x0000000082a00000| Untracked 
|  42|0x0000000082a00000, 0x0000000082b00000, 0x0000000082b00000|100%| O|  |TAMS 0x0000000082b00000, 0x0000000082b00000| Untracked 
|  43|0x0000000082b00000, 0x0000000082c00000, 0x0000000082c00000|100%| O|  |TAMS 0x0000000082c00000, 0x0000000082c00000| Untracked 
|  44|0x0000000082c00000, 0x0000000082d00000, 0x0000000082d00000|100%| O|  |TAMS 0x0000000082d00000, 0x0000000082d00000| Untracked 
|  45|0x0000000082d00000, 0x0000000082e00000, 0x0000000082e00000|100%| O|  |TAMS 0x0000000082e00000, 0x0000000082e00000| Untracked 
|  46|0x0000000082e00000, 0x0000000082f00000, 0x0000000082f00000|100%| O|  |TAMS 0x0000000082ea2a00, 0x0000000082f00000| Untracked 
|  47|0x0000000082f00000, 0x0000000083000000, 0x0000000083000000|100%| O|  |TAMS 0x0000000082f00000, 0x0000000082f00000| Untracked 
|  48|0x0000000083000000, 0x0000000083100000, 0x0000000083100000|100%| O|  |TAMS 0x0000000083000000, 0x0000000083000000| Untracked 
|  49|0x0000000083100000, 0x0000000083116c00, 0x0000000083200000|  8%| O|  |TAMS 0x0000000083100000, 0x0000000083100000| Untracked 
|  50|0x0000000083200000, 0x0000000083200000, 0x0000000083300000|  0%| F|  |TAMS 0x0000000083200000, 0x0000000083200000| Untracked 
|  51|0x0000000083300000, 0x0000000083300000, 0x0000000083400000|  0%| F|  |TAMS 0x0000000083300000, 0x0000000083300000| Untracked 
|  52|0x0000000083400000, 0x0000000083400000, 0x0000000083500000|  0%| F|  |TAMS 0x0000000083400000, 0x0000000083400000| Untracked 
|  53|0x0000000083500000, 0x0000000083600000, 0x0000000083600000|100%| O|  |TAMS 0x0000000083500000, 0x0000000083600000| Untracked 
|  54|0x0000000083600000, 0x0000000083700000, 0x0000000083700000|100%| O|  |TAMS 0x0000000083600000, 0x0000000083700000| Untracked 
|  55|0x0000000083700000, 0x0000000083800000, 0x0000000083800000|100%| O|  |TAMS 0x0000000083700000, 0x0000000083758600| Untracked 
|  56|0x0000000083800000, 0x0000000083800000, 0x0000000083900000|  0%| F|  |TAMS 0x0000000083800000, 0x0000000083800000| Untracked 
|  57|0x0000000083900000, 0x0000000083900000, 0x0000000083a00000|  0%| F|  |TAMS 0x0000000083900000, 0x0000000083900000| Untracked 
|  58|0x0000000083a00000, 0x0000000083a00000, 0x0000000083b00000|  0%| F|  |TAMS 0x0000000083a00000, 0x0000000083a00000| Untracked 
|  59|0x0000000083b00000, 0x0000000083b00000, 0x0000000083c00000|  0%| F|  |TAMS 0x0000000083b00000, 0x0000000083b00000| Untracked 
|  60|0x0000000083c00000, 0x0000000083c00000, 0x0000000083d00000|  0%| F|  |TAMS 0x0000000083c00000, 0x0000000083c00000| Untracked 
|  61|0x0000000083d00000, 0x0000000083d00000, 0x0000000083e00000|  0%| F|  |TAMS 0x0000000083d00000, 0x0000000083d00000| Untracked 
|  62|0x0000000083e00000, 0x0000000083e00000, 0x0000000083f00000|  0%| F|  |TAMS 0x0000000083e00000, 0x0000000083e00000| Untracked 
|  63|0x0000000083f00000, 0x0000000083f00000, 0x0000000084000000|  0%| F|  |TAMS 0x0000000083f00000, 0x0000000083f00000| Untracked 
|  64|0x0000000084000000, 0x0000000084000000, 0x0000000084100000|  0%| F|  |TAMS 0x0000000084000000, 0x0000000084000000| Untracked 
|  65|0x0000000084100000, 0x0000000084100000, 0x0000000084200000|  0%| F|  |TAMS 0x0000000084100000, 0x0000000084100000| Untracked 
|  66|0x0000000084200000, 0x0000000084200000, 0x0000000084300000|  0%| F|  |TAMS 0x0000000084200000, 0x0000000084200000| Untracked 
|  67|0x0000000084300000, 0x0000000084300000, 0x0000000084400000|  0%| F|  |TAMS 0x0000000084300000, 0x0000000084300000| Untracked 
|  68|0x0000000084400000, 0x0000000084400000, 0x0000000084500000|  0%| F|  |TAMS 0x0000000084400000, 0x0000000084400000| Untracked 
|  69|0x0000000084500000, 0x0000000084500000, 0x0000000084600000|  0%| F|  |TAMS 0x0000000084500000, 0x0000000084500000| Untracked 
|  70|0x0000000084600000, 0x0000000084600000, 0x0000000084700000|  0%| F|  |TAMS 0x0000000084600000, 0x0000000084600000| Untracked 
|  71|0x0000000084700000, 0x0000000084700000, 0x0000000084800000|  0%| F|  |TAMS 0x0000000084700000, 0x0000000084700000| Untracked 
|  72|0x0000000084800000, 0x0000000084800000, 0x0000000084900000|  0%| F|  |TAMS 0x0000000084800000, 0x0000000084800000| Untracked 
|  73|0x0000000084900000, 0x0000000084900000, 0x0000000084a00000|  0%| F|  |TAMS 0x0000000084900000, 0x0000000084900000| Untracked 
|  74|0x0000000084a00000, 0x0000000084acea78, 0x0000000084b00000| 80%| S|CS|TAMS 0x0000000084a00000, 0x0000000084a00000| Complete 
|  75|0x0000000084b00000, 0x0000000084c00000, 0x0000000084c00000|100%| S|CS|TAMS 0x0000000084b00000, 0x0000000084b00000| Complete 
|  76|0x0000000084c00000, 0x0000000084c00000, 0x0000000084d00000|  0%| F|  |TAMS 0x0000000084c00000, 0x0000000084c00000| Untracked 
|  77|0x0000000084d00000, 0x0000000084d00000, 0x0000000084e00000|  0%| F|  |TAMS 0x0000000084d00000, 0x0000000084d00000| Untracked 
|  78|0x0000000084e00000, 0x0000000084e00000, 0x0000000084f00000|  0%| F|  |TAMS 0x0000000084e00000, 0x0000000084e00000| Untracked 
|  79|0x0000000084f00000, 0x0000000084f00000, 0x0000000085000000|  0%| F|  |TAMS 0x0000000084f00000, 0x0000000084f00000| Untracked 
|  80|0x0000000085000000, 0x0000000085000000, 0x0000000085100000|  0%| F|  |TAMS 0x0000000085000000, 0x0000000085000000| Untracked 
|  81|0x0000000085100000, 0x0000000085100000, 0x0000000085200000|  0%| F|  |TAMS 0x0000000085100000, 0x0000000085100000| Untracked 
|  82|0x0000000085200000, 0x0000000085200000, 0x0000000085300000|  0%| F|  |TAMS 0x0000000085200000, 0x0000000085200000| Untracked 
|  83|0x0000000085300000, 0x0000000085300000, 0x0000000085400000|  0%| F|  |TAMS 0x0000000085300000, 0x0000000085300000| Untracked 
|  84|0x0000000085400000, 0x0000000085400000, 0x0000000085500000|  0%| F|  |TAMS 0x0000000085400000, 0x0000000085400000| Untracked 
|  85|0x0000000085500000, 0x0000000085500000, 0x0000000085600000|  0%| F|  |TAMS 0x0000000085500000, 0x0000000085500000| Untracked 
|  86|0x0000000085600000, 0x0000000085600000, 0x0000000085700000|  0%| F|  |TAMS 0x0000000085600000, 0x0000000085600000| Untracked 
|  87|0x0000000085700000, 0x0000000085700000, 0x0000000085800000|  0%| F|  |TAMS 0x0000000085700000, 0x0000000085700000| Untracked 
|  88|0x0000000085800000, 0x0000000085800000, 0x0000000085900000|  0%| F|  |TAMS 0x0000000085800000, 0x0000000085800000| Untracked 
|  89|0x0000000085900000, 0x0000000085900000, 0x0000000085a00000|  0%| F|  |TAMS 0x0000000085900000, 0x0000000085900000| Untracked 
|  90|0x0000000085a00000, 0x0000000085a00000, 0x0000000085b00000|  0%| F|  |TAMS 0x0000000085a00000, 0x0000000085a00000| Untracked 
|  91|0x0000000085b00000, 0x0000000085b00000, 0x0000000085c00000|  0%| F|  |TAMS 0x0000000085b00000, 0x0000000085b00000| Untracked 
|  92|0x0000000085c00000, 0x0000000085c00000, 0x0000000085d00000|  0%| F|  |TAMS 0x0000000085c00000, 0x0000000085c00000| Untracked 
|  93|0x0000000085d00000, 0x0000000085d00000, 0x0000000085e00000|  0%| F|  |TAMS 0x0000000085d00000, 0x0000000085d00000| Untracked 
|  94|0x0000000085e00000, 0x0000000085e00000, 0x0000000085f00000|  0%| F|  |TAMS 0x0000000085e00000, 0x0000000085e00000| Untracked 
|  95|0x0000000085f00000, 0x0000000085f00000, 0x0000000086000000|  0%| F|  |TAMS 0x0000000085f00000, 0x0000000085f00000| Untracked 
|  96|0x0000000086000000, 0x0000000086000000, 0x0000000086100000|  0%| F|  |TAMS 0x0000000086000000, 0x0000000086000000| Untracked 
|  97|0x0000000086100000, 0x0000000086100000, 0x0000000086200000|  0%| F|  |TAMS 0x0000000086100000, 0x0000000086100000| Untracked 
|  98|0x0000000086200000, 0x0000000086200000, 0x0000000086300000|  0%| F|  |TAMS 0x0000000086200000, 0x0000000086200000| Untracked 
|  99|0x0000000086300000, 0x0000000086300000, 0x0000000086400000|  0%| F|  |TAMS 0x0000000086300000, 0x0000000086300000| Untracked 
| 100|0x0000000086400000, 0x0000000086400000, 0x0000000086500000|  0%| F|  |TAMS 0x0000000086400000, 0x0000000086400000| Untracked 
| 101|0x0000000086500000, 0x0000000086500000, 0x0000000086600000|  0%| F|  |TAMS 0x0000000086500000, 0x0000000086500000| Untracked 
| 102|0x0000000086600000, 0x0000000086600000, 0x0000000086700000|  0%| F|  |TAMS 0x0000000086600000, 0x0000000086600000| Untracked 
| 103|0x0000000086700000, 0x0000000086700000, 0x0000000086800000|  0%| F|  |TAMS 0x0000000086700000, 0x0000000086700000| Untracked 
| 127|0x0000000087f00000, 0x0000000087f00000, 0x0000000088000000|  0%| F|  |TAMS 0x0000000087f00000, 0x0000000087f00000| Untracked 

Card table byte_map: [0x0000018eda9d0000,0x0000018edadd0000] _byte_map_base: 0x0000018eda5d0000

Marking Bits (Prev, Next): (CMBitMap*) 0x0000018ec7e2c380, (CMBitMap*) 0x0000018ec7e2c340
 Prev Bits: [0x0000018edd1d0000, 0x0000018edf1d0000)
 Next Bits: [0x0000018edb1d0000, 0x0000018edd1d0000)

Polling page: 0x0000018ec5bf0000

Metaspace:

Usage:
  Non-class:     56.26 MB used.
      Class:      8.56 MB used.
       Both:     64.82 MB used.

Virtual space:
  Non-class space:       64.00 MB reserved,      56.56 MB ( 88%) committed,  8 nodes.
      Class space:        1.00 GB reserved,       8.81 MB ( <1%) committed,  1 nodes.
             Both:        1.06 GB reserved,      65.38 MB (  6%) committed. 

Chunk freelists:
   Non-Class:  2.55 MB
       Class:  3.16 MB
        Both:  5.70 MB

MaxMetaspaceSize: unlimited
CompressedClassSpaceSize: 1.00 GB
Initial GC threshold: 21.00 MB
Current GC threshold: 103.12 MB
CDS: off
MetaspaceReclaimPolicy: balanced
 - commit_granule_bytes: 65536.
 - commit_granule_words: 8192.
 - virtual_space_node_default_size: 1048576.
 - enlarge_chunks_in_place: 1.
 - new_chunks_are_fully_committed: 0.
 - uncommit_free_chunks: 1.
 - use_allocation_guard: 0.
 - handle_deallocations: 1.


Internal statistics:

num_allocs_failed_limit: 6.
num_arena_births: 616.
num_arena_deaths: 0.
num_vsnodes_births: 9.
num_vsnodes_deaths: 0.
num_space_committed: 1046.
num_space_uncommitted: 0.
num_chunks_returned_to_freelist: 6.
num_chunks_taken_from_freelist: 2782.
num_chunk_merges: 6.
num_chunk_splits: 1850.
num_chunks_enlarged: 1268.
num_purges: 0.
num_inconsistent_stats: 0.

CodeHeap 'non-profiled nmethods': size=120000Kb used=3344Kb max_used=3373Kb free=116655Kb
 bounds [0x0000018ed2d70000, 0x0000018ed30d0000, 0x0000018eda2a0000]
CodeHeap 'profiled nmethods': size=120000Kb used=11113Kb max_used=11309Kb free=108887Kb
 bounds [0x0000018ecb2a0000, 0x0000018ecbdc0000, 0x0000018ed27d0000]
CodeHeap 'non-nmethods': size=5760Kb used=2349Kb max_used=2424Kb free=3410Kb
 bounds [0x0000018ed27d0000, 0x0000018ed2a60000, 0x0000018ed2d70000]
 total_blobs=6699 nmethods=5826 adapters=785
 compilation: enabled
              stopped_count=0, restarted_count=0
 full_count=0

Compilation events (20 events):
Event: 9.375 Thread 0x0000018ee1c5da20 6641       3       org.gradle.internal.instantiation.generator.AsmBackedClassGenerator$ClassBuilderImpl$34::<init> (118 bytes)
Event: 9.375 Thread 0x0000018ee1c5d120 nmethod 6634 0x0000018ed2e36910 code [0x0000018ed2e36a80, 0x0000018ed2e36b98]
Event: 9.375 Thread 0x0000018ee1c5d120 6639       4       org.gradle.internal.reflect.PropertyAccessorType::isStatic (8 bytes)
Event: 9.376 Thread 0x0000018ee1c5d120 nmethod 6639 0x0000018ed2e36610 code [0x0000018ed2e36780, 0x0000018ed2e367f8]
Event: 9.376 Thread 0x0000018ee1c5d120 6638       4       org.gradle.internal.reflect.PropertyAccessorType::takesSingleParameter (14 bytes)
Event: 9.376 Thread 0x0000018ee1c5d120 nmethod 6638 0x0000018ed2e36310 code [0x0000018ed2e36480, 0x0000018ed2e36518]
Event: 9.376 Thread 0x0000018ee1c5d120 6643       4       org.objectweb.asm.MethodWriter::visitFieldInsn (258 bytes)
Event: 9.377 Thread 0x0000018ee1c5da20 nmethod 6641 0x0000018ecb3b8690 code [0x0000018ecb3b8a20, 0x0000018ecb3ba458]
Event: 9.377 Thread 0x0000018ee1c5da20 6642       3       org.gradle.internal.instantiation.generator.AsmBackedClassGenerator$ClassBuilderImpl::lambda$addConventionSetter$33 (19 bytes)
Event: 9.377 Thread 0x0000018ee1c5da20 nmethod 6642 0x0000018ecb2ead90 code [0x0000018ecb2eaf40, 0x0000018ecb2eb128]
Event: 9.377 Thread 0x0000018ee1c5da20 6645       3       org.objectweb.asm.AnnotationWriter::<init> (60 bytes)
Event: 9.377 Thread 0x0000018ee1c5da20 nmethod 6645 0x0000018ecb2ea610 code [0x0000018ecb2ea7e0, 0x0000018ecb2eabe8]
Event: 9.377 Thread 0x0000018ee1c5da20 6646       3       org.objectweb.asm.AnnotationVisitor::<init> (7 bytes)
Event: 9.377 Thread 0x0000018ee1c5da20 nmethod 6646 0x0000018ecbc5e490 code [0x0000018ecbc5e640, 0x0000018ecbc5e788]
Event: 9.380 Thread 0x0000018ee1c5d120 nmethod 6643 0x0000018ed2e35b10 code [0x0000018ed2e35cc0, 0x0000018ed2e35fe8]
Event: 9.380 Thread 0x0000018ee1c5da20 6647       3       sun.reflect.generics.tree.SimpleClassTypeSignature::accept (8 bytes)
Event: 9.380 Thread 0x0000018ee1c5d120 6644       4       org.objectweb.asm.Type::getType (122 bytes)
Event: 9.380 Thread 0x0000018ee1c5da20 nmethod 6647 0x0000018ecb2c1090 code [0x0000018ecb2c1260, 0x0000018ecb2c1548]
Event: 9.380 Thread 0x0000018ee1c5da20 6648       3       sun.reflect.generics.visitor.Reifier::visitSimpleClassTypeSignature (18 bytes)
Event: 9.380 Thread 0x0000018ee1c5da20 nmethod 6648 0x0000018ecb2c0b90 code [0x0000018ecb2c0d40, 0x0000018ecb2c0f68]

GC Heap History (20 events):
Event: 5.606 GC heap after
{Heap after GC invocations=11 (full 0):
 garbage-first heap   total 82944K, used 30209K [0x0000000080000000, 0x0000000100000000)
  region size 1024K, 3 young (3072K), 3 survivors (3072K)
 Metaspace       used 42538K, committed 42944K, reserved 1089536K
  class space    used 5569K, committed 5760K, reserved 1048576K
}
Event: 6.127 GC heap before
{Heap before GC invocations=11 (full 0):
 garbage-first heap   total 82944K, used 60929K [0x0000000080000000, 0x0000000100000000)
  region size 1024K, 33 young (33792K), 3 survivors (3072K)
 Metaspace       used 45629K, committed 46080K, reserved 1089536K
  class space    used 6067K, committed 6272K, reserved 1048576K
}
Event: 6.131 GC heap after
{Heap after GC invocations=12 (full 0):
 garbage-first heap   total 82944K, used 32687K [0x0000000080000000, 0x0000000100000000)
  region size 1024K, 5 young (5120K), 5 survivors (5120K)
 Metaspace       used 45629K, committed 46080K, reserved 1089536K
  class space    used 6067K, committed 6272K, reserved 1048576K
}
Event: 6.645 GC heap before
{Heap before GC invocations=12 (full 0):
 garbage-first heap   total 82944K, used 62383K [0x0000000080000000, 0x0000000100000000)
  region size 1024K, 34 young (34816K), 5 survivors (5120K)
 Metaspace       used 50045K, committed 50432K, reserved 1097728K
  class space    used 6631K, committed 6784K, reserved 1048576K
}
Event: 6.650 GC heap after
{Heap after GC invocations=13 (full 0):
 garbage-first heap   total 82944K, used 34035K [0x0000000080000000, 0x0000000100000000)
  region size 1024K, 2 young (2048K), 2 survivors (2048K)
 Metaspace       used 50045K, committed 50432K, reserved 1097728K
  class space    used 6631K, committed 6784K, reserved 1048576K
}
Event: 7.261 GC heap before
{Heap before GC invocations=13 (full 0):
 garbage-first heap   total 82944K, used 62707K [0x0000000080000000, 0x0000000100000000)
  region size 1024K, 31 young (31744K), 2 survivors (2048K)
 Metaspace       used 51598K, committed 52032K, reserved 1097728K
  class space    used 6833K, committed 7040K, reserved 1048576K
}
Event: 7.266 GC heap after
{Heap after GC invocations=14 (full 0):
 garbage-first heap   total 82944K, used 36870K [0x0000000080000000, 0x0000000100000000)
  region size 1024K, 4 young (4096K), 4 survivors (4096K)
 Metaspace       used 51598K, committed 52032K, reserved 1097728K
  class space    used 6833K, committed 7040K, reserved 1048576K
}
Event: 7.451 GC heap before
{Heap before GC invocations=14 (full 0):
 garbage-first heap   total 82944K, used 50182K [0x0000000080000000, 0x0000000100000000)
  region size 1024K, 16 young (16384K), 4 survivors (4096K)
 Metaspace       used 51975K, committed 52416K, reserved 1097728K
  class space    used 6879K, committed 7040K, reserved 1048576K
}
Event: 7.456 GC heap after
{Heap after GC invocations=15 (full 0):
 garbage-first heap   total 82944K, used 44812K [0x0000000080000000, 0x0000000100000000)
  region size 1024K, 4 young (4096K), 4 survivors (4096K)
 Metaspace       used 51975K, committed 52416K, reserved 1097728K
  class space    used 6879K, committed 7040K, reserved 1048576K
}
Event: 7.778 GC heap before
{Heap before GC invocations=16 (full 0):
 garbage-first heap   total 82944K, used 63244K [0x0000000080000000, 0x0000000100000000)
  region size 1024K, 22 young (22528K), 4 survivors (4096K)
 Metaspace       used 54096K, committed 54528K, reserved 1097728K
  class space    used 7183K, committed 7360K, reserved 1048576K
}
Event: 7.782 GC heap after
{Heap after GC invocations=17 (full 0):
 garbage-first heap   total 82944K, used 46831K [0x0000000080000000, 0x0000000100000000)
  region size 1024K, 3 young (3072K), 3 survivors (3072K)
 Metaspace       used 54096K, committed 54528K, reserved 1097728K
  class space    used 7183K, committed 7360K, reserved 1048576K
}
Event: 8.125 GC heap before
{Heap before GC invocations=17 (full 0):
 garbage-first heap   total 82944K, used 62191K [0x0000000080000000, 0x0000000100000000)
  region size 1024K, 19 young (19456K), 3 survivors (3072K)
 Metaspace       used 56679K, committed 57216K, reserved 1105920K
  class space    used 7490K, committed 7744K, reserved 1048576K
}
Event: 8.128 GC heap after
{Heap after GC invocations=18 (full 0):
 garbage-first heap   total 82944K, used 47756K [0x0000000080000000, 0x0000000100000000)
  region size 1024K, 1 young (1024K), 1 survivors (1024K)
 Metaspace       used 56679K, committed 57216K, reserved 1105920K
  class space    used 7490K, committed 7744K, reserved 1048576K
}
Event: 8.467 GC heap before
{Heap before GC invocations=19 (full 0):
 garbage-first heap   total 87040K, used 65164K [0x0000000080000000, 0x0000000100000000)
  region size 1024K, 18 young (18432K), 1 survivors (1024K)
 Metaspace       used 59147K, committed 59648K, reserved 1105920K
  class space    used 7841K, committed 8064K, reserved 1048576K
}
Event: 8.470 GC heap after
{Heap after GC invocations=20 (full 0):
 garbage-first heap   total 87040K, used 48390K [0x0000000080000000, 0x0000000100000000)
  region size 1024K, 2 young (2048K), 2 survivors (2048K)
 Metaspace       used 59147K, committed 59648K, reserved 1105920K
  class space    used 7841K, committed 8064K, reserved 1048576K
}
Event: 8.822 GC heap before
{Heap before GC invocations=20 (full 0):
 garbage-first heap   total 87040K, used 63750K [0x0000000080000000, 0x0000000100000000)
  region size 1024K, 18 young (18432K), 2 survivors (2048K)
 Metaspace       used 62847K, committed 63360K, reserved 1105920K
  class space    used 8322K, committed 8576K, reserved 1048576K
}
Event: 8.826 GC heap after
{Heap after GC invocations=21 (full 0):
 garbage-first heap   total 87040K, used 50235K [0x0000000080000000, 0x0000000100000000)
  region size 1024K, 3 young (3072K), 3 survivors (3072K)
 Metaspace       used 62847K, committed 63360K, reserved 1105920K
  class space    used 8322K, committed 8576K, reserved 1048576K
}
Event: 9.027 GC heap before
{Heap before GC invocations=22 (full 0):
 garbage-first heap   total 107520K, used 75835K [0x0000000080000000, 0x0000000100000000)
  region size 1024K, 22 young (22528K), 3 survivors (3072K)
 Metaspace       used 63849K, committed 64384K, reserved 1105920K
  class space    used 8459K, committed 8704K, reserved 1048576K
}
Event: 9.031 GC heap after
{Heap after GC invocations=23 (full 0):
 garbage-first heap   total 107520K, used 52686K [0x0000000080000000, 0x0000000100000000)
  region size 1024K, 3 young (3072K), 3 survivors (3072K)
 Metaspace       used 63849K, committed 64384K, reserved 1105920K
  class space    used 8459K, committed 8704K, reserved 1048576K
}
Event: 9.381 GC heap before
{Heap before GC invocations=23 (full 0):
 garbage-first heap   total 107520K, used 79310K [0x0000000080000000, 0x0000000100000000)
  region size 1024K, 29 young (29696K), 3 survivors (3072K)
 Metaspace       used 66378K, committed 66944K, reserved 1114112K
  class space    used 8765K, committed 9024K, reserved 1048576K
}

Dll operation events (2 events):
Event: 0.015 Loaded shared library C:\Program Files\Android\Android Studio\jbr\bin\java.dll
Event: 0.641 Loaded shared library C:\Program Files\Android\Android Studio\jbr\bin\verify.dll

Deoptimization events (20 events):
Event: 9.067 Thread 0x0000018ee546d8b0 Uncommon trap: trap_request=0xffffffdc fr.pc=0x0000018ed2d9b740 relative=0x00000000000002a0
Event: 9.067 Thread 0x0000018ee546d8b0 Uncommon trap: reason=class_check action=make_not_entrant pc=0x0000018ed2d9b740 method=java.util.ArrayList.toArray([Ljava/lang/Object;)[Ljava/lang/Object; @ 21 c2
Event: 9.067 Thread 0x0000018ee546d8b0 DEOPT PACKING pc=0x0000018ed2d9b740 sp=0x000000554d4f5cb0
Event: 9.067 Thread 0x0000018ee546d8b0 DEOPT UNPACKING pc=0x0000018ed28269a3 sp=0x000000554d4f5c80 mode 2
Event: 9.250 Thread 0x0000018ee546d8b0 Uncommon trap: trap_request=0xffffffc6 fr.pc=0x0000018ed2f7e224 relative=0x0000000000003e44
Event: 9.250 Thread 0x0000018ee546d8b0 Uncommon trap: reason=bimorphic_or_optimized_type_check action=maybe_recompile pc=0x0000018ed2f7e224 method=java.util.AbstractCollection.addAll(Ljava/util/Collection;)Z @ 29 c2
Event: 9.250 Thread 0x0000018ee546d8b0 DEOPT PACKING pc=0x0000018ed2f7e224 sp=0x000000554d4f4b30
Event: 9.250 Thread 0x0000018ee546d8b0 DEOPT UNPACKING pc=0x0000018ed28269a3 sp=0x000000554d4f4b20 mode 2
Event: 9.250 Thread 0x0000018ee546d8b0 Uncommon trap: trap_request=0xffffffc6 fr.pc=0x0000018ed2f7e224 relative=0x0000000000003e44
Event: 9.250 Thread 0x0000018ee546d8b0 Uncommon trap: reason=bimorphic_or_optimized_type_check action=maybe_recompile pc=0x0000018ed2f7e224 method=java.util.AbstractCollection.addAll(Ljava/util/Collection;)Z @ 29 c2
Event: 9.250 Thread 0x0000018ee546d8b0 DEOPT PACKING pc=0x0000018ed2f7e224 sp=0x000000554d4f4b30
Event: 9.250 Thread 0x0000018ee546d8b0 DEOPT UNPACKING pc=0x0000018ed28269a3 sp=0x000000554d4f4b20 mode 2
Event: 9.281 Thread 0x0000018ee546d8b0 Uncommon trap: trap_request=0xfffffff4 fr.pc=0x0000018ed2f9c568 relative=0x0000000000000068
Event: 9.281 Thread 0x0000018ee546d8b0 Uncommon trap: reason=null_check action=make_not_entrant pc=0x0000018ed2f9c568 method=java.lang.Class.isAnnotation()Z @ 1 c2
Event: 9.281 Thread 0x0000018ee546d8b0 DEOPT PACKING pc=0x0000018ed2f9c568 sp=0x000000554d4f71b0
Event: 9.281 Thread 0x0000018ee546d8b0 DEOPT UNPACKING pc=0x0000018ed28269a3 sp=0x000000554d4f7140 mode 2
Event: 9.371 Thread 0x0000018ee546d8b0 Uncommon trap: trap_request=0xffffff45 fr.pc=0x0000018ed2fdd124 relative=0x0000000000000364
Event: 9.371 Thread 0x0000018ee546d8b0 Uncommon trap: reason=unstable_if action=reinterpret pc=0x0000018ed2fdd124 method=org.gradle.internal.reflect.PropertyAccessorType.of(Ljava/lang/reflect/Method;)Lorg/gradle/internal/reflect/PropertyAccessorType; @ 56 c2
Event: 9.371 Thread 0x0000018ee546d8b0 DEOPT PACKING pc=0x0000018ed2fdd124 sp=0x000000554d4f6f60
Event: 9.371 Thread 0x0000018ee546d8b0 DEOPT UNPACKING pc=0x0000018ed28269a3 sp=0x000000554d4f6f20 mode 2

Classes unloaded (0 events):
No events

Classes redefined (0 events):
No events

Internal exceptions (20 events):
Event: 7.373 Thread 0x0000018ee4f6e060 Exception <a 'java/lang/NoSuchMethodError'{0x0000000085097350}: static Lorg/gradle/internal/build/event/types/DefaultOperationFinishedProgressEvent;.<clinit>()V> (0x0000000085097350) 
thrown [s\src\hotspot\share\prims\jni.cpp, line 1108]
Event: 7.376 Thread 0x0000018ee4f6e060 Exception <a 'java/lang/NoSuchMethodError'{0x00000000850bd750}: static Lorg/gradle/internal/build/event/types/DefaultProjectConfigurationSuccessResult;.<clinit>()V> (0x00000000850bd750) 
thrown [s\src\hotspot\share\prims\jni.cpp, line 1108]
Event: 7.376 Thread 0x0000018ee4f6e060 Exception <a 'java/lang/NoSuchMethodError'{0x00000000850becd8}: static Lorg/gradle/internal/build/event/types/AbstractProjectConfigurationResult;.<clinit>()V> (0x00000000850becd8) 
thrown [s\src\hotspot\share\prims\jni.cpp, line 1108]
Event: 7.376 Thread 0x0000018ee4f6e060 Exception <a 'java/lang/NoSuchMethodError'{0x00000000850c0228}: static Lorg/gradle/internal/build/event/types/AbstractOperationResult;.<clinit>()V> (0x00000000850c0228) 
thrown [s\src\hotspot\share\prims\jni.cpp, line 1108]
Event: 7.376 Thread 0x0000018ee4f6e060 Exception <a 'java/lang/NoSuchMethodError'{0x00000000850c1468}: static Lorg/gradle/internal/build/event/types/AbstractResult;.<clinit>()V> (0x00000000850c1468) 
thrown [s\src\hotspot\share\prims\jni.cpp, line 1108]
Event: 7.378 Thread 0x0000018ee4f6e060 Exception <a 'java/lang/NoSuchMethodError'{0x00000000850d7a10}: static Lorg/gradle/internal/build/event/types/DefaultPluginApplicationResult;.<clinit>()V> (0x00000000850d7a10) 
thrown [s\src\hotspot\share\prims\jni.cpp, line 1108]
Event: 7.379 Thread 0x0000018ee4f6e060 Exception <a 'java/lang/NoSuchMethodError'{0x00000000850e31c0}: static Lorg/gradle/internal/build/event/types/DefaultBinaryPluginIdentifier;.<clinit>()V> (0x00000000850e31c0) 
thrown [s\src\hotspot\share\prims\jni.cpp, line 1108]
Event: 7.381 Thread 0x0000018ee4f6e060 Exception <a 'java/lang/NoSuchMethodError'{0x00000000850f9870}: static Lorg/gradle/internal/build/event/types/DefaultScriptPluginIdentifier;.<clinit>()V> (0x00000000850f9870) 
thrown [s\src\hotspot\share\prims\jni.cpp, line 1108]
Event: 7.388 Thread 0x0000018ee546d8b0 Exception <a 'java/lang/ClassNotFoundException'{0x0000000084f71298}: build_aw6dihgurze96e6abws8imlr3BeanInfo> (0x0000000084f71298) 
thrown [s\src\hotspot\share\classfile\systemDictionary.cpp, line 256]
Event: 7.388 Thread 0x0000018ee546d8b0 Exception <a 'java/lang/ClassNotFoundException'{0x0000000084f77b18}: build_aw6dihgurze96e6abws8imlr3Customizer> (0x0000000084f77b18) 
thrown [s\src\hotspot\share\classfile\systemDictionary.cpp, line 256]
Event: 7.505 Thread 0x0000018ee546d8b0 Exception <a 'java/lang/ClassNotFoundException'{0x000000008535cc70}: org/gradle/api/internal/plugins/DefaultObjectConfigurationActionBeanInfo> (0x000000008535cc70) 
thrown [s\src\hotspot\share\classfile\systemDictionary.cpp, line 256]
Event: 7.506 Thread 0x0000018ee546d8b0 Exception <a 'java/lang/ClassNotFoundException'{0x000000008536f098}: org/gradle/api/internal/plugins/DefaultObjectConfigurationActionCustomizer> (0x000000008536f098) 
thrown [s\src\hotspot\share\classfile\systemDictionary.cpp, line 256]
Event: 7.671 Thread 0x0000018ee546d8b0 Exception <a 'java/lang/NoSuchMethodError'{0x0000000083f5fbc0}: 'java.lang.Object java.lang.invoke.DirectMethodHandle$Holder.newInvokeSpecial(java.lang.Object, java.lang.Object, java.lang.Object, java.lang.Object, int)'> (0x0000000083f5fbc0) 
thrown [s\src\hotspot\share\interpreter\linkResolver.cpp, line 771]
Event: 7.672 Thread 0x0000018ee546d8b0 Exception <a 'java/lang/NoSuchMethodError'{0x0000000083f64d60}: 'java.lang.Object java.lang.invoke.DirectMethodHandle$Holder.invokeSpecial(java.lang.Object, java.lang.Object, java.lang.Object, java.lang.Object, java.lang.Object, int)'> (0x0000000083f64d60) 
thrown [s\src\hotspot\share\interpreter\linkResolver.cpp, line 771]
Event: 7.672 Thread 0x0000018ee546d8b0 Exception <a 'java/lang/NoSuchMethodError'{0x0000000083f69838}: 'java.lang.Object java.lang.invoke.Invokers$Holder.linkToTargetMethod(java.lang.Object, java.lang.Object, java.lang.Object, int, java.lang.Object)'> (0x0000000083f69838) 
thrown [s\src\hotspot\share\interpreter\linkResolver.cpp, line 771]
Event: 7.966 Thread 0x0000018ee546d8b0 Exception <a 'java/lang/NoSuchMethodError'{0x0000000084d62cc8}: 'int java.lang.invoke.DirectMethodHandle$Holder.invokeInterface(java.lang.Object, java.lang.Object, java.lang.Object, java.lang.Object)'> (0x0000000084d62cc8) 
thrown [s\src\hotspot\share\interpreter\linkResolver.cpp, line 771]
Event: 8.554 Thread 0x0000018ee546d8b0 Exception <a 'java/lang/IncompatibleClassChangeError'{0x00000000853b9660}: Found class java.lang.Object, but interface was expected> (0x00000000853b9660) 
thrown [s\src\hotspot\share\interpreter\linkResolver.cpp, line 838]
Event: 8.609 Thread 0x0000018ee546d8b0 Implicit null exception at 0x0000018ed2fc5b54 to 0x0000018ed2fc5d00
Event: 8.760 Thread 0x0000018ee546d8b0 Implicit null exception at 0x0000018ed2f4698c to 0x0000018ed2f46ac2
Event: 8.911 Thread 0x0000018ee546d8b0 Exception <a 'sun/nio/fs/WindowsException'{0x00000000865c57a0}> (0x00000000865c57a0) 
thrown [s\src\hotspot\share\prims\jni.cpp, line 517]

VM Operations (20 events):
Event: 8.128 Executing VM operation: G1CollectForAllocation done
Event: 8.153 Executing VM operation: G1Concurrent
Event: 8.155 Executing VM operation: G1Concurrent done
Event: 8.169 Executing VM operation: G1Concurrent
Event: 8.169 Executing VM operation: G1Concurrent done
Event: 8.467 Executing VM operation: G1CollectForAllocation
Event: 8.470 Executing VM operation: G1CollectForAllocation done
Event: 8.735 Executing VM operation: HandshakeAllThreads
Event: 8.735 Executing VM operation: HandshakeAllThreads done
Event: 8.772 Executing VM operation: HandshakeAllThreads
Event: 8.772 Executing VM operation: HandshakeAllThreads done
Event: 8.822 Executing VM operation: G1TryInitiateConcMark
Event: 8.826 Executing VM operation: G1TryInitiateConcMark done
Event: 8.868 Executing VM operation: G1Concurrent
Event: 8.871 Executing VM operation: G1Concurrent done
Event: 8.890 Executing VM operation: G1Concurrent
Event: 8.890 Executing VM operation: G1Concurrent done
Event: 9.027 Executing VM operation: G1CollectForAllocation
Event: 9.031 Executing VM operation: G1CollectForAllocation done
Event: 9.381 Executing VM operation: G1CollectForAllocation

Events (20 events):
Event: 8.816 loading class java/util/Base64
Event: 8.816 loading class java/util/Base64 done
Event: 8.816 loading class java/util/Base64$Decoder
Event: 8.816 loading class java/util/Base64$Decoder done
Event: 8.816 loading class java/util/Base64$Encoder
Event: 8.816 loading class java/util/Base64$Encoder done
Event: 8.817 loading class java/util/jar/JarVerifier$VerifierStream
Event: 8.817 loading class java/util/jar/JarVerifier$VerifierStream done
Event: 8.817 loading class sun/security/util/ManifestEntryVerifier$SunProviderHolder
Event: 8.817 loading class sun/security/util/ManifestEntryVerifier$SunProviderHolder done
Event: 8.911 loading class sun/nio/fs/WindowsException
Event: 8.911 loading class sun/nio/fs/WindowsException done
Event: 9.235 loading class java/security/KeyStore
Event: 9.236 loading class java/security/KeyStore done
Event: 9.236 loading class java/security/KeyStore$1
Event: 9.236 loading class java/security/KeyStore$1 done
Event: 9.355 loading class javax/xml/stream/XMLStreamException
Event: 9.355 loading class javax/xml/stream/XMLStreamException done
Event: 9.369 loading class sun/reflect/annotation/AnnotationInvocationHandler$1
Event: 9.369 loading class sun/reflect/annotation/AnnotationInvocationHandler$1 done


Dynamic libraries:
0x00007ff6ca970000 - 0x00007ff6ca97a000 	C:\Program Files\Android\Android Studio\jbr\bin\java.exe
0x00007ffd7e1d0000 - 0x00007ffd7e3c8000 	C:\WINDOWS\SYSTEM32\ntdll.dll
0x00007ffd7de30000 - 0x00007ffd7deed000 	C:\WINDOWS\System32\KERNEL32.DLL
0x00007ffd7bc00000 - 0x00007ffd7bef6000 	C:\WINDOWS\System32\KERNELBASE.dll
0x00007ffd7b940000 - 0x00007ffd7ba40000 	C:\WINDOWS\System32\ucrtbase.dll
0x00007ffd26f50000 - 0x00007ffd26f67000 	C:\Program Files\Android\Android Studio\jbr\bin\jli.dll
0x00007ffd76030000 - 0x00007ffd7604b000 	C:\Program Files\Android\Android Studio\jbr\bin\VCRUNTIME140.dll
0x00007ffd7d610000 - 0x00007ffd7d7ae000 	C:\WINDOWS\System32\USER32.dll
0x00007ffd7c200000 - 0x00007ffd7c222000 	C:\WINDOWS\System32\win32u.dll
0x00007ffd7e030000 - 0x00007ffd7e05c000 	C:\WINDOWS\System32\GDI32.dll
0x00007ffd7bf00000 - 0x00007ffd7c01a000 	C:\WINDOWS\System32\gdi32full.dll
0x00007ffd7bb60000 - 0x00007ffd7bbfd000 	C:\WINDOWS\System32\msvcp_win.dll
0x00007ffd61c50000 - 0x00007ffd61eea000 	C:\WINDOWS\WinSxS\amd64_microsoft.windows.common-controls_6595b64144ccf1df_6.0.19041.3636_none_60b6a03d71f818d5\COMCTL32.dll
0x00007ffd7c2f0000 - 0x00007ffd7c38e000 	C:\WINDOWS\System32\msvcrt.dll
0x00007ffd7c930000 - 0x00007ffd7c960000 	C:\WINDOWS\System32\IMM32.DLL
0x00007ffd76150000 - 0x00007ffd7615c000 	C:\Program Files\Android\Android Studio\jbr\bin\vcruntime140_1.dll
0x00007ffd57660000 - 0x00007ffd576ed000 	C:\Program Files\Android\Android Studio\jbr\bin\msvcp140.dll
0x00007ffd271a0000 - 0x00007ffd27e0e000 	C:\Program Files\Android\Android Studio\jbr\bin\server\jvm.dll
0x00007ffd7dc50000 - 0x00007ffd7dcff000 	C:\WINDOWS\System32\ADVAPI32.dll
0x00007ffd7d230000 - 0x00007ffd7d2cc000 	C:\WINDOWS\System32\sechost.dll
0x00007ffd7dd00000 - 0x00007ffd7de26000 	C:\WINDOWS\System32\RPCRT4.dll
0x00007ffd66420000 - 0x00007ffd66447000 	C:\WINDOWS\SYSTEM32\WINMM.dll
0x00007ffd57480000 - 0x00007ffd57489000 	C:\WINDOWS\SYSTEM32\WSOCK32.dll
0x00007ffd73fb0000 - 0x00007ffd73fba000 	C:\WINDOWS\SYSTEM32\VERSION.dll
0x00007ffd7d5a0000 - 0x00007ffd7d60b000 	C:\WINDOWS\System32\WS2_32.dll
0x00007ffd7a0c0000 - 0x00007ffd7a0d2000 	C:\WINDOWS\SYSTEM32\kernel.appcore.dll
0x00007ffd44b50000 - 0x00007ffd44b5a000 	C:\Program Files\Android\Android Studio\jbr\bin\jimage.dll
0x00007ffd79460000 - 0x00007ffd79644000 	C:\WINDOWS\SYSTEM32\DBGHELP.DLL
0x00007ffd697c0000 - 0x00007ffd697f4000 	C:\WINDOWS\SYSTEM32\dbgcore.DLL
0x00007ffd7b8b0000 - 0x00007ffd7b932000 	C:\WINDOWS\System32\bcryptPrimitives.dll
0x00007ffd29040000 - 0x00007ffd29065000 	C:\Program Files\Android\Android Studio\jbr\bin\java.dll
0x00007ffd403a0000 - 0x00007ffd403b8000 	C:\Program Files\Android\Android Studio\jbr\bin\zip.dll
0x00007ffd7cac0000 - 0x00007ffd7d204000 	C:\WINDOWS\System32\SHELL32.dll
0x00007ffd79910000 - 0x00007ffd7a0ab000 	C:\WINDOWS\SYSTEM32\windows.storage.dll
0x00007ffd7d7b0000 - 0x00007ffd7db04000 	C:\WINDOWS\System32\combase.dll
0x00007ffd7b220000 - 0x00007ffd7b24d000 	C:\WINDOWS\SYSTEM32\Wldp.dll
0x00007ffd7e0e0000 - 0x00007ffd7e18d000 	C:\WINDOWS\System32\SHCORE.dll
0x00007ffd7ca60000 - 0x00007ffd7cab5000 	C:\WINDOWS\System32\shlwapi.dll
0x00007ffd7b7e0000 - 0x00007ffd7b805000 	C:\WINDOWS\SYSTEM32\profapi.dll
0x00007ffd3a940000 - 0x00007ffd3a959000 	C:\Program Files\Android\Android Studio\jbr\bin\net.dll
0x00007ffd73390000 - 0x00007ffd7349a000 	C:\WINDOWS\SYSTEM32\WINHTTP.dll
0x00007ffd7af30000 - 0x00007ffd7af9a000 	C:\WINDOWS\system32\mswsock.dll
0x00007ffd2a360000 - 0x00007ffd2a376000 	C:\Program Files\Android\Android Studio\jbr\bin\nio.dll
0x00007ffd40200000 - 0x00007ffd40210000 	C:\Program Files\Android\Android Studio\jbr\bin\verify.dll
0x00007ffd44b10000 - 0x00007ffd44b37000 	C:\Users\jupi0\.gradle\native\68d5fa5c4cc2d200863cafc0d521ce42e7d3e7ee720ec0a83991735586a16f82\windows-amd64\native-platform.dll
0x00007ffd506b0000 - 0x00007ffd507f4000 	C:\Users\jupi0\.gradle\native\e376f236ea51e6404a007f0833ffe2c6e607c4080706a723a18a27aeea778392\windows-amd64\native-platform-file-events.dll
0x00007ffd3d060000 - 0x00007ffd3d069000 	C:\Program Files\Android\Android Studio\jbr\bin\management.dll
0x00007ffd3cff0000 - 0x00007ffd3cffb000 	C:\Program Files\Android\Android Studio\jbr\bin\management_ext.dll
0x00007ffd7dc40000 - 0x00007ffd7dc48000 	C:\WINDOWS\System32\PSAPI.DLL
0x00007ffd7b110000 - 0x00007ffd7b128000 	C:\WINDOWS\SYSTEM32\CRYPTSP.dll
0x00007ffd7a870000 - 0x00007ffd7a8a4000 	C:\WINDOWS\system32\rsaenh.dll
0x00007ffd7c070000 - 0x00007ffd7c097000 	C:\WINDOWS\System32\bcrypt.dll
0x00007ffd7b7a0000 - 0x00007ffd7b7ce000 	C:\WINDOWS\SYSTEM32\USERENV.dll
0x00007ffd7b130000 - 0x00007ffd7b13c000 	C:\WINDOWS\SYSTEM32\CRYPTBASE.dll
0x00007ffd7ac40000 - 0x00007ffd7ac7b000 	C:\WINDOWS\SYSTEM32\IPHLPAPI.DLL
0x00007ffd7ca40000 - 0x00007ffd7ca48000 	C:\WINDOWS\System32\NSI.dll
0x00007ffd747f0000 - 0x00007ffd74807000 	C:\WINDOWS\SYSTEM32\dhcpcsvc6.DLL
0x00007ffd74c90000 - 0x00007ffd74cad000 	C:\WINDOWS\SYSTEM32\dhcpcsvc.DLL
0x00007ffd7ac80000 - 0x00007ffd7ad4a000 	C:\WINDOWS\SYSTEM32\DNSAPI.dll
0x00007ffd70cf0000 - 0x00007ffd70cf7000 	C:\WINDOWS\system32\wshunix.dll

dbghelp: loaded successfully - version: 4.0.5 - missing functions: none
symbol engine: initialized successfully - sym options: 0x614 - pdb path: .;C:\Program Files\Android\Android Studio\jbr\bin;C:\WINDOWS\SYSTEM32;C:\WINDOWS\WinSxS\amd64_microsoft.windows.common-controls_6595b64144ccf1df_6.0.19041.3636_none_60b6a03d71f818d5;C:\Program Files\Android\Android Studio\jbr\bin\server;C:\Users\jupi0\.gradle\native\68d5fa5c4cc2d200863cafc0d521ce42e7d3e7ee720ec0a83991735586a16f82\windows-amd64;C:\Users\jupi0\.gradle\native\e376f236ea51e6404a007f0833ffe2c6e607c4080706a723a18a27aeea778392\windows-amd64

VM Arguments:
jvm_args: --add-opens=java.base/java.util=ALL-UNNAMED --add-opens=java.base/java.lang=ALL-UNNAMED --add-opens=java.base/java.lang.invoke=ALL-UNNAMED --add-opens=java.prefs/java.util.prefs=ALL-UNNAMED --add-opens=java.base/java.nio.charset=ALL-UNNAMED --add-opens=java.base/java.net=ALL-UNNAMED --add-opens=java.base/java.util.concurrent.atomic=ALL-UNNAMED -Xmx2048m -Dfile.encoding=UTF-8 -Duser.country=KR -Duser.language=ko -Duser.variant 
java_command: org.gradle.launcher.daemon.bootstrap.GradleDaemon 8.0
java_class_path (initial): C:\Users\jupi0\.gradle\wrapper\dists\gradle-8.0-bin\ca5e32bp14vu59qr306oxotwh\gradle-8.0\lib\gradle-launcher-8.0.jar
Launcher Type: SUN_STANDARD

[Global flags]
     intx CICompilerCount                          = 4                                         {product} {ergonomic}
     uint ConcGCThreads                            = 2                                         {product} {ergonomic}
     uint G1ConcRefinementThreads                  = 8                                         {product} {ergonomic}
   size_t G1HeapRegionSize                         = 1048576                                   {product} {ergonomic}
    uintx GCDrainStackTargetSize                   = 64                                        {product} {ergonomic}
   size_t InitialHeapSize                          = 134217728                                 {product} {ergonomic}
   size_t MarkStackSize                            = 4194304                                   {product} {ergonomic}
   size_t MaxHeapSize                              = 2147483648                                {product} {command line}
   size_t MaxNewSize                               = 1287651328                                {product} {ergonomic}
   size_t MinHeapDeltaBytes                        = 1048576                                   {product} {ergonomic}
   size_t MinHeapSize                              = 8388608                                   {product} {ergonomic}
    uintx NonNMethodCodeHeapSize                   = 5839372                                {pd product} {ergonomic}
    uintx NonProfiledCodeHeapSize                  = 122909434                              {pd product} {ergonomic}
    uintx ProfiledCodeHeapSize                     = 122909434                              {pd product} {ergonomic}
    uintx ReservedCodeCacheSize                    = 251658240                              {pd product} {ergonomic}
     bool SegmentedCodeCache                       = true                                      {product} {ergonomic}
   size_t SoftMaxHeapSize                          = 2147483648                             {manageable} {ergonomic}
     bool UseCompressedClassPointers               = true                           {product lp64_product} {ergonomic}
     bool UseCompressedOops                        = true                           {product lp64_product} {ergonomic}
     bool UseG1GC                                  = true                                      {product} {ergonomic}
     bool UseLargePagesIndividualAllocation        = false                                  {pd product} {ergonomic}

Logging:
Log output configuration:
 #0: stdout all=warning uptime,level,tags
 #1: stderr all=off uptime,level,tags

Environment Variables:
JAVA_HOME=C:\Program Files\Java\jdk1.8.0_161
PATH=C:\Program Files\Common Files\Oracle\Java\javapath;C:\Program Files (x86)\Intel\iCLS Client\;C:\Program Files\Intel\iCLS Client\;C:\ProgramData\Oracle\Java\javapath;C:\WINDOWS\system32;C:\WINDOWS;C:\WINDOWS\System32\Wbem;C:\WINDOWS\System32\WindowsPowerShell\v1.0\;C:\Program Files (x86)\Windows Live\Shared;C:\Program Files\Java\jdk1.8.0_161\bin;;C:\Program Files (x86)\Common Files\Teruten\DSFilter;C:\WINDOWS\System32\OpenSSH\;C:\Program Files (x86)\Intel\Intel(R) Management Engine Components\DAL;C:\Program Files\Intel\Intel(R) Management Engine Components\DAL;C:\Program Files (x86)\Intel\Intel(R) Management Engine Components\IPT;C:\Program Files\Intel\Intel(R) Management Engine Components\IPT;C:\Program Files (x86)\NVIDIA Corporation\PhysX\Common;C:\WINDOWS\system32;C:\WINDOWS;C:\WINDOWS\System32\Wbem;C:\WINDOWS\System32\WindowsPowerShell\v1.0\;C:\WINDOWS\System32\OpenSSH\;C:\Program Files\NVIDIA Corporation\NVIDIA NvDLISR;C:\Users\jupi0\AppData\Local\Programs\Python\Python38\Scripts\;C:\Users\jupi0\AppData\Local\Programs\Python\Python38\;C:\Users\jupi0\AppData\Local\Programs\Python\Python36\Scripts\;C:\Users\jupi0\AppData\Local\Programs\Python\Python36\;C:\Python36;C:\Users\jupi0\AppData\Local\Microsoft\WindowsApps;C:\Program Files\Bandizip\;;C:\Users\jupi0\AppData\Local\Programs\Microsoft VS Code\bin;C:\Program Files\JetBrains\PyCharm Community Edition 2023.2.1\bin;
USERNAME=jupi0
OS=Windows_NT
PROCESSOR_IDENTIFIER=Intel64 Family 6 Model 158 Stepping 9, GenuineIntel
TMP=C:\Users\jupi0\AppData\Local\Temp
TEMP=C:\Users\jupi0\AppData\Local\Temp


JNI global refs:
JNI global refs: 27, weak refs: 0

JNI global refs memory usage: 843, weak refs: 841


---------------  S Y S T E M  ---------------

OS:
 Windows 10 , 64 bit Build 19041 (10.0.19041.3636)
OS uptime: 0 days 6:17 hours
Hyper-V role detected

CPU: total 8 (initial active 8) (4 cores per cpu, 2 threads per core) family 6 model 158 stepping 9 microcode 0xb4, cx8, cmov, fxsr, ht, mmx, 3dnowpref, sse, sse2, sse3, ssse3, sse4.1, sse4.2, popcnt, lzcnt, tsc, tscinvbit, avx, avx2, aes, erms, clmul, bmi1, bmi2, adx, fma, vzeroupper, clflush, clflushopt, hv

Memory: 4k page, system-wide physical 8084M (533M free)
TotalPageFile size 32660M (AvailPageFile size 20M)
current process WorkingSet (physical memory assigned to process): 315M, peak: 315M
current process commit charge ("private bytes"): 350M, peak: 371M

vm_info: OpenJDK 64-Bit Server VM (17.0.6+0-b2043.56-10027231) for windows-amd64 JRE (17.0.6+0-b2043.56-10027231), built on Apr 28 2023 00:43:19 by "androidbuild" with MS VC++ 16.10 / 16.11 (VS2019)

END.
