#
# There is insufficient memory for the Java Runtime Environment to continue.
# Native memory allocation (malloc) failed to allocate 2056576 bytes for Chunk::new
# Possible reasons:
#   The system is out of physical RAM or swap space
#   The process is running with CompressedOops enabled, and the Java Heap may be blocking the growth of the native heap
# Possible solutions:
#   Reduce memory load on the system
#   Increase physical memory or swap space
#   Check if swap backing store is full
#   Decrease Java heap size (-Xmx/-Xms)
#   Decrease number of Java threads
#   Decrease Java thread stack sizes (-Xss)
#   Set larger code cache with -XX:ReservedCodeCacheSize=
#   JVM is running with Unscaled Compressed Oops mode in which the Java heap is
#     placed in the first 4GB address space. The Java Heap base address is the
#     maximum limit for the native heap growth. Please use -XX:HeapBaseMinAddress
#     to set the Java Heap base and to place the Java Heap above 4GB virtual address.
# This output file may be truncated or incomplete.
#
#  Out of Memory Error (arena.cpp:189), pid=11288, tid=16784
#
# JRE version: OpenJDK Runtime Environment (17.0.6) (build 17.0.6+0-b2043.56-10027231)
# Java VM: OpenJDK 64-Bit Server VM (17.0.6+0-b2043.56-10027231, mixed mode, tiered, compressed oops, compressed class ptrs, g1 gc, windows-amd64)
# No core dump will be written. Minidumps are not enabled by default on client versions of Windows
#

---------------  S U M M A R Y ------------

Command Line: --add-opens=java.base/java.util=ALL-UNNAMED --add-opens=java.base/java.lang=ALL-UNNAMED --add-opens=java.base/java.lang.invoke=ALL-UNNAMED --add-opens=java.prefs/java.util.prefs=ALL-UNNAMED --add-opens=java.base/java.nio.charset=ALL-UNNAMED --add-opens=java.base/java.net=ALL-UNNAMED --add-opens=java.base/java.util.concurrent.atomic=ALL-UNNAMED -Xmx2048m -Dfile.encoding=UTF-8 -Duser.country=KR -Duser.language=ko -Duser.variant org.gradle.launcher.daemon.bootstrap.GradleDaemon 8.0

Host: Intel(R) Core(TM) i7-7700HQ CPU @ 2.80GHz, 8 cores, 7G,  Windows 10 , 64 bit Build 19041 (10.0.19041.3636)
Time: Wed Dec 13 13:04:59 2023  Windows 10 , 64 bit Build 19041 (10.0.19041.3636) elapsed time: 10.558378 seconds (0d 0h 0m 10s)

---------------  T H R E A D  ---------------

Current thread (0x000001d086804c90):  JavaThread "C2 CompilerThread1" daemon [_thread_in_native, id=16784, stack(0x0000007220a00000,0x0000007220b00000)]


Current CompileTask:
C2:  10558 7179   !   4       com.google.common.reflect.TypeVisitor::visit (244 bytes)

Stack: [0x0000007220a00000,0x0000007220b00000]
Native frames: (J=compiled Java code, j=interpreted, Vv=VM code, C=native code)
V  [jvm.dll+0x683c9a]
V  [jvm.dll+0x8427a4]
V  [jvm.dll+0x843f9e]
V  [jvm.dll+0x844603]
V  [jvm.dll+0x249b75]
V  [jvm.dll+0xabcac]
V  [jvm.dll+0xac27c]
V  [jvm.dll+0x368857]
V  [jvm.dll+0x332f31]
V  [jvm.dll+0x3323da]
V  [jvm.dll+0x21c201]
V  [jvm.dll+0x21b621]
V  [jvm.dll+0x1a4fdd]
V  [jvm.dll+0x22b098]
V  [jvm.dll+0x229159]
V  [jvm.dll+0x7f81ec]
V  [jvm.dll+0x7f274a]
V  [jvm.dll+0x682ad5]
C  [ucrtbase.dll+0x21bb2]
C  [KERNEL32.DLL+0x17344]
C  [ntdll.dll+0x526b1]


---------------  P R O C E S S  ---------------

Threads class SMR info:
_java_thread_list=0x000001d0836e5c00, length=126, elements={
0x000001d0e8afbfd0, 0x000001d082a76620, 0x000001d083400680, 0x000001d08343c420,
0x000001d08343cde0, 0x000001d083416e40, 0x000001d082a7b920, 0x000001d082a7c1e0,
0x000001d082a7cae0, 0x000001d082a7dbc0, 0x000001d0835c2f40, 0x000001d0835c4830,
0x000001d08666f660, 0x000001d0860d78b0, 0x000001d0836af760, 0x000001d086804c90,
0x000001d0859946a0, 0x000001d086321020, 0x000001d0866cb830, 0x000001d085d75000,
0x000001d086802440, 0x000001d0868a4970, 0x000001d0868a8330, 0x000001d0868a4e40,
0x000001d0868a6650, 0x000001d0868a57e0, 0x000001d0868a5310, 0x000001d0868a5cb0,
0x000001d0868a6180, 0x000001d0868a6b20, 0x000001d0868a6ff0, 0x000001d0868a74c0,
0x000001d0868a7990, 0x000001d0868a7e60, 0x000001d0889f41e0, 0x000001d0889f3d10,
0x000001d0889f0cf0, 0x000001d0889f46b0, 0x000001d0889efe80, 0x000001d0889f5ec0,
0x000001d0889f5520, 0x000001d0889f4b80, 0x000001d0889f2ea0, 0x000001d0889f11c0,
0x000001d0889f29d0, 0x000001d0889f3370, 0x000001d0889f1b60, 0x000001d0889f2030,
0x000001d0889f5050, 0x000001d0889eeb40, 0x000001d0889f59f0, 0x000001d0889f6390,
0x000001d0889f2500, 0x000001d0889ef010, 0x000001d0889ef4e0, 0x000001d0889ef9b0,
0x000001d0889f1690, 0x000001d083871140, 0x000001d083870c70, 0x000001d08386f460,
0x000001d0838702d0, 0x000001d08386f930, 0x000001d08386e120, 0x000001d08386cde0,
0x000001d08386baa0, 0x000001d08386fe00, 0x000001d0838707a0, 0x000001d083871610,
0x000001d08386c440, 0x000001d083871fb0, 0x000001d08386e5f0, 0x000001d08386d2b0,
0x000001d08386c910, 0x000001d08386a760, 0x000001d08386ac30, 0x000001d083871ae0,
0x000001d08386b100, 0x000001d08386d780, 0x000001d08386b5d0, 0x000001d08386eac0,
0x000001d08386bf70, 0x000001d08386dc50, 0x000001d08386ef90, 0x000001d0868cc540,
0x000001d0868cf560, 0x000001d0868cc070, 0x000001d0868cdd50, 0x000001d0868d08a0,
0x000001d0868d33f0, 0x000001d0868cd880, 0x000001d0868d2580, 0x000001d0868d38c0,
0x000001d0868cff00, 0x000001d0868cca10, 0x000001d0868d0d70, 0x000001d0868ccee0,
0x000001d0868cd3b0, 0x000001d0868cfa30, 0x000001d0868d1240, 0x000001d0868ce220,
0x000001d0868d1710, 0x000001d0868ce6f0, 0x000001d0868cebc0, 0x000001d0868d1be0,
0x000001d0868cf090, 0x000001d0868d03d0, 0x000001d0868d20b0, 0x000001d0868d2a50,
0x000001d0868d2f20, 0x000001d083857db0, 0x000001d083859a90, 0x000001d083853f20,
0x000001d083855260, 0x000001d083856f40, 0x000001d083855c00, 0x000001d083858750,
0x000001d083859f60, 0x000001d083857410, 0x000001d083854d90, 0x000001d083855730,
0x000001d0838560d0, 0x000001d0838530b0, 0x000001d0838565a0, 0x000001d0838578e0,
0x000001d083856a70, 0x000001d0838543f0
}

Java Threads: ( => current thread )
  0x000001d0e8afbfd0 JavaThread "main" [_thread_blocked, id=21848, stack(0x000000721f000000,0x000000721f100000)]
  0x000001d082a76620 JavaThread "Reference Handler" daemon [_thread_blocked, id=4944, stack(0x000000721f700000,0x000000721f800000)]
  0x000001d083400680 JavaThread "Finalizer" daemon [_thread_blocked, id=20796, stack(0x000000721f800000,0x000000721f900000)]
  0x000001d08343c420 JavaThread "Signal Dispatcher" daemon [_thread_blocked, id=10736, stack(0x000000721f900000,0x000000721fa00000)]
  0x000001d08343cde0 JavaThread "Attach Listener" daemon [_thread_blocked, id=13708, stack(0x000000721fa00000,0x000000721fb00000)]
  0x000001d083416e40 JavaThread "Service Thread" daemon [_thread_blocked, id=23216, stack(0x000000721fb00000,0x000000721fc00000)]
  0x000001d082a7b920 JavaThread "Monitor Deflation Thread" daemon [_thread_blocked, id=12452, stack(0x000000721fc00000,0x000000721fd00000)]
  0x000001d082a7c1e0 JavaThread "C2 CompilerThread0" daemon [_thread_in_native, id=23492, stack(0x000000721fd00000,0x000000721fe00000)]
  0x000001d082a7cae0 JavaThread "C1 CompilerThread0" daemon [_thread_blocked, id=21312, stack(0x000000721fe00000,0x000000721ff00000)]
  0x000001d082a7dbc0 JavaThread "Sweeper thread" daemon [_thread_blocked, id=11408, stack(0x000000721ff00000,0x0000007220000000)]
  0x000001d0835c2f40 JavaThread "Common-Cleaner" daemon [_thread_blocked, id=21968, stack(0x0000007220000000,0x0000007220100000)]
  0x000001d0835c4830 JavaThread "Notification Thread" daemon [_thread_blocked, id=21384, stack(0x0000007220100000,0x0000007220200000)]
  0x000001d08666f660 JavaThread "Daemon health stats" [_thread_blocked, id=21580, stack(0x0000007220900000,0x0000007220a00000)]
  0x000001d0860d78b0 JavaThread "Incoming local TCP Connector on port 11736" [_thread_in_native, id=11596, stack(0x0000007220300000,0x0000007220400000)]
  0x000001d0836af760 JavaThread "Daemon periodic checks" [_thread_blocked, id=8768, stack(0x0000007220800000,0x0000007220900000)]
=>0x000001d086804c90 JavaThread "C2 CompilerThread1" daemon [_thread_in_native, id=16784, stack(0x0000007220a00000,0x0000007220b00000)]
  0x000001d0859946a0 JavaThread "Daemon" [_thread_blocked, id=13072, stack(0x0000007220c00000,0x0000007220d00000)]
  0x000001d086321020 JavaThread "Handler for socket connection from /127.0.0.1:11736 to /127.0.0.1:11737" [_thread_in_native, id=19628, stack(0x0000007220d00000,0x0000007220e00000)]
  0x000001d0866cb830 JavaThread "Cancel handler" [_thread_blocked, id=14728, stack(0x0000007220e00000,0x0000007220f00000)]
  0x000001d085d75000 JavaThread "Daemon worker" [_thread_in_Java, id=11084, stack(0x0000007220f00000,0x0000007221000000)]
  0x000001d086802440 JavaThread "Asynchronous log dispatcher for DefaultDaemonConnection: socket connection from /127.0.0.1:11736 to /127.0.0.1:11737" [_thread_blocked, id=22588, stack(0x0000007221000000,0x0000007221100000)]
  0x000001d0868a4970 JavaThread "Stdin handler" [_thread_blocked, id=6876, stack(0x0000007221100000,0x0000007221200000)]
  0x000001d0868a8330 JavaThread "Daemon client event forwarder" [_thread_blocked, id=8100, stack(0x0000007221200000,0x0000007221300000)]
  0x000001d0868a4e40 JavaThread "Cache worker for journal cache (C:\Users\jupi0\.gradle\caches\journal-1)" [_thread_blocked, id=21464, stack(0x0000007221600000,0x0000007221700000)]
  0x000001d0868a6650 JavaThread "File lock request listener" [_thread_in_native, id=13788, stack(0x0000007221700000,0x0000007221800000)]
  0x000001d0868a57e0 JavaThread "Cache worker for file hash cache (C:\Users\jupi0\.gradle\caches\8.0\fileHashes)" [_thread_blocked, id=5528, stack(0x0000007221800000,0x0000007221900000)]
  0x000001d0868a5310 JavaThread "File watcher server" daemon [_thread_in_native, id=19992, stack(0x0000007221900000,0x0000007221a00000)]
  0x000001d0868a5cb0 JavaThread "File watcher consumer" daemon [_thread_blocked, id=7448, stack(0x0000007221a00000,0x0000007221b00000)]
  0x000001d0868a6180 JavaThread "Cache worker for checksums cache (C:\Users\jupi0\AndroidStudioProjects\Capstone_2\.gradle\8.0\checksums)" [_thread_blocked, id=21172, stack(0x0000007221b00000,0x0000007221c00000)]
  0x000001d0868a6b20 JavaThread "Cache worker for cache directory md-rule (C:\Users\jupi0\.gradle\caches\8.0\md-rule)" [_thread_blocked, id=10132, stack(0x0000007221c00000,0x0000007221d00000)]
  0x000001d0868a6ff0 JavaThread "Cache worker for file content cache (C:\Users\jupi0\.gradle\caches\8.0\fileContent)" [_thread_blocked, id=10280, stack(0x0000007221d00000,0x0000007221e00000)]
  0x000001d0868a74c0 JavaThread "Cache worker for file hash cache (C:\Users\jupi0\AndroidStudioProjects\Capstone_2\.gradle\8.0\fileHashes)" [_thread_blocked, id=11684, stack(0x0000007221e00000,0x0000007221f00000)]
  0x000001d0868a7990 JavaThread "Cache worker for cache directory md-supplier (C:\Users\jupi0\.gradle\caches\8.0\md-supplier)" [_thread_blocked, id=2868, stack(0x0000007221f00000,0x0000007222000000)]
  0x000001d0868a7e60 JavaThread "Cache worker for execution history cache (C:\Users\jupi0\.gradle\caches\8.0\executionHistory)" [_thread_blocked, id=18204, stack(0x0000007222000000,0x0000007222100000)]
  0x000001d0889f41e0 JavaThread "jar transforms" [_thread_blocked, id=4432, stack(0x0000007222100000,0x0000007222200000)]
  0x000001d0889f3d10 JavaThread "jar transforms Thread 2" [_thread_blocked, id=12660, stack(0x0000007222200000,0x0000007222300000)]
  0x000001d0889f0cf0 JavaThread "jar transforms Thread 3" [_thread_blocked, id=8836, stack(0x0000007222300000,0x0000007222400000)]
  0x000001d0889f46b0 JavaThread "jar transforms Thread 4" [_thread_blocked, id=17784, stack(0x0000007222400000,0x0000007222500000)]
  0x000001d0889efe80 JavaThread "Cache worker for dependencies-accessors (C:\Users\jupi0\AndroidStudioProjects\Capstone_2\.gradle\8.0\dependencies-accessors)" [_thread_blocked, id=18492, stack(0x0000007222500000,0x0000007222600000)]
  0x000001d0889f5ec0 JavaThread "jar transforms Thread 5" [_thread_blocked, id=18576, stack(0x0000007222600000,0x0000007222700000)]
  0x000001d0889f5520 JavaThread "Cache worker for Build Output Cleanup Cache (C:\Users\jupi0\AndroidStudioProjects\Capstone_2\.gradle\buildOutputCleanup)" [_thread_blocked, id=11240, stack(0x0000007222700000,0x0000007222800000)]
  0x000001d0889f4b80 JavaThread "Unconstrained build operations" [_thread_blocked, id=9936, stack(0x0000007222800000,0x0000007222900000)]
  0x000001d0889f2ea0 JavaThread "Unconstrained build operations Thread 2" [_thread_blocked, id=17260, stack(0x0000007222900000,0x0000007222a00000)]
  0x000001d0889f11c0 JavaThread "Unconstrained build operations Thread 3" [_thread_blocked, id=12368, stack(0x0000007222a00000,0x0000007222b00000)]
  0x000001d0889f29d0 JavaThread "Unconstrained build operations Thread 4" [_thread_blocked, id=17304, stack(0x0000007222b00000,0x0000007222c00000)]
  0x000001d0889f3370 JavaThread "Unconstrained build operations Thread 5" [_thread_blocked, id=20884, stack(0x0000007222c00000,0x0000007222d00000)]
  0x000001d0889f1b60 JavaThread "Unconstrained build operations Thread 6" [_thread_blocked, id=21500, stack(0x0000007222d00000,0x0000007222e00000)]
  0x000001d0889f2030 JavaThread "Unconstrained build operations Thread 7" [_thread_blocked, id=18952, stack(0x0000007222e00000,0x0000007222f00000)]
  0x000001d0889f5050 JavaThread "Unconstrained build operations Thread 8" [_thread_blocked, id=19220, stack(0x0000007222f00000,0x0000007223000000)]
  0x000001d0889eeb40 JavaThread "Unconstrained build operations Thread 9" [_thread_blocked, id=20828, stack(0x0000007223000000,0x0000007223100000)]
  0x000001d0889f59f0 JavaThread "Unconstrained build operations Thread 10" [_thread_blocked, id=18064, stack(0x0000007223100000,0x0000007223200000)]
  0x000001d0889f6390 JavaThread "Unconstrained build operations Thread 11" [_thread_blocked, id=17492, stack(0x0000007223200000,0x0000007223300000)]
  0x000001d0889f2500 JavaThread "Unconstrained build operations Thread 12" [_thread_blocked, id=9492, stack(0x0000007223300000,0x0000007223400000)]
  0x000001d0889ef010 JavaThread "Unconstrained build operations Thread 13" [_thread_blocked, id=21424, stack(0x0000007223400000,0x0000007223500000)]
  0x000001d0889ef4e0 JavaThread "Unconstrained build operations Thread 14" [_thread_blocked, id=22920, stack(0x0000007223500000,0x0000007223600000)]
  0x000001d0889ef9b0 JavaThread "Unconstrained build operations Thread 15" [_thread_blocked, id=22308, stack(0x0000007223600000,0x0000007223700000)]
  0x000001d0889f1690 JavaThread "Unconstrained build operations Thread 16" [_thread_blocked, id=21936, stack(0x0000007223700000,0x0000007223800000)]
  0x000001d083871140 JavaThread "Unconstrained build operations Thread 17" [_thread_blocked, id=3220, stack(0x0000007223800000,0x0000007223900000)]
  0x000001d083870c70 JavaThread "Unconstrained build operations Thread 18" [_thread_blocked, id=10828, stack(0x0000007223900000,0x0000007223a00000)]
  0x000001d08386f460 JavaThread "Unconstrained build operations Thread 19" [_thread_blocked, id=1984, stack(0x0000007223a00000,0x0000007223b00000)]
  0x000001d0838702d0 JavaThread "Unconstrained build operations Thread 20" [_thread_blocked, id=11576, stack(0x0000007223b00000,0x0000007223c00000)]
  0x000001d08386f930 JavaThread "Unconstrained build operations Thread 21" [_thread_blocked, id=4452, stack(0x0000007223c00000,0x0000007223d00000)]
  0x000001d08386e120 JavaThread "Unconstrained build operations Thread 22" [_thread_blocked, id=17468, stack(0x0000007223d00000,0x0000007223e00000)]
  0x000001d08386cde0 JavaThread "Unconstrained build operations Thread 23" [_thread_blocked, id=17340, stack(0x0000007223e00000,0x0000007223f00000)]
  0x000001d08386baa0 JavaThread "Unconstrained build operations Thread 24" [_thread_blocked, id=12412, stack(0x0000007223f00000,0x0000007224000000)]
  0x000001d08386fe00 JavaThread "Unconstrained build operations Thread 25" [_thread_blocked, id=18628, stack(0x0000007224000000,0x0000007224100000)]
  0x000001d0838707a0 JavaThread "Unconstrained build operations Thread 26" [_thread_blocked, id=10604, stack(0x0000007224100000,0x0000007224200000)]
  0x000001d083871610 JavaThread "Unconstrained build operations Thread 27" [_thread_blocked, id=23140, stack(0x0000007224200000,0x0000007224300000)]
  0x000001d08386c440 JavaThread "Unconstrained build operations Thread 28" [_thread_blocked, id=6476, stack(0x0000007224300000,0x0000007224400000)]
  0x000001d083871fb0 JavaThread "Unconstrained build operations Thread 29" [_thread_blocked, id=19420, stack(0x0000007224400000,0x0000007224500000)]
  0x000001d08386e5f0 JavaThread "Unconstrained build operations Thread 30" [_thread_blocked, id=17464, stack(0x0000007224500000,0x0000007224600000)]
  0x000001d08386d2b0 JavaThread "Unconstrained build operations Thread 31" [_thread_blocked, id=14852, stack(0x0000007224600000,0x0000007224700000)]
  0x000001d08386c910 JavaThread "Unconstrained build operations Thread 32" [_thread_blocked, id=18600, stack(0x0000007224700000,0x0000007224800000)]
  0x000001d08386a760 JavaThread "Unconstrained build operations Thread 33" [_thread_blocked, id=23248, stack(0x0000007224800000,0x0000007224900000)]
  0x000001d08386ac30 JavaThread "Unconstrained build operations Thread 34" [_thread_blocked, id=2768, stack(0x0000007224900000,0x0000007224a00000)]
  0x000001d083871ae0 JavaThread "Unconstrained build operations Thread 35" [_thread_blocked, id=20604, stack(0x0000007224a00000,0x0000007224b00000)]
  0x000001d08386b100 JavaThread "Unconstrained build operations Thread 36" [_thread_blocked, id=16252, stack(0x0000007224b00000,0x0000007224c00000)]
  0x000001d08386d780 JavaThread "Unconstrained build operations Thread 37" [_thread_blocked, id=3000, stack(0x0000007224c00000,0x0000007224d00000)]
  0x000001d08386b5d0 JavaThread "Unconstrained build operations Thread 38" [_thread_blocked, id=19936, stack(0x0000007224d00000,0x0000007224e00000)]
  0x000001d08386eac0 JavaThread "Unconstrained build operations Thread 39" [_thread_blocked, id=16076, stack(0x0000007224e00000,0x0000007224f00000)]
  0x000001d08386bf70 JavaThread "Unconstrained build operations Thread 40" [_thread_blocked, id=10544, stack(0x0000007224f00000,0x0000007225000000)]
  0x000001d08386dc50 JavaThread "Unconstrained build operations Thread 41" [_thread_blocked, id=1792, stack(0x0000007225000000,0x0000007225100000)]
  0x000001d08386ef90 JavaThread "Unconstrained build operations Thread 42" [_thread_blocked, id=22540, stack(0x0000007225100000,0x0000007225200000)]
  0x000001d0868cc540 JavaThread "Unconstrained build operations Thread 43" [_thread_blocked, id=4180, stack(0x0000007225200000,0x0000007225300000)]
  0x000001d0868cf560 JavaThread "Unconstrained build operations Thread 44" [_thread_blocked, id=22784, stack(0x0000007225300000,0x0000007225400000)]
  0x000001d0868cc070 JavaThread "Unconstrained build operations Thread 45" [_thread_blocked, id=18928, stack(0x0000007225400000,0x0000007225500000)]
  0x000001d0868cdd50 JavaThread "Unconstrained build operations Thread 46" [_thread_blocked, id=10948, stack(0x0000007225500000,0x0000007225600000)]
  0x000001d0868d08a0 JavaThread "Unconstrained build operations Thread 47" [_thread_blocked, id=19892, stack(0x0000007225600000,0x0000007225700000)]
  0x000001d0868d33f0 JavaThread "Unconstrained build operations Thread 48" [_thread_blocked, id=12976, stack(0x0000007225700000,0x0000007225800000)]
  0x000001d0868cd880 JavaThread "Unconstrained build operations Thread 49" [_thread_blocked, id=15976, stack(0x0000007225800000,0x0000007225900000)]
  0x000001d0868d2580 JavaThread "Unconstrained build operations Thread 50" [_thread_blocked, id=16648, stack(0x0000007225900000,0x0000007225a00000)]
  0x000001d0868d38c0 JavaThread "Unconstrained build operations Thread 51" [_thread_blocked, id=7520, stack(0x0000007225a00000,0x0000007225b00000)]
  0x000001d0868cff00 JavaThread "Unconstrained build operations Thread 52" [_thread_blocked, id=2104, stack(0x0000007225b00000,0x0000007225c00000)]
  0x000001d0868cca10 JavaThread "Unconstrained build operations Thread 53" [_thread_blocked, id=7252, stack(0x0000007225c00000,0x0000007225d00000)]
  0x000001d0868d0d70 JavaThread "Unconstrained build operations Thread 54" [_thread_blocked, id=2928, stack(0x0000007225d00000,0x0000007225e00000)]
  0x000001d0868ccee0 JavaThread "Unconstrained build operations Thread 55" [_thread_blocked, id=22488, stack(0x0000007225e00000,0x0000007225f00000)]
  0x000001d0868cd3b0 JavaThread "Unconstrained build operations Thread 56" [_thread_blocked, id=736, stack(0x0000007225f00000,0x0000007226000000)]
  0x000001d0868cfa30 JavaThread "Unconstrained build operations Thread 57" [_thread_blocked, id=23380, stack(0x0000007226000000,0x0000007226100000)]
  0x000001d0868d1240 JavaThread "Unconstrained build operations Thread 58" [_thread_blocked, id=16152, stack(0x0000007226100000,0x0000007226200000)]
  0x000001d0868ce220 JavaThread "Unconstrained build operations Thread 59" [_thread_blocked, id=17584, stack(0x0000007226200000,0x0000007226300000)]
  0x000001d0868d1710 JavaThread "Unconstrained build operations Thread 60" [_thread_blocked, id=11800, stack(0x0000007226300000,0x0000007226400000)]
  0x000001d0868ce6f0 JavaThread "Unconstrained build operations Thread 61" [_thread_blocked, id=2664, stack(0x0000007226400000,0x0000007226500000)]
  0x000001d0868cebc0 JavaThread "Unconstrained build operations Thread 62" [_thread_blocked, id=12488, stack(0x0000007226500000,0x0000007226600000)]
  0x000001d0868d1be0 JavaThread "Unconstrained build operations Thread 63" [_thread_blocked, id=8252, stack(0x0000007226600000,0x0000007226700000)]
  0x000001d0868cf090 JavaThread "Unconstrained build operations Thread 64" [_thread_blocked, id=8220, stack(0x0000007226700000,0x0000007226800000)]
  0x000001d0868d03d0 JavaThread "Unconstrained build operations Thread 65" [_thread_blocked, id=7344, stack(0x0000007226800000,0x0000007226900000)]
  0x000001d0868d20b0 JavaThread "Unconstrained build operations Thread 66" [_thread_blocked, id=18232, stack(0x0000007226900000,0x0000007226a00000)]
  0x000001d0868d2a50 JavaThread "Unconstrained build operations Thread 67" [_thread_blocked, id=9468, stack(0x0000007226a00000,0x0000007226b00000)]
  0x000001d0868d2f20 JavaThread "Unconstrained build operations Thread 68" [_thread_blocked, id=16732, stack(0x0000007226b00000,0x0000007226c00000)]
  0x000001d083857db0 JavaThread "Unconstrained build operations Thread 69" [_thread_blocked, id=5604, stack(0x0000007226c00000,0x0000007226d00000)]
  0x000001d083859a90 JavaThread "Unconstrained build operations Thread 70" [_thread_blocked, id=1440, stack(0x0000007226d00000,0x0000007226e00000)]
  0x000001d083853f20 JavaThread "Unconstrained build operations Thread 71" [_thread_blocked, id=13508, stack(0x0000007226e00000,0x0000007226f00000)]
  0x000001d083855260 JavaThread "Unconstrained build operations Thread 72" [_thread_blocked, id=2464, stack(0x0000007226f00000,0x0000007227000000)]
  0x000001d083856f40 JavaThread "Unconstrained build operations Thread 73" [_thread_blocked, id=7120, stack(0x0000007227000000,0x0000007227100000)]
  0x000001d083855c00 JavaThread "Unconstrained build operations Thread 74" [_thread_blocked, id=22520, stack(0x0000007227100000,0x0000007227200000)]
  0x000001d083858750 JavaThread "Unconstrained build operations Thread 75" [_thread_blocked, id=8956, stack(0x0000007227200000,0x0000007227300000)]
  0x000001d083859f60 JavaThread "Unconstrained build operations Thread 76" [_thread_blocked, id=12184, stack(0x0000007227300000,0x0000007227400000)]
  0x000001d083857410 JavaThread "Unconstrained build operations Thread 77" [_thread_blocked, id=12612, stack(0x0000007227400000,0x0000007227500000)]
  0x000001d083854d90 JavaThread "Unconstrained build operations Thread 78" [_thread_blocked, id=11808, stack(0x0000007227500000,0x0000007227600000)]
  0x000001d083855730 JavaThread "Unconstrained build operations Thread 79" [_thread_blocked, id=21460, stack(0x0000007227600000,0x0000007227700000)]
  0x000001d0838560d0 JavaThread "Unconstrained build operations Thread 80" [_thread_blocked, id=4696, stack(0x0000007227700000,0x0000007227800000)]
  0x000001d0838530b0 JavaThread "jar transforms Thread 6" [_thread_blocked, id=20944, stack(0x0000007227800000,0x0000007227900000)]
  0x000001d0838565a0 JavaThread "jar transforms Thread 7" [_thread_blocked, id=5384, stack(0x0000007227900000,0x0000007227a00000)]
  0x000001d0838578e0 JavaThread "jar transforms Thread 8" [_thread_blocked, id=22812, stack(0x0000007227a00000,0x0000007227b00000)]
  0x000001d083856a70 JavaThread "build event listener" [_thread_blocked, id=1360, stack(0x0000007227b00000,0x0000007227c00000)]
  0x000001d0838543f0 JavaThread "Memory manager" [_thread_blocked, id=1744, stack(0x0000007227c00000,0x0000007227d00000)]

Other Threads:
  0x000001d082a53c60 VMThread "VM Thread" [stack: 0x000000721f600000,0x000000721f700000] [id=19316]
  0x000001d0e8b819e0 WatcherThread [stack: 0x0000007220200000,0x0000007220300000] [id=11520]
  0x000001d0e8b5b0d0 GCTaskThread "GC Thread#0" [stack: 0x000000721f100000,0x000000721f200000] [id=8284]
  0x000001d083d736d0 GCTaskThread "GC Thread#1" [stack: 0x0000007220400000,0x0000007220500000] [id=22340]
  0x000001d083d73980 GCTaskThread "GC Thread#2" [stack: 0x0000007220500000,0x0000007220600000] [id=3544]
  0x000001d083f0d750 GCTaskThread "GC Thread#3" [stack: 0x0000007220600000,0x0000007220700000] [id=5920]
  0x000001d084335880 GCTaskThread "GC Thread#4" [stack: 0x0000007220700000,0x0000007220800000] [id=4684]
  0x000001d085eed310 GCTaskThread "GC Thread#5" [stack: 0x0000007220b00000,0x0000007220c00000] [id=23340]
  0x000001d0847045e0 GCTaskThread "GC Thread#6" [stack: 0x0000007221300000,0x0000007221400000] [id=16912]
  0x000001d086135470 GCTaskThread "GC Thread#7" [stack: 0x0000007221400000,0x0000007221500000] [id=16740]
  0x000001d0e8b6bf20 ConcurrentGCThread "G1 Main Marker" [stack: 0x000000721f200000,0x000000721f300000] [id=11940]
  0x000001d0e8b6cfe0 ConcurrentGCThread "G1 Conc#0" [stack: 0x000000721f300000,0x000000721f400000] [id=13056]
  0x000001d086803940 ConcurrentGCThread "G1 Conc#1" [stack: 0x0000007221500000,0x0000007221600000] [id=2068]
  0x000001d0e8bc5570 ConcurrentGCThread "G1 Refine#0" [stack: 0x000000721f400000,0x000000721f500000] [id=10440]
  0x000001d0e8bc5ea0 ConcurrentGCThread "G1 Service" [stack: 0x000000721f500000,0x000000721f600000] [id=19008]

Threads with active compile tasks:
C2 CompilerThread0    10621 7235       4       org.gradle.internal.instantiation.generator.AbstractClassGenerator::inspectType (560 bytes)
C1 CompilerThread0    10621 7410       3       org.gradle.api.internal.artifacts.ivyservice.resolveengine.graph.builder.ModuleResolveState::mergedConstraintsAttributes (67 bytes)
C2 CompilerThread1    10621 7179   !   4       com.google.common.reflect.TypeVisitor::visit (244 bytes)

VM state: not at safepoint (normal execution)

VM Mutex/Monitor currently owned by a thread: None

Heap address: 0x0000000080000000, size: 2048 MB, Compressed Oops mode: 32-bit

CDS archive(s) not mapped
Compressed class space mapped at: 0x0000000100000000-0x0000000140000000, reserved size: 1073741824
Narrow klass base: 0x0000000000000000, Narrow klass shift: 3, Narrow klass range: 0x140000000

GC Precious Log:
 CPUs: 8 total, 8 available
 Memory: 8084M
 Large Page Support: Disabled
 NUMA Support: Disabled
 Compressed Oops: Enabled (32-bit)
 Heap Region Size: 1M
 Heap Min Capacity: 8M
 Heap Initial Capacity: 128M
 Heap Max Capacity: 2G
 Pre-touch: Disabled
 Parallel Workers: 8
 Concurrent Workers: 2
 Concurrent Refinement Workers: 8
 Periodic GC: Disabled

Heap:
 garbage-first heap   total 137216K, used 62619K [0x0000000080000000, 0x0000000100000000)
  region size 1024K, 8 young (8192K), 5 survivors (5120K)
 Metaspace       used 73921K, committed 74496K, reserved 1114112K
  class space    used 9994K, committed 10304K, reserved 1048576K

Heap Regions: E=young(eden), S=young(survivor), O=old, HS=humongous(starts), HC=humongous(continues), CS=collection set, F=free, OA=open archive, CA=closed archive, TAMS=top-at-mark-start (previous, next)
|   0|0x0000000080000000, 0x0000000080100000, 0x0000000080100000|100%|HS|  |TAMS 0x0000000080100000, 0x0000000080100000| Complete 
|   1|0x0000000080100000, 0x0000000080200000, 0x0000000080200000|100%|HC|  |TAMS 0x0000000080200000, 0x0000000080200000| Complete 
|   2|0x0000000080200000, 0x0000000080300000, 0x0000000080300000|100%|HC|  |TAMS 0x0000000080300000, 0x0000000080300000| Complete 
|   3|0x0000000080300000, 0x0000000080400000, 0x0000000080400000|100%|HC|  |TAMS 0x0000000080400000, 0x0000000080400000| Complete 
|   4|0x0000000080400000, 0x0000000080500000, 0x0000000080500000|100%| O|  |TAMS 0x0000000080500000, 0x0000000080500000| Untracked 
|   5|0x0000000080500000, 0x0000000080600000, 0x0000000080600000|100%| O|  |TAMS 0x0000000080600000, 0x0000000080600000| Untracked 
|   6|0x0000000080600000, 0x0000000080700000, 0x0000000080700000|100%| O|  |TAMS 0x0000000080700000, 0x0000000080700000| Untracked 
|   7|0x0000000080700000, 0x0000000080800000, 0x0000000080800000|100%| O|  |TAMS 0x0000000080800000, 0x0000000080800000| Untracked 
|   8|0x0000000080800000, 0x0000000080900000, 0x0000000080900000|100%| O|  |TAMS 0x0000000080900000, 0x0000000080900000| Untracked 
|   9|0x0000000080900000, 0x0000000080a00000, 0x0000000080a00000|100%| O|  |TAMS 0x0000000080a00000, 0x0000000080a00000| Untracked 
|  10|0x0000000080a00000, 0x0000000080b00000, 0x0000000080b00000|100%| O|  |TAMS 0x0000000080b00000, 0x0000000080b00000| Untracked 
|  11|0x0000000080b00000, 0x0000000080c00000, 0x0000000080c00000|100%| O|  |TAMS 0x0000000080c00000, 0x0000000080c00000| Untracked 
|  12|0x0000000080c00000, 0x0000000080d00000, 0x0000000080d00000|100%| O|  |TAMS 0x0000000080d00000, 0x0000000080d00000| Untracked 
|  13|0x0000000080d00000, 0x0000000080e00000, 0x0000000080e00000|100%| O|  |TAMS 0x0000000080e00000, 0x0000000080e00000| Untracked 
|  14|0x0000000080e00000, 0x0000000080f00000, 0x0000000080f00000|100%| O|  |TAMS 0x0000000080f00000, 0x0000000080f00000| Untracked 
|  15|0x0000000080f00000, 0x0000000081000000, 0x0000000081000000|100%| O|  |TAMS 0x0000000081000000, 0x0000000081000000| Untracked 
|  16|0x0000000081000000, 0x0000000081100000, 0x0000000081100000|100%| O|  |TAMS 0x0000000081100000, 0x0000000081100000| Untracked 
|  17|0x0000000081100000, 0x0000000081200000, 0x0000000081200000|100%| O|  |TAMS 0x0000000081200000, 0x0000000081200000| Untracked 
|  18|0x0000000081200000, 0x0000000081300000, 0x0000000081300000|100%| O|  |TAMS 0x0000000081300000, 0x0000000081300000| Untracked 
|  19|0x0000000081300000, 0x0000000081400000, 0x0000000081400000|100%| O|  |TAMS 0x0000000081400000, 0x0000000081400000| Untracked 
|  20|0x0000000081400000, 0x0000000081500000, 0x0000000081500000|100%|HS|  |TAMS 0x0000000081500000, 0x0000000081500000| Complete 
|  21|0x0000000081500000, 0x0000000081600000, 0x0000000081600000|100%| O|  |TAMS 0x0000000081600000, 0x0000000081600000| Untracked 
|  22|0x0000000081600000, 0x0000000081700000, 0x0000000081700000|100%| O|  |TAMS 0x0000000081700000, 0x0000000081700000| Untracked 
|  23|0x0000000081700000, 0x0000000081800000, 0x0000000081800000|100%| O|  |TAMS 0x0000000081800000, 0x0000000081800000| Untracked 
|  24|0x0000000081800000, 0x0000000081900000, 0x0000000081900000|100%| O|  |TAMS 0x0000000081900000, 0x0000000081900000| Untracked 
|  25|0x0000000081900000, 0x0000000081a00000, 0x0000000081a00000|100%| O|  |TAMS 0x0000000081a00000, 0x0000000081a00000| Untracked 
|  26|0x0000000081a00000, 0x0000000081b00000, 0x0000000081b00000|100%| O|  |TAMS 0x0000000081b00000, 0x0000000081b00000| Untracked 
|  27|0x0000000081b00000, 0x0000000081c00000, 0x0000000081c00000|100%| O|  |TAMS 0x0000000081c00000, 0x0000000081c00000| Untracked 
|  28|0x0000000081c00000, 0x0000000081d00000, 0x0000000081d00000|100%| O|  |TAMS 0x0000000081d00000, 0x0000000081d00000| Untracked 
|  29|0x0000000081d00000, 0x0000000081e00000, 0x0000000081e00000|100%| O|  |TAMS 0x0000000081e00000, 0x0000000081e00000| Untracked 
|  30|0x0000000081e00000, 0x0000000081f00000, 0x0000000081f00000|100%| O|  |TAMS 0x0000000081f00000, 0x0000000081f00000| Untracked 
|  31|0x0000000081f00000, 0x0000000082000000, 0x0000000082000000|100%| O|  |TAMS 0x0000000082000000, 0x0000000082000000| Untracked 
|  32|0x0000000082000000, 0x0000000082100000, 0x0000000082100000|100%|HS|  |TAMS 0x0000000082100000, 0x0000000082100000| Complete 
|  33|0x0000000082100000, 0x0000000082200000, 0x0000000082200000|100%|HS|  |TAMS 0x0000000082200000, 0x0000000082200000| Complete 
|  34|0x0000000082200000, 0x0000000082300000, 0x0000000082300000|100%| O|  |TAMS 0x0000000082300000, 0x0000000082300000| Untracked 
|  35|0x0000000082300000, 0x0000000082400000, 0x0000000082400000|100%| O|  |TAMS 0x0000000082400000, 0x0000000082400000| Untracked 
|  36|0x0000000082400000, 0x0000000082500000, 0x0000000082500000|100%| O|  |TAMS 0x0000000082500000, 0x0000000082500000| Untracked 
|  37|0x0000000082500000, 0x0000000082600000, 0x0000000082600000|100%| O|  |TAMS 0x0000000082600000, 0x0000000082600000| Untracked 
|  38|0x0000000082600000, 0x0000000082700000, 0x0000000082700000|100%| O|  |TAMS 0x0000000082700000, 0x0000000082700000| Untracked 
|  39|0x0000000082700000, 0x0000000082800000, 0x0000000082800000|100%| O|  |TAMS 0x0000000082800000, 0x0000000082800000| Untracked 
|  40|0x0000000082800000, 0x0000000082900000, 0x0000000082900000|100%| O|  |TAMS 0x0000000082900000, 0x0000000082900000| Untracked 
|  41|0x0000000082900000, 0x0000000082a00000, 0x0000000082a00000|100%| O|  |TAMS 0x0000000082a00000, 0x0000000082a00000| Untracked 
|  42|0x0000000082a00000, 0x0000000082b00000, 0x0000000082b00000|100%| O|  |TAMS 0x0000000082b00000, 0x0000000082b00000| Untracked 
|  43|0x0000000082b00000, 0x0000000082c00000, 0x0000000082c00000|100%| O|  |TAMS 0x0000000082c00000, 0x0000000082c00000| Untracked 
|  44|0x0000000082c00000, 0x0000000082d00000, 0x0000000082d00000|100%| O|  |TAMS 0x0000000082d00000, 0x0000000082d00000| Untracked 
|  45|0x0000000082d00000, 0x0000000082e00000, 0x0000000082e00000|100%| O|  |TAMS 0x0000000082d00000, 0x0000000082e00000| Untracked 
|  46|0x0000000082e00000, 0x0000000082f00000, 0x0000000082f00000|100%| O|  |TAMS 0x0000000082f00000, 0x0000000082f00000| Untracked 
|  47|0x0000000082f00000, 0x0000000083000000, 0x0000000083000000|100%| O|  |TAMS 0x0000000082f00000, 0x0000000083000000| Untracked 
|  48|0x0000000083000000, 0x0000000083100000, 0x0000000083100000|100%| O|  |TAMS 0x0000000083000000, 0x0000000083100000| Untracked 
|  49|0x0000000083100000, 0x0000000083200000, 0x0000000083200000|100%| O|  |TAMS 0x0000000083100000, 0x0000000083200000| Untracked 
|  50|0x0000000083200000, 0x0000000083300000, 0x0000000083300000|100%| O|  |TAMS 0x0000000083200000, 0x0000000083300000| Untracked 
|  51|0x0000000083300000, 0x0000000083400000, 0x0000000083400000|100%| O|  |TAMS 0x0000000083300000, 0x000000008338c200| Untracked 
|  52|0x0000000083400000, 0x0000000083500000, 0x0000000083500000|100%| O|  |TAMS 0x0000000083422400, 0x0000000083500000| Untracked 
|  53|0x0000000083500000, 0x0000000083600000, 0x0000000083600000|100%| O|  |TAMS 0x0000000083500000, 0x0000000083500000| Untracked 
|  54|0x0000000083600000, 0x00000000836f6400, 0x0000000083700000| 96%| O|  |TAMS 0x0000000083600000, 0x0000000083600000| Untracked 
|  55|0x0000000083700000, 0x0000000083700000, 0x0000000083800000|  0%| F|  |TAMS 0x0000000083700000, 0x0000000083700000| Untracked 
|  56|0x0000000083800000, 0x0000000083800000, 0x0000000083900000|  0%| F|  |TAMS 0x0000000083800000, 0x0000000083800000| Untracked 
|  57|0x0000000083900000, 0x0000000083900000, 0x0000000083a00000|  0%| F|  |TAMS 0x0000000083900000, 0x0000000083900000| Untracked 
|  58|0x0000000083a00000, 0x0000000083a00000, 0x0000000083b00000|  0%| F|  |TAMS 0x0000000083a00000, 0x0000000083a00000| Untracked 
|  59|0x0000000083b00000, 0x0000000083b00000, 0x0000000083c00000|  0%| F|  |TAMS 0x0000000083b00000, 0x0000000083b00000| Untracked 
|  60|0x0000000083c00000, 0x0000000083c00000, 0x0000000083d00000|  0%| F|  |TAMS 0x0000000083c00000, 0x0000000083c00000| Untracked 
|  61|0x0000000083d00000, 0x0000000083d00000, 0x0000000083e00000|  0%| F|  |TAMS 0x0000000083d00000, 0x0000000083d00000| Untracked 
|  62|0x0000000083e00000, 0x0000000083e00000, 0x0000000083f00000|  0%| F|  |TAMS 0x0000000083e00000, 0x0000000083e00000| Untracked 
|  63|0x0000000083f00000, 0x0000000083f00000, 0x0000000084000000|  0%| F|  |TAMS 0x0000000083f00000, 0x0000000083f00000| Untracked 
|  64|0x0000000084000000, 0x0000000084000000, 0x0000000084100000|  0%| F|  |TAMS 0x0000000084000000, 0x0000000084000000| Untracked 
|  65|0x0000000084100000, 0x0000000084100000, 0x0000000084200000|  0%| F|  |TAMS 0x0000000084100000, 0x0000000084100000| Untracked 
|  66|0x0000000084200000, 0x0000000084200000, 0x0000000084300000|  0%| F|  |TAMS 0x0000000084200000, 0x0000000084200000| Untracked 
|  67|0x0000000084300000, 0x0000000084300000, 0x0000000084400000|  0%| F|  |TAMS 0x0000000084300000, 0x0000000084300000| Untracked 
|  68|0x0000000084400000, 0x0000000084400000, 0x0000000084500000|  0%| F|  |TAMS 0x0000000084400000, 0x0000000084400000| Untracked 
|  69|0x0000000084500000, 0x0000000084500000, 0x0000000084600000|  0%| F|  |TAMS 0x0000000084500000, 0x0000000084500000| Untracked 
|  70|0x0000000084600000, 0x0000000084600000, 0x0000000084700000|  0%| F|  |TAMS 0x0000000084600000, 0x0000000084600000| Untracked 
|  71|0x0000000084700000, 0x0000000084700000, 0x0000000084800000|  0%| F|  |TAMS 0x0000000084700000, 0x0000000084700000| Untracked 
|  72|0x0000000084800000, 0x0000000084800000, 0x0000000084900000|  0%| F|  |TAMS 0x0000000084800000, 0x0000000084800000| Untracked 
|  73|0x0000000084900000, 0x0000000084900000, 0x0000000084a00000|  0%| F|  |TAMS 0x0000000084900000, 0x0000000084900000| Untracked 
|  74|0x0000000084a00000, 0x0000000084a00000, 0x0000000084b00000|  0%| F|  |TAMS 0x0000000084a00000, 0x0000000084a00000| Untracked 
|  75|0x0000000084b00000, 0x0000000084b00000, 0x0000000084c00000|  0%| F|  |TAMS 0x0000000084b00000, 0x0000000084b00000| Untracked 
|  76|0x0000000084c00000, 0x0000000084c00000, 0x0000000084d00000|  0%| F|  |TAMS 0x0000000084c00000, 0x0000000084c00000| Untracked 
|  77|0x0000000084d00000, 0x0000000084d00000, 0x0000000084e00000|  0%| F|  |TAMS 0x0000000084d00000, 0x0000000084d00000| Untracked 
|  78|0x0000000084e00000, 0x0000000084e00000, 0x0000000084f00000|  0%| F|  |TAMS 0x0000000084e00000, 0x0000000084e00000| Untracked 
|  79|0x0000000084f00000, 0x0000000084f00000, 0x0000000085000000|  0%| F|  |TAMS 0x0000000084f00000, 0x0000000084f00000| Untracked 
|  80|0x0000000085000000, 0x0000000085000000, 0x0000000085100000|  0%| F|  |TAMS 0x0000000085000000, 0x0000000085000000| Untracked 
|  81|0x0000000085100000, 0x0000000085100000, 0x0000000085200000|  0%| F|  |TAMS 0x0000000085100000, 0x0000000085100000| Untracked 
|  82|0x0000000085200000, 0x0000000085200000, 0x0000000085300000|  0%| F|  |TAMS 0x0000000085200000, 0x0000000085200000| Untracked 
|  83|0x0000000085300000, 0x0000000085300000, 0x0000000085400000|  0%| F|  |TAMS 0x0000000085300000, 0x0000000085300000| Untracked 
|  84|0x0000000085400000, 0x0000000085400000, 0x0000000085500000|  0%| F|  |TAMS 0x0000000085400000, 0x0000000085400000| Untracked 
|  85|0x0000000085500000, 0x0000000085500000, 0x0000000085600000|  0%| F|  |TAMS 0x0000000085500000, 0x0000000085500000| Untracked 
|  86|0x0000000085600000, 0x0000000085630900, 0x0000000085700000| 18%| S|CS|TAMS 0x0000000085600000, 0x0000000085600000| Complete 
|  87|0x0000000085700000, 0x0000000085800000, 0x0000000085800000|100%| S|CS|TAMS 0x0000000085700000, 0x0000000085700000| Complete 
|  88|0x0000000085800000, 0x0000000085900000, 0x0000000085900000|100%| S|CS|TAMS 0x0000000085800000, 0x0000000085800000| Complete 
|  89|0x0000000085900000, 0x0000000085a00000, 0x0000000085a00000|100%| S|CS|TAMS 0x0000000085900000, 0x0000000085900000| Complete 
|  90|0x0000000085a00000, 0x0000000085b00000, 0x0000000085b00000|100%| S|CS|TAMS 0x0000000085a00000, 0x0000000085a00000| Complete 
|  91|0x0000000085b00000, 0x0000000085b00000, 0x0000000085c00000|  0%| F|  |TAMS 0x0000000085b00000, 0x0000000085b00000| Untracked 
|  92|0x0000000085c00000, 0x0000000085c00000, 0x0000000085d00000|  0%| F|  |TAMS 0x0000000085c00000, 0x0000000085c00000| Untracked 
|  93|0x0000000085d00000, 0x0000000085d00000, 0x0000000085e00000|  0%| F|  |TAMS 0x0000000085d00000, 0x0000000085d00000| Untracked 
|  94|0x0000000085e00000, 0x0000000085e00000, 0x0000000085f00000|  0%| F|  |TAMS 0x0000000085e00000, 0x0000000085e00000| Untracked 
|  95|0x0000000085f00000, 0x0000000085f00000, 0x0000000086000000|  0%| F|  |TAMS 0x0000000085f00000, 0x0000000085f00000| Untracked 
|  96|0x0000000086000000, 0x0000000086000000, 0x0000000086100000|  0%| F|  |TAMS 0x0000000086000000, 0x0000000086000000| Untracked 
|  97|0x0000000086100000, 0x0000000086100000, 0x0000000086200000|  0%| F|  |TAMS 0x0000000086100000, 0x0000000086100000| Untracked 
|  98|0x0000000086200000, 0x0000000086200000, 0x0000000086300000|  0%| F|  |TAMS 0x0000000086200000, 0x0000000086200000| Untracked 
|  99|0x0000000086300000, 0x0000000086300000, 0x0000000086400000|  0%| F|  |TAMS 0x0000000086300000, 0x0000000086300000| Untracked 
| 100|0x0000000086400000, 0x0000000086400000, 0x0000000086500000|  0%| F|  |TAMS 0x0000000086400000, 0x0000000086400000| Untracked 
| 101|0x0000000086500000, 0x0000000086500000, 0x0000000086600000|  0%| F|  |TAMS 0x0000000086500000, 0x0000000086500000| Untracked 
| 102|0x0000000086600000, 0x0000000086600000, 0x0000000086700000|  0%| F|  |TAMS 0x0000000086600000, 0x0000000086600000| Untracked 
| 103|0x0000000086700000, 0x0000000086700000, 0x0000000086800000|  0%| F|  |TAMS 0x0000000086700000, 0x0000000086700000| Untracked 
| 104|0x0000000086800000, 0x0000000086800000, 0x0000000086900000|  0%| F|  |TAMS 0x0000000086800000, 0x0000000086800000| Untracked 
| 105|0x0000000086900000, 0x0000000086900000, 0x0000000086a00000|  0%| F|  |TAMS 0x0000000086900000, 0x0000000086900000| Untracked 
| 106|0x0000000086a00000, 0x0000000086a00000, 0x0000000086b00000|  0%| F|  |TAMS 0x0000000086a00000, 0x0000000086a00000| Untracked 
| 107|0x0000000086b00000, 0x0000000086b00000, 0x0000000086c00000|  0%| F|  |TAMS 0x0000000086b00000, 0x0000000086b00000| Untracked 
| 108|0x0000000086c00000, 0x0000000086c00000, 0x0000000086d00000|  0%| F|  |TAMS 0x0000000086c00000, 0x0000000086c00000| Untracked 
| 109|0x0000000086d00000, 0x0000000086d00000, 0x0000000086e00000|  0%| F|  |TAMS 0x0000000086d00000, 0x0000000086d00000| Untracked 
| 110|0x0000000086e00000, 0x0000000086e00000, 0x0000000086f00000|  0%| F|  |TAMS 0x0000000086e00000, 0x0000000086e00000| Untracked 
| 111|0x0000000086f00000, 0x0000000086f00000, 0x0000000087000000|  0%| F|  |TAMS 0x0000000086f00000, 0x0000000086f00000| Untracked 
| 112|0x0000000087000000, 0x0000000087000000, 0x0000000087100000|  0%| F|  |TAMS 0x0000000087000000, 0x0000000087000000| Untracked 
| 113|0x0000000087100000, 0x0000000087100000, 0x0000000087200000|  0%| F|  |TAMS 0x0000000087100000, 0x0000000087100000| Untracked 
| 114|0x0000000087200000, 0x0000000087200000, 0x0000000087300000|  0%| F|  |TAMS 0x0000000087200000, 0x0000000087200000| Untracked 
| 115|0x0000000087300000, 0x0000000087300000, 0x0000000087400000|  0%| F|  |TAMS 0x0000000087300000, 0x0000000087300000| Untracked 
| 116|0x0000000087400000, 0x0000000087400000, 0x0000000087500000|  0%| F|  |TAMS 0x0000000087400000, 0x0000000087400000| Untracked 
| 117|0x0000000087500000, 0x0000000087500000, 0x0000000087600000|  0%| F|  |TAMS 0x0000000087500000, 0x0000000087500000| Untracked 
| 118|0x0000000087600000, 0x0000000087600000, 0x0000000087700000|  0%| F|  |TAMS 0x0000000087600000, 0x0000000087600000| Untracked 
| 119|0x0000000087700000, 0x0000000087700000, 0x0000000087800000|  0%| F|  |TAMS 0x0000000087700000, 0x0000000087700000| Untracked 
| 120|0x0000000087800000, 0x0000000087800000, 0x0000000087900000|  0%| F|  |TAMS 0x0000000087800000, 0x0000000087800000| Untracked 
| 121|0x0000000087900000, 0x0000000087900000, 0x0000000087a00000|  0%| F|  |TAMS 0x0000000087900000, 0x0000000087900000| Untracked 
| 122|0x0000000087a00000, 0x0000000087a00000, 0x0000000087b00000|  0%| F|  |TAMS 0x0000000087a00000, 0x0000000087a00000| Untracked 
| 123|0x0000000087b00000, 0x0000000087b00000, 0x0000000087c00000|  0%| F|  |TAMS 0x0000000087b00000, 0x0000000087b00000| Untracked 
| 124|0x0000000087c00000, 0x0000000087c00000, 0x0000000087d00000|  0%| F|  |TAMS 0x0000000087c00000, 0x0000000087c00000| Untracked 
| 125|0x0000000087d00000, 0x0000000087d00000, 0x0000000087e00000|  0%| F|  |TAMS 0x0000000087d00000, 0x0000000087d00000| Untracked 
| 126|0x0000000087e00000, 0x0000000087e00000, 0x0000000087f00000|  0%| F|  |TAMS 0x0000000087e00000, 0x0000000087e00000| Untracked 
| 127|0x0000000087f00000, 0x0000000087f00000, 0x0000000088000000|  0%| F|  |TAMS 0x0000000087f00000, 0x0000000087f00000| Untracked 
| 128|0x0000000088000000, 0x0000000088000000, 0x0000000088100000|  0%| F|  |TAMS 0x0000000088000000, 0x0000000088000000| Untracked 
| 129|0x0000000088100000, 0x0000000088100000, 0x0000000088200000|  0%| F|  |TAMS 0x0000000088100000, 0x0000000088100000| Untracked 
| 130|0x0000000088200000, 0x0000000088200000, 0x0000000088300000|  0%| F|  |TAMS 0x0000000088200000, 0x0000000088200000| Untracked 
| 131|0x0000000088300000, 0x0000000088380800, 0x0000000088400000|100%| E|  |TAMS 0x0000000088300000, 0x0000000088300000| Complete 
| 132|0x0000000088400000, 0x0000000088500000, 0x0000000088500000|100%| E|CS|TAMS 0x0000000088400000, 0x0000000088400000| Complete 
| 133|0x0000000088500000, 0x0000000088600000, 0x0000000088600000|100%| E|CS|TAMS 0x0000000088500000, 0x0000000088500000| Complete 

Card table byte_map: [0x000001d0fb700000,0x000001d0fbb00000] _byte_map_base: 0x000001d0fb300000

Marking Bits (Prev, Next): (CMBitMap*) 0x000001d0e8b5b630, (CMBitMap*) 0x000001d0e8b5b5f0
 Prev Bits: [0x000001d0fdf00000, 0x000001d0fff00000)
 Next Bits: [0x000001d0fbf00000, 0x000001d0fdf00000)

Polling page: 0x000001d0e69d0000

Metaspace:

Usage:
  Non-class:     62.45 MB used.
      Class:      9.76 MB used.
       Both:     72.21 MB used.

Virtual space:
  Non-class space:       64.00 MB reserved,      62.75 MB ( 98%) committed,  8 nodes.
      Class space:        1.00 GB reserved,      10.06 MB ( <1%) committed,  1 nodes.
             Both:        1.06 GB reserved,      72.81 MB (  7%) committed. 

Chunk freelists:
   Non-Class:  480.00 KB
       Class:  1.92 MB
        Both:  2.39 MB

MaxMetaspaceSize: unlimited
CompressedClassSpaceSize: 1.00 GB
Initial GC threshold: 21.00 MB
Current GC threshold: 109.62 MB
CDS: off
MetaspaceReclaimPolicy: balanced
 - commit_granule_bytes: 65536.
 - commit_granule_words: 8192.
 - virtual_space_node_default_size: 1048576.
 - enlarge_chunks_in_place: 1.
 - new_chunks_are_fully_committed: 0.
 - uncommit_free_chunks: 1.
 - use_allocation_guard: 0.
 - handle_deallocations: 1.


Internal statistics:

num_allocs_failed_limit: 14.
num_arena_births: 650.
num_arena_deaths: 0.
num_vsnodes_births: 9.
num_vsnodes_deaths: 0.
num_space_committed: 1165.
num_space_uncommitted: 0.
num_chunks_returned_to_freelist: 14.
num_chunks_taken_from_freelist: 3182.
num_chunk_merges: 3.
num_chunk_splits: 2120.
num_chunks_enlarged: 1458.
num_purges: 0.
num_inconsistent_stats: 0.

CodeHeap 'non-profiled nmethods': size=120000Kb used=3596Kb max_used=3596Kb free=116404Kb
 bounds [0x000001d0f3aa0000, 0x000001d0f3e30000, 0x000001d0fafd0000]
CodeHeap 'profiled nmethods': size=120000Kb used=12792Kb max_used=12792Kb free=107207Kb
 bounds [0x000001d0ebfd0000, 0x000001d0ecc50000, 0x000001d0f3500000]
CodeHeap 'non-nmethods': size=5760Kb used=2358Kb max_used=2515Kb free=3401Kb
 bounds [0x000001d0f3500000, 0x000001d0f3790000, 0x000001d0f3aa0000]
 total_blobs=7457 nmethods=6569 adapters=800
 compilation: enabled
              stopped_count=0, restarted_count=0
 full_count=0

Compilation events (20 events):
Event: 10.515 Thread 0x000001d082a7cae0 7262       3       org.codehaus.groovy.reflection.ClassInfo::createCachedClass (514 bytes)
Event: 10.518 Thread 0x000001d082a7cae0 nmethod 7262 0x000001d0ecbebc10 code [0x000001d0ecbec1c0, 0x000001d0ecbeec18]
Event: 10.518 Thread 0x000001d082a7cae0 7263       3       org.codehaus.groovy.reflection.CachedClass$8::initValue (5 bytes)
Event: 10.519 Thread 0x000001d082a7cae0 nmethod 7263 0x000001d0ecbef810 code [0x000001d0ecbef9c0, 0x000001d0ecbefb08]
Event: 10.522 Thread 0x000001d082a7cae0 7268       1       java.lang.reflect.AccessibleObject::isAccessible (5 bytes)
Event: 10.522 Thread 0x000001d082a7cae0 nmethod 7268 0x000001d0f3e1be10 code [0x000001d0f3e1bfa0, 0x000001d0f3e1c078]
Event: 10.524 Thread 0x000001d082a7cae0 7269       3       org.gradle.internal.instantiation.generator.AbstractClassGenerator::isRoleType (49 bytes)
Event: 10.525 Thread 0x000001d082a7cae0 nmethod 7269 0x000001d0ecbefb90 code [0x000001d0ecbefee0, 0x000001d0ecbf1598]
Event: 10.525 Thread 0x000001d082a7cae0 7270       3       org.objectweb.asm.SymbolTable$Entry::<init> (18 bytes)
Event: 10.525 Thread 0x000001d082a7cae0 nmethod 7270 0x000001d0ecbf1d10 code [0x000001d0ecbf1ec0, 0x000001d0ecbf2048]
Event: 10.526 Thread 0x000001d082a7cae0 7271       1       org.gradle.api.internal.collections.AbstractIterationOrderRetainingElementSource::getInserted (5 bytes)
Event: 10.526 Thread 0x000001d082a7cae0 nmethod 7271 0x000001d0f3e1c110 code [0x000001d0f3e1c2a0, 0x000001d0f3e1c378]
Event: 10.526 Thread 0x000001d082a7cae0 7272       3       org.gradle.internal.metaobject.DynamicInvokeResult::isFound (16 bytes)
Event: 10.526 Thread 0x000001d082a7cae0 nmethod 7272 0x000001d0ecbf2110 code [0x000001d0ecbf22a0, 0x000001d0ecbf2418]
Event: 10.528 Thread 0x000001d082a7cae0 7273       1       com.android.build.gradle.internal.core.dsl.impl.ComponentDslInfoImpl::getComponentType (5 bytes)
Event: 10.528 Thread 0x000001d082a7cae0 nmethod 7273 0x000001d0f3e1c410 code [0x000001d0f3e1c5a0, 0x000001d0f3e1c678]
Event: 10.551 Thread 0x000001d082a7cae0 7274       1       com.google.common.collect.SingletonImmutableList::size (2 bytes)
Event: 10.551 Thread 0x000001d082a7cae0 nmethod 7274 0x000001d0f3e1c710 code [0x000001d0f3e1c8a0, 0x000001d0f3e1c978]
Event: 10.553 Thread 0x000001d082a7cae0 7275       3       com.google.common.collect.ImmutableMap$Builder::ensureCapacity (38 bytes)
Event: 10.553 Thread 0x000001d082a7cae0 nmethod 7275 0x000001d0ecbf2490 code [0x000001d0ecbf2660, 0x000001d0ecbf2a18]

GC Heap History (20 events):
Event: 6.267 GC heap before
{Heap before GC invocations=13 (full 0):
 garbage-first heap   total 91136K, used 68338K [0x0000000080000000, 0x0000000100000000)
  region size 1024K, 41 young (41984K), 5 survivors (5120K)
 Metaspace       used 49508K, committed 49920K, reserved 1097728K
  class space    used 6548K, committed 6720K, reserved 1048576K
}
Event: 6.273 GC heap after
{Heap after GC invocations=14 (full 0):
 garbage-first heap   total 91136K, used 33451K [0x0000000080000000, 0x0000000100000000)
  region size 1024K, 2 young (2048K), 2 survivors (2048K)
 Metaspace       used 49508K, committed 49920K, reserved 1097728K
  class space    used 6548K, committed 6720K, reserved 1048576K
}
Event: 6.902 GC heap before
{Heap before GC invocations=14 (full 0):
 garbage-first heap   total 91136K, used 69291K [0x0000000080000000, 0x0000000100000000)
  region size 1024K, 38 young (38912K), 2 survivors (2048K)
 Metaspace       used 51463K, committed 51904K, reserved 1097728K
  class space    used 6798K, committed 6976K, reserved 1048576K
}
Event: 6.907 GC heap after
{Heap after GC invocations=15 (full 0):
 garbage-first heap   total 91136K, used 36523K [0x0000000080000000, 0x0000000100000000)
  region size 1024K, 5 young (5120K), 5 survivors (5120K)
 Metaspace       used 51463K, committed 51904K, reserved 1097728K
  class space    used 6798K, committed 6976K, reserved 1048576K
}
Event: 7.460 GC heap before
{Heap before GC invocations=15 (full 0):
 garbage-first heap   total 91136K, used 74411K [0x0000000080000000, 0x0000000100000000)
  region size 1024K, 39 young (39936K), 5 survivors (5120K)
 Metaspace       used 55045K, committed 55488K, reserved 1097728K
  class space    used 7282K, committed 7488K, reserved 1048576K
}
Event: 7.467 GC heap after
{Heap after GC invocations=16 (full 0):
 garbage-first heap   total 91136K, used 45725K [0x0000000080000000, 0x0000000100000000)
  region size 1024K, 5 young (5120K), 5 survivors (5120K)
 Metaspace       used 55045K, committed 55488K, reserved 1097728K
  class space    used 7282K, committed 7488K, reserved 1048576K
}
Event: 7.878 GC heap before
{Heap before GC invocations=16 (full 0):
 garbage-first heap   total 91136K, used 71325K [0x0000000080000000, 0x0000000100000000)
  region size 1024K, 30 young (30720K), 5 survivors (5120K)
 Metaspace       used 59001K, committed 59520K, reserved 1105920K
  class space    used 7784K, committed 8000K, reserved 1048576K
}
Event: 7.881 GC heap after
{Heap after GC invocations=17 (full 0):
 garbage-first heap   total 91136K, used 47264K [0x0000000080000000, 0x0000000100000000)
  region size 1024K, 1 young (1024K), 1 survivors (1024K)
 Metaspace       used 59001K, committed 59520K, reserved 1105920K
  class space    used 7784K, committed 8000K, reserved 1048576K
}
Event: 7.974 GC heap before
{Heap before GC invocations=17 (full 0):
 garbage-first heap   total 91136K, used 51360K [0x0000000080000000, 0x0000000100000000)
  region size 1024K, 6 young (6144K), 1 survivors (1024K)
 Metaspace       used 59925K, committed 60416K, reserved 1105920K
  class space    used 7919K, committed 8128K, reserved 1048576K
}
Event: 7.978 GC heap after
{Heap after GC invocations=18 (full 0):
 garbage-first heap   total 91136K, used 47441K [0x0000000080000000, 0x0000000100000000)
  region size 1024K, 2 young (2048K), 2 survivors (2048K)
 Metaspace       used 59925K, committed 60416K, reserved 1105920K
  class space    used 7919K, committed 8128K, reserved 1048576K
}
Event: 8.259 GC heap before
{Heap before GC invocations=19 (full 0):
 garbage-first heap   total 91136K, used 59729K [0x0000000080000000, 0x0000000100000000)
  region size 1024K, 16 young (16384K), 2 survivors (2048K)
 Metaspace       used 62697K, committed 63296K, reserved 1105920K
  class space    used 8286K, committed 8576K, reserved 1048576K
}
Event: 8.263 GC heap after
{Heap after GC invocations=20 (full 0):
 garbage-first heap   total 91136K, used 49188K [0x0000000080000000, 0x0000000100000000)
  region size 1024K, 3 young (3072K), 3 survivors (3072K)
 Metaspace       used 62697K, committed 63296K, reserved 1105920K
  class space    used 8286K, committed 8576K, reserved 1048576K
}
Event: 8.530 GC heap before
{Heap before GC invocations=21 (full 0):
 garbage-first heap   total 106496K, used 77860K [0x0000000080000000, 0x0000000100000000)
  region size 1024K, 25 young (25600K), 3 survivors (3072K)
 Metaspace       used 64047K, committed 64576K, reserved 1105920K
  class space    used 8460K, committed 8704K, reserved 1048576K
}
Event: 8.535 GC heap after
{Heap after GC invocations=22 (full 0):
 garbage-first heap   total 106496K, used 51337K [0x0000000080000000, 0x0000000100000000)
  region size 1024K, 4 young (4096K), 4 survivors (4096K)
 Metaspace       used 64047K, committed 64576K, reserved 1105920K
  class space    used 8460K, committed 8704K, reserved 1048576K
}
Event: 8.959 GC heap before
{Heap before GC invocations=22 (full 0):
 garbage-first heap   total 106496K, used 80009K [0x0000000080000000, 0x0000000100000000)
  region size 1024K, 32 young (32768K), 4 survivors (4096K)
 Metaspace       used 66683K, committed 67264K, reserved 1114112K
  class space    used 8799K, committed 9088K, reserved 1048576K
}
Event: 8.964 GC heap after
{Heap after GC invocations=23 (full 0):
 garbage-first heap   total 106496K, used 53833K [0x0000000080000000, 0x0000000100000000)
  region size 1024K, 3 young (3072K), 3 survivors (3072K)
 Metaspace       used 66683K, committed 67264K, reserved 1114112K
  class space    used 8799K, committed 9088K, reserved 1048576K
}
Event: 9.156 GC heap before
{Heap before GC invocations=24 (full 0):
 garbage-first heap   total 106496K, used 81481K [0x0000000080000000, 0x0000000100000000)
  region size 1024K, 30 young (30720K), 3 survivors (3072K)
 Metaspace       used 66876K, committed 67456K, reserved 1114112K
  class space    used 8833K, committed 9088K, reserved 1048576K
}
Event: 9.172 GC heap after
{Heap after GC invocations=25 (full 0):
 garbage-first heap   total 106496K, used 56579K [0x0000000080000000, 0x0000000100000000)
  region size 1024K, 3 young (3072K), 3 survivors (3072K)
 Metaspace       used 66876K, committed 67456K, reserved 1114112K
  class space    used 8833K, committed 9088K, reserved 1048576K
}
Event: 9.560 GC heap before
{Heap before GC invocations=25 (full 0):
 garbage-first heap   total 106496K, used 80131K [0x0000000080000000, 0x0000000100000000)
  region size 1024K, 27 young (27648K), 3 survivors (3072K)
 Metaspace       used 68744K, committed 69312K, reserved 1114112K
  class space    used 9091K, committed 9344K, reserved 1048576K
}
Event: 9.567 GC heap after
{Heap after GC invocations=26 (full 0):
 garbage-first heap   total 137216K, used 58510K [0x0000000080000000, 0x0000000100000000)
  region size 1024K, 3 young (3072K), 3 survivors (3072K)
 Metaspace       used 68744K, committed 69312K, reserved 1114112K
  class space    used 9091K, committed 9344K, reserved 1048576K
}

Dll operation events (2 events):
Event: 0.016 Loaded shared library C:\Program Files\Android\Android Studio\jbr\bin\java.dll
Event: 0.541 Loaded shared library C:\Program Files\Android\Android Studio\jbr\bin\verify.dll

Deoptimization events (20 events):
Event: 9.683 Thread 0x000001d085d75000 Uncommon trap: trap_request=0xffffff45 fr.pc=0x000001d0f3adad14 relative=0x0000000000000114
Event: 9.683 Thread 0x000001d085d75000 Uncommon trap: reason=unstable_if action=reinterpret pc=0x000001d0f3adad14 method=java.lang.String.getBytes([BIIBI)V @ 6 c2
Event: 9.683 Thread 0x000001d085d75000 DEOPT PACKING pc=0x000001d0f3adad14 sp=0x0000007220ff74f0
Event: 9.683 Thread 0x000001d085d75000 DEOPT UNPACKING pc=0x000001d0f35569a3 sp=0x0000007220ff74b8 mode 2
Event: 9.683 Thread 0x000001d085d75000 Uncommon trap: trap_request=0xffffff45 fr.pc=0x000001d0f3ada854 relative=0x0000000000000134
Event: 9.683 Thread 0x000001d085d75000 Uncommon trap: reason=unstable_if action=reinterpret pc=0x000001d0f3ada854 method=java.lang.AbstractStringBuilder.putStringAt(ILjava/lang/String;II)V @ 8 c2
Event: 9.683 Thread 0x000001d085d75000 DEOPT PACKING pc=0x000001d0f3ada854 sp=0x0000007220ff75f0
Event: 9.683 Thread 0x000001d085d75000 DEOPT UNPACKING pc=0x000001d0f35569a3 sp=0x0000007220ff7538 mode 2
Event: 10.138 Thread 0x000001d085d75000 Uncommon trap: trap_request=0xffffffdc fr.pc=0x000001d0f3df53d0 relative=0x00000000000002b0
Event: 10.138 Thread 0x000001d085d75000 Uncommon trap: reason=class_check action=make_not_entrant pc=0x000001d0f3df53d0 method=java.util.ArrayList.toArray([Ljava/lang/Object;)[Ljava/lang/Object; @ 21 c2
Event: 10.138 Thread 0x000001d085d75000 DEOPT PACKING pc=0x000001d0f3df53d0 sp=0x0000007220ff8da0
Event: 10.138 Thread 0x000001d085d75000 DEOPT UNPACKING pc=0x000001d0f35569a3 sp=0x0000007220ff8d70 mode 2
Event: 10.329 Thread 0x000001d085d75000 Uncommon trap: trap_request=0xffffff45 fr.pc=0x000001d0f3d548cc relative=0x000000000000028c
Event: 10.329 Thread 0x000001d085d75000 Uncommon trap: reason=unstable_if action=reinterpret pc=0x000001d0f3d548cc method=java.io.WinNTFileSystem.prefixLength(Ljava/lang/String;)I @ 11 c2
Event: 10.329 Thread 0x000001d085d75000 DEOPT PACKING pc=0x000001d0f3d548cc sp=0x0000007220ff8d70
Event: 10.329 Thread 0x000001d085d75000 DEOPT UNPACKING pc=0x000001d0f35569a3 sp=0x0000007220ff8cf0 mode 2
Event: 10.404 Thread 0x000001d085d75000 DEOPT PACKING pc=0x000001d0ec37a398 sp=0x0000007220ff8170
Event: 10.404 Thread 0x000001d085d75000 DEOPT UNPACKING pc=0x000001d0f3557143 sp=0x0000007220ff7650 mode 0
Event: 10.445 Thread 0x000001d085d75000 DEOPT PACKING pc=0x000001d0ecb1487d sp=0x0000007220ff8610
Event: 10.445 Thread 0x000001d085d75000 DEOPT UNPACKING pc=0x000001d0f3557143 sp=0x0000007220ff7bb0 mode 0

Classes unloaded (0 events):
No events

Classes redefined (0 events):
No events

Internal exceptions (20 events):
Event: 9.255 Thread 0x000001d085d75000 Exception <a 'java/lang/ClassNotFoundException'{0x0000000086114cf0}: org/gradle/api/JavaVersionBeanInfo> (0x0000000086114cf0) 
thrown [s\src\hotspot\share\classfile\systemDictionary.cpp, line 256]
Event: 9.255 Thread 0x000001d085d75000 Exception <a 'java/lang/ClassNotFoundException'{0x000000008612afa0}: org/gradle/api/JavaVersionCustomizer> (0x000000008612afa0) 
thrown [s\src\hotspot\share\classfile\systemDictionary.cpp, line 256]
Event: 9.258 Thread 0x000001d085d75000 Exception <a 'java/lang/ClassNotFoundException'{0x0000000086170810}: com/android/build/gradle/internal/CompileOptions$AgpDecorated_DecoratedBeanInfo> (0x0000000086170810) 
thrown [s\src\hotspot\share\classfile\systemDictionary.cpp, line 256]
Event: 9.259 Thread 0x000001d085d75000 Exception <a 'java/lang/ClassNotFoundException'{0x000000008617de70}: com/android/build/gradle/internal/CompileOptions$AgpDecoratedBeanInfo> (0x000000008617de70) 
thrown [s\src\hotspot\share\classfile\systemDictionary.cpp, line 256]
Event: 9.261 Thread 0x000001d085d75000 Exception <a 'java/lang/ClassNotFoundException'{0x000000008618b538}: com/android/build/gradle/internal/CompileOptionsBeanInfo> (0x000000008618b538) 
thrown [s\src\hotspot\share\classfile\systemDictionary.cpp, line 256]
Event: 9.261 Thread 0x000001d085d75000 Exception <a 'java/lang/ClassNotFoundException'{0x00000000861989a8}: com/android/build/gradle/internal/CompileOptionsCustomizer> (0x00000000861989a8) 
thrown [s\src\hotspot\share\classfile\systemDictionary.cpp, line 256]
Event: 9.261 Thread 0x000001d085d75000 Exception <a 'java/lang/ClassNotFoundException'{0x00000000861b1318}: com/android/build/gradle/internal/CompileOptions$AgpDecoratedCustomizer> (0x00000000861b1318) 
thrown [s\src\hotspot\share\classfile\systemDictionary.cpp, line 256]
Event: 9.262 Thread 0x000001d085d75000 Exception <a 'java/lang/ClassNotFoundException'{0x00000000861c2198}: com/android/build/gradle/internal/CompileOptions$AgpDecorated_DecoratedCustomizer> (0x00000000861c2198) 
thrown [s\src\hotspot\share\classfile\systemDictionary.cpp, line 256]
Event: 9.268 Thread 0x000001d085d75000 Exception <a 'java/lang/ClassNotFoundException'{0x000000008603d750}: org/gradle/api/internal/artifacts/dsl/dependencies/DefaultDependencyHandler_DecoratedBeanInfo> (0x000000008603d750) 
thrown [s\src\hotspot\share\classfile\systemDictionary.cpp, line 256]
Event: 9.269 Thread 0x000001d085d75000 Exception <a 'java/lang/ClassNotFoundException'{0x00000000860576d8}: org/gradle/api/internal/artifacts/dsl/dependencies/DefaultDependencyHandlerBeanInfo> (0x00000000860576d8) 
thrown [s\src\hotspot\share\classfile\systemDictionary.cpp, line 256]
Event: 9.270 Thread 0x000001d085d75000 Exception <a 'java/lang/ClassNotFoundException'{0x0000000086071620}: org/gradle/api/internal/artifacts/dsl/dependencies/DefaultDependencyHandlerCustomizer> (0x0000000086071620) 
thrown [s\src\hotspot\share\classfile\systemDictionary.cpp, line 256]
Event: 9.272 Thread 0x000001d085d75000 Exception <a 'java/lang/ClassNotFoundException'{0x00000000860b2e10}: org/gradle/api/internal/artifacts/dsl/dependencies/DefaultDependencyHandler_DecoratedCustomizer> (0x00000000860b2e10) 
thrown [s\src\hotspot\share\classfile\systemDictionary.cpp, line 256]
Event: 10.286 Thread 0x000001d085d75000 Exception <a 'java/lang/NoSuchMethodError'{0x0000000086cacc70}: 'int java.lang.invoke.DirectMethodHandle$Holder.invokeSpecialIFC(java.lang.Object, java.lang.Object, java.lang.Object, java.lang.Object, java.lang.Object)'> (0x0000000086cacc70) 
thrown [s\src\hotspot\share\interpreter\linkResolver.cpp, line 771]
Event: 10.515 Thread 0x000001d085d75000 Exception <a 'java/lang/ClassNotFoundException'{0x0000000085fbc098}: com/android/build/gradle/internal/api/ApkVariantOutputImpl_DecoratedBeanInfo> (0x0000000085fbc098) 
thrown [s\src\hotspot\share\classfile\systemDictionary.cpp, line 256]
Event: 10.516 Thread 0x000001d085d75000 Exception <a 'java/lang/ClassNotFoundException'{0x0000000085fc8c70}: com/android/build/gradle/internal/api/ApkVariantOutputImplBeanInfo> (0x0000000085fc8c70) 
thrown [s\src\hotspot\share\classfile\systemDictionary.cpp, line 256]
Event: 10.516 Thread 0x000001d085d75000 Exception <a 'java/lang/ClassNotFoundException'{0x0000000085fd5858}: com/android/build/gradle/internal/api/BaseVariantOutputImplBeanInfo> (0x0000000085fd5858) 
thrown [s\src\hotspot\share\classfile\systemDictionary.cpp, line 256]
Event: 10.517 Thread 0x000001d085d75000 Exception <a 'java/lang/ClassNotFoundException'{0x0000000085fe26c0}: com/android/build/gradle/internal/api/BaseVariantOutputImplCustomizer> (0x0000000085fe26c0) 
thrown [s\src\hotspot\share\classfile\systemDictionary.cpp, line 256]
Event: 10.519 Thread 0x000001d085d75000 Exception <a 'java/lang/ClassNotFoundException'{0x0000000085e020e8}: com/android/build/gradle/internal/api/ApkVariantOutputImplCustomizer> (0x0000000085e020e8) 
thrown [s\src\hotspot\share\classfile\systemDictionary.cpp, line 256]
Event: 10.520 Thread 0x000001d085d75000 Exception <a 'java/lang/ClassNotFoundException'{0x0000000085e1b8e0}: com/android/build/gradle/internal/api/ApkVariantOutputImpl_DecoratedCustomizer> (0x0000000085e1b8e0) 
thrown [s\src\hotspot\share\classfile\systemDictionary.cpp, line 256]
Event: 10.527 Thread 0x000001d085d75000 Exception <a 'java/lang/NoClassDefFoundError'{0x0000000085d03558}: org/jetbrains/kotlin/gradle/plugin/KotlinBasePluginWrapper> (0x0000000085d03558) 
thrown [s\src\hotspot\share\classfile\systemDictionary.cpp, line 245]

VM Operations (20 events):
Event: 8.306 Executing VM operation: G1Concurrent
Event: 8.309 Executing VM operation: G1Concurrent done
Event: 8.323 Executing VM operation: G1Concurrent
Event: 8.323 Executing VM operation: G1Concurrent done
Event: 8.530 Executing VM operation: G1CollectForAllocation
Event: 8.535 Executing VM operation: G1CollectForAllocation done
Event: 8.959 Executing VM operation: G1CollectForAllocation
Event: 8.964 Executing VM operation: G1CollectForAllocation done
Event: 9.005 Executing VM operation: G1Concurrent
Event: 9.008 Executing VM operation: G1Concurrent done
Event: 9.027 Executing VM operation: G1Concurrent
Event: 9.027 Executing VM operation: G1Concurrent done
Event: 9.156 Executing VM operation: G1CollectForAllocation
Event: 9.174 Executing VM operation: G1CollectForAllocation done
Event: 9.299 Executing VM operation: HandshakeAllThreads
Event: 9.300 Executing VM operation: HandshakeAllThreads done
Event: 9.559 Executing VM operation: G1TryInitiateConcMark
Event: 9.567 Executing VM operation: G1TryInitiateConcMark done
Event: 10.345 Executing VM operation: ICBufferFull
Event: 10.346 Executing VM operation: ICBufferFull done

Events (20 events):
Event: 8.695 loading class java/security/KeyStore$1
Event: 8.695 loading class java/security/KeyStore$1 done
Event: 8.850 loading class javax/xml/stream/XMLStreamException
Event: 8.850 loading class javax/xml/stream/XMLStreamException done
Event: 8.868 loading class sun/reflect/annotation/AnnotationInvocationHandler$1
Event: 8.868 loading class sun/reflect/annotation/AnnotationInvocationHandler$1 done
Event: 8.973 loading class org/xml/sax/Locator
Event: 8.973 loading class org/xml/sax/Locator done
Event: 8.973 loading class org/xml/sax/SAXParseException
Event: 8.974 loading class org/xml/sax/SAXParseException done
Event: 8.974 loading class org/xml/sax/Attributes
Event: 8.974 loading class org/xml/sax/Attributes done
Event: 9.092 loading class java/beans/IntrospectionException
Event: 9.092 loading class java/beans/IntrospectionException done
Event: 9.579 loading class sun/reflect/generics/repository/FieldRepository
Event: 9.579 loading class sun/reflect/generics/repository/FieldRepository done
Event: 9.595 loading class jdk/internal/vm/annotation/ForceInline
Event: 9.595 loading class jdk/internal/vm/annotation/ForceInline done
Event: 9.684 loading class java/util/regex/Pattern$Caret
Event: 9.684 loading class java/util/regex/Pattern$Caret done


Dynamic libraries:
0x00007ff6ca970000 - 0x00007ff6ca97a000 	C:\Program Files\Android\Android Studio\jbr\bin\java.exe
0x00007ffd7e1d0000 - 0x00007ffd7e3c8000 	C:\WINDOWS\SYSTEM32\ntdll.dll
0x00007ffd7de30000 - 0x00007ffd7deed000 	C:\WINDOWS\System32\KERNEL32.DLL
0x00007ffd7bc00000 - 0x00007ffd7bef6000 	C:\WINDOWS\System32\KERNELBASE.dll
0x00007ffd7b940000 - 0x00007ffd7ba40000 	C:\WINDOWS\System32\ucrtbase.dll
0x00007ffd26f50000 - 0x00007ffd26f67000 	C:\Program Files\Android\Android Studio\jbr\bin\jli.dll
0x00007ffd76030000 - 0x00007ffd7604b000 	C:\Program Files\Android\Android Studio\jbr\bin\VCRUNTIME140.dll
0x00007ffd7d610000 - 0x00007ffd7d7ae000 	C:\WINDOWS\System32\USER32.dll
0x00007ffd7c200000 - 0x00007ffd7c222000 	C:\WINDOWS\System32\win32u.dll
0x00007ffd7e030000 - 0x00007ffd7e05c000 	C:\WINDOWS\System32\GDI32.dll
0x00007ffd7bf00000 - 0x00007ffd7c01a000 	C:\WINDOWS\System32\gdi32full.dll
0x00007ffd7bb60000 - 0x00007ffd7bbfd000 	C:\WINDOWS\System32\msvcp_win.dll
0x00007ffd61c50000 - 0x00007ffd61eea000 	C:\WINDOWS\WinSxS\amd64_microsoft.windows.common-controls_6595b64144ccf1df_6.0.19041.3636_none_60b6a03d71f818d5\COMCTL32.dll
0x00007ffd7c2f0000 - 0x00007ffd7c38e000 	C:\WINDOWS\System32\msvcrt.dll
0x00007ffd7c930000 - 0x00007ffd7c960000 	C:\WINDOWS\System32\IMM32.DLL
0x00007ffd76150000 - 0x00007ffd7615c000 	C:\Program Files\Android\Android Studio\jbr\bin\vcruntime140_1.dll
0x00007ffd57660000 - 0x00007ffd576ed000 	C:\Program Files\Android\Android Studio\jbr\bin\msvcp140.dll
0x00007ffd271a0000 - 0x00007ffd27e0e000 	C:\Program Files\Android\Android Studio\jbr\bin\server\jvm.dll
0x00007ffd7dc50000 - 0x00007ffd7dcff000 	C:\WINDOWS\System32\ADVAPI32.dll
0x00007ffd7d230000 - 0x00007ffd7d2cc000 	C:\WINDOWS\System32\sechost.dll
0x00007ffd7dd00000 - 0x00007ffd7de26000 	C:\WINDOWS\System32\RPCRT4.dll
0x00007ffd66420000 - 0x00007ffd66447000 	C:\WINDOWS\SYSTEM32\WINMM.dll
0x00007ffd57480000 - 0x00007ffd57489000 	C:\WINDOWS\SYSTEM32\WSOCK32.dll
0x00007ffd7d5a0000 - 0x00007ffd7d60b000 	C:\WINDOWS\System32\WS2_32.dll
0x00007ffd73fb0000 - 0x00007ffd73fba000 	C:\WINDOWS\SYSTEM32\VERSION.dll
0x00007ffd7a0c0000 - 0x00007ffd7a0d2000 	C:\WINDOWS\SYSTEM32\kernel.appcore.dll
0x00007ffd44b50000 - 0x00007ffd44b5a000 	C:\Program Files\Android\Android Studio\jbr\bin\jimage.dll
0x00007ffd79460000 - 0x00007ffd79644000 	C:\WINDOWS\SYSTEM32\DBGHELP.DLL
0x00007ffd697c0000 - 0x00007ffd697f4000 	C:\WINDOWS\SYSTEM32\dbgcore.DLL
0x00007ffd7b8b0000 - 0x00007ffd7b932000 	C:\WINDOWS\System32\bcryptPrimitives.dll
0x00007ffd29040000 - 0x00007ffd29065000 	C:\Program Files\Android\Android Studio\jbr\bin\java.dll
0x00007ffd403a0000 - 0x00007ffd403b8000 	C:\Program Files\Android\Android Studio\jbr\bin\zip.dll
0x00007ffd7cac0000 - 0x00007ffd7d204000 	C:\WINDOWS\System32\SHELL32.dll
0x00007ffd79910000 - 0x00007ffd7a0ab000 	C:\WINDOWS\SYSTEM32\windows.storage.dll
0x00007ffd7d7b0000 - 0x00007ffd7db04000 	C:\WINDOWS\System32\combase.dll
0x00007ffd7b220000 - 0x00007ffd7b24d000 	C:\WINDOWS\SYSTEM32\Wldp.dll
0x00007ffd7e0e0000 - 0x00007ffd7e18d000 	C:\WINDOWS\System32\SHCORE.dll
0x00007ffd7ca60000 - 0x00007ffd7cab5000 	C:\WINDOWS\System32\shlwapi.dll
0x00007ffd7b7e0000 - 0x00007ffd7b805000 	C:\WINDOWS\SYSTEM32\profapi.dll
0x00007ffd3a940000 - 0x00007ffd3a959000 	C:\Program Files\Android\Android Studio\jbr\bin\net.dll
0x00007ffd73390000 - 0x00007ffd7349a000 	C:\WINDOWS\SYSTEM32\WINHTTP.dll
0x00007ffd7af30000 - 0x00007ffd7af9a000 	C:\WINDOWS\system32\mswsock.dll
0x00007ffd2a360000 - 0x00007ffd2a376000 	C:\Program Files\Android\Android Studio\jbr\bin\nio.dll
0x00007ffd40200000 - 0x00007ffd40210000 	C:\Program Files\Android\Android Studio\jbr\bin\verify.dll
0x00007ffd44b10000 - 0x00007ffd44b37000 	C:\Users\jupi0\.gradle\native\68d5fa5c4cc2d200863cafc0d521ce42e7d3e7ee720ec0a83991735586a16f82\windows-amd64\native-platform.dll
0x00007ffd43f80000 - 0x00007ffd440c4000 	C:\Users\jupi0\.gradle\native\e376f236ea51e6404a007f0833ffe2c6e607c4080706a723a18a27aeea778392\windows-amd64\native-platform-file-events.dll
0x00007ffd3d060000 - 0x00007ffd3d069000 	C:\Program Files\Android\Android Studio\jbr\bin\management.dll
0x00007ffd3cff0000 - 0x00007ffd3cffb000 	C:\Program Files\Android\Android Studio\jbr\bin\management_ext.dll
0x00007ffd7dc40000 - 0x00007ffd7dc48000 	C:\WINDOWS\System32\PSAPI.DLL
0x00007ffd7b110000 - 0x00007ffd7b128000 	C:\WINDOWS\SYSTEM32\CRYPTSP.dll
0x00007ffd7a870000 - 0x00007ffd7a8a4000 	C:\WINDOWS\system32\rsaenh.dll
0x00007ffd7c070000 - 0x00007ffd7c097000 	C:\WINDOWS\System32\bcrypt.dll
0x00007ffd7b7a0000 - 0x00007ffd7b7ce000 	C:\WINDOWS\SYSTEM32\USERENV.dll
0x00007ffd7b130000 - 0x00007ffd7b13c000 	C:\WINDOWS\SYSTEM32\CRYPTBASE.dll
0x00007ffd7ac40000 - 0x00007ffd7ac7b000 	C:\WINDOWS\SYSTEM32\IPHLPAPI.DLL
0x00007ffd7ca40000 - 0x00007ffd7ca48000 	C:\WINDOWS\System32\NSI.dll
0x00007ffd747f0000 - 0x00007ffd74807000 	C:\WINDOWS\SYSTEM32\dhcpcsvc6.DLL
0x00007ffd74c90000 - 0x00007ffd74cad000 	C:\WINDOWS\SYSTEM32\dhcpcsvc.DLL
0x00007ffd7ac80000 - 0x00007ffd7ad4a000 	C:\WINDOWS\SYSTEM32\DNSAPI.dll
0x00007ffd70cf0000 - 0x00007ffd70cf7000 	C:\WINDOWS\system32\wshunix.dll

dbghelp: loaded successfully - version: 4.0.5 - missing functions: none
symbol engine: initialized successfully - sym options: 0x614 - pdb path: .;C:\Program Files\Android\Android Studio\jbr\bin;C:\WINDOWS\SYSTEM32;C:\WINDOWS\WinSxS\amd64_microsoft.windows.common-controls_6595b64144ccf1df_6.0.19041.3636_none_60b6a03d71f818d5;C:\Program Files\Android\Android Studio\jbr\bin\server;C:\Users\jupi0\.gradle\native\68d5fa5c4cc2d200863cafc0d521ce42e7d3e7ee720ec0a83991735586a16f82\windows-amd64;C:\Users\jupi0\.gradle\native\e376f236ea51e6404a007f0833ffe2c6e607c4080706a723a18a27aeea778392\windows-amd64

VM Arguments:
jvm_args: --add-opens=java.base/java.util=ALL-UNNAMED --add-opens=java.base/java.lang=ALL-UNNAMED --add-opens=java.base/java.lang.invoke=ALL-UNNAMED --add-opens=java.prefs/java.util.prefs=ALL-UNNAMED --add-opens=java.base/java.nio.charset=ALL-UNNAMED --add-opens=java.base/java.net=ALL-UNNAMED --add-opens=java.base/java.util.concurrent.atomic=ALL-UNNAMED -Xmx2048m -Dfile.encoding=UTF-8 -Duser.country=KR -Duser.language=ko -Duser.variant 
java_command: org.gradle.launcher.daemon.bootstrap.GradleDaemon 8.0
java_class_path (initial): C:\Users\jupi0\.gradle\wrapper\dists\gradle-8.0-bin\ca5e32bp14vu59qr306oxotwh\gradle-8.0\lib\gradle-launcher-8.0.jar
Launcher Type: SUN_STANDARD

[Global flags]
     intx CICompilerCount                          = 4                                         {product} {ergonomic}
     uint ConcGCThreads                            = 2                                         {product} {ergonomic}
     uint G1ConcRefinementThreads                  = 8                                         {product} {ergonomic}
   size_t G1HeapRegionSize                         = 1048576                                   {product} {ergonomic}
    uintx GCDrainStackTargetSize                   = 64                                        {product} {ergonomic}
   size_t InitialHeapSize                          = 134217728                                 {product} {ergonomic}
   size_t MarkStackSize                            = 4194304                                   {product} {ergonomic}
   size_t MaxHeapSize                              = 2147483648                                {product} {command line}
   size_t MaxNewSize                               = 1287651328                                {product} {ergonomic}
   size_t MinHeapDeltaBytes                        = 1048576                                   {product} {ergonomic}
   size_t MinHeapSize                              = 8388608                                   {product} {ergonomic}
    uintx NonNMethodCodeHeapSize                   = 5839372                                {pd product} {ergonomic}
    uintx NonProfiledCodeHeapSize                  = 122909434                              {pd product} {ergonomic}
    uintx ProfiledCodeHeapSize                     = 122909434                              {pd product} {ergonomic}
    uintx ReservedCodeCacheSize                    = 251658240                              {pd product} {ergonomic}
     bool SegmentedCodeCache                       = true                                      {product} {ergonomic}
   size_t SoftMaxHeapSize                          = 2147483648                             {manageable} {ergonomic}
     bool UseCompressedClassPointers               = true                           {product lp64_product} {ergonomic}
     bool UseCompressedOops                        = true                           {product lp64_product} {ergonomic}
     bool UseG1GC                                  = true                                      {product} {ergonomic}
     bool UseLargePagesIndividualAllocation        = false                                  {pd product} {ergonomic}

Logging:
Log output configuration:
 #0: stdout all=warning uptime,level,tags
 #1: stderr all=off uptime,level,tags

Environment Variables:
JAVA_HOME=C:\Program Files\Java\jdk1.8.0_161
PATH=C:\Program Files\Common Files\Oracle\Java\javapath;C:\Program Files (x86)\Intel\iCLS Client\;C:\Program Files\Intel\iCLS Client\;C:\ProgramData\Oracle\Java\javapath;C:\WINDOWS\system32;C:\WINDOWS;C:\WINDOWS\System32\Wbem;C:\WINDOWS\System32\WindowsPowerShell\v1.0\;C:\Program Files (x86)\Windows Live\Shared;C:\Program Files\Java\jdk1.8.0_161\bin;;C:\Program Files (x86)\Common Files\Teruten\DSFilter;C:\WINDOWS\System32\OpenSSH\;C:\Program Files (x86)\Intel\Intel(R) Management Engine Components\DAL;C:\Program Files\Intel\Intel(R) Management Engine Components\DAL;C:\Program Files (x86)\Intel\Intel(R) Management Engine Components\IPT;C:\Program Files\Intel\Intel(R) Management Engine Components\IPT;C:\Program Files (x86)\NVIDIA Corporation\PhysX\Common;C:\WINDOWS\system32;C:\WINDOWS;C:\WINDOWS\System32\Wbem;C:\WINDOWS\System32\WindowsPowerShell\v1.0\;C:\WINDOWS\System32\OpenSSH\;C:\Program Files\NVIDIA Corporation\NVIDIA NvDLISR;C:\Users\jupi0\AppData\Local\Programs\Python\Python38\Scripts\;C:\Users\jupi0\AppData\Local\Programs\Python\Python38\;C:\Users\jupi0\AppData\Local\Programs\Python\Python36\Scripts\;C:\Users\jupi0\AppData\Local\Programs\Python\Python36\;C:\Python36;C:\Users\jupi0\AppData\Local\Microsoft\WindowsApps;C:\Program Files\Bandizip\;;C:\Users\jupi0\AppData\Local\Programs\Microsoft VS Code\bin;C:\Program Files\JetBrains\PyCharm Community Edition 2023.2.1\bin;
USERNAME=jupi0
OS=Windows_NT
PROCESSOR_IDENTIFIER=Intel64 Family 6 Model 158 Stepping 9, GenuineIntel
TMP=C:\Users\jupi0\AppData\Local\Temp
TEMP=C:\Users\jupi0\AppData\Local\Temp


JNI global refs:
JNI global refs: 28, weak refs: 5

JNI global refs memory usage: 843, weak refs: 841


---------------  S Y S T E M  ---------------

OS:
 Windows 10 , 64 bit Build 19041 (10.0.19041.3636)
OS uptime: 0 days 6:17 hours
Hyper-V role detected

CPU: total 8 (initial active 8) (4 cores per cpu, 2 threads per core) family 6 model 158 stepping 9 microcode 0xb4, cx8, cmov, fxsr, ht, mmx, 3dnowpref, sse, sse2, sse3, ssse3, sse4.1, sse4.2, popcnt, lzcnt, tsc, tscinvbit, avx, avx2, aes, erms, clmul, bmi1, bmi2, adx, fma, vzeroupper, clflush, clflushopt, hv

Memory: 4k page, system-wide physical 8084M (471M free)
TotalPageFile size 32660M (AvailPageFile size 4M)
current process WorkingSet (physical memory assigned to process): 349M, peak: 349M
current process commit charge ("private bytes"): 386M, peak: 387M

vm_info: OpenJDK 64-Bit Server VM (17.0.6+0-b2043.56-10027231) for windows-amd64 JRE (17.0.6+0-b2043.56-10027231), built on Apr 28 2023 00:43:19 by "androidbuild" with MS VC++ 16.10 / 16.11 (VS2019)

END.
