#
# There is insufficient memory for the Java Runtime Environment to continue.
# Native memory allocation (malloc) failed to allocate 1462416 bytes for Chunk::new
# Possible reasons:
#   The system is out of physical RAM or swap space
#   The process is running with CompressedOops enabled, and the Java Heap may be blocking the growth of the native heap
# Possible solutions:
#   Reduce memory load on the system
#   Increase physical memory or swap space
#   Check if swap backing store is full
#   Decrease Java heap size (-Xmx/-Xms)
#   Decrease number of Java threads
#   Decrease Java thread stack sizes (-Xss)
#   Set larger code cache with -XX:ReservedCodeCacheSize=
#   JVM is running with Unscaled Compressed Oops mode in which the Java heap is
#     placed in the first 4GB address space. The Java Heap base address is the
#     maximum limit for the native heap growth. Please use -XX:HeapBaseMinAddress
#     to set the Java Heap base and to place the Java Heap above 4GB virtual address.
# This output file may be truncated or incomplete.
#
#  Out of Memory Error (arena.cpp:189), pid=2592, tid=22164
#
# JRE version: OpenJDK Runtime Environment (17.0.6) (build 17.0.6+0-b2043.56-10027231)
# Java VM: OpenJDK 64-Bit Server VM (17.0.6+0-b2043.56-10027231, mixed mode, tiered, compressed oops, compressed class ptrs, g1 gc, windows-amd64)
# No core dump will be written. Minidumps are not enabled by default on client versions of Windows
#

---------------  S U M M A R Y ------------

Command Line: --add-opens=java.base/java.util=ALL-UNNAMED --add-opens=java.base/java.lang=ALL-UNNAMED --add-opens=java.base/java.lang.invoke=ALL-UNNAMED --add-opens=java.prefs/java.util.prefs=ALL-UNNAMED --add-opens=java.base/java.nio.charset=ALL-UNNAMED --add-opens=java.base/java.net=ALL-UNNAMED --add-opens=java.base/java.util.concurrent.atomic=ALL-UNNAMED -Xmx2048m -Dfile.encoding=UTF-8 -Duser.country=KR -Duser.language=ko -Duser.variant org.gradle.launcher.daemon.bootstrap.GradleDaemon 8.0

Host: Intel(R) Core(TM) i7-7700HQ CPU @ 2.80GHz, 8 cores, 7G,  Windows 10 , 64 bit Build 19041 (10.0.19041.3636)
Time: Wed Dec 13 12:10:55 2023  Windows 10 , 64 bit Build 19041 (10.0.19041.3636) elapsed time: 11.995803 seconds (0d 0h 0m 11s)

---------------  T H R E A D  ---------------

Current thread (0x0000024571de1660):  JavaThread "C2 CompilerThread1" daemon [_thread_in_native, id=22164, stack(0x000000cc80700000,0x000000cc80800000)]


Current CompileTask:
C2:  11996 5940   !   4       java.net.URLClassLoader$1::run (81 bytes)

Stack: [0x000000cc80700000,0x000000cc80800000]
Native frames: (J=compiled Java code, j=interpreted, Vv=VM code, C=native code)
V  [jvm.dll+0x683c9a]
V  [jvm.dll+0x8427a4]
V  [jvm.dll+0x843f9e]
V  [jvm.dll+0x844603]
V  [jvm.dll+0x249b75]
V  [jvm.dll+0xabcac]
V  [jvm.dll+0xac27c]
V  [jvm.dll+0x368802]
V  [jvm.dll+0x332f31]
V  [jvm.dll+0x3323da]
V  [jvm.dll+0x21c201]
V  [jvm.dll+0x21b621]
V  [jvm.dll+0x1a4fdd]
V  [jvm.dll+0x22b098]
V  [jvm.dll+0x229159]
V  [jvm.dll+0x7f81ec]
V  [jvm.dll+0x7f274a]
V  [jvm.dll+0x682ad5]
C  [ucrtbase.dll+0x21bb2]
C  [KERNEL32.DLL+0x17344]
C  [ntdll.dll+0x526b1]


---------------  P R O C E S S  ---------------

Threads class SMR info:
_java_thread_list=0x0000024571fa95e0, length=125, elements={
0x000002455189c110, 0x000002456d6c4620, 0x000002456d6c5dc0, 0x000002456e015c80,
0x000002456e016640, 0x000002456e0176a0, 0x000002456e018700, 0x000002456e051d70,
0x000002456e052ec0, 0x000002456e066730, 0x000002456e1c7c40, 0x000002456e1e06f0,
0x000002456f438900, 0x0000024570a57330, 0x00000245706af420, 0x000002457082d5d0,
0x00000245706aad70, 0x0000024570c3b0e0, 0x000002456f64d710, 0x000002456f11d440,
0x000002456f4cd1d0, 0x000002456f64ac30, 0x000002456f647740, 0x000002456f648f50,
0x000002456f648a80, 0x000002456f649dc0, 0x000002456f649420, 0x000002456f64a760,
0x000002456f647c10, 0x000002456f6480e0, 0x000002456f6498f0, 0x000002456f64a290,
0x000002457196d2a0, 0x000002457196ba90, 0x000002457196cdd0, 0x000002457196e110,
0x000002457196e5e0, 0x000002457196bf60, 0x0000024571969410, 0x0000024571966d90,
0x0000024571967730, 0x00000245719685a0, 0x0000024571968a70, 0x0000024571968f40,
0x000002457196b5c0, 0x00000245719698e0, 0x000002457196ac20, 0x000002457196a280,
0x000002457196a750, 0x000002457196b0f0, 0x000002457210ba50, 0x000002457210b580,
0x000002457210a240, 0x0000024572108a30, 0x0000024572105070, 0x00000245721098a0,
0x000002457210c3f0, 0x0000024572108560, 0x0000024572105ee0, 0x0000024572107bc0,
0x0000024572105a10, 0x000002457210c8c0, 0x0000024572105540, 0x00000245721063b0,
0x0000024572109d70, 0x0000024572106880, 0x000002457210b0b0, 0x000002457210bf20,
0x0000024572108090, 0x0000024572106d50, 0x0000024572107220, 0x000002457210a710,
0x000002457210abe0, 0x00000245721076f0, 0x0000024572108f00, 0x00000245721093d0,
0x00000245719caa70, 0x00000245719c36f0, 0x00000245719c9730, 0x00000245719caf40,
0x00000245719c3bc0, 0x00000245719c6710, 0x00000245719c4090, 0x00000245719c4f00,
0x00000245719c53d0, 0x00000245719c6240, 0x00000245719c6be0, 0x00000245719ca0d0,
0x00000245719c58a0, 0x00000245719c70b0, 0x00000245719c88c0, 0x00000245719c4560,
0x00000245719c9c00, 0x00000245719c4a30, 0x00000245719c7580, 0x00000245719c8d90,
0x00000245719c9260, 0x00000245719c5d70, 0x00000245719c7f20, 0x00000245719c7a50,
0x00000245719c83f0, 0x00000245719ca5a0, 0x0000024573fbeb50, 0x0000024573fbf020,
0x0000024573fbdce0, 0x0000024573fbe1b0, 0x0000024573fc0360, 0x0000024573fc0830,
0x0000024573fbf9c0, 0x0000024573fbe680, 0x0000024573fbf4f0, 0x0000024573fbfe90,
0x0000024573fbce70, 0x0000024573fbd340, 0x0000024573fbd810, 0x000002457266e0c0,
0x0000024572668550, 0x0000024572668a20, 0x000002457266a230, 0x000002457266ea60,
0x000002457266cd80, 0x0000024572669890, 0x000002457266ef30, 0x0000024571de1660,
0x000002457266abd0
}

Java Threads: ( => current thread )
  0x000002455189c110 JavaThread "main" [_thread_blocked, id=1940, stack(0x000000ccf7b00000,0x000000ccf7c00000)]
  0x000002456d6c4620 JavaThread "Reference Handler" daemon [_thread_blocked, id=16784, stack(0x000000ccf8200000,0x000000ccf8300000)]
  0x000002456d6c5dc0 JavaThread "Finalizer" daemon [_thread_blocked, id=4324, stack(0x000000ccf8300000,0x000000ccf8400000)]
  0x000002456e015c80 JavaThread "Signal Dispatcher" daemon [_thread_blocked, id=1868, stack(0x000000ccf8400000,0x000000ccf8500000)]
  0x000002456e016640 JavaThread "Attach Listener" daemon [_thread_blocked, id=3076, stack(0x000000ccf8500000,0x000000ccf8600000)]
  0x000002456e0176a0 JavaThread "Service Thread" daemon [_thread_blocked, id=6540, stack(0x000000ccf8600000,0x000000ccf8700000)]
  0x000002456e018700 JavaThread "Monitor Deflation Thread" daemon [_thread_blocked, id=19960, stack(0x000000ccf8700000,0x000000ccf8800000)]
  0x000002456e051d70 JavaThread "C2 CompilerThread0" daemon [_thread_in_native, id=1668, stack(0x000000ccf8800000,0x000000ccf8900000)]
  0x000002456e052ec0 JavaThread "C1 CompilerThread0" daemon [_thread_blocked, id=11816, stack(0x000000ccf8900000,0x000000ccf8a00000)]
  0x000002456e066730 JavaThread "Sweeper thread" daemon [_thread_blocked, id=10380, stack(0x000000ccf8a00000,0x000000ccf8b00000)]
  0x000002456e1c7c40 JavaThread "Common-Cleaner" daemon [_thread_blocked, id=18832, stack(0x000000ccf8b00000,0x000000ccf8c00000)]
  0x000002456e1e06f0 JavaThread "Notification Thread" daemon [_thread_blocked, id=19532, stack(0x000000ccf8c00000,0x000000ccf8d00000)]
  0x000002456f438900 JavaThread "Daemon health stats" [_thread_blocked, id=4664, stack(0x000000ccf9300000,0x000000ccf9400000)]
  0x0000024570a57330 JavaThread "Incoming local TCP Connector on port 10346" [_thread_in_native, id=10932, stack(0x000000ccf8e00000,0x000000ccf8f00000)]
  0x00000245706af420 JavaThread "Daemon periodic checks" [_thread_blocked, id=1644, stack(0x000000ccf9400000,0x000000ccf9500000)]
  0x000002457082d5d0 JavaThread "Daemon" [_thread_blocked, id=23148, stack(0x000000ccf9600000,0x000000ccf9700000)]
  0x00000245706aad70 JavaThread "Handler for socket connection from /127.0.0.1:10346 to /127.0.0.1:10347" [_thread_in_native, id=6732, stack(0x000000ccf9700000,0x000000ccf9800000)]
  0x0000024570c3b0e0 JavaThread "Cancel handler" [_thread_blocked, id=17124, stack(0x000000ccf9800000,0x000000ccf9900000)]
  0x000002456f64d710 JavaThread "Daemon worker" [_thread_in_vm, id=20248, stack(0x000000ccf9900000,0x000000ccf9a00000)]
  0x000002456f11d440 JavaThread "Asynchronous log dispatcher for DefaultDaemonConnection: socket connection from /127.0.0.1:10346 to /127.0.0.1:10347" [_thread_blocked, id=22412, stack(0x000000ccf9a00000,0x000000ccf9b00000)]
  0x000002456f4cd1d0 JavaThread "Stdin handler" [_thread_blocked, id=3504, stack(0x000000ccf9b00000,0x000000ccf9c00000)]
  0x000002456f64ac30 JavaThread "Daemon client event forwarder" [_thread_blocked, id=18488, stack(0x000000ccf9c00000,0x000000ccf9d00000)]
  0x000002456f647740 JavaThread "Cache worker for journal cache (C:\Users\jupi0\.gradle\caches\journal-1)" [_thread_blocked, id=22032, stack(0x000000ccfa000000,0x000000ccfa100000)]
  0x000002456f648f50 JavaThread "File lock request listener" [_thread_in_native, id=20544, stack(0x000000ccfa100000,0x000000ccfa200000)]
  0x000002456f648a80 JavaThread "Cache worker for file hash cache (C:\Users\jupi0\.gradle\caches\8.0\fileHashes)" [_thread_blocked, id=20200, stack(0x000000ccfa300000,0x000000ccfa400000)]
  0x000002456f649dc0 JavaThread "File watcher server" daemon [_thread_in_native, id=10840, stack(0x000000ccfa500000,0x000000ccfa600000)]
  0x000002456f649420 JavaThread "File watcher consumer" daemon [_thread_blocked, id=21608, stack(0x000000ccfa600000,0x000000ccfa700000)]
  0x000002456f64a760 JavaThread "Cache worker for checksums cache (C:\Users\jupi0\AndroidStudioProjects\Capstone_2\.gradle\8.0\checksums)" [_thread_blocked, id=2816, stack(0x000000ccfa700000,0x000000ccfa800000)]
  0x000002456f647c10 JavaThread "Cache worker for cache directory md-rule (C:\Users\jupi0\.gradle\caches\8.0\md-rule)" [_thread_blocked, id=8884, stack(0x000000ccfa800000,0x000000ccfa900000)]
  0x000002456f6480e0 JavaThread "Cache worker for file content cache (C:\Users\jupi0\.gradle\caches\8.0\fileContent)" [_thread_blocked, id=14936, stack(0x000000ccfa900000,0x000000ccfaa00000)]
  0x000002456f6498f0 JavaThread "Cache worker for file hash cache (C:\Users\jupi0\AndroidStudioProjects\Capstone_2\.gradle\8.0\fileHashes)" [_thread_blocked, id=18604, stack(0x000000ccfaa00000,0x000000ccfab00000)]
  0x000002456f64a290 JavaThread "Cache worker for cache directory md-supplier (C:\Users\jupi0\.gradle\caches\8.0\md-supplier)" [_thread_blocked, id=16648, stack(0x000000ccfab00000,0x000000ccfac00000)]
  0x000002457196d2a0 JavaThread "Cache worker for execution history cache (C:\Users\jupi0\.gradle\caches\8.0\executionHistory)" [_thread_blocked, id=10964, stack(0x000000ccfac00000,0x000000ccfad00000)]
  0x000002457196ba90 JavaThread "jar transforms" [_thread_blocked, id=8700, stack(0x000000ccfa200000,0x000000ccfa300000)]
  0x000002457196cdd0 JavaThread "jar transforms Thread 2" [_thread_blocked, id=5500, stack(0x000000ccfad00000,0x000000ccfae00000)]
  0x000002457196e110 JavaThread "jar transforms Thread 3" [_thread_blocked, id=11076, stack(0x000000ccfaf00000,0x000000ccfb000000)]
  0x000002457196e5e0 JavaThread "jar transforms Thread 4" [_thread_blocked, id=18268, stack(0x000000ccfb000000,0x000000ccfb100000)]
  0x000002457196bf60 JavaThread "Cache worker for dependencies-accessors (C:\Users\jupi0\AndroidStudioProjects\Capstone_2\.gradle\8.0\dependencies-accessors)" [_thread_blocked, id=18008, stack(0x000000ccfb100000,0x000000ccfb200000)]
  0x0000024571969410 JavaThread "jar transforms Thread 5" [_thread_blocked, id=11052, stack(0x000000ccfb200000,0x000000ccfb300000)]
  0x0000024571966d90 JavaThread "Cache worker for Build Output Cleanup Cache (C:\Users\jupi0\AndroidStudioProjects\Capstone_2\.gradle\buildOutputCleanup)" [_thread_blocked, id=6592, stack(0x000000ccfb300000,0x000000ccfb400000)]
  0x0000024571967730 JavaThread "Unconstrained build operations" [_thread_blocked, id=9420, stack(0x000000ccfb400000,0x000000ccfb500000)]
  0x00000245719685a0 JavaThread "Unconstrained build operations Thread 2" [_thread_blocked, id=10604, stack(0x000000ccfb500000,0x000000ccfb600000)]
  0x0000024571968a70 JavaThread "Unconstrained build operations Thread 3" [_thread_blocked, id=3000, stack(0x000000ccfb600000,0x000000ccfb700000)]
  0x0000024571968f40 JavaThread "Unconstrained build operations Thread 4" [_thread_blocked, id=2472, stack(0x000000ccfb700000,0x000000ccfb800000)]
  0x000002457196b5c0 JavaThread "Unconstrained build operations Thread 5" [_thread_blocked, id=6760, stack(0x000000ccfb800000,0x000000ccfb900000)]
  0x00000245719698e0 JavaThread "Unconstrained build operations Thread 6" [_thread_blocked, id=6756, stack(0x000000ccfb900000,0x000000ccfba00000)]
  0x000002457196ac20 JavaThread "Unconstrained build operations Thread 7" [_thread_blocked, id=18320, stack(0x000000ccfba00000,0x000000ccfbb00000)]
  0x000002457196a280 JavaThread "Unconstrained build operations Thread 8" [_thread_blocked, id=12280, stack(0x000000ccfbb00000,0x000000ccfbc00000)]
  0x000002457196a750 JavaThread "Unconstrained build operations Thread 9" [_thread_blocked, id=12108, stack(0x000000ccfbc00000,0x000000ccfbd00000)]
  0x000002457196b0f0 JavaThread "Unconstrained build operations Thread 10" [_thread_blocked, id=17316, stack(0x000000ccfbd00000,0x000000ccfbe00000)]
  0x000002457210ba50 JavaThread "Unconstrained build operations Thread 11" [_thread_blocked, id=10260, stack(0x000000ccfbe00000,0x000000ccfbf00000)]
  0x000002457210b580 JavaThread "Unconstrained build operations Thread 12" [_thread_blocked, id=16604, stack(0x000000ccfbf00000,0x000000ccfc000000)]
  0x000002457210a240 JavaThread "Unconstrained build operations Thread 13" [_thread_blocked, id=21684, stack(0x000000ccfc000000,0x000000ccfc100000)]
  0x0000024572108a30 JavaThread "Unconstrained build operations Thread 14" [_thread_blocked, id=4692, stack(0x000000ccfc100000,0x000000ccfc200000)]
  0x0000024572105070 JavaThread "Unconstrained build operations Thread 15" [_thread_blocked, id=20088, stack(0x000000ccfc200000,0x000000ccfc300000)]
  0x00000245721098a0 JavaThread "Unconstrained build operations Thread 16" [_thread_blocked, id=19432, stack(0x000000ccfc300000,0x000000ccfc400000)]
  0x000002457210c3f0 JavaThread "Unconstrained build operations Thread 17" [_thread_blocked, id=20332, stack(0x000000ccfc400000,0x000000ccfc500000)]
  0x0000024572108560 JavaThread "Unconstrained build operations Thread 18" [_thread_blocked, id=19708, stack(0x000000ccfc500000,0x000000ccfc600000)]
  0x0000024572105ee0 JavaThread "Unconstrained build operations Thread 19" [_thread_blocked, id=17900, stack(0x000000ccfc600000,0x000000ccfc700000)]
  0x0000024572107bc0 JavaThread "Unconstrained build operations Thread 20" [_thread_blocked, id=7980, stack(0x000000ccfc700000,0x000000ccfc800000)]
  0x0000024572105a10 JavaThread "Unconstrained build operations Thread 21" [_thread_blocked, id=7084, stack(0x000000ccfc800000,0x000000ccfc900000)]
  0x000002457210c8c0 JavaThread "Unconstrained build operations Thread 22" [_thread_blocked, id=10336, stack(0x000000ccfc900000,0x000000ccfca00000)]
  0x0000024572105540 JavaThread "Unconstrained build operations Thread 23" [_thread_blocked, id=2508, stack(0x000000ccfca00000,0x000000ccfcb00000)]
  0x00000245721063b0 JavaThread "Unconstrained build operations Thread 24" [_thread_blocked, id=1136, stack(0x000000ccfcb00000,0x000000ccfcc00000)]
  0x0000024572109d70 JavaThread "Unconstrained build operations Thread 25" [_thread_blocked, id=14844, stack(0x000000ccfcc00000,0x000000ccfcd00000)]
  0x0000024572106880 JavaThread "Unconstrained build operations Thread 26" [_thread_blocked, id=20812, stack(0x000000ccfcd00000,0x000000ccfce00000)]
  0x000002457210b0b0 JavaThread "Unconstrained build operations Thread 27" [_thread_blocked, id=4936, stack(0x000000ccfce00000,0x000000ccfcf00000)]
  0x000002457210bf20 JavaThread "Unconstrained build operations Thread 28" [_thread_blocked, id=3728, stack(0x000000ccfcf00000,0x000000ccfd000000)]
  0x0000024572108090 JavaThread "Unconstrained build operations Thread 29" [_thread_blocked, id=5596, stack(0x000000ccfd000000,0x000000ccfd100000)]
  0x0000024572106d50 JavaThread "Unconstrained build operations Thread 30" [_thread_blocked, id=17832, stack(0x000000ccfd100000,0x000000ccfd200000)]
  0x0000024572107220 JavaThread "Unconstrained build operations Thread 31" [_thread_blocked, id=20032, stack(0x000000ccfd200000,0x000000ccfd300000)]
  0x000002457210a710 JavaThread "Unconstrained build operations Thread 32" [_thread_blocked, id=15892, stack(0x000000ccfd300000,0x000000ccfd400000)]
  0x000002457210abe0 JavaThread "Unconstrained build operations Thread 33" [_thread_blocked, id=17964, stack(0x000000ccfd400000,0x000000ccfd500000)]
  0x00000245721076f0 JavaThread "Unconstrained build operations Thread 34" [_thread_blocked, id=17460, stack(0x000000ccfd500000,0x000000ccfd600000)]
  0x0000024572108f00 JavaThread "Unconstrained build operations Thread 35" [_thread_blocked, id=22088, stack(0x000000ccfd600000,0x000000ccfd700000)]
  0x00000245721093d0 JavaThread "Unconstrained build operations Thread 36" [_thread_blocked, id=14804, stack(0x000000ccfd700000,0x000000ccfd800000)]
  0x00000245719caa70 JavaThread "Unconstrained build operations Thread 37" [_thread_blocked, id=21764, stack(0x000000ccfd800000,0x000000ccfd900000)]
  0x00000245719c36f0 JavaThread "Unconstrained build operations Thread 38" [_thread_blocked, id=22152, stack(0x000000ccfd900000,0x000000ccfda00000)]
  0x00000245719c9730 JavaThread "Unconstrained build operations Thread 39" [_thread_blocked, id=4572, stack(0x000000ccfda00000,0x000000ccfdb00000)]
  0x00000245719caf40 JavaThread "Unconstrained build operations Thread 40" [_thread_blocked, id=10280, stack(0x000000ccfdb00000,0x000000ccfdc00000)]
  0x00000245719c3bc0 JavaThread "Unconstrained build operations Thread 41" [_thread_blocked, id=7932, stack(0x000000ccfdc00000,0x000000ccfdd00000)]
  0x00000245719c6710 JavaThread "Unconstrained build operations Thread 42" [_thread_blocked, id=3916, stack(0x000000ccfdd00000,0x000000ccfde00000)]
  0x00000245719c4090 JavaThread "Unconstrained build operations Thread 43" [_thread_blocked, id=17284, stack(0x000000ccfde00000,0x000000ccfdf00000)]
  0x00000245719c4f00 JavaThread "Unconstrained build operations Thread 44" [_thread_blocked, id=23248, stack(0x000000ccfdf00000,0x000000ccfe000000)]
  0x00000245719c53d0 JavaThread "Unconstrained build operations Thread 45" [_thread_blocked, id=23264, stack(0x000000ccfe000000,0x000000ccfe100000)]
  0x00000245719c6240 JavaThread "Unconstrained build operations Thread 46" [_thread_blocked, id=3548, stack(0x000000ccfe100000,0x000000ccfe200000)]
  0x00000245719c6be0 JavaThread "Unconstrained build operations Thread 47" [_thread_blocked, id=12132, stack(0x000000ccfe200000,0x000000ccfe300000)]
  0x00000245719ca0d0 JavaThread "Unconstrained build operations Thread 48" [_thread_blocked, id=19516, stack(0x000000ccfe300000,0x000000ccfe400000)]
  0x00000245719c58a0 JavaThread "Unconstrained build operations Thread 49" [_thread_blocked, id=15320, stack(0x000000ccfe400000,0x000000ccfe500000)]
  0x00000245719c70b0 JavaThread "Unconstrained build operations Thread 50" [_thread_blocked, id=1728, stack(0x000000ccfe500000,0x000000ccfe600000)]
  0x00000245719c88c0 JavaThread "Unconstrained build operations Thread 51" [_thread_blocked, id=9200, stack(0x000000ccfe600000,0x000000ccfe700000)]
  0x00000245719c4560 JavaThread "Unconstrained build operations Thread 52" [_thread_blocked, id=8292, stack(0x000000ccfe700000,0x000000ccfe800000)]
  0x00000245719c9c00 JavaThread "Unconstrained build operations Thread 53" [_thread_blocked, id=3552, stack(0x000000ccfe800000,0x000000ccfe900000)]
  0x00000245719c4a30 JavaThread "Unconstrained build operations Thread 54" [_thread_blocked, id=11796, stack(0x000000ccfe900000,0x000000ccfea00000)]
  0x00000245719c7580 JavaThread "Unconstrained build operations Thread 55" [_thread_blocked, id=18220, stack(0x000000ccfea00000,0x000000ccfeb00000)]
  0x00000245719c8d90 JavaThread "Unconstrained build operations Thread 56" [_thread_blocked, id=6624, stack(0x000000ccfeb00000,0x000000ccfec00000)]
  0x00000245719c9260 JavaThread "Unconstrained build operations Thread 57" [_thread_blocked, id=19280, stack(0x000000ccfec00000,0x000000ccfed00000)]
  0x00000245719c5d70 JavaThread "Unconstrained build operations Thread 58" [_thread_blocked, id=6712, stack(0x000000ccfed00000,0x000000ccfee00000)]
  0x00000245719c7f20 JavaThread "Unconstrained build operations Thread 59" [_thread_blocked, id=21544, stack(0x000000ccfee00000,0x000000ccfef00000)]
  0x00000245719c7a50 JavaThread "Unconstrained build operations Thread 60" [_thread_blocked, id=1100, stack(0x000000ccfef00000,0x000000ccff000000)]
  0x00000245719c83f0 JavaThread "Unconstrained build operations Thread 61" [_thread_blocked, id=15164, stack(0x000000ccff000000,0x000000ccff100000)]
  0x00000245719ca5a0 JavaThread "Unconstrained build operations Thread 62" [_thread_blocked, id=10904, stack(0x000000ccff100000,0x000000ccff200000)]
  0x0000024573fbeb50 JavaThread "Unconstrained build operations Thread 63" [_thread_blocked, id=4152, stack(0x000000ccff200000,0x000000ccff300000)]
  0x0000024573fbf020 JavaThread "Unconstrained build operations Thread 64" [_thread_blocked, id=23540, stack(0x000000ccff300000,0x000000ccff400000)]
  0x0000024573fbdce0 JavaThread "Unconstrained build operations Thread 65" [_thread_blocked, id=19740, stack(0x000000ccff400000,0x000000ccff500000)]
  0x0000024573fbe1b0 JavaThread "Unconstrained build operations Thread 66" [_thread_blocked, id=23260, stack(0x000000ccff500000,0x000000ccff600000)]
  0x0000024573fc0360 JavaThread "Unconstrained build operations Thread 67" [_thread_blocked, id=2672, stack(0x000000ccff600000,0x000000ccff700000)]
  0x0000024573fc0830 JavaThread "Unconstrained build operations Thread 68" [_thread_blocked, id=20828, stack(0x000000ccff700000,0x000000ccff800000)]
  0x0000024573fbf9c0 JavaThread "Unconstrained build operations Thread 69" [_thread_blocked, id=10536, stack(0x000000ccff800000,0x000000ccff900000)]
  0x0000024573fbe680 JavaThread "Unconstrained build operations Thread 70" [_thread_blocked, id=20584, stack(0x000000ccff900000,0x000000ccffa00000)]
  0x0000024573fbf4f0 JavaThread "Unconstrained build operations Thread 71" [_thread_blocked, id=9748, stack(0x000000ccffa00000,0x000000ccffb00000)]
  0x0000024573fbfe90 JavaThread "Unconstrained build operations Thread 72" [_thread_blocked, id=17872, stack(0x000000ccffb00000,0x000000ccffc00000)]
  0x0000024573fbce70 JavaThread "Unconstrained build operations Thread 73" [_thread_blocked, id=5992, stack(0x000000ccffc00000,0x000000ccffd00000)]
  0x0000024573fbd340 JavaThread "Unconstrained build operations Thread 74" [_thread_blocked, id=18456, stack(0x000000ccffd00000,0x000000ccffe00000)]
  0x0000024573fbd810 JavaThread "Unconstrained build operations Thread 75" [_thread_blocked, id=10184, stack(0x000000ccffe00000,0x000000ccfff00000)]
  0x000002457266e0c0 JavaThread "Unconstrained build operations Thread 76" [_thread_blocked, id=15228, stack(0x000000ccfff00000,0x000000cd00000000)]
  0x0000024572668550 JavaThread "Unconstrained build operations Thread 77" [_thread_blocked, id=16708, stack(0x000000cc80000000,0x000000cc80100000)]
  0x0000024572668a20 JavaThread "Unconstrained build operations Thread 78" [_thread_blocked, id=22524, stack(0x000000cc80100000,0x000000cc80200000)]
  0x000002457266a230 JavaThread "Unconstrained build operations Thread 79" [_thread_blocked, id=2548, stack(0x000000cc80200000,0x000000cc80300000)]
  0x000002457266ea60 JavaThread "Unconstrained build operations Thread 80" [_thread_blocked, id=4780, stack(0x000000cc80300000,0x000000cc80400000)]
  0x000002457266cd80 JavaThread "jar transforms Thread 6" [_thread_blocked, id=9472, stack(0x000000cc80400000,0x000000cc80500000)]
  0x0000024572669890 JavaThread "jar transforms Thread 7" [_thread_blocked, id=16528, stack(0x000000cc80500000,0x000000cc80600000)]
  0x000002457266ef30 JavaThread "jar transforms Thread 8" [_thread_blocked, id=13652, stack(0x000000cc80600000,0x000000cc80700000)]
=>0x0000024571de1660 JavaThread "C2 CompilerThread1" daemon [_thread_in_native, id=22164, stack(0x000000cc80700000,0x000000cc80800000)]
  0x000002457266abd0 JavaThread "build event listener" [_thread_blocked, id=1844, stack(0x000000cc80800000,0x000000cc80900000)]

Other Threads:
  0x000002456d6a1c60 VMThread "VM Thread" [stack: 0x000000ccf8100000,0x000000ccf8200000] [id=17792]
  0x000002456e1ca390 WatcherThread [stack: 0x000000ccf8d00000,0x000000ccf8e00000] [id=22880]
  0x00000245518fb110 GCTaskThread "GC Thread#0" [stack: 0x000000ccf7c00000,0x000000ccf7d00000] [id=14724]
  0x000002456ef2e510 GCTaskThread "GC Thread#1" [stack: 0x000000ccf8f00000,0x000000ccf9000000] [id=10472]
  0x000002456eddab00 GCTaskThread "GC Thread#2" [stack: 0x000000ccf9000000,0x000000ccf9100000] [id=500]
  0x000002456f018b40 GCTaskThread "GC Thread#3" [stack: 0x000000ccf9100000,0x000000ccf9200000] [id=2168]
  0x000002456e7d4670 GCTaskThread "GC Thread#4" [stack: 0x000000ccf9200000,0x000000ccf9300000] [id=1380]
  0x000002456f11ec50 GCTaskThread "GC Thread#5" [stack: 0x000000ccf9500000,0x000000ccf9600000] [id=7192]
  0x0000024570eba120 GCTaskThread "GC Thread#6" [stack: 0x000000ccf9d00000,0x000000ccf9e00000] [id=14228]
  0x00000245705335b0 GCTaskThread "GC Thread#7" [stack: 0x000000ccf9e00000,0x000000ccf9f00000] [id=5304]
  0x000002455190bf60 ConcurrentGCThread "G1 Main Marker" [stack: 0x000000ccf7d00000,0x000000ccf7e00000] [id=18012]
  0x000002455190c880 ConcurrentGCThread "G1 Conc#0" [stack: 0x000000ccf7e00000,0x000000ccf7f00000] [id=19232]
  0x000002456f342430 ConcurrentGCThread "G1 Conc#1" [stack: 0x000000ccf9f00000,0x000000ccfa000000] [id=16912]
  0x000002455196e7c0 ConcurrentGCThread "G1 Refine#0" [stack: 0x000000ccf7f00000,0x000000ccf8000000] [id=23452]
  0x000002456f650d50 ConcurrentGCThread "G1 Refine#1" [stack: 0x000000ccfae00000,0x000000ccfaf00000] [id=21712]
  0x000002456d4f69d0 ConcurrentGCThread "G1 Service" [stack: 0x000000ccf8000000,0x000000ccf8100000] [id=6804]

Threads with active compile tasks:
C2 CompilerThread0    12084 6138       4       org.objectweb.asm.Frame::execute (2318 bytes)
C2 CompilerThread1    12084 5940   !   4       java.net.URLClassLoader$1::run (81 bytes)

VM state: not at safepoint (normal execution)

VM Mutex/Monitor currently owned by a thread: None

Heap address: 0x0000000080000000, size: 2048 MB, Compressed Oops mode: 32-bit

CDS archive(s) not mapped
Compressed class space mapped at: 0x0000000100000000-0x0000000140000000, reserved size: 1073741824
Narrow klass base: 0x0000000000000000, Narrow klass shift: 3, Narrow klass range: 0x140000000

GC Precious Log:
 CPUs: 8 total, 8 available
 Memory: 8084M
 Large Page Support: Disabled
 NUMA Support: Disabled
 Compressed Oops: Enabled (32-bit)
 Heap Region Size: 1M
 Heap Min Capacity: 8M
 Heap Initial Capacity: 128M
 Heap Max Capacity: 2G
 Pre-touch: Disabled
 Parallel Workers: 8
 Concurrent Workers: 2
 Concurrent Refinement Workers: 8
 Periodic GC: Disabled

Heap:
 garbage-first heap   total 86016K, used 56359K [0x0000000080000000, 0x0000000100000000)
  region size 1024K, 9 young (9216K), 1 survivors (1024K)
 Metaspace       used 60622K, committed 61056K, reserved 1105920K
  class space    used 8006K, committed 8192K, reserved 1048576K

Heap Regions: E=young(eden), S=young(survivor), O=old, HS=humongous(starts), HC=humongous(continues), CS=collection set, F=free, OA=open archive, CA=closed archive, TAMS=top-at-mark-start (previous, next)
|   0|0x0000000080000000, 0x0000000080100000, 0x0000000080100000|100%|HS|  |TAMS 0x0000000080100000, 0x0000000080000000| Complete 
|   1|0x0000000080100000, 0x0000000080200000, 0x0000000080200000|100%|HC|  |TAMS 0x0000000080200000, 0x0000000080100000| Complete 
|   2|0x0000000080200000, 0x0000000080300000, 0x0000000080300000|100%|HC|  |TAMS 0x0000000080300000, 0x0000000080200000| Complete 
|   3|0x0000000080300000, 0x0000000080400000, 0x0000000080400000|100%|HC|  |TAMS 0x0000000080400000, 0x0000000080300000| Complete 
|   4|0x0000000080400000, 0x0000000080500000, 0x0000000080500000|100%| O|  |TAMS 0x0000000080500000, 0x0000000080400000| Untracked 
|   5|0x0000000080500000, 0x0000000080600000, 0x0000000080600000|100%| O|  |TAMS 0x0000000080600000, 0x0000000080500000| Untracked 
|   6|0x0000000080600000, 0x0000000080700000, 0x0000000080700000|100%| O|  |TAMS 0x0000000080700000, 0x0000000080600000| Untracked 
|   7|0x0000000080700000, 0x0000000080800000, 0x0000000080800000|100%| O|  |TAMS 0x0000000080800000, 0x0000000080700000| Untracked 
|   8|0x0000000080800000, 0x0000000080900000, 0x0000000080900000|100%| O|  |TAMS 0x0000000080900000, 0x0000000080800000| Untracked 
|   9|0x0000000080900000, 0x0000000080a00000, 0x0000000080a00000|100%| O|  |TAMS 0x0000000080a00000, 0x0000000080900000| Untracked 
|  10|0x0000000080a00000, 0x0000000080b00000, 0x0000000080b00000|100%| O|  |TAMS 0x0000000080b00000, 0x0000000080a00000| Untracked 
|  11|0x0000000080b00000, 0x0000000080b64400, 0x0000000080c00000| 39%| O|  |TAMS 0x0000000080b00000, 0x0000000080b00000| Untracked 
|  12|0x0000000080c00000, 0x0000000080d00000, 0x0000000080d00000|100%| O|  |TAMS 0x0000000080d00000, 0x0000000080c00000| Untracked 
|  13|0x0000000080d00000, 0x0000000080e00000, 0x0000000080e00000|100%| O|  |TAMS 0x0000000080e00000, 0x0000000080d00000| Untracked 
|  14|0x0000000080e00000, 0x0000000080f00000, 0x0000000080f00000|100%| O|  |TAMS 0x0000000080f00000, 0x0000000080e00000| Untracked 
|  15|0x0000000080f00000, 0x0000000081000000, 0x0000000081000000|100%| O|  |TAMS 0x0000000081000000, 0x0000000080f00000| Untracked 
|  16|0x0000000081000000, 0x0000000081100000, 0x0000000081100000|100%| O|  |TAMS 0x0000000081100000, 0x0000000081000000| Untracked 
|  17|0x0000000081100000, 0x0000000081200000, 0x0000000081200000|100%| O|  |TAMS 0x0000000081200000, 0x0000000081100000| Untracked 
|  18|0x0000000081200000, 0x0000000081300000, 0x0000000081300000|100%| O|  |TAMS 0x0000000081300000, 0x0000000081200000| Untracked 
|  19|0x0000000081300000, 0x0000000081400000, 0x0000000081400000|100%| O|  |TAMS 0x0000000081400000, 0x0000000081300000| Untracked 
|  20|0x0000000081400000, 0x0000000081500000, 0x0000000081500000|100%| O|  |TAMS 0x0000000081500000, 0x0000000081400000| Untracked 
|  21|0x0000000081500000, 0x0000000081600000, 0x0000000081600000|100%| O|  |TAMS 0x0000000081600000, 0x0000000081500000| Untracked 
|  22|0x0000000081600000, 0x0000000081700000, 0x0000000081700000|100%| O|  |TAMS 0x0000000081700000, 0x0000000081600000| Untracked 
|  23|0x0000000081700000, 0x0000000081800000, 0x0000000081800000|100%| O|  |TAMS 0x0000000081800000, 0x0000000081700000| Untracked 
|  24|0x0000000081800000, 0x0000000081900000, 0x0000000081900000|100%| O|  |TAMS 0x0000000081900000, 0x0000000081800000| Untracked 
|  25|0x0000000081900000, 0x0000000081a00000, 0x0000000081a00000|100%| O|  |TAMS 0x0000000081a00000, 0x0000000081900000| Untracked 
|  26|0x0000000081a00000, 0x0000000081b00000, 0x0000000081b00000|100%| O|  |TAMS 0x0000000081b00000, 0x0000000081a00000| Untracked 
|  27|0x0000000081b00000, 0x0000000081c00000, 0x0000000081c00000|100%| O|  |TAMS 0x0000000081c00000, 0x0000000081b00000| Untracked 
|  28|0x0000000081c00000, 0x0000000081d00000, 0x0000000081d00000|100%| O|  |TAMS 0x0000000081d00000, 0x0000000081c00000| Untracked 
|  29|0x0000000081d00000, 0x0000000081e00000, 0x0000000081e00000|100%| O|  |TAMS 0x0000000081e00000, 0x0000000081d00000| Untracked 
|  30|0x0000000081e00000, 0x0000000081f00000, 0x0000000081f00000|100%| O|  |TAMS 0x0000000081f00000, 0x0000000081e00000| Untracked 
|  31|0x0000000081f00000, 0x0000000082000000, 0x0000000082000000|100%| O|  |TAMS 0x0000000082000000, 0x0000000081f00000| Untracked 
|  32|0x0000000082000000, 0x0000000082100000, 0x0000000082100000|100%| O|  |TAMS 0x0000000082100000, 0x0000000082000000| Untracked 
|  33|0x0000000082100000, 0x0000000082200000, 0x0000000082200000|100%|HS|  |TAMS 0x0000000082200000, 0x0000000082100000| Complete 
|  34|0x0000000082200000, 0x0000000082300000, 0x0000000082300000|100%|HS|  |TAMS 0x0000000082300000, 0x0000000082200000| Complete 
|  35|0x0000000082300000, 0x0000000082400000, 0x0000000082400000|100%|HS|  |TAMS 0x0000000082400000, 0x0000000082300000| Complete 
|  36|0x0000000082400000, 0x0000000082500000, 0x0000000082500000|100%| O|  |TAMS 0x0000000082500000, 0x0000000082400000| Untracked 
|  37|0x0000000082500000, 0x0000000082600000, 0x0000000082600000|100%| O|  |TAMS 0x0000000082600000, 0x0000000082500000| Untracked 
|  38|0x0000000082600000, 0x0000000082700000, 0x0000000082700000|100%| O|  |TAMS 0x0000000082700000, 0x0000000082600000| Untracked 
|  39|0x0000000082700000, 0x0000000082800000, 0x0000000082800000|100%| O|  |TAMS 0x0000000082800000, 0x0000000082700000| Untracked 
|  40|0x0000000082800000, 0x0000000082900000, 0x0000000082900000|100%| O|  |TAMS 0x0000000082900000, 0x0000000082800000| Untracked 
|  41|0x0000000082900000, 0x0000000082a00000, 0x0000000082a00000|100%| O|  |TAMS 0x0000000082a00000, 0x0000000082900000| Untracked 
|  42|0x0000000082a00000, 0x0000000082b00000, 0x0000000082b00000|100%| O|  |TAMS 0x0000000082b00000, 0x0000000082a00000| Untracked 
|  43|0x0000000082b00000, 0x0000000082c00000, 0x0000000082c00000|100%| O|  |TAMS 0x0000000082c00000, 0x0000000082b00000| Untracked 
|  44|0x0000000082c00000, 0x0000000082d00000, 0x0000000082d00000|100%| O|  |TAMS 0x0000000082d00000, 0x0000000082c00000| Untracked 
|  45|0x0000000082d00000, 0x0000000082d00000, 0x0000000082e00000|  0%| F|  |TAMS 0x0000000082d00000, 0x0000000082d00000| Untracked 
|  46|0x0000000082e00000, 0x0000000082f00000, 0x0000000082f00000|100%| O|  |TAMS 0x0000000082f00000, 0x0000000082e00000| Untracked 
|  47|0x0000000082f00000, 0x0000000083000000, 0x0000000083000000|100%| O|  |TAMS 0x0000000083000000, 0x0000000082f00000| Untracked 
|  48|0x0000000083000000, 0x0000000083100000, 0x0000000083100000|100%| O|  |TAMS 0x000000008306b400, 0x0000000083000000| Untracked 
|  49|0x0000000083100000, 0x0000000083100000, 0x0000000083200000|  0%| F|  |TAMS 0x0000000083100000, 0x0000000083100000| Untracked 
|  50|0x0000000083200000, 0x0000000083200000, 0x0000000083300000|  0%| F|  |TAMS 0x0000000083200000, 0x0000000083200000| Untracked 
|  51|0x0000000083300000, 0x0000000083300000, 0x0000000083400000|  0%| F|  |TAMS 0x0000000083300000, 0x0000000083300000| Untracked 
|  52|0x0000000083400000, 0x0000000083400000, 0x0000000083500000|  0%| F|  |TAMS 0x0000000083400000, 0x0000000083400000| Untracked 
|  53|0x0000000083500000, 0x0000000083500000, 0x0000000083600000|  0%| F|  |TAMS 0x0000000083500000, 0x0000000083500000| Untracked 
|  54|0x0000000083600000, 0x0000000083600000, 0x0000000083700000|  0%| F|  |TAMS 0x0000000083600000, 0x0000000083600000| Untracked 
|  55|0x0000000083700000, 0x0000000083700000, 0x0000000083800000|  0%| F|  |TAMS 0x0000000083700000, 0x0000000083700000| Untracked 
|  56|0x0000000083800000, 0x0000000083800000, 0x0000000083900000|  0%| F|  |TAMS 0x0000000083800000, 0x0000000083800000| Untracked 
|  57|0x0000000083900000, 0x0000000083900000, 0x0000000083a00000|  0%| F|  |TAMS 0x0000000083900000, 0x0000000083900000| Untracked 
|  58|0x0000000083a00000, 0x0000000083a00000, 0x0000000083b00000|  0%| F|  |TAMS 0x0000000083a00000, 0x0000000083a00000| Untracked 
|  59|0x0000000083b00000, 0x0000000083b00000, 0x0000000083c00000|  0%| F|  |TAMS 0x0000000083b00000, 0x0000000083b00000| Untracked 
|  60|0x0000000083c00000, 0x0000000083c00000, 0x0000000083d00000|  0%| F|  |TAMS 0x0000000083c00000, 0x0000000083c00000| Untracked 
|  61|0x0000000083d00000, 0x0000000083d00000, 0x0000000083e00000|  0%| F|  |TAMS 0x0000000083d00000, 0x0000000083d00000| Untracked 
|  62|0x0000000083e00000, 0x0000000083e00000, 0x0000000083f00000|  0%| F|  |TAMS 0x0000000083e00000, 0x0000000083e00000| Untracked 
|  63|0x0000000083f00000, 0x0000000083f00000, 0x0000000084000000|  0%| F|  |TAMS 0x0000000083f00000, 0x0000000083f00000| Untracked 
|  64|0x0000000084000000, 0x0000000084000000, 0x0000000084100000|  0%| F|  |TAMS 0x0000000084000000, 0x0000000084000000| Untracked 
|  65|0x0000000084100000, 0x0000000084100000, 0x0000000084200000|  0%| F|  |TAMS 0x0000000084100000, 0x0000000084100000| Untracked 
|  66|0x0000000084200000, 0x0000000084200000, 0x0000000084300000|  0%| F|  |TAMS 0x0000000084200000, 0x0000000084200000| Untracked 
|  67|0x0000000084300000, 0x0000000084300000, 0x0000000084400000|  0%| F|  |TAMS 0x0000000084300000, 0x0000000084300000| Untracked 
|  68|0x0000000084400000, 0x0000000084400000, 0x0000000084500000|  0%| F|  |TAMS 0x0000000084400000, 0x0000000084400000| Untracked 
|  69|0x0000000084500000, 0x0000000084500000, 0x0000000084600000|  0%| F|  |TAMS 0x0000000084500000, 0x0000000084500000| Untracked 
|  70|0x0000000084600000, 0x0000000084600000, 0x0000000084700000|  0%| F|  |TAMS 0x0000000084600000, 0x0000000084600000| Untracked 
|  71|0x0000000084700000, 0x0000000084700000, 0x0000000084800000|  0%| F|  |TAMS 0x0000000084700000, 0x0000000084700000| Untracked 
|  72|0x0000000084800000, 0x0000000084800000, 0x0000000084900000|  0%| F|  |TAMS 0x0000000084800000, 0x0000000084800000| Untracked 
|  73|0x0000000084900000, 0x0000000084900000, 0x0000000084a00000|  0%| F|  |TAMS 0x0000000084900000, 0x0000000084900000| Untracked 
|  74|0x0000000084a00000, 0x0000000084a00000, 0x0000000084b00000|  0%| F|  |TAMS 0x0000000084a00000, 0x0000000084a00000| Untracked 
|  78|0x0000000084e00000, 0x0000000084eb9380, 0x0000000084f00000| 72%| E|  |TAMS 0x0000000084e00000, 0x0000000084e00000| Complete 
|  79|0x0000000084f00000, 0x0000000085000000, 0x0000000085000000|100%| E|CS|TAMS 0x0000000084f00000, 0x0000000084f00000| Complete 
|  80|0x0000000085000000, 0x0000000085100000, 0x0000000085100000|100%| E|CS|TAMS 0x0000000085000000, 0x0000000085000000| Complete 
|  81|0x0000000085100000, 0x0000000085200000, 0x0000000085200000|100%| E|CS|TAMS 0x0000000085100000, 0x0000000085100000| Complete 
|  82|0x0000000085200000, 0x0000000085300000, 0x0000000085300000|100%| E|CS|TAMS 0x0000000085200000, 0x0000000085200000| Complete 
|  83|0x0000000085300000, 0x0000000085400000, 0x0000000085400000|100%| E|CS|TAMS 0x0000000085300000, 0x0000000085300000| Complete 
|  84|0x0000000085400000, 0x00000000854a5808, 0x0000000085500000| 64%| S|CS|TAMS 0x0000000085400000, 0x0000000085400000| Complete 
|  85|0x0000000085500000, 0x0000000085600000, 0x0000000085600000|100%| E|CS|TAMS 0x0000000085500000, 0x0000000085500000| Complete 
| 127|0x0000000087f00000, 0x0000000088000000, 0x0000000088000000|100%| E|CS|TAMS 0x0000000087f00000, 0x0000000087f00000| Complete 

Card table byte_map: [0x00000245663b0000,0x00000245667b0000] _byte_map_base: 0x0000024565fb0000

Marking Bits (Prev, Next): (CMBitMap*) 0x00000245518fb630, (CMBitMap*) 0x00000245518fb670
 Prev Bits: [0x0000024566bb0000, 0x0000024568bb0000)
 Next Bits: [0x0000024568bb0000, 0x000002456abb0000)

Polling page: 0x0000024551970000

Metaspace:

Usage:
  Non-class:     51.43 MB used.
      Class:      7.83 MB used.
       Both:     59.26 MB used.

Virtual space:
  Non-class space:       56.00 MB reserved,      51.69 MB ( 92%) committed,  7 nodes.
      Class space:        1.00 GB reserved,       8.00 MB ( <1%) committed,  1 nodes.
             Both:        1.05 GB reserved,      59.69 MB (  6%) committed. 

Chunk freelists:
   Non-Class:  208.00 KB
       Class:  4.00 KB
        Both:  212.00 KB

MaxMetaspaceSize: unlimited
CompressedClassSpaceSize: 1.00 GB
Initial GC threshold: 21.00 MB
Current GC threshold: 92.19 MB
CDS: off
MetaspaceReclaimPolicy: balanced
 - commit_granule_bytes: 65536.
 - commit_granule_words: 8192.
 - virtual_space_node_default_size: 1048576.
 - enlarge_chunks_in_place: 1.
 - new_chunks_are_fully_committed: 0.
 - uncommit_free_chunks: 1.
 - use_allocation_guard: 0.
 - handle_deallocations: 1.


Internal statistics:

num_allocs_failed_limit: 6.
num_arena_births: 590.
num_arena_deaths: 0.
num_vsnodes_births: 8.
num_vsnodes_deaths: 0.
num_space_committed: 955.
num_space_uncommitted: 0.
num_chunks_returned_to_freelist: 6.
num_chunks_taken_from_freelist: 2559.
num_chunk_merges: 6.
num_chunk_splits: 1711.
num_chunks_enlarged: 1171.
num_purges: 0.
num_inconsistent_stats: 0.

CodeHeap 'non-profiled nmethods': size=120000Kb used=3452Kb max_used=3452Kb free=116547Kb
 bounds [0x000002455e010000, 0x000002455e370000, 0x0000024565540000]
CodeHeap 'profiled nmethods': size=120000Kb used=12630Kb max_used=12630Kb free=107369Kb
 bounds [0x0000024556540000, 0x00000245571a0000, 0x000002455da70000]
CodeHeap 'non-nmethods': size=5760Kb used=2338Kb max_used=2409Kb free=3421Kb
 bounds [0x000002455da70000, 0x000002455dce0000, 0x000002455e010000]
 total_blobs=7073 nmethods=6210 adapters=774
 compilation: enabled
              stopped_count=0, restarted_count=0
 full_count=0

Compilation events (20 events):
Event: 11.926 Thread 0x000002456e052ec0 6186       3       com.google.common.reflect.TypeToken::toGenericType (99 bytes)
Event: 11.928 Thread 0x000002456e052ec0 nmethod 6186 0x0000024557171a90 code [0x0000024557171ea0, 0x0000024557173be8]
Event: 11.928 Thread 0x000002456e052ec0 6187       3       com.google.common.reflect.TypeToken::resolveSupertype (30 bytes)
Event: 11.929 Thread 0x000002456e052ec0 nmethod 6187 0x0000024557174490 code [0x0000024557174720, 0x0000024557175598]
Event: 11.930 Thread 0x000002456e052ec0 6188       3       org.gradle.internal.instantiation.generator.AsmBackedClassGenerator$ClassBuilderImpl::access$6600 (4 bytes)
Event: 11.930 Thread 0x000002456e052ec0 nmethod 6188 0x0000024557175a90 code [0x0000024557175c20, 0x0000024557175d18]
Event: 11.957 Thread 0x000002456e052ec0 6189       3       java.lang.invoke.MethodHandles::identity (87 bytes)
Event: 11.957 Thread 0x000002456e052ec0 nmethod 6189 0x0000024557175d90 code [0x0000024557175f80, 0x00000245571763b8]
Event: 11.982 Thread 0x000002456e052ec0 6190       3       java.lang.invoke.LambdaForm$MH/0x00000001000ac000::invoke (25 bytes)
Event: 11.982 Thread 0x000002456e052ec0 nmethod 6190 0x0000024557176590 code [0x0000024557176760, 0x0000024557176c58]
Event: 11.982 Thread 0x000002456e052ec0 6191       3       java.lang.invoke.DirectMethodHandle$Holder::invokeStatic (15 bytes)
Event: 11.983 Thread 0x000002456e052ec0 nmethod 6191 0x0000024557176d90 code [0x0000024557176f60, 0x0000024557177438]
Event: 11.983 Thread 0x000002456e052ec0 6192       3       java.util.logging.LogManager::getProperty (9 bytes)
Event: 11.983 Thread 0x000002456e052ec0 nmethod 6192 0x0000024557177590 code [0x0000024557177740, 0x0000024557177908]
Event: 11.985 Thread 0x000002456e052ec0 6193       3       java.lang.invoke.LambdaForm::identityForm (27 bytes)
Event: 11.985 Thread 0x000002456e052ec0 nmethod 6193 0x0000024557177a10 code [0x0000024557177bc0, 0x0000024557177da8]
Event: 11.985 Thread 0x000002456e052ec0 6194       3       java.lang.invoke.MethodHandleImpl::makeIntrinsic (14 bytes)
Event: 11.986 Thread 0x000002456e052ec0 nmethod 6194 0x0000024557177e90 code [0x0000024557178080, 0x0000024557178758]
Event: 11.986 Thread 0x000002456e052ec0 6195       3       java.lang.invoke.SimpleMethodHandle::speciesData (4 bytes)
Event: 11.986 Thread 0x000002456e052ec0 nmethod 6195 0x0000024557178990 code [0x0000024557178b20, 0x0000024557178c38]

GC Heap History (20 events):
Event: 8.067 GC heap before
{Heap before GC invocations=12 (full 0):
 garbage-first heap   total 68608K, used 42014K [0x0000000080000000, 0x0000000100000000)
  region size 1024K, 13 young (13312K), 2 survivors (2048K)
 Metaspace       used 46109K, committed 46464K, reserved 1089536K
  class space    used 6115K, committed 6272K, reserved 1048576K
}
Event: 8.071 GC heap after
{Heap after GC invocations=13 (full 0):
 garbage-first heap   total 68608K, used 34076K [0x0000000080000000, 0x0000000100000000)
  region size 1024K, 2 young (2048K), 2 survivors (2048K)
 Metaspace       used 46109K, committed 46464K, reserved 1089536K
  class space    used 6115K, committed 6272K, reserved 1048576K
}
Event: 8.591 GC heap before
{Heap before GC invocations=14 (full 0):
 garbage-first heap   total 68608K, used 54556K [0x0000000080000000, 0x0000000100000000)
  region size 1024K, 21 young (21504K), 2 survivors (2048K)
 Metaspace       used 49102K, committed 49536K, reserved 1097728K
  class space    used 6490K, committed 6656K, reserved 1048576K
}
Event: 8.595 GC heap after
{Heap after GC invocations=15 (full 0):
 garbage-first heap   total 68608K, used 34292K [0x0000000080000000, 0x0000000100000000)
  region size 1024K, 2 young (2048K), 2 survivors (2048K)
 Metaspace       used 49102K, committed 49536K, reserved 1097728K
  class space    used 6490K, committed 6656K, reserved 1048576K
}
Event: 9.324 GC heap before
{Heap before GC invocations=15 (full 0):
 garbage-first heap   total 68608K, used 53748K [0x0000000080000000, 0x0000000100000000)
  region size 1024K, 21 young (21504K), 2 survivors (2048K)
 Metaspace       used 51037K, committed 51456K, reserved 1097728K
  class space    used 6755K, committed 6912K, reserved 1048576K
}
Event: 9.328 GC heap after
{Heap after GC invocations=16 (full 0):
 garbage-first heap   total 82944K, used 36137K [0x0000000080000000, 0x0000000100000000)
  region size 1024K, 3 young (3072K), 3 survivors (3072K)
 Metaspace       used 51037K, committed 51456K, reserved 1097728K
  class space    used 6755K, committed 6912K, reserved 1048576K
}
Event: 10.106 GC heap before
{Heap before GC invocations=17 (full 0):
 garbage-first heap   total 82944K, used 66857K [0x0000000080000000, 0x0000000100000000)
  region size 1024K, 31 young (31744K), 3 survivors (3072K)
 Metaspace       used 51851K, committed 52288K, reserved 1097728K
  class space    used 6842K, committed 7040K, reserved 1048576K
}
Event: 10.111 GC heap after
{Heap after GC invocations=18 (full 0):
 garbage-first heap   total 82944K, used 45802K [0x0000000080000000, 0x0000000100000000)
  region size 1024K, 4 young (4096K), 4 survivors (4096K)
 Metaspace       used 51851K, committed 52288K, reserved 1097728K
  class space    used 6842K, committed 7040K, reserved 1048576K
}
Event: 10.113 GC heap before
{Heap before GC invocations=18 (full 0):
 garbage-first heap   total 82944K, used 45802K [0x0000000080000000, 0x0000000100000000)
  region size 1024K, 5 young (5120K), 4 survivors (4096K)
 Metaspace       used 51851K, committed 52288K, reserved 1097728K
  class space    used 6842K, committed 7040K, reserved 1048576K
}
Event: 10.115 GC heap after
{Heap after GC invocations=19 (full 0):
 garbage-first heap   total 82944K, used 46345K [0x0000000080000000, 0x0000000100000000)
  region size 1024K, 1 young (1024K), 1 survivors (1024K)
 Metaspace       used 51851K, committed 52288K, reserved 1097728K
  class space    used 6842K, committed 7040K, reserved 1048576K
}
Event: 10.729 GC heap before
{Heap before GC invocations=20 (full 0):
 garbage-first heap   total 83968K, used 61705K [0x0000000080000000, 0x0000000100000000)
  region size 1024K, 16 young (16384K), 1 survivors (1024K)
 Metaspace       used 53623K, committed 54016K, reserved 1097728K
  class space    used 7086K, committed 7232K, reserved 1048576K
}
Event: 10.732 GC heap after
{Heap after GC invocations=21 (full 0):
 garbage-first heap   total 83968K, used 48585K [0x0000000080000000, 0x0000000100000000)
  region size 1024K, 2 young (2048K), 2 survivors (2048K)
 Metaspace       used 53623K, committed 54016K, reserved 1097728K
  class space    used 7086K, committed 7232K, reserved 1048576K
}
Event: 10.772 GC heap before
{Heap before GC invocations=21 (full 0):
 garbage-first heap   total 83968K, used 50633K [0x0000000080000000, 0x0000000100000000)
  region size 1024K, 4 young (4096K), 2 survivors (2048K)
 Metaspace       used 53884K, committed 54272K, reserved 1097728K
  class space    used 7126K, committed 7296K, reserved 1048576K
}
Event: 10.776 GC heap after
{Heap after GC invocations=22 (full 0):
 garbage-first heap   total 83968K, used 48713K [0x0000000080000000, 0x0000000100000000)
  region size 1024K, 1 young (1024K), 1 survivors (1024K)
 Metaspace       used 53884K, committed 54272K, reserved 1097728K
  class space    used 7126K, committed 7296K, reserved 1048576K
}
Event: 11.120 GC heap before
{Heap before GC invocations=22 (full 0):
 garbage-first heap   total 83968K, used 63049K [0x0000000080000000, 0x0000000100000000)
  region size 1024K, 15 young (15360K), 1 survivors (1024K)
 Metaspace       used 55856K, committed 56320K, reserved 1097728K
  class space    used 7403K, committed 7616K, reserved 1048576K
}
Event: 11.122 GC heap after
{Heap after GC invocations=23 (full 0):
 garbage-first heap   total 83968K, used 49282K [0x0000000080000000, 0x0000000100000000)
  region size 1024K, 1 young (1024K), 1 survivors (1024K)
 Metaspace       used 55856K, committed 56320K, reserved 1097728K
  class space    used 7403K, committed 7616K, reserved 1048576K
}
Event: 11.564 GC heap before
{Heap before GC invocations=24 (full 0):
 garbage-first heap   total 86016K, used 63618K [0x0000000080000000, 0x0000000100000000)
  region size 1024K, 16 young (16384K), 1 survivors (1024K)
 Metaspace       used 58508K, committed 59008K, reserved 1105920K
  class space    used 7704K, committed 7936K, reserved 1048576K
}
Event: 11.567 GC heap after
{Heap after GC invocations=25 (full 0):
 garbage-first heap   total 86016K, used 49740K [0x0000000080000000, 0x0000000100000000)
  region size 1024K, 2 young (2048K), 2 survivors (2048K)
 Metaspace       used 58508K, committed 59008K, reserved 1105920K
  class space    used 7704K, committed 7936K, reserved 1048576K
}
Event: 11.642 GC heap before
{Heap before GC invocations=25 (full 0):
 garbage-first heap   total 86016K, used 51788K [0x0000000080000000, 0x0000000100000000)
  region size 1024K, 4 young (4096K), 2 survivors (2048K)
 Metaspace       used 58748K, committed 59264K, reserved 1105920K
  class space    used 7728K, committed 7936K, reserved 1048576K
}
Event: 11.646 GC heap after
{Heap after GC invocations=26 (full 0):
 garbage-first heap   total 86016K, used 49191K [0x0000000080000000, 0x0000000100000000)
  region size 1024K, 1 young (1024K), 1 survivors (1024K)
 Metaspace       used 58748K, committed 59264K, reserved 1105920K
  class space    used 7728K, committed 7936K, reserved 1048576K
}

Dll operation events (2 events):
Event: 0.018 Loaded shared library C:\Program Files\Android\Android Studio\jbr\bin\java.dll
Event: 0.626 Loaded shared library C:\Program Files\Android\Android Studio\jbr\bin\verify.dll

Deoptimization events (20 events):
Event: 11.052 Thread 0x000002456f64d710 Uncommon trap: trap_request=0xffffffde fr.pc=0x000002455e301a80 relative=0x00000000000003a0
Event: 11.052 Thread 0x000002456f64d710 Uncommon trap: reason=class_check action=maybe_recompile pc=0x000002455e301a80 method=java.util.stream.AbstractPipeline.copyIntoWithCancel(Ljava/util/stream/Sink;Ljava/util/Spliterator;)Z @ 32 c2
Event: 11.052 Thread 0x000002456f64d710 DEOPT PACKING pc=0x000002455e301a80 sp=0x000000ccf99f7130
Event: 11.052 Thread 0x000002456f64d710 DEOPT UNPACKING pc=0x000002455dac69a3 sp=0x000000ccf99f6ff0 mode 2
Event: 11.590 Thread 0x000002456f64d710 Uncommon trap: trap_request=0xffffffde fr.pc=0x000002455e2b6fbc relative=0x000000000000003c
Event: 11.590 Thread 0x000002456f64d710 Uncommon trap: reason=class_check action=maybe_recompile pc=0x000002455e2b6fbc method=java.lang.StringConcatHelper.stringOf(Ljava/lang/Object;)Ljava/lang/String; @ 5 c2
Event: 11.590 Thread 0x000002456f64d710 DEOPT PACKING pc=0x000002455e2b6fbc sp=0x000000ccf99f8190
Event: 11.590 Thread 0x000002456f64d710 DEOPT UNPACKING pc=0x000002455dac69a3 sp=0x000000ccf99f8128 mode 2
Event: 11.590 Thread 0x000002456f64d710 Uncommon trap: trap_request=0xffffffde fr.pc=0x000002455e2b6fbc relative=0x000000000000003c
Event: 11.590 Thread 0x000002456f64d710 Uncommon trap: reason=class_check action=maybe_recompile pc=0x000002455e2b6fbc method=java.lang.StringConcatHelper.stringOf(Ljava/lang/Object;)Ljava/lang/String; @ 5 c2
Event: 11.590 Thread 0x000002456f64d710 DEOPT PACKING pc=0x000002455e2b6fbc sp=0x000000ccf99f8190
Event: 11.590 Thread 0x000002456f64d710 DEOPT UNPACKING pc=0x000002455dac69a3 sp=0x000000ccf99f8128 mode 2
Event: 11.590 Thread 0x000002456f64d710 Uncommon trap: trap_request=0xffffffde fr.pc=0x000002455e2b6fbc relative=0x000000000000003c
Event: 11.590 Thread 0x000002456f64d710 Uncommon trap: reason=class_check action=maybe_recompile pc=0x000002455e2b6fbc method=java.lang.StringConcatHelper.stringOf(Ljava/lang/Object;)Ljava/lang/String; @ 5 c2
Event: 11.590 Thread 0x000002456f64d710 DEOPT PACKING pc=0x000002455e2b6fbc sp=0x000000ccf99f8190
Event: 11.590 Thread 0x000002456f64d710 DEOPT UNPACKING pc=0x000002455dac69a3 sp=0x000000ccf99f8128 mode 2
Event: 11.590 Thread 0x000002456f64d710 Uncommon trap: trap_request=0xffffffde fr.pc=0x000002455e2b6fbc relative=0x000000000000003c
Event: 11.590 Thread 0x000002456f64d710 Uncommon trap: reason=class_check action=maybe_recompile pc=0x000002455e2b6fbc method=java.lang.StringConcatHelper.stringOf(Ljava/lang/Object;)Ljava/lang/String; @ 5 c2
Event: 11.590 Thread 0x000002456f64d710 DEOPT PACKING pc=0x000002455e2b6fbc sp=0x000000ccf99f8190
Event: 11.590 Thread 0x000002456f64d710 DEOPT UNPACKING pc=0x000002455dac69a3 sp=0x000000ccf99f8128 mode 2

Classes unloaded (0 events):
No events

Classes redefined (0 events):
No events

Internal exceptions (20 events):
Event: 8.890 Thread 0x000002456f64d710 Exception <a 'java/lang/NoSuchMethodError'{0x00000000838114a0}: 'java.lang.Object java.lang.invoke.DirectMethodHandle$Holder.invokeStatic(java.lang.Object, java.lang.Object, java.lang.Object, java.lang.Object, java.lang.Object, java.lang.Object, java.lang.Object, java.lang.Object, java.lang.Object, java.lang.Object, java.lang.Object, java.lang.Object, java.lang.Object, java.lang.Object, java.lang.Object, java.lang.Object, java.lang.Object, java.lang.Object, java.lang.Object, java.lang.Object, java.lang.Obj
Event: 8.892 Thread 0x000002456f64d710 Exception <a 'java/lang/NoSuchMethodError'{0x0000000083840048}: 'java.lang.Object java.lang.invoke.DirectMethodHandle$Holder.invokeStatic(java.lang.Object, java.lang.Object, java.lang.Object, java.lang.Object, java.lang.Object, java.lang.Object, java.lang.Object, java.lang.Object, java.lang.Object, java.lang.Object, java.lang.Object, java.lang.Object, java.lang.Object, java.lang.Object, java.lang.Object, java.lang.Object, java.lang.Object, java.lang.Object, java.lang.Object, java.lang.Object, java.lang.Obj
Event: 9.929 Thread 0x000002456f64d710 Exception <a 'java/lang/NoSuchMethodError'{0x0000000083be14e0}: 'long java.lang.invoke.DirectMethodHandle$Holder.invokeVirtual(java.lang.Object, java.lang.Object)'> (0x0000000083be14e0) 
thrown [s\src\hotspot\share\interpreter\linkResolver.cpp, line 771]
Event: 9.935 Thread 0x000002456f64ac30 Exception <a 'java/lang/NoSuchMethodError'{0x0000000083a08a30}: static Lorg/gradle/internal/build/event/types/DefaultOperationFinishedProgressEvent;.<clinit>()V> (0x0000000083a08a30) 
thrown [s\src\hotspot\share\prims\jni.cpp, line 1108]
Event: 9.939 Thread 0x000002456f64ac30 Exception <a 'java/lang/NoSuchMethodError'{0x0000000083ab1160}: static Lorg/gradle/internal/build/event/types/DefaultProjectConfigurationSuccessResult;.<clinit>()V> (0x0000000083ab1160) 
thrown [s\src\hotspot\share\prims\jni.cpp, line 1108]
Event: 9.939 Thread 0x000002456f64ac30 Exception <a 'java/lang/NoSuchMethodError'{0x0000000083ab26f0}: static Lorg/gradle/internal/build/event/types/AbstractProjectConfigurationResult;.<clinit>()V> (0x0000000083ab26f0) 
thrown [s\src\hotspot\share\prims\jni.cpp, line 1108]
Event: 9.939 Thread 0x000002456f64ac30 Exception <a 'java/lang/NoSuchMethodError'{0x0000000083ab3c68}: static Lorg/gradle/internal/build/event/types/AbstractOperationResult;.<clinit>()V> (0x0000000083ab3c68) 
thrown [s\src\hotspot\share\prims\jni.cpp, line 1108]
Event: 9.940 Thread 0x000002456f64ac30 Exception <a 'java/lang/NoSuchMethodError'{0x0000000083ab50b0}: static Lorg/gradle/internal/build/event/types/AbstractResult;.<clinit>()V> (0x0000000083ab50b0) 
thrown [s\src\hotspot\share\prims\jni.cpp, line 1108]
Event: 9.942 Thread 0x000002456f64ac30 Exception <a 'java/lang/NoSuchMethodError'{0x0000000083acc8f8}: static Lorg/gradle/internal/build/event/types/DefaultPluginApplicationResult;.<clinit>()V> (0x0000000083acc8f8) 
thrown [s\src\hotspot\share\prims\jni.cpp, line 1108]
Event: 9.945 Thread 0x000002456f64ac30 Exception <a 'java/lang/NoSuchMethodError'{0x0000000083ad8600}: static Lorg/gradle/internal/build/event/types/DefaultBinaryPluginIdentifier;.<clinit>()V> (0x0000000083ad8600) 
thrown [s\src\hotspot\share\prims\jni.cpp, line 1108]
Event: 9.947 Thread 0x000002456f64ac30 Exception <a 'java/lang/NoSuchMethodError'{0x0000000083aefdc0}: static Lorg/gradle/internal/build/event/types/DefaultScriptPluginIdentifier;.<clinit>()V> (0x0000000083aefdc0) 
thrown [s\src\hotspot\share\prims\jni.cpp, line 1108]
Event: 9.961 Thread 0x000002456f64d710 Exception <a 'java/lang/ClassNotFoundException'{0x0000000083a8cbb8}: build_aw6dihgurze96e6abws8imlr3BeanInfo> (0x0000000083a8cbb8) 
thrown [s\src\hotspot\share\classfile\systemDictionary.cpp, line 256]
Event: 9.961 Thread 0x000002456f64d710 Exception <a 'java/lang/ClassNotFoundException'{0x000000008390d2a8}: build_aw6dihgurze96e6abws8imlr3Customizer> (0x000000008390d2a8) 
thrown [s\src\hotspot\share\classfile\systemDictionary.cpp, line 256]
Event: 10.252 Thread 0x000002456f64d710 Exception <a 'java/lang/ClassNotFoundException'{0x0000000085365968}: org/gradle/api/internal/plugins/DefaultObjectConfigurationActionBeanInfo> (0x0000000085365968) 
thrown [s\src\hotspot\share\classfile\systemDictionary.cpp, line 256]
Event: 10.254 Thread 0x000002456f64d710 Exception <a 'java/lang/ClassNotFoundException'{0x0000000085377d90}: org/gradle/api/internal/plugins/DefaultObjectConfigurationActionCustomizer> (0x0000000085377d90) 
thrown [s\src\hotspot\share\classfile\systemDictionary.cpp, line 256]
Event: 10.682 Thread 0x000002456f64d710 Exception <a 'java/lang/NoSuchMethodError'{0x000000008436d900}: 'java.lang.Object java.lang.invoke.DirectMethodHandle$Holder.newInvokeSpecial(java.lang.Object, java.lang.Object, java.lang.Object, java.lang.Object, int)'> (0x000000008436d900) 
thrown [s\src\hotspot\share\interpreter\linkResolver.cpp, line 771]
Event: 10.683 Thread 0x000002456f64d710 Exception <a 'java/lang/NoSuchMethodError'{0x0000000084372aa0}: 'java.lang.Object java.lang.invoke.DirectMethodHandle$Holder.invokeSpecial(java.lang.Object, java.lang.Object, java.lang.Object, java.lang.Object, java.lang.Object, int)'> (0x0000000084372aa0) 
thrown [s\src\hotspot\share\interpreter\linkResolver.cpp, line 771]
Event: 10.683 Thread 0x000002456f64d710 Exception <a 'java/lang/NoSuchMethodError'{0x0000000084377578}: 'java.lang.Object java.lang.invoke.Invokers$Holder.linkToTargetMethod(java.lang.Object, java.lang.Object, java.lang.Object, int, java.lang.Object)'> (0x0000000084377578) 
thrown [s\src\hotspot\share\interpreter\linkResolver.cpp, line 771]
Event: 10.991 Thread 0x000002456f64d710 Exception <a 'java/lang/NoSuchMethodError'{0x0000000084776470}: 'int java.lang.invoke.DirectMethodHandle$Holder.invokeInterface(java.lang.Object, java.lang.Object, java.lang.Object, java.lang.Object)'> (0x0000000084776470) 
thrown [s\src\hotspot\share\interpreter\linkResolver.cpp, line 771]
Event: 11.985 Thread 0x000002456f64d710 Exception <a 'java/lang/IncompatibleClassChangeError'{0x00000000850dde70}: Found class java.lang.Object, but interface was expected> (0x00000000850dde70) 
thrown [s\src\hotspot\share\interpreter\linkResolver.cpp, line 838]

VM Operations (20 events):
Event: 10.179 Executing VM operation: G1Concurrent
Event: 10.179 Executing VM operation: G1Concurrent done
Event: 10.728 Executing VM operation: G1CollectForAllocation
Event: 10.732 Executing VM operation: G1CollectForAllocation done
Event: 10.772 Executing VM operation: G1CollectForAllocation
Event: 10.776 Executing VM operation: G1CollectForAllocation done
Event: 10.979 Executing VM operation: HandshakeAllThreads
Event: 10.979 Executing VM operation: HandshakeAllThreads done
Event: 10.988 Executing VM operation: HandshakeAllThreads
Event: 10.989 Executing VM operation: HandshakeAllThreads done
Event: 11.120 Executing VM operation: G1CollectForAllocation
Event: 11.122 Executing VM operation: G1CollectForAllocation done
Event: 11.163 Executing VM operation: G1Concurrent
Event: 11.167 Executing VM operation: G1Concurrent done
Event: 11.186 Executing VM operation: G1Concurrent
Event: 11.187 Executing VM operation: G1Concurrent done
Event: 11.564 Executing VM operation: G1CollectForAllocation
Event: 11.567 Executing VM operation: G1CollectForAllocation done
Event: 11.642 Executing VM operation: G1CollectForAllocation
Event: 11.646 Executing VM operation: G1CollectForAllocation done

Events (20 events):
Event: 11.983 loading class com/sun/jmx/mbeanserver/DynamicMBean2
Event: 11.983 loading class com/sun/jmx/mbeanserver/DynamicMBean2 done
Event: 11.983 loading class com/sun/jmx/interceptor/DefaultMBeanServerInterceptor$ResourceContext
Event: 11.983 loading class com/sun/jmx/mbeanserver/Repository$RegistrationContext
Event: 11.983 loading class com/sun/jmx/mbeanserver/Repository$RegistrationContext done
Event: 11.983 loading class com/sun/jmx/interceptor/DefaultMBeanServerInterceptor$ResourceContext done
Event: 11.983 loading class com/sun/jmx/interceptor/DefaultMBeanServerInterceptor$ResourceContext$1
Event: 11.983 loading class com/sun/jmx/interceptor/DefaultMBeanServerInterceptor$ResourceContext$1 done
Event: 11.983 loading class com/sun/jmx/mbeanserver/NamedObject
Event: 11.983 loading class com/sun/jmx/mbeanserver/NamedObject done
Event: 11.983 loading class javax/management/MBeanServerNotification
Event: 11.983 loading class javax/management/Notification
Event: 11.984 loading class javax/management/Notification done
Event: 11.984 loading class javax/management/MBeanServerNotification done
Event: 11.984 loading class javax/management/ObjectInstance
Event: 11.984 loading class javax/management/ObjectInstance done
Event: 11.984 loading class com/sun/jmx/mbeanserver/JmxMBeanServer$3
Event: 11.984 loading class com/sun/jmx/mbeanserver/JmxMBeanServer$3 done
Event: 11.985 loading class sun/management/RuntimeImpl
Event: 11.985 loading class java/lang/management/RuntimeMXBean


Dynamic libraries:
0x00007ff73f630000 - 0x00007ff73f63a000 	C:\Program Files\Android\Android Studio\jbr\bin\java.exe
0x00007ffd7e1d0000 - 0x00007ffd7e3c8000 	C:\WINDOWS\SYSTEM32\ntdll.dll
0x00007ffd7de30000 - 0x00007ffd7deed000 	C:\WINDOWS\System32\KERNEL32.DLL
0x00007ffd7bc00000 - 0x00007ffd7bef6000 	C:\WINDOWS\System32\KERNELBASE.dll
0x00007ffd7b940000 - 0x00007ffd7ba40000 	C:\WINDOWS\System32\ucrtbase.dll
0x00007ffd26f50000 - 0x00007ffd26f67000 	C:\Program Files\Android\Android Studio\jbr\bin\jli.dll
0x00007ffd76030000 - 0x00007ffd7604b000 	C:\Program Files\Android\Android Studio\jbr\bin\VCRUNTIME140.dll
0x00007ffd7d610000 - 0x00007ffd7d7ae000 	C:\WINDOWS\System32\USER32.dll
0x00007ffd7c200000 - 0x00007ffd7c222000 	C:\WINDOWS\System32\win32u.dll
0x00007ffd7e030000 - 0x00007ffd7e05c000 	C:\WINDOWS\System32\GDI32.dll
0x00007ffd7bf00000 - 0x00007ffd7c01a000 	C:\WINDOWS\System32\gdi32full.dll
0x00007ffd7bb60000 - 0x00007ffd7bbfd000 	C:\WINDOWS\System32\msvcp_win.dll
0x00007ffd61c50000 - 0x00007ffd61eea000 	C:\WINDOWS\WinSxS\amd64_microsoft.windows.common-controls_6595b64144ccf1df_6.0.19041.3636_none_60b6a03d71f818d5\COMCTL32.dll
0x00007ffd7c2f0000 - 0x00007ffd7c38e000 	C:\WINDOWS\System32\msvcrt.dll
0x00007ffd7c930000 - 0x00007ffd7c960000 	C:\WINDOWS\System32\IMM32.DLL
0x00007ffd76150000 - 0x00007ffd7615c000 	C:\Program Files\Android\Android Studio\jbr\bin\vcruntime140_1.dll
0x00007ffd59b40000 - 0x00007ffd59bcd000 	C:\Program Files\Android\Android Studio\jbr\bin\msvcp140.dll
0x00007ffd271a0000 - 0x00007ffd27e0e000 	C:\Program Files\Android\Android Studio\jbr\bin\server\jvm.dll
0x00007ffd7dc50000 - 0x00007ffd7dcff000 	C:\WINDOWS\System32\ADVAPI32.dll
0x00007ffd7d230000 - 0x00007ffd7d2cc000 	C:\WINDOWS\System32\sechost.dll
0x00007ffd7dd00000 - 0x00007ffd7de26000 	C:\WINDOWS\System32\RPCRT4.dll
0x00007ffd57480000 - 0x00007ffd57489000 	C:\WINDOWS\SYSTEM32\WSOCK32.dll
0x00007ffd73fb0000 - 0x00007ffd73fba000 	C:\WINDOWS\SYSTEM32\VERSION.dll
0x00007ffd66420000 - 0x00007ffd66447000 	C:\WINDOWS\SYSTEM32\WINMM.dll
0x00007ffd7d5a0000 - 0x00007ffd7d60b000 	C:\WINDOWS\System32\WS2_32.dll
0x00007ffd7a0c0000 - 0x00007ffd7a0d2000 	C:\WINDOWS\SYSTEM32\kernel.appcore.dll
0x00007ffd44b50000 - 0x00007ffd44b5a000 	C:\Program Files\Android\Android Studio\jbr\bin\jimage.dll
0x00007ffd79460000 - 0x00007ffd79644000 	C:\WINDOWS\SYSTEM32\DBGHELP.DLL
0x00007ffd697c0000 - 0x00007ffd697f4000 	C:\WINDOWS\SYSTEM32\dbgcore.DLL
0x00007ffd7b8b0000 - 0x00007ffd7b932000 	C:\WINDOWS\System32\bcryptPrimitives.dll
0x00007ffd29040000 - 0x00007ffd29065000 	C:\Program Files\Android\Android Studio\jbr\bin\java.dll
0x00007ffd403a0000 - 0x00007ffd403b8000 	C:\Program Files\Android\Android Studio\jbr\bin\zip.dll
0x00007ffd7cac0000 - 0x00007ffd7d204000 	C:\WINDOWS\System32\SHELL32.dll
0x00007ffd79910000 - 0x00007ffd7a0ab000 	C:\WINDOWS\SYSTEM32\windows.storage.dll
0x00007ffd7d7b0000 - 0x00007ffd7db04000 	C:\WINDOWS\System32\combase.dll
0x00007ffd7b220000 - 0x00007ffd7b24d000 	C:\WINDOWS\SYSTEM32\Wldp.dll
0x00007ffd7e0e0000 - 0x00007ffd7e18d000 	C:\WINDOWS\System32\SHCORE.dll
0x00007ffd7ca60000 - 0x00007ffd7cab5000 	C:\WINDOWS\System32\shlwapi.dll
0x00007ffd7b7e0000 - 0x00007ffd7b805000 	C:\WINDOWS\SYSTEM32\profapi.dll
0x00007ffd3a940000 - 0x00007ffd3a959000 	C:\Program Files\Android\Android Studio\jbr\bin\net.dll
0x00007ffd73390000 - 0x00007ffd7349a000 	C:\WINDOWS\SYSTEM32\WINHTTP.dll
0x00007ffd7af30000 - 0x00007ffd7af9a000 	C:\WINDOWS\system32\mswsock.dll
0x00007ffd2a360000 - 0x00007ffd2a376000 	C:\Program Files\Android\Android Studio\jbr\bin\nio.dll
0x00007ffd40200000 - 0x00007ffd40210000 	C:\Program Files\Android\Android Studio\jbr\bin\verify.dll
0x00007ffd44b10000 - 0x00007ffd44b37000 	C:\Users\jupi0\.gradle\native\68d5fa5c4cc2d200863cafc0d521ce42e7d3e7ee720ec0a83991735586a16f82\windows-amd64\native-platform.dll
0x00007ffd506b0000 - 0x00007ffd507f4000 	C:\Users\jupi0\.gradle\native\e376f236ea51e6404a007f0833ffe2c6e607c4080706a723a18a27aeea778392\windows-amd64\native-platform-file-events.dll
0x00007ffd3d060000 - 0x00007ffd3d069000 	C:\Program Files\Android\Android Studio\jbr\bin\management.dll
0x00007ffd3cff0000 - 0x00007ffd3cffb000 	C:\Program Files\Android\Android Studio\jbr\bin\management_ext.dll
0x00007ffd7dc40000 - 0x00007ffd7dc48000 	C:\WINDOWS\System32\PSAPI.DLL
0x00007ffd7b110000 - 0x00007ffd7b128000 	C:\WINDOWS\SYSTEM32\CRYPTSP.dll
0x00007ffd7a870000 - 0x00007ffd7a8a4000 	C:\WINDOWS\system32\rsaenh.dll
0x00007ffd7c070000 - 0x00007ffd7c097000 	C:\WINDOWS\System32\bcrypt.dll
0x00007ffd7b7a0000 - 0x00007ffd7b7ce000 	C:\WINDOWS\SYSTEM32\USERENV.dll
0x00007ffd7b130000 - 0x00007ffd7b13c000 	C:\WINDOWS\SYSTEM32\CRYPTBASE.dll
0x00007ffd7ac40000 - 0x00007ffd7ac7b000 	C:\WINDOWS\SYSTEM32\IPHLPAPI.DLL
0x00007ffd7ca40000 - 0x00007ffd7ca48000 	C:\WINDOWS\System32\NSI.dll
0x00007ffd747f0000 - 0x00007ffd74807000 	C:\WINDOWS\SYSTEM32\dhcpcsvc6.DLL
0x00007ffd74c90000 - 0x00007ffd74cad000 	C:\WINDOWS\SYSTEM32\dhcpcsvc.DLL
0x00007ffd7ac80000 - 0x00007ffd7ad4a000 	C:\WINDOWS\SYSTEM32\DNSAPI.dll
0x00007ffd70cf0000 - 0x00007ffd70cf7000 	C:\WINDOWS\system32\wshunix.dll

dbghelp: loaded successfully - version: 4.0.5 - missing functions: none
symbol engine: initialized successfully - sym options: 0x614 - pdb path: .;C:\Program Files\Android\Android Studio\jbr\bin;C:\WINDOWS\SYSTEM32;C:\WINDOWS\WinSxS\amd64_microsoft.windows.common-controls_6595b64144ccf1df_6.0.19041.3636_none_60b6a03d71f818d5;C:\Program Files\Android\Android Studio\jbr\bin\server;C:\Users\jupi0\.gradle\native\68d5fa5c4cc2d200863cafc0d521ce42e7d3e7ee720ec0a83991735586a16f82\windows-amd64;C:\Users\jupi0\.gradle\native\e376f236ea51e6404a007f0833ffe2c6e607c4080706a723a18a27aeea778392\windows-amd64

VM Arguments:
jvm_args: --add-opens=java.base/java.util=ALL-UNNAMED --add-opens=java.base/java.lang=ALL-UNNAMED --add-opens=java.base/java.lang.invoke=ALL-UNNAMED --add-opens=java.prefs/java.util.prefs=ALL-UNNAMED --add-opens=java.base/java.nio.charset=ALL-UNNAMED --add-opens=java.base/java.net=ALL-UNNAMED --add-opens=java.base/java.util.concurrent.atomic=ALL-UNNAMED -Xmx2048m -Dfile.encoding=UTF-8 -Duser.country=KR -Duser.language=ko -Duser.variant 
java_command: org.gradle.launcher.daemon.bootstrap.GradleDaemon 8.0
java_class_path (initial): C:\Users\jupi0\.gradle\wrapper\dists\gradle-8.0-bin\ca5e32bp14vu59qr306oxotwh\gradle-8.0\lib\gradle-launcher-8.0.jar
Launcher Type: SUN_STANDARD

[Global flags]
     intx CICompilerCount                          = 4                                         {product} {ergonomic}
     uint ConcGCThreads                            = 2                                         {product} {ergonomic}
     uint G1ConcRefinementThreads                  = 8                                         {product} {ergonomic}
   size_t G1HeapRegionSize                         = 1048576                                   {product} {ergonomic}
    uintx GCDrainStackTargetSize                   = 64                                        {product} {ergonomic}
   size_t InitialHeapSize                          = 134217728                                 {product} {ergonomic}
   size_t MarkStackSize                            = 4194304                                   {product} {ergonomic}
   size_t MaxHeapSize                              = 2147483648                                {product} {command line}
   size_t MaxNewSize                               = 1287651328                                {product} {ergonomic}
   size_t MinHeapDeltaBytes                        = 1048576                                   {product} {ergonomic}
   size_t MinHeapSize                              = 8388608                                   {product} {ergonomic}
    uintx NonNMethodCodeHeapSize                   = 5839372                                {pd product} {ergonomic}
    uintx NonProfiledCodeHeapSize                  = 122909434                              {pd product} {ergonomic}
    uintx ProfiledCodeHeapSize                     = 122909434                              {pd product} {ergonomic}
    uintx ReservedCodeCacheSize                    = 251658240                              {pd product} {ergonomic}
     bool SegmentedCodeCache                       = true                                      {product} {ergonomic}
   size_t SoftMaxHeapSize                          = 2147483648                             {manageable} {ergonomic}
     bool UseCompressedClassPointers               = true                           {product lp64_product} {ergonomic}
     bool UseCompressedOops                        = true                           {product lp64_product} {ergonomic}
     bool UseG1GC                                  = true                                      {product} {ergonomic}
     bool UseLargePagesIndividualAllocation        = false                                  {pd product} {ergonomic}

Logging:
Log output configuration:
 #0: stdout all=warning uptime,level,tags
 #1: stderr all=off uptime,level,tags

Environment Variables:
JAVA_HOME=C:\Program Files\Java\jdk1.8.0_161
PATH=C:\Program Files\Common Files\Oracle\Java\javapath;C:\Program Files (x86)\Intel\iCLS Client\;C:\Program Files\Intel\iCLS Client\;C:\ProgramData\Oracle\Java\javapath;C:\WINDOWS\system32;C:\WINDOWS;C:\WINDOWS\System32\Wbem;C:\WINDOWS\System32\WindowsPowerShell\v1.0\;C:\Program Files (x86)\Windows Live\Shared;C:\Program Files\Java\jdk1.8.0_161\bin;;C:\Program Files (x86)\Common Files\Teruten\DSFilter;C:\WINDOWS\System32\OpenSSH\;C:\Program Files (x86)\Intel\Intel(R) Management Engine Components\DAL;C:\Program Files\Intel\Intel(R) Management Engine Components\DAL;C:\Program Files (x86)\Intel\Intel(R) Management Engine Components\IPT;C:\Program Files\Intel\Intel(R) Management Engine Components\IPT;C:\Program Files (x86)\NVIDIA Corporation\PhysX\Common;C:\WINDOWS\system32;C:\WINDOWS;C:\WINDOWS\System32\Wbem;C:\WINDOWS\System32\WindowsPowerShell\v1.0\;C:\WINDOWS\System32\OpenSSH\;C:\Program Files\NVIDIA Corporation\NVIDIA NvDLISR;C:\Users\jupi0\AppData\Local\Programs\Python\Python38\Scripts\;C:\Users\jupi0\AppData\Local\Programs\Python\Python38\;C:\Users\jupi0\AppData\Local\Programs\Python\Python36\Scripts\;C:\Users\jupi0\AppData\Local\Programs\Python\Python36\;C:\Python36;C:\Users\jupi0\AppData\Local\Microsoft\WindowsApps;C:\Program Files\Bandizip\;;C:\Users\jupi0\AppData\Local\Programs\Microsoft VS Code\bin;C:\Program Files\JetBrains\PyCharm Community Edition 2023.2.1\bin;
USERNAME=jupi0
OS=Windows_NT
PROCESSOR_IDENTIFIER=Intel64 Family 6 Model 158 Stepping 9, GenuineIntel
TMP=C:\Users\jupi0\AppData\Local\Temp
TEMP=C:\Users\jupi0\AppData\Local\Temp


JNI global refs:
JNI global refs: 26, weak refs: 7

JNI global refs memory usage: 843, weak refs: 841


---------------  S Y S T E M  ---------------

OS:
 Windows 10 , 64 bit Build 19041 (10.0.19041.3636)
OS uptime: 0 days 5:23 hours
Hyper-V role detected

CPU: total 8 (initial active 8) (4 cores per cpu, 2 threads per core) family 6 model 158 stepping 9 microcode 0xb4, cx8, cmov, fxsr, ht, mmx, 3dnowpref, sse, sse2, sse3, ssse3, sse4.1, sse4.2, popcnt, lzcnt, tsc, tscinvbit, avx, avx2, aes, erms, clmul, bmi1, bmi2, adx, fma, vzeroupper, clflush, clflushopt, hv

Memory: 4k page, system-wide physical 8084M (483M free)
TotalPageFile size 32660M (AvailPageFile size 0M)
current process WorkingSet (physical memory assigned to process): 287M, peak: 288M
current process commit charge ("private bytes"): 323M, peak: 326M

vm_info: OpenJDK 64-Bit Server VM (17.0.6+0-b2043.56-10027231) for windows-amd64 JRE (17.0.6+0-b2043.56-10027231), built on Apr 28 2023 00:43:19 by "androidbuild" with MS VC++ 16.10 / 16.11 (VS2019)

END.
